

================================================================
== Vivado HLS Report for 'honeybee'
================================================================
* Date:           Sun Mar 29 19:54:59 2020

* Version:        2019.2 (Build 2704478 on Wed Nov 06 22:10:23 MST 2019)
* Project:        honeybee_proj
* Solution:       HBB
* Product family: zynq
* Target device:  xc7z030i-fbg484-2L


================================================================
== Performance Estimates
================================================================
+ Timing: 
    * Summary: 
    +--------+----------+----------+------------+
    |  Clock |  Target  | Estimated| Uncertainty|
    +--------+----------+----------+------------+
    |ap_clk  | 10.00 ns | 9.519 ns |   1.25 ns  |
    +--------+----------+----------+------------+

+ Latency: 
    * Summary: 
    +---------+---------+----------+----------+-----+-----+---------+
    |  Latency (cycles) |  Latency (absolute) |  Interval | Pipeline|
    |   min   |   max   |    min   |    max   | min | max |   Type  |
    +---------+---------+----------+----------+-----+-----+---------+
    |      226|      226| 2.260 us | 2.260 us |  226|  226|   none  |
    +---------+---------+----------+----------+-----+-----+---------+

    + Detail: 
        * Instance: 
        +----------------------+-----------+---------+---------+----------+----------+-----+-----+---------+
        |                      |           |  Latency (cycles) |  Latency (absolute) |  Interval | Pipeline|
        |       Instance       |   Module  |   min   |   max   |    min   |    max   | min | max |   Type  |
        +----------------------+-----------+---------+---------+----------+----------+-----+-----+---------+
        |grp_checkAxis_fu_66   |checkAxis  |      225|      225| 2.250 us | 2.250 us |  225|  225|   none  |
        |grp_checkAxis_fu_84   |checkAxis  |      225|      225| 2.250 us | 2.250 us |  225|  225|   none  |
        |grp_checkAxis_fu_102  |checkAxis  |      225|      225| 2.250 us | 2.250 us |  225|  225|   none  |
        +----------------------+-----------+---------+---------+----------+----------+-----+-----+---------+

        * Loop: 
        N/A



================================================================
== Utilization Estimates
================================================================
* Summary: 
+-----------------+---------+-------+--------+-------+-----+
|       Name      | BRAM_18K| DSP48E|   FF   |  LUT  | URAM|
+-----------------+---------+-------+--------+-------+-----+
|DSP              |        -|      -|       -|      -|    -|
|Expression       |        -|      -|       0|    129|    -|
|FIFO             |        -|      -|       -|      -|    -|
|Instance         |        -|     45|   11028|  31407|    -|
|Memory           |        -|      -|       -|      -|    -|
|Multiplexer      |        -|      -|       -|      3|    -|
|Register         |        -|      -|       5|      -|    -|
+-----------------+---------+-------+--------+-------+-----+
|Total            |        0|     45|   11033|  31539|    0|
+-----------------+---------+-------+--------+-------+-----+
|Available        |      530|    400|  157200|  78600|    0|
+-----------------+---------+-------+--------+-------+-----+
|Utilization (%)  |        0|     11|       7|     40|    0|
+-----------------+---------+-------+--------+-------+-----+

+ Detail: 
    * Instance: 
    +----------------------+-----------+---------+-------+------+-------+-----+
    |       Instance       |   Module  | BRAM_18K| DSP48E|  FF  |  LUT  | URAM|
    +----------------------+-----------+---------+-------+------+-------+-----+
    |grp_checkAxis_fu_66   |checkAxis  |        0|     15|  3676|  10469|    0|
    |grp_checkAxis_fu_84   |checkAxis  |        0|     15|  3676|  10469|    0|
    |grp_checkAxis_fu_102  |checkAxis  |        0|     15|  3676|  10469|    0|
    +----------------------+-----------+---------+-------+------+-------+-----+
    |Total                 |           |        0|     45| 11028|  31407|    0|
    +----------------------+-----------+---------+-------+------+-------+-----+

    * DSP48E: 
    N/A

    * Memory: 
    N/A

    * FIFO: 
    N/A

    * Expression: 
    +---------------------------------+----------+-------+---+----+------------+------------+
    |          Variable Name          | Operation| DSP48E| FF| LUT| Bitwidth P0| Bitwidth P1|
    +---------------------------------+----------+-------+---+----+------------+------------+
    |ap_block_state2_on_subcall_done  |    or    |      0|  0|   1|           1|           1|
    |ap_return                        |    or    |      0|  0|  64|          64|          64|
    |or_ln153_fu_120_p2               |    or    |      0|  0|  64|          64|          64|
    +---------------------------------+----------+-------+---+----+------------+------------+
    |Total                            |          |      0|  0| 129|         129|         129|
    +---------------------------------+----------+-------+---+----+------------+------------+

    * Multiplexer: 
    +-----------+----+-----------+-----+-----------+
    |    Name   | LUT| Input Size| Bits| Total Bits|
    +-----------+----+-----------+-----+-----------+
    |ap_NS_fsm  |   3|          3|    1|          3|
    +-----------+----+-----------+-----+-----------+
    |Total      |   3|          3|    1|          3|
    +-----------+----+-----------+-----+-----------+

    * Register: 
    +-----------------------------------+---+----+-----+-----------+
    |                Name               | FF| LUT| Bits| Const Bits|
    +-----------------------------------+---+----+-----+-----------+
    |ap_CS_fsm                          |  2|   0|    2|          0|
    |grp_checkAxis_fu_102_ap_start_reg  |  1|   0|    1|          0|
    |grp_checkAxis_fu_66_ap_start_reg   |  1|   0|    1|          0|
    |grp_checkAxis_fu_84_ap_start_reg   |  1|   0|    1|          0|
    +-----------------------------------+---+----+-----+-----------+
    |Total                              |  5|   0|    5|          0|
    +-----------------------------------+---+----+-----+-----------+



================================================================
== Interface
================================================================
* Summary: 
+-----------+-----+-----+------------+--------------+--------------+
| RTL Ports | Dir | Bits|  Protocol  | Source Object|    C Type    |
+-----------+-----+-----+------------+--------------+--------------+
|ap_clk     |  in |    1| ap_ctrl_hs |   honeybee   | return value |
|ap_rst     |  in |    1| ap_ctrl_hs |   honeybee   | return value |
|ap_start   |  in |    1| ap_ctrl_hs |   honeybee   | return value |
|ap_done    | out |    1| ap_ctrl_hs |   honeybee   | return value |
|ap_idle    | out |    1| ap_ctrl_hs |   honeybee   | return value |
|ap_ready   | out |    1| ap_ctrl_hs |   honeybee   | return value |
|ap_return  | out |   64| ap_ctrl_hs |   honeybee   | return value |
|edge_p1_x  |  in |   32|   ap_none  |   edge_p1_x  |    scalar    |
|edge_p1_y  |  in |   32|   ap_none  |   edge_p1_y  |    scalar    |
|edge_p1_z  |  in |   32|   ap_none  |   edge_p1_z  |    scalar    |
|edge_p2_x  |  in |   32|   ap_none  |   edge_p2_x  |    scalar    |
|edge_p2_y  |  in |   32|   ap_none  |   edge_p2_y  |    scalar    |
|edge_p2_z  |  in |   32|   ap_none  |   edge_p2_z  |    scalar    |
+-----------+-----+-----+------------+--------------+--------------+

============================================================
+ Verbose Summary: Synthesis Manager
============================================================
InlineROM: 1
ExposeGlobal: 0
============================================================
+ Verbose Summary: CDFG Model
============================================================
IsTopModel: 1
ResetActiveHigh: 1
IsCombinational: 2
IsDatapathOnly: 2
HasWiredReturn: 1
HasMFsm: 0
HasVarLatency: 1
IsPipeline: 0
IsRtlPipelined: 0
IsInstanceOverlapped: 0
IsDontTouch: 0
HasImplIP: 0
IsGatedGlobalClock: 0


============================================================
+ Verbose Summary: Schedule
============================================================
* Number of FSM states : 2
* Pipeline : 0
* Dataflow Pipeline: 0

* FSM state transitions: 
1 --> 2 
2 --> 

* FSM state operations: 

State 1 <SV = 0> <Delay = 8.75>
ST_1 : Operation 3 [1/1] (0.00ns)   --->   "%edge_p2_z_read = call float @_ssdm_op_Read.ap_auto.float(float %edge_p2_z)" [src/honeybee.c:142]   --->   Operation 3 'read' 'edge_p2_z_read' <Predicate = true> <Delay = 0.00>
ST_1 : Operation 4 [1/1] (0.00ns)   --->   "%edge_p2_y_read = call float @_ssdm_op_Read.ap_auto.float(float %edge_p2_y)" [src/honeybee.c:142]   --->   Operation 4 'read' 'edge_p2_y_read' <Predicate = true> <Delay = 0.00>
ST_1 : Operation 5 [1/1] (0.00ns)   --->   "%edge_p2_x_read = call float @_ssdm_op_Read.ap_auto.float(float %edge_p2_x)" [src/honeybee.c:142]   --->   Operation 5 'read' 'edge_p2_x_read' <Predicate = true> <Delay = 0.00>
ST_1 : Operation 6 [1/1] (0.00ns)   --->   "%edge_p1_z_read = call float @_ssdm_op_Read.ap_auto.float(float %edge_p1_z)" [src/honeybee.c:142]   --->   Operation 6 'read' 'edge_p1_z_read' <Predicate = true> <Delay = 0.00>
ST_1 : Operation 7 [1/1] (0.00ns)   --->   "%edge_p1_y_read = call float @_ssdm_op_Read.ap_auto.float(float %edge_p1_y)" [src/honeybee.c:142]   --->   Operation 7 'read' 'edge_p1_y_read' <Predicate = true> <Delay = 0.00>
ST_1 : Operation 8 [1/1] (0.00ns)   --->   "%edge_p1_x_read = call float @_ssdm_op_Read.ap_auto.float(float %edge_p1_x)" [src/honeybee.c:142]   --->   Operation 8 'read' 'edge_p1_x_read' <Predicate = true> <Delay = 0.00>
ST_1 : Operation 9 [2/2] (8.75ns)   --->   "%collisions_z = call fastcc i64 @checkAxis(i4 0, float %edge_p1_x_read, float %edge_p1_y_read, float %edge_p1_z_read, float %edge_p2_x_read, float %edge_p2_y_read, float %edge_p2_z_read)" [src/honeybee.c:149]   --->   Operation 9 'call' 'collisions_z' <Predicate = true> <Delay = 8.75> <CoreType = "Generic">   --->   Core 0 '' <Latency = 0> <II = 1> <Delay = 1.00> <Generic> <Opcode : >
ST_1 : Operation 10 [2/2] (8.75ns)   --->   "%collisions_y = call fastcc i64 @checkAxis(i4 1, float %edge_p1_x_read, float %edge_p1_z_read, float %edge_p1_y_read, float %edge_p2_x_read, float %edge_p2_z_read, float %edge_p2_y_read)" [src/honeybee.c:150]   --->   Operation 10 'call' 'collisions_y' <Predicate = true> <Delay = 8.75> <CoreType = "Generic">   --->   Core 0 '' <Latency = 0> <II = 1> <Delay = 1.00> <Generic> <Opcode : >
ST_1 : Operation 11 [2/2] (8.75ns)   --->   "%collisions_x = call fastcc i64 @checkAxis(i4 2, float %edge_p1_z_read, float %edge_p1_y_read, float %edge_p1_x_read, float %edge_p2_z_read, float %edge_p2_y_read, float %edge_p2_x_read)" [src/honeybee.c:151]   --->   Operation 11 'call' 'collisions_x' <Predicate = true> <Delay = 8.75> <CoreType = "Generic">   --->   Core 0 '' <Latency = 0> <II = 1> <Delay = 1.00> <Generic> <Opcode : >

State 2 <SV = 1> <Delay = 0.80>
ST_2 : Operation 12 [1/1] (0.00ns)   --->   "call void (...)* @_ssdm_op_SpecBitsMap(float %edge_p1_x), !map !39"   --->   Operation 12 'specbitsmap' <Predicate = true> <Delay = 0.00>
ST_2 : Operation 13 [1/1] (0.00ns)   --->   "call void (...)* @_ssdm_op_SpecBitsMap(float %edge_p1_y), !map !45"   --->   Operation 13 'specbitsmap' <Predicate = true> <Delay = 0.00>
ST_2 : Operation 14 [1/1] (0.00ns)   --->   "call void (...)* @_ssdm_op_SpecBitsMap(float %edge_p1_z), !map !49"   --->   Operation 14 'specbitsmap' <Predicate = true> <Delay = 0.00>
ST_2 : Operation 15 [1/1] (0.00ns)   --->   "call void (...)* @_ssdm_op_SpecBitsMap(float %edge_p2_x), !map !53"   --->   Operation 15 'specbitsmap' <Predicate = true> <Delay = 0.00>
ST_2 : Operation 16 [1/1] (0.00ns)   --->   "call void (...)* @_ssdm_op_SpecBitsMap(float %edge_p2_y), !map !57"   --->   Operation 16 'specbitsmap' <Predicate = true> <Delay = 0.00>
ST_2 : Operation 17 [1/1] (0.00ns)   --->   "call void (...)* @_ssdm_op_SpecBitsMap(float %edge_p2_z), !map !61"   --->   Operation 17 'specbitsmap' <Predicate = true> <Delay = 0.00>
ST_2 : Operation 18 [1/1] (0.00ns)   --->   "call void (...)* @_ssdm_op_SpecBitsMap(i64 0) nounwind, !map !65"   --->   Operation 18 'specbitsmap' <Predicate = true> <Delay = 0.00>
ST_2 : Operation 19 [1/1] (0.00ns)   --->   "call void (...)* @_ssdm_op_SpecTopModule([9 x i8]* @honeybee_str) nounwind"   --->   Operation 19 'spectopmodule' <Predicate = true> <Delay = 0.00>
ST_2 : Operation 20 [1/2] (0.00ns)   --->   "%collisions_z = call fastcc i64 @checkAxis(i4 0, float %edge_p1_x_read, float %edge_p1_y_read, float %edge_p1_z_read, float %edge_p2_x_read, float %edge_p2_y_read, float %edge_p2_z_read)" [src/honeybee.c:149]   --->   Operation 20 'call' 'collisions_z' <Predicate = true> <Delay = 0.00> <CoreType = "Generic">   --->   Core 0 '' <Latency = 0> <II = 1> <Delay = 1.00> <Generic> <Opcode : >
ST_2 : Operation 21 [1/2] (0.00ns)   --->   "%collisions_y = call fastcc i64 @checkAxis(i4 1, float %edge_p1_x_read, float %edge_p1_z_read, float %edge_p1_y_read, float %edge_p2_x_read, float %edge_p2_z_read, float %edge_p2_y_read)" [src/honeybee.c:150]   --->   Operation 21 'call' 'collisions_y' <Predicate = true> <Delay = 0.00> <CoreType = "Generic">   --->   Core 0 '' <Latency = 0> <II = 1> <Delay = 1.00> <Generic> <Opcode : >
ST_2 : Operation 22 [1/2] (0.00ns)   --->   "%collisions_x = call fastcc i64 @checkAxis(i4 2, float %edge_p1_z_read, float %edge_p1_y_read, float %edge_p1_x_read, float %edge_p2_z_read, float %edge_p2_y_read, float %edge_p2_x_read)" [src/honeybee.c:151]   --->   Operation 22 'call' 'collisions_x' <Predicate = true> <Delay = 0.00> <CoreType = "Generic">   --->   Core 0 '' <Latency = 0> <II = 1> <Delay = 1.00> <Generic> <Opcode : >
ST_2 : Operation 23 [1/1] (0.00ns) (grouped into LUT with out node collisions)   --->   "%or_ln153 = or i64 %collisions_z, %collisions_x" [src/honeybee.c:153]   --->   Operation 23 'or' 'or_ln153' <Predicate = true> <Delay = 0.00> <Core = "LogicGate">   --->   Core 27 'LogicGate' <Latency = 0> <II = 1> <Delay = 0.80> <FuncUnit> <Opcode : 'and' 'or' 'xor'> <InPorts = 2> <OutPorts = 1>
ST_2 : Operation 24 [1/1] (0.80ns) (out node of the LUT)   --->   "%collisions = or i64 %or_ln153, %collisions_y" [src/honeybee.c:153]   --->   Operation 24 'or' 'collisions' <Predicate = true> <Delay = 0.80> <Core = "LogicGate">   --->   Core 27 'LogicGate' <Latency = 0> <II = 1> <Delay = 0.80> <FuncUnit> <Opcode : 'and' 'or' 'xor'> <InPorts = 2> <OutPorts = 1>
ST_2 : Operation 25 [1/1] (0.00ns)   --->   "ret i64 %collisions" [src/honeybee.c:154]   --->   Operation 25 'ret' <Predicate = true> <Delay = 0.00>


============================================================
+ Verbose Summary: Binding
============================================================
STG Binding: 
---------------- STG Properties BEGIN ----------------
- Is combinational: 0
- Is one-state seq: 0
- Is datapath-only: 0
- Is pipelined: 0
- Is top level: 1
Port [ Return ] is wired: 1; IO mode=ap_ctrl_hs:ce=0
Port [ edge_p1_x]:  wired=1; compound=0; hidden=0; nouse=0; global=0; static=0; extern=0; dir=0; type=0; pingpong=0; private_global=0; IO mode=ap_none:ce=0
Port [ edge_p1_y]:  wired=1; compound=0; hidden=0; nouse=0; global=0; static=0; extern=0; dir=0; type=0; pingpong=0; private_global=0; IO mode=ap_none:ce=0
Port [ edge_p1_z]:  wired=1; compound=0; hidden=0; nouse=0; global=0; static=0; extern=0; dir=0; type=0; pingpong=0; private_global=0; IO mode=ap_none:ce=0
Port [ edge_p2_x]:  wired=1; compound=0; hidden=0; nouse=0; global=0; static=0; extern=0; dir=0; type=0; pingpong=0; private_global=0; IO mode=ap_none:ce=0
Port [ edge_p2_y]:  wired=1; compound=0; hidden=0; nouse=0; global=0; static=0; extern=0; dir=0; type=0; pingpong=0; private_global=0; IO mode=ap_none:ce=0
Port [ edge_p2_z]:  wired=1; compound=0; hidden=0; nouse=0; global=0; static=0; extern=0; dir=0; type=0; pingpong=0; private_global=0; IO mode=ap_none:ce=0
---------------- STG Properties END ------------------

---------------- Datapath Model BEGIN ----------------

<LifeTime>
<method=bitvector/>
edge_p2_z_read    (read         ) [ 001]
edge_p2_y_read    (read         ) [ 001]
edge_p2_x_read    (read         ) [ 001]
edge_p1_z_read    (read         ) [ 001]
edge_p1_y_read    (read         ) [ 001]
edge_p1_x_read    (read         ) [ 001]
specbitsmap_ln0   (specbitsmap  ) [ 000]
specbitsmap_ln0   (specbitsmap  ) [ 000]
specbitsmap_ln0   (specbitsmap  ) [ 000]
specbitsmap_ln0   (specbitsmap  ) [ 000]
specbitsmap_ln0   (specbitsmap  ) [ 000]
specbitsmap_ln0   (specbitsmap  ) [ 000]
specbitsmap_ln0   (specbitsmap  ) [ 000]
spectopmodule_ln0 (spectopmodule) [ 000]
collisions_z      (call         ) [ 000]
collisions_y      (call         ) [ 000]
collisions_x      (call         ) [ 000]
or_ln153          (or           ) [ 000]
collisions        (or           ) [ 000]
ret_ln154         (ret          ) [ 000]
</LifeTime>

<model>

<comp_list>
<comp id="0" class="1000" name="edge_p1_x">
<pin_list>
<pin id="1" dir="1" index="0" bw="1" slack="0"/>
</pin_list>
<bind>
<StgValue><ssdm name="edge_p1_x"/></StgValue>
</bind>
</comp>

<comp id="2" class="1000" name="edge_p1_y">
<pin_list>
<pin id="3" dir="1" index="0" bw="1" slack="0"/>
</pin_list>
<bind>
<StgValue><ssdm name="edge_p1_y"/></StgValue>
</bind>
</comp>

<comp id="4" class="1000" name="edge_p1_z">
<pin_list>
<pin id="5" dir="1" index="0" bw="1" slack="0"/>
</pin_list>
<bind>
<StgValue><ssdm name="edge_p1_z"/></StgValue>
</bind>
</comp>

<comp id="6" class="1000" name="edge_p2_x">
<pin_list>
<pin id="7" dir="1" index="0" bw="1" slack="0"/>
</pin_list>
<bind>
<StgValue><ssdm name="edge_p2_x"/></StgValue>
</bind>
</comp>

<comp id="8" class="1000" name="edge_p2_y">
<pin_list>
<pin id="9" dir="1" index="0" bw="1" slack="0"/>
</pin_list>
<bind>
<StgValue><ssdm name="edge_p2_y"/></StgValue>
</bind>
</comp>

<comp id="10" class="1000" name="edge_p2_z">
<pin_list>
<pin id="11" dir="1" index="0" bw="1" slack="0"/>
</pin_list>
<bind>
<StgValue><ssdm name="edge_p2_z"/></StgValue>
</bind>
</comp>

<comp id="12" class="1001" name="const_12">
<pin_list>
<pin id="13" dir="1" index="0" bw="1" slack="0"/>
</pin_list>
<bind>
<StgValue><ssdm name="_ssdm_op_Read.ap_auto.float"/></StgValue>
</bind>
</comp>

<comp id="14" class="1001" name="const_14">
<pin_list>
<pin id="15" dir="1" index="0" bw="1" slack="0"/>
</pin_list>
<bind>
<StgValue><ssdm name="checkAxis"/></StgValue>
</bind>
</comp>

<comp id="16" class="1001" name="const_16">
<pin_list>
<pin id="17" dir="1" index="0" bw="1" slack="0"/>
</pin_list>
<bind>
<StgValue><ssdm name=""/></StgValue>
</bind>
</comp>

<comp id="18" class="1001" name="const_18">
<pin_list>
<pin id="19" dir="1" index="0" bw="1" slack="0"/>
</pin_list>
<bind>
<StgValue><ssdm name=""/></StgValue>
</bind>
</comp>

<comp id="20" class="1001" name="const_20">
<pin_list>
<pin id="21" dir="1" index="0" bw="1" slack="0"/>
</pin_list>
<bind>
<StgValue><ssdm name=""/></StgValue>
</bind>
</comp>

<comp id="22" class="1001" name="const_22">
<pin_list>
<pin id="23" dir="1" index="0" bw="1" slack="2147483647"/>
</pin_list>
<bind>
<StgValue><ssdm name="_ssdm_op_SpecBitsMap"/></StgValue>
</bind>
</comp>

<comp id="24" class="1001" name="const_24">
<pin_list>
<pin id="25" dir="1" index="0" bw="1" slack="2147483647"/>
</pin_list>
<bind>
<StgValue><ssdm name=""/></StgValue>
</bind>
</comp>

<comp id="26" class="1001" name="const_26">
<pin_list>
<pin id="27" dir="1" index="0" bw="1" slack="2147483647"/>
</pin_list>
<bind>
<StgValue><ssdm name="_ssdm_op_SpecTopModule"/></StgValue>
</bind>
</comp>

<comp id="28" class="1001" name="const_28">
<pin_list>
<pin id="29" dir="1" index="0" bw="1" slack="2147483647"/>
</pin_list>
<bind>
<StgValue><ssdm name="honeybee_str"/></StgValue>
</bind>
</comp>

<comp id="30" class="1004" name="edge_p2_z_read_read_fu_30">
<pin_list>
<pin id="31" dir="0" index="0" bw="32" slack="0"/>
<pin id="32" dir="0" index="1" bw="32" slack="0"/>
<pin id="33" dir="1" index="2" bw="32" slack="0"/>
</pin_list>
<bind>
<opcode="read(1150) " fcode="read"/>
<opset="edge_p2_z_read/1 "/>
</bind>
</comp>

<comp id="36" class="1004" name="edge_p2_y_read_read_fu_36">
<pin_list>
<pin id="37" dir="0" index="0" bw="32" slack="0"/>
<pin id="38" dir="0" index="1" bw="32" slack="0"/>
<pin id="39" dir="1" index="2" bw="32" slack="0"/>
</pin_list>
<bind>
<opcode="read(1150) " fcode="read"/>
<opset="edge_p2_y_read/1 "/>
</bind>
</comp>

<comp id="42" class="1004" name="edge_p2_x_read_read_fu_42">
<pin_list>
<pin id="43" dir="0" index="0" bw="32" slack="0"/>
<pin id="44" dir="0" index="1" bw="32" slack="0"/>
<pin id="45" dir="1" index="2" bw="32" slack="0"/>
</pin_list>
<bind>
<opcode="read(1150) " fcode="read"/>
<opset="edge_p2_x_read/1 "/>
</bind>
</comp>

<comp id="48" class="1004" name="edge_p1_z_read_read_fu_48">
<pin_list>
<pin id="49" dir="0" index="0" bw="32" slack="0"/>
<pin id="50" dir="0" index="1" bw="32" slack="0"/>
<pin id="51" dir="1" index="2" bw="32" slack="0"/>
</pin_list>
<bind>
<opcode="read(1150) " fcode="read"/>
<opset="edge_p1_z_read/1 "/>
</bind>
</comp>

<comp id="54" class="1004" name="edge_p1_y_read_read_fu_54">
<pin_list>
<pin id="55" dir="0" index="0" bw="32" slack="0"/>
<pin id="56" dir="0" index="1" bw="32" slack="0"/>
<pin id="57" dir="1" index="2" bw="32" slack="0"/>
</pin_list>
<bind>
<opcode="read(1150) " fcode="read"/>
<opset="edge_p1_y_read/1 "/>
</bind>
</comp>

<comp id="60" class="1004" name="edge_p1_x_read_read_fu_60">
<pin_list>
<pin id="61" dir="0" index="0" bw="32" slack="0"/>
<pin id="62" dir="0" index="1" bw="32" slack="0"/>
<pin id="63" dir="1" index="2" bw="32" slack="0"/>
</pin_list>
<bind>
<opcode="read(1150) " fcode="read"/>
<opset="edge_p1_x_read/1 "/>
</bind>
</comp>

<comp id="66" class="1004" name="grp_checkAxis_fu_66">
<pin_list>
<pin id="67" dir="0" index="0" bw="64" slack="0"/>
<pin id="68" dir="0" index="1" bw="1" slack="0"/>
<pin id="69" dir="0" index="2" bw="32" slack="0"/>
<pin id="70" dir="0" index="3" bw="32" slack="0"/>
<pin id="71" dir="0" index="4" bw="32" slack="0"/>
<pin id="72" dir="0" index="5" bw="32" slack="0"/>
<pin id="73" dir="0" index="6" bw="32" slack="0"/>
<pin id="74" dir="0" index="7" bw="32" slack="0"/>
<pin id="75" dir="1" index="8" bw="64" slack="0"/>
</pin_list>
<bind>
<opcode="call(48) " fcode="call"/>
<opset="collisions_z/1 "/>
</bind>
</comp>

<comp id="84" class="1004" name="grp_checkAxis_fu_84">
<pin_list>
<pin id="85" dir="0" index="0" bw="64" slack="0"/>
<pin id="86" dir="0" index="1" bw="1" slack="0"/>
<pin id="87" dir="0" index="2" bw="32" slack="0"/>
<pin id="88" dir="0" index="3" bw="32" slack="0"/>
<pin id="89" dir="0" index="4" bw="32" slack="0"/>
<pin id="90" dir="0" index="5" bw="32" slack="0"/>
<pin id="91" dir="0" index="6" bw="32" slack="0"/>
<pin id="92" dir="0" index="7" bw="32" slack="0"/>
<pin id="93" dir="1" index="8" bw="64" slack="0"/>
</pin_list>
<bind>
<opcode="call(48) " fcode="call"/>
<opset="collisions_y/1 "/>
</bind>
</comp>

<comp id="102" class="1004" name="grp_checkAxis_fu_102">
<pin_list>
<pin id="103" dir="0" index="0" bw="64" slack="0"/>
<pin id="104" dir="0" index="1" bw="3" slack="0"/>
<pin id="105" dir="0" index="2" bw="32" slack="0"/>
<pin id="106" dir="0" index="3" bw="32" slack="0"/>
<pin id="107" dir="0" index="4" bw="32" slack="0"/>
<pin id="108" dir="0" index="5" bw="32" slack="0"/>
<pin id="109" dir="0" index="6" bw="32" slack="0"/>
<pin id="110" dir="0" index="7" bw="32" slack="0"/>
<pin id="111" dir="1" index="8" bw="64" slack="0"/>
</pin_list>
<bind>
<opcode="call(48) " fcode="call"/>
<opset="collisions_x/1 "/>
</bind>
</comp>

<comp id="120" class="1004" name="or_ln153_fu_120">
<pin_list>
<pin id="121" dir="0" index="0" bw="64" slack="0"/>
<pin id="122" dir="0" index="1" bw="64" slack="0"/>
<pin id="123" dir="1" index="2" bw="64" slack="0"/>
</pin_list>
<bind>
<opcode="or(24) " fcode="or"/>
<opset="or_ln153/2 "/>
</bind>
</comp>

<comp id="126" class="1004" name="collisions_fu_126">
<pin_list>
<pin id="127" dir="0" index="0" bw="64" slack="0"/>
<pin id="128" dir="0" index="1" bw="64" slack="0"/>
<pin id="129" dir="1" index="2" bw="64" slack="2147483647"/>
</pin_list>
<bind>
<opcode="or(24) " fcode="or"/>
<opset="collisions/2 "/>
</bind>
</comp>

<comp id="132" class="1005" name="edge_p2_z_read_reg_132">
<pin_list>
<pin id="133" dir="0" index="0" bw="32" slack="1"/>
<pin id="134" dir="1" index="1" bw="32" slack="1"/>
</pin_list>
<bind>
<opset="edge_p2_z_read "/>
</bind>
</comp>

<comp id="139" class="1005" name="edge_p2_y_read_reg_139">
<pin_list>
<pin id="140" dir="0" index="0" bw="32" slack="1"/>
<pin id="141" dir="1" index="1" bw="32" slack="1"/>
</pin_list>
<bind>
<opset="edge_p2_y_read "/>
</bind>
</comp>

<comp id="146" class="1005" name="edge_p2_x_read_reg_146">
<pin_list>
<pin id="147" dir="0" index="0" bw="32" slack="1"/>
<pin id="148" dir="1" index="1" bw="32" slack="1"/>
</pin_list>
<bind>
<opset="edge_p2_x_read "/>
</bind>
</comp>

<comp id="153" class="1005" name="edge_p1_z_read_reg_153">
<pin_list>
<pin id="154" dir="0" index="0" bw="32" slack="1"/>
<pin id="155" dir="1" index="1" bw="32" slack="1"/>
</pin_list>
<bind>
<opset="edge_p1_z_read "/>
</bind>
</comp>

<comp id="160" class="1005" name="edge_p1_y_read_reg_160">
<pin_list>
<pin id="161" dir="0" index="0" bw="32" slack="1"/>
<pin id="162" dir="1" index="1" bw="32" slack="1"/>
</pin_list>
<bind>
<opset="edge_p1_y_read "/>
</bind>
</comp>

<comp id="167" class="1005" name="edge_p1_x_read_reg_167">
<pin_list>
<pin id="168" dir="0" index="0" bw="32" slack="1"/>
<pin id="169" dir="1" index="1" bw="32" slack="1"/>
</pin_list>
<bind>
<opset="edge_p1_x_read "/>
</bind>
</comp>

</comp_list>

<net_list>
<net id="34"><net_src comp="12" pin="0"/><net_sink comp="30" pin=0"/></net>

<net id="35"><net_src comp="10" pin="0"/><net_sink comp="30" pin=1"/></net>

<net id="40"><net_src comp="12" pin="0"/><net_sink comp="36" pin=0"/></net>

<net id="41"><net_src comp="8" pin="0"/><net_sink comp="36" pin=1"/></net>

<net id="46"><net_src comp="12" pin="0"/><net_sink comp="42" pin=0"/></net>

<net id="47"><net_src comp="6" pin="0"/><net_sink comp="42" pin=1"/></net>

<net id="52"><net_src comp="12" pin="0"/><net_sink comp="48" pin=0"/></net>

<net id="53"><net_src comp="4" pin="0"/><net_sink comp="48" pin=1"/></net>

<net id="58"><net_src comp="12" pin="0"/><net_sink comp="54" pin=0"/></net>

<net id="59"><net_src comp="2" pin="0"/><net_sink comp="54" pin=1"/></net>

<net id="64"><net_src comp="12" pin="0"/><net_sink comp="60" pin=0"/></net>

<net id="65"><net_src comp="0" pin="0"/><net_sink comp="60" pin=1"/></net>

<net id="76"><net_src comp="14" pin="0"/><net_sink comp="66" pin=0"/></net>

<net id="77"><net_src comp="16" pin="0"/><net_sink comp="66" pin=1"/></net>

<net id="78"><net_src comp="60" pin="2"/><net_sink comp="66" pin=2"/></net>

<net id="79"><net_src comp="54" pin="2"/><net_sink comp="66" pin=3"/></net>

<net id="80"><net_src comp="48" pin="2"/><net_sink comp="66" pin=4"/></net>

<net id="81"><net_src comp="42" pin="2"/><net_sink comp="66" pin=5"/></net>

<net id="82"><net_src comp="36" pin="2"/><net_sink comp="66" pin=6"/></net>

<net id="83"><net_src comp="30" pin="2"/><net_sink comp="66" pin=7"/></net>

<net id="94"><net_src comp="14" pin="0"/><net_sink comp="84" pin=0"/></net>

<net id="95"><net_src comp="18" pin="0"/><net_sink comp="84" pin=1"/></net>

<net id="96"><net_src comp="60" pin="2"/><net_sink comp="84" pin=2"/></net>

<net id="97"><net_src comp="48" pin="2"/><net_sink comp="84" pin=3"/></net>

<net id="98"><net_src comp="54" pin="2"/><net_sink comp="84" pin=4"/></net>

<net id="99"><net_src comp="42" pin="2"/><net_sink comp="84" pin=5"/></net>

<net id="100"><net_src comp="30" pin="2"/><net_sink comp="84" pin=6"/></net>

<net id="101"><net_src comp="36" pin="2"/><net_sink comp="84" pin=7"/></net>

<net id="112"><net_src comp="14" pin="0"/><net_sink comp="102" pin=0"/></net>

<net id="113"><net_src comp="20" pin="0"/><net_sink comp="102" pin=1"/></net>

<net id="114"><net_src comp="48" pin="2"/><net_sink comp="102" pin=2"/></net>

<net id="115"><net_src comp="54" pin="2"/><net_sink comp="102" pin=3"/></net>

<net id="116"><net_src comp="60" pin="2"/><net_sink comp="102" pin=4"/></net>

<net id="117"><net_src comp="30" pin="2"/><net_sink comp="102" pin=5"/></net>

<net id="118"><net_src comp="36" pin="2"/><net_sink comp="102" pin=6"/></net>

<net id="119"><net_src comp="42" pin="2"/><net_sink comp="102" pin=7"/></net>

<net id="124"><net_src comp="66" pin="8"/><net_sink comp="120" pin=0"/></net>

<net id="125"><net_src comp="102" pin="8"/><net_sink comp="120" pin=1"/></net>

<net id="130"><net_src comp="120" pin="2"/><net_sink comp="126" pin=0"/></net>

<net id="131"><net_src comp="84" pin="8"/><net_sink comp="126" pin=1"/></net>

<net id="135"><net_src comp="30" pin="2"/><net_sink comp="132" pin=0"/></net>

<net id="136"><net_src comp="132" pin="1"/><net_sink comp="66" pin=7"/></net>

<net id="137"><net_src comp="132" pin="1"/><net_sink comp="84" pin=6"/></net>

<net id="138"><net_src comp="132" pin="1"/><net_sink comp="102" pin=5"/></net>

<net id="142"><net_src comp="36" pin="2"/><net_sink comp="139" pin=0"/></net>

<net id="143"><net_src comp="139" pin="1"/><net_sink comp="66" pin=6"/></net>

<net id="144"><net_src comp="139" pin="1"/><net_sink comp="84" pin=7"/></net>

<net id="145"><net_src comp="139" pin="1"/><net_sink comp="102" pin=6"/></net>

<net id="149"><net_src comp="42" pin="2"/><net_sink comp="146" pin=0"/></net>

<net id="150"><net_src comp="146" pin="1"/><net_sink comp="66" pin=5"/></net>

<net id="151"><net_src comp="146" pin="1"/><net_sink comp="84" pin=5"/></net>

<net id="152"><net_src comp="146" pin="1"/><net_sink comp="102" pin=7"/></net>

<net id="156"><net_src comp="48" pin="2"/><net_sink comp="153" pin=0"/></net>

<net id="157"><net_src comp="153" pin="1"/><net_sink comp="66" pin=4"/></net>

<net id="158"><net_src comp="153" pin="1"/><net_sink comp="84" pin=3"/></net>

<net id="159"><net_src comp="153" pin="1"/><net_sink comp="102" pin=2"/></net>

<net id="163"><net_src comp="54" pin="2"/><net_sink comp="160" pin=0"/></net>

<net id="164"><net_src comp="160" pin="1"/><net_sink comp="66" pin=3"/></net>

<net id="165"><net_src comp="160" pin="1"/><net_sink comp="84" pin=4"/></net>

<net id="166"><net_src comp="160" pin="1"/><net_sink comp="102" pin=3"/></net>

<net id="170"><net_src comp="60" pin="2"/><net_sink comp="167" pin=0"/></net>

<net id="171"><net_src comp="167" pin="1"/><net_sink comp="66" pin=2"/></net>

<net id="172"><net_src comp="167" pin="1"/><net_sink comp="84" pin=2"/></net>

<net id="173"><net_src comp="167" pin="1"/><net_sink comp="102" pin=4"/></net>

</net_list>

</model> 
---------------- Datapath Model END ------------------

* FSMD analyzer results:
  - Output states:
 - Input state : 
	Port: honeybee : edge_p1_x | {1 }
	Port: honeybee : edge_p1_y | {1 }
	Port: honeybee : edge_p1_z | {1 }
	Port: honeybee : edge_p2_x | {1 }
	Port: honeybee : edge_p2_y | {1 }
	Port: honeybee : edge_p2_z | {1 }
  - Chain level:
	State 1
	State 2
		or_ln153 : 1
		collisions : 1
		ret_ln154 : 1


============================================================
+ Verbose Summary: Datapath Resource usage 
============================================================

* Functional unit list:
|----------|---------------------------|---------|---------|---------|---------|
| Operation|      Functional Unit      |  DSP48E |  Delay  |    FF   |   LUT   |
|----------|---------------------------|---------|---------|---------|---------|
|          |    grp_checkAxis_fu_66    |    15   | 27.9255 |   4303  |   8880  |
|   call   |    grp_checkAxis_fu_84    |    15   | 27.9255 |   4303  |   8880  |
|          |    grp_checkAxis_fu_102   |    15   | 27.9255 |   4303  |   8880  |
|----------|---------------------------|---------|---------|---------|---------|
|    or    |      or_ln153_fu_120      |    0    |    0    |    0    |    64   |
|          |     collisions_fu_126     |    0    |    0    |    0    |    64   |
|----------|---------------------------|---------|---------|---------|---------|
|          | edge_p2_z_read_read_fu_30 |    0    |    0    |    0    |    0    |
|          | edge_p2_y_read_read_fu_36 |    0    |    0    |    0    |    0    |
|   read   | edge_p2_x_read_read_fu_42 |    0    |    0    |    0    |    0    |
|          | edge_p1_z_read_read_fu_48 |    0    |    0    |    0    |    0    |
|          | edge_p1_y_read_read_fu_54 |    0    |    0    |    0    |    0    |
|          | edge_p1_x_read_read_fu_60 |    0    |    0    |    0    |    0    |
|----------|---------------------------|---------|---------|---------|---------|
|   Total  |                           |    45   | 83.7765 |  12909  |  26768  |
|----------|---------------------------|---------|---------|---------|---------|

Memories:
N/A

* Register list:
+----------------------+--------+
|                      |   FF   |
+----------------------+--------+
|edge_p1_x_read_reg_167|   32   |
|edge_p1_y_read_reg_160|   32   |
|edge_p1_z_read_reg_153|   32   |
|edge_p2_x_read_reg_146|   32   |
|edge_p2_y_read_reg_139|   32   |
|edge_p2_z_read_reg_132|   32   |
+----------------------+--------+
|         Total        |   192  |
+----------------------+--------+

* Multiplexer (MUX) list: 
|----------------------|------|------|------|--------||---------||---------|
|         Comp         |  Pin | Size |  BW  | S x BW ||  Delay  ||   LUT   |
|----------------------|------|------|------|--------||---------||---------|
|  grp_checkAxis_fu_66 |  p2  |   2  |  32  |   64   ||    3    |
|  grp_checkAxis_fu_66 |  p3  |   2  |  32  |   64   ||    3    |
|  grp_checkAxis_fu_66 |  p4  |   2  |  32  |   64   ||    3    |
|  grp_checkAxis_fu_66 |  p5  |   2  |  32  |   64   ||    3    |
|  grp_checkAxis_fu_66 |  p6  |   2  |  32  |   64   ||    3    |
|  grp_checkAxis_fu_66 |  p7  |   2  |  32  |   64   ||    3    |
|  grp_checkAxis_fu_84 |  p2  |   2  |  32  |   64   ||    3    |
|  grp_checkAxis_fu_84 |  p3  |   2  |  32  |   64   ||    3    |
|  grp_checkAxis_fu_84 |  p4  |   2  |  32  |   64   ||    3    |
|  grp_checkAxis_fu_84 |  p5  |   2  |  32  |   64   ||    3    |
|  grp_checkAxis_fu_84 |  p6  |   2  |  32  |   64   ||    3    |
|  grp_checkAxis_fu_84 |  p7  |   2  |  32  |   64   ||    3    |
| grp_checkAxis_fu_102 |  p2  |   2  |  32  |   64   ||    3    |
| grp_checkAxis_fu_102 |  p3  |   2  |  32  |   64   ||    3    |
| grp_checkAxis_fu_102 |  p4  |   2  |  32  |   64   ||    3    |
| grp_checkAxis_fu_102 |  p5  |   2  |  32  |   64   ||    3    |
| grp_checkAxis_fu_102 |  p6  |   2  |  32  |   64   ||    3    |
| grp_checkAxis_fu_102 |  p7  |   2  |  32  |   64   ||    3    |
|----------------------|------|------|------|--------||---------||---------|
|         Total        |      |      |      |  1152  ||  8.388  ||    54   |
|----------------------|------|------|------|--------||---------||---------|



* Summary:
+-----------+--------+--------+--------+--------+
|           | DSP48E |  Delay |   FF   |   LUT  |
+-----------+--------+--------+--------+--------+
|  Function |   45   |   83   |  12909 |  26768 |
|   Memory  |    -   |    -   |    -   |    -   |
|Multiplexer|    -   |    8   |    -   |   54   |
|  Register |    -   |    -   |   192  |    -   |
+-----------+--------+--------+--------+--------+
|   Total   |   45   |   92   |  13101 |  26822 |
+-----------+--------+--------+--------+--------+
