==============================================================
Vivado(TM) HLS - High-Level Synthesis from C, C++ and SystemC v2019.2 (64-bit)
Copyright 1986-2019 Xilinx, Inc. All Rights Reserved.
==============================================================
INFO: [SYN 201-201] Setting up clock 'default' with a period of 10ns.
INFO: [HLS 200-10] Setting target device to 'xc7z020-clg484-1'
INFO: [SCHED 204-61] Option 'relax_ii_for_timing' is enabled, will increase II to preserve clock frequency constraints.
INFO: [HLS 200-10] Analyzing design file 'src/honeybee.c' ... 
INFO: [HLS 200-111] Finished Linking Time (s): cpu = 00:00:12 ; elapsed = 00:00:18 . Memory (MB): peak = 965.715 ; gain = 526.004 ; free physical = 162 ; free virtual = 1834
INFO: [HLS 200-111] Finished Checking Pragmas Time (s): cpu = 00:00:12 ; elapsed = 00:00:18 . Memory (MB): peak = 965.715 ; gain = 526.004 ; free physical = 162 ; free virtual = 1834
INFO: [HLS 200-10] Starting code transformations ...
INFO: [HLS 200-111] Finished Standard Transforms Time (s): cpu = 00:00:13 ; elapsed = 00:00:20 . Memory (MB): peak = 965.715 ; gain = 526.004 ; free physical = 157 ; free virtual = 1833
INFO: [HLS 200-10] Checking synthesizability ...
INFO: [XFORM 203-602] Inlining function 'vector' into 'segmentIntersectsFace' (src/honeybee.c:78) automatically.
INFO: [XFORM 203-602] Inlining function 'crossProduct' into 'segmentIntersectsFace' (src/honeybee.c:82) automatically.
INFO: [XFORM 203-602] Inlining function 'dotProduct' into 'segmentIntersectsFace' (src/honeybee.c:85) automatically.
INFO: [XFORM 203-602] Inlining function 'paramT' into 'segmentIntersectsFace' (src/honeybee.c:88) automatically.
INFO: [XFORM 203-602] Inlining function 'pointOfIntersection' into 'segmentIntersectsFace' (src/honeybee.c:91) automatically.
INFO: [XFORM 203-602] Inlining function 'pointOnSegment' into 'segmentIntersectsFace' (src/honeybee.c:94) automatically.
INFO: [XFORM 203-602] Inlining function 'pointOnFace' into 'segmentIntersectsFace' (src/honeybee.c:97) automatically.
INFO: [HLS 200-111] Finished Checking Synthesizability Time (s): cpu = 00:00:13 ; elapsed = 00:00:20 . Memory (MB): peak = 965.715 ; gain = 526.004 ; free physical = 156 ; free virtual = 1833
INFO: [XFORM 203-602] Inlining function 'vector' into 'segmentIntersectsFace' (src/honeybee.c:78) automatically.
INFO: [XFORM 203-602] Inlining function 'crossProduct' into 'segmentIntersectsFace' (src/honeybee.c:82) automatically.
INFO: [XFORM 203-602] Inlining function 'dotProduct' into 'segmentIntersectsFace' (src/honeybee.c:85) automatically.
INFO: [XFORM 203-602] Inlining function 'paramT' into 'segmentIntersectsFace' (src/honeybee.c:88) automatically.
INFO: [XFORM 203-602] Inlining function 'pointOfIntersection' into 'segmentIntersectsFace' (src/honeybee.c:91) automatically.
INFO: [XFORM 203-602] Inlining function 'pointOnSegment' into 'segmentIntersectsFace' (src/honeybee.c:94) automatically.
INFO: [XFORM 203-602] Inlining function 'pointOnFace' into 'segmentIntersectsFace' (src/honeybee.c:97) automatically.
INFO: [XFORM 203-602] Inlining function 'pointInGrid' into 'segmentIntersectsGrid' (src/honeybee.c:139) automatically.
INFO: [XFORM 203-401] Performing if-conversion on hyperblock from (src/honeybee.c:131:9) to (src/honeybee.c:141:5) in function 'segmentIntersectsGrid'... converting 4 basic blocks.
INFO: [XFORM 203-401] Performing if-conversion on hyperblock from (src/honeybee.c:71:5) to (src/honeybee.c:100:1) in function 'segmentIntersectsFace'... converting 9 basic blocks.
INFO: [XFORM 203-401] Performing if-conversion on hyperblock from (src/honeybee.c:158:83) to (src/honeybee.c:155:36) in function 'honeybee'... converting 3 basic blocks.
INFO: [XFORM 203-11] Balancing expressions in function 'segmentIntersectsGrid' (src/honeybee.c:11:9)...8 expression(s) balanced.
INFO: [XFORM 203-11] Balancing expressions in function 'segmentIntersectsFace' (src/honeybee.c:19:1)...10 expression(s) balanced.
INFO: [HLS 200-111] Finished Pre-synthesis Time (s): cpu = 00:00:13 ; elapsed = 00:00:21 . Memory (MB): peak = 965.715 ; gain = 526.004 ; free physical = 139 ; free virtual = 1816
WARNING: [XFORM 203-631] Renaming function 'segmentIntersectsGrid' to 'segmentIntersectsGri' (src/honeybee.c:11:9)
WARNING: [XFORM 203-631] Renaming function 'segmentIntersectsFace' to 'segmentIntersectsFac' (src/honeybee.c:19:1)
INFO: [HLS 200-111] Finished Architecture Synthesis Time (s): cpu = 00:00:13 ; elapsed = 00:00:22 . Memory (MB): peak = 965.715 ; gain = 526.004 ; free physical = 126 ; free virtual = 1805
INFO: [HLS 200-10] Starting hardware synthesis ...
INFO: [HLS 200-10] Synthesizing 'honeybee' ...
INFO: [HLS 200-10] ----------------------------------------------------------------
INFO: [HLS 200-42] -- Implementing module 'segmentIntersectsFac' 
INFO: [HLS 200-10] ----------------------------------------------------------------
INFO: [SCHED 204-11] Starting scheduling ...
INFO: [SCHED 204-61] Pipelining function 'segmentIntersectsFac'.
INFO: [SCHED 204-61] Pipelining result : Target II = 1, Final II = 1, Depth = 66.
INFO: [SCHED 204-11] Finished scheduling.
INFO: [HLS 200-111]  Elapsed time: 23.3 seconds; current allocated memory: 125.958 MB.
INFO: [BIND 205-100] Starting micro-architecture generation ...
INFO: [BIND 205-101] Performing variable lifetime analysis.
INFO: [BIND 205-101] Exploring resource sharing.
INFO: [BIND 205-101] Binding ...
INFO: [BIND 205-100] Finished micro-architecture generation.
INFO: [HLS 200-111]  Elapsed time: 0.94 seconds; current allocated memory: 127.390 MB.
INFO: [HLS 200-10] ----------------------------------------------------------------
INFO: [HLS 200-42] -- Implementing module 'segmentIntersectsGri' 
INFO: [HLS 200-10] ----------------------------------------------------------------
INFO: [SCHED 204-11] Starting scheduling ...
INFO: [SCHED 204-61] Pipelining function 'segmentIntersectsGri'.
INFO: [SCHED 204-61] Pipelining result : Target II = 1, Final II = 1, Depth = 412.
INFO: [SCHED 204-11] Finished scheduling.
INFO: [HLS 200-111]  Elapsed time: 1.4 seconds; current allocated memory: 129.116 MB.
INFO: [BIND 205-100] Starting micro-architecture generation ...
INFO: [BIND 205-101] Performing variable lifetime analysis.
INFO: [BIND 205-101] Exploring resource sharing.
INFO: [BIND 205-101] Binding ...
INFO: [BIND 205-100] Finished micro-architecture generation.
INFO: [HLS 200-111]  Elapsed time: 1.73 seconds; current allocated memory: 133.193 MB.
INFO: [HLS 200-10] ----------------------------------------------------------------
INFO: [HLS 200-42] -- Implementing module 'honeybee' 
INFO: [HLS 200-10] ----------------------------------------------------------------
INFO: [SCHED 204-11] Starting scheduling ...
INFO: [SCHED 204-11] Finished scheduling.
INFO: [HLS 200-111]  Elapsed time: 4.18 seconds; current allocated memory: 135.379 MB.
INFO: [BIND 205-100] Starting micro-architecture generation ...
INFO: [BIND 205-101] Performing variable lifetime analysis.
INFO: [BIND 205-101] Exploring resource sharing.
INFO: [BIND 205-101] Binding ...
INFO: [BIND 205-100] Finished micro-architecture generation.
INFO: [HLS 200-111]  Elapsed time: 2.93 seconds; current allocated memory: 138.872 MB.
INFO: [HLS 200-10] ----------------------------------------------------------------
INFO: [HLS 200-10] -- Generating RTL for module 'segmentIntersectsFac' 
INFO: [HLS 200-10] ----------------------------------------------------------------
INFO: [SYN 201-210] Renamed object name 'honeybee_fadd_32ns_32ns_32_5_full_dsp_0' to 'honeybee_fadd_32nbkb' due to the length limit 20
INFO: [SYN 201-210] Renamed object name 'honeybee_fsub_32ns_32ns_32_5_full_dsp_0' to 'honeybee_fsub_32ncud' due to the length limit 20
INFO: [SYN 201-210] Renamed object name 'honeybee_fmul_32ns_32ns_32_4_max_dsp_0' to 'honeybee_fmul_32ndEe' due to the length limit 20
INFO: [SYN 201-210] Renamed object name 'honeybee_fdiv_32ns_32ns_32_16_0' to 'honeybee_fdiv_32neOg' due to the length limit 20
INFO: [SYN 201-210] Renamed object name 'honeybee_fcmp_32ns_32ns_1_2_0' to 'honeybee_fcmp_32nfYi' due to the length limit 20
INFO: [RTGEN 206-104] Estimated max fanout for 'segmentIntersectsFac' is 25379 from HDL expression: ((1'b0 == ap_block_pp0_stage0_11001) & (1'b1 == ap_ce_reg))
INFO: [RTGEN 206-100] Generating core module 'honeybee_fadd_32nbkb': 11 instance(s).
INFO: [RTGEN 206-100] Generating core module 'honeybee_fcmp_32nfYi': 16 instance(s).
==============================================================
Vivado(TM) HLS - High-Level Synthesis from C, C++ and SystemC v2019.2 (64-bit)
Copyright 1986-2019 Xilinx, Inc. All Rights Reserved.
==============================================================
INFO: [SYN 201-201] Setting up clock 'default' with a period of 10ns.
INFO: [HLS 200-10] Setting target device to 'xc7z020-clg484-1'
INFO: [SCHED 204-61] Option 'relax_ii_for_timing' is enabled, will increase II to preserve clock frequency constraints.
INFO: [HLS 200-10] Analyzing design file 'src/honeybee.c' ... 
INFO: [HLS 200-111] Finished Linking Time (s): cpu = 00:00:12 ; elapsed = 00:00:18 . Memory (MB): peak = 965.715 ; gain = 526.004 ; free physical = 199 ; free virtual = 1801
INFO: [HLS 200-111] Finished Checking Pragmas Time (s): cpu = 00:00:12 ; elapsed = 00:00:18 . Memory (MB): peak = 965.715 ; gain = 526.004 ; free physical = 199 ; free virtual = 1801
INFO: [HLS 200-10] Starting code transformations ...
INFO: [HLS 200-111] Finished Standard Transforms Time (s): cpu = 00:00:13 ; elapsed = 00:00:20 . Memory (MB): peak = 965.715 ; gain = 526.004 ; free physical = 199 ; free virtual = 1800
INFO: [HLS 200-10] Checking synthesizability ...
INFO: [XFORM 203-602] Inlining function 'vector' into 'segmentIntersectsFace' (src/honeybee.c:78) automatically.
INFO: [XFORM 203-602] Inlining function 'crossProduct' into 'segmentIntersectsFace' (src/honeybee.c:82) automatically.
INFO: [XFORM 203-602] Inlining function 'dotProduct' into 'segmentIntersectsFace' (src/honeybee.c:85) automatically.
INFO: [XFORM 203-602] Inlining function 'paramT' into 'segmentIntersectsFace' (src/honeybee.c:88) automatically.
INFO: [XFORM 203-602] Inlining function 'pointOfIntersection' into 'segmentIntersectsFace' (src/honeybee.c:91) automatically.
INFO: [XFORM 203-602] Inlining function 'pointOnSegment' into 'segmentIntersectsFace' (src/honeybee.c:94) automatically.
INFO: [XFORM 203-602] Inlining function 'pointOnFace' into 'segmentIntersectsFace' (src/honeybee.c:97) automatically.
INFO: [HLS 200-111] Finished Checking Synthesizability Time (s): cpu = 00:00:13 ; elapsed = 00:00:21 . Memory (MB): peak = 965.715 ; gain = 526.004 ; free physical = 198 ; free virtual = 1800
INFO: [HLS 200-489] Unrolling loop 'Loop-1.1.1' (src/honeybee.c:154) in function 'honeybee' completely with a factor of 2.
INFO: [XFORM 203-602] Inlining function 'vector' into 'segmentIntersectsFace' (src/honeybee.c:78) automatically.
INFO: [XFORM 203-602] Inlining function 'crossProduct' into 'segmentIntersectsFace' (src/honeybee.c:82) automatically.
INFO: [XFORM 203-602] Inlining function 'dotProduct' into 'segmentIntersectsFace' (src/honeybee.c:85) automatically.
INFO: [XFORM 203-602] Inlining function 'paramT' into 'segmentIntersectsFace' (src/honeybee.c:88) automatically.
INFO: [XFORM 203-602] Inlining function 'pointOfIntersection' into 'segmentIntersectsFace' (src/honeybee.c:91) automatically.
INFO: [XFORM 203-602] Inlining function 'pointOnSegment' into 'segmentIntersectsFace' (src/honeybee.c:94) automatically.
INFO: [XFORM 203-602] Inlining function 'pointOnFace' into 'segmentIntersectsFace' (src/honeybee.c:97) automatically.
INFO: [XFORM 203-602] Inlining function 'pointInGrid' into 'segmentIntersectsGrid' (src/honeybee.c:138) automatically.
INFO: [XFORM 203-401] Performing if-conversion on hyperblock from (src/honeybee.c:130:9) to (src/honeybee.c:140:5) in function 'segmentIntersectsGrid'... converting 4 basic blocks.
INFO: [XFORM 203-401] Performing if-conversion on hyperblock from (src/honeybee.c:71:5) to (src/honeybee.c:100:1) in function 'segmentIntersectsFace'... converting 9 basic blocks.
INFO: [XFORM 203-401] Performing if-conversion on hyperblock from (src/honeybee.c:162:13) to (src/honeybee.c:153:30) in function 'honeybee'... converting 5 basic blocks.
INFO: [XFORM 203-11] Balancing expressions in function 'segmentIntersectsGrid' (src/honeybee.c:11:9)...8 expression(s) balanced.
INFO: [XFORM 203-11] Balancing expressions in function 'segmentIntersectsFace' (src/honeybee.c:19:1)...10 expression(s) balanced.
INFO: [HLS 200-111] Finished Pre-synthesis Time (s): cpu = 00:00:14 ; elapsed = 00:00:21 . Memory (MB): peak = 965.715 ; gain = 526.004 ; free physical = 182 ; free virtual = 1783
WARNING: [XFORM 203-631] Renaming function 'segmentIntersectsGrid' to 'segmentIntersectsGri' (src/honeybee.c:11:9)
WARNING: [XFORM 203-631] Renaming function 'segmentIntersectsFace' to 'segmentIntersectsFac' (src/honeybee.c:19:1)
INFO: [HLS 200-111] Finished Architecture Synthesis Time (s): cpu = 00:00:14 ; elapsed = 00:00:23 . Memory (MB): peak = 965.715 ; gain = 526.004 ; free physical = 172 ; free virtual = 1773
INFO: [HLS 200-10] Starting hardware synthesis ...
INFO: [HLS 200-10] Synthesizing 'honeybee' ...
INFO: [HLS 200-10] ----------------------------------------------------------------
INFO: [HLS 200-42] -- Implementing module 'segmentIntersectsFac' 
INFO: [HLS 200-10] ----------------------------------------------------------------
INFO: [SCHED 204-11] Starting scheduling ...
INFO: [SCHED 204-11] Finished scheduling.
INFO: [HLS 200-111]  Elapsed time: 24.14 seconds; current allocated memory: 126.037 MB.
INFO: [BIND 205-100] Starting micro-architecture generation ...
INFO: [BIND 205-101] Performing variable lifetime analysis.
INFO: [BIND 205-101] Exploring resource sharing.
INFO: [BIND 205-101] Binding ...
INFO: [BIND 205-100] Finished micro-architecture generation.
INFO: [HLS 200-111]  Elapsed time: 1.85 seconds; current allocated memory: 127.315 MB.
INFO: [HLS 200-10] ----------------------------------------------------------------
INFO: [HLS 200-42] -- Implementing module 'segmentIntersectsGri' 
INFO: [HLS 200-10] ----------------------------------------------------------------
INFO: [SCHED 204-11] Starting scheduling ...
INFO: [SCHED 204-11] Finished scheduling.
INFO: [HLS 200-111]  Elapsed time: 1.31 seconds; current allocated memory: 128.031 MB.
INFO: [BIND 205-100] Starting micro-architecture generation ...
INFO: [BIND 205-101] Performing variable lifetime analysis.
INFO: [BIND 205-101] Exploring resource sharing.
INFO: [BIND 205-101] Binding ...
INFO: [BIND 205-100] Finished micro-architecture generation.
INFO: [HLS 200-111]  Elapsed time: 0.51 seconds; current allocated memory: 128.777 MB.
INFO: [HLS 200-10] ----------------------------------------------------------------
INFO: [HLS 200-42] -- Implementing module 'honeybee' 
INFO: [HLS 200-10] ----------------------------------------------------------------
INFO: [SCHED 204-11] Starting scheduling ...
INFO: [SCHED 204-11] Finished scheduling.
INFO: [HLS 200-111]  Elapsed time: 0.91 seconds; current allocated memory: 129.276 MB.
INFO: [BIND 205-100] Starting micro-architecture generation ...
INFO: [BIND 205-101] Performing variable lifetime analysis.
INFO: [BIND 205-101] Exploring resource sharing.
INFO: [BIND 205-101] Binding ...
INFO: [BIND 205-100] Finished micro-architecture generation.
INFO: [HLS 200-111]  Elapsed time: 0.54 seconds; current allocated memory: 129.630 MB.
INFO: [HLS 200-10] ----------------------------------------------------------------
INFO: [HLS 200-10] -- Generating RTL for module 'segmentIntersectsFac' 
INFO: [HLS 200-10] ----------------------------------------------------------------
INFO: [SYN 201-210] Renamed object name 'honeybee_faddfsub_32ns_32ns_32_5_full_dsp_1' to 'honeybee_faddfsubbkb' due to the length limit 20
INFO: [SYN 201-210] Renamed object name 'honeybee_fsub_32ns_32ns_32_5_full_dsp_1' to 'honeybee_fsub_32ncud' due to the length limit 20
INFO: [SYN 201-210] Renamed object name 'honeybee_fmul_32ns_32ns_32_4_max_dsp_1' to 'honeybee_fmul_32ndEe' due to the length limit 20
INFO: [SYN 201-210] Renamed object name 'honeybee_fdiv_32ns_32ns_32_16_1' to 'honeybee_fdiv_32neOg' due to the length limit 20
INFO: [SYN 201-210] Renamed object name 'honeybee_fcmp_32ns_32ns_1_2_1' to 'honeybee_fcmp_32nfYi' due to the length limit 20
INFO: [RTGEN 206-100] Generating core module 'honeybee_faddfsubbkb': 3 instance(s).
INFO: [RTGEN 206-100] Generating core module 'honeybee_fcmp_32nfYi': 10 instance(s).
INFO: [RTGEN 206-100] Generating core module 'honeybee_fdiv_32neOg': 1 instance(s).
INFO: [RTGEN 206-100] Generating core module 'honeybee_fmul_32ndEe': 6 instance(s).
INFO: [RTGEN 206-100] Generating core module 'honeybee_fsub_32ncud': 2 instance(s).
INFO: [RTGEN 206-100] Finished creating RTL model for 'segmentIntersectsFac'.
