   Build using "/tools/Xilinx/Vivado/2019.2/tps/lnx64/gcc-6.2.0/bin/g++"
   Compiling apatb_honeybee.cpp
   Compiling (apcc) honeybee.c_pre.c.tb.c
INFO: [HLS 200-10] Running '/tools/Xilinx/Vivado/2019.2/bin/unwrapped/lnx64.o/apcc'
INFO: [HLS 200-10] For user 'anthony' on host 'ubuntu' (Linux_x86_64 version 5.3.0-42-generic) on Wed Mar 25 00:08:06 PDT 2020
INFO: [HLS 200-10] On os Ubuntu 18.04.3 LTS
INFO: [HLS 200-10] In directory '/mnt/hgfs/Thesis/HoneyBee/HoneyBee-B/solution1/sim/wrapc'
clang: warning: argument unused during compilation: '-fno-builtin-isinf'
clang: warning: argument unused during compilation: '-fno-builtin-isnan'
INFO: [APCC 202-3] Tmp directory is /tmp/apcc_db_anthony/800451585120086745410
INFO: [APCC 202-1] APCC is done.
   Compiling (apcc) honeybee_test.c_pre.c.tb.c
INFO: [HLS 200-10] Running '/tools/Xilinx/Vivado/2019.2/bin/unwrapped/lnx64.o/apcc'
INFO: [HLS 200-10] For user 'anthony' on host 'ubuntu' (Linux_x86_64 version 5.3.0-42-generic) on Wed Mar 25 00:08:15 PDT 2020
INFO: [HLS 200-10] On os Ubuntu 18.04.3 LTS
INFO: [HLS 200-10] In directory '/mnt/hgfs/Thesis/HoneyBee/HoneyBee-B/solution1/sim/wrapc'
clang: warning: argument unused during compilation: '-fno-builtin-isinf'
clang: warning: argument unused during compilation: '-fno-builtin-isnan'
INFO: [APCC 202-3] Tmp directory is /tmp/apcc_db_anthony/801371585120095269274
INFO: [APCC 202-1] APCC is done.
   Generating cosim.tv.exe
