

================================================================
== Vivado HLS Report for 'honeybee'
================================================================
* Date:           Sun Mar 29 19:52:22 2020

* Version:        2019.2 (Build 2704478 on Wed Nov 06 22:10:23 MST 2019)
* Project:        honeybee_proj
* Solution:       HBA
* Product family: zynq
* Target device:  xc7z030i-fbg484-2L


================================================================
== Performance Estimates
================================================================
+ Timing: 
    * Summary: 
    +--------+----------+----------+------------+
    |  Clock |  Target  | Estimated| Uncertainty|
    +--------+----------+----------+------------+
    |ap_clk  | 10.00 ns | 9.478 ns |   1.25 ns  |
    +--------+----------+----------+------------+

+ Latency: 
    * Summary: 
    +---------+---------+----------+----------+-----+-----+---------+
    |  Latency (cycles) |  Latency (absolute) |  Interval | Pipeline|
    |   min   |   max   |    min   |    max   | min | max |   Type  |
    +---------+---------+----------+----------+-----+-----+---------+
    |      666|      666| 6.660 us | 6.660 us |  666|  666|   none  |
    +---------+---------+----------+----------+-----+-----+---------+

    + Detail: 
        * Instance: 
        +---------------------------+----------------+---------+---------+-----------+-----------+-----+-----+---------+
        |                           |                |  Latency (cycles) |   Latency (absolute)  |  Interval | Pipeline|
        |          Instance         |     Module     |   min   |   max   |    min    |    max    | min | max |   Type  |
        +---------------------------+----------------+---------+---------+-----------+-----------+-----+-----+---------+
        |grp_pointOnSegment_fu_212  |pointOnSegment  |        3|        3| 30.000 ns | 30.000 ns |    3|    3|   none  |
        +---------------------------+----------------+---------+---------+-----------+-----------+-----+-----+---------+

        * Loop: 
        +----------+---------+---------+----------+-----------+-----------+------+----------+
        |          |  Latency (cycles) | Iteration|  Initiation Interval  | Trip |          |
        | Loop Name|   min   |   max   |  Latency |  achieved |   target  | Count| Pipelined|
        +----------+---------+---------+----------+-----------+-----------+------+----------+
        |- Loop 1  |      220|      220|        55|          -|          -|     4|    no    |
        |- Loop 2  |      220|      220|        55|          -|          -|     4|    no    |
        |- Loop 3  |      220|      220|        55|          -|          -|     4|    no    |
        +----------+---------+---------+----------+-----------+-----------+------+----------+



================================================================
== Utilization Estimates
================================================================
* Summary: 
+-----------------+---------+-------+--------+-------+-----+
|       Name      | BRAM_18K| DSP48E|   FF   |  LUT  | URAM|
+-----------------+---------+-------+--------+-------+-----+
|DSP              |        -|      -|       -|      -|    -|
|Expression       |        -|      -|       0|   4872|    -|
|FIFO             |        -|      -|       -|      -|    -|
|Instance         |        -|     15|    2404|   5627|    -|
|Memory           |        -|      -|       -|      -|    -|
|Multiplexer      |        -|      -|       -|     94|    -|
|Register         |        -|      -|    1139|      -|    -|
+-----------------+---------+-------+--------+-------+-----+
|Total            |        0|     15|    3543|  10593|    0|
+-----------------+---------+-------+--------+-------+-----+
|Available        |      530|    400|  157200|  78600|    0|
+-----------------+---------+-------+--------+-------+-----+
|Utilization (%)  |        0|      3|       2|     13|    0|
+-----------------+---------+-------+--------+-------+-----+

+ Detail: 
    * Instance: 
    +---------------------------+----------------------+---------+-------+-----+------+-----+
    |          Instance         |        Module        | BRAM_18K| DSP48E|  FF |  LUT | URAM|
    +---------------------------+----------------------+---------+-------+-----+------+-----+
    |honeybee_faddfsubcud_U17   |honeybee_faddfsubcud  |        0|      2|  227|   404|    0|
    |honeybee_faddfsubcud_U18   |honeybee_faddfsubcud  |        0|      2|  227|   404|    0|
    |honeybee_faddfsubcud_U19   |honeybee_faddfsubcud  |        0|      2|  227|   404|    0|
    |honeybee_fdiv_32neOg_U23   |honeybee_fdiv_32neOg  |        0|      0|  563|   991|    0|
    |honeybee_fmul_32ndEe_U20   |honeybee_fmul_32ndEe  |        0|      3|  128|   320|    0|
    |honeybee_fmul_32ndEe_U21   |honeybee_fmul_32ndEe  |        0|      3|  128|   320|    0|
    |honeybee_fmul_32ndEe_U22   |honeybee_fmul_32ndEe  |        0|      3|  128|   320|    0|
    |honeybee_sitofp_3fYi_U24   |honeybee_sitofp_3fYi  |        0|      0|  168|   534|    0|
    |grp_pointOnSegment_fu_212  |pointOnSegment        |        0|      0|  608|  1930|    0|
    +---------------------------+----------------------+---------+-------+-----+------+-----+
    |Total                      |                      |        0|     15| 2404|  5627|    0|
    +---------------------------+----------------------+---------+-------+-----+------+-----+

    * DSP48E: 
    N/A

    * Memory: 
    N/A

    * FIFO: 
    N/A

    * Expression: 
    +----------------------------+----------+-------+---+-----+------------+------------+
    |        Variable Name       | Operation| DSP48E| FF| LUT | Bitwidth P0| Bitwidth P1|
    +----------------------------+----------+-------+---+-----+------------+------------+
    |add_ln339_1_fu_541_p2       |     +    |      0|  0|    9|           8|           9|
    |add_ln339_2_fu_813_p2       |     +    |      0|  0|    9|           8|           9|
    |add_ln339_3_fu_962_p2       |     +    |      0|  0|    9|           8|           9|
    |add_ln339_4_fu_1254_p2      |     +    |      0|  0|    9|           8|           9|
    |add_ln339_5_fu_1394_p2      |     +    |      0|  0|    9|           8|           9|
    |add_ln339_fu_392_p2         |     +    |      0|  0|    9|           8|           9|
    |add_ln82_10_fu_1548_p2      |     +    |      0|  0|   32|           2|          32|
    |add_ln82_11_fu_1554_p2      |     +    |      0|  0|   32|          32|          32|
    |add_ln82_1_fu_679_p2        |     +    |      0|  0|   32|          32|          32|
    |add_ln82_2_fu_694_p2        |     +    |      0|  0|    4|           2|           3|
    |add_ln82_3_fu_712_p2        |     +    |      0|  0|   32|          32|          32|
    |add_ln82_4_fu_1078_p2       |     +    |      0|  0|   32|          32|          32|
    |add_ln82_5_fu_1100_p2       |     +    |      0|  0|   32|          32|          32|
    |add_ln82_6_fu_1115_p2       |     +    |      0|  0|    4|           2|           3|
    |add_ln82_7_fu_1133_p2       |     +    |      0|  0|   32|          32|          32|
    |add_ln82_8_fu_1537_p2       |     +    |      0|  0|   32|          32|          32|
    |add_ln82_9_fu_1543_p2       |     +    |      0|  0|   32|          32|          32|
    |add_ln82_fu_657_p2          |     +    |      0|  0|   32|          32|          32|
    |x_fu_1178_p2                |     +    |      0|  0|    4|           3|           1|
    |y_fu_757_p2                 |     +    |      0|  0|    4|           3|           1|
    |z_fu_336_p2                 |     +    |      0|  0|    4|           3|           1|
    |result_V_1_fu_485_p2        |     -    |      0|  0|   32|           1|          32|
    |result_V_3_fu_906_p2        |     -    |      0|  0|   32|           1|          32|
    |sub_ln1311_1_fu_555_p2      |     -    |      0|  0|    8|           7|           8|
    |sub_ln1311_2_fu_827_p2      |     -    |      0|  0|    8|           7|           8|
    |sub_ln1311_3_fu_976_p2      |     -    |      0|  0|    8|           7|           8|
    |sub_ln1311_4_fu_1268_p2     |     -    |      0|  0|    8|           7|           8|
    |sub_ln1311_5_fu_1408_p2     |     -    |      0|  0|    8|           7|           8|
    |sub_ln1311_fu_406_p2        |     -    |      0|  0|    8|           7|           8|
    |sub_ln82_1_fu_1052_p2       |     -    |      0|  0|   28|           1|          28|
    |sub_ln82_2_fu_1344_p2       |     -    |      0|  0|   30|           1|          30|
    |sub_ln82_3_fu_1496_p2       |     -    |      0|  0|   28|           1|          28|
    |sub_ln82_fu_631_p2          |     -    |      0|  0|   30|           1|          30|
    |icmp_ln112_fu_330_p2        |   icmp   |      0|  0|    2|           3|           4|
    |icmp_ln124_fu_751_p2        |   icmp   |      0|  0|    2|           3|           4|
    |icmp_ln137_fu_1172_p2       |   icmp   |      0|  0|    2|           3|           4|
    |r_V_10_fu_1438_p2           |   lshr   |      0|  0|   66|          25|          25|
    |r_V_2_fu_585_p2             |   lshr   |      0|  0|   66|          25|          25|
    |r_V_4_fu_857_p2             |   lshr   |      0|  0|   66|          25|          25|
    |r_V_6_fu_1006_p2            |   lshr   |      0|  0|   66|          25|          25|
    |r_V_8_fu_1298_p2            |   lshr   |      0|  0|   66|          25|          25|
    |r_V_fu_436_p2               |   lshr   |      0|  0|   66|          25|          25|
    |ap_return                   |    or    |      0|  0|   64|          64|          64|
    |collisions_x_fu_1584_p2     |    or    |      0|  0|   64|          64|          64|
    |collisions_y_fu_1154_p2     |    or    |      0|  0|   64|          64|          64|
    |collisions_z_fu_733_p2      |    or    |      0|  0|   64|          64|          64|
    |or_ln116_fu_727_p2          |    or    |      0|  0|   64|          64|          64|
    |or_ln129_fu_1148_p2         |    or    |      0|  0|   64|          64|          64|
    |or_ln142_fu_1578_p2         |    or    |      0|  0|   64|          64|          64|
    |or_ln146_fu_1184_p2         |    or    |      0|  0|   64|          64|          64|
    |collisions_x_1_fu_1590_p3   |  select  |      0|  0|   64|           1|          64|
    |collisions_y_1_fu_1160_p3   |  select  |      0|  0|   64|           1|          64|
    |collisions_z_1_fu_739_p3    |  select  |      0|  0|   64|           1|          64|
    |p_Val2_20_fu_470_p3         |  select  |      0|  0|   32|           1|          32|
    |p_Val2_21_fu_490_p3         |  select  |      0|  0|   32|           1|          32|
    |p_Val2_22_fu_891_p3         |  select  |      0|  0|   32|           1|          32|
    |p_Val2_23_fu_911_p3         |  select  |      0|  0|   32|           1|          32|
    |p_Val2_24_fu_1472_p3        |  select  |      0|  0|   32|           1|          32|
    |select_ln1312_2_fu_1040_p3  |  select  |      0|  0|   55|           1|          55|
    |select_ln1312_3_fu_1332_p3  |  select  |      0|  0|   55|           1|          55|
    |select_ln1312_fu_619_p3     |  select  |      0|  0|   55|           1|          55|
    |select_ln59_2_fu_1062_p3    |  select  |      0|  0|   28|           1|          28|
    |select_ln59_4_fu_1488_p3    |  select  |      0|  0|   30|           1|          30|
    |select_ln59_5_fu_1506_p3    |  select  |      0|  0|   28|           1|          28|
    |select_ln59_fu_641_p3       |  select  |      0|  0|   30|           1|          30|
    |ush_1_fu_565_p3             |  select  |      0|  0|    9|           1|           9|
    |ush_2_fu_837_p3             |  select  |      0|  0|    9|           1|           9|
    |ush_3_fu_986_p3             |  select  |      0|  0|    9|           1|           9|
    |ush_4_fu_1278_p3            |  select  |      0|  0|    9|           1|           9|
    |ush_5_fu_1418_p3            |  select  |      0|  0|    9|           1|           9|
    |ush_fu_416_p3               |  select  |      0|  0|    9|           1|           9|
    |r_V_11_fu_1444_p2           |    shl   |      0|  0|  243|          79|          79|
    |r_V_1_fu_442_p2             |    shl   |      0|  0|  243|          79|          79|
    |r_V_3_fu_591_p2             |    shl   |      0|  0|  243|          79|          79|
    |r_V_5_fu_863_p2             |    shl   |      0|  0|  243|          79|          79|
    |r_V_7_fu_1012_p2            |    shl   |      0|  0|  243|          79|          79|
    |r_V_9_fu_1304_p2            |    shl   |      0|  0|  243|          79|          79|
    |shl_ln115_fu_688_p2         |    shl   |      0|  0|  182|           1|          64|
    |shl_ln116_fu_721_p2         |    shl   |      0|  0|  182|           1|          64|
    |shl_ln128_fu_1109_p2        |    shl   |      0|  0|  182|           1|          64|
    |shl_ln129_fu_1142_p2        |    shl   |      0|  0|  182|           1|          64|
    |shl_ln141_fu_1563_p2        |    shl   |      0|  0|  182|           1|          64|
    |shl_ln142_fu_1572_p2        |    shl   |      0|  0|  182|           1|          64|
    |xor_ln22_1_fu_767_p2        |    xor   |      0|  0|   33|          32|          33|
    |xor_ln22_2_fu_1200_p2       |    xor   |      0|  0|   33|          32|          33|
    |xor_ln22_fu_346_p2          |    xor   |      0|  0|   33|          32|          33|
    +----------------------------+----------+-------+---+-----+------------+------------+
    |Total                       |          |      0|  0| 4872|        1667|        2929|
    +----------------------------+----------+-------+---+-----+------------+------------+

    * Multiplexer: 
    +-------------------------------+----+-----------+-----+-----------+
    |              Name             | LUT| Input Size| Bits| Total Bits|
    +-------------------------------+----+-----------+-----+-----------+
    |ap_NS_fsm                      |  11|        161|    1|        161|
    |collisions_x_0_reg_200         |   3|          2|   64|        128|
    |collisions_y_0_reg_176         |   3|          2|   64|        128|
    |collisions_z_0_reg_152         |   3|          2|   64|        128|
    |grp_fu_225_opcode              |   3|          3|    2|          6|
    |grp_fu_225_p0                  |   4|          5|   32|        160|
    |grp_fu_225_p1                  |   5|          9|   32|        288|
    |grp_fu_231_opcode              |   3|          3|    2|          6|
    |grp_fu_231_p0                  |   4|          5|   32|        160|
    |grp_fu_231_p1                  |   4|          8|   32|        256|
    |grp_fu_237_opcode              |   3|          3|    2|          6|
    |grp_fu_237_p0                  |   3|          4|   32|        128|
    |grp_fu_237_p1                  |   4|          5|   32|        160|
    |grp_fu_243_p0                  |   3|          4|   32|        128|
    |grp_fu_243_p1                  |   3|          4|   32|        128|
    |grp_fu_248_p0                  |   3|          4|   32|        128|
    |grp_fu_248_p1                  |   4|          5|   32|        160|
    |grp_fu_252_p0                  |   4|          5|   32|        160|
    |grp_fu_252_p1                  |   3|          4|   32|        128|
    |grp_fu_260_p0                  |   3|          4|   32|        128|
    |grp_pointOnSegment_fu_212_p_x  |   3|          3|   32|         96|
    |grp_pointOnSegment_fu_212_p_y  |   3|          3|   32|         96|
    |grp_pointOnSegment_fu_212_p_z  |   3|          4|   32|        128|
    |i_assign_2_reg_188             |   3|          2|    3|          6|
    |j_assign_1_reg_164             |   3|          2|    3|          6|
    |k_assign_reg_140               |   3|          2|    3|          6|
    +-------------------------------+----+-----------+-----+-----------+
    |Total                          |  94|        258|  720|       3013|
    +-------------------------------+----+-----------+-----+-----------+

    * Register: 
    +----------------------------------------+-----+----+-----+-----------+
    |                  Name                  |  FF | LUT| Bits| Const Bits|
    +----------------------------------------+-----+----+-----+-----------+
    |add_ln82_11_reg_1809                    |   32|   0|   32|          0|
    |add_ln82_4_reg_1753                     |   32|   0|   32|          0|
    |add_ln82_8_reg_1804                     |   32|   0|   32|          0|
    |add_ln82_reg_1703                       |   32|   0|   32|          0|
    |ap_CS_fsm                               |  160|   0|  160|          0|
    |collisions_x_0_reg_200                  |   64|   0|   64|          0|
    |collisions_y_0_reg_176                  |   64|   0|   64|          0|
    |collisions_z_0_reg_152                  |   64|   0|   64|          0|
    |grp_pointOnSegment_fu_212_ap_start_reg  |    1|   0|    1|          0|
    |i_assign_2_reg_188                      |    3|   0|    3|          0|
    |j_assign_1_reg_164                      |    3|   0|    3|          0|
    |k_assign_reg_140                        |    3|   0|    3|          0|
    |p_Val2_1_reg_1687                       |   32|   0|   32|          0|
    |p_Val2_20_reg_1692                      |   32|   0|   32|          0|
    |p_Val2_22_reg_1742                      |   32|   0|   32|          0|
    |p_Val2_s_reg_1737                       |   32|   0|   32|          0|
    |reg_263                                 |   32|   0|   32|          0|
    |reg_269                                 |   32|   0|   32|          0|
    |reg_282                                 |   32|   0|   32|          0|
    |reg_289                                 |   32|   0|   32|          0|
    |reg_295                                 |   32|   0|   32|          0|
    |reg_301                                 |   32|   0|   32|          0|
    |reg_310                                 |   32|   0|   32|          0|
    |reg_318                                 |   32|   0|   32|          0|
    |select_ln59_4_reg_1788                  |   30|   0|   30|          0|
    |select_ln59_5_reg_1793                  |   28|   0|   28|          0|
    |tmp_19_i_i_reg_1642                     |   32|   0|   32|          0|
    |tmp_21_i_i_reg_1649                     |   32|   0|   32|          0|
    |tmp_24_i_i_reg_1656                     |   32|   0|   32|          0|
    |tmp_2_reg_1748                          |    1|   0|    1|          0|
    |tmp_4_reg_1799                          |    1|   0|    1|          0|
    |tmp_s_reg_1698                          |    1|   0|    1|          0|
    |x_reg_1773                              |    3|   0|    3|          0|
    |xor_ln22_1_reg_1727                     |   32|   0|   32|          0|
    |xor_ln22_2_reg_1778                     |   32|   0|   32|          0|
    |xor_ln22_reg_1677                       |   32|   0|   32|          0|
    |y_reg_1722                              |    3|   0|    3|          0|
    |z_reg_1672                              |    3|   0|    3|          0|
    |zext_ln137_reg_1764                     |    3|   0|   32|         29|
    +----------------------------------------+-----+----+-----+-----------+
    |Total                                   | 1139|   0| 1168|         29|
    +----------------------------------------+-----+----+-----+-----------+



================================================================
== Interface
================================================================
* Summary: 
+-----------+-----+-----+------------+--------------+--------------+
| RTL Ports | Dir | Bits|  Protocol  | Source Object|    C Type    |
+-----------+-----+-----+------------+--------------+--------------+
|ap_clk     |  in |    1| ap_ctrl_hs |   honeybee   | return value |
|ap_rst     |  in |    1| ap_ctrl_hs |   honeybee   | return value |
|ap_start   |  in |    1| ap_ctrl_hs |   honeybee   | return value |
|ap_done    | out |    1| ap_ctrl_hs |   honeybee   | return value |
|ap_idle    | out |    1| ap_ctrl_hs |   honeybee   | return value |
|ap_ready   | out |    1| ap_ctrl_hs |   honeybee   | return value |
|ap_return  | out |   64| ap_ctrl_hs |   honeybee   | return value |
|edge_p1_x  |  in |   32|   ap_none  |   edge_p1_x  |    scalar    |
|edge_p1_y  |  in |   32|   ap_none  |   edge_p1_y  |    scalar    |
|edge_p1_z  |  in |   32|   ap_none  |   edge_p1_z  |    scalar    |
|edge_p2_x  |  in |   32|   ap_none  |   edge_p2_x  |    scalar    |
|edge_p2_y  |  in |   32|   ap_none  |   edge_p2_y  |    scalar    |
|edge_p2_z  |  in |   32|   ap_none  |   edge_p2_z  |    scalar    |
+-----------+-----+-----+------------+--------------+--------------+

