

================================================================
== Vivado HLS Report for 'segmentIntersectsGri'
================================================================
* Date:           Thu Mar 26 19:26:23 2020

* Version:        2019.2 (Build 2704478 on Wed Nov 06 22:10:23 MST 2019)
* Project:        honeybee_proj
* Solution:       HBA
* Product family: zynq
* Target device:  xc7z030i-fbg484-2L


================================================================
== Performance Estimates
================================================================
+ Timing: 
    * Summary: 
    +--------+----------+----------+------------+
    |  Clock |  Target  | Estimated| Uncertainty|
    +--------+----------+----------+------------+
    |ap_clk  | 10.00 ns | 9.321 ns |   1.25 ns  |
    +--------+----------+----------+------------+

+ Latency: 
    * Summary: 
    +---------+---------+----------+----------+-----+-----+---------+
    |  Latency (cycles) |  Latency (absolute) |  Interval | Pipeline|
    |   min   |   max   |    min   |    max   | min | max |   Type  |
    +---------+---------+----------+----------+-----+-----+---------+
    |       56|       56| 0.560 us | 0.560 us |   56|   56|   none  |
    +---------+---------+----------+----------+-----+-----+---------+

    + Detail: 
        * Instance: 
        +---------------------------------+----------------------+---------+---------+----------+----------+-----+-----+---------+
        |                                 |                      |  Latency (cycles) |  Latency (absolute) |  Interval | Pipeline|
        |             Instance            |        Module        |   min   |   max   |    min   |    max   | min | max |   Type  |
        +---------------------------------+----------------------+---------+---------+----------+----------+-----+-----+---------+
        |grp_segmentIntersectsFac_fu_88   |segmentIntersectsFac  |       50|       50| 0.500 us | 0.500 us |   50|   50|   none  |
        |grp_segmentIntersectsFac_fu_107  |segmentIntersectsFac  |       50|       50| 0.500 us | 0.500 us |   50|   50|   none  |
        |grp_segmentIntersectsFac_fu_126  |segmentIntersectsFac  |       50|       50| 0.500 us | 0.500 us |   50|   50|   none  |
        |grp_segmentIntersectsFac_fu_145  |segmentIntersectsFac  |       50|       50| 0.500 us | 0.500 us |   50|   50|   none  |
        |grp_segmentIntersectsFac_fu_164  |segmentIntersectsFac  |       50|       50| 0.500 us | 0.500 us |   50|   50|   none  |
        |grp_segmentIntersectsFac_fu_183  |segmentIntersectsFac  |       50|       50| 0.500 us | 0.500 us |   50|   50|   none  |
        +---------------------------------+----------------------+---------+---------+----------+----------+-----+-----+---------+

        * Loop: 
        N/A



================================================================
== Utilization Estimates
================================================================
* Summary: 
+-----------------+---------+-------+--------+-------+-----+
|       Name      | BRAM_18K| DSP48E|   FF   |  LUT  | URAM|
+-----------------+---------+-------+--------+-------+-----+
|DSP              |        -|      -|       -|      -|    -|
|Expression       |        -|      -|       0|    210|    -|
|FIFO             |        -|      -|       -|      -|    -|
|Instance         |        -|    174|   25095|  51822|    -|
|Memory           |        -|      -|       -|      -|    -|
|Multiplexer      |        -|      -|       -|      4|    -|
|Register         |        -|      -|     129|      -|    -|
+-----------------+---------+-------+--------+-------+-----+
|Total            |        0|    174|   25224|  52036|    0|
+-----------------+---------+-------+--------+-------+-----+
|Available        |      530|    400|  157200|  78600|    0|
+-----------------+---------+-------+--------+-------+-----+
|Utilization (%)  |        0|     43|      16|     66|    0|
+-----------------+---------+-------+--------+-------+-----+

+ Detail: 
    * Instance: 
    +---------------------------------+----------------------+---------+-------+------+------+-----+
    |             Instance            |        Module        | BRAM_18K| DSP48E|  FF  |  LUT | URAM|
    +---------------------------------+----------------------+---------+-------+------+------+-----+
    |honeybee_fadd_32ng8j_U37         |honeybee_fadd_32ng8j  |        0|      2|   227|   404|    0|
    |honeybee_fadd_32ng8j_U38         |honeybee_fadd_32ng8j  |        0|      2|   227|   404|    0|
    |honeybee_fadd_32ng8j_U39         |honeybee_fadd_32ng8j  |        0|      2|   227|   404|    0|
    |honeybee_fcmp_32nfYi_U40         |honeybee_fcmp_32nfYi  |        0|      0|    66|   239|    0|
    |honeybee_fcmp_32nfYi_U41         |honeybee_fcmp_32nfYi  |        0|      0|    66|   239|    0|
    |honeybee_fcmp_32nfYi_U42         |honeybee_fcmp_32nfYi  |        0|      0|    66|   239|    0|
    |honeybee_fcmp_32nfYi_U43         |honeybee_fcmp_32nfYi  |        0|      0|    66|   239|    0|
    |honeybee_fcmp_32nfYi_U44         |honeybee_fcmp_32nfYi  |        0|      0|    66|   239|    0|
    |honeybee_fcmp_32nfYi_U45         |honeybee_fcmp_32nfYi  |        0|      0|    66|   239|    0|
    |honeybee_fcmp_32nfYi_U46         |honeybee_fcmp_32nfYi  |        0|      0|    66|   239|    0|
    |honeybee_fcmp_32nfYi_U47         |honeybee_fcmp_32nfYi  |        0|      0|    66|   239|    0|
    |honeybee_fcmp_32nfYi_U48         |honeybee_fcmp_32nfYi  |        0|      0|    66|   239|    0|
    |honeybee_fcmp_32nfYi_U49         |honeybee_fcmp_32nfYi  |        0|      0|    66|   239|    0|
    |honeybee_fcmp_32nfYi_U50         |honeybee_fcmp_32nfYi  |        0|      0|    66|   239|    0|
    |honeybee_fcmp_32nfYi_U51         |honeybee_fcmp_32nfYi  |        0|      0|    66|   239|    0|
    |grp_segmentIntersectsFac_fu_88   |segmentIntersectsFac  |        0|     28|  3937|  7957|    0|
    |grp_segmentIntersectsFac_fu_107  |segmentIntersectsFac  |        0|     28|  3937|  7957|    0|
    |grp_segmentIntersectsFac_fu_126  |segmentIntersectsFac  |        0|     28|  3937|  7957|    0|
    |grp_segmentIntersectsFac_fu_145  |segmentIntersectsFac  |        0|     28|  3937|  7957|    0|
    |grp_segmentIntersectsFac_fu_164  |segmentIntersectsFac  |        0|     28|  3937|  7957|    0|
    |grp_segmentIntersectsFac_fu_183  |segmentIntersectsFac  |        0|     28|  3937|  7957|    0|
    +---------------------------------+----------------------+---------+-------+------+------+-----+
    |Total                            |                      |        0|    174| 25095| 51822|    0|
    +---------------------------------+----------------------+---------+-------+------+------+-----+

    * DSP48E: 
    N/A

    * Memory: 
    N/A

    * FIFO: 
    N/A

    * Expression: 
    +---------------------------------+----------+-------+---+----+------------+------------+
    |          Variable Name          | Operation| DSP48E| FF| LUT| Bitwidth P0| Bitwidth P1|
    +---------------------------------+----------+-------+---+----+------------+------------+
    |and_ln11_10_fu_780_p2            |    and   |      0|  0|   1|           1|           1|
    |and_ln11_11_fu_784_p2            |    and   |      0|  0|   1|           1|           1|
    |and_ln11_12_fu_796_p2            |    and   |      0|  0|   1|           1|           1|
    |and_ln11_13_fu_800_p2            |    and   |      0|  0|   1|           1|           1|
    |and_ln11_14_fu_806_p2            |    and   |      0|  0|   1|           1|           1|
    |and_ln11_15_fu_810_p2            |    and   |      0|  0|   1|           1|           1|
    |and_ln11_16_fu_816_p2            |    and   |      0|  0|   1|           1|           1|
    |and_ln11_17_fu_820_p2            |    and   |      0|  0|   1|           1|           1|
    |and_ln11_18_fu_826_p2            |    and   |      0|  0|   1|           1|           1|
    |and_ln11_19_fu_830_p2            |    and   |      0|  0|   1|           1|           1|
    |and_ln11_1_fu_710_p2             |    and   |      0|  0|   1|           1|           1|
    |and_ln11_20_fu_836_p2            |    and   |      0|  0|   1|           1|           1|
    |and_ln11_21_fu_840_p2            |    and   |      0|  0|   1|           1|           1|
    |and_ln11_22_fu_846_p2            |    and   |      0|  0|   1|           1|           1|
    |and_ln11_23_fu_852_p2            |    and   |      0|  0|   1|           1|           1|
    |and_ln11_24_fu_858_p2            |    and   |      0|  0|   1|           1|           1|
    |and_ln11_25_fu_864_p2            |    and   |      0|  0|   1|           1|           1|
    |and_ln11_26_fu_876_p2            |    and   |      0|  0|   1|           1|           1|
    |and_ln11_27_fu_880_p2            |    and   |      0|  0|   1|           1|           1|
    |and_ln11_2_fu_716_p2             |    and   |      0|  0|   1|           1|           1|
    |and_ln11_3_fu_720_p2             |    and   |      0|  0|   1|           1|           1|
    |and_ln11_4_fu_726_p2             |    and   |      0|  0|   1|           1|           1|
    |and_ln11_5_fu_730_p2             |    and   |      0|  0|   1|           1|           1|
    |and_ln11_6_fu_736_p2             |    and   |      0|  0|   1|           1|           1|
    |and_ln11_7_fu_740_p2             |    and   |      0|  0|   1|           1|           1|
    |and_ln11_8_fu_746_p2             |    and   |      0|  0|   1|           1|           1|
    |and_ln11_9_fu_750_p2             |    and   |      0|  0|   1|           1|           1|
    |and_ln11_fu_706_p2               |    and   |      0|  0|   1|           1|           1|
    |and_ln141_1_fu_756_p2            |    and   |      0|  0|   1|           1|           1|
    |and_ln141_2_fu_762_p2            |    and   |      0|  0|   1|           1|           1|
    |and_ln141_3_fu_768_p2            |    and   |      0|  0|   1|           1|           1|
    |and_ln141_4_fu_774_p2            |    and   |      0|  0|   1|           1|           1|
    |and_ln141_5_fu_870_p2            |    and   |      0|  0|   1|           1|           1|
    |and_ln141_fu_790_p2              |    and   |      0|  0|   1|           1|           1|
    |bothEndPointsInGrid_fu_885_p2    |    and   |      0|  0|   1|           1|           1|
    |icmp_ln11_10_fu_474_p2           |   icmp   |      0|  0|   4|           8|           2|
    |icmp_ln11_11_fu_480_p2           |   icmp   |      0|  0|   9|          23|           1|
    |icmp_ln11_12_fu_527_p2           |   icmp   |      0|  0|   4|           8|           2|
    |icmp_ln11_13_fu_533_p2           |   icmp   |      0|  0|   9|          23|           1|
    |icmp_ln11_14_fu_545_p2           |   icmp   |      0|  0|   4|           8|           2|
    |icmp_ln11_15_fu_551_p2           |   icmp   |      0|  0|   9|          23|           1|
    |icmp_ln11_16_fu_580_p2           |   icmp   |      0|  0|   4|           8|           2|
    |icmp_ln11_17_fu_586_p2           |   icmp   |      0|  0|   9|          23|           1|
    |icmp_ln11_18_fu_616_p2           |   icmp   |      0|  0|   4|           8|           2|
    |icmp_ln11_19_fu_622_p2           |   icmp   |      0|  0|   9|          23|           1|
    |icmp_ln11_1_fu_321_p2            |   icmp   |      0|  0|   9|          23|           1|
    |icmp_ln11_20_fu_652_p2           |   icmp   |      0|  0|   4|           8|           2|
    |icmp_ln11_21_fu_658_p2           |   icmp   |      0|  0|   9|          23|           1|
    |icmp_ln11_22_fu_688_p2           |   icmp   |      0|  0|   4|           8|           2|
    |icmp_ln11_23_fu_694_p2           |   icmp   |      0|  0|   9|          23|           1|
    |icmp_ln11_2_fu_333_p2            |   icmp   |      0|  0|   4|           8|           2|
    |icmp_ln11_3_fu_339_p2            |   icmp   |      0|  0|   9|          23|           1|
    |icmp_ln11_4_fu_368_p2            |   icmp   |      0|  0|   4|           8|           2|
    |icmp_ln11_5_fu_374_p2            |   icmp   |      0|  0|   9|          23|           1|
    |icmp_ln11_6_fu_421_p2            |   icmp   |      0|  0|   4|           8|           2|
    |icmp_ln11_7_fu_427_p2            |   icmp   |      0|  0|   9|          23|           1|
    |icmp_ln11_8_fu_439_p2            |   icmp   |      0|  0|   4|           8|           2|
    |icmp_ln11_9_fu_445_p2            |   icmp   |      0|  0|   9|          23|           1|
    |icmp_ln11_fu_315_p2              |   icmp   |      0|  0|   4|           8|           2|
    |ap_block_state6_on_subcall_done  |    or    |      0|  0|   1|           1|           1|
    |ap_return                        |    or    |      0|  0|   1|           1|           1|
    |or_ln11_10_fu_664_p2             |    or    |      0|  0|   1|           1|           1|
    |or_ln11_11_fu_700_p2             |    or    |      0|  0|   1|           1|           1|
    |or_ln11_1_fu_345_p2              |    or    |      0|  0|   1|           1|           1|
    |or_ln11_2_fu_380_p2              |    or    |      0|  0|   1|           1|           1|
    |or_ln11_3_fu_433_p2              |    or    |      0|  0|   1|           1|           1|
    |or_ln11_4_fu_451_p2              |    or    |      0|  0|   1|           1|           1|
    |or_ln11_5_fu_486_p2              |    or    |      0|  0|   1|           1|           1|
    |or_ln11_6_fu_539_p2              |    or    |      0|  0|   1|           1|           1|
    |or_ln11_7_fu_557_p2              |    or    |      0|  0|   1|           1|           1|
    |or_ln11_8_fu_592_p2              |    or    |      0|  0|   1|           1|           1|
    |or_ln11_9_fu_628_p2              |    or    |      0|  0|   1|           1|           1|
    |or_ln11_fu_327_p2                |    or    |      0|  0|   1|           1|           1|
    |or_ln143_1_fu_890_p2             |    or    |      0|  0|   1|           1|           1|
    |or_ln143_2_fu_894_p2             |    or    |      0|  0|   1|           1|           1|
    |or_ln143_3_fu_899_p2             |    or    |      0|  0|   1|           1|           1|
    |or_ln143_4_fu_903_p2             |    or    |      0|  0|   1|           1|           1|
    |or_ln143_5_fu_908_p2             |    or    |      0|  0|   1|           1|           1|
    +---------------------------------+----------+-------+---+----+------------+------------+
    |Total                            |          |      0|  0| 210|         426|          90|
    +---------------------------------+----------+-------+---+----+------------+------------+

    * Multiplexer: 
    +-----------+----+-----------+-----+-----------+
    |    Name   | LUT| Input Size| Bits| Total Bits|
    +-----------+----+-----------+-----+-----------+
    |ap_NS_fsm  |   4|          8|    1|          8|
    +-----------+----+-----------+-----+-----------+
    |Total      |   4|          8|    1|          8|
    +-----------+----+-----------+-----+-----------+

    * Register: 
    +----------------------------------------------+----+----+-----+-----------+
    |                     Name                     | FF | LUT| Bits| Const Bits|
    +----------------------------------------------+----+----+-----+-----------+
    |and_ln141_5_reg_1162                          |   1|   0|    1|          0|
    |ap_CS_fsm                                     |   7|   0|    7|          0|
    |f1_reg_1127                                   |   1|   0|    1|          0|
    |f2_reg_1132                                   |   1|   0|    1|          0|
    |f3_reg_1137                                   |   1|   0|    1|          0|
    |f4_reg_1142                                   |   1|   0|    1|          0|
    |f5_reg_1147                                   |   1|   0|    1|          0|
    |f6_reg_1152                                   |   1|   0|    1|          0|
    |grp_segmentIntersectsFac_fu_107_ap_start_reg  |   1|   0|    1|          0|
    |grp_segmentIntersectsFac_fu_126_ap_start_reg  |   1|   0|    1|          0|
    |grp_segmentIntersectsFac_fu_145_ap_start_reg  |   1|   0|    1|          0|
    |grp_segmentIntersectsFac_fu_164_ap_start_reg  |   1|   0|    1|          0|
    |grp_segmentIntersectsFac_fu_183_ap_start_reg  |   1|   0|    1|          0|
    |grp_segmentIntersectsFac_fu_88_ap_start_reg   |   1|   0|    1|          0|
    |or_ln11_10_reg_1115                           |   1|   0|    1|          0|
    |or_ln11_11_reg_1121                           |   1|   0|    1|          0|
    |or_ln11_1_reg_1061                            |   1|   0|    1|          0|
    |or_ln11_2_reg_1067                            |   1|   0|    1|          0|
    |or_ln11_3_reg_1073                            |   1|   0|    1|          0|
    |or_ln11_4_reg_1079                            |   1|   0|    1|          0|
    |or_ln11_5_reg_1085                            |   1|   0|    1|          0|
    |or_ln11_6_reg_1091                            |   1|   0|    1|          0|
    |or_ln11_7_reg_1097                            |   1|   0|    1|          0|
    |or_ln11_8_reg_1103                            |   1|   0|    1|          0|
    |or_ln11_9_reg_1109                            |   1|   0|    1|          0|
    |or_ln11_reg_1055                              |   1|   0|    1|          0|
    |p_1_reg_975                                   |  32|   0|   32|          0|
    |p_2_reg_959                                   |  32|   0|   32|          0|
    |p_s_reg_967                                   |  32|   0|   32|          0|
    |tmp_22_reg_1157                               |   1|   0|    1|          0|
    +----------------------------------------------+----+----+-----+-----------+
    |Total                                         | 129|   0|  129|          0|
    +----------------------------------------------+----+----+-----+-----------+



================================================================
== Interface
================================================================
* Summary: 
+-----------+-----+-----+------------+----------------------+--------------+
| RTL Ports | Dir | Bits|  Protocol  |     Source Object    |    C Type    |
+-----------+-----+-----+------------+----------------------+--------------+
|ap_clk     |  in |    1| ap_ctrl_hs | segmentIntersectsGri | return value |
|ap_rst     |  in |    1| ap_ctrl_hs | segmentIntersectsGri | return value |
|ap_start   |  in |    1| ap_ctrl_hs | segmentIntersectsGri | return value |
|ap_done    | out |    1| ap_ctrl_hs | segmentIntersectsGri | return value |
|ap_idle    | out |    1| ap_ctrl_hs | segmentIntersectsGri | return value |
|ap_ready   | out |    1| ap_ctrl_hs | segmentIntersectsGri | return value |
|ap_return  | out |    1| ap_ctrl_hs | segmentIntersectsGri | return value |
|edge_p1_x  |  in |   32|   ap_none  |       edge_p1_x      |    scalar    |
|edge_p1_y  |  in |   32|   ap_none  |       edge_p1_y      |    scalar    |
|edge_p1_z  |  in |   32|   ap_none  |       edge_p1_z      |    scalar    |
|edge_p2_x  |  in |   32|   ap_none  |       edge_p2_x      |    scalar    |
|edge_p2_y  |  in |   32|   ap_none  |       edge_p2_y      |    scalar    |
|edge_p2_z  |  in |   32|   ap_none  |       edge_p2_z      |    scalar    |
|grid_x     |  in |   32|   ap_none  |        grid_x        |    scalar    |
|grid_y     |  in |   32|   ap_none  |        grid_y        |    scalar    |
|grid_z     |  in |   32|   ap_none  |        grid_z        |    scalar    |
+-----------+-----+-----+------------+----------------------+--------------+

