

================================================================
== Vivado HLS Report for 'checkAxis_1'
================================================================
* Date:           Sun Mar 29 21:05:16 2020

* Version:        2019.2 (Build 2704478 on Wed Nov 06 22:10:23 MST 2019)
* Project:        honeybee_proj
* Solution:       HBF
* Product family: zynq
* Target device:  xc7z030i-fbg484-2L


================================================================
== Performance Estimates
================================================================
+ Timing: 
    * Summary: 
    +--------+----------+----------+------------+
    |  Clock |  Target  | Estimated| Uncertainty|
    +--------+----------+----------+------------+
    |ap_clk  | 10.00 ns | 9.478 ns |   1.25 ns  |
    +--------+----------+----------+------------+

+ Latency: 
    * Summary: 
    +---------+---------+----------+----------+-----+-----+---------+
    |  Latency (cycles) |  Latency (absolute) |  Interval | Pipeline|
    |   min   |   max   |    min   |    max   | min | max |   Type  |
    +---------+---------+----------+----------+-----+-----+---------+
    |      213|      213| 2.130 us | 2.130 us |  213|  213|   none  |
    +---------+---------+----------+----------+-----+-----+---------+

    + Detail: 
        * Instance: 
        +---------------------------------+----------------------+---------+---------+-----------+-----------+-----+-----+---------+
        |                                 |                      |  Latency (cycles) |   Latency (absolute)  |  Interval | Pipeline|
        |             Instance            |        Module        |   min   |   max   |    min    |    max    | min | max |   Type  |
        +---------------------------------+----------------------+---------+---------+-----------+-----------+-----+-----+---------+
        |grp_lineIntersectsPlane_fu_207   |lineIntersectsPlane   |       44|       44|  0.440 us |  0.440 us |   44|   44|   none  |
        |grp_pointOnSegment_fu_222        |pointOnSegment        |        3|        3| 30.000 ns | 30.000 ns |    3|    3|   none  |
        |grp_p_hls_fptosi_float_i_fu_235  |p_hls_fptosi_float_i  |        0|        0|    0 ns   |    0 ns   |    0|    0|   none  |
        |grp_p_hls_fptosi_float_i_fu_240  |p_hls_fptosi_float_i  |        0|        0|    0 ns   |    0 ns   |    0|    0|   none  |
        +---------------------------------+----------------------+---------+---------+-----------+-----------+-----+-----+---------+

        * Loop: 
        +---------------------+---------+---------+----------+-----------+-----------+------+----------+
        |                     |  Latency (cycles) | Iteration|  Initiation Interval  | Trip |          |
        |      Loop Name      |   min   |   max   |  Latency |  achieved |   target  | Count| Pipelined|
        +---------------------+---------+---------+----------+-----------+-----------+------+----------+
        |- memset_collisions  |        3|        3|         1|          -|          -|     4|    no    |
        |- Loop 2             |        4|        4|         1|          -|          -|     4|    no    |
        +---------------------+---------+---------+----------+-----------+-----------+------+----------+



================================================================
== Utilization Estimates
================================================================
* Summary: 
+-----------------+---------+-------+--------+-------+-----+
|       Name      | BRAM_18K| DSP48E|   FF   |  LUT  | URAM|
+-----------------+---------+-------+--------+-------+-----+
|DSP              |        -|      -|       -|      -|    -|
|Expression       |        -|      -|       0|   3646|    -|
|FIFO             |        -|      -|       -|      -|    -|
|Instance         |        -|     17|    2956|   6475|    -|
|Memory           |        -|      -|       -|      -|    -|
|Multiplexer      |        -|      -|       -|     36|    -|
|Register         |        -|      -|    1598|      -|    -|
+-----------------+---------+-------+--------+-------+-----+
|Total            |        0|     17|    4554|  10157|    0|
+-----------------+---------+-------+--------+-------+-----+
|Available        |      530|    400|  157200|  78600|    0|
+-----------------+---------+-------+--------+-------+-----+
|Utilization (%)  |        0|      4|       2|     12|    0|
+-----------------+---------+-------+--------+-------+-----+

+ Detail: 
    * Instance: 
    +---------------------------------+----------------------+---------+-------+------+------+-----+
    |             Instance            |        Module        | BRAM_18K| DSP48E|  FF  |  LUT | URAM|
    +---------------------------------+----------------------+---------+-------+------+------+-----+
    |honeybee_mux_42_6hbi_U53         |honeybee_mux_42_6hbi  |        0|      0|     0|    17|    0|
    |grp_lineIntersectsPlane_fu_207   |lineIntersectsPlane   |        0|     17|  2348|  3666|    0|
    |grp_p_hls_fptosi_float_i_fu_235  |p_hls_fptosi_float_i  |        0|      0|     0|   431|    0|
    |grp_p_hls_fptosi_float_i_fu_240  |p_hls_fptosi_float_i  |        0|      0|     0|   431|    0|
    |grp_pointOnSegment_fu_222        |pointOnSegment        |        0|      0|   608|  1930|    0|
    +---------------------------------+----------------------+---------+-------+------+------+-----+
    |Total                            |                      |        0|     17|  2956|  6475|    0|
    +---------------------------------+----------------------+---------+-------+------+------+-----+

    * DSP48E: 
    N/A

    * Memory: 
    N/A

    * FIFO: 
    N/A

    * Expression: 
    +----------------------------+----------+-------+---+-----+------------+------------+
    |        Variable Name       | Operation| DSP48E| FF| LUT | Bitwidth P0| Bitwidth P1|
    +----------------------------+----------+-------+---+-----+------------+------------+
    |add_ln80_10_fu_548_p2       |     +    |      0|  0|   32|           2|          32|
    |add_ln80_11_fu_554_p2       |     +    |      0|  0|   32|          32|          32|
    |add_ln80_12_fu_599_p2       |     +    |      0|  0|   32|          32|          32|
    |add_ln80_13_fu_615_p2       |     +    |      0|  0|   32|          32|          32|
    |add_ln80_14_fu_660_p2       |     +    |      0|  0|   32|          32|          32|
    |add_ln80_15_fu_682_p2       |     +    |      0|  0|   32|          32|          32|
    |add_ln80_16_fu_727_p2       |     +    |      0|  0|   32|          32|          32|
    |add_ln80_17_fu_749_p2       |     +    |      0|  0|   32|          32|          32|
    |add_ln80_fu_532_p2          |     +    |      0|  0|   32|          32|          32|
    |add_ln84_fu_306_p2          |     +    |      0|  0|    3|           2|           1|
    |i_fu_783_p2                 |     +    |      0|  0|    4|           3|           1|
    |icmp_ln132_fu_777_p2        |   icmp   |      0|  0|    2|           3|           4|
    |icmp_ln84_4_fu_312_p2       |   icmp   |      0|  0|    2|           2|           3|
    |icmp_ln84_5_fu_326_p2       |   icmp   |      0|  0|    1|           2|           1|
    |icmp_ln84_6_fu_340_p2       |   icmp   |      0|  0|    1|           2|           1|
    |icmp_ln84_fu_474_p2         |   icmp   |      0|  0|    1|           2|           2|
    |collisions_0_fu_575_p2      |    or    |      0|  0|   64|          64|          64|
    |collisions_1_fu_636_p2      |    or    |      0|  0|   64|          64|          64|
    |collisions_2_fu_703_p2      |    or    |      0|  0|   64|          64|          64|
    |collisions_3_fu_770_p2      |    or    |      0|  0|   64|          64|          64|
    |or_ln127_2_fu_631_p2        |    or    |      0|  0|   64|          64|          64|
    |or_ln127_4_fu_698_p2        |    or    |      0|  0|   64|          64|          64|
    |or_ln127_6_fu_765_p2        |    or    |      0|  0|   64|          64|          64|
    |or_ln127_fu_570_p2          |    or    |      0|  0|   64|          64|          64|
    |or_ln80_1_fu_654_p2         |    or    |      0|  0|   32|          32|           2|
    |or_ln80_2_fu_676_p2         |    or    |      0|  0|   32|          32|           1|
    |or_ln80_3_fu_721_p2         |    or    |      0|  0|   32|          32|           2|
    |or_ln80_4_fu_743_p2         |    or    |      0|  0|   32|          32|           2|
    |or_ln80_fu_593_p2           |    or    |      0|  0|   32|          32|           1|
    |returnCollisions_fu_807_p2  |    or    |      0|  0|   64|          64|          64|
    |select_ln84_18_fu_332_p3    |  select  |      0|  0|   64|           1|          64|
    |select_ln84_19_fu_346_p3    |  select  |      0|  0|   64|           1|          64|
    |select_ln84_20_fu_354_p3    |  select  |      0|  0|   64|           1|           1|
    |select_ln84_21_fu_362_p3    |  select  |      0|  0|   64|           1|          64|
    |select_ln84_22_fu_370_p3    |  select  |      0|  0|   64|           1|          64|
    |select_ln84_23_fu_378_p3    |  select  |      0|  0|   64|           1|           1|
    |select_ln84_24_fu_386_p3    |  select  |      0|  0|   64|           1|          64|
    |select_ln84_25_fu_394_p3    |  select  |      0|  0|   64|           1|           1|
    |select_ln84_26_fu_402_p3    |  select  |      0|  0|   64|           1|          64|
    |select_ln84_27_fu_410_p3    |  select  |      0|  0|   64|           1|          64|
    |select_ln84_28_fu_418_p3    |  select  |      0|  0|   64|           1|          64|
    |select_ln84_29_fu_426_p3    |  select  |      0|  0|   64|           1|           1|
    |select_ln84_30_fu_434_p3    |  select  |      0|  0|   64|           1|          64|
    |select_ln84_31_fu_442_p3    |  select  |      0|  0|   64|           1|          64|
    |select_ln84_32_fu_450_p3    |  select  |      0|  0|   64|           1|           1|
    |select_ln84_33_fu_458_p3    |  select  |      0|  0|   64|           1|          64|
    |select_ln84_34_fu_466_p3    |  select  |      0|  0|   64|           1|           1|
    |select_ln84_fu_318_p3       |  select  |      0|  0|   64|           1|          64|
    |shl_ln126_1_fu_609_p2       |    shl   |      0|  0|  182|           1|          64|
    |shl_ln126_2_fu_670_p2       |    shl   |      0|  0|  182|           1|          64|
    |shl_ln126_3_fu_737_p2       |    shl   |      0|  0|  182|           1|          64|
    |shl_ln126_fu_542_p2         |    shl   |      0|  0|  182|           1|          64|
    |shl_ln127_1_fu_625_p2       |    shl   |      0|  0|  182|           1|          64|
    |shl_ln127_2_fu_692_p2       |    shl   |      0|  0|  182|           1|          64|
    |shl_ln127_3_fu_759_p2       |    shl   |      0|  0|  182|           1|          64|
    |shl_ln127_fu_564_p2         |    shl   |      0|  0|  182|           1|          64|
    +----------------------------+----------+-------+---+-----+------------+------------+
    |Total                       |          |      0|  0| 3646|        1036|        2171|
    +----------------------------+----------+-------+---+-----+------------+------------+

    * Multiplexer: 
    +--------------------------------------+----+-----------+-----+-----------+
    |                 Name                 | LUT| Input Size| Bits| Total Bits|
    +--------------------------------------+----+-----------+-----+-----------+
    |ap_NS_fsm                             |   8|         20|    1|         20|
    |ap_return                             |   3|          2|   64|        128|
    |collisions_0_21_reg_145               |   3|          2|   64|        128|
    |collisions_1_22_reg_155               |   3|          2|   64|        128|
    |collisions_2_23_reg_165               |   3|          2|   64|        128|
    |collisions_3_24_reg_175               |   3|          2|   64|        128|
    |grp_lineIntersectsPlane_fu_207_plane  |   4|          5|   32|        160|
    |i_1_reg_196                           |   3|          2|    3|          6|
    |phi_ln84_reg_134                      |   3|          2|    2|          4|
    |returnCollisions_0_reg_185            |   3|          2|   64|        128|
    +--------------------------------------+----+-----------+-----+-----------+
    |Total                                 |  36|         41|  422|        958|
    +--------------------------------------+----+-----------+-----+-----------+

    * Register: 
    +---------------------------------------------+----+----+-----+-----------+
    |                     Name                    | FF | LUT| Bits| Const Bits|
    +---------------------------------------------+----+----+-----+-----------+
    |ap_CS_fsm                                    |  19|   0|   19|          0|
    |ap_return_preg                               |  64|   0|   64|          0|
    |collisions_0_0_fu_82                         |  64|   0|   64|          0|
    |collisions_0_21_reg_145                      |  64|   0|   64|          0|
    |collisions_1_0_fu_86                         |  64|   0|   64|          0|
    |collisions_1_22_reg_155                      |  64|   0|   64|          0|
    |collisions_2_0_fu_90                         |  64|   0|   64|          0|
    |collisions_2_23_reg_165                      |  64|   0|   64|          0|
    |collisions_3_0_fu_94                         |  64|   0|   64|          0|
    |collisions_3_24_reg_175                      |  64|   0|   64|          0|
    |collisions_load_1_075_fu_66                  |  64|   0|   64|          0|
    |collisions_load_1_177_fu_70                  |  64|   0|   64|          0|
    |collisions_load_1_279_fu_74                  |  64|   0|   64|          0|
    |collisions_load_1_381_fu_78                  |  64|   0|   64|          0|
    |grp_lineIntersectsPlane_fu_207_ap_start_reg  |   1|   0|    1|          0|
    |grp_pointOnSegment_fu_222_ap_start_reg       |   1|   0|    1|          0|
    |i_1_reg_196                                  |   3|   0|    3|          0|
    |phi_ln84_reg_134                             |   2|   0|    2|          0|
    |reg_257                                      |  32|   0|   32|          0|
    |reg_263                                      |  32|   0|   32|          0|
    |reg_269                                      |  32|   0|   32|          0|
    |reg_274                                      |  32|   0|   32|          0|
    |reg_278                                      |  32|   0|   32|          0|
    |returnCollisions_0_reg_185                   |  64|   0|   64|          0|
    |select_ln84_19_reg_902                       |  64|   0|   64|          0|
    |select_ln84_22_reg_907                       |  64|   0|   64|          0|
    |select_ln84_24_reg_912                       |  64|   0|   64|          0|
    |select_ln84_25_reg_917                       |  64|   0|   64|          0|
    |select_ln84_28_reg_922                       |  64|   0|   64|          0|
    |select_ln84_31_reg_927                       |  64|   0|   64|          0|
    |select_ln84_33_reg_932                       |  64|   0|   64|          0|
    |select_ln84_34_reg_937                       |  64|   0|   64|          0|
    |tmp_43_1_reg_954                             |   1|   0|    1|          0|
    |tmp_43_2_reg_963                             |   1|   0|    1|          0|
    |tmp_43_3_reg_972                             |   1|   0|    1|          0|
    |tmp_s_reg_945                                |   1|   0|    1|          0|
    +---------------------------------------------+----+----+-----+-----------+
    |Total                                        |1598|   0| 1598|          0|
    +---------------------------------------------+----+----+-----+-----------+



================================================================
== Interface
================================================================
* Summary: 
+-----------+-----+-----+------------+--------------+--------------+
| RTL Ports | Dir | Bits|  Protocol  | Source Object|    C Type    |
+-----------+-----+-----+------------+--------------+--------------+
|ap_clk     |  in |    1| ap_ctrl_hs |  checkAxis.1 | return value |
|ap_rst     |  in |    1| ap_ctrl_hs |  checkAxis.1 | return value |
|ap_start   |  in |    1| ap_ctrl_hs |  checkAxis.1 | return value |
|ap_done    | out |    1| ap_ctrl_hs |  checkAxis.1 | return value |
|ap_idle    | out |    1| ap_ctrl_hs |  checkAxis.1 | return value |
|ap_ready   | out |    1| ap_ctrl_hs |  checkAxis.1 | return value |
|ap_return  | out |   64| ap_ctrl_hs |  checkAxis.1 | return value |
|edge_p1_x  |  in |   32|   ap_none  |   edge_p1_x  |    scalar    |
|edge_p1_y  |  in |   32|   ap_none  |   edge_p1_y  |    scalar    |
|edge_p1_z  |  in |   32|   ap_none  |   edge_p1_z  |    scalar    |
|edge_p2_x  |  in |   32|   ap_none  |   edge_p2_x  |    scalar    |
|edge_p2_y  |  in |   32|   ap_none  |   edge_p2_y  |    scalar    |
|edge_p2_z  |  in |   32|   ap_none  |   edge_p2_z  |    scalar    |
+-----------+-----+-----+------------+--------------+--------------+

