

================================================================
== Vivado HLS Report for 'checkAxis_0'
================================================================
* Date:           Sun Mar 29 21:05:15 2020

* Version:        2019.2 (Build 2704478 on Wed Nov 06 22:10:23 MST 2019)
* Project:        honeybee_proj
* Solution:       HBF
* Product family: zynq
* Target device:  xc7z030i-fbg484-2L


================================================================
== Performance Estimates
================================================================
+ Timing: 
    * Summary: 
    +--------+----------+----------+------------+
    |  Clock |  Target  | Estimated| Uncertainty|
    +--------+----------+----------+------------+
    |ap_clk  | 10.00 ns | 9.478 ns |   1.25 ns  |
    +--------+----------+----------+------------+

+ Latency: 
    * Summary: 
    +---------+---------+----------+----------+-----+-----+---------+
    |  Latency (cycles) |  Latency (absolute) |  Interval | Pipeline|
    |   min   |   max   |    min   |    max   | min | max |   Type  |
    +---------+---------+----------+----------+-----+-----+---------+
    |      213|      213| 2.130 us | 2.130 us |  213|  213|   none  |
    +---------+---------+----------+----------+-----+-----+---------+

    + Detail: 
        * Instance: 
        +---------------------------------+----------------------+---------+---------+-----------+-----------+-----+-----+---------+
        |                                 |                      |  Latency (cycles) |   Latency (absolute)  |  Interval | Pipeline|
        |             Instance            |        Module        |   min   |   max   |    min    |    max    | min | max |   Type  |
        +---------------------------------+----------------------+---------+---------+-----------+-----------+-----+-----+---------+
        |grp_lineIntersectsPlane_fu_207   |lineIntersectsPlane   |       44|       44|  0.440 us |  0.440 us |   44|   44|   none  |
        |grp_pointOnSegment_fu_222        |pointOnSegment        |        3|        3| 30.000 ns | 30.000 ns |    3|    3|   none  |
        |grp_p_hls_fptosi_float_i_fu_235  |p_hls_fptosi_float_i  |        0|        0|    0 ns   |    0 ns   |    0|    0|   none  |
        |grp_p_hls_fptosi_float_i_fu_240  |p_hls_fptosi_float_i  |        0|        0|    0 ns   |    0 ns   |    0|    0|   none  |
        +---------------------------------+----------------------+---------+---------+-----------+-----------+-----+-----+---------+

        * Loop: 
        +---------------------+---------+---------+----------+-----------+-----------+------+----------+
        |                     |  Latency (cycles) | Iteration|  Initiation Interval  | Trip |          |
        |      Loop Name      |   min   |   max   |  Latency |  achieved |   target  | Count| Pipelined|
        +---------------------+---------+---------+----------+-----------+-----------+------+----------+
        |- memset_collisions  |        3|        3|         1|          -|          -|     4|    no    |
        |- Loop 2             |        4|        4|         1|          -|          -|     4|    no    |
        +---------------------+---------+---------+----------+-----------+-----------+------+----------+



================================================================
== Utilization Estimates
================================================================
* Summary: 
+-----------------+---------+-------+--------+-------+-----+
|       Name      | BRAM_18K| DSP48E|   FF   |  LUT  | URAM|
+-----------------+---------+-------+--------+-------+-----+
|DSP              |        -|      -|       -|      -|    -|
|Expression       |        -|      -|       0|   3646|    -|
|FIFO             |        -|      -|       -|      -|    -|
|Instance         |        -|     17|    2956|   6475|    -|
|Memory           |        -|      -|       -|      -|    -|
|Multiplexer      |        -|      -|       -|     36|    -|
|Register         |        -|      -|    1598|      -|    -|
+-----------------+---------+-------+--------+-------+-----+
|Total            |        0|     17|    4554|  10157|    0|
+-----------------+---------+-------+--------+-------+-----+
|Available        |      530|    400|  157200|  78600|    0|
+-----------------+---------+-------+--------+-------+-----+
|Utilization (%)  |        0|      4|       2|     12|    0|
+-----------------+---------+-------+--------+-------+-----+

+ Detail: 
    * Instance: 
    +---------------------------------+----------------------+---------+-------+------+------+-----+
    |             Instance            |        Module        | BRAM_18K| DSP48E|  FF  |  LUT | URAM|
    +---------------------------------+----------------------+---------+-------+------+------+-----+
    |honeybee_mux_42_6hbi_U46         |honeybee_mux_42_6hbi  |        0|      0|     0|    17|    0|
    |grp_lineIntersectsPlane_fu_207   |lineIntersectsPlane   |        0|     17|  2348|  3666|    0|
    |grp_p_hls_fptosi_float_i_fu_235  |p_hls_fptosi_float_i  |        0|      0|     0|   431|    0|
    |grp_p_hls_fptosi_float_i_fu_240  |p_hls_fptosi_float_i  |        0|      0|     0|   431|    0|
    |grp_pointOnSegment_fu_222        |pointOnSegment        |        0|      0|   608|  1930|    0|
    +---------------------------------+----------------------+---------+-------+------+------+-----+
    |Total                            |                      |        0|     17|  2956|  6475|    0|
    +---------------------------------+----------------------+---------+-------+------+------+-----+

    * DSP48E: 
    N/A

    * Memory: 
    N/A

    * FIFO: 
    N/A

    * Expression: 
    +----------------------------+----------+-------+---+-----+------------+------------+
    |        Variable Name       | Operation| DSP48E| FF| LUT | Bitwidth P0| Bitwidth P1|
    +----------------------------+----------+-------+---+-----+------------+------------+
    |add_ln80_18_fu_542_p2       |     +    |      0|  0|   32|           4|          32|
    |add_ln80_19_fu_548_p2       |     +    |      0|  0|   32|          32|          32|
    |add_ln80_20_fu_587_p2       |     +    |      0|  0|   32|          32|          32|
    |add_ln80_21_fu_603_p2       |     +    |      0|  0|   32|          32|          32|
    |add_ln80_22_fu_642_p2       |     +    |      0|  0|   32|          32|          32|
    |add_ln80_23_fu_664_p2       |     +    |      0|  0|   32|          32|          32|
    |add_ln80_24_fu_703_p2       |     +    |      0|  0|   32|          32|          32|
    |add_ln80_25_fu_725_p2       |     +    |      0|  0|   32|          32|          32|
    |add_ln80_fu_526_p2          |     +    |      0|  0|   32|          32|          32|
    |add_ln84_fu_306_p2          |     +    |      0|  0|    3|           2|           1|
    |i_fu_759_p2                 |     +    |      0|  0|    4|           3|           1|
    |icmp_ln132_fu_753_p2        |   icmp   |      0|  0|    2|           3|           4|
    |icmp_ln84_7_fu_312_p2       |   icmp   |      0|  0|    2|           2|           3|
    |icmp_ln84_8_fu_326_p2       |   icmp   |      0|  0|    1|           2|           1|
    |icmp_ln84_9_fu_340_p2       |   icmp   |      0|  0|    1|           2|           1|
    |icmp_ln84_fu_474_p2         |   icmp   |      0|  0|    1|           2|           2|
    |collisions_0_fu_569_p2      |    or    |      0|  0|   64|          64|          64|
    |collisions_1_fu_624_p2      |    or    |      0|  0|   64|          64|          64|
    |collisions_2_fu_685_p2      |    or    |      0|  0|   64|          64|          64|
    |collisions_3_fu_746_p2      |    or    |      0|  0|   64|          64|          64|
    |or_ln118_2_fu_619_p2        |    or    |      0|  0|   64|          64|          64|
    |or_ln118_4_fu_680_p2        |    or    |      0|  0|   64|          64|          64|
    |or_ln118_6_fu_741_p2        |    or    |      0|  0|   64|          64|          64|
    |or_ln118_fu_564_p2          |    or    |      0|  0|   64|          64|          64|
    |or_ln80_5_fu_636_p2         |    or    |      0|  0|   32|          32|           4|
    |or_ln80_6_fu_658_p2         |    or    |      0|  0|   32|          32|           3|
    |or_ln80_7_fu_697_p2         |    or    |      0|  0|   32|          32|           4|
    |or_ln80_8_fu_719_p2         |    or    |      0|  0|   32|          32|           4|
    |or_ln80_fu_581_p2           |    or    |      0|  0|   32|          32|           3|
    |returnCollisions_fu_783_p2  |    or    |      0|  0|   64|          64|          64|
    |select_ln84_35_fu_332_p3    |  select  |      0|  0|   64|           1|          64|
    |select_ln84_36_fu_346_p3    |  select  |      0|  0|   64|           1|          64|
    |select_ln84_37_fu_354_p3    |  select  |      0|  0|   64|           1|           1|
    |select_ln84_38_fu_362_p3    |  select  |      0|  0|   64|           1|          64|
    |select_ln84_39_fu_370_p3    |  select  |      0|  0|   64|           1|          64|
    |select_ln84_40_fu_378_p3    |  select  |      0|  0|   64|           1|           1|
    |select_ln84_41_fu_386_p3    |  select  |      0|  0|   64|           1|          64|
    |select_ln84_42_fu_394_p3    |  select  |      0|  0|   64|           1|           1|
    |select_ln84_43_fu_402_p3    |  select  |      0|  0|   64|           1|          64|
    |select_ln84_44_fu_410_p3    |  select  |      0|  0|   64|           1|          64|
    |select_ln84_45_fu_418_p3    |  select  |      0|  0|   64|           1|          64|
    |select_ln84_46_fu_426_p3    |  select  |      0|  0|   64|           1|           1|
    |select_ln84_47_fu_434_p3    |  select  |      0|  0|   64|           1|          64|
    |select_ln84_48_fu_442_p3    |  select  |      0|  0|   64|           1|          64|
    |select_ln84_49_fu_450_p3    |  select  |      0|  0|   64|           1|           1|
    |select_ln84_50_fu_458_p3    |  select  |      0|  0|   64|           1|          64|
    |select_ln84_51_fu_466_p3    |  select  |      0|  0|   64|           1|           1|
    |select_ln84_fu_318_p3       |  select  |      0|  0|   64|           1|          64|
    |shl_ln117_1_fu_597_p2       |    shl   |      0|  0|  182|           1|          64|
    |shl_ln117_2_fu_652_p2       |    shl   |      0|  0|  182|           1|          64|
    |shl_ln117_3_fu_713_p2       |    shl   |      0|  0|  182|           1|          64|
    |shl_ln117_fu_536_p2         |    shl   |      0|  0|  182|           1|          64|
    |shl_ln118_1_fu_613_p2       |    shl   |      0|  0|  182|           1|          64|
    |shl_ln118_2_fu_674_p2       |    shl   |      0|  0|  182|           1|          64|
    |shl_ln118_3_fu_735_p2       |    shl   |      0|  0|  182|           1|          64|
    |shl_ln118_fu_558_p2         |    shl   |      0|  0|  182|           1|          64|
    +----------------------------+----------+-------+---+-----+------------+------------+
    |Total                       |          |      0|  0| 3646|        1038|        2181|
    +----------------------------+----------+-------+---+-----+------------+------------+

    * Multiplexer: 
    +--------------------------------------+----+-----------+-----+-----------+
    |                 Name                 | LUT| Input Size| Bits| Total Bits|
    +--------------------------------------+----+-----------+-----+-----------+
    |ap_NS_fsm                             |   8|         20|    1|         20|
    |ap_return                             |   3|          2|   64|        128|
    |collisions_0_2_reg_145                |   3|          2|   64|        128|
    |collisions_1_2_reg_155                |   3|          2|   64|        128|
    |collisions_2_2_reg_165                |   3|          2|   64|        128|
    |collisions_3_2_reg_175                |   3|          2|   64|        128|
    |grp_lineIntersectsPlane_fu_207_plane  |   4|          5|   32|        160|
    |i_1_reg_196                           |   3|          2|    3|          6|
    |phi_ln84_reg_134                      |   3|          2|    2|          4|
    |returnCollisions_0_reg_185            |   3|          2|   64|        128|
    +--------------------------------------+----+-----------+-----+-----------+
    |Total                                 |  36|         41|  422|        958|
    +--------------------------------------+----+-----------+-----+-----------+

    * Register: 
    +---------------------------------------------+----+----+-----+-----------+
    |                     Name                    | FF | LUT| Bits| Const Bits|
    +---------------------------------------------+----+----+-----+-----------+
    |ap_CS_fsm                                    |  19|   0|   19|          0|
    |ap_return_preg                               |  64|   0|   64|          0|
    |collisions_0_0_fu_82                         |  64|   0|   64|          0|
    |collisions_0_2_reg_145                       |  64|   0|   64|          0|
    |collisions_1_0_fu_86                         |  64|   0|   64|          0|
    |collisions_1_2_reg_155                       |  64|   0|   64|          0|
    |collisions_2_0_fu_90                         |  64|   0|   64|          0|
    |collisions_2_2_reg_165                       |  64|   0|   64|          0|
    |collisions_3_0_fu_94                         |  64|   0|   64|          0|
    |collisions_3_2_reg_175                       |  64|   0|   64|          0|
    |collisions_load_1_075_fu_66                  |  64|   0|   64|          0|
    |collisions_load_1_177_fu_70                  |  64|   0|   64|          0|
    |collisions_load_1_279_fu_74                  |  64|   0|   64|          0|
    |collisions_load_1_381_fu_78                  |  64|   0|   64|          0|
    |grp_lineIntersectsPlane_fu_207_ap_start_reg  |   1|   0|    1|          0|
    |grp_pointOnSegment_fu_222_ap_start_reg       |   1|   0|    1|          0|
    |i_1_reg_196                                  |   3|   0|    3|          0|
    |phi_ln84_reg_134                             |   2|   0|    2|          0|
    |reg_257                                      |  32|   0|   32|          0|
    |reg_263                                      |  32|   0|   32|          0|
    |reg_269                                      |  32|   0|   32|          0|
    |reg_274                                      |  32|   0|   32|          0|
    |reg_278                                      |  32|   0|   32|          0|
    |returnCollisions_0_reg_185                   |  64|   0|   64|          0|
    |select_ln84_36_reg_878                       |  64|   0|   64|          0|
    |select_ln84_39_reg_883                       |  64|   0|   64|          0|
    |select_ln84_41_reg_888                       |  64|   0|   64|          0|
    |select_ln84_42_reg_893                       |  64|   0|   64|          0|
    |select_ln84_45_reg_898                       |  64|   0|   64|          0|
    |select_ln84_48_reg_903                       |  64|   0|   64|          0|
    |select_ln84_50_reg_908                       |  64|   0|   64|          0|
    |select_ln84_51_reg_913                       |  64|   0|   64|          0|
    |tmp_42_1_reg_930                             |   1|   0|    1|          0|
    |tmp_42_2_reg_939                             |   1|   0|    1|          0|
    |tmp_42_3_reg_948                             |   1|   0|    1|          0|
    |tmp_s_reg_921                                |   1|   0|    1|          0|
    +---------------------------------------------+----+----+-----+-----------+
    |Total                                        |1598|   0| 1598|          0|
    +---------------------------------------------+----+----+-----+-----------+



================================================================
== Interface
================================================================
* Summary: 
+-----------+-----+-----+------------+--------------+--------------+
| RTL Ports | Dir | Bits|  Protocol  | Source Object|    C Type    |
+-----------+-----+-----+------------+--------------+--------------+
|ap_clk     |  in |    1| ap_ctrl_hs |  checkAxis.0 | return value |
|ap_rst     |  in |    1| ap_ctrl_hs |  checkAxis.0 | return value |
|ap_start   |  in |    1| ap_ctrl_hs |  checkAxis.0 | return value |
|ap_done    | out |    1| ap_ctrl_hs |  checkAxis.0 | return value |
|ap_idle    | out |    1| ap_ctrl_hs |  checkAxis.0 | return value |
|ap_ready   | out |    1| ap_ctrl_hs |  checkAxis.0 | return value |
|ap_return  | out |   64| ap_ctrl_hs |  checkAxis.0 | return value |
|edge_p1_x  |  in |   32|   ap_none  |   edge_p1_x  |    scalar    |
|edge_p1_y  |  in |   32|   ap_none  |   edge_p1_y  |    scalar    |
|edge_p1_z  |  in |   32|   ap_none  |   edge_p1_z  |    scalar    |
|edge_p2_x  |  in |   32|   ap_none  |   edge_p2_x  |    scalar    |
|edge_p2_y  |  in |   32|   ap_none  |   edge_p2_y  |    scalar    |
|edge_p2_z  |  in |   32|   ap_none  |   edge_p2_z  |    scalar    |
+-----------+-----+-----+------------+--------------+--------------+

