

================================================================
== Vivado HLS Report for 'honeybee'
================================================================
* Date:           Wed Mar 25 00:31:50 2020

* Version:        2019.2 (Build 2704478 on Wed Nov 06 22:10:23 MST 2019)
* Project:        HoneyBee-B
* Solution:       solution4
* Product family: zynq
* Target device:  xc7z020-clg484-1


================================================================
== Performance Estimates
================================================================
+ Timing: 
    * Summary: 
    +--------+----------+----------+------------+
    |  Clock |  Target  | Estimated| Uncertainty|
    +--------+----------+----------+------------+
    |ap_clk  | 10.00 ns | 9.921 ns |   1.25 ns  |
    +--------+----------+----------+------------+

+ Latency: 
    * Summary: 
    +---------+---------+----------+----------+-----+-----+---------+
    |  Latency (cycles) |  Latency (absolute) |  Interval | Pipeline|
    |   min   |   max   |    min   |    max   | min | max |   Type  |
    +---------+---------+----------+----------+-----+-----+---------+
    |       76|      425| 0.760 us | 4.250 us |   76|  425|   none  |
    +---------+---------+----------+----------+-----+-----+---------+

    + Detail: 
        * Instance: 
        +---------------------------------+----------------------+---------+---------+----------+----------+-----+-----+---------+
        |                                 |                      |  Latency (cycles) |  Latency (absolute) |  Interval | Pipeline|
        |             Instance            |        Module        |   min   |   max   |    min   |    max   | min | max |   Type  |
        +---------------------------------+----------------------+---------+---------+----------+----------+-----+-----+---------+
        |grp_segmentIntersectsGri_fu_82   |segmentIntersectsGri  |       75|      424| 0.750 us | 4.240 us |   75|  424|   none  |
        |grp_segmentIntersectsGri_fu_104  |segmentIntersectsGri  |       75|      424| 0.750 us | 4.240 us |   75|  424|   none  |
        |grp_segmentIntersectsGri_fu_126  |segmentIntersectsGri  |       75|      424| 0.750 us | 4.240 us |   75|  424|   none  |
        |grp_segmentIntersectsGri_fu_148  |segmentIntersectsGri  |       75|      424| 0.750 us | 4.240 us |   75|  424|   none  |
        |grp_segmentIntersectsGri_fu_170  |segmentIntersectsGri  |       75|      424| 0.750 us | 4.240 us |   75|  424|   none  |
        |grp_segmentIntersectsGri_fu_192  |segmentIntersectsGri  |       75|      424| 0.750 us | 4.240 us |   75|  424|   none  |
        |grp_segmentIntersectsGri_fu_214  |segmentIntersectsGri  |       75|      424| 0.750 us | 4.240 us |   75|  424|   none  |
        |grp_segmentIntersectsGri_fu_236  |segmentIntersectsGri  |       75|      424| 0.750 us | 4.240 us |   75|  424|   none  |
        +---------------------------------+----------------------+---------+---------+----------+----------+-----+-----+---------+

        * Loop: 
        N/A



================================================================
== Utilization Estimates
================================================================
* Summary: 
+-----------------+---------+-------+--------+--------+-----+
|       Name      | BRAM_18K| DSP48E|   FF   |   LUT  | URAM|
+-----------------+---------+-------+--------+--------+-----+
|DSP              |        -|      -|       -|       -|    -|
|Expression       |        -|      -|       0|      40|    -|
|FIFO             |        -|      -|       -|       -|    -|
|Instance         |        -|    272|   44704|  101856|    -|
|Memory           |        -|      -|       -|       -|    -|
|Multiplexer      |        -|      -|       -|      15|    -|
|Register         |        -|      -|      10|       -|    -|
+-----------------+---------+-------+--------+--------+-----+
|Total            |        0|    272|   44714|  101911|    0|
+-----------------+---------+-------+--------+--------+-----+
|Available        |      280|    220|  106400|   53200|    0|
+-----------------+---------+-------+--------+--------+-----+
|Utilization (%)  |        0|    123|      42|     191|    0|
+-----------------+---------+-------+--------+--------+-----+

+ Detail: 
    * Instance: 
    +---------------------------------+----------------------+---------+-------+------+-------+-----+
    |             Instance            |        Module        | BRAM_18K| DSP48E|  FF  |  LUT  | URAM|
    +---------------------------------+----------------------+---------+-------+------+-------+-----+
    |grp_segmentIntersectsGri_fu_82   |segmentIntersectsGri  |        0|     34|  5588|  12732|    0|
    |grp_segmentIntersectsGri_fu_104  |segmentIntersectsGri  |        0|     34|  5588|  12732|    0|
    |grp_segmentIntersectsGri_fu_126  |segmentIntersectsGri  |        0|     34|  5588|  12732|    0|
    |grp_segmentIntersectsGri_fu_148  |segmentIntersectsGri  |        0|     34|  5588|  12732|    0|
    |grp_segmentIntersectsGri_fu_170  |segmentIntersectsGri  |        0|     34|  5588|  12732|    0|
    |grp_segmentIntersectsGri_fu_192  |segmentIntersectsGri  |        0|     34|  5588|  12732|    0|
    |grp_segmentIntersectsGri_fu_214  |segmentIntersectsGri  |        0|     34|  5588|  12732|    0|
    |grp_segmentIntersectsGri_fu_236  |segmentIntersectsGri  |        0|     34|  5588|  12732|    0|
    +---------------------------------+----------------------+---------+-------+------+-------+-----+
    |Total                            |                      |        0|    272| 44704| 101856|    0|
    +---------------------------------+----------------------+---------+-------+------+-------+-----+

    * DSP48E: 
    N/A

    * Memory: 
    N/A

    * FIFO: 
    N/A

    * Expression: 
    +---------------------------------+----------+-------+---+----+------------+------------+
    |          Variable Name          | Operation| DSP48E| FF| LUT| Bitwidth P0| Bitwidth P1|
    +---------------------------------+----------+-------+---+----+------------+------------+
    |ap_block_state2_on_subcall_done  |    or    |      0|  0|   2|           1|           1|
    |ap_return                        |  select  |      0|  0|   8|           1|           8|
    |select_ln158_1_fu_290_p3         |  select  |      0|  0|   3|           1|           3|
    |select_ln158_2_fu_310_p3         |  select  |      0|  0|   4|           1|           4|
    |select_ln158_3_fu_330_p3         |  select  |      0|  0|   5|           1|           5|
    |select_ln158_4_fu_350_p3         |  select  |      0|  0|   6|           1|           6|
    |select_ln158_5_fu_370_p3         |  select  |      0|  0|   7|           1|           7|
    |select_ln158_fu_270_p3           |  select  |      0|  0|   2|           1|           2|
    |select_ln159_fu_262_p3           |  select  |      0|  0|   3|           1|           2|
    +---------------------------------+----------+-------+---+----+------------+------------+
    |Total                            |          |      0|  0|  40|           9|          38|
    +---------------------------------+----------+-------+---+----+------------+------------+

    * Multiplexer: 
    +-----------+----+-----------+-----+-----------+
    |    Name   | LUT| Input Size| Bits| Total Bits|
    +-----------+----+-----------+-----+-----------+
    |ap_NS_fsm  |  15|          3|    1|          3|
    +-----------+----+-----------+-----+-----------+
    |Total      |  15|          3|    1|          3|
    +-----------+----+-----------+-----+-----------+

    * Register: 
    +----------------------------------------------+---+----+-----+-----------+
    |                     Name                     | FF| LUT| Bits| Const Bits|
    +----------------------------------------------+---+----+-----+-----------+
    |ap_CS_fsm                                     |  2|   0|    2|          0|
    |grp_segmentIntersectsGri_fu_104_ap_start_reg  |  1|   0|    1|          0|
    |grp_segmentIntersectsGri_fu_126_ap_start_reg  |  1|   0|    1|          0|
    |grp_segmentIntersectsGri_fu_148_ap_start_reg  |  1|   0|    1|          0|
    |grp_segmentIntersectsGri_fu_170_ap_start_reg  |  1|   0|    1|          0|
    |grp_segmentIntersectsGri_fu_192_ap_start_reg  |  1|   0|    1|          0|
    |grp_segmentIntersectsGri_fu_214_ap_start_reg  |  1|   0|    1|          0|
    |grp_segmentIntersectsGri_fu_236_ap_start_reg  |  1|   0|    1|          0|
    |grp_segmentIntersectsGri_fu_82_ap_start_reg   |  1|   0|    1|          0|
    +----------------------------------------------+---+----+-----+-----------+
    |Total                                         | 10|   0|   10|          0|
    +----------------------------------------------+---+----+-----+-----------+



================================================================
== Interface
================================================================
* Summary: 
+-----------+-----+-----+------------+--------------+--------------+
| RTL Ports | Dir | Bits|  Protocol  | Source Object|    C Type    |
+-----------+-----+-----+------------+--------------+--------------+
|ap_clk     |  in |    1| ap_ctrl_hs |   honeybee   | return value |
|ap_rst     |  in |    1| ap_ctrl_hs |   honeybee   | return value |
|ap_start   |  in |    1| ap_ctrl_hs |   honeybee   | return value |
|ap_done    | out |    1| ap_ctrl_hs |   honeybee   | return value |
|ap_idle    | out |    1| ap_ctrl_hs |   honeybee   | return value |
|ap_ready   | out |    1| ap_ctrl_hs |   honeybee   | return value |
|ap_return  | out |    8| ap_ctrl_hs |   honeybee   | return value |
|edge_p1_x  |  in |   32|   ap_none  |   edge_p1_x  |    scalar    |
|edge_p1_y  |  in |   32|   ap_none  |   edge_p1_y  |    scalar    |
|edge_p1_z  |  in |   32|   ap_none  |   edge_p1_z  |    scalar    |
|edge_p2_x  |  in |   32|   ap_none  |   edge_p2_x  |    scalar    |
|edge_p2_y  |  in |   32|   ap_none  |   edge_p2_y  |    scalar    |
|edge_p2_z  |  in |   32|   ap_none  |   edge_p2_z  |    scalar    |
+-----------+-----+-----+------------+--------------+--------------+

