

================================================================
== Vivado HLS Report for 'honeybee'
================================================================
* Date:           Mon Mar 30 02:47:51 2020

* Version:        2019.2 (Build 2704478 on Wed Nov 06 22:10:23 MST 2019)
* Project:        honeybee_proj
* Solution:       HBH
* Product family: zynq
* Target device:  xc7z030i-fbg484-2L


================================================================
== Performance Estimates
================================================================
+ Timing: 
    * Summary: 
    +--------+----------+----------+------------+
    |  Clock |  Target  | Estimated| Uncertainty|
    +--------+----------+----------+------------+
    |ap_clk  | 10.00 ns | 8.588 ns |   1.25 ns  |
    +--------+----------+----------+------------+

+ Latency: 
    * Summary: 
    +---------+---------+----------+----------+-----+-----+---------+
    |  Latency (cycles) |  Latency (absolute) |  Interval | Pipeline|
    |   min   |   max   |    min   |    max   | min | max |   Type  |
    +---------+---------+----------+----------+-----+-----+---------+
    |       53|       53| 0.530 us | 0.530 us |   53|   53|   none  |
    +---------+---------+----------+----------+-----+-----+---------+

    + Detail: 
        * Instance: 
        N/A

        * Loop: 
        N/A

============================================================
+ Verbose Summary: Synthesis Manager
============================================================
InlineROM: 1
ExposeGlobal: 0
============================================================
+ Verbose Summary: CDFG Model
============================================================
IsTopModel: 1
ResetActiveHigh: 1
IsCombinational: 0
IsDatapathOnly: 0
HasWiredReturn: 1
HasMFsm: 0
HasVarLatency: 1
IsPipeline: 0
IsRtlPipelined: 0
IsInstanceOverlapped: 0
IsDontTouch: 0
HasImplIP: 0
IsGatedGlobalClock: 0


============================================================
+ Verbose Summary: Schedule
============================================================
* Number of FSM states : 54
* Pipeline : 0
* Dataflow Pipeline: 0

* FSM state transitions: 
1 --> 2 
2 --> 3 
3 --> 4 
4 --> 5 
5 --> 6 
6 --> 7 
7 --> 8 
8 --> 9 
9 --> 10 
10 --> 11 
11 --> 12 
12 --> 13 
13 --> 14 
14 --> 15 
15 --> 16 
16 --> 17 
17 --> 18 
18 --> 19 
19 --> 20 
20 --> 21 
21 --> 22 
22 --> 23 
23 --> 24 
24 --> 25 
25 --> 26 
26 --> 27 
27 --> 28 
28 --> 29 
29 --> 30 
30 --> 31 
31 --> 32 
32 --> 33 
33 --> 34 
34 --> 35 
35 --> 36 
36 --> 37 
37 --> 38 
38 --> 39 
39 --> 40 
40 --> 41 
41 --> 42 
42 --> 43 
43 --> 44 
44 --> 45 
45 --> 46 
46 --> 47 
47 --> 48 
48 --> 49 
49 --> 50 
50 --> 51 
51 --> 52 
52 --> 53 
53 --> 54 
54 --> 

* FSM state operations: 

State 1 <SV = 0> <Delay = 8.58>
ST_1 : Operation 55 [1/1] (0.00ns)   --->   "%edge_p2_z_read = call float @_ssdm_op_Read.ap_auto.float(float %edge_p2_z)" [src/honeybee.c:159]   --->   Operation 55 'read' 'edge_p2_z_read' <Predicate = true> <Delay = 0.00>
ST_1 : Operation 56 [1/1] (0.00ns)   --->   "%edge_p2_y_read = call float @_ssdm_op_Read.ap_auto.float(float %edge_p2_y)" [src/honeybee.c:159]   --->   Operation 56 'read' 'edge_p2_y_read' <Predicate = true> <Delay = 0.00>
ST_1 : Operation 57 [1/1] (0.00ns)   --->   "%edge_p2_x_read = call float @_ssdm_op_Read.ap_auto.float(float %edge_p2_x)" [src/honeybee.c:159]   --->   Operation 57 'read' 'edge_p2_x_read' <Predicate = true> <Delay = 0.00>
ST_1 : Operation 58 [1/1] (0.00ns)   --->   "%edge_p1_z_read = call float @_ssdm_op_Read.ap_auto.float(float %edge_p1_z)" [src/honeybee.c:159]   --->   Operation 58 'read' 'edge_p1_z_read' <Predicate = true> <Delay = 0.00>
ST_1 : Operation 59 [1/1] (0.00ns)   --->   "%edge_p1_y_read = call float @_ssdm_op_Read.ap_auto.float(float %edge_p1_y)" [src/honeybee.c:159]   --->   Operation 59 'read' 'edge_p1_y_read' <Predicate = true> <Delay = 0.00>
ST_1 : Operation 60 [1/1] (0.00ns)   --->   "%edge_p1_x_read = call float @_ssdm_op_Read.ap_auto.float(float %edge_p1_x)" [src/honeybee.c:159]   --->   Operation 60 'read' 'edge_p1_x_read' <Predicate = true> <Delay = 0.00>
ST_1 : Operation 61 [53/53] (8.58ns)   --->   "%collisions_z = call fastcc i64 @checkAxis.2(float %edge_p1_x_read, float %edge_p1_y_read, float %edge_p1_z_read, float %edge_p2_x_read, float %edge_p2_y_read, float %edge_p2_z_read)" [src/honeybee.c:166]   --->   Operation 61 'call' 'collisions_z' <Predicate = true> <Delay = 8.58> <CoreType = "Generic">   --->   Core 0 '' <Latency = 0> <II = 1> <Delay = 1.00> <Generic> <Opcode : >
ST_1 : Operation 62 [53/53] (8.58ns)   --->   "%collisions_y = call fastcc i64 @checkAxis.0(float %edge_p1_x_read, float %edge_p1_z_read, float %edge_p1_y_read, float %edge_p2_x_read, float %edge_p2_z_read, float %edge_p2_y_read)" [src/honeybee.c:167]   --->   Operation 62 'call' 'collisions_y' <Predicate = true> <Delay = 8.58> <CoreType = "Generic">   --->   Core 0 '' <Latency = 0> <II = 1> <Delay = 1.00> <Generic> <Opcode : >
ST_1 : Operation 63 [53/53] (8.58ns)   --->   "%collisions_x = call fastcc i64 @checkAxis.1(float %edge_p1_z_read, float %edge_p1_y_read, float %edge_p1_x_read, float %edge_p2_z_read, float %edge_p2_y_read, float %edge_p2_x_read)" [src/honeybee.c:168]   --->   Operation 63 'call' 'collisions_x' <Predicate = true> <Delay = 8.58> <CoreType = "Generic">   --->   Core 0 '' <Latency = 0> <II = 1> <Delay = 1.00> <Generic> <Opcode : >

State 2 <SV = 1> <Delay = 8.58>
ST_2 : Operation 64 [52/53] (8.58ns)   --->   "%collisions_z = call fastcc i64 @checkAxis.2(float %edge_p1_x_read, float %edge_p1_y_read, float %edge_p1_z_read, float %edge_p2_x_read, float %edge_p2_y_read, float %edge_p2_z_read)" [src/honeybee.c:166]   --->   Operation 64 'call' 'collisions_z' <Predicate = true> <Delay = 8.58> <CoreType = "Generic">   --->   Core 0 '' <Latency = 0> <II = 1> <Delay = 1.00> <Generic> <Opcode : >
ST_2 : Operation 65 [52/53] (8.58ns)   --->   "%collisions_y = call fastcc i64 @checkAxis.0(float %edge_p1_x_read, float %edge_p1_z_read, float %edge_p1_y_read, float %edge_p2_x_read, float %edge_p2_z_read, float %edge_p2_y_read)" [src/honeybee.c:167]   --->   Operation 65 'call' 'collisions_y' <Predicate = true> <Delay = 8.58> <CoreType = "Generic">   --->   Core 0 '' <Latency = 0> <II = 1> <Delay = 1.00> <Generic> <Opcode : >
ST_2 : Operation 66 [52/53] (8.58ns)   --->   "%collisions_x = call fastcc i64 @checkAxis.1(float %edge_p1_z_read, float %edge_p1_y_read, float %edge_p1_x_read, float %edge_p2_z_read, float %edge_p2_y_read, float %edge_p2_x_read)" [src/honeybee.c:168]   --->   Operation 66 'call' 'collisions_x' <Predicate = true> <Delay = 8.58> <CoreType = "Generic">   --->   Core 0 '' <Latency = 0> <II = 1> <Delay = 1.00> <Generic> <Opcode : >

State 3 <SV = 2> <Delay = 8.58>
ST_3 : Operation 67 [51/53] (8.58ns)   --->   "%collisions_z = call fastcc i64 @checkAxis.2(float %edge_p1_x_read, float %edge_p1_y_read, float %edge_p1_z_read, float %edge_p2_x_read, float %edge_p2_y_read, float %edge_p2_z_read)" [src/honeybee.c:166]   --->   Operation 67 'call' 'collisions_z' <Predicate = true> <Delay = 8.58> <CoreType = "Generic">   --->   Core 0 '' <Latency = 0> <II = 1> <Delay = 1.00> <Generic> <Opcode : >
ST_3 : Operation 68 [51/53] (8.58ns)   --->   "%collisions_y = call fastcc i64 @checkAxis.0(float %edge_p1_x_read, float %edge_p1_z_read, float %edge_p1_y_read, float %edge_p2_x_read, float %edge_p2_z_read, float %edge_p2_y_read)" [src/honeybee.c:167]   --->   Operation 68 'call' 'collisions_y' <Predicate = true> <Delay = 8.58> <CoreType = "Generic">   --->   Core 0 '' <Latency = 0> <II = 1> <Delay = 1.00> <Generic> <Opcode : >
ST_3 : Operation 69 [51/53] (8.58ns)   --->   "%collisions_x = call fastcc i64 @checkAxis.1(float %edge_p1_z_read, float %edge_p1_y_read, float %edge_p1_x_read, float %edge_p2_z_read, float %edge_p2_y_read, float %edge_p2_x_read)" [src/honeybee.c:168]   --->   Operation 69 'call' 'collisions_x' <Predicate = true> <Delay = 8.58> <CoreType = "Generic">   --->   Core 0 '' <Latency = 0> <II = 1> <Delay = 1.00> <Generic> <Opcode : >

State 4 <SV = 3> <Delay = 8.58>
ST_4 : Operation 70 [50/53] (8.58ns)   --->   "%collisions_z = call fastcc i64 @checkAxis.2(float %edge_p1_x_read, float %edge_p1_y_read, float %edge_p1_z_read, float %edge_p2_x_read, float %edge_p2_y_read, float %edge_p2_z_read)" [src/honeybee.c:166]   --->   Operation 70 'call' 'collisions_z' <Predicate = true> <Delay = 8.58> <CoreType = "Generic">   --->   Core 0 '' <Latency = 0> <II = 1> <Delay = 1.00> <Generic> <Opcode : >
ST_4 : Operation 71 [50/53] (8.58ns)   --->   "%collisions_y = call fastcc i64 @checkAxis.0(float %edge_p1_x_read, float %edge_p1_z_read, float %edge_p1_y_read, float %edge_p2_x_read, float %edge_p2_z_read, float %edge_p2_y_read)" [src/honeybee.c:167]   --->   Operation 71 'call' 'collisions_y' <Predicate = true> <Delay = 8.58> <CoreType = "Generic">   --->   Core 0 '' <Latency = 0> <II = 1> <Delay = 1.00> <Generic> <Opcode : >
ST_4 : Operation 72 [50/53] (8.58ns)   --->   "%collisions_x = call fastcc i64 @checkAxis.1(float %edge_p1_z_read, float %edge_p1_y_read, float %edge_p1_x_read, float %edge_p2_z_read, float %edge_p2_y_read, float %edge_p2_x_read)" [src/honeybee.c:168]   --->   Operation 72 'call' 'collisions_x' <Predicate = true> <Delay = 8.58> <CoreType = "Generic">   --->   Core 0 '' <Latency = 0> <II = 1> <Delay = 1.00> <Generic> <Opcode : >

State 5 <SV = 4> <Delay = 8.58>
ST_5 : Operation 73 [49/53] (8.58ns)   --->   "%collisions_z = call fastcc i64 @checkAxis.2(float %edge_p1_x_read, float %edge_p1_y_read, float %edge_p1_z_read, float %edge_p2_x_read, float %edge_p2_y_read, float %edge_p2_z_read)" [src/honeybee.c:166]   --->   Operation 73 'call' 'collisions_z' <Predicate = true> <Delay = 8.58> <CoreType = "Generic">   --->   Core 0 '' <Latency = 0> <II = 1> <Delay = 1.00> <Generic> <Opcode : >
ST_5 : Operation 74 [49/53] (8.58ns)   --->   "%collisions_y = call fastcc i64 @checkAxis.0(float %edge_p1_x_read, float %edge_p1_z_read, float %edge_p1_y_read, float %edge_p2_x_read, float %edge_p2_z_read, float %edge_p2_y_read)" [src/honeybee.c:167]   --->   Operation 74 'call' 'collisions_y' <Predicate = true> <Delay = 8.58> <CoreType = "Generic">   --->   Core 0 '' <Latency = 0> <II = 1> <Delay = 1.00> <Generic> <Opcode : >
ST_5 : Operation 75 [49/53] (8.58ns)   --->   "%collisions_x = call fastcc i64 @checkAxis.1(float %edge_p1_z_read, float %edge_p1_y_read, float %edge_p1_x_read, float %edge_p2_z_read, float %edge_p2_y_read, float %edge_p2_x_read)" [src/honeybee.c:168]   --->   Operation 75 'call' 'collisions_x' <Predicate = true> <Delay = 8.58> <CoreType = "Generic">   --->   Core 0 '' <Latency = 0> <II = 1> <Delay = 1.00> <Generic> <Opcode : >

State 6 <SV = 5> <Delay = 8.58>
ST_6 : Operation 76 [48/53] (8.58ns)   --->   "%collisions_z = call fastcc i64 @checkAxis.2(float %edge_p1_x_read, float %edge_p1_y_read, float %edge_p1_z_read, float %edge_p2_x_read, float %edge_p2_y_read, float %edge_p2_z_read)" [src/honeybee.c:166]   --->   Operation 76 'call' 'collisions_z' <Predicate = true> <Delay = 8.58> <CoreType = "Generic">   --->   Core 0 '' <Latency = 0> <II = 1> <Delay = 1.00> <Generic> <Opcode : >
ST_6 : Operation 77 [48/53] (8.58ns)   --->   "%collisions_y = call fastcc i64 @checkAxis.0(float %edge_p1_x_read, float %edge_p1_z_read, float %edge_p1_y_read, float %edge_p2_x_read, float %edge_p2_z_read, float %edge_p2_y_read)" [src/honeybee.c:167]   --->   Operation 77 'call' 'collisions_y' <Predicate = true> <Delay = 8.58> <CoreType = "Generic">   --->   Core 0 '' <Latency = 0> <II = 1> <Delay = 1.00> <Generic> <Opcode : >
ST_6 : Operation 78 [48/53] (8.58ns)   --->   "%collisions_x = call fastcc i64 @checkAxis.1(float %edge_p1_z_read, float %edge_p1_y_read, float %edge_p1_x_read, float %edge_p2_z_read, float %edge_p2_y_read, float %edge_p2_x_read)" [src/honeybee.c:168]   --->   Operation 78 'call' 'collisions_x' <Predicate = true> <Delay = 8.58> <CoreType = "Generic">   --->   Core 0 '' <Latency = 0> <II = 1> <Delay = 1.00> <Generic> <Opcode : >

State 7 <SV = 6> <Delay = 8.58>
ST_7 : Operation 79 [47/53] (8.58ns)   --->   "%collisions_z = call fastcc i64 @checkAxis.2(float %edge_p1_x_read, float %edge_p1_y_read, float %edge_p1_z_read, float %edge_p2_x_read, float %edge_p2_y_read, float %edge_p2_z_read)" [src/honeybee.c:166]   --->   Operation 79 'call' 'collisions_z' <Predicate = true> <Delay = 8.58> <CoreType = "Generic">   --->   Core 0 '' <Latency = 0> <II = 1> <Delay = 1.00> <Generic> <Opcode : >
ST_7 : Operation 80 [47/53] (8.58ns)   --->   "%collisions_y = call fastcc i64 @checkAxis.0(float %edge_p1_x_read, float %edge_p1_z_read, float %edge_p1_y_read, float %edge_p2_x_read, float %edge_p2_z_read, float %edge_p2_y_read)" [src/honeybee.c:167]   --->   Operation 80 'call' 'collisions_y' <Predicate = true> <Delay = 8.58> <CoreType = "Generic">   --->   Core 0 '' <Latency = 0> <II = 1> <Delay = 1.00> <Generic> <Opcode : >
ST_7 : Operation 81 [47/53] (8.58ns)   --->   "%collisions_x = call fastcc i64 @checkAxis.1(float %edge_p1_z_read, float %edge_p1_y_read, float %edge_p1_x_read, float %edge_p2_z_read, float %edge_p2_y_read, float %edge_p2_x_read)" [src/honeybee.c:168]   --->   Operation 81 'call' 'collisions_x' <Predicate = true> <Delay = 8.58> <CoreType = "Generic">   --->   Core 0 '' <Latency = 0> <II = 1> <Delay = 1.00> <Generic> <Opcode : >

State 8 <SV = 7> <Delay = 8.58>
ST_8 : Operation 82 [46/53] (8.58ns)   --->   "%collisions_z = call fastcc i64 @checkAxis.2(float %edge_p1_x_read, float %edge_p1_y_read, float %edge_p1_z_read, float %edge_p2_x_read, float %edge_p2_y_read, float %edge_p2_z_read)" [src/honeybee.c:166]   --->   Operation 82 'call' 'collisions_z' <Predicate = true> <Delay = 8.58> <CoreType = "Generic">   --->   Core 0 '' <Latency = 0> <II = 1> <Delay = 1.00> <Generic> <Opcode : >
ST_8 : Operation 83 [46/53] (8.58ns)   --->   "%collisions_y = call fastcc i64 @checkAxis.0(float %edge_p1_x_read, float %edge_p1_z_read, float %edge_p1_y_read, float %edge_p2_x_read, float %edge_p2_z_read, float %edge_p2_y_read)" [src/honeybee.c:167]   --->   Operation 83 'call' 'collisions_y' <Predicate = true> <Delay = 8.58> <CoreType = "Generic">   --->   Core 0 '' <Latency = 0> <II = 1> <Delay = 1.00> <Generic> <Opcode : >
ST_8 : Operation 84 [46/53] (8.58ns)   --->   "%collisions_x = call fastcc i64 @checkAxis.1(float %edge_p1_z_read, float %edge_p1_y_read, float %edge_p1_x_read, float %edge_p2_z_read, float %edge_p2_y_read, float %edge_p2_x_read)" [src/honeybee.c:168]   --->   Operation 84 'call' 'collisions_x' <Predicate = true> <Delay = 8.58> <CoreType = "Generic">   --->   Core 0 '' <Latency = 0> <II = 1> <Delay = 1.00> <Generic> <Opcode : >

State 9 <SV = 8> <Delay = 8.58>
ST_9 : Operation 85 [45/53] (8.58ns)   --->   "%collisions_z = call fastcc i64 @checkAxis.2(float %edge_p1_x_read, float %edge_p1_y_read, float %edge_p1_z_read, float %edge_p2_x_read, float %edge_p2_y_read, float %edge_p2_z_read)" [src/honeybee.c:166]   --->   Operation 85 'call' 'collisions_z' <Predicate = true> <Delay = 8.58> <CoreType = "Generic">   --->   Core 0 '' <Latency = 0> <II = 1> <Delay = 1.00> <Generic> <Opcode : >
ST_9 : Operation 86 [45/53] (8.58ns)   --->   "%collisions_y = call fastcc i64 @checkAxis.0(float %edge_p1_x_read, float %edge_p1_z_read, float %edge_p1_y_read, float %edge_p2_x_read, float %edge_p2_z_read, float %edge_p2_y_read)" [src/honeybee.c:167]   --->   Operation 86 'call' 'collisions_y' <Predicate = true> <Delay = 8.58> <CoreType = "Generic">   --->   Core 0 '' <Latency = 0> <II = 1> <Delay = 1.00> <Generic> <Opcode : >
ST_9 : Operation 87 [45/53] (8.58ns)   --->   "%collisions_x = call fastcc i64 @checkAxis.1(float %edge_p1_z_read, float %edge_p1_y_read, float %edge_p1_x_read, float %edge_p2_z_read, float %edge_p2_y_read, float %edge_p2_x_read)" [src/honeybee.c:168]   --->   Operation 87 'call' 'collisions_x' <Predicate = true> <Delay = 8.58> <CoreType = "Generic">   --->   Core 0 '' <Latency = 0> <II = 1> <Delay = 1.00> <Generic> <Opcode : >

State 10 <SV = 9> <Delay = 8.58>
ST_10 : Operation 88 [44/53] (8.58ns)   --->   "%collisions_z = call fastcc i64 @checkAxis.2(float %edge_p1_x_read, float %edge_p1_y_read, float %edge_p1_z_read, float %edge_p2_x_read, float %edge_p2_y_read, float %edge_p2_z_read)" [src/honeybee.c:166]   --->   Operation 88 'call' 'collisions_z' <Predicate = true> <Delay = 8.58> <CoreType = "Generic">   --->   Core 0 '' <Latency = 0> <II = 1> <Delay = 1.00> <Generic> <Opcode : >
ST_10 : Operation 89 [44/53] (8.58ns)   --->   "%collisions_y = call fastcc i64 @checkAxis.0(float %edge_p1_x_read, float %edge_p1_z_read, float %edge_p1_y_read, float %edge_p2_x_read, float %edge_p2_z_read, float %edge_p2_y_read)" [src/honeybee.c:167]   --->   Operation 89 'call' 'collisions_y' <Predicate = true> <Delay = 8.58> <CoreType = "Generic">   --->   Core 0 '' <Latency = 0> <II = 1> <Delay = 1.00> <Generic> <Opcode : >
ST_10 : Operation 90 [44/53] (8.58ns)   --->   "%collisions_x = call fastcc i64 @checkAxis.1(float %edge_p1_z_read, float %edge_p1_y_read, float %edge_p1_x_read, float %edge_p2_z_read, float %edge_p2_y_read, float %edge_p2_x_read)" [src/honeybee.c:168]   --->   Operation 90 'call' 'collisions_x' <Predicate = true> <Delay = 8.58> <CoreType = "Generic">   --->   Core 0 '' <Latency = 0> <II = 1> <Delay = 1.00> <Generic> <Opcode : >

State 11 <SV = 10> <Delay = 8.58>
ST_11 : Operation 91 [43/53] (8.58ns)   --->   "%collisions_z = call fastcc i64 @checkAxis.2(float %edge_p1_x_read, float %edge_p1_y_read, float %edge_p1_z_read, float %edge_p2_x_read, float %edge_p2_y_read, float %edge_p2_z_read)" [src/honeybee.c:166]   --->   Operation 91 'call' 'collisions_z' <Predicate = true> <Delay = 8.58> <CoreType = "Generic">   --->   Core 0 '' <Latency = 0> <II = 1> <Delay = 1.00> <Generic> <Opcode : >
ST_11 : Operation 92 [43/53] (8.58ns)   --->   "%collisions_y = call fastcc i64 @checkAxis.0(float %edge_p1_x_read, float %edge_p1_z_read, float %edge_p1_y_read, float %edge_p2_x_read, float %edge_p2_z_read, float %edge_p2_y_read)" [src/honeybee.c:167]   --->   Operation 92 'call' 'collisions_y' <Predicate = true> <Delay = 8.58> <CoreType = "Generic">   --->   Core 0 '' <Latency = 0> <II = 1> <Delay = 1.00> <Generic> <Opcode : >
ST_11 : Operation 93 [43/53] (8.58ns)   --->   "%collisions_x = call fastcc i64 @checkAxis.1(float %edge_p1_z_read, float %edge_p1_y_read, float %edge_p1_x_read, float %edge_p2_z_read, float %edge_p2_y_read, float %edge_p2_x_read)" [src/honeybee.c:168]   --->   Operation 93 'call' 'collisions_x' <Predicate = true> <Delay = 8.58> <CoreType = "Generic">   --->   Core 0 '' <Latency = 0> <II = 1> <Delay = 1.00> <Generic> <Opcode : >

State 12 <SV = 11> <Delay = 8.58>
ST_12 : Operation 94 [42/53] (8.58ns)   --->   "%collisions_z = call fastcc i64 @checkAxis.2(float %edge_p1_x_read, float %edge_p1_y_read, float %edge_p1_z_read, float %edge_p2_x_read, float %edge_p2_y_read, float %edge_p2_z_read)" [src/honeybee.c:166]   --->   Operation 94 'call' 'collisions_z' <Predicate = true> <Delay = 8.58> <CoreType = "Generic">   --->   Core 0 '' <Latency = 0> <II = 1> <Delay = 1.00> <Generic> <Opcode : >
ST_12 : Operation 95 [42/53] (8.58ns)   --->   "%collisions_y = call fastcc i64 @checkAxis.0(float %edge_p1_x_read, float %edge_p1_z_read, float %edge_p1_y_read, float %edge_p2_x_read, float %edge_p2_z_read, float %edge_p2_y_read)" [src/honeybee.c:167]   --->   Operation 95 'call' 'collisions_y' <Predicate = true> <Delay = 8.58> <CoreType = "Generic">   --->   Core 0 '' <Latency = 0> <II = 1> <Delay = 1.00> <Generic> <Opcode : >
ST_12 : Operation 96 [42/53] (8.58ns)   --->   "%collisions_x = call fastcc i64 @checkAxis.1(float %edge_p1_z_read, float %edge_p1_y_read, float %edge_p1_x_read, float %edge_p2_z_read, float %edge_p2_y_read, float %edge_p2_x_read)" [src/honeybee.c:168]   --->   Operation 96 'call' 'collisions_x' <Predicate = true> <Delay = 8.58> <CoreType = "Generic">   --->   Core 0 '' <Latency = 0> <II = 1> <Delay = 1.00> <Generic> <Opcode : >

State 13 <SV = 12> <Delay = 8.58>
ST_13 : Operation 97 [41/53] (8.58ns)   --->   "%collisions_z = call fastcc i64 @checkAxis.2(float %edge_p1_x_read, float %edge_p1_y_read, float %edge_p1_z_read, float %edge_p2_x_read, float %edge_p2_y_read, float %edge_p2_z_read)" [src/honeybee.c:166]   --->   Operation 97 'call' 'collisions_z' <Predicate = true> <Delay = 8.58> <CoreType = "Generic">   --->   Core 0 '' <Latency = 0> <II = 1> <Delay = 1.00> <Generic> <Opcode : >
ST_13 : Operation 98 [41/53] (8.58ns)   --->   "%collisions_y = call fastcc i64 @checkAxis.0(float %edge_p1_x_read, float %edge_p1_z_read, float %edge_p1_y_read, float %edge_p2_x_read, float %edge_p2_z_read, float %edge_p2_y_read)" [src/honeybee.c:167]   --->   Operation 98 'call' 'collisions_y' <Predicate = true> <Delay = 8.58> <CoreType = "Generic">   --->   Core 0 '' <Latency = 0> <II = 1> <Delay = 1.00> <Generic> <Opcode : >
ST_13 : Operation 99 [41/53] (8.58ns)   --->   "%collisions_x = call fastcc i64 @checkAxis.1(float %edge_p1_z_read, float %edge_p1_y_read, float %edge_p1_x_read, float %edge_p2_z_read, float %edge_p2_y_read, float %edge_p2_x_read)" [src/honeybee.c:168]   --->   Operation 99 'call' 'collisions_x' <Predicate = true> <Delay = 8.58> <CoreType = "Generic">   --->   Core 0 '' <Latency = 0> <II = 1> <Delay = 1.00> <Generic> <Opcode : >

State 14 <SV = 13> <Delay = 8.58>
ST_14 : Operation 100 [40/53] (8.58ns)   --->   "%collisions_z = call fastcc i64 @checkAxis.2(float %edge_p1_x_read, float %edge_p1_y_read, float %edge_p1_z_read, float %edge_p2_x_read, float %edge_p2_y_read, float %edge_p2_z_read)" [src/honeybee.c:166]   --->   Operation 100 'call' 'collisions_z' <Predicate = true> <Delay = 8.58> <CoreType = "Generic">   --->   Core 0 '' <Latency = 0> <II = 1> <Delay = 1.00> <Generic> <Opcode : >
ST_14 : Operation 101 [40/53] (8.58ns)   --->   "%collisions_y = call fastcc i64 @checkAxis.0(float %edge_p1_x_read, float %edge_p1_z_read, float %edge_p1_y_read, float %edge_p2_x_read, float %edge_p2_z_read, float %edge_p2_y_read)" [src/honeybee.c:167]   --->   Operation 101 'call' 'collisions_y' <Predicate = true> <Delay = 8.58> <CoreType = "Generic">   --->   Core 0 '' <Latency = 0> <II = 1> <Delay = 1.00> <Generic> <Opcode : >
ST_14 : Operation 102 [40/53] (8.58ns)   --->   "%collisions_x = call fastcc i64 @checkAxis.1(float %edge_p1_z_read, float %edge_p1_y_read, float %edge_p1_x_read, float %edge_p2_z_read, float %edge_p2_y_read, float %edge_p2_x_read)" [src/honeybee.c:168]   --->   Operation 102 'call' 'collisions_x' <Predicate = true> <Delay = 8.58> <CoreType = "Generic">   --->   Core 0 '' <Latency = 0> <II = 1> <Delay = 1.00> <Generic> <Opcode : >

State 15 <SV = 14> <Delay = 8.58>
ST_15 : Operation 103 [39/53] (8.58ns)   --->   "%collisions_z = call fastcc i64 @checkAxis.2(float %edge_p1_x_read, float %edge_p1_y_read, float %edge_p1_z_read, float %edge_p2_x_read, float %edge_p2_y_read, float %edge_p2_z_read)" [src/honeybee.c:166]   --->   Operation 103 'call' 'collisions_z' <Predicate = true> <Delay = 8.58> <CoreType = "Generic">   --->   Core 0 '' <Latency = 0> <II = 1> <Delay = 1.00> <Generic> <Opcode : >
ST_15 : Operation 104 [39/53] (8.58ns)   --->   "%collisions_y = call fastcc i64 @checkAxis.0(float %edge_p1_x_read, float %edge_p1_z_read, float %edge_p1_y_read, float %edge_p2_x_read, float %edge_p2_z_read, float %edge_p2_y_read)" [src/honeybee.c:167]   --->   Operation 104 'call' 'collisions_y' <Predicate = true> <Delay = 8.58> <CoreType = "Generic">   --->   Core 0 '' <Latency = 0> <II = 1> <Delay = 1.00> <Generic> <Opcode : >
ST_15 : Operation 105 [39/53] (8.58ns)   --->   "%collisions_x = call fastcc i64 @checkAxis.1(float %edge_p1_z_read, float %edge_p1_y_read, float %edge_p1_x_read, float %edge_p2_z_read, float %edge_p2_y_read, float %edge_p2_x_read)" [src/honeybee.c:168]   --->   Operation 105 'call' 'collisions_x' <Predicate = true> <Delay = 8.58> <CoreType = "Generic">   --->   Core 0 '' <Latency = 0> <II = 1> <Delay = 1.00> <Generic> <Opcode : >

State 16 <SV = 15> <Delay = 8.58>
ST_16 : Operation 106 [38/53] (8.58ns)   --->   "%collisions_z = call fastcc i64 @checkAxis.2(float %edge_p1_x_read, float %edge_p1_y_read, float %edge_p1_z_read, float %edge_p2_x_read, float %edge_p2_y_read, float %edge_p2_z_read)" [src/honeybee.c:166]   --->   Operation 106 'call' 'collisions_z' <Predicate = true> <Delay = 8.58> <CoreType = "Generic">   --->   Core 0 '' <Latency = 0> <II = 1> <Delay = 1.00> <Generic> <Opcode : >
ST_16 : Operation 107 [38/53] (8.58ns)   --->   "%collisions_y = call fastcc i64 @checkAxis.0(float %edge_p1_x_read, float %edge_p1_z_read, float %edge_p1_y_read, float %edge_p2_x_read, float %edge_p2_z_read, float %edge_p2_y_read)" [src/honeybee.c:167]   --->   Operation 107 'call' 'collisions_y' <Predicate = true> <Delay = 8.58> <CoreType = "Generic">   --->   Core 0 '' <Latency = 0> <II = 1> <Delay = 1.00> <Generic> <Opcode : >
ST_16 : Operation 108 [38/53] (8.58ns)   --->   "%collisions_x = call fastcc i64 @checkAxis.1(float %edge_p1_z_read, float %edge_p1_y_read, float %edge_p1_x_read, float %edge_p2_z_read, float %edge_p2_y_read, float %edge_p2_x_read)" [src/honeybee.c:168]   --->   Operation 108 'call' 'collisions_x' <Predicate = true> <Delay = 8.58> <CoreType = "Generic">   --->   Core 0 '' <Latency = 0> <II = 1> <Delay = 1.00> <Generic> <Opcode : >

State 17 <SV = 16> <Delay = 8.58>
ST_17 : Operation 109 [37/53] (8.58ns)   --->   "%collisions_z = call fastcc i64 @checkAxis.2(float %edge_p1_x_read, float %edge_p1_y_read, float %edge_p1_z_read, float %edge_p2_x_read, float %edge_p2_y_read, float %edge_p2_z_read)" [src/honeybee.c:166]   --->   Operation 109 'call' 'collisions_z' <Predicate = true> <Delay = 8.58> <CoreType = "Generic">   --->   Core 0 '' <Latency = 0> <II = 1> <Delay = 1.00> <Generic> <Opcode : >
ST_17 : Operation 110 [37/53] (8.58ns)   --->   "%collisions_y = call fastcc i64 @checkAxis.0(float %edge_p1_x_read, float %edge_p1_z_read, float %edge_p1_y_read, float %edge_p2_x_read, float %edge_p2_z_read, float %edge_p2_y_read)" [src/honeybee.c:167]   --->   Operation 110 'call' 'collisions_y' <Predicate = true> <Delay = 8.58> <CoreType = "Generic">   --->   Core 0 '' <Latency = 0> <II = 1> <Delay = 1.00> <Generic> <Opcode : >
ST_17 : Operation 111 [37/53] (8.58ns)   --->   "%collisions_x = call fastcc i64 @checkAxis.1(float %edge_p1_z_read, float %edge_p1_y_read, float %edge_p1_x_read, float %edge_p2_z_read, float %edge_p2_y_read, float %edge_p2_x_read)" [src/honeybee.c:168]   --->   Operation 111 'call' 'collisions_x' <Predicate = true> <Delay = 8.58> <CoreType = "Generic">   --->   Core 0 '' <Latency = 0> <II = 1> <Delay = 1.00> <Generic> <Opcode : >

State 18 <SV = 17> <Delay = 8.58>
ST_18 : Operation 112 [36/53] (8.58ns)   --->   "%collisions_z = call fastcc i64 @checkAxis.2(float %edge_p1_x_read, float %edge_p1_y_read, float %edge_p1_z_read, float %edge_p2_x_read, float %edge_p2_y_read, float %edge_p2_z_read)" [src/honeybee.c:166]   --->   Operation 112 'call' 'collisions_z' <Predicate = true> <Delay = 8.58> <CoreType = "Generic">   --->   Core 0 '' <Latency = 0> <II = 1> <Delay = 1.00> <Generic> <Opcode : >
ST_18 : Operation 113 [36/53] (8.58ns)   --->   "%collisions_y = call fastcc i64 @checkAxis.0(float %edge_p1_x_read, float %edge_p1_z_read, float %edge_p1_y_read, float %edge_p2_x_read, float %edge_p2_z_read, float %edge_p2_y_read)" [src/honeybee.c:167]   --->   Operation 113 'call' 'collisions_y' <Predicate = true> <Delay = 8.58> <CoreType = "Generic">   --->   Core 0 '' <Latency = 0> <II = 1> <Delay = 1.00> <Generic> <Opcode : >
ST_18 : Operation 114 [36/53] (8.58ns)   --->   "%collisions_x = call fastcc i64 @checkAxis.1(float %edge_p1_z_read, float %edge_p1_y_read, float %edge_p1_x_read, float %edge_p2_z_read, float %edge_p2_y_read, float %edge_p2_x_read)" [src/honeybee.c:168]   --->   Operation 114 'call' 'collisions_x' <Predicate = true> <Delay = 8.58> <CoreType = "Generic">   --->   Core 0 '' <Latency = 0> <II = 1> <Delay = 1.00> <Generic> <Opcode : >

State 19 <SV = 18> <Delay = 8.58>
ST_19 : Operation 115 [35/53] (8.58ns)   --->   "%collisions_z = call fastcc i64 @checkAxis.2(float %edge_p1_x_read, float %edge_p1_y_read, float %edge_p1_z_read, float %edge_p2_x_read, float %edge_p2_y_read, float %edge_p2_z_read)" [src/honeybee.c:166]   --->   Operation 115 'call' 'collisions_z' <Predicate = true> <Delay = 8.58> <CoreType = "Generic">   --->   Core 0 '' <Latency = 0> <II = 1> <Delay = 1.00> <Generic> <Opcode : >
ST_19 : Operation 116 [35/53] (8.58ns)   --->   "%collisions_y = call fastcc i64 @checkAxis.0(float %edge_p1_x_read, float %edge_p1_z_read, float %edge_p1_y_read, float %edge_p2_x_read, float %edge_p2_z_read, float %edge_p2_y_read)" [src/honeybee.c:167]   --->   Operation 116 'call' 'collisions_y' <Predicate = true> <Delay = 8.58> <CoreType = "Generic">   --->   Core 0 '' <Latency = 0> <II = 1> <Delay = 1.00> <Generic> <Opcode : >
ST_19 : Operation 117 [35/53] (8.58ns)   --->   "%collisions_x = call fastcc i64 @checkAxis.1(float %edge_p1_z_read, float %edge_p1_y_read, float %edge_p1_x_read, float %edge_p2_z_read, float %edge_p2_y_read, float %edge_p2_x_read)" [src/honeybee.c:168]   --->   Operation 117 'call' 'collisions_x' <Predicate = true> <Delay = 8.58> <CoreType = "Generic">   --->   Core 0 '' <Latency = 0> <II = 1> <Delay = 1.00> <Generic> <Opcode : >

State 20 <SV = 19> <Delay = 8.58>
ST_20 : Operation 118 [34/53] (8.58ns)   --->   "%collisions_z = call fastcc i64 @checkAxis.2(float %edge_p1_x_read, float %edge_p1_y_read, float %edge_p1_z_read, float %edge_p2_x_read, float %edge_p2_y_read, float %edge_p2_z_read)" [src/honeybee.c:166]   --->   Operation 118 'call' 'collisions_z' <Predicate = true> <Delay = 8.58> <CoreType = "Generic">   --->   Core 0 '' <Latency = 0> <II = 1> <Delay = 1.00> <Generic> <Opcode : >
ST_20 : Operation 119 [34/53] (8.58ns)   --->   "%collisions_y = call fastcc i64 @checkAxis.0(float %edge_p1_x_read, float %edge_p1_z_read, float %edge_p1_y_read, float %edge_p2_x_read, float %edge_p2_z_read, float %edge_p2_y_read)" [src/honeybee.c:167]   --->   Operation 119 'call' 'collisions_y' <Predicate = true> <Delay = 8.58> <CoreType = "Generic">   --->   Core 0 '' <Latency = 0> <II = 1> <Delay = 1.00> <Generic> <Opcode : >
ST_20 : Operation 120 [34/53] (8.58ns)   --->   "%collisions_x = call fastcc i64 @checkAxis.1(float %edge_p1_z_read, float %edge_p1_y_read, float %edge_p1_x_read, float %edge_p2_z_read, float %edge_p2_y_read, float %edge_p2_x_read)" [src/honeybee.c:168]   --->   Operation 120 'call' 'collisions_x' <Predicate = true> <Delay = 8.58> <CoreType = "Generic">   --->   Core 0 '' <Latency = 0> <II = 1> <Delay = 1.00> <Generic> <Opcode : >

State 21 <SV = 20> <Delay = 8.58>
ST_21 : Operation 121 [33/53] (8.58ns)   --->   "%collisions_z = call fastcc i64 @checkAxis.2(float %edge_p1_x_read, float %edge_p1_y_read, float %edge_p1_z_read, float %edge_p2_x_read, float %edge_p2_y_read, float %edge_p2_z_read)" [src/honeybee.c:166]   --->   Operation 121 'call' 'collisions_z' <Predicate = true> <Delay = 8.58> <CoreType = "Generic">   --->   Core 0 '' <Latency = 0> <II = 1> <Delay = 1.00> <Generic> <Opcode : >
ST_21 : Operation 122 [33/53] (8.58ns)   --->   "%collisions_y = call fastcc i64 @checkAxis.0(float %edge_p1_x_read, float %edge_p1_z_read, float %edge_p1_y_read, float %edge_p2_x_read, float %edge_p2_z_read, float %edge_p2_y_read)" [src/honeybee.c:167]   --->   Operation 122 'call' 'collisions_y' <Predicate = true> <Delay = 8.58> <CoreType = "Generic">   --->   Core 0 '' <Latency = 0> <II = 1> <Delay = 1.00> <Generic> <Opcode : >
ST_21 : Operation 123 [33/53] (8.58ns)   --->   "%collisions_x = call fastcc i64 @checkAxis.1(float %edge_p1_z_read, float %edge_p1_y_read, float %edge_p1_x_read, float %edge_p2_z_read, float %edge_p2_y_read, float %edge_p2_x_read)" [src/honeybee.c:168]   --->   Operation 123 'call' 'collisions_x' <Predicate = true> <Delay = 8.58> <CoreType = "Generic">   --->   Core 0 '' <Latency = 0> <II = 1> <Delay = 1.00> <Generic> <Opcode : >

State 22 <SV = 21> <Delay = 8.58>
ST_22 : Operation 124 [32/53] (8.58ns)   --->   "%collisions_z = call fastcc i64 @checkAxis.2(float %edge_p1_x_read, float %edge_p1_y_read, float %edge_p1_z_read, float %edge_p2_x_read, float %edge_p2_y_read, float %edge_p2_z_read)" [src/honeybee.c:166]   --->   Operation 124 'call' 'collisions_z' <Predicate = true> <Delay = 8.58> <CoreType = "Generic">   --->   Core 0 '' <Latency = 0> <II = 1> <Delay = 1.00> <Generic> <Opcode : >
ST_22 : Operation 125 [32/53] (8.58ns)   --->   "%collisions_y = call fastcc i64 @checkAxis.0(float %edge_p1_x_read, float %edge_p1_z_read, float %edge_p1_y_read, float %edge_p2_x_read, float %edge_p2_z_read, float %edge_p2_y_read)" [src/honeybee.c:167]   --->   Operation 125 'call' 'collisions_y' <Predicate = true> <Delay = 8.58> <CoreType = "Generic">   --->   Core 0 '' <Latency = 0> <II = 1> <Delay = 1.00> <Generic> <Opcode : >
ST_22 : Operation 126 [32/53] (8.58ns)   --->   "%collisions_x = call fastcc i64 @checkAxis.1(float %edge_p1_z_read, float %edge_p1_y_read, float %edge_p1_x_read, float %edge_p2_z_read, float %edge_p2_y_read, float %edge_p2_x_read)" [src/honeybee.c:168]   --->   Operation 126 'call' 'collisions_x' <Predicate = true> <Delay = 8.58> <CoreType = "Generic">   --->   Core 0 '' <Latency = 0> <II = 1> <Delay = 1.00> <Generic> <Opcode : >

State 23 <SV = 22> <Delay = 8.58>
ST_23 : Operation 127 [31/53] (8.58ns)   --->   "%collisions_z = call fastcc i64 @checkAxis.2(float %edge_p1_x_read, float %edge_p1_y_read, float %edge_p1_z_read, float %edge_p2_x_read, float %edge_p2_y_read, float %edge_p2_z_read)" [src/honeybee.c:166]   --->   Operation 127 'call' 'collisions_z' <Predicate = true> <Delay = 8.58> <CoreType = "Generic">   --->   Core 0 '' <Latency = 0> <II = 1> <Delay = 1.00> <Generic> <Opcode : >
ST_23 : Operation 128 [31/53] (8.58ns)   --->   "%collisions_y = call fastcc i64 @checkAxis.0(float %edge_p1_x_read, float %edge_p1_z_read, float %edge_p1_y_read, float %edge_p2_x_read, float %edge_p2_z_read, float %edge_p2_y_read)" [src/honeybee.c:167]   --->   Operation 128 'call' 'collisions_y' <Predicate = true> <Delay = 8.58> <CoreType = "Generic">   --->   Core 0 '' <Latency = 0> <II = 1> <Delay = 1.00> <Generic> <Opcode : >
ST_23 : Operation 129 [31/53] (8.58ns)   --->   "%collisions_x = call fastcc i64 @checkAxis.1(float %edge_p1_z_read, float %edge_p1_y_read, float %edge_p1_x_read, float %edge_p2_z_read, float %edge_p2_y_read, float %edge_p2_x_read)" [src/honeybee.c:168]   --->   Operation 129 'call' 'collisions_x' <Predicate = true> <Delay = 8.58> <CoreType = "Generic">   --->   Core 0 '' <Latency = 0> <II = 1> <Delay = 1.00> <Generic> <Opcode : >

State 24 <SV = 23> <Delay = 8.58>
ST_24 : Operation 130 [30/53] (8.58ns)   --->   "%collisions_z = call fastcc i64 @checkAxis.2(float %edge_p1_x_read, float %edge_p1_y_read, float %edge_p1_z_read, float %edge_p2_x_read, float %edge_p2_y_read, float %edge_p2_z_read)" [src/honeybee.c:166]   --->   Operation 130 'call' 'collisions_z' <Predicate = true> <Delay = 8.58> <CoreType = "Generic">   --->   Core 0 '' <Latency = 0> <II = 1> <Delay = 1.00> <Generic> <Opcode : >
ST_24 : Operation 131 [30/53] (8.58ns)   --->   "%collisions_y = call fastcc i64 @checkAxis.0(float %edge_p1_x_read, float %edge_p1_z_read, float %edge_p1_y_read, float %edge_p2_x_read, float %edge_p2_z_read, float %edge_p2_y_read)" [src/honeybee.c:167]   --->   Operation 131 'call' 'collisions_y' <Predicate = true> <Delay = 8.58> <CoreType = "Generic">   --->   Core 0 '' <Latency = 0> <II = 1> <Delay = 1.00> <Generic> <Opcode : >
ST_24 : Operation 132 [30/53] (8.58ns)   --->   "%collisions_x = call fastcc i64 @checkAxis.1(float %edge_p1_z_read, float %edge_p1_y_read, float %edge_p1_x_read, float %edge_p2_z_read, float %edge_p2_y_read, float %edge_p2_x_read)" [src/honeybee.c:168]   --->   Operation 132 'call' 'collisions_x' <Predicate = true> <Delay = 8.58> <CoreType = "Generic">   --->   Core 0 '' <Latency = 0> <II = 1> <Delay = 1.00> <Generic> <Opcode : >

State 25 <SV = 24> <Delay = 8.58>
ST_25 : Operation 133 [29/53] (8.58ns)   --->   "%collisions_z = call fastcc i64 @checkAxis.2(float %edge_p1_x_read, float %edge_p1_y_read, float %edge_p1_z_read, float %edge_p2_x_read, float %edge_p2_y_read, float %edge_p2_z_read)" [src/honeybee.c:166]   --->   Operation 133 'call' 'collisions_z' <Predicate = true> <Delay = 8.58> <CoreType = "Generic">   --->   Core 0 '' <Latency = 0> <II = 1> <Delay = 1.00> <Generic> <Opcode : >
ST_25 : Operation 134 [29/53] (8.58ns)   --->   "%collisions_y = call fastcc i64 @checkAxis.0(float %edge_p1_x_read, float %edge_p1_z_read, float %edge_p1_y_read, float %edge_p2_x_read, float %edge_p2_z_read, float %edge_p2_y_read)" [src/honeybee.c:167]   --->   Operation 134 'call' 'collisions_y' <Predicate = true> <Delay = 8.58> <CoreType = "Generic">   --->   Core 0 '' <Latency = 0> <II = 1> <Delay = 1.00> <Generic> <Opcode : >
ST_25 : Operation 135 [29/53] (8.58ns)   --->   "%collisions_x = call fastcc i64 @checkAxis.1(float %edge_p1_z_read, float %edge_p1_y_read, float %edge_p1_x_read, float %edge_p2_z_read, float %edge_p2_y_read, float %edge_p2_x_read)" [src/honeybee.c:168]   --->   Operation 135 'call' 'collisions_x' <Predicate = true> <Delay = 8.58> <CoreType = "Generic">   --->   Core 0 '' <Latency = 0> <II = 1> <Delay = 1.00> <Generic> <Opcode : >

State 26 <SV = 25> <Delay = 8.58>
ST_26 : Operation 136 [28/53] (8.58ns)   --->   "%collisions_z = call fastcc i64 @checkAxis.2(float %edge_p1_x_read, float %edge_p1_y_read, float %edge_p1_z_read, float %edge_p2_x_read, float %edge_p2_y_read, float %edge_p2_z_read)" [src/honeybee.c:166]   --->   Operation 136 'call' 'collisions_z' <Predicate = true> <Delay = 8.58> <CoreType = "Generic">   --->   Core 0 '' <Latency = 0> <II = 1> <Delay = 1.00> <Generic> <Opcode : >
ST_26 : Operation 137 [28/53] (8.58ns)   --->   "%collisions_y = call fastcc i64 @checkAxis.0(float %edge_p1_x_read, float %edge_p1_z_read, float %edge_p1_y_read, float %edge_p2_x_read, float %edge_p2_z_read, float %edge_p2_y_read)" [src/honeybee.c:167]   --->   Operation 137 'call' 'collisions_y' <Predicate = true> <Delay = 8.58> <CoreType = "Generic">   --->   Core 0 '' <Latency = 0> <II = 1> <Delay = 1.00> <Generic> <Opcode : >
ST_26 : Operation 138 [28/53] (8.58ns)   --->   "%collisions_x = call fastcc i64 @checkAxis.1(float %edge_p1_z_read, float %edge_p1_y_read, float %edge_p1_x_read, float %edge_p2_z_read, float %edge_p2_y_read, float %edge_p2_x_read)" [src/honeybee.c:168]   --->   Operation 138 'call' 'collisions_x' <Predicate = true> <Delay = 8.58> <CoreType = "Generic">   --->   Core 0 '' <Latency = 0> <II = 1> <Delay = 1.00> <Generic> <Opcode : >

State 27 <SV = 26> <Delay = 8.58>
ST_27 : Operation 139 [27/53] (8.58ns)   --->   "%collisions_z = call fastcc i64 @checkAxis.2(float %edge_p1_x_read, float %edge_p1_y_read, float %edge_p1_z_read, float %edge_p2_x_read, float %edge_p2_y_read, float %edge_p2_z_read)" [src/honeybee.c:166]   --->   Operation 139 'call' 'collisions_z' <Predicate = true> <Delay = 8.58> <CoreType = "Generic">   --->   Core 0 '' <Latency = 0> <II = 1> <Delay = 1.00> <Generic> <Opcode : >
ST_27 : Operation 140 [27/53] (8.58ns)   --->   "%collisions_y = call fastcc i64 @checkAxis.0(float %edge_p1_x_read, float %edge_p1_z_read, float %edge_p1_y_read, float %edge_p2_x_read, float %edge_p2_z_read, float %edge_p2_y_read)" [src/honeybee.c:167]   --->   Operation 140 'call' 'collisions_y' <Predicate = true> <Delay = 8.58> <CoreType = "Generic">   --->   Core 0 '' <Latency = 0> <II = 1> <Delay = 1.00> <Generic> <Opcode : >
ST_27 : Operation 141 [27/53] (8.58ns)   --->   "%collisions_x = call fastcc i64 @checkAxis.1(float %edge_p1_z_read, float %edge_p1_y_read, float %edge_p1_x_read, float %edge_p2_z_read, float %edge_p2_y_read, float %edge_p2_x_read)" [src/honeybee.c:168]   --->   Operation 141 'call' 'collisions_x' <Predicate = true> <Delay = 8.58> <CoreType = "Generic">   --->   Core 0 '' <Latency = 0> <II = 1> <Delay = 1.00> <Generic> <Opcode : >

State 28 <SV = 27> <Delay = 8.58>
ST_28 : Operation 142 [26/53] (8.58ns)   --->   "%collisions_z = call fastcc i64 @checkAxis.2(float %edge_p1_x_read, float %edge_p1_y_read, float %edge_p1_z_read, float %edge_p2_x_read, float %edge_p2_y_read, float %edge_p2_z_read)" [src/honeybee.c:166]   --->   Operation 142 'call' 'collisions_z' <Predicate = true> <Delay = 8.58> <CoreType = "Generic">   --->   Core 0 '' <Latency = 0> <II = 1> <Delay = 1.00> <Generic> <Opcode : >
ST_28 : Operation 143 [26/53] (8.58ns)   --->   "%collisions_y = call fastcc i64 @checkAxis.0(float %edge_p1_x_read, float %edge_p1_z_read, float %edge_p1_y_read, float %edge_p2_x_read, float %edge_p2_z_read, float %edge_p2_y_read)" [src/honeybee.c:167]   --->   Operation 143 'call' 'collisions_y' <Predicate = true> <Delay = 8.58> <CoreType = "Generic">   --->   Core 0 '' <Latency = 0> <II = 1> <Delay = 1.00> <Generic> <Opcode : >
ST_28 : Operation 144 [26/53] (8.58ns)   --->   "%collisions_x = call fastcc i64 @checkAxis.1(float %edge_p1_z_read, float %edge_p1_y_read, float %edge_p1_x_read, float %edge_p2_z_read, float %edge_p2_y_read, float %edge_p2_x_read)" [src/honeybee.c:168]   --->   Operation 144 'call' 'collisions_x' <Predicate = true> <Delay = 8.58> <CoreType = "Generic">   --->   Core 0 '' <Latency = 0> <II = 1> <Delay = 1.00> <Generic> <Opcode : >

State 29 <SV = 28> <Delay = 8.58>
ST_29 : Operation 145 [25/53] (8.58ns)   --->   "%collisions_z = call fastcc i64 @checkAxis.2(float %edge_p1_x_read, float %edge_p1_y_read, float %edge_p1_z_read, float %edge_p2_x_read, float %edge_p2_y_read, float %edge_p2_z_read)" [src/honeybee.c:166]   --->   Operation 145 'call' 'collisions_z' <Predicate = true> <Delay = 8.58> <CoreType = "Generic">   --->   Core 0 '' <Latency = 0> <II = 1> <Delay = 1.00> <Generic> <Opcode : >
ST_29 : Operation 146 [25/53] (8.58ns)   --->   "%collisions_y = call fastcc i64 @checkAxis.0(float %edge_p1_x_read, float %edge_p1_z_read, float %edge_p1_y_read, float %edge_p2_x_read, float %edge_p2_z_read, float %edge_p2_y_read)" [src/honeybee.c:167]   --->   Operation 146 'call' 'collisions_y' <Predicate = true> <Delay = 8.58> <CoreType = "Generic">   --->   Core 0 '' <Latency = 0> <II = 1> <Delay = 1.00> <Generic> <Opcode : >
ST_29 : Operation 147 [25/53] (8.58ns)   --->   "%collisions_x = call fastcc i64 @checkAxis.1(float %edge_p1_z_read, float %edge_p1_y_read, float %edge_p1_x_read, float %edge_p2_z_read, float %edge_p2_y_read, float %edge_p2_x_read)" [src/honeybee.c:168]   --->   Operation 147 'call' 'collisions_x' <Predicate = true> <Delay = 8.58> <CoreType = "Generic">   --->   Core 0 '' <Latency = 0> <II = 1> <Delay = 1.00> <Generic> <Opcode : >

State 30 <SV = 29> <Delay = 8.58>
ST_30 : Operation 148 [24/53] (8.58ns)   --->   "%collisions_z = call fastcc i64 @checkAxis.2(float %edge_p1_x_read, float %edge_p1_y_read, float %edge_p1_z_read, float %edge_p2_x_read, float %edge_p2_y_read, float %edge_p2_z_read)" [src/honeybee.c:166]   --->   Operation 148 'call' 'collisions_z' <Predicate = true> <Delay = 8.58> <CoreType = "Generic">   --->   Core 0 '' <Latency = 0> <II = 1> <Delay = 1.00> <Generic> <Opcode : >
ST_30 : Operation 149 [24/53] (8.58ns)   --->   "%collisions_y = call fastcc i64 @checkAxis.0(float %edge_p1_x_read, float %edge_p1_z_read, float %edge_p1_y_read, float %edge_p2_x_read, float %edge_p2_z_read, float %edge_p2_y_read)" [src/honeybee.c:167]   --->   Operation 149 'call' 'collisions_y' <Predicate = true> <Delay = 8.58> <CoreType = "Generic">   --->   Core 0 '' <Latency = 0> <II = 1> <Delay = 1.00> <Generic> <Opcode : >
ST_30 : Operation 150 [24/53] (8.58ns)   --->   "%collisions_x = call fastcc i64 @checkAxis.1(float %edge_p1_z_read, float %edge_p1_y_read, float %edge_p1_x_read, float %edge_p2_z_read, float %edge_p2_y_read, float %edge_p2_x_read)" [src/honeybee.c:168]   --->   Operation 150 'call' 'collisions_x' <Predicate = true> <Delay = 8.58> <CoreType = "Generic">   --->   Core 0 '' <Latency = 0> <II = 1> <Delay = 1.00> <Generic> <Opcode : >

State 31 <SV = 30> <Delay = 8.58>
ST_31 : Operation 151 [23/53] (8.58ns)   --->   "%collisions_z = call fastcc i64 @checkAxis.2(float %edge_p1_x_read, float %edge_p1_y_read, float %edge_p1_z_read, float %edge_p2_x_read, float %edge_p2_y_read, float %edge_p2_z_read)" [src/honeybee.c:166]   --->   Operation 151 'call' 'collisions_z' <Predicate = true> <Delay = 8.58> <CoreType = "Generic">   --->   Core 0 '' <Latency = 0> <II = 1> <Delay = 1.00> <Generic> <Opcode : >
ST_31 : Operation 152 [23/53] (8.58ns)   --->   "%collisions_y = call fastcc i64 @checkAxis.0(float %edge_p1_x_read, float %edge_p1_z_read, float %edge_p1_y_read, float %edge_p2_x_read, float %edge_p2_z_read, float %edge_p2_y_read)" [src/honeybee.c:167]   --->   Operation 152 'call' 'collisions_y' <Predicate = true> <Delay = 8.58> <CoreType = "Generic">   --->   Core 0 '' <Latency = 0> <II = 1> <Delay = 1.00> <Generic> <Opcode : >
ST_31 : Operation 153 [23/53] (8.58ns)   --->   "%collisions_x = call fastcc i64 @checkAxis.1(float %edge_p1_z_read, float %edge_p1_y_read, float %edge_p1_x_read, float %edge_p2_z_read, float %edge_p2_y_read, float %edge_p2_x_read)" [src/honeybee.c:168]   --->   Operation 153 'call' 'collisions_x' <Predicate = true> <Delay = 8.58> <CoreType = "Generic">   --->   Core 0 '' <Latency = 0> <II = 1> <Delay = 1.00> <Generic> <Opcode : >

State 32 <SV = 31> <Delay = 8.58>
ST_32 : Operation 154 [22/53] (8.58ns)   --->   "%collisions_z = call fastcc i64 @checkAxis.2(float %edge_p1_x_read, float %edge_p1_y_read, float %edge_p1_z_read, float %edge_p2_x_read, float %edge_p2_y_read, float %edge_p2_z_read)" [src/honeybee.c:166]   --->   Operation 154 'call' 'collisions_z' <Predicate = true> <Delay = 8.58> <CoreType = "Generic">   --->   Core 0 '' <Latency = 0> <II = 1> <Delay = 1.00> <Generic> <Opcode : >
ST_32 : Operation 155 [22/53] (8.58ns)   --->   "%collisions_y = call fastcc i64 @checkAxis.0(float %edge_p1_x_read, float %edge_p1_z_read, float %edge_p1_y_read, float %edge_p2_x_read, float %edge_p2_z_read, float %edge_p2_y_read)" [src/honeybee.c:167]   --->   Operation 155 'call' 'collisions_y' <Predicate = true> <Delay = 8.58> <CoreType = "Generic">   --->   Core 0 '' <Latency = 0> <II = 1> <Delay = 1.00> <Generic> <Opcode : >
ST_32 : Operation 156 [22/53] (8.58ns)   --->   "%collisions_x = call fastcc i64 @checkAxis.1(float %edge_p1_z_read, float %edge_p1_y_read, float %edge_p1_x_read, float %edge_p2_z_read, float %edge_p2_y_read, float %edge_p2_x_read)" [src/honeybee.c:168]   --->   Operation 156 'call' 'collisions_x' <Predicate = true> <Delay = 8.58> <CoreType = "Generic">   --->   Core 0 '' <Latency = 0> <II = 1> <Delay = 1.00> <Generic> <Opcode : >

State 33 <SV = 32> <Delay = 8.58>
ST_33 : Operation 157 [21/53] (8.58ns)   --->   "%collisions_z = call fastcc i64 @checkAxis.2(float %edge_p1_x_read, float %edge_p1_y_read, float %edge_p1_z_read, float %edge_p2_x_read, float %edge_p2_y_read, float %edge_p2_z_read)" [src/honeybee.c:166]   --->   Operation 157 'call' 'collisions_z' <Predicate = true> <Delay = 8.58> <CoreType = "Generic">   --->   Core 0 '' <Latency = 0> <II = 1> <Delay = 1.00> <Generic> <Opcode : >
ST_33 : Operation 158 [21/53] (8.58ns)   --->   "%collisions_y = call fastcc i64 @checkAxis.0(float %edge_p1_x_read, float %edge_p1_z_read, float %edge_p1_y_read, float %edge_p2_x_read, float %edge_p2_z_read, float %edge_p2_y_read)" [src/honeybee.c:167]   --->   Operation 158 'call' 'collisions_y' <Predicate = true> <Delay = 8.58> <CoreType = "Generic">   --->   Core 0 '' <Latency = 0> <II = 1> <Delay = 1.00> <Generic> <Opcode : >
ST_33 : Operation 159 [21/53] (8.58ns)   --->   "%collisions_x = call fastcc i64 @checkAxis.1(float %edge_p1_z_read, float %edge_p1_y_read, float %edge_p1_x_read, float %edge_p2_z_read, float %edge_p2_y_read, float %edge_p2_x_read)" [src/honeybee.c:168]   --->   Operation 159 'call' 'collisions_x' <Predicate = true> <Delay = 8.58> <CoreType = "Generic">   --->   Core 0 '' <Latency = 0> <II = 1> <Delay = 1.00> <Generic> <Opcode : >

State 34 <SV = 33> <Delay = 8.58>
ST_34 : Operation 160 [20/53] (8.58ns)   --->   "%collisions_z = call fastcc i64 @checkAxis.2(float %edge_p1_x_read, float %edge_p1_y_read, float %edge_p1_z_read, float %edge_p2_x_read, float %edge_p2_y_read, float %edge_p2_z_read)" [src/honeybee.c:166]   --->   Operation 160 'call' 'collisions_z' <Predicate = true> <Delay = 8.58> <CoreType = "Generic">   --->   Core 0 '' <Latency = 0> <II = 1> <Delay = 1.00> <Generic> <Opcode : >
ST_34 : Operation 161 [20/53] (8.58ns)   --->   "%collisions_y = call fastcc i64 @checkAxis.0(float %edge_p1_x_read, float %edge_p1_z_read, float %edge_p1_y_read, float %edge_p2_x_read, float %edge_p2_z_read, float %edge_p2_y_read)" [src/honeybee.c:167]   --->   Operation 161 'call' 'collisions_y' <Predicate = true> <Delay = 8.58> <CoreType = "Generic">   --->   Core 0 '' <Latency = 0> <II = 1> <Delay = 1.00> <Generic> <Opcode : >
ST_34 : Operation 162 [20/53] (8.58ns)   --->   "%collisions_x = call fastcc i64 @checkAxis.1(float %edge_p1_z_read, float %edge_p1_y_read, float %edge_p1_x_read, float %edge_p2_z_read, float %edge_p2_y_read, float %edge_p2_x_read)" [src/honeybee.c:168]   --->   Operation 162 'call' 'collisions_x' <Predicate = true> <Delay = 8.58> <CoreType = "Generic">   --->   Core 0 '' <Latency = 0> <II = 1> <Delay = 1.00> <Generic> <Opcode : >

State 35 <SV = 34> <Delay = 8.58>
ST_35 : Operation 163 [19/53] (8.58ns)   --->   "%collisions_z = call fastcc i64 @checkAxis.2(float %edge_p1_x_read, float %edge_p1_y_read, float %edge_p1_z_read, float %edge_p2_x_read, float %edge_p2_y_read, float %edge_p2_z_read)" [src/honeybee.c:166]   --->   Operation 163 'call' 'collisions_z' <Predicate = true> <Delay = 8.58> <CoreType = "Generic">   --->   Core 0 '' <Latency = 0> <II = 1> <Delay = 1.00> <Generic> <Opcode : >
ST_35 : Operation 164 [19/53] (8.58ns)   --->   "%collisions_y = call fastcc i64 @checkAxis.0(float %edge_p1_x_read, float %edge_p1_z_read, float %edge_p1_y_read, float %edge_p2_x_read, float %edge_p2_z_read, float %edge_p2_y_read)" [src/honeybee.c:167]   --->   Operation 164 'call' 'collisions_y' <Predicate = true> <Delay = 8.58> <CoreType = "Generic">   --->   Core 0 '' <Latency = 0> <II = 1> <Delay = 1.00> <Generic> <Opcode : >
ST_35 : Operation 165 [19/53] (8.58ns)   --->   "%collisions_x = call fastcc i64 @checkAxis.1(float %edge_p1_z_read, float %edge_p1_y_read, float %edge_p1_x_read, float %edge_p2_z_read, float %edge_p2_y_read, float %edge_p2_x_read)" [src/honeybee.c:168]   --->   Operation 165 'call' 'collisions_x' <Predicate = true> <Delay = 8.58> <CoreType = "Generic">   --->   Core 0 '' <Latency = 0> <II = 1> <Delay = 1.00> <Generic> <Opcode : >

State 36 <SV = 35> <Delay = 8.58>
ST_36 : Operation 166 [18/53] (8.58ns)   --->   "%collisions_z = call fastcc i64 @checkAxis.2(float %edge_p1_x_read, float %edge_p1_y_read, float %edge_p1_z_read, float %edge_p2_x_read, float %edge_p2_y_read, float %edge_p2_z_read)" [src/honeybee.c:166]   --->   Operation 166 'call' 'collisions_z' <Predicate = true> <Delay = 8.58> <CoreType = "Generic">   --->   Core 0 '' <Latency = 0> <II = 1> <Delay = 1.00> <Generic> <Opcode : >
ST_36 : Operation 167 [18/53] (8.58ns)   --->   "%collisions_y = call fastcc i64 @checkAxis.0(float %edge_p1_x_read, float %edge_p1_z_read, float %edge_p1_y_read, float %edge_p2_x_read, float %edge_p2_z_read, float %edge_p2_y_read)" [src/honeybee.c:167]   --->   Operation 167 'call' 'collisions_y' <Predicate = true> <Delay = 8.58> <CoreType = "Generic">   --->   Core 0 '' <Latency = 0> <II = 1> <Delay = 1.00> <Generic> <Opcode : >
ST_36 : Operation 168 [18/53] (8.58ns)   --->   "%collisions_x = call fastcc i64 @checkAxis.1(float %edge_p1_z_read, float %edge_p1_y_read, float %edge_p1_x_read, float %edge_p2_z_read, float %edge_p2_y_read, float %edge_p2_x_read)" [src/honeybee.c:168]   --->   Operation 168 'call' 'collisions_x' <Predicate = true> <Delay = 8.58> <CoreType = "Generic">   --->   Core 0 '' <Latency = 0> <II = 1> <Delay = 1.00> <Generic> <Opcode : >

State 37 <SV = 36> <Delay = 8.58>
ST_37 : Operation 169 [17/53] (8.58ns)   --->   "%collisions_z = call fastcc i64 @checkAxis.2(float %edge_p1_x_read, float %edge_p1_y_read, float %edge_p1_z_read, float %edge_p2_x_read, float %edge_p2_y_read, float %edge_p2_z_read)" [src/honeybee.c:166]   --->   Operation 169 'call' 'collisions_z' <Predicate = true> <Delay = 8.58> <CoreType = "Generic">   --->   Core 0 '' <Latency = 0> <II = 1> <Delay = 1.00> <Generic> <Opcode : >
ST_37 : Operation 170 [17/53] (8.58ns)   --->   "%collisions_y = call fastcc i64 @checkAxis.0(float %edge_p1_x_read, float %edge_p1_z_read, float %edge_p1_y_read, float %edge_p2_x_read, float %edge_p2_z_read, float %edge_p2_y_read)" [src/honeybee.c:167]   --->   Operation 170 'call' 'collisions_y' <Predicate = true> <Delay = 8.58> <CoreType = "Generic">   --->   Core 0 '' <Latency = 0> <II = 1> <Delay = 1.00> <Generic> <Opcode : >
ST_37 : Operation 171 [17/53] (8.58ns)   --->   "%collisions_x = call fastcc i64 @checkAxis.1(float %edge_p1_z_read, float %edge_p1_y_read, float %edge_p1_x_read, float %edge_p2_z_read, float %edge_p2_y_read, float %edge_p2_x_read)" [src/honeybee.c:168]   --->   Operation 171 'call' 'collisions_x' <Predicate = true> <Delay = 8.58> <CoreType = "Generic">   --->   Core 0 '' <Latency = 0> <II = 1> <Delay = 1.00> <Generic> <Opcode : >

State 38 <SV = 37> <Delay = 8.58>
ST_38 : Operation 172 [16/53] (8.58ns)   --->   "%collisions_z = call fastcc i64 @checkAxis.2(float %edge_p1_x_read, float %edge_p1_y_read, float %edge_p1_z_read, float %edge_p2_x_read, float %edge_p2_y_read, float %edge_p2_z_read)" [src/honeybee.c:166]   --->   Operation 172 'call' 'collisions_z' <Predicate = true> <Delay = 8.58> <CoreType = "Generic">   --->   Core 0 '' <Latency = 0> <II = 1> <Delay = 1.00> <Generic> <Opcode : >
ST_38 : Operation 173 [16/53] (8.58ns)   --->   "%collisions_y = call fastcc i64 @checkAxis.0(float %edge_p1_x_read, float %edge_p1_z_read, float %edge_p1_y_read, float %edge_p2_x_read, float %edge_p2_z_read, float %edge_p2_y_read)" [src/honeybee.c:167]   --->   Operation 173 'call' 'collisions_y' <Predicate = true> <Delay = 8.58> <CoreType = "Generic">   --->   Core 0 '' <Latency = 0> <II = 1> <Delay = 1.00> <Generic> <Opcode : >
ST_38 : Operation 174 [16/53] (8.58ns)   --->   "%collisions_x = call fastcc i64 @checkAxis.1(float %edge_p1_z_read, float %edge_p1_y_read, float %edge_p1_x_read, float %edge_p2_z_read, float %edge_p2_y_read, float %edge_p2_x_read)" [src/honeybee.c:168]   --->   Operation 174 'call' 'collisions_x' <Predicate = true> <Delay = 8.58> <CoreType = "Generic">   --->   Core 0 '' <Latency = 0> <II = 1> <Delay = 1.00> <Generic> <Opcode : >

State 39 <SV = 38> <Delay = 8.58>
ST_39 : Operation 175 [15/53] (8.58ns)   --->   "%collisions_z = call fastcc i64 @checkAxis.2(float %edge_p1_x_read, float %edge_p1_y_read, float %edge_p1_z_read, float %edge_p2_x_read, float %edge_p2_y_read, float %edge_p2_z_read)" [src/honeybee.c:166]   --->   Operation 175 'call' 'collisions_z' <Predicate = true> <Delay = 8.58> <CoreType = "Generic">   --->   Core 0 '' <Latency = 0> <II = 1> <Delay = 1.00> <Generic> <Opcode : >
ST_39 : Operation 176 [15/53] (8.58ns)   --->   "%collisions_y = call fastcc i64 @checkAxis.0(float %edge_p1_x_read, float %edge_p1_z_read, float %edge_p1_y_read, float %edge_p2_x_read, float %edge_p2_z_read, float %edge_p2_y_read)" [src/honeybee.c:167]   --->   Operation 176 'call' 'collisions_y' <Predicate = true> <Delay = 8.58> <CoreType = "Generic">   --->   Core 0 '' <Latency = 0> <II = 1> <Delay = 1.00> <Generic> <Opcode : >
ST_39 : Operation 177 [15/53] (8.58ns)   --->   "%collisions_x = call fastcc i64 @checkAxis.1(float %edge_p1_z_read, float %edge_p1_y_read, float %edge_p1_x_read, float %edge_p2_z_read, float %edge_p2_y_read, float %edge_p2_x_read)" [src/honeybee.c:168]   --->   Operation 177 'call' 'collisions_x' <Predicate = true> <Delay = 8.58> <CoreType = "Generic">   --->   Core 0 '' <Latency = 0> <II = 1> <Delay = 1.00> <Generic> <Opcode : >

State 40 <SV = 39> <Delay = 8.58>
ST_40 : Operation 178 [14/53] (8.58ns)   --->   "%collisions_z = call fastcc i64 @checkAxis.2(float %edge_p1_x_read, float %edge_p1_y_read, float %edge_p1_z_read, float %edge_p2_x_read, float %edge_p2_y_read, float %edge_p2_z_read)" [src/honeybee.c:166]   --->   Operation 178 'call' 'collisions_z' <Predicate = true> <Delay = 8.58> <CoreType = "Generic">   --->   Core 0 '' <Latency = 0> <II = 1> <Delay = 1.00> <Generic> <Opcode : >
ST_40 : Operation 179 [14/53] (8.58ns)   --->   "%collisions_y = call fastcc i64 @checkAxis.0(float %edge_p1_x_read, float %edge_p1_z_read, float %edge_p1_y_read, float %edge_p2_x_read, float %edge_p2_z_read, float %edge_p2_y_read)" [src/honeybee.c:167]   --->   Operation 179 'call' 'collisions_y' <Predicate = true> <Delay = 8.58> <CoreType = "Generic">   --->   Core 0 '' <Latency = 0> <II = 1> <Delay = 1.00> <Generic> <Opcode : >
ST_40 : Operation 180 [14/53] (8.58ns)   --->   "%collisions_x = call fastcc i64 @checkAxis.1(float %edge_p1_z_read, float %edge_p1_y_read, float %edge_p1_x_read, float %edge_p2_z_read, float %edge_p2_y_read, float %edge_p2_x_read)" [src/honeybee.c:168]   --->   Operation 180 'call' 'collisions_x' <Predicate = true> <Delay = 8.58> <CoreType = "Generic">   --->   Core 0 '' <Latency = 0> <II = 1> <Delay = 1.00> <Generic> <Opcode : >

State 41 <SV = 40> <Delay = 8.58>
ST_41 : Operation 181 [13/53] (8.58ns)   --->   "%collisions_z = call fastcc i64 @checkAxis.2(float %edge_p1_x_read, float %edge_p1_y_read, float %edge_p1_z_read, float %edge_p2_x_read, float %edge_p2_y_read, float %edge_p2_z_read)" [src/honeybee.c:166]   --->   Operation 181 'call' 'collisions_z' <Predicate = true> <Delay = 8.58> <CoreType = "Generic">   --->   Core 0 '' <Latency = 0> <II = 1> <Delay = 1.00> <Generic> <Opcode : >
ST_41 : Operation 182 [13/53] (8.58ns)   --->   "%collisions_y = call fastcc i64 @checkAxis.0(float %edge_p1_x_read, float %edge_p1_z_read, float %edge_p1_y_read, float %edge_p2_x_read, float %edge_p2_z_read, float %edge_p2_y_read)" [src/honeybee.c:167]   --->   Operation 182 'call' 'collisions_y' <Predicate = true> <Delay = 8.58> <CoreType = "Generic">   --->   Core 0 '' <Latency = 0> <II = 1> <Delay = 1.00> <Generic> <Opcode : >
ST_41 : Operation 183 [13/53] (8.58ns)   --->   "%collisions_x = call fastcc i64 @checkAxis.1(float %edge_p1_z_read, float %edge_p1_y_read, float %edge_p1_x_read, float %edge_p2_z_read, float %edge_p2_y_read, float %edge_p2_x_read)" [src/honeybee.c:168]   --->   Operation 183 'call' 'collisions_x' <Predicate = true> <Delay = 8.58> <CoreType = "Generic">   --->   Core 0 '' <Latency = 0> <II = 1> <Delay = 1.00> <Generic> <Opcode : >

State 42 <SV = 41> <Delay = 8.58>
ST_42 : Operation 184 [12/53] (8.58ns)   --->   "%collisions_z = call fastcc i64 @checkAxis.2(float %edge_p1_x_read, float %edge_p1_y_read, float %edge_p1_z_read, float %edge_p2_x_read, float %edge_p2_y_read, float %edge_p2_z_read)" [src/honeybee.c:166]   --->   Operation 184 'call' 'collisions_z' <Predicate = true> <Delay = 8.58> <CoreType = "Generic">   --->   Core 0 '' <Latency = 0> <II = 1> <Delay = 1.00> <Generic> <Opcode : >
ST_42 : Operation 185 [12/53] (8.58ns)   --->   "%collisions_y = call fastcc i64 @checkAxis.0(float %edge_p1_x_read, float %edge_p1_z_read, float %edge_p1_y_read, float %edge_p2_x_read, float %edge_p2_z_read, float %edge_p2_y_read)" [src/honeybee.c:167]   --->   Operation 185 'call' 'collisions_y' <Predicate = true> <Delay = 8.58> <CoreType = "Generic">   --->   Core 0 '' <Latency = 0> <II = 1> <Delay = 1.00> <Generic> <Opcode : >
ST_42 : Operation 186 [12/53] (8.58ns)   --->   "%collisions_x = call fastcc i64 @checkAxis.1(float %edge_p1_z_read, float %edge_p1_y_read, float %edge_p1_x_read, float %edge_p2_z_read, float %edge_p2_y_read, float %edge_p2_x_read)" [src/honeybee.c:168]   --->   Operation 186 'call' 'collisions_x' <Predicate = true> <Delay = 8.58> <CoreType = "Generic">   --->   Core 0 '' <Latency = 0> <II = 1> <Delay = 1.00> <Generic> <Opcode : >

State 43 <SV = 42> <Delay = 8.58>
ST_43 : Operation 187 [11/53] (8.58ns)   --->   "%collisions_z = call fastcc i64 @checkAxis.2(float %edge_p1_x_read, float %edge_p1_y_read, float %edge_p1_z_read, float %edge_p2_x_read, float %edge_p2_y_read, float %edge_p2_z_read)" [src/honeybee.c:166]   --->   Operation 187 'call' 'collisions_z' <Predicate = true> <Delay = 8.58> <CoreType = "Generic">   --->   Core 0 '' <Latency = 0> <II = 1> <Delay = 1.00> <Generic> <Opcode : >
ST_43 : Operation 188 [11/53] (8.58ns)   --->   "%collisions_y = call fastcc i64 @checkAxis.0(float %edge_p1_x_read, float %edge_p1_z_read, float %edge_p1_y_read, float %edge_p2_x_read, float %edge_p2_z_read, float %edge_p2_y_read)" [src/honeybee.c:167]   --->   Operation 188 'call' 'collisions_y' <Predicate = true> <Delay = 8.58> <CoreType = "Generic">   --->   Core 0 '' <Latency = 0> <II = 1> <Delay = 1.00> <Generic> <Opcode : >
ST_43 : Operation 189 [11/53] (8.58ns)   --->   "%collisions_x = call fastcc i64 @checkAxis.1(float %edge_p1_z_read, float %edge_p1_y_read, float %edge_p1_x_read, float %edge_p2_z_read, float %edge_p2_y_read, float %edge_p2_x_read)" [src/honeybee.c:168]   --->   Operation 189 'call' 'collisions_x' <Predicate = true> <Delay = 8.58> <CoreType = "Generic">   --->   Core 0 '' <Latency = 0> <II = 1> <Delay = 1.00> <Generic> <Opcode : >

State 44 <SV = 43> <Delay = 8.58>
ST_44 : Operation 190 [10/53] (8.58ns)   --->   "%collisions_z = call fastcc i64 @checkAxis.2(float %edge_p1_x_read, float %edge_p1_y_read, float %edge_p1_z_read, float %edge_p2_x_read, float %edge_p2_y_read, float %edge_p2_z_read)" [src/honeybee.c:166]   --->   Operation 190 'call' 'collisions_z' <Predicate = true> <Delay = 8.58> <CoreType = "Generic">   --->   Core 0 '' <Latency = 0> <II = 1> <Delay = 1.00> <Generic> <Opcode : >
ST_44 : Operation 191 [10/53] (8.58ns)   --->   "%collisions_y = call fastcc i64 @checkAxis.0(float %edge_p1_x_read, float %edge_p1_z_read, float %edge_p1_y_read, float %edge_p2_x_read, float %edge_p2_z_read, float %edge_p2_y_read)" [src/honeybee.c:167]   --->   Operation 191 'call' 'collisions_y' <Predicate = true> <Delay = 8.58> <CoreType = "Generic">   --->   Core 0 '' <Latency = 0> <II = 1> <Delay = 1.00> <Generic> <Opcode : >
ST_44 : Operation 192 [10/53] (8.58ns)   --->   "%collisions_x = call fastcc i64 @checkAxis.1(float %edge_p1_z_read, float %edge_p1_y_read, float %edge_p1_x_read, float %edge_p2_z_read, float %edge_p2_y_read, float %edge_p2_x_read)" [src/honeybee.c:168]   --->   Operation 192 'call' 'collisions_x' <Predicate = true> <Delay = 8.58> <CoreType = "Generic">   --->   Core 0 '' <Latency = 0> <II = 1> <Delay = 1.00> <Generic> <Opcode : >

State 45 <SV = 44> <Delay = 8.58>
ST_45 : Operation 193 [9/53] (8.58ns)   --->   "%collisions_z = call fastcc i64 @checkAxis.2(float %edge_p1_x_read, float %edge_p1_y_read, float %edge_p1_z_read, float %edge_p2_x_read, float %edge_p2_y_read, float %edge_p2_z_read)" [src/honeybee.c:166]   --->   Operation 193 'call' 'collisions_z' <Predicate = true> <Delay = 8.58> <CoreType = "Generic">   --->   Core 0 '' <Latency = 0> <II = 1> <Delay = 1.00> <Generic> <Opcode : >
ST_45 : Operation 194 [9/53] (8.58ns)   --->   "%collisions_y = call fastcc i64 @checkAxis.0(float %edge_p1_x_read, float %edge_p1_z_read, float %edge_p1_y_read, float %edge_p2_x_read, float %edge_p2_z_read, float %edge_p2_y_read)" [src/honeybee.c:167]   --->   Operation 194 'call' 'collisions_y' <Predicate = true> <Delay = 8.58> <CoreType = "Generic">   --->   Core 0 '' <Latency = 0> <II = 1> <Delay = 1.00> <Generic> <Opcode : >
ST_45 : Operation 195 [9/53] (8.58ns)   --->   "%collisions_x = call fastcc i64 @checkAxis.1(float %edge_p1_z_read, float %edge_p1_y_read, float %edge_p1_x_read, float %edge_p2_z_read, float %edge_p2_y_read, float %edge_p2_x_read)" [src/honeybee.c:168]   --->   Operation 195 'call' 'collisions_x' <Predicate = true> <Delay = 8.58> <CoreType = "Generic">   --->   Core 0 '' <Latency = 0> <II = 1> <Delay = 1.00> <Generic> <Opcode : >

State 46 <SV = 45> <Delay = 8.58>
ST_46 : Operation 196 [8/53] (8.58ns)   --->   "%collisions_z = call fastcc i64 @checkAxis.2(float %edge_p1_x_read, float %edge_p1_y_read, float %edge_p1_z_read, float %edge_p2_x_read, float %edge_p2_y_read, float %edge_p2_z_read)" [src/honeybee.c:166]   --->   Operation 196 'call' 'collisions_z' <Predicate = true> <Delay = 8.58> <CoreType = "Generic">   --->   Core 0 '' <Latency = 0> <II = 1> <Delay = 1.00> <Generic> <Opcode : >
ST_46 : Operation 197 [8/53] (8.58ns)   --->   "%collisions_y = call fastcc i64 @checkAxis.0(float %edge_p1_x_read, float %edge_p1_z_read, float %edge_p1_y_read, float %edge_p2_x_read, float %edge_p2_z_read, float %edge_p2_y_read)" [src/honeybee.c:167]   --->   Operation 197 'call' 'collisions_y' <Predicate = true> <Delay = 8.58> <CoreType = "Generic">   --->   Core 0 '' <Latency = 0> <II = 1> <Delay = 1.00> <Generic> <Opcode : >
ST_46 : Operation 198 [8/53] (8.58ns)   --->   "%collisions_x = call fastcc i64 @checkAxis.1(float %edge_p1_z_read, float %edge_p1_y_read, float %edge_p1_x_read, float %edge_p2_z_read, float %edge_p2_y_read, float %edge_p2_x_read)" [src/honeybee.c:168]   --->   Operation 198 'call' 'collisions_x' <Predicate = true> <Delay = 8.58> <CoreType = "Generic">   --->   Core 0 '' <Latency = 0> <II = 1> <Delay = 1.00> <Generic> <Opcode : >

State 47 <SV = 46> <Delay = 8.58>
ST_47 : Operation 199 [7/53] (8.58ns)   --->   "%collisions_z = call fastcc i64 @checkAxis.2(float %edge_p1_x_read, float %edge_p1_y_read, float %edge_p1_z_read, float %edge_p2_x_read, float %edge_p2_y_read, float %edge_p2_z_read)" [src/honeybee.c:166]   --->   Operation 199 'call' 'collisions_z' <Predicate = true> <Delay = 8.58> <CoreType = "Generic">   --->   Core 0 '' <Latency = 0> <II = 1> <Delay = 1.00> <Generic> <Opcode : >
ST_47 : Operation 200 [7/53] (8.58ns)   --->   "%collisions_y = call fastcc i64 @checkAxis.0(float %edge_p1_x_read, float %edge_p1_z_read, float %edge_p1_y_read, float %edge_p2_x_read, float %edge_p2_z_read, float %edge_p2_y_read)" [src/honeybee.c:167]   --->   Operation 200 'call' 'collisions_y' <Predicate = true> <Delay = 8.58> <CoreType = "Generic">   --->   Core 0 '' <Latency = 0> <II = 1> <Delay = 1.00> <Generic> <Opcode : >
ST_47 : Operation 201 [7/53] (8.58ns)   --->   "%collisions_x = call fastcc i64 @checkAxis.1(float %edge_p1_z_read, float %edge_p1_y_read, float %edge_p1_x_read, float %edge_p2_z_read, float %edge_p2_y_read, float %edge_p2_x_read)" [src/honeybee.c:168]   --->   Operation 201 'call' 'collisions_x' <Predicate = true> <Delay = 8.58> <CoreType = "Generic">   --->   Core 0 '' <Latency = 0> <II = 1> <Delay = 1.00> <Generic> <Opcode : >

State 48 <SV = 47> <Delay = 8.58>
ST_48 : Operation 202 [6/53] (8.58ns)   --->   "%collisions_z = call fastcc i64 @checkAxis.2(float %edge_p1_x_read, float %edge_p1_y_read, float %edge_p1_z_read, float %edge_p2_x_read, float %edge_p2_y_read, float %edge_p2_z_read)" [src/honeybee.c:166]   --->   Operation 202 'call' 'collisions_z' <Predicate = true> <Delay = 8.58> <CoreType = "Generic">   --->   Core 0 '' <Latency = 0> <II = 1> <Delay = 1.00> <Generic> <Opcode : >
ST_48 : Operation 203 [6/53] (8.58ns)   --->   "%collisions_y = call fastcc i64 @checkAxis.0(float %edge_p1_x_read, float %edge_p1_z_read, float %edge_p1_y_read, float %edge_p2_x_read, float %edge_p2_z_read, float %edge_p2_y_read)" [src/honeybee.c:167]   --->   Operation 203 'call' 'collisions_y' <Predicate = true> <Delay = 8.58> <CoreType = "Generic">   --->   Core 0 '' <Latency = 0> <II = 1> <Delay = 1.00> <Generic> <Opcode : >
ST_48 : Operation 204 [6/53] (8.58ns)   --->   "%collisions_x = call fastcc i64 @checkAxis.1(float %edge_p1_z_read, float %edge_p1_y_read, float %edge_p1_x_read, float %edge_p2_z_read, float %edge_p2_y_read, float %edge_p2_x_read)" [src/honeybee.c:168]   --->   Operation 204 'call' 'collisions_x' <Predicate = true> <Delay = 8.58> <CoreType = "Generic">   --->   Core 0 '' <Latency = 0> <II = 1> <Delay = 1.00> <Generic> <Opcode : >

State 49 <SV = 48> <Delay = 8.58>
ST_49 : Operation 205 [5/53] (8.58ns)   --->   "%collisions_z = call fastcc i64 @checkAxis.2(float %edge_p1_x_read, float %edge_p1_y_read, float %edge_p1_z_read, float %edge_p2_x_read, float %edge_p2_y_read, float %edge_p2_z_read)" [src/honeybee.c:166]   --->   Operation 205 'call' 'collisions_z' <Predicate = true> <Delay = 8.58> <CoreType = "Generic">   --->   Core 0 '' <Latency = 0> <II = 1> <Delay = 1.00> <Generic> <Opcode : >
ST_49 : Operation 206 [5/53] (8.58ns)   --->   "%collisions_y = call fastcc i64 @checkAxis.0(float %edge_p1_x_read, float %edge_p1_z_read, float %edge_p1_y_read, float %edge_p2_x_read, float %edge_p2_z_read, float %edge_p2_y_read)" [src/honeybee.c:167]   --->   Operation 206 'call' 'collisions_y' <Predicate = true> <Delay = 8.58> <CoreType = "Generic">   --->   Core 0 '' <Latency = 0> <II = 1> <Delay = 1.00> <Generic> <Opcode : >
ST_49 : Operation 207 [5/53] (8.58ns)   --->   "%collisions_x = call fastcc i64 @checkAxis.1(float %edge_p1_z_read, float %edge_p1_y_read, float %edge_p1_x_read, float %edge_p2_z_read, float %edge_p2_y_read, float %edge_p2_x_read)" [src/honeybee.c:168]   --->   Operation 207 'call' 'collisions_x' <Predicate = true> <Delay = 8.58> <CoreType = "Generic">   --->   Core 0 '' <Latency = 0> <II = 1> <Delay = 1.00> <Generic> <Opcode : >

State 50 <SV = 49> <Delay = 8.58>
ST_50 : Operation 208 [4/53] (8.58ns)   --->   "%collisions_z = call fastcc i64 @checkAxis.2(float %edge_p1_x_read, float %edge_p1_y_read, float %edge_p1_z_read, float %edge_p2_x_read, float %edge_p2_y_read, float %edge_p2_z_read)" [src/honeybee.c:166]   --->   Operation 208 'call' 'collisions_z' <Predicate = true> <Delay = 8.58> <CoreType = "Generic">   --->   Core 0 '' <Latency = 0> <II = 1> <Delay = 1.00> <Generic> <Opcode : >
ST_50 : Operation 209 [4/53] (8.58ns)   --->   "%collisions_y = call fastcc i64 @checkAxis.0(float %edge_p1_x_read, float %edge_p1_z_read, float %edge_p1_y_read, float %edge_p2_x_read, float %edge_p2_z_read, float %edge_p2_y_read)" [src/honeybee.c:167]   --->   Operation 209 'call' 'collisions_y' <Predicate = true> <Delay = 8.58> <CoreType = "Generic">   --->   Core 0 '' <Latency = 0> <II = 1> <Delay = 1.00> <Generic> <Opcode : >
ST_50 : Operation 210 [4/53] (8.58ns)   --->   "%collisions_x = call fastcc i64 @checkAxis.1(float %edge_p1_z_read, float %edge_p1_y_read, float %edge_p1_x_read, float %edge_p2_z_read, float %edge_p2_y_read, float %edge_p2_x_read)" [src/honeybee.c:168]   --->   Operation 210 'call' 'collisions_x' <Predicate = true> <Delay = 8.58> <CoreType = "Generic">   --->   Core 0 '' <Latency = 0> <II = 1> <Delay = 1.00> <Generic> <Opcode : >

State 51 <SV = 50> <Delay = 8.58>
ST_51 : Operation 211 [3/53] (8.58ns)   --->   "%collisions_z = call fastcc i64 @checkAxis.2(float %edge_p1_x_read, float %edge_p1_y_read, float %edge_p1_z_read, float %edge_p2_x_read, float %edge_p2_y_read, float %edge_p2_z_read)" [src/honeybee.c:166]   --->   Operation 211 'call' 'collisions_z' <Predicate = true> <Delay = 8.58> <CoreType = "Generic">   --->   Core 0 '' <Latency = 0> <II = 1> <Delay = 1.00> <Generic> <Opcode : >
ST_51 : Operation 212 [3/53] (8.58ns)   --->   "%collisions_y = call fastcc i64 @checkAxis.0(float %edge_p1_x_read, float %edge_p1_z_read, float %edge_p1_y_read, float %edge_p2_x_read, float %edge_p2_z_read, float %edge_p2_y_read)" [src/honeybee.c:167]   --->   Operation 212 'call' 'collisions_y' <Predicate = true> <Delay = 8.58> <CoreType = "Generic">   --->   Core 0 '' <Latency = 0> <II = 1> <Delay = 1.00> <Generic> <Opcode : >
ST_51 : Operation 213 [3/53] (8.58ns)   --->   "%collisions_x = call fastcc i64 @checkAxis.1(float %edge_p1_z_read, float %edge_p1_y_read, float %edge_p1_x_read, float %edge_p2_z_read, float %edge_p2_y_read, float %edge_p2_x_read)" [src/honeybee.c:168]   --->   Operation 213 'call' 'collisions_x' <Predicate = true> <Delay = 8.58> <CoreType = "Generic">   --->   Core 0 '' <Latency = 0> <II = 1> <Delay = 1.00> <Generic> <Opcode : >

State 52 <SV = 51> <Delay = 8.58>
ST_52 : Operation 214 [2/53] (8.58ns)   --->   "%collisions_z = call fastcc i64 @checkAxis.2(float %edge_p1_x_read, float %edge_p1_y_read, float %edge_p1_z_read, float %edge_p2_x_read, float %edge_p2_y_read, float %edge_p2_z_read)" [src/honeybee.c:166]   --->   Operation 214 'call' 'collisions_z' <Predicate = true> <Delay = 8.58> <CoreType = "Generic">   --->   Core 0 '' <Latency = 0> <II = 1> <Delay = 1.00> <Generic> <Opcode : >
ST_52 : Operation 215 [2/53] (8.58ns)   --->   "%collisions_y = call fastcc i64 @checkAxis.0(float %edge_p1_x_read, float %edge_p1_z_read, float %edge_p1_y_read, float %edge_p2_x_read, float %edge_p2_z_read, float %edge_p2_y_read)" [src/honeybee.c:167]   --->   Operation 215 'call' 'collisions_y' <Predicate = true> <Delay = 8.58> <CoreType = "Generic">   --->   Core 0 '' <Latency = 0> <II = 1> <Delay = 1.00> <Generic> <Opcode : >
ST_52 : Operation 216 [2/53] (8.58ns)   --->   "%collisions_x = call fastcc i64 @checkAxis.1(float %edge_p1_z_read, float %edge_p1_y_read, float %edge_p1_x_read, float %edge_p2_z_read, float %edge_p2_y_read, float %edge_p2_x_read)" [src/honeybee.c:168]   --->   Operation 216 'call' 'collisions_x' <Predicate = true> <Delay = 8.58> <CoreType = "Generic">   --->   Core 0 '' <Latency = 0> <II = 1> <Delay = 1.00> <Generic> <Opcode : >

State 53 <SV = 52> <Delay = 8.00>
ST_53 : Operation 217 [1/53] (8.00ns)   --->   "%collisions_z = call fastcc i64 @checkAxis.2(float %edge_p1_x_read, float %edge_p1_y_read, float %edge_p1_z_read, float %edge_p2_x_read, float %edge_p2_y_read, float %edge_p2_z_read)" [src/honeybee.c:166]   --->   Operation 217 'call' 'collisions_z' <Predicate = true> <Delay = 8.00> <CoreType = "Generic">   --->   Core 0 '' <Latency = 0> <II = 1> <Delay = 1.00> <Generic> <Opcode : >
ST_53 : Operation 218 [1/53] (7.79ns)   --->   "%collisions_y = call fastcc i64 @checkAxis.0(float %edge_p1_x_read, float %edge_p1_z_read, float %edge_p1_y_read, float %edge_p2_x_read, float %edge_p2_z_read, float %edge_p2_y_read)" [src/honeybee.c:167]   --->   Operation 218 'call' 'collisions_y' <Predicate = true> <Delay = 7.79> <CoreType = "Generic">   --->   Core 0 '' <Latency = 0> <II = 1> <Delay = 1.00> <Generic> <Opcode : >
ST_53 : Operation 219 [1/53] (7.79ns)   --->   "%collisions_x = call fastcc i64 @checkAxis.1(float %edge_p1_z_read, float %edge_p1_y_read, float %edge_p1_x_read, float %edge_p2_z_read, float %edge_p2_y_read, float %edge_p2_x_read)" [src/honeybee.c:168]   --->   Operation 219 'call' 'collisions_x' <Predicate = true> <Delay = 7.79> <CoreType = "Generic">   --->   Core 0 '' <Latency = 0> <II = 1> <Delay = 1.00> <Generic> <Opcode : >

State 54 <SV = 53> <Delay = 0.80>
ST_54 : Operation 220 [1/1] (0.00ns)   --->   "call void (...)* @_ssdm_op_SpecBitsMap(float %edge_p1_x), !map !39"   --->   Operation 220 'specbitsmap' <Predicate = true> <Delay = 0.00>
ST_54 : Operation 221 [1/1] (0.00ns)   --->   "call void (...)* @_ssdm_op_SpecBitsMap(float %edge_p1_y), !map !45"   --->   Operation 221 'specbitsmap' <Predicate = true> <Delay = 0.00>
ST_54 : Operation 222 [1/1] (0.00ns)   --->   "call void (...)* @_ssdm_op_SpecBitsMap(float %edge_p1_z), !map !49"   --->   Operation 222 'specbitsmap' <Predicate = true> <Delay = 0.00>
ST_54 : Operation 223 [1/1] (0.00ns)   --->   "call void (...)* @_ssdm_op_SpecBitsMap(float %edge_p2_x), !map !53"   --->   Operation 223 'specbitsmap' <Predicate = true> <Delay = 0.00>
ST_54 : Operation 224 [1/1] (0.00ns)   --->   "call void (...)* @_ssdm_op_SpecBitsMap(float %edge_p2_y), !map !57"   --->   Operation 224 'specbitsmap' <Predicate = true> <Delay = 0.00>
ST_54 : Operation 225 [1/1] (0.00ns)   --->   "call void (...)* @_ssdm_op_SpecBitsMap(float %edge_p2_z), !map !61"   --->   Operation 225 'specbitsmap' <Predicate = true> <Delay = 0.00>
ST_54 : Operation 226 [1/1] (0.00ns)   --->   "call void (...)* @_ssdm_op_SpecBitsMap(i64 0) nounwind, !map !65"   --->   Operation 226 'specbitsmap' <Predicate = true> <Delay = 0.00>
ST_54 : Operation 227 [1/1] (0.00ns)   --->   "call void (...)* @_ssdm_op_SpecTopModule([9 x i8]* @honeybee_str) nounwind"   --->   Operation 227 'spectopmodule' <Predicate = true> <Delay = 0.00>
ST_54 : Operation 228 [1/1] (0.00ns) (grouped into LUT with out node collisions)   --->   "%or_ln170 = or i64 %collisions_z, %collisions_x" [src/honeybee.c:170]   --->   Operation 228 'or' 'or_ln170' <Predicate = true> <Delay = 0.00> <Core = "LogicGate">   --->   Core 27 'LogicGate' <Latency = 0> <II = 1> <Delay = 0.80> <FuncUnit> <Opcode : 'and' 'or' 'xor'> <InPorts = 2> <OutPorts = 1>
ST_54 : Operation 229 [1/1] (0.80ns) (out node of the LUT)   --->   "%collisions = or i64 %or_ln170, %collisions_y" [src/honeybee.c:170]   --->   Operation 229 'or' 'collisions' <Predicate = true> <Delay = 0.80> <Core = "LogicGate">   --->   Core 27 'LogicGate' <Latency = 0> <II = 1> <Delay = 0.80> <FuncUnit> <Opcode : 'and' 'or' 'xor'> <InPorts = 2> <OutPorts = 1>
ST_54 : Operation 230 [1/1] (0.00ns)   --->   "ret i64 %collisions" [src/honeybee.c:171]   --->   Operation 230 'ret' <Predicate = true> <Delay = 0.00>


============================================================
+ Verbose Summary: Timing violations
============================================================
Target clock period: 10ns, clock uncertainty: 1.25ns.

 <State 1>: 8.59ns
The critical path consists of the following:
	wire read on port 'edge_p2_z' (src/honeybee.c:159) [15]  (0 ns)
	'call' operation ('collisions_z', src/honeybee.c:166) to 'checkAxis.2' [21]  (8.59 ns)

 <State 2>: 8.59ns
The critical path consists of the following:
	'call' operation ('collisions_z', src/honeybee.c:166) to 'checkAxis.2' [21]  (8.59 ns)

 <State 3>: 8.59ns
The critical path consists of the following:
	'call' operation ('collisions_z', src/honeybee.c:166) to 'checkAxis.2' [21]  (8.59 ns)

 <State 4>: 8.59ns
The critical path consists of the following:
	'call' operation ('collisions_z', src/honeybee.c:166) to 'checkAxis.2' [21]  (8.59 ns)

 <State 5>: 8.59ns
The critical path consists of the following:
	'call' operation ('collisions_z', src/honeybee.c:166) to 'checkAxis.2' [21]  (8.59 ns)

 <State 6>: 8.59ns
The critical path consists of the following:
	'call' operation ('collisions_z', src/honeybee.c:166) to 'checkAxis.2' [21]  (8.59 ns)

 <State 7>: 8.59ns
The critical path consists of the following:
	'call' operation ('collisions_z', src/honeybee.c:166) to 'checkAxis.2' [21]  (8.59 ns)

 <State 8>: 8.59ns
The critical path consists of the following:
	'call' operation ('collisions_z', src/honeybee.c:166) to 'checkAxis.2' [21]  (8.59 ns)

 <State 9>: 8.59ns
The critical path consists of the following:
	'call' operation ('collisions_z', src/honeybee.c:166) to 'checkAxis.2' [21]  (8.59 ns)

 <State 10>: 8.59ns
The critical path consists of the following:
	'call' operation ('collisions_z', src/honeybee.c:166) to 'checkAxis.2' [21]  (8.59 ns)

 <State 11>: 8.59ns
The critical path consists of the following:
	'call' operation ('collisions_z', src/honeybee.c:166) to 'checkAxis.2' [21]  (8.59 ns)

 <State 12>: 8.59ns
The critical path consists of the following:
	'call' operation ('collisions_z', src/honeybee.c:166) to 'checkAxis.2' [21]  (8.59 ns)

 <State 13>: 8.59ns
The critical path consists of the following:
	'call' operation ('collisions_z', src/honeybee.c:166) to 'checkAxis.2' [21]  (8.59 ns)

 <State 14>: 8.59ns
The critical path consists of the following:
	'call' operation ('collisions_z', src/honeybee.c:166) to 'checkAxis.2' [21]  (8.59 ns)

 <State 15>: 8.59ns
The critical path consists of the following:
	'call' operation ('collisions_z', src/honeybee.c:166) to 'checkAxis.2' [21]  (8.59 ns)

 <State 16>: 8.59ns
The critical path consists of the following:
	'call' operation ('collisions_z', src/honeybee.c:166) to 'checkAxis.2' [21]  (8.59 ns)

 <State 17>: 8.59ns
The critical path consists of the following:
	'call' operation ('collisions_z', src/honeybee.c:166) to 'checkAxis.2' [21]  (8.59 ns)

 <State 18>: 8.59ns
The critical path consists of the following:
	'call' operation ('collisions_z', src/honeybee.c:166) to 'checkAxis.2' [21]  (8.59 ns)

 <State 19>: 8.59ns
The critical path consists of the following:
	'call' operation ('collisions_z', src/honeybee.c:166) to 'checkAxis.2' [21]  (8.59 ns)

 <State 20>: 8.59ns
The critical path consists of the following:
	'call' operation ('collisions_z', src/honeybee.c:166) to 'checkAxis.2' [21]  (8.59 ns)

 <State 21>: 8.59ns
The critical path consists of the following:
	'call' operation ('collisions_z', src/honeybee.c:166) to 'checkAxis.2' [21]  (8.59 ns)

 <State 22>: 8.59ns
The critical path consists of the following:
	'call' operation ('collisions_z', src/honeybee.c:166) to 'checkAxis.2' [21]  (8.59 ns)

 <State 23>: 8.59ns
The critical path consists of the following:
	'call' operation ('collisions_z', src/honeybee.c:166) to 'checkAxis.2' [21]  (8.59 ns)

 <State 24>: 8.59ns
The critical path consists of the following:
	'call' operation ('collisions_z', src/honeybee.c:166) to 'checkAxis.2' [21]  (8.59 ns)

 <State 25>: 8.59ns
The critical path consists of the following:
	'call' operation ('collisions_z', src/honeybee.c:166) to 'checkAxis.2' [21]  (8.59 ns)

 <State 26>: 8.59ns
The critical path consists of the following:
	'call' operation ('collisions_z', src/honeybee.c:166) to 'checkAxis.2' [21]  (8.59 ns)

 <State 27>: 8.59ns
The critical path consists of the following:
	'call' operation ('collisions_z', src/honeybee.c:166) to 'checkAxis.2' [21]  (8.59 ns)

 <State 28>: 8.59ns
The critical path consists of the following:
	'call' operation ('collisions_z', src/honeybee.c:166) to 'checkAxis.2' [21]  (8.59 ns)

 <State 29>: 8.59ns
The critical path consists of the following:
	'call' operation ('collisions_z', src/honeybee.c:166) to 'checkAxis.2' [21]  (8.59 ns)

 <State 30>: 8.59ns
The critical path consists of the following:
	'call' operation ('collisions_z', src/honeybee.c:166) to 'checkAxis.2' [21]  (8.59 ns)

 <State 31>: 8.59ns
The critical path consists of the following:
	'call' operation ('collisions_z', src/honeybee.c:166) to 'checkAxis.2' [21]  (8.59 ns)

 <State 32>: 8.59ns
The critical path consists of the following:
	'call' operation ('collisions_z', src/honeybee.c:166) to 'checkAxis.2' [21]  (8.59 ns)

 <State 33>: 8.59ns
The critical path consists of the following:
	'call' operation ('collisions_z', src/honeybee.c:166) to 'checkAxis.2' [21]  (8.59 ns)

 <State 34>: 8.59ns
The critical path consists of the following:
	'call' operation ('collisions_z', src/honeybee.c:166) to 'checkAxis.2' [21]  (8.59 ns)

 <State 35>: 8.59ns
The critical path consists of the following:
	'call' operation ('collisions_z', src/honeybee.c:166) to 'checkAxis.2' [21]  (8.59 ns)

 <State 36>: 8.59ns
The critical path consists of the following:
	'call' operation ('collisions_z', src/honeybee.c:166) to 'checkAxis.2' [21]  (8.59 ns)

 <State 37>: 8.59ns
The critical path consists of the following:
	'call' operation ('collisions_z', src/honeybee.c:166) to 'checkAxis.2' [21]  (8.59 ns)

 <State 38>: 8.59ns
The critical path consists of the following:
	'call' operation ('collisions_z', src/honeybee.c:166) to 'checkAxis.2' [21]  (8.59 ns)

 <State 39>: 8.59ns
The critical path consists of the following:
	'call' operation ('collisions_z', src/honeybee.c:166) to 'checkAxis.2' [21]  (8.59 ns)

 <State 40>: 8.59ns
The critical path consists of the following:
	'call' operation ('collisions_z', src/honeybee.c:166) to 'checkAxis.2' [21]  (8.59 ns)

 <State 41>: 8.59ns
The critical path consists of the following:
	'call' operation ('collisions_z', src/honeybee.c:166) to 'checkAxis.2' [21]  (8.59 ns)

 <State 42>: 8.59ns
The critical path consists of the following:
	'call' operation ('collisions_z', src/honeybee.c:166) to 'checkAxis.2' [21]  (8.59 ns)

 <State 43>: 8.59ns
The critical path consists of the following:
	'call' operation ('collisions_z', src/honeybee.c:166) to 'checkAxis.2' [21]  (8.59 ns)

 <State 44>: 8.59ns
The critical path consists of the following:
	'call' operation ('collisions_z', src/honeybee.c:166) to 'checkAxis.2' [21]  (8.59 ns)

 <State 45>: 8.59ns
The critical path consists of the following:
	'call' operation ('collisions_z', src/honeybee.c:166) to 'checkAxis.2' [21]  (8.59 ns)

 <State 46>: 8.59ns
The critical path consists of the following:
	'call' operation ('collisions_z', src/honeybee.c:166) to 'checkAxis.2' [21]  (8.59 ns)

 <State 47>: 8.59ns
The critical path consists of the following:
	'call' operation ('collisions_z', src/honeybee.c:166) to 'checkAxis.2' [21]  (8.59 ns)

 <State 48>: 8.59ns
The critical path consists of the following:
	'call' operation ('collisions_z', src/honeybee.c:166) to 'checkAxis.2' [21]  (8.59 ns)

 <State 49>: 8.59ns
The critical path consists of the following:
	'call' operation ('collisions_z', src/honeybee.c:166) to 'checkAxis.2' [21]  (8.59 ns)

 <State 50>: 8.59ns
The critical path consists of the following:
	'call' operation ('collisions_z', src/honeybee.c:166) to 'checkAxis.2' [21]  (8.59 ns)

 <State 51>: 8.59ns
The critical path consists of the following:
	'call' operation ('collisions_z', src/honeybee.c:166) to 'checkAxis.2' [21]  (8.59 ns)

 <State 52>: 8.59ns
The critical path consists of the following:
	'call' operation ('collisions_z', src/honeybee.c:166) to 'checkAxis.2' [21]  (8.59 ns)

 <State 53>: 8ns
The critical path consists of the following:
	'call' operation ('collisions_z', src/honeybee.c:166) to 'checkAxis.2' [21]  (8 ns)

 <State 54>: 0.806ns
The critical path consists of the following:
	'or' operation ('or_ln170', src/honeybee.c:170) [24]  (0 ns)
	'or' operation ('collisions', src/honeybee.c:170) [25]  (0.806 ns)


============================================================
+ Verbose Summary: Binding
============================================================
N/A
* FSMD analyzer results:
  - Output states:
 - Input state : 
  - Chain level:
	State 1
	State 2
	State 3
	State 4
	State 5
	State 6
	State 7
	State 8
	State 9
	State 10
	State 11
	State 12
	State 13
	State 14
	State 15
	State 16
	State 17
	State 18
	State 19
	State 20
	State 21
	State 22
	State 23
	State 24
	State 25
	State 26
	State 27
	State 28
	State 29
	State 30
	State 31
	State 32
	State 33
	State 34
	State 35
	State 36
	State 37
	State 38
	State 39
	State 40
	State 41
	State 42
	State 43
	State 44
	State 45
	State 46
	State 47
	State 48
	State 49
	State 50
	State 51
	State 52
	State 53
	State 54


============================================================
+ Verbose Summary: Datapath Resource usage 
============================================================
N/A
