

================================================================
== Vivado HLS Report for 'lineIntersectsPlane'
================================================================
* Date:           Mon Mar 30 02:47:36 2020

* Version:        2019.2 (Build 2704478 on Wed Nov 06 22:10:23 MST 2019)
* Project:        honeybee_proj
* Solution:       HBH
* Product family: zynq
* Target device:  xc7z030i-fbg484-2L


================================================================
== Performance Estimates
================================================================
+ Timing: 
    * Summary: 
    +--------+----------+----------+------------+
    |  Clock |  Target  | Estimated| Uncertainty|
    +--------+----------+----------+------------+
    |ap_clk  | 10.00 ns | 8.588 ns |   1.25 ns  |
    +--------+----------+----------+------------+

+ Latency: 
    * Summary: 
    +---------+---------+----------+----------+-----+-----+----------+
    |  Latency (cycles) |  Latency (absolute) |  Interval | Pipeline |
    |   min   |   max   |    min   |    max   | min | max |   Type   |
    +---------+---------+----------+----------+-----+-----+----------+
    |       44|       44| 0.440 us | 0.440 us |    1|    1| function |
    +---------+---------+----------+----------+-----+-----+----------+

    + Detail: 
        * Instance: 
        N/A

        * Loop: 
        N/A

============================================================
+ Verbose Summary: Synthesis Manager
============================================================
InlineROM: 1
ExposeGlobal: 0
============================================================
+ Verbose Summary: CDFG Model
============================================================
IsTopModel: 0
ResetActiveHigh: 1
IsCombinational: 0
IsDatapathOnly: 0
HasWiredReturn: 1
HasMFsm: 2
HasVarLatency: 0
IsPipeline: 1
IsRtlPipelined: 1
IsInstanceOverlapped: 0
IsDontTouch: 0
HasImplIP: 0
IsGatedGlobalClock: 0

+ Individual pipeline summary: 
  * Pipeline-0: initiation interval (II) = 1, depth = 45


============================================================
+ Verbose Summary: Schedule
============================================================
* Number of FSM states : 45
* Pipeline : 1
  Pipeline-0 : II = 1, D = 45, States = { 1 2 3 4 5 6 7 8 9 10 11 12 13 14 15 16 17 18 19 20 21 22 23 24 25 26 27 28 29 30 31 32 33 34 35 36 37 38 39 40 41 42 43 44 45 }
* Dataflow Pipeline: 0

* FSM state transitions: 
1 --> 2 
2 --> 3 
3 --> 4 
4 --> 5 
5 --> 6 
6 --> 7 
7 --> 8 
8 --> 9 
9 --> 10 
10 --> 11 
11 --> 12 
12 --> 13 
13 --> 14 
14 --> 15 
15 --> 16 
16 --> 17 
17 --> 18 
18 --> 19 
19 --> 20 
20 --> 21 
21 --> 22 
22 --> 23 
23 --> 24 
24 --> 25 
25 --> 26 
26 --> 27 
27 --> 28 
28 --> 29 
29 --> 30 
30 --> 31 
31 --> 32 
32 --> 33 
33 --> 34 
34 --> 35 
35 --> 36 
36 --> 37 
37 --> 38 
38 --> 39 
39 --> 40 
40 --> 41 
41 --> 42 
42 --> 43 
43 --> 44 
44 --> 45 
45 --> 

* FSM state operations: 

State 1 <SV = 0> <Delay = 8.58>
ST_1 : Operation 46 [1/1] (0.00ns)   --->   "%plane_read = call float @_ssdm_op_Read.ap_auto.float(float %plane)" [src/honeybee.c:53]   --->   Operation 46 'read' 'plane_read' <Predicate = true> <Delay = 0.00>
ST_1 : Operation 47 [1/1] (0.00ns)   --->   "%edge_p2_z_read = call float @_ssdm_op_Read.ap_auto.float(float %edge_p2_z)" [src/honeybee.c:53]   --->   Operation 47 'read' 'edge_p2_z_read' <Predicate = true> <Delay = 0.00>
ST_1 : Operation 48 [1/1] (0.00ns)   --->   "%edge_p2_y_read = call float @_ssdm_op_Read.ap_auto.float(float %edge_p2_y)" [src/honeybee.c:53]   --->   Operation 48 'read' 'edge_p2_y_read' <Predicate = true> <Delay = 0.00>
ST_1 : Operation 49 [1/1] (0.00ns)   --->   "%edge_p2_x_read = call float @_ssdm_op_Read.ap_auto.float(float %edge_p2_x)" [src/honeybee.c:53]   --->   Operation 49 'read' 'edge_p2_x_read' <Predicate = true> <Delay = 0.00>
ST_1 : Operation 50 [1/1] (0.00ns)   --->   "%edge_p1_z_read = call float @_ssdm_op_Read.ap_auto.float(float %edge_p1_z)" [src/honeybee.c:53]   --->   Operation 50 'read' 'edge_p1_z_read' <Predicate = true> <Delay = 0.00>
ST_1 : Operation 51 [1/1] (0.00ns)   --->   "%edge_p1_y_read = call float @_ssdm_op_Read.ap_auto.float(float %edge_p1_y)" [src/honeybee.c:53]   --->   Operation 51 'read' 'edge_p1_y_read' <Predicate = true> <Delay = 0.00>
ST_1 : Operation 52 [1/1] (0.00ns)   --->   "%edge_p1_x_read = call float @_ssdm_op_Read.ap_auto.float(float %edge_p1_x)" [src/honeybee.c:53]   --->   Operation 52 'read' 'edge_p1_x_read' <Predicate = true> <Delay = 0.00>
ST_1 : Operation 53 [4/4] (8.58ns)   --->   "%PR_z = fsub float %plane_read, %plane_read" [src/honeybee.c:12->src/honeybee.c:61]   --->   Operation 53 'fsub' 'PR_z' <Predicate = true> <Delay = 8.58> <Core = "FAddSub">   --->   Core 105 'FAddSub' <Latency = 3> <II = 1> <Delay = 8.58> <FuncUnit> <Opcode : 'fadd' 'fsub'> <InPorts = 2> <OutPorts = 1>

State 2 <SV = 1> <Delay = 8.58>
ST_2 : Operation 54 [3/4] (8.58ns)   --->   "%PR_z = fsub float %plane_read, %plane_read" [src/honeybee.c:12->src/honeybee.c:61]   --->   Operation 54 'fsub' 'PR_z' <Predicate = true> <Delay = 8.58> <Core = "FAddSub">   --->   Core 105 'FAddSub' <Latency = 3> <II = 1> <Delay = 8.58> <FuncUnit> <Opcode : 'fadd' 'fsub'> <InPorts = 2> <OutPorts = 1>

State 3 <SV = 2> <Delay = 8.58>
ST_3 : Operation 55 [2/4] (8.58ns)   --->   "%PR_z = fsub float %plane_read, %plane_read" [src/honeybee.c:12->src/honeybee.c:61]   --->   Operation 55 'fsub' 'PR_z' <Predicate = true> <Delay = 8.58> <Core = "FAddSub">   --->   Core 105 'FAddSub' <Latency = 3> <II = 1> <Delay = 8.58> <FuncUnit> <Opcode : 'fadd' 'fsub'> <InPorts = 2> <OutPorts = 1>

State 4 <SV = 3> <Delay = 8.58>
ST_4 : Operation 56 [1/4] (8.58ns)   --->   "%PR_z = fsub float %plane_read, %plane_read" [src/honeybee.c:12->src/honeybee.c:61]   --->   Operation 56 'fsub' 'PR_z' <Predicate = true> <Delay = 8.58> <Core = "FAddSub">   --->   Core 105 'FAddSub' <Latency = 3> <II = 1> <Delay = 8.58> <FuncUnit> <Opcode : 'fadd' 'fsub'> <InPorts = 2> <OutPorts = 1>

State 5 <SV = 4> <Delay = 8.43>
ST_5 : Operation 57 [3/3] (8.43ns)   --->   "%tmp_i = fmul float %PR_z, 0.000000e+00" [src/honeybee.c:20->src/honeybee.c:65]   --->   Operation 57 'fmul' 'tmp_i' <Predicate = true> <Delay = 8.43> <Core = "FMul">   --->   Core 106 'FMul' <Latency = 2> <II = 1> <Delay = 8.43> <FuncUnit> <Opcode : 'fmul'> <InPorts = 2> <OutPorts = 1>

State 6 <SV = 5> <Delay = 8.43>
ST_6 : Operation 58 [2/3] (8.43ns)   --->   "%tmp_i = fmul float %PR_z, 0.000000e+00" [src/honeybee.c:20->src/honeybee.c:65]   --->   Operation 58 'fmul' 'tmp_i' <Predicate = true> <Delay = 8.43> <Core = "FMul">   --->   Core 106 'FMul' <Latency = 2> <II = 1> <Delay = 8.43> <FuncUnit> <Opcode : 'fmul'> <InPorts = 2> <OutPorts = 1>

State 7 <SV = 6> <Delay = 8.43>
ST_7 : Operation 59 [1/3] (8.43ns)   --->   "%tmp_i = fmul float %PR_z, 0.000000e+00" [src/honeybee.c:20->src/honeybee.c:65]   --->   Operation 59 'fmul' 'tmp_i' <Predicate = true> <Delay = 8.43> <Core = "FMul">   --->   Core 106 'FMul' <Latency = 2> <II = 1> <Delay = 8.43> <FuncUnit> <Opcode : 'fmul'> <InPorts = 2> <OutPorts = 1>
ST_7 : Operation 60 [1/1] (0.00ns)   --->   "%bitcast_ln20 = bitcast float %PR_z to i32" [src/honeybee.c:20->src/honeybee.c:65]   --->   Operation 60 'bitcast' 'bitcast_ln20' <Predicate = true> <Delay = 0.00>
ST_7 : Operation 61 [1/1] (0.80ns)   --->   "%xor_ln20 = xor i32 %bitcast_ln20, -2147483648" [src/honeybee.c:20->src/honeybee.c:65]   --->   Operation 61 'xor' 'xor_ln20' <Predicate = true> <Delay = 0.80> <Core = "LogicGate">   --->   Core 27 'LogicGate' <Latency = 0> <II = 1> <Delay = 0.80> <FuncUnit> <Opcode : 'and' 'or' 'xor'> <InPorts = 2> <OutPorts = 1>

State 8 <SV = 7> <Delay = 8.58>
ST_8 : Operation 62 [1/1] (0.00ns)   --->   "%bitcast_ln20_1 = bitcast i32 %xor_ln20 to float" [src/honeybee.c:20->src/honeybee.c:65]   --->   Operation 62 'bitcast' 'bitcast_ln20_1' <Predicate = true> <Delay = 0.00>
ST_8 : Operation 63 [4/4] (8.58ns)   --->   "%norm_y = fsub float %tmp_i, %bitcast_ln20_1" [src/honeybee.c:20->src/honeybee.c:65]   --->   Operation 63 'fsub' 'norm_y' <Predicate = true> <Delay = 8.58> <Core = "FAddSub">   --->   Core 105 'FAddSub' <Latency = 3> <II = 1> <Delay = 8.58> <FuncUnit> <Opcode : 'fadd' 'fsub'> <InPorts = 2> <OutPorts = 1>

State 9 <SV = 8> <Delay = 8.58>
ST_9 : Operation 64 [3/4] (8.58ns)   --->   "%norm_y = fsub float %tmp_i, %bitcast_ln20_1" [src/honeybee.c:20->src/honeybee.c:65]   --->   Operation 64 'fsub' 'norm_y' <Predicate = true> <Delay = 8.58> <Core = "FAddSub">   --->   Core 105 'FAddSub' <Latency = 3> <II = 1> <Delay = 8.58> <FuncUnit> <Opcode : 'fadd' 'fsub'> <InPorts = 2> <OutPorts = 1>

State 10 <SV = 9> <Delay = 8.58>
ST_10 : Operation 65 [2/4] (8.58ns)   --->   "%norm_y = fsub float %tmp_i, %bitcast_ln20_1" [src/honeybee.c:20->src/honeybee.c:65]   --->   Operation 65 'fsub' 'norm_y' <Predicate = true> <Delay = 8.58> <Core = "FAddSub">   --->   Core 105 'FAddSub' <Latency = 3> <II = 1> <Delay = 8.58> <FuncUnit> <Opcode : 'fadd' 'fsub'> <InPorts = 2> <OutPorts = 1>

State 11 <SV = 10> <Delay = 8.58>
ST_11 : Operation 66 [1/4] (8.58ns)   --->   "%norm_y = fsub float %tmp_i, %bitcast_ln20_1" [src/honeybee.c:20->src/honeybee.c:65]   --->   Operation 66 'fsub' 'norm_y' <Predicate = true> <Delay = 8.58> <Core = "FAddSub">   --->   Core 105 'FAddSub' <Latency = 3> <II = 1> <Delay = 8.58> <FuncUnit> <Opcode : 'fadd' 'fsub'> <InPorts = 2> <OutPorts = 1>

State 12 <SV = 11> <Delay = 8.58>
ST_12 : Operation 67 [3/3] (8.43ns)   --->   "%tmp_i9 = fmul float %norm_y, 0.000000e+00" [src/honeybee.c:28->src/honeybee.c:68]   --->   Operation 67 'fmul' 'tmp_i9' <Predicate = true> <Delay = 8.43> <Core = "FMul">   --->   Core 106 'FMul' <Latency = 2> <II = 1> <Delay = 8.43> <FuncUnit> <Opcode : 'fmul'> <InPorts = 2> <OutPorts = 1>
ST_12 : Operation 68 [3/3] (8.43ns)   --->   "%tmp_i1 = fmul float %norm_y, %edge_p1_x_read" [src/honeybee.c:32->src/honeybee.c:71]   --->   Operation 68 'fmul' 'tmp_i1' <Predicate = true> <Delay = 8.43> <Core = "FMul">   --->   Core 106 'FMul' <Latency = 2> <II = 1> <Delay = 8.43> <FuncUnit> <Opcode : 'fmul'> <InPorts = 2> <OutPorts = 1>
ST_12 : Operation 69 [3/3] (8.43ns)   --->   "%tmp_i1_6 = fmul float %norm_y, %edge_p1_y_read" [src/honeybee.c:32->src/honeybee.c:71]   --->   Operation 69 'fmul' 'tmp_i1_6' <Predicate = true> <Delay = 8.43> <Core = "FMul">   --->   Core 106 'FMul' <Latency = 2> <II = 1> <Delay = 8.43> <FuncUnit> <Opcode : 'fmul'> <InPorts = 2> <OutPorts = 1>
ST_12 : Operation 70 [4/4] (8.58ns)   --->   "%tmp_19_i = fsub float %edge_p2_x_read, %edge_p1_x_read" [src/honeybee.c:32->src/honeybee.c:71]   --->   Operation 70 'fsub' 'tmp_19_i' <Predicate = true> <Delay = 8.58> <Core = "FAddSub">   --->   Core 105 'FAddSub' <Latency = 3> <II = 1> <Delay = 8.58> <FuncUnit> <Opcode : 'fadd' 'fsub'> <InPorts = 2> <OutPorts = 1>
ST_12 : Operation 71 [4/4] (8.58ns)   --->   "%tmp_21_i = fsub float %edge_p2_y_read, %edge_p1_y_read" [src/honeybee.c:32->src/honeybee.c:71]   --->   Operation 71 'fsub' 'tmp_21_i' <Predicate = true> <Delay = 8.58> <Core = "FAddSub">   --->   Core 105 'FAddSub' <Latency = 3> <II = 1> <Delay = 8.58> <FuncUnit> <Opcode : 'fadd' 'fsub'> <InPorts = 2> <OutPorts = 1>

State 13 <SV = 12> <Delay = 8.58>
ST_13 : Operation 72 [2/3] (8.43ns)   --->   "%tmp_i9 = fmul float %norm_y, 0.000000e+00" [src/honeybee.c:28->src/honeybee.c:68]   --->   Operation 72 'fmul' 'tmp_i9' <Predicate = true> <Delay = 8.43> <Core = "FMul">   --->   Core 106 'FMul' <Latency = 2> <II = 1> <Delay = 8.43> <FuncUnit> <Opcode : 'fmul'> <InPorts = 2> <OutPorts = 1>
ST_13 : Operation 73 [2/3] (8.43ns)   --->   "%tmp_i1 = fmul float %norm_y, %edge_p1_x_read" [src/honeybee.c:32->src/honeybee.c:71]   --->   Operation 73 'fmul' 'tmp_i1' <Predicate = true> <Delay = 8.43> <Core = "FMul">   --->   Core 106 'FMul' <Latency = 2> <II = 1> <Delay = 8.43> <FuncUnit> <Opcode : 'fmul'> <InPorts = 2> <OutPorts = 1>
ST_13 : Operation 74 [2/3] (8.43ns)   --->   "%tmp_i1_6 = fmul float %norm_y, %edge_p1_y_read" [src/honeybee.c:32->src/honeybee.c:71]   --->   Operation 74 'fmul' 'tmp_i1_6' <Predicate = true> <Delay = 8.43> <Core = "FMul">   --->   Core 106 'FMul' <Latency = 2> <II = 1> <Delay = 8.43> <FuncUnit> <Opcode : 'fmul'> <InPorts = 2> <OutPorts = 1>
ST_13 : Operation 75 [3/4] (8.58ns)   --->   "%tmp_19_i = fsub float %edge_p2_x_read, %edge_p1_x_read" [src/honeybee.c:32->src/honeybee.c:71]   --->   Operation 75 'fsub' 'tmp_19_i' <Predicate = true> <Delay = 8.58> <Core = "FAddSub">   --->   Core 105 'FAddSub' <Latency = 3> <II = 1> <Delay = 8.58> <FuncUnit> <Opcode : 'fadd' 'fsub'> <InPorts = 2> <OutPorts = 1>
ST_13 : Operation 76 [3/4] (8.58ns)   --->   "%tmp_21_i = fsub float %edge_p2_y_read, %edge_p1_y_read" [src/honeybee.c:32->src/honeybee.c:71]   --->   Operation 76 'fsub' 'tmp_21_i' <Predicate = true> <Delay = 8.58> <Core = "FAddSub">   --->   Core 105 'FAddSub' <Latency = 3> <II = 1> <Delay = 8.58> <FuncUnit> <Opcode : 'fadd' 'fsub'> <InPorts = 2> <OutPorts = 1>

State 14 <SV = 13> <Delay = 8.58>
ST_14 : Operation 77 [1/3] (8.43ns)   --->   "%tmp_i9 = fmul float %norm_y, 0.000000e+00" [src/honeybee.c:28->src/honeybee.c:68]   --->   Operation 77 'fmul' 'tmp_i9' <Predicate = true> <Delay = 8.43> <Core = "FMul">   --->   Core 106 'FMul' <Latency = 2> <II = 1> <Delay = 8.43> <FuncUnit> <Opcode : 'fmul'> <InPorts = 2> <OutPorts = 1>
ST_14 : Operation 78 [1/3] (8.43ns)   --->   "%tmp_i1 = fmul float %norm_y, %edge_p1_x_read" [src/honeybee.c:32->src/honeybee.c:71]   --->   Operation 78 'fmul' 'tmp_i1' <Predicate = true> <Delay = 8.43> <Core = "FMul">   --->   Core 106 'FMul' <Latency = 2> <II = 1> <Delay = 8.43> <FuncUnit> <Opcode : 'fmul'> <InPorts = 2> <OutPorts = 1>
ST_14 : Operation 79 [1/3] (8.43ns)   --->   "%tmp_i1_6 = fmul float %norm_y, %edge_p1_y_read" [src/honeybee.c:32->src/honeybee.c:71]   --->   Operation 79 'fmul' 'tmp_i1_6' <Predicate = true> <Delay = 8.43> <Core = "FMul">   --->   Core 106 'FMul' <Latency = 2> <II = 1> <Delay = 8.43> <FuncUnit> <Opcode : 'fmul'> <InPorts = 2> <OutPorts = 1>
ST_14 : Operation 80 [2/4] (8.58ns)   --->   "%tmp_19_i = fsub float %edge_p2_x_read, %edge_p1_x_read" [src/honeybee.c:32->src/honeybee.c:71]   --->   Operation 80 'fsub' 'tmp_19_i' <Predicate = true> <Delay = 8.58> <Core = "FAddSub">   --->   Core 105 'FAddSub' <Latency = 3> <II = 1> <Delay = 8.58> <FuncUnit> <Opcode : 'fadd' 'fsub'> <InPorts = 2> <OutPorts = 1>
ST_14 : Operation 81 [2/4] (8.58ns)   --->   "%tmp_21_i = fsub float %edge_p2_y_read, %edge_p1_y_read" [src/honeybee.c:32->src/honeybee.c:71]   --->   Operation 81 'fsub' 'tmp_21_i' <Predicate = true> <Delay = 8.58> <Core = "FAddSub">   --->   Core 105 'FAddSub' <Latency = 3> <II = 1> <Delay = 8.58> <FuncUnit> <Opcode : 'fadd' 'fsub'> <InPorts = 2> <OutPorts = 1>

State 15 <SV = 14> <Delay = 8.58>
ST_15 : Operation 82 [4/4] (8.58ns)   --->   "%tmp_28_i = fadd float %tmp_i9, %tmp_i9" [src/honeybee.c:28->src/honeybee.c:68]   --->   Operation 82 'fadd' 'tmp_28_i' <Predicate = true> <Delay = 8.58> <Core = "FAddSub">   --->   Core 105 'FAddSub' <Latency = 3> <II = 1> <Delay = 8.58> <FuncUnit> <Opcode : 'fadd' 'fsub'> <InPorts = 2> <OutPorts = 1>
ST_15 : Operation 83 [4/4] (8.58ns)   --->   "%tmp_15_i = fadd float %tmp_i1, %tmp_i1_6" [src/honeybee.c:32->src/honeybee.c:71]   --->   Operation 83 'fadd' 'tmp_15_i' <Predicate = true> <Delay = 8.58> <Core = "FAddSub">   --->   Core 105 'FAddSub' <Latency = 3> <II = 1> <Delay = 8.58> <FuncUnit> <Opcode : 'fadd' 'fsub'> <InPorts = 2> <OutPorts = 1>
ST_15 : Operation 84 [1/4] (8.58ns)   --->   "%tmp_19_i = fsub float %edge_p2_x_read, %edge_p1_x_read" [src/honeybee.c:32->src/honeybee.c:71]   --->   Operation 84 'fsub' 'tmp_19_i' <Predicate = true> <Delay = 8.58> <Core = "FAddSub">   --->   Core 105 'FAddSub' <Latency = 3> <II = 1> <Delay = 8.58> <FuncUnit> <Opcode : 'fadd' 'fsub'> <InPorts = 2> <OutPorts = 1>
ST_15 : Operation 85 [1/4] (8.58ns)   --->   "%tmp_21_i = fsub float %edge_p2_y_read, %edge_p1_y_read" [src/honeybee.c:32->src/honeybee.c:71]   --->   Operation 85 'fsub' 'tmp_21_i' <Predicate = true> <Delay = 8.58> <Core = "FAddSub">   --->   Core 105 'FAddSub' <Latency = 3> <II = 1> <Delay = 8.58> <FuncUnit> <Opcode : 'fadd' 'fsub'> <InPorts = 2> <OutPorts = 1>

State 16 <SV = 15> <Delay = 8.58>
ST_16 : Operation 86 [3/4] (8.58ns)   --->   "%tmp_28_i = fadd float %tmp_i9, %tmp_i9" [src/honeybee.c:28->src/honeybee.c:68]   --->   Operation 86 'fadd' 'tmp_28_i' <Predicate = true> <Delay = 8.58> <Core = "FAddSub">   --->   Core 105 'FAddSub' <Latency = 3> <II = 1> <Delay = 8.58> <FuncUnit> <Opcode : 'fadd' 'fsub'> <InPorts = 2> <OutPorts = 1>
ST_16 : Operation 87 [3/4] (8.58ns)   --->   "%tmp_15_i = fadd float %tmp_i1, %tmp_i1_6" [src/honeybee.c:32->src/honeybee.c:71]   --->   Operation 87 'fadd' 'tmp_15_i' <Predicate = true> <Delay = 8.58> <Core = "FAddSub">   --->   Core 105 'FAddSub' <Latency = 3> <II = 1> <Delay = 8.58> <FuncUnit> <Opcode : 'fadd' 'fsub'> <InPorts = 2> <OutPorts = 1>
ST_16 : Operation 88 [3/3] (8.43ns)   --->   "%tmp_20_i = fmul float %tmp_19_i, %norm_y" [src/honeybee.c:32->src/honeybee.c:71]   --->   Operation 88 'fmul' 'tmp_20_i' <Predicate = true> <Delay = 8.43> <Core = "FMul">   --->   Core 106 'FMul' <Latency = 2> <II = 1> <Delay = 8.43> <FuncUnit> <Opcode : 'fmul'> <InPorts = 2> <OutPorts = 1>
ST_16 : Operation 89 [3/3] (8.43ns)   --->   "%tmp_22_i = fmul float %tmp_21_i, %norm_y" [src/honeybee.c:32->src/honeybee.c:71]   --->   Operation 89 'fmul' 'tmp_22_i' <Predicate = true> <Delay = 8.43> <Core = "FMul">   --->   Core 106 'FMul' <Latency = 2> <II = 1> <Delay = 8.43> <FuncUnit> <Opcode : 'fmul'> <InPorts = 2> <OutPorts = 1>

State 17 <SV = 16> <Delay = 8.58>
ST_17 : Operation 90 [2/4] (8.58ns)   --->   "%tmp_28_i = fadd float %tmp_i9, %tmp_i9" [src/honeybee.c:28->src/honeybee.c:68]   --->   Operation 90 'fadd' 'tmp_28_i' <Predicate = true> <Delay = 8.58> <Core = "FAddSub">   --->   Core 105 'FAddSub' <Latency = 3> <II = 1> <Delay = 8.58> <FuncUnit> <Opcode : 'fadd' 'fsub'> <InPorts = 2> <OutPorts = 1>
ST_17 : Operation 91 [2/4] (8.58ns)   --->   "%tmp_15_i = fadd float %tmp_i1, %tmp_i1_6" [src/honeybee.c:32->src/honeybee.c:71]   --->   Operation 91 'fadd' 'tmp_15_i' <Predicate = true> <Delay = 8.58> <Core = "FAddSub">   --->   Core 105 'FAddSub' <Latency = 3> <II = 1> <Delay = 8.58> <FuncUnit> <Opcode : 'fadd' 'fsub'> <InPorts = 2> <OutPorts = 1>
ST_17 : Operation 92 [2/3] (8.43ns)   --->   "%tmp_20_i = fmul float %tmp_19_i, %norm_y" [src/honeybee.c:32->src/honeybee.c:71]   --->   Operation 92 'fmul' 'tmp_20_i' <Predicate = true> <Delay = 8.43> <Core = "FMul">   --->   Core 106 'FMul' <Latency = 2> <II = 1> <Delay = 8.43> <FuncUnit> <Opcode : 'fmul'> <InPorts = 2> <OutPorts = 1>
ST_17 : Operation 93 [2/3] (8.43ns)   --->   "%tmp_22_i = fmul float %tmp_21_i, %norm_y" [src/honeybee.c:32->src/honeybee.c:71]   --->   Operation 93 'fmul' 'tmp_22_i' <Predicate = true> <Delay = 8.43> <Core = "FMul">   --->   Core 106 'FMul' <Latency = 2> <II = 1> <Delay = 8.43> <FuncUnit> <Opcode : 'fmul'> <InPorts = 2> <OutPorts = 1>

State 18 <SV = 17> <Delay = 8.58>
ST_18 : Operation 94 [1/4] (8.58ns)   --->   "%tmp_28_i = fadd float %tmp_i9, %tmp_i9" [src/honeybee.c:28->src/honeybee.c:68]   --->   Operation 94 'fadd' 'tmp_28_i' <Predicate = true> <Delay = 8.58> <Core = "FAddSub">   --->   Core 105 'FAddSub' <Latency = 3> <II = 1> <Delay = 8.58> <FuncUnit> <Opcode : 'fadd' 'fsub'> <InPorts = 2> <OutPorts = 1>
ST_18 : Operation 95 [1/4] (8.58ns)   --->   "%tmp_15_i = fadd float %tmp_i1, %tmp_i1_6" [src/honeybee.c:32->src/honeybee.c:71]   --->   Operation 95 'fadd' 'tmp_15_i' <Predicate = true> <Delay = 8.58> <Core = "FAddSub">   --->   Core 105 'FAddSub' <Latency = 3> <II = 1> <Delay = 8.58> <FuncUnit> <Opcode : 'fadd' 'fsub'> <InPorts = 2> <OutPorts = 1>
ST_18 : Operation 96 [1/3] (8.43ns)   --->   "%tmp_20_i = fmul float %tmp_19_i, %norm_y" [src/honeybee.c:32->src/honeybee.c:71]   --->   Operation 96 'fmul' 'tmp_20_i' <Predicate = true> <Delay = 8.43> <Core = "FMul">   --->   Core 106 'FMul' <Latency = 2> <II = 1> <Delay = 8.43> <FuncUnit> <Opcode : 'fmul'> <InPorts = 2> <OutPorts = 1>
ST_18 : Operation 97 [1/3] (8.43ns)   --->   "%tmp_22_i = fmul float %tmp_21_i, %norm_y" [src/honeybee.c:32->src/honeybee.c:71]   --->   Operation 97 'fmul' 'tmp_22_i' <Predicate = true> <Delay = 8.43> <Core = "FMul">   --->   Core 106 'FMul' <Latency = 2> <II = 1> <Delay = 8.43> <FuncUnit> <Opcode : 'fmul'> <InPorts = 2> <OutPorts = 1>

State 19 <SV = 18> <Delay = 8.58>
ST_19 : Operation 98 [4/4] (8.58ns)   --->   "%dot = fadd float %tmp_28_i, %plane_read" [src/honeybee.c:28->src/honeybee.c:68]   --->   Operation 98 'fadd' 'dot' <Predicate = true> <Delay = 8.58> <Core = "FAddSub">   --->   Core 105 'FAddSub' <Latency = 3> <II = 1> <Delay = 8.58> <FuncUnit> <Opcode : 'fadd' 'fsub'> <InPorts = 2> <OutPorts = 1>
ST_19 : Operation 99 [4/4] (8.58ns)   --->   "%tmp_17_i = fadd float %tmp_15_i, %edge_p1_z_read" [src/honeybee.c:32->src/honeybee.c:71]   --->   Operation 99 'fadd' 'tmp_17_i' <Predicate = true> <Delay = 8.58> <Core = "FAddSub">   --->   Core 105 'FAddSub' <Latency = 3> <II = 1> <Delay = 8.58> <FuncUnit> <Opcode : 'fadd' 'fsub'> <InPorts = 2> <OutPorts = 1>
ST_19 : Operation 100 [4/4] (8.58ns)   --->   "%tmp_23_i = fadd float %tmp_20_i, %tmp_22_i" [src/honeybee.c:32->src/honeybee.c:71]   --->   Operation 100 'fadd' 'tmp_23_i' <Predicate = true> <Delay = 8.58> <Core = "FAddSub">   --->   Core 105 'FAddSub' <Latency = 3> <II = 1> <Delay = 8.58> <FuncUnit> <Opcode : 'fadd' 'fsub'> <InPorts = 2> <OutPorts = 1>
ST_19 : Operation 101 [4/4] (8.58ns)   --->   "%tmp_24_i = fsub float %edge_p2_z_read, %edge_p1_z_read" [src/honeybee.c:32->src/honeybee.c:71]   --->   Operation 101 'fsub' 'tmp_24_i' <Predicate = true> <Delay = 8.58> <Core = "FAddSub">   --->   Core 105 'FAddSub' <Latency = 3> <II = 1> <Delay = 8.58> <FuncUnit> <Opcode : 'fadd' 'fsub'> <InPorts = 2> <OutPorts = 1>

State 20 <SV = 19> <Delay = 8.58>
ST_20 : Operation 102 [3/4] (8.58ns)   --->   "%dot = fadd float %tmp_28_i, %plane_read" [src/honeybee.c:28->src/honeybee.c:68]   --->   Operation 102 'fadd' 'dot' <Predicate = true> <Delay = 8.58> <Core = "FAddSub">   --->   Core 105 'FAddSub' <Latency = 3> <II = 1> <Delay = 8.58> <FuncUnit> <Opcode : 'fadd' 'fsub'> <InPorts = 2> <OutPorts = 1>
ST_20 : Operation 103 [3/4] (8.58ns)   --->   "%tmp_17_i = fadd float %tmp_15_i, %edge_p1_z_read" [src/honeybee.c:32->src/honeybee.c:71]   --->   Operation 103 'fadd' 'tmp_17_i' <Predicate = true> <Delay = 8.58> <Core = "FAddSub">   --->   Core 105 'FAddSub' <Latency = 3> <II = 1> <Delay = 8.58> <FuncUnit> <Opcode : 'fadd' 'fsub'> <InPorts = 2> <OutPorts = 1>
ST_20 : Operation 104 [3/4] (8.58ns)   --->   "%tmp_23_i = fadd float %tmp_20_i, %tmp_22_i" [src/honeybee.c:32->src/honeybee.c:71]   --->   Operation 104 'fadd' 'tmp_23_i' <Predicate = true> <Delay = 8.58> <Core = "FAddSub">   --->   Core 105 'FAddSub' <Latency = 3> <II = 1> <Delay = 8.58> <FuncUnit> <Opcode : 'fadd' 'fsub'> <InPorts = 2> <OutPorts = 1>
ST_20 : Operation 105 [3/4] (8.58ns)   --->   "%tmp_24_i = fsub float %edge_p2_z_read, %edge_p1_z_read" [src/honeybee.c:32->src/honeybee.c:71]   --->   Operation 105 'fsub' 'tmp_24_i' <Predicate = true> <Delay = 8.58> <Core = "FAddSub">   --->   Core 105 'FAddSub' <Latency = 3> <II = 1> <Delay = 8.58> <FuncUnit> <Opcode : 'fadd' 'fsub'> <InPorts = 2> <OutPorts = 1>

State 21 <SV = 20> <Delay = 8.58>
ST_21 : Operation 106 [2/4] (8.58ns)   --->   "%dot = fadd float %tmp_28_i, %plane_read" [src/honeybee.c:28->src/honeybee.c:68]   --->   Operation 106 'fadd' 'dot' <Predicate = true> <Delay = 8.58> <Core = "FAddSub">   --->   Core 105 'FAddSub' <Latency = 3> <II = 1> <Delay = 8.58> <FuncUnit> <Opcode : 'fadd' 'fsub'> <InPorts = 2> <OutPorts = 1>
ST_21 : Operation 107 [2/4] (8.58ns)   --->   "%tmp_17_i = fadd float %tmp_15_i, %edge_p1_z_read" [src/honeybee.c:32->src/honeybee.c:71]   --->   Operation 107 'fadd' 'tmp_17_i' <Predicate = true> <Delay = 8.58> <Core = "FAddSub">   --->   Core 105 'FAddSub' <Latency = 3> <II = 1> <Delay = 8.58> <FuncUnit> <Opcode : 'fadd' 'fsub'> <InPorts = 2> <OutPorts = 1>
ST_21 : Operation 108 [2/4] (8.58ns)   --->   "%tmp_23_i = fadd float %tmp_20_i, %tmp_22_i" [src/honeybee.c:32->src/honeybee.c:71]   --->   Operation 108 'fadd' 'tmp_23_i' <Predicate = true> <Delay = 8.58> <Core = "FAddSub">   --->   Core 105 'FAddSub' <Latency = 3> <II = 1> <Delay = 8.58> <FuncUnit> <Opcode : 'fadd' 'fsub'> <InPorts = 2> <OutPorts = 1>
ST_21 : Operation 109 [2/4] (8.58ns)   --->   "%tmp_24_i = fsub float %edge_p2_z_read, %edge_p1_z_read" [src/honeybee.c:32->src/honeybee.c:71]   --->   Operation 109 'fsub' 'tmp_24_i' <Predicate = true> <Delay = 8.58> <Core = "FAddSub">   --->   Core 105 'FAddSub' <Latency = 3> <II = 1> <Delay = 8.58> <FuncUnit> <Opcode : 'fadd' 'fsub'> <InPorts = 2> <OutPorts = 1>

State 22 <SV = 21> <Delay = 8.58>
ST_22 : Operation 110 [1/4] (8.58ns)   --->   "%dot = fadd float %tmp_28_i, %plane_read" [src/honeybee.c:28->src/honeybee.c:68]   --->   Operation 110 'fadd' 'dot' <Predicate = true> <Delay = 8.58> <Core = "FAddSub">   --->   Core 105 'FAddSub' <Latency = 3> <II = 1> <Delay = 8.58> <FuncUnit> <Opcode : 'fadd' 'fsub'> <InPorts = 2> <OutPorts = 1>
ST_22 : Operation 111 [1/4] (8.58ns)   --->   "%tmp_17_i = fadd float %tmp_15_i, %edge_p1_z_read" [src/honeybee.c:32->src/honeybee.c:71]   --->   Operation 111 'fadd' 'tmp_17_i' <Predicate = true> <Delay = 8.58> <Core = "FAddSub">   --->   Core 105 'FAddSub' <Latency = 3> <II = 1> <Delay = 8.58> <FuncUnit> <Opcode : 'fadd' 'fsub'> <InPorts = 2> <OutPorts = 1>
ST_22 : Operation 112 [1/4] (8.58ns)   --->   "%tmp_23_i = fadd float %tmp_20_i, %tmp_22_i" [src/honeybee.c:32->src/honeybee.c:71]   --->   Operation 112 'fadd' 'tmp_23_i' <Predicate = true> <Delay = 8.58> <Core = "FAddSub">   --->   Core 105 'FAddSub' <Latency = 3> <II = 1> <Delay = 8.58> <FuncUnit> <Opcode : 'fadd' 'fsub'> <InPorts = 2> <OutPorts = 1>
ST_22 : Operation 113 [1/4] (8.58ns)   --->   "%tmp_24_i = fsub float %edge_p2_z_read, %edge_p1_z_read" [src/honeybee.c:32->src/honeybee.c:71]   --->   Operation 113 'fsub' 'tmp_24_i' <Predicate = true> <Delay = 8.58> <Core = "FAddSub">   --->   Core 105 'FAddSub' <Latency = 3> <II = 1> <Delay = 8.58> <FuncUnit> <Opcode : 'fadd' 'fsub'> <InPorts = 2> <OutPorts = 1>

State 23 <SV = 22> <Delay = 8.58>
ST_23 : Operation 114 [4/4] (8.58ns)   --->   "%tmp_18_i = fsub float %dot, %tmp_17_i" [src/honeybee.c:32->src/honeybee.c:71]   --->   Operation 114 'fsub' 'tmp_18_i' <Predicate = true> <Delay = 8.58> <Core = "FAddSub">   --->   Core 105 'FAddSub' <Latency = 3> <II = 1> <Delay = 8.58> <FuncUnit> <Opcode : 'fadd' 'fsub'> <InPorts = 2> <OutPorts = 1>
ST_23 : Operation 115 [4/4] (8.58ns)   --->   "%tmp_26_i = fadd float %tmp_23_i, %tmp_24_i" [src/honeybee.c:32->src/honeybee.c:71]   --->   Operation 115 'fadd' 'tmp_26_i' <Predicate = true> <Delay = 8.58> <Core = "FAddSub">   --->   Core 105 'FAddSub' <Latency = 3> <II = 1> <Delay = 8.58> <FuncUnit> <Opcode : 'fadd' 'fsub'> <InPorts = 2> <OutPorts = 1>

State 24 <SV = 23> <Delay = 8.58>
ST_24 : Operation 116 [3/4] (8.58ns)   --->   "%tmp_18_i = fsub float %dot, %tmp_17_i" [src/honeybee.c:32->src/honeybee.c:71]   --->   Operation 116 'fsub' 'tmp_18_i' <Predicate = true> <Delay = 8.58> <Core = "FAddSub">   --->   Core 105 'FAddSub' <Latency = 3> <II = 1> <Delay = 8.58> <FuncUnit> <Opcode : 'fadd' 'fsub'> <InPorts = 2> <OutPorts = 1>
ST_24 : Operation 117 [3/4] (8.58ns)   --->   "%tmp_26_i = fadd float %tmp_23_i, %tmp_24_i" [src/honeybee.c:32->src/honeybee.c:71]   --->   Operation 117 'fadd' 'tmp_26_i' <Predicate = true> <Delay = 8.58> <Core = "FAddSub">   --->   Core 105 'FAddSub' <Latency = 3> <II = 1> <Delay = 8.58> <FuncUnit> <Opcode : 'fadd' 'fsub'> <InPorts = 2> <OutPorts = 1>

State 25 <SV = 24> <Delay = 8.58>
ST_25 : Operation 118 [2/4] (8.58ns)   --->   "%tmp_18_i = fsub float %dot, %tmp_17_i" [src/honeybee.c:32->src/honeybee.c:71]   --->   Operation 118 'fsub' 'tmp_18_i' <Predicate = true> <Delay = 8.58> <Core = "FAddSub">   --->   Core 105 'FAddSub' <Latency = 3> <II = 1> <Delay = 8.58> <FuncUnit> <Opcode : 'fadd' 'fsub'> <InPorts = 2> <OutPorts = 1>
ST_25 : Operation 119 [2/4] (8.58ns)   --->   "%tmp_26_i = fadd float %tmp_23_i, %tmp_24_i" [src/honeybee.c:32->src/honeybee.c:71]   --->   Operation 119 'fadd' 'tmp_26_i' <Predicate = true> <Delay = 8.58> <Core = "FAddSub">   --->   Core 105 'FAddSub' <Latency = 3> <II = 1> <Delay = 8.58> <FuncUnit> <Opcode : 'fadd' 'fsub'> <InPorts = 2> <OutPorts = 1>

State 26 <SV = 25> <Delay = 8.58>
ST_26 : Operation 120 [1/4] (8.58ns)   --->   "%tmp_18_i = fsub float %dot, %tmp_17_i" [src/honeybee.c:32->src/honeybee.c:71]   --->   Operation 120 'fsub' 'tmp_18_i' <Predicate = true> <Delay = 8.58> <Core = "FAddSub">   --->   Core 105 'FAddSub' <Latency = 3> <II = 1> <Delay = 8.58> <FuncUnit> <Opcode : 'fadd' 'fsub'> <InPorts = 2> <OutPorts = 1>
ST_26 : Operation 121 [1/4] (8.58ns)   --->   "%tmp_26_i = fadd float %tmp_23_i, %tmp_24_i" [src/honeybee.c:32->src/honeybee.c:71]   --->   Operation 121 'fadd' 'tmp_26_i' <Predicate = true> <Delay = 8.58> <Core = "FAddSub">   --->   Core 105 'FAddSub' <Latency = 3> <II = 1> <Delay = 8.58> <FuncUnit> <Opcode : 'fadd' 'fsub'> <InPorts = 2> <OutPorts = 1>

State 27 <SV = 26> <Delay = 7.19>
ST_27 : Operation 122 [12/12] (7.19ns)   --->   "%T = fdiv float %tmp_18_i, %tmp_26_i" [src/honeybee.c:32->src/honeybee.c:71]   --->   Operation 122 'fdiv' 'T' <Predicate = true> <Delay = 7.19> <Core = "FDiv">   --->   Core 107 'FDiv' <Latency = 11> <II = 1> <Delay = 7.19> <FuncUnit> <Opcode : 'fdiv' 'frem'> <InPorts = 2> <OutPorts = 1>

State 28 <SV = 27> <Delay = 7.19>
ST_28 : Operation 123 [11/12] (7.19ns)   --->   "%T = fdiv float %tmp_18_i, %tmp_26_i" [src/honeybee.c:32->src/honeybee.c:71]   --->   Operation 123 'fdiv' 'T' <Predicate = true> <Delay = 7.19> <Core = "FDiv">   --->   Core 107 'FDiv' <Latency = 11> <II = 1> <Delay = 7.19> <FuncUnit> <Opcode : 'fdiv' 'frem'> <InPorts = 2> <OutPorts = 1>

State 29 <SV = 28> <Delay = 7.19>
ST_29 : Operation 124 [10/12] (7.19ns)   --->   "%T = fdiv float %tmp_18_i, %tmp_26_i" [src/honeybee.c:32->src/honeybee.c:71]   --->   Operation 124 'fdiv' 'T' <Predicate = true> <Delay = 7.19> <Core = "FDiv">   --->   Core 107 'FDiv' <Latency = 11> <II = 1> <Delay = 7.19> <FuncUnit> <Opcode : 'fdiv' 'frem'> <InPorts = 2> <OutPorts = 1>

State 30 <SV = 29> <Delay = 7.19>
ST_30 : Operation 125 [9/12] (7.19ns)   --->   "%T = fdiv float %tmp_18_i, %tmp_26_i" [src/honeybee.c:32->src/honeybee.c:71]   --->   Operation 125 'fdiv' 'T' <Predicate = true> <Delay = 7.19> <Core = "FDiv">   --->   Core 107 'FDiv' <Latency = 11> <II = 1> <Delay = 7.19> <FuncUnit> <Opcode : 'fdiv' 'frem'> <InPorts = 2> <OutPorts = 1>

State 31 <SV = 30> <Delay = 7.19>
ST_31 : Operation 126 [8/12] (7.19ns)   --->   "%T = fdiv float %tmp_18_i, %tmp_26_i" [src/honeybee.c:32->src/honeybee.c:71]   --->   Operation 126 'fdiv' 'T' <Predicate = true> <Delay = 7.19> <Core = "FDiv">   --->   Core 107 'FDiv' <Latency = 11> <II = 1> <Delay = 7.19> <FuncUnit> <Opcode : 'fdiv' 'frem'> <InPorts = 2> <OutPorts = 1>

State 32 <SV = 31> <Delay = 7.19>
ST_32 : Operation 127 [7/12] (7.19ns)   --->   "%T = fdiv float %tmp_18_i, %tmp_26_i" [src/honeybee.c:32->src/honeybee.c:71]   --->   Operation 127 'fdiv' 'T' <Predicate = true> <Delay = 7.19> <Core = "FDiv">   --->   Core 107 'FDiv' <Latency = 11> <II = 1> <Delay = 7.19> <FuncUnit> <Opcode : 'fdiv' 'frem'> <InPorts = 2> <OutPorts = 1>

State 33 <SV = 32> <Delay = 7.19>
ST_33 : Operation 128 [6/12] (7.19ns)   --->   "%T = fdiv float %tmp_18_i, %tmp_26_i" [src/honeybee.c:32->src/honeybee.c:71]   --->   Operation 128 'fdiv' 'T' <Predicate = true> <Delay = 7.19> <Core = "FDiv">   --->   Core 107 'FDiv' <Latency = 11> <II = 1> <Delay = 7.19> <FuncUnit> <Opcode : 'fdiv' 'frem'> <InPorts = 2> <OutPorts = 1>

State 34 <SV = 33> <Delay = 7.19>
ST_34 : Operation 129 [5/12] (7.19ns)   --->   "%T = fdiv float %tmp_18_i, %tmp_26_i" [src/honeybee.c:32->src/honeybee.c:71]   --->   Operation 129 'fdiv' 'T' <Predicate = true> <Delay = 7.19> <Core = "FDiv">   --->   Core 107 'FDiv' <Latency = 11> <II = 1> <Delay = 7.19> <FuncUnit> <Opcode : 'fdiv' 'frem'> <InPorts = 2> <OutPorts = 1>

State 35 <SV = 34> <Delay = 7.19>
ST_35 : Operation 130 [4/12] (7.19ns)   --->   "%T = fdiv float %tmp_18_i, %tmp_26_i" [src/honeybee.c:32->src/honeybee.c:71]   --->   Operation 130 'fdiv' 'T' <Predicate = true> <Delay = 7.19> <Core = "FDiv">   --->   Core 107 'FDiv' <Latency = 11> <II = 1> <Delay = 7.19> <FuncUnit> <Opcode : 'fdiv' 'frem'> <InPorts = 2> <OutPorts = 1>

State 36 <SV = 35> <Delay = 7.19>
ST_36 : Operation 131 [3/12] (7.19ns)   --->   "%T = fdiv float %tmp_18_i, %tmp_26_i" [src/honeybee.c:32->src/honeybee.c:71]   --->   Operation 131 'fdiv' 'T' <Predicate = true> <Delay = 7.19> <Core = "FDiv">   --->   Core 107 'FDiv' <Latency = 11> <II = 1> <Delay = 7.19> <FuncUnit> <Opcode : 'fdiv' 'frem'> <InPorts = 2> <OutPorts = 1>

State 37 <SV = 36> <Delay = 7.19>
ST_37 : Operation 132 [2/12] (7.19ns)   --->   "%T = fdiv float %tmp_18_i, %tmp_26_i" [src/honeybee.c:32->src/honeybee.c:71]   --->   Operation 132 'fdiv' 'T' <Predicate = true> <Delay = 7.19> <Core = "FDiv">   --->   Core 107 'FDiv' <Latency = 11> <II = 1> <Delay = 7.19> <FuncUnit> <Opcode : 'fdiv' 'frem'> <InPorts = 2> <OutPorts = 1>

State 38 <SV = 37> <Delay = 7.19>
ST_38 : Operation 133 [1/12] (7.19ns)   --->   "%T = fdiv float %tmp_18_i, %tmp_26_i" [src/honeybee.c:32->src/honeybee.c:71]   --->   Operation 133 'fdiv' 'T' <Predicate = true> <Delay = 7.19> <Core = "FDiv">   --->   Core 107 'FDiv' <Latency = 11> <II = 1> <Delay = 7.19> <FuncUnit> <Opcode : 'fdiv' 'frem'> <InPorts = 2> <OutPorts = 1>

State 39 <SV = 38> <Delay = 8.43>
ST_39 : Operation 134 [3/3] (8.43ns)   --->   "%tmp_i2 = fmul float %tmp_19_i, %T" [src/honeybee.c:38->src/honeybee.c:74]   --->   Operation 134 'fmul' 'tmp_i2' <Predicate = true> <Delay = 8.43> <Core = "FMul">   --->   Core 106 'FMul' <Latency = 2> <II = 1> <Delay = 8.43> <FuncUnit> <Opcode : 'fmul'> <InPorts = 2> <OutPorts = 1>
ST_39 : Operation 135 [3/3] (8.43ns)   --->   "%tmp_12_i = fmul float %tmp_21_i, %T" [src/honeybee.c:38->src/honeybee.c:74]   --->   Operation 135 'fmul' 'tmp_12_i' <Predicate = true> <Delay = 8.43> <Core = "FMul">   --->   Core 106 'FMul' <Latency = 2> <II = 1> <Delay = 8.43> <FuncUnit> <Opcode : 'fmul'> <InPorts = 2> <OutPorts = 1>
ST_39 : Operation 136 [3/3] (8.43ns)   --->   "%tmp_14_i = fmul float %tmp_24_i, %T" [src/honeybee.c:38->src/honeybee.c:74]   --->   Operation 136 'fmul' 'tmp_14_i' <Predicate = true> <Delay = 8.43> <Core = "FMul">   --->   Core 106 'FMul' <Latency = 2> <II = 1> <Delay = 8.43> <FuncUnit> <Opcode : 'fmul'> <InPorts = 2> <OutPorts = 1>

State 40 <SV = 39> <Delay = 8.43>
ST_40 : Operation 137 [2/3] (8.43ns)   --->   "%tmp_i2 = fmul float %tmp_19_i, %T" [src/honeybee.c:38->src/honeybee.c:74]   --->   Operation 137 'fmul' 'tmp_i2' <Predicate = true> <Delay = 8.43> <Core = "FMul">   --->   Core 106 'FMul' <Latency = 2> <II = 1> <Delay = 8.43> <FuncUnit> <Opcode : 'fmul'> <InPorts = 2> <OutPorts = 1>
ST_40 : Operation 138 [2/3] (8.43ns)   --->   "%tmp_12_i = fmul float %tmp_21_i, %T" [src/honeybee.c:38->src/honeybee.c:74]   --->   Operation 138 'fmul' 'tmp_12_i' <Predicate = true> <Delay = 8.43> <Core = "FMul">   --->   Core 106 'FMul' <Latency = 2> <II = 1> <Delay = 8.43> <FuncUnit> <Opcode : 'fmul'> <InPorts = 2> <OutPorts = 1>
ST_40 : Operation 139 [2/3] (8.43ns)   --->   "%tmp_14_i = fmul float %tmp_24_i, %T" [src/honeybee.c:38->src/honeybee.c:74]   --->   Operation 139 'fmul' 'tmp_14_i' <Predicate = true> <Delay = 8.43> <Core = "FMul">   --->   Core 106 'FMul' <Latency = 2> <II = 1> <Delay = 8.43> <FuncUnit> <Opcode : 'fmul'> <InPorts = 2> <OutPorts = 1>

State 41 <SV = 40> <Delay = 8.43>
ST_41 : Operation 140 [1/3] (8.43ns)   --->   "%tmp_i2 = fmul float %tmp_19_i, %T" [src/honeybee.c:38->src/honeybee.c:74]   --->   Operation 140 'fmul' 'tmp_i2' <Predicate = true> <Delay = 8.43> <Core = "FMul">   --->   Core 106 'FMul' <Latency = 2> <II = 1> <Delay = 8.43> <FuncUnit> <Opcode : 'fmul'> <InPorts = 2> <OutPorts = 1>
ST_41 : Operation 141 [1/3] (8.43ns)   --->   "%tmp_12_i = fmul float %tmp_21_i, %T" [src/honeybee.c:38->src/honeybee.c:74]   --->   Operation 141 'fmul' 'tmp_12_i' <Predicate = true> <Delay = 8.43> <Core = "FMul">   --->   Core 106 'FMul' <Latency = 2> <II = 1> <Delay = 8.43> <FuncUnit> <Opcode : 'fmul'> <InPorts = 2> <OutPorts = 1>
ST_41 : Operation 142 [1/3] (8.43ns)   --->   "%tmp_14_i = fmul float %tmp_24_i, %T" [src/honeybee.c:38->src/honeybee.c:74]   --->   Operation 142 'fmul' 'tmp_14_i' <Predicate = true> <Delay = 8.43> <Core = "FMul">   --->   Core 106 'FMul' <Latency = 2> <II = 1> <Delay = 8.43> <FuncUnit> <Opcode : 'fmul'> <InPorts = 2> <OutPorts = 1>

State 42 <SV = 41> <Delay = 8.58>
ST_42 : Operation 143 [4/4] (8.58ns)   --->   "%agg_result_x_write_a = fadd float %tmp_i2, %edge_p1_x_read" [src/honeybee.c:38->src/honeybee.c:74]   --->   Operation 143 'fadd' 'agg_result_x_write_a' <Predicate = true> <Delay = 8.58> <Core = "FAddSub">   --->   Core 105 'FAddSub' <Latency = 3> <II = 1> <Delay = 8.58> <FuncUnit> <Opcode : 'fadd' 'fsub'> <InPorts = 2> <OutPorts = 1>
ST_42 : Operation 144 [4/4] (8.58ns)   --->   "%agg_result_y_write_a = fadd float %tmp_12_i, %edge_p1_y_read" [src/honeybee.c:38->src/honeybee.c:74]   --->   Operation 144 'fadd' 'agg_result_y_write_a' <Predicate = true> <Delay = 8.58> <Core = "FAddSub">   --->   Core 105 'FAddSub' <Latency = 3> <II = 1> <Delay = 8.58> <FuncUnit> <Opcode : 'fadd' 'fsub'> <InPorts = 2> <OutPorts = 1>
ST_42 : Operation 145 [4/4] (8.58ns)   --->   "%agg_result_z_write_a = fadd float %tmp_14_i, %edge_p1_z_read" [src/honeybee.c:38->src/honeybee.c:74]   --->   Operation 145 'fadd' 'agg_result_z_write_a' <Predicate = true> <Delay = 8.58> <Core = "FAddSub">   --->   Core 105 'FAddSub' <Latency = 3> <II = 1> <Delay = 8.58> <FuncUnit> <Opcode : 'fadd' 'fsub'> <InPorts = 2> <OutPorts = 1>

State 43 <SV = 42> <Delay = 8.58>
ST_43 : Operation 146 [3/4] (8.58ns)   --->   "%agg_result_x_write_a = fadd float %tmp_i2, %edge_p1_x_read" [src/honeybee.c:38->src/honeybee.c:74]   --->   Operation 146 'fadd' 'agg_result_x_write_a' <Predicate = true> <Delay = 8.58> <Core = "FAddSub">   --->   Core 105 'FAddSub' <Latency = 3> <II = 1> <Delay = 8.58> <FuncUnit> <Opcode : 'fadd' 'fsub'> <InPorts = 2> <OutPorts = 1>
ST_43 : Operation 147 [3/4] (8.58ns)   --->   "%agg_result_y_write_a = fadd float %tmp_12_i, %edge_p1_y_read" [src/honeybee.c:38->src/honeybee.c:74]   --->   Operation 147 'fadd' 'agg_result_y_write_a' <Predicate = true> <Delay = 8.58> <Core = "FAddSub">   --->   Core 105 'FAddSub' <Latency = 3> <II = 1> <Delay = 8.58> <FuncUnit> <Opcode : 'fadd' 'fsub'> <InPorts = 2> <OutPorts = 1>
ST_43 : Operation 148 [3/4] (8.58ns)   --->   "%agg_result_z_write_a = fadd float %tmp_14_i, %edge_p1_z_read" [src/honeybee.c:38->src/honeybee.c:74]   --->   Operation 148 'fadd' 'agg_result_z_write_a' <Predicate = true> <Delay = 8.58> <Core = "FAddSub">   --->   Core 105 'FAddSub' <Latency = 3> <II = 1> <Delay = 8.58> <FuncUnit> <Opcode : 'fadd' 'fsub'> <InPorts = 2> <OutPorts = 1>

State 44 <SV = 43> <Delay = 8.58>
ST_44 : Operation 149 [2/4] (8.58ns)   --->   "%agg_result_x_write_a = fadd float %tmp_i2, %edge_p1_x_read" [src/honeybee.c:38->src/honeybee.c:74]   --->   Operation 149 'fadd' 'agg_result_x_write_a' <Predicate = true> <Delay = 8.58> <Core = "FAddSub">   --->   Core 105 'FAddSub' <Latency = 3> <II = 1> <Delay = 8.58> <FuncUnit> <Opcode : 'fadd' 'fsub'> <InPorts = 2> <OutPorts = 1>
ST_44 : Operation 150 [2/4] (8.58ns)   --->   "%agg_result_y_write_a = fadd float %tmp_12_i, %edge_p1_y_read" [src/honeybee.c:38->src/honeybee.c:74]   --->   Operation 150 'fadd' 'agg_result_y_write_a' <Predicate = true> <Delay = 8.58> <Core = "FAddSub">   --->   Core 105 'FAddSub' <Latency = 3> <II = 1> <Delay = 8.58> <FuncUnit> <Opcode : 'fadd' 'fsub'> <InPorts = 2> <OutPorts = 1>
ST_44 : Operation 151 [2/4] (8.58ns)   --->   "%agg_result_z_write_a = fadd float %tmp_14_i, %edge_p1_z_read" [src/honeybee.c:38->src/honeybee.c:74]   --->   Operation 151 'fadd' 'agg_result_z_write_a' <Predicate = true> <Delay = 8.58> <Core = "FAddSub">   --->   Core 105 'FAddSub' <Latency = 3> <II = 1> <Delay = 8.58> <FuncUnit> <Opcode : 'fadd' 'fsub'> <InPorts = 2> <OutPorts = 1>

State 45 <SV = 44> <Delay = 8.58>
ST_45 : Operation 152 [1/4] (8.58ns)   --->   "%agg_result_x_write_a = fadd float %tmp_i2, %edge_p1_x_read" [src/honeybee.c:38->src/honeybee.c:74]   --->   Operation 152 'fadd' 'agg_result_x_write_a' <Predicate = true> <Delay = 8.58> <Core = "FAddSub">   --->   Core 105 'FAddSub' <Latency = 3> <II = 1> <Delay = 8.58> <FuncUnit> <Opcode : 'fadd' 'fsub'> <InPorts = 2> <OutPorts = 1>
ST_45 : Operation 153 [1/4] (8.58ns)   --->   "%agg_result_y_write_a = fadd float %tmp_12_i, %edge_p1_y_read" [src/honeybee.c:38->src/honeybee.c:74]   --->   Operation 153 'fadd' 'agg_result_y_write_a' <Predicate = true> <Delay = 8.58> <Core = "FAddSub">   --->   Core 105 'FAddSub' <Latency = 3> <II = 1> <Delay = 8.58> <FuncUnit> <Opcode : 'fadd' 'fsub'> <InPorts = 2> <OutPorts = 1>
ST_45 : Operation 154 [1/4] (8.58ns)   --->   "%agg_result_z_write_a = fadd float %tmp_14_i, %edge_p1_z_read" [src/honeybee.c:38->src/honeybee.c:74]   --->   Operation 154 'fadd' 'agg_result_z_write_a' <Predicate = true> <Delay = 8.58> <Core = "FAddSub">   --->   Core 105 'FAddSub' <Latency = 3> <II = 1> <Delay = 8.58> <FuncUnit> <Opcode : 'fadd' 'fsub'> <InPorts = 2> <OutPorts = 1>
ST_45 : Operation 155 [1/1] (0.00ns)   --->   "%mrv_i = insertvalue { float, float, float } undef, float %agg_result_x_write_a, 0" [src/honeybee.c:38->src/honeybee.c:74]   --->   Operation 155 'insertvalue' 'mrv_i' <Predicate = true> <Delay = 0.00>
ST_45 : Operation 156 [1/1] (0.00ns)   --->   "%mrv_1_i = insertvalue { float, float, float } %mrv_i, float %agg_result_y_write_a, 1" [src/honeybee.c:38->src/honeybee.c:74]   --->   Operation 156 'insertvalue' 'mrv_1_i' <Predicate = true> <Delay = 0.00>
ST_45 : Operation 157 [1/1] (0.00ns)   --->   "%mrv_2_i = insertvalue { float, float, float } %mrv_1_i, float %agg_result_z_write_a, 2" [src/honeybee.c:38->src/honeybee.c:74]   --->   Operation 157 'insertvalue' 'mrv_2_i' <Predicate = true> <Delay = 0.00>
ST_45 : Operation 158 [1/1] (0.00ns)   --->   "ret { float, float, float } %mrv_2_i" [src/honeybee.c:76]   --->   Operation 158 'ret' <Predicate = true> <Delay = 0.00>


============================================================
+ Verbose Summary: Timing violations
============================================================
Target clock period: 10ns, clock uncertainty: 1.25ns.

 <State 1>: 8.59ns
The critical path consists of the following:
	wire read on port 'plane' (src/honeybee.c:53) [8]  (0 ns)
	'fsub' operation ('agg.result.z', src/honeybee.c:12->src/honeybee.c:61) [15]  (8.59 ns)

 <State 2>: 8.59ns
The critical path consists of the following:
	'fsub' operation ('agg.result.z', src/honeybee.c:12->src/honeybee.c:61) [15]  (8.59 ns)

 <State 3>: 8.59ns
The critical path consists of the following:
	'fsub' operation ('agg.result.z', src/honeybee.c:12->src/honeybee.c:61) [15]  (8.59 ns)

 <State 4>: 8.59ns
The critical path consists of the following:
	'fsub' operation ('agg.result.z', src/honeybee.c:12->src/honeybee.c:61) [15]  (8.59 ns)

 <State 5>: 8.43ns
The critical path consists of the following:
	'fmul' operation ('tmp_i', src/honeybee.c:20->src/honeybee.c:65) [16]  (8.43 ns)

 <State 6>: 8.43ns
The critical path consists of the following:
	'fmul' operation ('tmp_i', src/honeybee.c:20->src/honeybee.c:65) [16]  (8.43 ns)

 <State 7>: 8.43ns
The critical path consists of the following:
	'fmul' operation ('tmp_i', src/honeybee.c:20->src/honeybee.c:65) [16]  (8.43 ns)

 <State 8>: 8.59ns
The critical path consists of the following:
	'fsub' operation ('agg.result.x', src/honeybee.c:20->src/honeybee.c:65) [20]  (8.59 ns)

 <State 9>: 8.59ns
The critical path consists of the following:
	'fsub' operation ('agg.result.x', src/honeybee.c:20->src/honeybee.c:65) [20]  (8.59 ns)

 <State 10>: 8.59ns
The critical path consists of the following:
	'fsub' operation ('agg.result.x', src/honeybee.c:20->src/honeybee.c:65) [20]  (8.59 ns)

 <State 11>: 8.59ns
The critical path consists of the following:
	'fsub' operation ('agg.result.x', src/honeybee.c:20->src/honeybee.c:65) [20]  (8.59 ns)

 <State 12>: 8.59ns
The critical path consists of the following:
	'fsub' operation ('tmp_19_i', src/honeybee.c:32->src/honeybee.c:71) [29]  (8.59 ns)

 <State 13>: 8.59ns
The critical path consists of the following:
	'fsub' operation ('tmp_19_i', src/honeybee.c:32->src/honeybee.c:71) [29]  (8.59 ns)

 <State 14>: 8.59ns
The critical path consists of the following:
	'fsub' operation ('tmp_19_i', src/honeybee.c:32->src/honeybee.c:71) [29]  (8.59 ns)

 <State 15>: 8.59ns
The critical path consists of the following:
	'fadd' operation ('tmp_28_i', src/honeybee.c:28->src/honeybee.c:68) [22]  (8.59 ns)

 <State 16>: 8.59ns
The critical path consists of the following:
	'fadd' operation ('tmp_28_i', src/honeybee.c:28->src/honeybee.c:68) [22]  (8.59 ns)

 <State 17>: 8.59ns
The critical path consists of the following:
	'fadd' operation ('tmp_28_i', src/honeybee.c:28->src/honeybee.c:68) [22]  (8.59 ns)

 <State 18>: 8.59ns
The critical path consists of the following:
	'fadd' operation ('tmp_28_i', src/honeybee.c:28->src/honeybee.c:68) [22]  (8.59 ns)

 <State 19>: 8.59ns
The critical path consists of the following:
	'fadd' operation ('dot', src/honeybee.c:28->src/honeybee.c:68) [23]  (8.59 ns)

 <State 20>: 8.59ns
The critical path consists of the following:
	'fadd' operation ('dot', src/honeybee.c:28->src/honeybee.c:68) [23]  (8.59 ns)

 <State 21>: 8.59ns
The critical path consists of the following:
	'fadd' operation ('dot', src/honeybee.c:28->src/honeybee.c:68) [23]  (8.59 ns)

 <State 22>: 8.59ns
The critical path consists of the following:
	'fadd' operation ('dot', src/honeybee.c:28->src/honeybee.c:68) [23]  (8.59 ns)

 <State 23>: 8.59ns
The critical path consists of the following:
	'fsub' operation ('tmp_18_i', src/honeybee.c:32->src/honeybee.c:71) [28]  (8.59 ns)

 <State 24>: 8.59ns
The critical path consists of the following:
	'fsub' operation ('tmp_18_i', src/honeybee.c:32->src/honeybee.c:71) [28]  (8.59 ns)

 <State 25>: 8.59ns
The critical path consists of the following:
	'fsub' operation ('tmp_18_i', src/honeybee.c:32->src/honeybee.c:71) [28]  (8.59 ns)

 <State 26>: 8.59ns
The critical path consists of the following:
	'fsub' operation ('tmp_18_i', src/honeybee.c:32->src/honeybee.c:71) [28]  (8.59 ns)

 <State 27>: 7.2ns
The critical path consists of the following:
	'fdiv' operation ('T', src/honeybee.c:32->src/honeybee.c:71) [36]  (7.2 ns)

 <State 28>: 7.2ns
The critical path consists of the following:
	'fdiv' operation ('T', src/honeybee.c:32->src/honeybee.c:71) [36]  (7.2 ns)

 <State 29>: 7.2ns
The critical path consists of the following:
	'fdiv' operation ('T', src/honeybee.c:32->src/honeybee.c:71) [36]  (7.2 ns)

 <State 30>: 7.2ns
The critical path consists of the following:
	'fdiv' operation ('T', src/honeybee.c:32->src/honeybee.c:71) [36]  (7.2 ns)

 <State 31>: 7.2ns
The critical path consists of the following:
	'fdiv' operation ('T', src/honeybee.c:32->src/honeybee.c:71) [36]  (7.2 ns)

 <State 32>: 7.2ns
The critical path consists of the following:
	'fdiv' operation ('T', src/honeybee.c:32->src/honeybee.c:71) [36]  (7.2 ns)

 <State 33>: 7.2ns
The critical path consists of the following:
	'fdiv' operation ('T', src/honeybee.c:32->src/honeybee.c:71) [36]  (7.2 ns)

 <State 34>: 7.2ns
The critical path consists of the following:
	'fdiv' operation ('T', src/honeybee.c:32->src/honeybee.c:71) [36]  (7.2 ns)

 <State 35>: 7.2ns
The critical path consists of the following:
	'fdiv' operation ('T', src/honeybee.c:32->src/honeybee.c:71) [36]  (7.2 ns)

 <State 36>: 7.2ns
The critical path consists of the following:
	'fdiv' operation ('T', src/honeybee.c:32->src/honeybee.c:71) [36]  (7.2 ns)

 <State 37>: 7.2ns
The critical path consists of the following:
	'fdiv' operation ('T', src/honeybee.c:32->src/honeybee.c:71) [36]  (7.2 ns)

 <State 38>: 7.2ns
The critical path consists of the following:
	'fdiv' operation ('T', src/honeybee.c:32->src/honeybee.c:71) [36]  (7.2 ns)

 <State 39>: 8.43ns
The critical path consists of the following:
	'fmul' operation ('tmp_i2', src/honeybee.c:38->src/honeybee.c:74) [37]  (8.43 ns)

 <State 40>: 8.43ns
The critical path consists of the following:
	'fmul' operation ('tmp_i2', src/honeybee.c:38->src/honeybee.c:74) [37]  (8.43 ns)

 <State 41>: 8.43ns
The critical path consists of the following:
	'fmul' operation ('tmp_i2', src/honeybee.c:38->src/honeybee.c:74) [37]  (8.43 ns)

 <State 42>: 8.59ns
The critical path consists of the following:
	'fadd' operation ('agg.result.x', src/honeybee.c:38->src/honeybee.c:74) [38]  (8.59 ns)

 <State 43>: 8.59ns
The critical path consists of the following:
	'fadd' operation ('agg.result.x', src/honeybee.c:38->src/honeybee.c:74) [38]  (8.59 ns)

 <State 44>: 8.59ns
The critical path consists of the following:
	'fadd' operation ('agg.result.x', src/honeybee.c:38->src/honeybee.c:74) [38]  (8.59 ns)

 <State 45>: 8.59ns
The critical path consists of the following:
	'fadd' operation ('agg.result.x', src/honeybee.c:38->src/honeybee.c:74) [38]  (8.59 ns)


============================================================
+ Verbose Summary: Binding
============================================================
N/A
* FSMD analyzer results:
  - Output states:
 - Input state : 
  - Chain level:
	State 1
	State 2
	State 3
	State 4
	State 5
	State 6
	State 7
	State 8
	State 9
	State 10
	State 11
	State 12
	State 13
	State 14
	State 15
	State 16
	State 17
	State 18
	State 19
	State 20
	State 21
	State 22
	State 23
	State 24
	State 25
	State 26
	State 27
	State 28
	State 29
	State 30
	State 31
	State 32
	State 33
	State 34
	State 35
	State 36
	State 37
	State 38
	State 39
	State 40
	State 41
	State 42
	State 43
	State 44
	State 45


============================================================
+ Verbose Summary: Datapath Resource usage 
============================================================
N/A
