INFO: [HLS 200-10] Running '/tools/Xilinx/Vivado/2019.2/bin/unwrapped/lnx64.o/vivado_hls'
INFO: [HLS 200-10] For user 'anthony' on host 'ubuntu' (Linux_x86_64 version 5.3.0-42-generic) on Thu Mar 19 15:54:56 PDT 2020
INFO: [HLS 200-10] On os Ubuntu 18.04.3 LTS
INFO: [HLS 200-10] In directory '/mnt/hgfs/Thesis/HoneyBee'
Sourcing Tcl script '/mnt/hgfs/Thesis/HoneyBee/HoneyBee-B/solution4/csynth.tcl'
INFO: [HLS 200-10] Opening project '/mnt/hgfs/Thesis/HoneyBee/HoneyBee-B'.
INFO: [HLS 200-10] Adding design file 'src/honeybee.c' to the project
INFO: [HLS 200-10] Adding design file 'src/honeybee.h' to the project
INFO: [HLS 200-10] Adding test bench file 'src/honeybee_test.c' to the project
INFO: [HLS 200-10] Opening solution '/mnt/hgfs/Thesis/HoneyBee/HoneyBee-B/solution4'.
INFO: [SYN 201-201] Setting up clock 'default' with a period of 10ns.
INFO: [HLS 200-10] Setting target device to 'xc7z020-clg484-1'
INFO: [SCHED 204-61] Option 'relax_ii_for_timing' is enabled, will increase II to preserve clock frequency constraints.
INFO: [HLS 200-10] Analyzing design file 'src/honeybee.c' ... 
INFO: [HLS 200-111] Finished Linking Time (s): cpu = 00:00:14 ; elapsed = 00:00:18 . Memory (MB): peak = 965.715 ; gain = 526.004 ; free physical = 208 ; free virtual = 2258
INFO: [HLS 200-111] Finished Checking Pragmas Time (s): cpu = 00:00:14 ; elapsed = 00:00:18 . Memory (MB): peak = 965.715 ; gain = 526.004 ; free physical = 208 ; free virtual = 2258
INFO: [HLS 200-10] Starting code transformations ...
INFO: [HLS 200-111] Finished Standard Transforms Time (s): cpu = 00:00:16 ; elapsed = 00:00:20 . Memory (MB): peak = 965.715 ; gain = 526.004 ; free physical = 208 ; free virtual = 2258
INFO: [HLS 200-10] Checking synthesizability ...
INFO: [XFORM 203-602] Inlining function 'lessThan' into 'lineIntersectGrid' (src/honeybee.c:52) automatically.
INFO: [XFORM 203-602] Inlining function 'minOf3' into 'lineIntersectGrid' (src/honeybee.c:54) automatically.
INFO: [XFORM 203-602] Inlining function 'greaterThan' into 'lineIntersectGrid' (src/honeybee.c:57) automatically.
INFO: [XFORM 203-602] Inlining function 'maxOf3' into 'lineIntersectGrid' (src/honeybee.c:59) automatically.
INFO: [HLS 200-111] Finished Checking Synthesizability Time (s): cpu = 00:00:16 ; elapsed = 00:00:20 . Memory (MB): peak = 965.715 ; gain = 526.004 ; free physical = 208 ; free virtual = 2258
INFO: [HLS 200-489] Unrolling loop 'honeybee_upper_loop' (src/honeybee.c:73) in function 'honeybee' completely with a factor of 4.
INFO: [HLS 200-489] Unrolling loop 'honeybee_mid_loop' (src/honeybee.c:74) in function 'honeybee' completely with a factor of 4.
INFO: [HLS 200-489] Unrolling loop 'honeybee_lower_loop' (src/honeybee.c:75) in function 'honeybee' completely with a factor of 4.
INFO: [XFORM 203-602] Inlining function 'lessThan' into 'lineIntersectGrid' (src/honeybee.c:52) automatically.
INFO: [XFORM 203-602] Inlining function 'minOf3' into 'lineIntersectGrid' (src/honeybee.c:54) automatically.
INFO: [XFORM 203-602] Inlining function 'greaterThan' into 'lineIntersectGrid' (src/honeybee.c:57) automatically.
INFO: [XFORM 203-602] Inlining function 'maxOf3' into 'lineIntersectGrid' (src/honeybee.c:59) automatically.
INFO: [XFORM 203-401] Performing if-conversion on hyperblock from (src/honeybee.c:21:22) to (src/honeybee.c:62:5) in function 'lineIntersectGrid'... converting 7 basic blocks.
INFO: [XFORM 203-11] Balancing expressions in function 'honeybee' (src/honeybee.c:79:5)...28 expression(s) balanced.
INFO: [HLS 200-111] Finished Pre-synthesis Time (s): cpu = 00:00:16 ; elapsed = 00:00:21 . Memory (MB): peak = 965.715 ; gain = 526.004 ; free physical = 191 ; free virtual = 2241
INFO: [HLS 200-111] Finished Architecture Synthesis Time (s): cpu = 00:00:16 ; elapsed = 00:00:21 . Memory (MB): peak = 965.715 ; gain = 526.004 ; free physical = 189 ; free virtual = 2239
INFO: [HLS 200-10] Starting hardware synthesis ...
INFO: [HLS 200-10] Synthesizing 'honeybee' ...
INFO: [HLS 200-10] ----------------------------------------------------------------
INFO: [HLS 200-42] -- Implementing module 'lineIntersectGrid' 
INFO: [HLS 200-10] ----------------------------------------------------------------
INFO: [SCHED 204-11] Starting scheduling ...
INFO: [SCHED 204-11] Finished scheduling.
INFO: [HLS 200-111]  Elapsed time: 21.16 seconds; current allocated memory: 115.363 MB.
INFO: [BIND 205-100] Starting micro-architecture generation ...
INFO: [BIND 205-101] Performing variable lifetime analysis.
INFO: [BIND 205-101] Exploring resource sharing.
INFO: [BIND 205-101] Binding ...
INFO: [BIND 205-100] Finished micro-architecture generation.
INFO: [HLS 200-111]  Elapsed time: 0.5 seconds; current allocated memory: 115.994 MB.
INFO: [HLS 200-10] ----------------------------------------------------------------
INFO: [HLS 200-42] -- Implementing module 'honeybee' 
INFO: [HLS 200-10] ----------------------------------------------------------------
INFO: [SCHED 204-11] Starting scheduling ...
INFO: [SCHED 204-11] Finished scheduling.
INFO: [HLS 200-111]  Elapsed time: 1.17 seconds; current allocated memory: 116.808 MB.
INFO: [BIND 205-100] Starting micro-architecture generation ...
INFO: [BIND 205-101] Performing variable lifetime analysis.
INFO: [BIND 205-101] Exploring resource sharing.
INFO: [BIND 205-101] Binding ...
INFO: [BIND 205-100] Finished micro-architecture generation.
INFO: [HLS 200-111]  Elapsed time: 3.83 seconds; current allocated memory: 119.703 MB.
INFO: [HLS 200-10] ----------------------------------------------------------------
INFO: [HLS 200-10] -- Generating RTL for module 'lineIntersectGrid' 
INFO: [HLS 200-10] ----------------------------------------------------------------
INFO: [SYN 201-210] Renamed object name 'honeybee_faddfsub_32ns_32ns_32_5_full_dsp_1' to 'honeybee_faddfsubbkb' due to the length limit 20
INFO: [SYN 201-210] Renamed object name 'honeybee_fsub_32ns_32ns_32_5_full_dsp_1' to 'honeybee_fsub_32ncud' due to the length limit 20
INFO: [SYN 201-210] Renamed object name 'honeybee_fdiv_32ns_32ns_32_16_1' to 'honeybee_fdiv_32ndEe' due to the length limit 20
INFO: [SYN 201-210] Renamed object name 'honeybee_fcmp_32ns_32ns_1_2_1' to 'honeybee_fcmp_32neOg' due to the length limit 20
INFO: [RTGEN 206-100] Generating core module 'honeybee_faddfsubbkb': 3 instance(s).
INFO: [RTGEN 206-100] Generating core module 'honeybee_fcmp_32neOg': 3 instance(s).
INFO: [RTGEN 206-100] Generating core module 'honeybee_fdiv_32ndEe': 3 instance(s).
INFO: [RTGEN 206-100] Generating core module 'honeybee_fsub_32ncud': 3 instance(s).
INFO: [RTGEN 206-100] Finished creating RTL model for 'lineIntersectGrid'.
INFO: [HLS 200-111]  Elapsed time: 12.21 seconds; current allocated memory: 124.623 MB.
INFO: [HLS 200-10] ----------------------------------------------------------------
INFO: [HLS 200-10] -- Generating RTL for module 'honeybee' 
INFO: [HLS 200-10] ----------------------------------------------------------------
INFO: [RTGEN 206-500] Setting interface mode on port 'honeybee/edge_p1_x' to 'ap_none'.
INFO: [RTGEN 206-500] Setting interface mode on port 'honeybee/edge_p1_y' to 'ap_none'.
INFO: [RTGEN 206-500] Setting interface mode on port 'honeybee/edge_p1_z' to 'ap_none'.
INFO: [RTGEN 206-500] Setting interface mode on port 'honeybee/edge_p2_x' to 'ap_none'.
INFO: [RTGEN 206-500] Setting interface mode on port 'honeybee/edge_p2_y' to 'ap_none'.
INFO: [RTGEN 206-500] Setting interface mode on port 'honeybee/edge_p2_z' to 'ap_none'.
INFO: [RTGEN 206-500] Setting interface mode on function 'honeybee' to 'ap_ctrl_hs'.
INFO: [RTGEN 206-100] Finished creating RTL model for 'honeybee'.
INFO: [HLS 200-111]  Elapsed time: 2.42 seconds; current allocated memory: 130.107 MB.
INFO: [HLS 200-789] **** Estimated Fmax: 114.29 MHz
INFO: [HLS 200-111] Finished generating all RTL models Time (s): cpu = 00:00:39 ; elapsed = 00:00:57 . Memory (MB): peak = 965.715 ; gain = 526.004 ; free physical = 149 ; free virtual = 2207
INFO: [VHDL 208-304] Generating VHDL RTL for honeybee.
INFO: [VLOG 209-307] Generating Verilog RTL for honeybee.
INFO: [HLS 200-112] Total elapsed time: 57.02 seconds; peak allocated memory: 130.107 MB.
