********************************************
HoneyBee Test completed with 0 errors in 665 us
************************************************
INFO: [XSIM 43-3496] Using init file passed via -initfile option "/tools/Xilinx/Vivado/2019.2/data/xsim/ip/xsim_ip.ini".
Vivado Simulator 2019.2
Copyright 1986-1999, 2001-2019 Xilinx, Inc. All Rights Reserved.
Running: /tools/Xilinx/Vivado/2019.2/bin/unwrapped/lnx64.o/xelab xil_defaultlib.apatb_honeybee_top glbl -prj honeybee.prj -L smartconnect_v1_0 -L axi_protocol_checker_v1_1_12 -L axi_protocol_checker_v1_1_13 -L axis_protocol_checker_v1_1_11 -L axis_protocol_checker_v1_1_12 -L xil_defaultlib -L unisims_ver -L xpm --initfile /tools/Xilinx/Vivado/2019.2/data/xsim/ip/xsim_ip.ini --lib ieee_proposed=./ieee_proposed -s honeybee 
Determining compilation order of HDL files.
WARNING: [XSIM 43-3431] One or more environment variables have been detected which affect the operation of the C compiler. These are typically not set in standard installations and are not tested by Xilinx, however they may be appropriate for your system, so the flow will attempt to continue.  If errors occur, try running xelab with the "-mt off -v 1" switches to see more information from the C compiler. The following environment variables have been detected:
    LIBRARY_PATH
INFO: [VRFC 10-2263] Analyzing SystemVerilog file "/mnt/hgfs/Thesis/HoneyBee/honeybee_001/solution2/sim/verilog/glbl.v" into library work
INFO: [VRFC 10-311] analyzing module glbl
INFO: [VRFC 10-2263] Analyzing SystemVerilog file "/mnt/hgfs/Thesis/HoneyBee/honeybee_001/solution2/sim/verilog/honeybee_fdiv_32neOg.v" into library xil_defaultlib
INFO: [VRFC 10-311] analyzing module honeybee_fdiv_32neOg
INFO: [VRFC 10-2263] Analyzing SystemVerilog file "/mnt/hgfs/Thesis/HoneyBee/honeybee_001/solution2/sim/verilog/honeybee.autotb.v" into library xil_defaultlib
INFO: [VRFC 10-311] analyzing module apatb_honeybee_top
INFO: [VRFC 10-2263] Analyzing SystemVerilog file "/mnt/hgfs/Thesis/HoneyBee/honeybee_001/solution2/sim/verilog/honeybee.v" into library xil_defaultlib
INFO: [VRFC 10-311] analyzing module honeybee
INFO: [VRFC 10-2263] Analyzing SystemVerilog file "/mnt/hgfs/Thesis/HoneyBee/honeybee_001/solution2/sim/verilog/honeybee_sitofp_3fYi.v" into library xil_defaultlib
INFO: [VRFC 10-311] analyzing module honeybee_sitofp_3fYi
INFO: [VRFC 10-2263] Analyzing SystemVerilog file "/mnt/hgfs/Thesis/HoneyBee/honeybee_001/solution2/sim/verilog/honeybee_fadd_32ndEe.v" into library xil_defaultlib
INFO: [VRFC 10-311] analyzing module honeybee_fadd_32ndEe
INFO: [VRFC 10-2263] Analyzing SystemVerilog file "/mnt/hgfs/Thesis/HoneyBee/honeybee_001/solution2/sim/verilog/honeybee_fcmp_32ng8j.v" into library xil_defaultlib
INFO: [VRFC 10-311] analyzing module honeybee_fcmp_32ng8j
INFO: [VRFC 10-2263] Analyzing SystemVerilog file "/mnt/hgfs/Thesis/HoneyBee/honeybee_001/solution2/sim/verilog/honeybee_fsub_32nbkb.v" into library xil_defaultlib
INFO: [VRFC 10-311] analyzing module honeybee_fsub_32nbkb
INFO: [VRFC 10-2263] Analyzing SystemVerilog file "/mnt/hgfs/Thesis/HoneyBee/honeybee_001/solution2/sim/verilog/honeybee_faddfsubcud.v" into library xil_defaultlib
INFO: [VRFC 10-311] analyzing module honeybee_faddfsubcud
INFO: [VRFC 10-163] Analyzing VHDL file "/mnt/hgfs/Thesis/HoneyBee/honeybee_001/solution2/sim/verilog/ip/xil_defaultlib/honeybee_ap_faddfsub_2_full_dsp_32.vhd" into library xil_defaultlib
INFO: [VRFC 10-3107] analyzing entity 'honeybee_ap_faddfsub_2_full_dsp_32'
INFO: [VRFC 10-163] Analyzing VHDL file "/mnt/hgfs/Thesis/HoneyBee/honeybee_001/solution2/sim/verilog/ip/xil_defaultlib/honeybee_ap_fsub_2_full_dsp_32.vhd" into library xil_defaultlib
INFO: [VRFC 10-3107] analyzing entity 'honeybee_ap_fsub_2_full_dsp_32'
INFO: [VRFC 10-163] Analyzing VHDL file "/mnt/hgfs/Thesis/HoneyBee/honeybee_001/solution2/sim/verilog/ip/xil_defaultlib/honeybee_ap_fadd_2_full_dsp_32.vhd" into library xil_defaultlib
INFO: [VRFC 10-3107] analyzing entity 'honeybee_ap_fadd_2_full_dsp_32'
INFO: [VRFC 10-163] Analyzing VHDL file "/mnt/hgfs/Thesis/HoneyBee/honeybee_001/solution2/sim/verilog/ip/xil_defaultlib/honeybee_ap_sitofp_2_no_dsp_32.vhd" into library xil_defaultlib
INFO: [VRFC 10-3107] analyzing entity 'honeybee_ap_sitofp_2_no_dsp_32'
INFO: [VRFC 10-163] Analyzing VHDL file "/mnt/hgfs/Thesis/HoneyBee/honeybee_001/solution2/sim/verilog/ip/xil_defaultlib/honeybee_ap_fcmp_0_no_dsp_32.vhd" into library xil_defaultlib
INFO: [VRFC 10-3107] analyzing entity 'honeybee_ap_fcmp_0_no_dsp_32'
INFO: [VRFC 10-163] Analyzing VHDL file "/mnt/hgfs/Thesis/HoneyBee/honeybee_001/solution2/sim/verilog/ip/xil_defaultlib/honeybee_ap_fdiv_8_no_dsp_32.vhd" into library xil_defaultlib
INFO: [VRFC 10-3107] analyzing entity 'honeybee_ap_fdiv_8_no_dsp_32'
Starting static elaboration
Pass Through NonSizing Optimizer
WARNING: [VRFC 10-3499] library name 'floating_point_v7_1_9' of instantiated unit conflicts with visible identifier [ip/xil_defaultlib/honeybee_ap_fsub_2_full_dsp_32.vhd:201]
WARNING: [VRFC 10-3499] library name 'floating_point_v7_1_9' of instantiated unit conflicts with visible identifier [ip/xil_defaultlib/honeybee_ap_faddfsub_2_full_dsp_32.vhd:206]
WARNING: [VRFC 10-3499] library name 'floating_point_v7_1_9' of instantiated unit conflicts with visible identifier [ip/xil_defaultlib/honeybee_ap_fadd_2_full_dsp_32.vhd:201]
WARNING: [VRFC 10-3499] library name 'floating_point_v7_1_9' of instantiated unit conflicts with visible identifier [ip/xil_defaultlib/honeybee_ap_fdiv_8_no_dsp_32.vhd:201]
WARNING: [VRFC 10-3499] library name 'floating_point_v7_1_9' of instantiated unit conflicts with visible identifier [ip/xil_defaultlib/honeybee_ap_sitofp_2_no_dsp_32.vhd:196]
WARNING: [VRFC 10-3499] library name 'floating_point_v7_1_9' of instantiated unit conflicts with visible identifier [ip/xil_defaultlib/honeybee_ap_fcmp_0_no_dsp_32.vhd:200]
Completed static elaboration
Starting simulation data flow analysis
Completed simulation data flow analysis
Time Resolution for simulation is 1ps
Compiling package std.standard
Compiling package std.textio
Compiling package ieee.std_logic_1164
Compiling package ieee.numeric_std
Compiling package floating_point_v7_1_9.floating_point_v7_1_9_viv_comp
Compiling package xbip_utils_v3_0_10.xbip_utils_v3_0_10_pkg
Compiling package axi_utils_v2_0_6.axi_utils_v2_0_6_pkg
Compiling package floating_point_v7_1_9.floating_point_v7_1_9_consts
Compiling package ieee.math_real
Compiling package floating_point_v7_1_9.floating_point_v7_1_9_exp_table_...
Compiling package mult_gen_v12_0_16.mult_gen_v12_0_16_pkg
Compiling package ieee.std_logic_arith
Compiling package ieee.std_logic_signed
Compiling package floating_point_v7_1_9.floating_point_v7_1_9_pkg
Compiling package floating_point_v7_1_9.flt_utils
Compiling package xbip_pipe_v3_0_6.xbip_pipe_v3_0_6_viv_comp
Compiling package unisim.vcomponents
Compiling package ieee.vital_timing
Compiling package ieee.vital_primitives
Compiling package unisim.vpkg
Compiling package floating_point_v7_1_9.vt2mutils
Compiling package floating_point_v7_1_9.vt2mcomps
Compiling architecture muxcy_v of entity unisim.MUXCY [muxcy_default]
Compiling architecture synth of entity xbip_pipe_v3_0_6.xbip_pipe_v3_0_6_viv [\xbip_pipe_v3_0_6_viv(c_has_ce=1...]
Compiling architecture rtl of entity floating_point_v7_1_9.delay [\delay(width=7,length=0)\]
Compiling architecture struct of entity floating_point_v7_1_9.carry_chain [\carry_chain(c_xdevicefamily="vi...]
Compiling architecture synth of entity floating_point_v7_1_9.compare_eq_im [\compare_eq_im(c_xdevicefamily="...]
Compiling architecture xorcy_v of entity unisim.XORCY [xorcy_default]
Compiling architecture struct of entity floating_point_v7_1_9.carry_chain [\carry_chain(c_xdevicefamily="vi...]
Compiling architecture synth of entity xbip_pipe_v3_0_6.xbip_pipe_v3_0_6_viv [\xbip_pipe_v3_0_6_viv(c_has_ce=1...]
Compiling architecture rtl of entity floating_point_v7_1_9.delay [\delay(length=0)\]
Compiling architecture synth of entity xbip_pipe_v3_0_6.xbip_pipe_v3_0_6_viv [\xbip_pipe_v3_0_6_viv(c_has_ce=1...]
Compiling architecture rtl of entity floating_point_v7_1_9.delay [\delay(width=24,length=0,fast_in...]
Compiling architecture synth of entity xbip_pipe_v3_0_6.xbip_pipe_v3_0_6_viv [\xbip_pipe_v3_0_6_viv(c_has_ce=1...]
Compiling architecture rtl of entity floating_point_v7_1_9.delay [\delay(width=16,length=0)\]
Compiling architecture synth of entity xbip_pipe_v3_0_6.xbip_pipe_v3_0_6_viv [\xbip_pipe_v3_0_6_viv(c_has_ce=1...]
Compiling architecture rtl of entity floating_point_v7_1_9.delay [\delay(width=4,length=0)\]
Compiling architecture synth of entity xbip_pipe_v3_0_6.xbip_pipe_v3_0_6_viv [\xbip_pipe_v3_0_6_viv(c_has_ce=1...]
Compiling architecture rtl of entity floating_point_v7_1_9.delay [\delay(width=48,length=0)\]
Compiling architecture synth of entity xbip_pipe_v3_0_6.xbip_pipe_v3_0_6_viv [\xbip_pipe_v3_0_6_viv(c_has_ce=1...]
Compiling architecture rtl of entity floating_point_v7_1_9.delay [\delay(width=24,length=0)\]
Compiling architecture dsp48e1_v of entity unisim.DSP48E1 [\DSP48E1(acascreg=0,adreg=0,alum...]
Compiling architecture rtl of entity floating_point_v7_1_9.dsp48e1_wrapper [\dsp48e1_wrapper(a_width=24,c_wi...]
Compiling architecture synth of entity xbip_pipe_v3_0_6.xbip_pipe_v3_0_6_viv [\xbip_pipe_v3_0_6_viv(c_has_ce=1...]
Compiling architecture rtl of entity floating_point_v7_1_9.delay [\delay(width=13,length=0)\]
Compiling architecture synth of entity xbip_pipe_v3_0_6.xbip_pipe_v3_0_6_viv [\xbip_pipe_v3_0_6_viv(c_has_ce=1...]
Compiling architecture rtl of entity floating_point_v7_1_9.delay [\delay(width=27,length=0)\]
Compiling architecture synth of entity floating_point_v7_1_9.align_add_dsp48e1_sgl [\align_add_dsp48e1_sgl(c_xdevice...]
Compiling architecture fdre_v of entity unisim.FDRE [fdre_default]
Compiling architecture fde_v of entity unisim.FDE [fde_default]
Compiling architecture lut5_v of entity unisim.LUT5 [\LUT5(init="00000000000000001111...]
Compiling architecture lut5_v of entity unisim.LUT5 [\LUT5(init="00000000000000000000...]
Compiling architecture synth of entity xbip_pipe_v3_0_6.xbip_pipe_v3_0_6_viv [\xbip_pipe_v3_0_6_viv(c_latency=...]
Compiling architecture rtl of entity floating_point_v7_1_9.delay [\delay(width=27)\]
Compiling architecture synth of entity xbip_pipe_v3_0_6.xbip_pipe_v3_0_6_viv [\xbip_pipe_v3_0_6_viv(c_latency=...]
Compiling architecture rtl of entity floating_point_v7_1_9.delay [delay_default]
Compiling architecture synth of entity xbip_pipe_v3_0_6.xbip_pipe_v3_0_6_viv [\xbip_pipe_v3_0_6_viv(c_has_ce=1...]
Compiling architecture rtl of entity floating_point_v7_1_9.delay [\delay(width=5,length=0)\]
Compiling architecture rtl of entity floating_point_v7_1_9.lead_zero_encode_shift [\lead_zero_encode_shift(ab_fw=24...]
Compiling architecture synth of entity xbip_pipe_v3_0_6.xbip_pipe_v3_0_6_viv [\xbip_pipe_v3_0_6_viv(c_latency=...]
Compiling architecture rtl of entity floating_point_v7_1_9.delay [\delay(width=4)\]
Compiling architecture synth of entity xbip_pipe_v3_0_6.xbip_pipe_v3_0_6_viv [\xbip_pipe_v3_0_6_viv(c_latency=...]
Compiling architecture rtl of entity floating_point_v7_1_9.delay [\delay(width=3)\]
Compiling architecture lut6_v of entity unisim.LUT6 [\LUT6(init="11111110010101001011...]
Compiling architecture lut5_v of entity unisim.LUT5 [\LUT5(init="00010001010111110000...]
Compiling architecture lut5_v of entity unisim.LUT5 [\LUT5(init="11101110101000001111...]
Compiling architecture synth of entity xbip_pipe_v3_0_6.xbip_pipe_v3_0_6_viv [\xbip_pipe_v3_0_6_viv(c_has_ce=1...]
Compiling architecture rtl of entity floating_point_v7_1_9.delay [\delay(width=2,length=0)\]
Compiling architecture synth of entity xbip_pipe_v3_0_6.xbip_pipe_v3_0_6_viv [\xbip_pipe_v3_0_6_viv(c_has_ce=1...]
Compiling architecture rtl of entity floating_point_v7_1_9.delay [\delay(width=25,length=0)\]
Compiling architecture dsp48e1_v of entity unisim.DSP48E1 [\DSP48E1(acascreg=0,adreg=0,alum...]
Compiling architecture rtl of entity floating_point_v7_1_9.dsp48e1_wrapper [\dsp48e1_wrapper(a_width=24,c_wi...]
Compiling architecture rtl of entity floating_point_v7_1_9.norm_and_round_dsp48e1_sgl [\norm_and_round_dsp48e1_sgl(c_mu...]
Compiling architecture lut5_v of entity unisim.LUT5 [\LUT5(init="10011001100110011001...]
Compiling architecture lut5_v of entity unisim.LUT5 [\LUT5(init="11111111000000001111...]
Compiling architecture synth of entity xbip_pipe_v3_0_6.xbip_pipe_v3_0_6_viv [\xbip_pipe_v3_0_6_viv(c_has_ce=1...]
Compiling architecture rtl of entity floating_point_v7_1_9.delay [\delay(width=9,length=0)\]
Compiling architecture struct of entity floating_point_v7_1_9.carry_chain [\carry_chain(c_xdevicefamily="vi...]
Compiling architecture synth of entity xbip_pipe_v3_0_6.xbip_pipe_v3_0_6_viv [\xbip_pipe_v3_0_6_viv(c_has_ce=1...]
Compiling architecture rtl of entity floating_point_v7_1_9.delay [\delay(width=8,length=0)\]
Compiling architecture synth of entity xbip_pipe_v3_0_6.xbip_pipe_v3_0_6_viv [\xbip_pipe_v3_0_6_viv(c_has_ce=1...]
Compiling architecture rtl of entity floating_point_v7_1_9.delay [\delay(width=10,length=0)\]
Compiling architecture synth of entity xbip_pipe_v3_0_6.xbip_pipe_v3_0_6_viv [\xbip_pipe_v3_0_6_viv(c_has_ce=1...]
Compiling architecture rtl of entity floating_point_v7_1_9.delay [\delay(width=4,length=0,fast_inp...]
Compiling architecture struct of entity floating_point_v7_1_9.carry_chain [\carry_chain(c_xdevicefamily="vi...]
Compiling architecture synth of entity floating_point_v7_1_9.compare_eq_im [\compare_eq_im(c_xdevicefamily="...]
Compiling architecture synth of entity xbip_pipe_v3_0_6.xbip_pipe_v3_0_6_viv [\xbip_pipe_v3_0_6_viv(c_latency=...]
Compiling architecture rtl of entity floating_point_v7_1_9.delay [\delay(fast_input=true)\]
Compiling architecture rtl of entity floating_point_v7_1_9.special_detect [\special_detect(c_xdevicefamily=...]
Compiling architecture struct of entity floating_point_v7_1_9.carry_chain [\carry_chain(c_xdevicefamily="vi...]
Compiling architecture synth of entity floating_point_v7_1_9.compare_gt [\compare_gt(c_xdevicefamily="vir...]
Compiling architecture synth of entity floating_point_v7_1_9.compare [\compare(c_xdevicefamily="virtex...]
Compiling architecture synth of entity xbip_pipe_v3_0_6.xbip_pipe_v3_0_6_viv [\xbip_pipe_v3_0_6_viv(c_latency=...]
Compiling architecture rtl of entity floating_point_v7_1_9.delay [\delay(width=8)\]
Compiling architecture synth of entity xbip_pipe_v3_0_6.xbip_pipe_v3_0_6_viv [\xbip_pipe_v3_0_6_viv(c_latency=...]
Compiling architecture rtl of entity floating_point_v7_1_9.delay [\delay(width=9)\]
Compiling architecture synth of entity xbip_pipe_v3_0_6.xbip_pipe_v3_0_6_viv [\xbip_pipe_v3_0_6_viv(c_latency=...]
Compiling architecture rtl of entity floating_point_v7_1_9.delay [\delay(width=2,fast_input=true)\]
Compiling architecture synth of entity xbip_pipe_v3_0_6.xbip_pipe_v3_0_6_viv [\xbip_pipe_v3_0_6_viv(c_has_ce=1...]
Compiling architecture rtl of entity floating_point_v7_1_9.delay [\delay(length=0,fast_input=true)...]
Compiling architecture synth of entity xbip_pipe_v3_0_6.xbip_pipe_v3_0_6_viv [\xbip_pipe_v3_0_6_viv(c_has_ce=1...]
Compiling architecture rtl of entity floating_point_v7_1_9.delay [\delay(width=2,length=0,fast_inp...]
Compiling architecture synth of entity xbip_pipe_v3_0_6.xbip_pipe_v3_0_6_viv [\xbip_pipe_v3_0_6_viv(c_has_ce=1...]
Compiling architecture rtl of entity floating_point_v7_1_9.delay [\delay(width=12,length=0)\]
Compiling architecture rtl of entity floating_point_v7_1_9.flt_add_exp_sp [\flt_add_exp_sp(c_xdevicefamily=...]
Compiling architecture synth of entity xbip_pipe_v3_0_6.xbip_pipe_v3_0_6_viv [\xbip_pipe_v3_0_6_viv(c_latency=...]
Compiling architecture rtl of entity floating_point_v7_1_9.delay [\delay(width=23)\]
Compiling architecture synth of entity floating_point_v7_1_9.flt_dec_op [\flt_dec_op(c_xdevicefamily="vir...]
Compiling architecture rtl of entity floating_point_v7_1_9.flt_add_dsp [\flt_add_dsp(c_xdevicefamily="vi...]
Compiling architecture rtl of entity floating_point_v7_1_9.flt_add [\flt_add(c_xdevicefamily="virtex...]
Compiling architecture synth of entity xbip_pipe_v3_0_6.xbip_pipe_v3_0_6_viv [\xbip_pipe_v3_0_6_viv(c_latency=...]
Compiling architecture synth of entity xbip_pipe_v3_0_6.xbip_pipe_v3_0_6_viv [\xbip_pipe_v3_0_6_viv(c_has_ce=1...]
Compiling architecture rtl of entity floating_point_v7_1_9.delay [\delay(width=32,length=0)\]
Compiling architecture xilinx of entity floating_point_v7_1_9.floating_point_v7_1_9_viv [\floating_point_v7_1_9_viv(c_xde...]
Compiling architecture xilinx of entity floating_point_v7_1_9.floating_point_v7_1_9 [\floating_point_v7_1_9(c_xdevice...]
Compiling architecture honeybee_ap_fsub_2_full_dsp_32_arch of entity xil_defaultlib.honeybee_ap_fsub_2_full_dsp_32 [honeybee_ap_fsub_2_full_dsp_32_d...]
Compiling module xil_defaultlib.honeybee_fsub_32nbkb
Compiling architecture rtl of entity floating_point_v7_1_9.flt_add [\flt_add(c_xdevicefamily="virtex...]
Compiling architecture xilinx of entity floating_point_v7_1_9.floating_point_v7_1_9_viv [\floating_point_v7_1_9_viv(c_xde...]
Compiling architecture xilinx of entity floating_point_v7_1_9.floating_point_v7_1_9 [\floating_point_v7_1_9(c_xdevice...]
Compiling architecture honeybee_ap_faddfsub_2_full_dsp_32_arch of entity xil_defaultlib.honeybee_ap_faddfsub_2_full_dsp_32 [honeybee_ap_faddfsub_2_full_dsp_...]
Compiling module xil_defaultlib.honeybee_faddfsubcud(ID=1)
Compiling architecture rtl of entity floating_point_v7_1_9.flt_add [\flt_add(c_xdevicefamily="virtex...]
Compiling architecture xilinx of entity floating_point_v7_1_9.floating_point_v7_1_9_viv [\floating_point_v7_1_9_viv(c_xde...]
Compiling architecture xilinx of entity floating_point_v7_1_9.floating_point_v7_1_9 [\floating_point_v7_1_9(c_xdevice...]
Compiling architecture honeybee_ap_fadd_2_full_dsp_32_arch of entity xil_defaultlib.honeybee_ap_fadd_2_full_dsp_32 [honeybee_ap_fadd_2_full_dsp_32_d...]
Compiling module xil_defaultlib.honeybee_fadd_32ndEe(ID=1)
Compiling architecture synth of entity xbip_pipe_v3_0_6.xbip_pipe_v3_0_6_viv [\xbip_pipe_v3_0_6_viv(c_has_ce=1...]
Compiling architecture rtl of entity floating_point_v7_1_9.delay [\delay(width=23,length=0)\]
Compiling architecture synth of entity xbip_pipe_v3_0_6.xbip_pipe_v3_0_6_viv [\xbip_pipe_v3_0_6_viv(c_has_ce=1...]
Compiling architecture rtl of entity floating_point_v7_1_9.delay [\delay(width=25,length=0,fast_in...]
Compiling architecture struct of entity floating_point_v7_1_9.carry_chain [\carry_chain(c_xdevicefamily="vi...]
Compiling architecture synth of entity floating_point_v7_1_9.flt_div_mant_addsub [\flt_div_mant_addsub(c_xdevicefa...]
Compiling architecture synth of entity xbip_pipe_v3_0_6.xbip_pipe_v3_0_6_viv [\xbip_pipe_v3_0_6_viv(c_has_ce=1...]
Compiling architecture rtl of entity floating_point_v7_1_9.delay [\delay(width=26,length=0)\]
Compiling architecture synth of entity xbip_pipe_v3_0_6.xbip_pipe_v3_0_6_viv [\xbip_pipe_v3_0_6_viv(c_latency=...]
Compiling architecture rtl of entity floating_point_v7_1_9.delay [\delay(width=25,fast_input=true)...]
Compiling architecture struct of entity floating_point_v7_1_9.carry_chain [\carry_chain(c_xdevicefamily="vi...]
Compiling architecture synth of entity floating_point_v7_1_9.flt_div_mant_addsub [\flt_div_mant_addsub(c_xdevicefa...]
Compiling architecture synth of entity xbip_pipe_v3_0_6.xbip_pipe_v3_0_6_viv [\xbip_pipe_v3_0_6_viv(c_latency=...]
Compiling architecture rtl of entity floating_point_v7_1_9.delay [\delay(width=26)\]
Compiling architecture virtex of entity floating_point_v7_1_9.flt_div_mant [\flt_div_mant(c_xdevicefamily="v...]
Compiling architecture synth of entity xbip_pipe_v3_0_6.xbip_pipe_v3_0_6_viv [\xbip_pipe_v3_0_6_viv(c_has_ce=1...]
Compiling architecture rtl of entity floating_point_v7_1_9.delay [\delay(width=10,length=0,fast_in...]
Compiling architecture rtl of entity floating_point_v7_1_9.special_detect [\special_detect(c_xdevicefamily=...]
Compiling architecture synth of entity xbip_pipe_v3_0_6.xbip_pipe_v3_0_6_viv [\xbip_pipe_v3_0_6_viv(c_latency=...]
Compiling architecture rtl of entity floating_point_v7_1_9.delay [\delay(length=7,fast_input=true)...]
Compiling architecture synth of entity xbip_pipe_v3_0_6.xbip_pipe_v3_0_6_viv [\xbip_pipe_v3_0_6_viv(c_latency=...]
Compiling architecture rtl of entity floating_point_v7_1_9.delay [\delay(width=8,length=7)\]
Compiling architecture synth of entity xbip_pipe_v3_0_6.xbip_pipe_v3_0_6_viv [\xbip_pipe_v3_0_6_viv(c_latency=...]
Compiling architecture rtl of entity floating_point_v7_1_9.delay [\delay(width=3,length=7,fast_inp...]
Compiling architecture synth of entity xbip_pipe_v3_0_6.xbip_pipe_v3_0_6_viv [\xbip_pipe_v3_0_6_viv(c_latency=...]
Compiling architecture rtl of entity floating_point_v7_1_9.delay [\delay(width=4,length=7,fast_inp...]
Compiling architecture synth of entity xbip_pipe_v3_0_6.xbip_pipe_v3_0_6_viv [\xbip_pipe_v3_0_6_viv(c_has_ce=1...]
Compiling architecture rtl of entity floating_point_v7_1_9.delay [\delay(width=14,length=0)\]
Compiling architecture rtl of entity floating_point_v7_1_9.flt_div_exp [\flt_div_exp(c_xdevicefamily="no...]
Compiling architecture synth of entity xbip_pipe_v3_0_6.xbip_pipe_v3_0_6_viv [\xbip_pipe_v3_0_6_viv(c_has_ce=1...]
Compiling architecture rtl of entity floating_point_v7_1_9.delay [\delay(width=12,length=0,fast_in...]
Compiling architecture struct of entity floating_point_v7_1_9.carry_chain [\carry_chain(c_xdevicefamily="vi...]
Compiling architecture struct of entity floating_point_v7_1_9.carry_chain [\carry_chain(c_xdevicefamily="vi...]
Compiling architecture synth of entity xbip_pipe_v3_0_6.xbip_pipe_v3_0_6_viv [\xbip_pipe_v3_0_6_viv(c_has_ce=1...]
Compiling architecture rtl of entity floating_point_v7_1_9.delay [\delay(width=3,length=0)\]
Compiling architecture struct of entity floating_point_v7_1_9.carry_chain [\carry_chain(c_xdevicefamily="vi...]
Compiling architecture rtl of entity floating_point_v7_1_9.flt_round_bit [\flt_round_bit(c_xdevicefamily="...]
Compiling architecture rtl of entity floating_point_v7_1_9.renorm_and_round_logic [\renorm_and_round_logic(c_xdevic...]
Compiling architecture synth of entity floating_point_v7_1_9.flt_dec_op_lat [\flt_dec_op_lat(c_xdevicefamily=...]
Compiling architecture virtex of entity floating_point_v7_1_9.flt_div [\flt_div(c_xdevicefamily="virtex...]
Compiling architecture synth of entity xbip_pipe_v3_0_6.xbip_pipe_v3_0_6_viv [\xbip_pipe_v3_0_6_viv(c_latency=...]
Compiling architecture xilinx of entity floating_point_v7_1_9.floating_point_v7_1_9_viv [\floating_point_v7_1_9_viv(c_xde...]
Compiling architecture xilinx of entity floating_point_v7_1_9.floating_point_v7_1_9 [\floating_point_v7_1_9(c_xdevice...]
Compiling architecture honeybee_ap_fdiv_8_no_dsp_32_arch of entity xil_defaultlib.honeybee_ap_fdiv_8_no_dsp_32 [honeybee_ap_fdiv_8_no_dsp_32_def...]
Compiling module xil_defaultlib.honeybee_fdiv_32neOg(ID=1)
Compiling architecture struct of entity floating_point_v7_1_9.carry_chain [\carry_chain(c_xdevicefamily="vi...]
Compiling architecture rtl of entity floating_point_v7_1_9.norm_zero_det [\norm_zero_det(data_width=7,norm...]
Compiling architecture synth of entity xbip_pipe_v3_0_6.xbip_pipe_v3_0_6_viv [\xbip_pipe_v3_0_6_viv(c_latency=...]
Compiling architecture rtl of entity floating_point_v7_1_9.delay [\delay(width=4,fast_input=true)\]
Compiling architecture rtl of entity floating_point_v7_1_9.mux4 [\mux4(c_xdevicefamily="virtex7",...]
Compiling architecture synth of entity xbip_pipe_v3_0_6.xbip_pipe_v3_0_6_viv [\xbip_pipe_v3_0_6_viv(c_latency=...]
Compiling architecture rtl of entity floating_point_v7_1_9.delay [\delay(width=2)\]
Compiling architecture rtl of entity floating_point_v7_1_9.mux4 [\mux4(c_xdevicefamily="virtex7",...]
Compiling architecture synth of entity xbip_pipe_v3_0_6.xbip_pipe_v3_0_6_viv [\xbip_pipe_v3_0_6_viv(c_has_ce=1...]
Compiling architecture rtl of entity floating_point_v7_1_9.delay [\delay(width=8,length=0,fast_inp...]
Compiling architecture struct of entity floating_point_v7_1_9.carry_chain [\carry_chain(c_xdevicefamily="vi...]
Compiling architecture rtl of entity floating_point_v7_1_9.lead_zero_encode [\lead_zero_encode(c_xdevicefamil...]
Compiling architecture synth of entity xbip_pipe_v3_0_6.xbip_pipe_v3_0_6_viv [\xbip_pipe_v3_0_6_viv(c_latency=...]
Compiling architecture rtl of entity floating_point_v7_1_9.delay [\delay(width=32)\]
Compiling architecture rtl of entity floating_point_v7_1_9.shift_msb_first [\shift_msb_first(a_width=32,resu...]
Compiling architecture struct of entity floating_point_v7_1_9.carry_chain [\carry_chain(c_xdevicefamily="vi...]
Compiling architecture struct of entity floating_point_v7_1_9.carry_chain [\carry_chain(c_xdevicefamily="vi...]
Compiling architecture rtl of entity floating_point_v7_1_9.renorm_and_round_logic [\renorm_and_round_logic(c_xdevic...]
Compiling architecture synth of entity floating_point_v7_1_9.fix_to_flt_conv_exp [\fix_to_flt_conv_exp(c_xdevicefa...]
Compiling architecture synth of entity floating_point_v7_1_9.flt_dec_op [\flt_dec_op(c_xdevicefamily="vir...]
Compiling architecture struct of entity floating_point_v7_1_9.fix_to_flt_conv [\fix_to_flt_conv(c_xdevicefamily...]
Compiling architecture xilinx of entity floating_point_v7_1_9.floating_point_v7_1_9_viv [\floating_point_v7_1_9_viv(c_xde...]
Compiling architecture xilinx of entity floating_point_v7_1_9.floating_point_v7_1_9 [\floating_point_v7_1_9(c_xdevice...]
Compiling architecture honeybee_ap_sitofp_2_no_dsp_32_arch of entity xil_defaultlib.honeybee_ap_sitofp_2_no_dsp_32 [honeybee_ap_sitofp_2_no_dsp_32_d...]
Compiling module xil_defaultlib.honeybee_sitofp_3fYi(ID=1)
Compiling architecture synth of entity floating_point_v7_1_9.compare_eq_im [\compare_eq_im(c_xdevicefamily="...]
Compiling architecture struct of entity floating_point_v7_1_9.carry_chain [\carry_chain(c_xdevicefamily="vi...]
Compiling architecture synth of entity floating_point_v7_1_9.compare_ne_im [\compare_ne_im(c_xdevicefamily="...]
Compiling architecture struct of entity floating_point_v7_1_9.carry_chain [\carry_chain(c_xdevicefamily="vi...]
Compiling architecture synth of entity floating_point_v7_1_9.compare_eq_im [\compare_eq_im(c_xdevicefamily="...]
Compiling architecture synth of entity xbip_pipe_v3_0_6.xbip_pipe_v3_0_6_viv [\xbip_pipe_v3_0_6_viv(c_has_ce=1...]
Compiling architecture rtl of entity floating_point_v7_1_9.delay [\delay(width=11,length=0)\]
Compiling architecture struct of entity floating_point_v7_1_9.carry_chain [\carry_chain(c_xdevicefamily="vi...]
Compiling architecture synth of entity floating_point_v7_1_9.compare_eq [\compare_eq(c_xdevicefamily="vir...]
Compiling architecture struct of entity floating_point_v7_1_9.carry_chain [\carry_chain(c_xdevicefamily="vi...]
Compiling architecture synth of entity floating_point_v7_1_9.compare_gt [\compare_gt(c_xdevicefamily="vir...]
Compiling architecture rtl of entity floating_point_v7_1_9.fp_cmp [\fp_cmp(c_xdevicefamily="virtex7...]
Compiling architecture xilinx of entity floating_point_v7_1_9.floating_point_v7_1_9_viv [\floating_point_v7_1_9_viv(c_xde...]
Compiling architecture xilinx of entity floating_point_v7_1_9.floating_point_v7_1_9 [\floating_point_v7_1_9(c_xdevice...]
Compiling architecture honeybee_ap_fcmp_0_no_dsp_32_arch of entity xil_defaultlib.honeybee_ap_fcmp_0_no_dsp_32 [honeybee_ap_fcmp_0_no_dsp_32_def...]
Compiling module xil_defaultlib.honeybee_fcmp_32ng8j(ID=1)
Compiling module xil_defaultlib.honeybee
Compiling module xil_defaultlib.apatb_honeybee_top
Compiling module work.glbl
Built simulation snapshot honeybee

****** Webtalk v2019.2 (64-bit)
  **** SW Build 2708876 on Wed Nov  6 21:39:14 MST 2019
  **** IP Build 2700528 on Thu Nov  7 00:09:20 MST 2019
    ** Copyright 1986-2019 Xilinx, Inc. All Rights Reserved.

source /mnt/hgfs/Thesis/HoneyBee/honeybee_001/solution2/sim/verilog/xsim.dir/honeybee/webtalk/xsim_webtalk.tcl -notrace
INFO: [Common 17-186] '/mnt/hgfs/Thesis/HoneyBee/honeybee_001/solution2/sim/verilog/xsim.dir/honeybee/webtalk/usage_statistics_ext_xsim.xml' has been successfully sent to Xilinx on Tue Mar 17 21:42:10 2020. For additional details about this file, please refer to the WebTalk help file at /tools/Xilinx/Vivado/2019.2/doc/webtalk_introduction.html.
INFO: [Common 17-206] Exiting Webtalk at Tue Mar 17 21:42:10 2020...

****** xsim v2019.2 (64-bit)
  **** SW Build 2708876 on Wed Nov  6 21:39:14 MST 2019
  **** IP Build 2700528 on Thu Nov  7 00:09:20 MST 2019
    ** Copyright 1986-2019 Xilinx, Inc. All Rights Reserved.

source xsim.dir/honeybee/xsim_script.tcl
# xsim {honeybee} -autoloadwcfg -tclbatch {honeybee.tcl}
Vivado Simulator 2019.2
Time resolution is 1 ps
source honeybee.tcl
## run all
Warning: OPMODE Input Warning : The OPMODE 0110X0X with CARRYINSEL  000 to DSP48E1 instance is invalid.
Time: 100010 ps  Iteration: 0  Process: /apatb_honeybee_top/AESL_inst_honeybee/honeybee_fadd_32ndEe_U10/honeybee_ap_fadd_2_full_dsp_32_u/U0/i_synth/addsub_op/ADDSUB/dsp/OP/dsp48e1_body/ALIGN_ADD/DSP2/DSP/prcs_opmode_drc  File: /tools/Xilinx/Vivado/2019.2/data/vhdl/src/unisims/primitive/DSP48E1.vhd
Warning: OPMODE Input Warning : The OPMODE 0110X0X with CARRYINSEL  000 to DSP48E1 instance is invalid.
Time: 100010 ps  Iteration: 0  Process: /apatb_honeybee_top/AESL_inst_honeybee/honeybee_fadd_32ndEe_U9/honeybee_ap_fadd_2_full_dsp_32_u/U0/i_synth/addsub_op/ADDSUB/dsp/OP/dsp48e1_body/ALIGN_ADD/DSP2/DSP/prcs_opmode_drc  File: /tools/Xilinx/Vivado/2019.2/data/vhdl/src/unisims/primitive/DSP48E1.vhd
Warning: OPMODE Input Warning : The OPMODE 0110X0X with CARRYINSEL  000 to DSP48E1 instance is invalid.
Time: 100010 ps  Iteration: 0  Process: /apatb_honeybee_top/AESL_inst_honeybee/honeybee_fadd_32ndEe_U8/honeybee_ap_fadd_2_full_dsp_32_u/U0/i_synth/addsub_op/ADDSUB/dsp/OP/dsp48e1_body/ALIGN_ADD/DSP2/DSP/prcs_opmode_drc  File: /tools/Xilinx/Vivado/2019.2/data/vhdl/src/unisims/primitive/DSP48E1.vhd
Warning: OPMODE Input Warning : The OPMODE 0110X0X with CARRYINSEL  000 to DSP48E1 instance is invalid.
Time: 100010 ps  Iteration: 0  Process: /apatb_honeybee_top/AESL_inst_honeybee/honeybee_fadd_32ndEe_U7/honeybee_ap_fadd_2_full_dsp_32_u/U0/i_synth/addsub_op/ADDSUB/dsp/OP/dsp48e1_body/ALIGN_ADD/DSP2/DSP/prcs_opmode_drc  File: /tools/Xilinx/Vivado/2019.2/data/vhdl/src/unisims/primitive/DSP48E1.vhd
Warning: OPMODE Input Warning : The OPMODE 0110X0X with CARRYINSEL  000 to DSP48E1 instance is invalid.
Time: 100010 ps  Iteration: 0  Process: /apatb_honeybee_top/AESL_inst_honeybee/honeybee_fadd_32ndEe_U6/honeybee_ap_fadd_2_full_dsp_32_u/U0/i_synth/addsub_op/ADDSUB/dsp/OP/dsp48e1_body/ALIGN_ADD/DSP2/DSP/prcs_opmode_drc  File: /tools/Xilinx/Vivado/2019.2/data/vhdl/src/unisims/primitive/DSP48E1.vhd
Warning: OPMODE Input Warning : The OPMODE 0110X0X with CARRYINSEL  000 to DSP48E1 instance is invalid.
Time: 100010 ps  Iteration: 0  Process: /apatb_honeybee_top/AESL_inst_honeybee/honeybee_faddfsubcud_U2/honeybee_ap_faddfsub_2_full_dsp_32_u/U0/i_synth/addsub_op/ADDSUB/dsp/OP/dsp48e1_body/ALIGN_ADD/DSP2/DSP/prcs_opmode_drc  File: /tools/Xilinx/Vivado/2019.2/data/vhdl/src/unisims/primitive/DSP48E1.vhd
Warning: OPMODE Input Warning : The OPMODE 0110X0X with CARRYINSEL  000 to DSP48E1 instance is invalid.
Time: 100010 ps  Iteration: 0  Process: /apatb_honeybee_top/AESL_inst_honeybee/honeybee_fsub_32nbkb_U1/honeybee_ap_fsub_2_full_dsp_32_u/U0/i_synth/addsub_op/ADDSUB/dsp/OP/dsp48e1_body/ALIGN_ADD/DSP2/DSP/prcs_opmode_drc  File: /tools/Xilinx/Vivado/2019.2/data/vhdl/src/unisims/primitive/DSP48E1.vhd
////////////////////////////////////////////////////////////////////////////////////
// Inter-Transaction Progress: Completed Transaction / Total Transaction
// Intra-Transaction Progress: Measured Latency / Latency Estimation * 100%
//
// RTL Simulation : "Inter-Transaction Progress" ["Intra-Transaction Progress"] @ "Simulation Time"
////////////////////////////////////////////////////////////////////////////////////
// RTL Simulation : 0 / 1 [0.00%] @ "125000"
Warning: OPMODE Input Warning : The OPMODE 0110X0X with CARRYINSEL  000 to DSP48E1 instance is invalid.
Time: 175 ns  Iteration: 12  Process: /apatb_honeybee_top/AESL_inst_honeybee/honeybee_fsub_32nbkb_U1/honeybee_ap_fsub_2_full_dsp_32_u/U0/i_synth/addsub_op/ADDSUB/dsp/OP/dsp48e1_body/ALIGN_ADD/DSP2/DSP/prcs_opmode_drc  File: /tools/Xilinx/Vivado/2019.2/data/vhdl/src/unisims/primitive/DSP48E1.vhd
Warning: OPMODE Input Warning : The OPMODE 0110X0X with CARRYINSEL  000 to DSP48E1 instance is invalid.
Time: 175 ns  Iteration: 12  Process: /apatb_honeybee_top/AESL_inst_honeybee/honeybee_faddfsubcud_U2/honeybee_ap_faddfsub_2_full_dsp_32_u/U0/i_synth/addsub_op/ADDSUB/dsp/OP/dsp48e1_body/ALIGN_ADD/DSP2/DSP/prcs_opmode_drc  File: /tools/Xilinx/Vivado/2019.2/data/vhdl/src/unisims/primitive/DSP48E1.vhd
Warning: OPMODE Input Warning : The OPMODE 0110X0X with CARRYINSEL  000 to DSP48E1 instance is invalid.
Time: 275 ns  Iteration: 12  Process: /apatb_honeybee_top/AESL_inst_honeybee/honeybee_fsub_32nbkb_U1/honeybee_ap_fsub_2_full_dsp_32_u/U0/i_synth/addsub_op/ADDSUB/dsp/OP/dsp48e1_body/ALIGN_ADD/DSP2/DSP/prcs_opmode_drc  File: /tools/Xilinx/Vivado/2019.2/data/vhdl/src/unisims/primitive/DSP48E1.vhd
Warning: OPMODE Input Warning : The OPMODE 0110X0X with CARRYINSEL  000 to DSP48E1 instance is invalid.
Time: 275 ns  Iteration: 12  Process: /apatb_honeybee_top/AESL_inst_honeybee/honeybee_faddfsubcud_U2/honeybee_ap_faddfsub_2_full_dsp_32_u/U0/i_synth/addsub_op/ADDSUB/dsp/OP/dsp48e1_body/ALIGN_ADD/DSP2/DSP/prcs_opmode_drc  File: /tools/Xilinx/Vivado/2019.2/data/vhdl/src/unisims/primitive/DSP48E1.vhd
Warning: OPMODE Input Warning : The OPMODE 0110X0X with CARRYINSEL  000 to DSP48E1 instance is invalid.
Time: 995 ns  Iteration: 12  Process: /apatb_honeybee_top/AESL_inst_honeybee/honeybee_fsub_32nbkb_U1/honeybee_ap_fsub_2_full_dsp_32_u/U0/i_synth/addsub_op/ADDSUB/dsp/OP/dsp48e1_body/ALIGN_ADD/DSP2/DSP/prcs_opmode_drc  File: /tools/Xilinx/Vivado/2019.2/data/vhdl/src/unisims/primitive/DSP48E1.vhd
Warning: OPMODE Input Warning : The OPMODE 0110X0X with CARRYINSEL  000 to DSP48E1 instance is invalid.
Time: 995 ns  Iteration: 12  Process: /apatb_honeybee_top/AESL_inst_honeybee/honeybee_faddfsubcud_U2/honeybee_ap_faddfsub_2_full_dsp_32_u/U0/i_synth/addsub_op/ADDSUB/dsp/OP/dsp48e1_body/ALIGN_ADD/DSP2/DSP/prcs_opmode_drc  File: /tools/Xilinx/Vivado/2019.2/data/vhdl/src/unisims/primitive/DSP48E1.vhd
// RTL Simulation : 1 / 1 [100.00%] @ "1195000"
////////////////////////////////////////////////////////////////////////////////////
$finish called at time : 1235 ns : File "/mnt/hgfs/Thesis/HoneyBee/honeybee_001/solution2/sim/verilog/honeybee.autotb.v" Line 560
## quit
INFO: [Common 17-206] Exiting xsim at Tue Mar 17 21:42:33 2020...
********************************************
HoneyBee Test completed with 0 errors in 612 us
************************************************
