

================================================================
== Vivado HLS Report for 'honeybee'
================================================================
* Date:           Wed Mar 25 00:05:44 2020

* Version:        2019.2 (Build 2704478 on Wed Nov 06 22:10:23 MST 2019)
* Project:        HoneyBee-B
* Solution:       solution1
* Product family: zynq
* Target device:  xc7z020-clg484-1


================================================================
== Performance Estimates
================================================================
+ Timing: 
    * Summary: 
    +--------+----------+----------+------------+
    |  Clock |  Target  | Estimated| Uncertainty|
    +--------+----------+----------+------------+
    |ap_clk  | 10.00 ns | 9.921 ns |   1.25 ns  |
    +--------+----------+----------+------------+

+ Latency: 
    * Summary: 
    +---------+---------+----------+-----------+-----+------+---------+
    |  Latency (cycles) |  Latency (absolute)  |  Interval  | Pipeline|
    |   min   |   max   |    min   |    max    | min |  max |   Type  |
    +---------+---------+----------+-----------+-----+------+---------+
    |      707|     3499| 7.070 us | 34.990 us |  707|  3499|   none  |
    +---------+---------+----------+-----------+-----+------+---------+

    + Detail: 
        * Instance: 
        N/A

        * Loop: 
        +-----------------+---------+---------+------------+-----------+-----------+------+----------+
        |                 |  Latency (cycles) |  Iteration |  Initiation Interval  | Trip |          |
        |    Loop Name    |   min   |   max   |   Latency  |  achieved |   target  | Count| Pipelined|
        +-----------------+---------+---------+------------+-----------+-----------+------+----------+
        |- Loop 1         |      706|     3498| 353 ~ 1749 |          -|          -|     2|    no    |
        | + Loop 1.1      |      346|     1742|  173 ~ 871 |          -|          -|     2|    no    |
        |  ++ Loop 1.1.1  |      166|      864|  83 ~ 432  |          -|          -|     2|    no    |
        +-----------------+---------+---------+------------+-----------+-----------+------+----------+

============================================================
+ Verbose Summary: Synthesis Manager
============================================================
InlineROM: 1
ExposeGlobal: 0
============================================================
+ Verbose Summary: CDFG Model
============================================================
IsTopModel: 1
ResetActiveHigh: 1
IsCombinational: 0
IsDatapathOnly: 0
HasWiredReturn: 1
HasMFsm: 0
HasVarLatency: 1
IsPipeline: 0
IsRtlPipelined: 0
IsInstanceOverlapped: 0
IsDontTouch: 0
HasImplIP: 0
IsGatedGlobalClock: 0


============================================================
+ Verbose Summary: Schedule
============================================================
* Number of FSM states : 21
* Pipeline : 0
* Dataflow Pipeline: 0

* FSM state transitions: 
1 --> 2 
2 --> 3 
3 --> 4 
4 --> 5 
5 --> 6 
6 --> 7 
7 --> 8 
8 --> 9 2 
9 --> 10 
10 --> 11 
11 --> 12 
12 --> 13 
13 --> 14 
14 --> 15 8 
15 --> 16 
16 --> 17 
17 --> 18 
18 --> 19 
19 --> 20 
20 --> 21 
21 --> 14 

* FSM state operations: 

State 1 <SV = 0> <Delay = 1.76>
ST_1 : Operation 22 [1/1] (0.00ns)   --->   "%collisions_1 = alloca i8"   --->   Operation 22 'alloca' 'collisions_1' <Predicate = true> <Delay = 0.00>
ST_1 : Operation 23 [1/1] (0.00ns)   --->   "call void (...)* @_ssdm_op_SpecBitsMap(float %edge_p1_x), !map !39"   --->   Operation 23 'specbitsmap' <Predicate = true> <Delay = 0.00>
ST_1 : Operation 24 [1/1] (0.00ns)   --->   "call void (...)* @_ssdm_op_SpecBitsMap(float %edge_p1_y), !map !45"   --->   Operation 24 'specbitsmap' <Predicate = true> <Delay = 0.00>
ST_1 : Operation 25 [1/1] (0.00ns)   --->   "call void (...)* @_ssdm_op_SpecBitsMap(float %edge_p1_z), !map !49"   --->   Operation 25 'specbitsmap' <Predicate = true> <Delay = 0.00>
ST_1 : Operation 26 [1/1] (0.00ns)   --->   "call void (...)* @_ssdm_op_SpecBitsMap(float %edge_p2_x), !map !53"   --->   Operation 26 'specbitsmap' <Predicate = true> <Delay = 0.00>
ST_1 : Operation 27 [1/1] (0.00ns)   --->   "call void (...)* @_ssdm_op_SpecBitsMap(float %edge_p2_y), !map !57"   --->   Operation 27 'specbitsmap' <Predicate = true> <Delay = 0.00>
ST_1 : Operation 28 [1/1] (0.00ns)   --->   "call void (...)* @_ssdm_op_SpecBitsMap(float %edge_p2_z), !map !61"   --->   Operation 28 'specbitsmap' <Predicate = true> <Delay = 0.00>
ST_1 : Operation 29 [1/1] (0.00ns)   --->   "call void (...)* @_ssdm_op_SpecBitsMap(i8 0) nounwind, !map !65"   --->   Operation 29 'specbitsmap' <Predicate = true> <Delay = 0.00>
ST_1 : Operation 30 [1/1] (0.00ns)   --->   "call void (...)* @_ssdm_op_SpecTopModule([9 x i8]* @honeybee_str) nounwind"   --->   Operation 30 'spectopmodule' <Predicate = true> <Delay = 0.00>
ST_1 : Operation 31 [1/1] (0.00ns)   --->   "%edge_p2_z_read = call float @_ssdm_op_Read.ap_auto.float(float %edge_p2_z)" [src/honeybee.c:152]   --->   Operation 31 'read' 'edge_p2_z_read' <Predicate = true> <Delay = 0.00>
ST_1 : Operation 32 [1/1] (0.00ns)   --->   "%edge_p2_y_read = call float @_ssdm_op_Read.ap_auto.float(float %edge_p2_y)" [src/honeybee.c:152]   --->   Operation 32 'read' 'edge_p2_y_read' <Predicate = true> <Delay = 0.00>
ST_1 : Operation 33 [1/1] (0.00ns)   --->   "%edge_p2_x_read = call float @_ssdm_op_Read.ap_auto.float(float %edge_p2_x)" [src/honeybee.c:152]   --->   Operation 33 'read' 'edge_p2_x_read' <Predicate = true> <Delay = 0.00>
ST_1 : Operation 34 [1/1] (0.00ns)   --->   "%edge_p1_z_read = call float @_ssdm_op_Read.ap_auto.float(float %edge_p1_z)" [src/honeybee.c:152]   --->   Operation 34 'read' 'edge_p1_z_read' <Predicate = true> <Delay = 0.00>
ST_1 : Operation 35 [1/1] (0.00ns)   --->   "%edge_p1_y_read = call float @_ssdm_op_Read.ap_auto.float(float %edge_p1_y)" [src/honeybee.c:152]   --->   Operation 35 'read' 'edge_p1_y_read' <Predicate = true> <Delay = 0.00>
ST_1 : Operation 36 [1/1] (0.00ns)   --->   "%edge_p1_x_read = call float @_ssdm_op_Read.ap_auto.float(float %edge_p1_x)" [src/honeybee.c:152]   --->   Operation 36 'read' 'edge_p1_x_read' <Predicate = true> <Delay = 0.00>
ST_1 : Operation 37 [1/1] (1.76ns)   --->   "store i8 0, i8* %collisions_1" [src/honeybee.c:152]   --->   Operation 37 'store' <Predicate = true> <Delay = 1.76>
ST_1 : Operation 38 [1/1] (1.76ns)   --->   "br label %.loopexit8" [src/honeybee.c:152]   --->   Operation 38 'br' <Predicate = true> <Delay = 1.76>

State 2 <SV = 1> <Delay = 6.41>
ST_2 : Operation 39 [1/1] (0.00ns)   --->   "%k_0 = phi i2 [ 0, %0 ], [ %k, %.loopexit8.loopexit ]"   --->   Operation 39 'phi' 'k_0' <Predicate = true> <Delay = 0.00>
ST_2 : Operation 40 [1/1] (0.00ns)   --->   "%b_0 = phi i4 [ 0, %0 ], [ %b, %.loopexit8.loopexit ]"   --->   Operation 40 'phi' 'b_0' <Predicate = true> <Delay = 0.00>
ST_2 : Operation 41 [1/1] (0.00ns)   --->   "%zext_ln152 = zext i2 %k_0 to i32" [src/honeybee.c:152]   --->   Operation 41 'zext' 'zext_ln152' <Predicate = true> <Delay = 0.00>
ST_2 : Operation 42 [1/1] (0.95ns)   --->   "%icmp_ln152 = icmp eq i2 %k_0, -2" [src/honeybee.c:152]   --->   Operation 42 'icmp' 'icmp_ln152' <Predicate = true> <Delay = 0.95> <Core = "Cmp">   --->   Core 25 'Cmp' <Latency = 0> <II = 1> <Delay = 0.95> <FuncUnit> <Opcode : 'icmp'> <InPorts = 2> <OutPorts = 1>
ST_2 : Operation 43 [1/1] (0.00ns)   --->   "%empty = call i32 (...)* @_ssdm_op_SpecLoopTripCount(i64 2, i64 2, i64 2)"   --->   Operation 43 'speclooptripcount' 'empty' <Predicate = true> <Delay = 0.00>
ST_2 : Operation 44 [1/1] (1.56ns)   --->   "%k = add i2 %k_0, 1" [src/honeybee.c:152]   --->   Operation 44 'add' 'k' <Predicate = true> <Delay = 1.56> <Core = "AddSub">   --->   Core 14 'AddSub' <Latency = 0> <II = 1> <Delay = 1.73> <FuncUnit> <Opcode : 'add' 'sub'> <InPorts = 2> <OutPorts = 1>
ST_2 : Operation 45 [1/1] (0.00ns)   --->   "br i1 %icmp_ln152, label %4, label %1" [src/honeybee.c:152]   --->   Operation 45 'br' <Predicate = true> <Delay = 0.00>
ST_2 : Operation 46 [6/6] (6.41ns)   --->   "%grid_z = sitofp i32 %zext_ln152 to float" [src/honeybee.c:157]   --->   Operation 46 'sitofp' 'grid_z' <Predicate = (!icmp_ln152)> <Delay = 6.41> <Core = "Int2Float">   --->   Core 112 'Int2Float' <Latency = 5> <II = 1> <Delay = 6.41> <FuncUnit> <Opcode : 'sitofp' 'uitofp'> <InPorts = 1> <OutPorts = 1>
ST_2 : Operation 47 [1/1] (0.00ns)   --->   "%collisions_1_load = load i8* %collisions_1" [src/honeybee.c:165]   --->   Operation 47 'load' 'collisions_1_load' <Predicate = (icmp_ln152)> <Delay = 0.00>
ST_2 : Operation 48 [1/1] (0.00ns)   --->   "ret i8 %collisions_1_load" [src/honeybee.c:165]   --->   Operation 48 'ret' <Predicate = (icmp_ln152)> <Delay = 0.00>

State 3 <SV = 2> <Delay = 6.41>
ST_3 : Operation 49 [5/6] (6.41ns)   --->   "%grid_z = sitofp i32 %zext_ln152 to float" [src/honeybee.c:157]   --->   Operation 49 'sitofp' 'grid_z' <Predicate = true> <Delay = 6.41> <Core = "Int2Float">   --->   Core 112 'Int2Float' <Latency = 5> <II = 1> <Delay = 6.41> <FuncUnit> <Opcode : 'sitofp' 'uitofp'> <InPorts = 1> <OutPorts = 1>

State 4 <SV = 3> <Delay = 6.41>
ST_4 : Operation 50 [4/6] (6.41ns)   --->   "%grid_z = sitofp i32 %zext_ln152 to float" [src/honeybee.c:157]   --->   Operation 50 'sitofp' 'grid_z' <Predicate = true> <Delay = 6.41> <Core = "Int2Float">   --->   Core 112 'Int2Float' <Latency = 5> <II = 1> <Delay = 6.41> <FuncUnit> <Opcode : 'sitofp' 'uitofp'> <InPorts = 1> <OutPorts = 1>

State 5 <SV = 4> <Delay = 6.41>
ST_5 : Operation 51 [3/6] (6.41ns)   --->   "%grid_z = sitofp i32 %zext_ln152 to float" [src/honeybee.c:157]   --->   Operation 51 'sitofp' 'grid_z' <Predicate = true> <Delay = 6.41> <Core = "Int2Float">   --->   Core 112 'Int2Float' <Latency = 5> <II = 1> <Delay = 6.41> <FuncUnit> <Opcode : 'sitofp' 'uitofp'> <InPorts = 1> <OutPorts = 1>

State 6 <SV = 5> <Delay = 6.41>
ST_6 : Operation 52 [2/6] (6.41ns)   --->   "%grid_z = sitofp i32 %zext_ln152 to float" [src/honeybee.c:157]   --->   Operation 52 'sitofp' 'grid_z' <Predicate = true> <Delay = 6.41> <Core = "Int2Float">   --->   Core 112 'Int2Float' <Latency = 5> <II = 1> <Delay = 6.41> <FuncUnit> <Opcode : 'sitofp' 'uitofp'> <InPorts = 1> <OutPorts = 1>

State 7 <SV = 6> <Delay = 6.41>
ST_7 : Operation 53 [1/1] (1.73ns)   --->   "%b = add i4 %b_0, 4" [src/honeybee.c:161]   --->   Operation 53 'add' 'b' <Predicate = true> <Delay = 1.73> <Core = "AddSub">   --->   Core 14 'AddSub' <Latency = 0> <II = 1> <Delay = 1.73> <FuncUnit> <Opcode : 'add' 'sub'> <InPorts = 2> <OutPorts = 1>
ST_7 : Operation 54 [1/6] (6.41ns)   --->   "%grid_z = sitofp i32 %zext_ln152 to float" [src/honeybee.c:157]   --->   Operation 54 'sitofp' 'grid_z' <Predicate = true> <Delay = 6.41> <Core = "Int2Float">   --->   Core 112 'Int2Float' <Latency = 5> <II = 1> <Delay = 6.41> <FuncUnit> <Opcode : 'sitofp' 'uitofp'> <InPorts = 1> <OutPorts = 1>
ST_7 : Operation 55 [1/1] (1.76ns)   --->   "br label %.loopexit" [src/honeybee.c:153]   --->   Operation 55 'br' <Predicate = true> <Delay = 1.76>

State 8 <SV = 7> <Delay = 6.41>
ST_8 : Operation 56 [1/1] (0.00ns)   --->   "%j_0 = phi i2 [ 0, %1 ], [ %j, %.loopexit.loopexit ]"   --->   Operation 56 'phi' 'j_0' <Predicate = true> <Delay = 0.00>
ST_8 : Operation 57 [1/1] (0.00ns)   --->   "%b_1 = phi i4 [ %b_0, %1 ], [ %add_ln161, %.loopexit.loopexit ]" [src/honeybee.c:161]   --->   Operation 57 'phi' 'b_1' <Predicate = true> <Delay = 0.00>
ST_8 : Operation 58 [1/1] (0.00ns)   --->   "%zext_ln153 = zext i2 %j_0 to i32" [src/honeybee.c:153]   --->   Operation 58 'zext' 'zext_ln153' <Predicate = true> <Delay = 0.00>
ST_8 : Operation 59 [1/1] (0.95ns)   --->   "%icmp_ln153 = icmp eq i2 %j_0, -2" [src/honeybee.c:153]   --->   Operation 59 'icmp' 'icmp_ln153' <Predicate = true> <Delay = 0.95> <Core = "Cmp">   --->   Core 25 'Cmp' <Latency = 0> <II = 1> <Delay = 0.95> <FuncUnit> <Opcode : 'icmp'> <InPorts = 2> <OutPorts = 1>
ST_8 : Operation 60 [1/1] (0.00ns)   --->   "%empty_8 = call i32 (...)* @_ssdm_op_SpecLoopTripCount(i64 2, i64 2, i64 2)"   --->   Operation 60 'speclooptripcount' 'empty_8' <Predicate = true> <Delay = 0.00>
ST_8 : Operation 61 [1/1] (1.56ns)   --->   "%j = add i2 %j_0, 1" [src/honeybee.c:153]   --->   Operation 61 'add' 'j' <Predicate = true> <Delay = 1.56> <Core = "AddSub">   --->   Core 14 'AddSub' <Latency = 0> <II = 1> <Delay = 1.73> <FuncUnit> <Opcode : 'add' 'sub'> <InPorts = 2> <OutPorts = 1>
ST_8 : Operation 62 [1/1] (0.00ns)   --->   "br i1 %icmp_ln153, label %.loopexit8.loopexit, label %2" [src/honeybee.c:153]   --->   Operation 62 'br' <Predicate = true> <Delay = 0.00>
ST_8 : Operation 63 [6/6] (6.41ns)   --->   "%grid_y = sitofp i32 %zext_ln153 to float" [src/honeybee.c:157]   --->   Operation 63 'sitofp' 'grid_y' <Predicate = (!icmp_ln153)> <Delay = 6.41> <Core = "Int2Float">   --->   Core 112 'Int2Float' <Latency = 5> <II = 1> <Delay = 6.41> <FuncUnit> <Opcode : 'sitofp' 'uitofp'> <InPorts = 1> <OutPorts = 1>
ST_8 : Operation 64 [1/1] (0.00ns)   --->   "br label %.loopexit8"   --->   Operation 64 'br' <Predicate = (icmp_ln153)> <Delay = 0.00>

State 9 <SV = 8> <Delay = 6.41>
ST_9 : Operation 65 [5/6] (6.41ns)   --->   "%grid_y = sitofp i32 %zext_ln153 to float" [src/honeybee.c:157]   --->   Operation 65 'sitofp' 'grid_y' <Predicate = true> <Delay = 6.41> <Core = "Int2Float">   --->   Core 112 'Int2Float' <Latency = 5> <II = 1> <Delay = 6.41> <FuncUnit> <Opcode : 'sitofp' 'uitofp'> <InPorts = 1> <OutPorts = 1>

State 10 <SV = 9> <Delay = 6.41>
ST_10 : Operation 66 [4/6] (6.41ns)   --->   "%grid_y = sitofp i32 %zext_ln153 to float" [src/honeybee.c:157]   --->   Operation 66 'sitofp' 'grid_y' <Predicate = true> <Delay = 6.41> <Core = "Int2Float">   --->   Core 112 'Int2Float' <Latency = 5> <II = 1> <Delay = 6.41> <FuncUnit> <Opcode : 'sitofp' 'uitofp'> <InPorts = 1> <OutPorts = 1>

State 11 <SV = 10> <Delay = 6.41>
ST_11 : Operation 67 [3/6] (6.41ns)   --->   "%grid_y = sitofp i32 %zext_ln153 to float" [src/honeybee.c:157]   --->   Operation 67 'sitofp' 'grid_y' <Predicate = true> <Delay = 6.41> <Core = "Int2Float">   --->   Core 112 'Int2Float' <Latency = 5> <II = 1> <Delay = 6.41> <FuncUnit> <Opcode : 'sitofp' 'uitofp'> <InPorts = 1> <OutPorts = 1>

State 12 <SV = 11> <Delay = 6.41>
ST_12 : Operation 68 [2/6] (6.41ns)   --->   "%grid_y = sitofp i32 %zext_ln153 to float" [src/honeybee.c:157]   --->   Operation 68 'sitofp' 'grid_y' <Predicate = true> <Delay = 6.41> <Core = "Int2Float">   --->   Core 112 'Int2Float' <Latency = 5> <II = 1> <Delay = 6.41> <FuncUnit> <Opcode : 'sitofp' 'uitofp'> <InPorts = 1> <OutPorts = 1>

State 13 <SV = 12> <Delay = 6.41>
ST_13 : Operation 69 [1/1] (1.73ns)   --->   "%add_ln161 = add i4 %b_1, 2" [src/honeybee.c:161]   --->   Operation 69 'add' 'add_ln161' <Predicate = true> <Delay = 1.73> <Core = "AddSub">   --->   Core 14 'AddSub' <Latency = 0> <II = 1> <Delay = 1.73> <FuncUnit> <Opcode : 'add' 'sub'> <InPorts = 2> <OutPorts = 1>
ST_13 : Operation 70 [1/6] (6.41ns)   --->   "%grid_y = sitofp i32 %zext_ln153 to float" [src/honeybee.c:157]   --->   Operation 70 'sitofp' 'grid_y' <Predicate = true> <Delay = 6.41> <Core = "Int2Float">   --->   Core 112 'Int2Float' <Latency = 5> <II = 1> <Delay = 6.41> <FuncUnit> <Opcode : 'sitofp' 'uitofp'> <InPorts = 1> <OutPorts = 1>
ST_13 : Operation 71 [1/1] (1.76ns)   --->   "br label %3" [src/honeybee.c:154]   --->   Operation 71 'br' <Predicate = true> <Delay = 1.76>

State 14 <SV = 13> <Delay = 6.41>
ST_14 : Operation 72 [1/1] (0.00ns)   --->   "%i_0 = phi i2 [ 0, %2 ], [ %i, %_ifconv ]"   --->   Operation 72 'phi' 'i_0' <Predicate = true> <Delay = 0.00>
ST_14 : Operation 73 [1/1] (0.00ns)   --->   "%b_2 = phi i4 [ %b_1, %2 ], [ %add_ln161_1, %_ifconv ]" [src/honeybee.c:161]   --->   Operation 73 'phi' 'b_2' <Predicate = true> <Delay = 0.00>
ST_14 : Operation 74 [1/1] (0.00ns)   --->   "%zext_ln154 = zext i2 %i_0 to i32" [src/honeybee.c:154]   --->   Operation 74 'zext' 'zext_ln154' <Predicate = true> <Delay = 0.00>
ST_14 : Operation 75 [1/1] (0.95ns)   --->   "%icmp_ln154 = icmp eq i2 %i_0, -2" [src/honeybee.c:154]   --->   Operation 75 'icmp' 'icmp_ln154' <Predicate = true> <Delay = 0.95> <Core = "Cmp">   --->   Core 25 'Cmp' <Latency = 0> <II = 1> <Delay = 0.95> <FuncUnit> <Opcode : 'icmp'> <InPorts = 2> <OutPorts = 1>
ST_14 : Operation 76 [1/1] (0.00ns)   --->   "%empty_9 = call i32 (...)* @_ssdm_op_SpecLoopTripCount(i64 2, i64 2, i64 2)"   --->   Operation 76 'speclooptripcount' 'empty_9' <Predicate = true> <Delay = 0.00>
ST_14 : Operation 77 [1/1] (1.56ns)   --->   "%i = add i2 %i_0, 1" [src/honeybee.c:154]   --->   Operation 77 'add' 'i' <Predicate = true> <Delay = 1.56> <Core = "AddSub">   --->   Core 14 'AddSub' <Latency = 0> <II = 1> <Delay = 1.73> <FuncUnit> <Opcode : 'add' 'sub'> <InPorts = 2> <OutPorts = 1>
ST_14 : Operation 78 [1/1] (0.00ns)   --->   "br i1 %icmp_ln154, label %.loopexit.loopexit, label %_ifconv" [src/honeybee.c:154]   --->   Operation 78 'br' <Predicate = true> <Delay = 0.00>
ST_14 : Operation 79 [6/6] (6.41ns)   --->   "%grid_x = sitofp i32 %zext_ln154 to float" [src/honeybee.c:157]   --->   Operation 79 'sitofp' 'grid_x' <Predicate = (!icmp_ln154)> <Delay = 6.41> <Core = "Int2Float">   --->   Core 112 'Int2Float' <Latency = 5> <II = 1> <Delay = 6.41> <FuncUnit> <Opcode : 'sitofp' 'uitofp'> <InPorts = 1> <OutPorts = 1>
ST_14 : Operation 80 [1/1] (0.00ns)   --->   "br label %.loopexit"   --->   Operation 80 'br' <Predicate = (icmp_ln154)> <Delay = 0.00>

State 15 <SV = 14> <Delay = 6.41>
ST_15 : Operation 81 [5/6] (6.41ns)   --->   "%grid_x = sitofp i32 %zext_ln154 to float" [src/honeybee.c:157]   --->   Operation 81 'sitofp' 'grid_x' <Predicate = true> <Delay = 6.41> <Core = "Int2Float">   --->   Core 112 'Int2Float' <Latency = 5> <II = 1> <Delay = 6.41> <FuncUnit> <Opcode : 'sitofp' 'uitofp'> <InPorts = 1> <OutPorts = 1>

State 16 <SV = 15> <Delay = 6.41>
ST_16 : Operation 82 [4/6] (6.41ns)   --->   "%grid_x = sitofp i32 %zext_ln154 to float" [src/honeybee.c:157]   --->   Operation 82 'sitofp' 'grid_x' <Predicate = true> <Delay = 6.41> <Core = "Int2Float">   --->   Core 112 'Int2Float' <Latency = 5> <II = 1> <Delay = 6.41> <FuncUnit> <Opcode : 'sitofp' 'uitofp'> <InPorts = 1> <OutPorts = 1>

State 17 <SV = 16> <Delay = 6.41>
ST_17 : Operation 83 [3/6] (6.41ns)   --->   "%grid_x = sitofp i32 %zext_ln154 to float" [src/honeybee.c:157]   --->   Operation 83 'sitofp' 'grid_x' <Predicate = true> <Delay = 6.41> <Core = "Int2Float">   --->   Core 112 'Int2Float' <Latency = 5> <II = 1> <Delay = 6.41> <FuncUnit> <Opcode : 'sitofp' 'uitofp'> <InPorts = 1> <OutPorts = 1>

State 18 <SV = 17> <Delay = 6.41>
ST_18 : Operation 84 [2/6] (6.41ns)   --->   "%grid_x = sitofp i32 %zext_ln154 to float" [src/honeybee.c:157]   --->   Operation 84 'sitofp' 'grid_x' <Predicate = true> <Delay = 6.41> <Core = "Int2Float">   --->   Core 112 'Int2Float' <Latency = 5> <II = 1> <Delay = 6.41> <FuncUnit> <Opcode : 'sitofp' 'uitofp'> <InPorts = 1> <OutPorts = 1>

State 19 <SV = 18> <Delay = 6.41>
ST_19 : Operation 85 [1/6] (6.41ns)   --->   "%grid_x = sitofp i32 %zext_ln154 to float" [src/honeybee.c:157]   --->   Operation 85 'sitofp' 'grid_x' <Predicate = true> <Delay = 6.41> <Core = "Int2Float">   --->   Core 112 'Int2Float' <Latency = 5> <II = 1> <Delay = 6.41> <FuncUnit> <Opcode : 'sitofp' 'uitofp'> <InPorts = 1> <OutPorts = 1>

State 20 <SV = 19> <Delay = 8.75>
ST_20 : Operation 86 [2/2] (8.75ns)   --->   "%tmp_s = call fastcc i1 @segmentIntersectsGri(float %edge_p1_x_read, float %edge_p1_y_read, float %edge_p1_z_read, float %edge_p2_x_read, float %edge_p2_y_read, float %edge_p2_z_read, float %grid_x, float %grid_y, float %grid_z)" [src/honeybee.c:158]   --->   Operation 86 'call' 'tmp_s' <Predicate = true> <Delay = 8.75> <CoreType = "Generic">   --->   Core 0 '' <Latency = 0> <II = 1> <Delay = 1.00> <Generic> <Opcode : >

State 21 <SV = 20> <Delay = 5.14>
ST_21 : Operation 87 [1/1] (0.00ns)   --->   "%collisions_1_load_1 = load i8* %collisions_1" [src/honeybee.c:158]   --->   Operation 87 'load' 'collisions_1_load_1' <Predicate = true> <Delay = 0.00>
ST_21 : Operation 88 [1/2] (0.97ns)   --->   "%tmp_s = call fastcc i1 @segmentIntersectsGri(float %edge_p1_x_read, float %edge_p1_y_read, float %edge_p1_z_read, float %edge_p2_x_read, float %edge_p2_y_read, float %edge_p2_z_read, float %grid_x, float %grid_y, float %grid_z)" [src/honeybee.c:158]   --->   Operation 88 'call' 'tmp_s' <Predicate = true> <Delay = 0.97> <CoreType = "Generic">   --->   Core 0 '' <Latency = 0> <II = 1> <Delay = 1.00> <Generic> <Opcode : >
ST_21 : Operation 89 [1/1] (0.00ns) (grouped into LUT with out node collisions)   --->   "%zext_ln154_1 = zext i4 %b_2 to i8" [src/honeybee.c:154]   --->   Operation 89 'zext' 'zext_ln154_1' <Predicate = true> <Delay = 0.00>
ST_21 : Operation 90 [1/1] (0.00ns) (grouped into LUT with out node collisions)   --->   "%shl_ln159 = shl i8 1, %zext_ln154_1" [src/honeybee.c:159]   --->   Operation 90 'shl' 'shl_ln159' <Predicate = true> <Delay = 0.00> <Core = "Shift">   --->   Core 28 'Shift' <Latency = 0> <II = 1> <Delay = 2.39> <FuncUnit> <Opcode : 'shl' 'lshr' 'ashr'> <InPorts = 2> <OutPorts = 1>
ST_21 : Operation 91 [1/1] (0.00ns) (grouped into LUT with out node collisions)   --->   "%select_ln158 = select i1 %tmp_s, i8 %shl_ln159, i8 0" [src/honeybee.c:158]   --->   Operation 91 'select' 'select_ln158' <Predicate = true> <Delay = 0.00> <Core = "Sel">   --->   Core 26 'Sel' <Latency = 0> <II = 1> <Delay = 1.24> <FuncUnit> <Opcode : 'select'> <InPorts = 3> <OutPorts = 1>
ST_21 : Operation 92 [1/1] (2.39ns) (out node of the LUT)   --->   "%collisions = or i8 %select_ln158, %collisions_1_load_1" [src/honeybee.c:158]   --->   Operation 92 'or' 'collisions' <Predicate = true> <Delay = 2.39> <Core = "LogicGate">   --->   Core 27 'LogicGate' <Latency = 0> <II = 1> <Delay = 0.99> <FuncUnit> <Opcode : 'and' 'or' 'xor'> <InPorts = 2> <OutPorts = 1>
ST_21 : Operation 93 [1/1] (1.73ns)   --->   "%add_ln161_1 = add i4 %b_2, 1" [src/honeybee.c:161]   --->   Operation 93 'add' 'add_ln161_1' <Predicate = true> <Delay = 1.73> <Core = "AddSub">   --->   Core 14 'AddSub' <Latency = 0> <II = 1> <Delay = 1.73> <FuncUnit> <Opcode : 'add' 'sub'> <InPorts = 2> <OutPorts = 1>
ST_21 : Operation 94 [1/1] (1.76ns)   --->   "store i8 %collisions, i8* %collisions_1" [src/honeybee.c:154]   --->   Operation 94 'store' <Predicate = true> <Delay = 1.76>
ST_21 : Operation 95 [1/1] (0.00ns)   --->   "br label %3" [src/honeybee.c:154]   --->   Operation 95 'br' <Predicate = true> <Delay = 0.00>


============================================================
+ Verbose Summary: Timing violations
============================================================
Target clock period: 10ns, clock uncertainty: 1.25ns.

 <State 1>: 1.77ns
The critical path consists of the following:
	'alloca' operation ('collisions') [7]  (0 ns)
	'store' operation ('store_ln152', src/honeybee.c:152) of constant 0 on local variable 'collisions' [22]  (1.77 ns)

 <State 2>: 6.41ns
The critical path consists of the following:
	'phi' operation ('k') with incoming values : ('k', src/honeybee.c:152) [25]  (0 ns)
	'sitofp' operation ('grid.z', src/honeybee.c:157) [34]  (6.41 ns)

 <State 3>: 6.41ns
The critical path consists of the following:
	'sitofp' operation ('grid.z', src/honeybee.c:157) [34]  (6.41 ns)

 <State 4>: 6.41ns
The critical path consists of the following:
	'sitofp' operation ('grid.z', src/honeybee.c:157) [34]  (6.41 ns)

 <State 5>: 6.41ns
The critical path consists of the following:
	'sitofp' operation ('grid.z', src/honeybee.c:157) [34]  (6.41 ns)

 <State 6>: 6.41ns
The critical path consists of the following:
	'sitofp' operation ('grid.z', src/honeybee.c:157) [34]  (6.41 ns)

 <State 7>: 6.41ns
The critical path consists of the following:
	'sitofp' operation ('grid.z', src/honeybee.c:157) [34]  (6.41 ns)

 <State 8>: 6.41ns
The critical path consists of the following:
	'phi' operation ('j') with incoming values : ('j', src/honeybee.c:153) [37]  (0 ns)
	'sitofp' operation ('grid.y', src/honeybee.c:157) [46]  (6.41 ns)

 <State 9>: 6.41ns
The critical path consists of the following:
	'sitofp' operation ('grid.y', src/honeybee.c:157) [46]  (6.41 ns)

 <State 10>: 6.41ns
The critical path consists of the following:
	'sitofp' operation ('grid.y', src/honeybee.c:157) [46]  (6.41 ns)

 <State 11>: 6.41ns
The critical path consists of the following:
	'sitofp' operation ('grid.y', src/honeybee.c:157) [46]  (6.41 ns)

 <State 12>: 6.41ns
The critical path consists of the following:
	'sitofp' operation ('grid.y', src/honeybee.c:157) [46]  (6.41 ns)

 <State 13>: 6.41ns
The critical path consists of the following:
	'sitofp' operation ('grid.y', src/honeybee.c:157) [46]  (6.41 ns)

 <State 14>: 6.41ns
The critical path consists of the following:
	'phi' operation ('i') with incoming values : ('i', src/honeybee.c:154) [49]  (0 ns)
	'sitofp' operation ('grid.x', src/honeybee.c:157) [58]  (6.41 ns)

 <State 15>: 6.41ns
The critical path consists of the following:
	'sitofp' operation ('grid.x', src/honeybee.c:157) [58]  (6.41 ns)

 <State 16>: 6.41ns
The critical path consists of the following:
	'sitofp' operation ('grid.x', src/honeybee.c:157) [58]  (6.41 ns)

 <State 17>: 6.41ns
The critical path consists of the following:
	'sitofp' operation ('grid.x', src/honeybee.c:157) [58]  (6.41 ns)

 <State 18>: 6.41ns
The critical path consists of the following:
	'sitofp' operation ('grid.x', src/honeybee.c:157) [58]  (6.41 ns)

 <State 19>: 6.41ns
The critical path consists of the following:
	'sitofp' operation ('grid.x', src/honeybee.c:157) [58]  (6.41 ns)

 <State 20>: 8.75ns
The critical path consists of the following:
	'call' operation ('tmp_s', src/honeybee.c:158) to 'segmentIntersectsGri' [59]  (8.75 ns)

 <State 21>: 5.14ns
The critical path consists of the following:
	'call' operation ('tmp_s', src/honeybee.c:158) to 'segmentIntersectsGri' [59]  (0.978 ns)
	'select' operation ('select_ln158', src/honeybee.c:158) [62]  (0 ns)
	'or' operation ('collisions', src/honeybee.c:158) [63]  (2.4 ns)
	'store' operation ('store_ln154', src/honeybee.c:154) of variable 'collisions', src/honeybee.c:158 on local variable 'collisions' [65]  (1.77 ns)


============================================================
+ Verbose Summary: Binding
============================================================
N/A
* FSMD analyzer results:
  - Output states:
 - Input state : 
  - Chain level:
	State 1
	State 2
	State 3
	State 4
	State 5
	State 6
	State 7
	State 8
	State 9
	State 10
	State 11
	State 12
	State 13
	State 14
	State 15
	State 16
	State 17
	State 18
	State 19
	State 20
	State 21


============================================================
+ Verbose Summary: Datapath Resource usage 
============================================================
N/A
