

================================================================
== Vivado HLS Report for 'honeybee'
================================================================
* Date:           Wed Mar 25 00:05:49 2020

* Version:        2019.2 (Build 2704478 on Wed Nov 06 22:10:23 MST 2019)
* Project:        HoneyBee-B
* Solution:       solution1
* Product family: zynq
* Target device:  xc7z020-clg484-1


================================================================
== Performance Estimates
================================================================
+ Timing: 
    * Summary: 
    +--------+----------+----------+------------+
    |  Clock |  Target  | Estimated| Uncertainty|
    +--------+----------+----------+------------+
    |ap_clk  | 10.00 ns | 9.921 ns |   1.25 ns  |
    +--------+----------+----------+------------+

+ Latency: 
    * Summary: 
    +---------+---------+----------+-----------+-----+------+---------+
    |  Latency (cycles) |  Latency (absolute)  |  Interval  | Pipeline|
    |   min   |   max   |    min   |    max    | min |  max |   Type  |
    +---------+---------+----------+-----------+-----+------+---------+
    |      707|     3499| 7.070 us | 34.990 us |  707|  3499|   none  |
    +---------+---------+----------+-----------+-----+------+---------+

    + Detail: 
        * Instance: 
        +---------------------------------+----------------------+---------+---------+----------+----------+-----+-----+---------+
        |                                 |                      |  Latency (cycles) |  Latency (absolute) |  Interval | Pipeline|
        |             Instance            |        Module        |   min   |   max   |    min   |    max   | min | max |   Type  |
        +---------------------------------+----------------------+---------+---------+----------+----------+-----+-----+---------+
        |grp_segmentIntersectsGri_fu_153  |segmentIntersectsGri  |       75|      424| 0.750 us | 4.240 us |   75|  424|   none  |
        +---------------------------------+----------------------+---------+---------+----------+----------+-----+-----+---------+

        * Loop: 
        +-----------------+---------+---------+------------+-----------+-----------+------+----------+
        |                 |  Latency (cycles) |  Iteration |  Initiation Interval  | Trip |          |
        |    Loop Name    |   min   |   max   |   Latency  |  achieved |   target  | Count| Pipelined|
        +-----------------+---------+---------+------------+-----------+-----------+------+----------+
        |- Loop 1         |      706|     3498| 353 ~ 1749 |          -|          -|     2|    no    |
        | + Loop 1.1      |      346|     1742|  173 ~ 871 |          -|          -|     2|    no    |
        |  ++ Loop 1.1.1  |      166|      864|  83 ~ 432  |          -|          -|     2|    no    |
        +-----------------+---------+---------+------------+-----------+-----------+------+----------+



================================================================
== Utilization Estimates
================================================================
* Summary: 
+-----------------+---------+-------+--------+-------+-----+
|       Name      | BRAM_18K| DSP48E|   FF   |  LUT  | URAM|
+-----------------+---------+-------+--------+-------+-----+
|DSP              |        -|      -|       -|      -|    -|
|Expression       |        -|      -|       0|    131|    -|
|FIFO             |        -|      -|       -|      -|    -|
|Instance         |        -|     34|    5928|  13286|    -|
|Memory           |        -|      -|       -|      -|    -|
|Multiplexer      |        -|      -|       -|    189|    -|
|Register         |        -|      -|     158|      -|    -|
+-----------------+---------+-------+--------+-------+-----+
|Total            |        0|     34|    6086|  13606|    0|
+-----------------+---------+-------+--------+-------+-----+
|Available        |      280|    220|  106400|  53200|    0|
+-----------------+---------+-------+--------+-------+-----+
|Utilization (%)  |        0|     15|       5|     25|    0|
+-----------------+---------+-------+--------+-------+-----+

+ Detail: 
    * Instance: 
    +---------------------------------+----------------------+---------+-------+------+-------+-----+
    |             Instance            |        Module        | BRAM_18K| DSP48E|  FF  |  LUT  | URAM|
    +---------------------------------+----------------------+---------+-------+------+-------+-----+
    |honeybee_sitofp_3hbi_U56         |honeybee_sitofp_3hbi  |        0|      0|   340|    554|    0|
    |grp_segmentIntersectsGri_fu_153  |segmentIntersectsGri  |        0|     34|  5588|  12732|    0|
    +---------------------------------+----------------------+---------+-------+------+-------+-----+
    |Total                            |                      |        0|     34|  5928|  13286|    0|
    +---------------------------------+----------------------+---------+-------+------+-------+-----+

    * DSP48E: 
    N/A

    * Memory: 
    N/A

    * FIFO: 
    N/A

    * Expression: 
    +------------------------+----------+-------+---+----+------------+------------+
    |      Variable Name     | Operation| DSP48E| FF| LUT| Bitwidth P0| Bitwidth P1|
    +------------------------+----------+-------+---+----+------------+------------+
    |add_ln161_1_fu_264_p2   |     +    |      0|  0|  13|           4|           1|
    |add_ln161_fu_217_p2     |     +    |      0|  0|  13|           4|           2|
    |b_fu_194_p2             |     +    |      0|  0|  13|           4|           3|
    |i_fu_234_p2             |     +    |      0|  0|  10|           2|           1|
    |j_fu_211_p2             |     +    |      0|  0|  10|           2|           1|
    |k_fu_188_p2             |     +    |      0|  0|  10|           2|           1|
    |icmp_ln152_fu_182_p2    |   icmp   |      0|  0|   9|           2|           3|
    |icmp_ln153_fu_205_p2    |   icmp   |      0|  0|   9|           2|           3|
    |icmp_ln154_fu_228_p2    |   icmp   |      0|  0|   9|           2|           3|
    |collisions_fu_258_p2    |    or    |      0|  0|   8|           8|           8|
    |select_ln158_fu_250_p3  |  select  |      0|  0|   8|           1|           8|
    |shl_ln159_fu_244_p2     |    shl   |      0|  0|  19|           1|           8|
    +------------------------+----------+-------+---+----+------------+------------+
    |Total                   |          |      0|  0| 131|          34|          42|
    +------------------------+----------+-------+---+----+------------+------------+

    * Multiplexer: 
    +--------------------+-----+-----------+-----+-----------+
    |        Name        | LUT | Input Size| Bits| Total Bits|
    +--------------------+-----+-----------+-----+-----------+
    |ap_NS_fsm           |  105|         22|    1|         22|
    |b_0_reg_97          |    9|          2|    4|          8|
    |b_1_reg_120         |    9|          2|    4|          8|
    |b_2_reg_142         |    9|          2|    4|          8|
    |collisions_1_fu_46  |    9|          2|    8|         16|
    |grp_fu_166_p0       |   21|          4|   32|        128|
    |i_0_reg_131         |    9|          2|    2|          4|
    |j_0_reg_109         |    9|          2|    2|          4|
    |k_0_reg_86          |    9|          2|    2|          4|
    +--------------------+-----+-----------+-----+-----------+
    |Total               |  189|         40|   59|        202|
    +--------------------+-----+-----------+-----+-----------+

    * Register: 
    +----------------------------------------------+----+----+-----+-----------+
    |                     Name                     | FF | LUT| Bits| Const Bits|
    +----------------------------------------------+----+----+-----+-----------+
    |add_ln161_reg_348                             |   4|   0|    4|          0|
    |ap_CS_fsm                                     |  21|   0|   21|          0|
    |b_0_reg_97                                    |   4|   0|    4|          0|
    |b_1_reg_120                                   |   4|   0|    4|          0|
    |b_2_reg_142                                   |   4|   0|    4|          0|
    |b_reg_325                                     |   4|   0|    4|          0|
    |collisions_1_fu_46                            |   8|   0|    8|          0|
    |grid_x_reg_371                                |  32|   0|   32|          0|
    |grid_y_reg_353                                |  32|   0|   32|          0|
    |grid_z_reg_330                                |  32|   0|   32|          0|
    |grp_segmentIntersectsGri_fu_153_ap_start_reg  |   1|   0|    1|          0|
    |i_0_reg_131                                   |   2|   0|    2|          0|
    |i_reg_366                                     |   2|   0|    2|          0|
    |j_0_reg_109                                   |   2|   0|    2|          0|
    |j_reg_343                                     |   2|   0|    2|          0|
    |k_0_reg_86                                    |   2|   0|    2|          0|
    |k_reg_320                                     |   2|   0|    2|          0|
    +----------------------------------------------+----+----+-----+-----------+
    |Total                                         | 158|   0|  158|          0|
    +----------------------------------------------+----+----+-----+-----------+



================================================================
== Interface
================================================================
* Summary: 
+-----------+-----+-----+------------+--------------+--------------+
| RTL Ports | Dir | Bits|  Protocol  | Source Object|    C Type    |
+-----------+-----+-----+------------+--------------+--------------+
|ap_clk     |  in |    1| ap_ctrl_hs |   honeybee   | return value |
|ap_rst     |  in |    1| ap_ctrl_hs |   honeybee   | return value |
|ap_start   |  in |    1| ap_ctrl_hs |   honeybee   | return value |
|ap_done    | out |    1| ap_ctrl_hs |   honeybee   | return value |
|ap_idle    | out |    1| ap_ctrl_hs |   honeybee   | return value |
|ap_ready   | out |    1| ap_ctrl_hs |   honeybee   | return value |
|ap_return  | out |    8| ap_ctrl_hs |   honeybee   | return value |
|edge_p1_x  |  in |   32|   ap_none  |   edge_p1_x  |    scalar    |
|edge_p1_y  |  in |   32|   ap_none  |   edge_p1_y  |    scalar    |
|edge_p1_z  |  in |   32|   ap_none  |   edge_p1_z  |    scalar    |
|edge_p2_x  |  in |   32|   ap_none  |   edge_p2_x  |    scalar    |
|edge_p2_y  |  in |   32|   ap_none  |   edge_p2_y  |    scalar    |
|edge_p2_z  |  in |   32|   ap_none  |   edge_p2_z  |    scalar    |
+-----------+-----+-----+------------+--------------+--------------+

============================================================
+ Verbose Summary: Synthesis Manager
============================================================
InlineROM: 1
ExposeGlobal: 0
============================================================
+ Verbose Summary: CDFG Model
============================================================
IsTopModel: 1
ResetActiveHigh: 1
IsCombinational: 2
IsDatapathOnly: 2
HasWiredReturn: 1
HasMFsm: 0
HasVarLatency: 1
IsPipeline: 0
IsRtlPipelined: 0
IsInstanceOverlapped: 0
IsDontTouch: 0
HasImplIP: 0
IsGatedGlobalClock: 0


============================================================
+ Verbose Summary: Schedule
============================================================
* Number of FSM states : 21
* Pipeline : 0
* Dataflow Pipeline: 0

* FSM state transitions: 
1 --> 2 
2 --> 3 
3 --> 4 
4 --> 5 
5 --> 6 
6 --> 7 
7 --> 8 
8 --> 9 2 
9 --> 10 
10 --> 11 
11 --> 12 
12 --> 13 
13 --> 14 
14 --> 15 8 
15 --> 16 
16 --> 17 
17 --> 18 
18 --> 19 
19 --> 20 
20 --> 21 
21 --> 14 

* FSM state operations: 

State 1 <SV = 0> <Delay = 1.76>
ST_1 : Operation 22 [1/1] (0.00ns)   --->   "%collisions_1 = alloca i8"   --->   Operation 22 'alloca' 'collisions_1' <Predicate = true> <Delay = 0.00>
ST_1 : Operation 23 [1/1] (0.00ns)   --->   "call void (...)* @_ssdm_op_SpecBitsMap(float %edge_p1_x), !map !39"   --->   Operation 23 'specbitsmap' <Predicate = true> <Delay = 0.00>
ST_1 : Operation 24 [1/1] (0.00ns)   --->   "call void (...)* @_ssdm_op_SpecBitsMap(float %edge_p1_y), !map !45"   --->   Operation 24 'specbitsmap' <Predicate = true> <Delay = 0.00>
ST_1 : Operation 25 [1/1] (0.00ns)   --->   "call void (...)* @_ssdm_op_SpecBitsMap(float %edge_p1_z), !map !49"   --->   Operation 25 'specbitsmap' <Predicate = true> <Delay = 0.00>
ST_1 : Operation 26 [1/1] (0.00ns)   --->   "call void (...)* @_ssdm_op_SpecBitsMap(float %edge_p2_x), !map !53"   --->   Operation 26 'specbitsmap' <Predicate = true> <Delay = 0.00>
ST_1 : Operation 27 [1/1] (0.00ns)   --->   "call void (...)* @_ssdm_op_SpecBitsMap(float %edge_p2_y), !map !57"   --->   Operation 27 'specbitsmap' <Predicate = true> <Delay = 0.00>
ST_1 : Operation 28 [1/1] (0.00ns)   --->   "call void (...)* @_ssdm_op_SpecBitsMap(float %edge_p2_z), !map !61"   --->   Operation 28 'specbitsmap' <Predicate = true> <Delay = 0.00>
ST_1 : Operation 29 [1/1] (0.00ns)   --->   "call void (...)* @_ssdm_op_SpecBitsMap(i8 0) nounwind, !map !65"   --->   Operation 29 'specbitsmap' <Predicate = true> <Delay = 0.00>
ST_1 : Operation 30 [1/1] (0.00ns)   --->   "call void (...)* @_ssdm_op_SpecTopModule([9 x i8]* @honeybee_str) nounwind"   --->   Operation 30 'spectopmodule' <Predicate = true> <Delay = 0.00>
ST_1 : Operation 31 [1/1] (0.00ns)   --->   "%edge_p2_z_read = call float @_ssdm_op_Read.ap_auto.float(float %edge_p2_z)" [src/honeybee.c:152]   --->   Operation 31 'read' 'edge_p2_z_read' <Predicate = true> <Delay = 0.00>
ST_1 : Operation 32 [1/1] (0.00ns)   --->   "%edge_p2_y_read = call float @_ssdm_op_Read.ap_auto.float(float %edge_p2_y)" [src/honeybee.c:152]   --->   Operation 32 'read' 'edge_p2_y_read' <Predicate = true> <Delay = 0.00>
ST_1 : Operation 33 [1/1] (0.00ns)   --->   "%edge_p2_x_read = call float @_ssdm_op_Read.ap_auto.float(float %edge_p2_x)" [src/honeybee.c:152]   --->   Operation 33 'read' 'edge_p2_x_read' <Predicate = true> <Delay = 0.00>
ST_1 : Operation 34 [1/1] (0.00ns)   --->   "%edge_p1_z_read = call float @_ssdm_op_Read.ap_auto.float(float %edge_p1_z)" [src/honeybee.c:152]   --->   Operation 34 'read' 'edge_p1_z_read' <Predicate = true> <Delay = 0.00>
ST_1 : Operation 35 [1/1] (0.00ns)   --->   "%edge_p1_y_read = call float @_ssdm_op_Read.ap_auto.float(float %edge_p1_y)" [src/honeybee.c:152]   --->   Operation 35 'read' 'edge_p1_y_read' <Predicate = true> <Delay = 0.00>
ST_1 : Operation 36 [1/1] (0.00ns)   --->   "%edge_p1_x_read = call float @_ssdm_op_Read.ap_auto.float(float %edge_p1_x)" [src/honeybee.c:152]   --->   Operation 36 'read' 'edge_p1_x_read' <Predicate = true> <Delay = 0.00>
ST_1 : Operation 37 [1/1] (1.76ns)   --->   "store i8 0, i8* %collisions_1" [src/honeybee.c:152]   --->   Operation 37 'store' <Predicate = true> <Delay = 1.76>
ST_1 : Operation 38 [1/1] (1.76ns)   --->   "br label %.loopexit8" [src/honeybee.c:152]   --->   Operation 38 'br' <Predicate = true> <Delay = 1.76>

State 2 <SV = 1> <Delay = 6.41>
ST_2 : Operation 39 [1/1] (0.00ns)   --->   "%k_0 = phi i2 [ 0, %0 ], [ %k, %.loopexit8.loopexit ]"   --->   Operation 39 'phi' 'k_0' <Predicate = true> <Delay = 0.00>
ST_2 : Operation 40 [1/1] (0.00ns)   --->   "%b_0 = phi i4 [ 0, %0 ], [ %b, %.loopexit8.loopexit ]"   --->   Operation 40 'phi' 'b_0' <Predicate = true> <Delay = 0.00>
ST_2 : Operation 41 [1/1] (0.00ns)   --->   "%zext_ln152 = zext i2 %k_0 to i32" [src/honeybee.c:152]   --->   Operation 41 'zext' 'zext_ln152' <Predicate = true> <Delay = 0.00>
ST_2 : Operation 42 [1/1] (0.95ns)   --->   "%icmp_ln152 = icmp eq i2 %k_0, -2" [src/honeybee.c:152]   --->   Operation 42 'icmp' 'icmp_ln152' <Predicate = true> <Delay = 0.95> <Core = "Cmp">   --->   Core 25 'Cmp' <Latency = 0> <II = 1> <Delay = 1.13> <FuncUnit> <Opcode : 'icmp'> <InPorts = 2> <OutPorts = 1>
ST_2 : Operation 43 [1/1] (0.00ns)   --->   "%empty = call i32 (...)* @_ssdm_op_SpecLoopTripCount(i64 2, i64 2, i64 2)"   --->   Operation 43 'speclooptripcount' 'empty' <Predicate = true> <Delay = 0.00>
ST_2 : Operation 44 [1/1] (1.56ns)   --->   "%k = add i2 %k_0, 1" [src/honeybee.c:152]   --->   Operation 44 'add' 'k' <Predicate = true> <Delay = 1.56> <Core = "AddSub">   --->   Core 14 'AddSub' <Latency = 0> <II = 1> <Delay = 1.56> <FuncUnit> <Opcode : 'add' 'sub'> <InPorts = 2> <OutPorts = 1>
ST_2 : Operation 45 [1/1] (0.00ns)   --->   "br i1 %icmp_ln152, label %4, label %1" [src/honeybee.c:152]   --->   Operation 45 'br' <Predicate = true> <Delay = 0.00>
ST_2 : Operation 46 [6/6] (6.41ns)   --->   "%grid_z = sitofp i32 %zext_ln152 to float" [src/honeybee.c:157]   --->   Operation 46 'sitofp' 'grid_z' <Predicate = (!icmp_ln152)> <Delay = 6.41> <Core = "Int2Float">   --->   Core 112 'Int2Float' <Latency = 5> <II = 1> <Delay = 6.41> <FuncUnit> <Opcode : 'sitofp' 'uitofp'> <InPorts = 1> <OutPorts = 1>
ST_2 : Operation 47 [1/1] (0.00ns)   --->   "%collisions_1_load = load i8* %collisions_1" [src/honeybee.c:165]   --->   Operation 47 'load' 'collisions_1_load' <Predicate = (icmp_ln152)> <Delay = 0.00>
ST_2 : Operation 48 [1/1] (0.00ns)   --->   "ret i8 %collisions_1_load" [src/honeybee.c:165]   --->   Operation 48 'ret' <Predicate = (icmp_ln152)> <Delay = 0.00>

State 3 <SV = 2> <Delay = 6.41>
ST_3 : Operation 49 [5/6] (6.41ns)   --->   "%grid_z = sitofp i32 %zext_ln152 to float" [src/honeybee.c:157]   --->   Operation 49 'sitofp' 'grid_z' <Predicate = true> <Delay = 6.41> <Core = "Int2Float">   --->   Core 112 'Int2Float' <Latency = 5> <II = 1> <Delay = 6.41> <FuncUnit> <Opcode : 'sitofp' 'uitofp'> <InPorts = 1> <OutPorts = 1>

State 4 <SV = 3> <Delay = 6.41>
ST_4 : Operation 50 [4/6] (6.41ns)   --->   "%grid_z = sitofp i32 %zext_ln152 to float" [src/honeybee.c:157]   --->   Operation 50 'sitofp' 'grid_z' <Predicate = true> <Delay = 6.41> <Core = "Int2Float">   --->   Core 112 'Int2Float' <Latency = 5> <II = 1> <Delay = 6.41> <FuncUnit> <Opcode : 'sitofp' 'uitofp'> <InPorts = 1> <OutPorts = 1>

State 5 <SV = 4> <Delay = 6.41>
ST_5 : Operation 51 [3/6] (6.41ns)   --->   "%grid_z = sitofp i32 %zext_ln152 to float" [src/honeybee.c:157]   --->   Operation 51 'sitofp' 'grid_z' <Predicate = true> <Delay = 6.41> <Core = "Int2Float">   --->   Core 112 'Int2Float' <Latency = 5> <II = 1> <Delay = 6.41> <FuncUnit> <Opcode : 'sitofp' 'uitofp'> <InPorts = 1> <OutPorts = 1>

State 6 <SV = 5> <Delay = 6.41>
ST_6 : Operation 52 [2/6] (6.41ns)   --->   "%grid_z = sitofp i32 %zext_ln152 to float" [src/honeybee.c:157]   --->   Operation 52 'sitofp' 'grid_z' <Predicate = true> <Delay = 6.41> <Core = "Int2Float">   --->   Core 112 'Int2Float' <Latency = 5> <II = 1> <Delay = 6.41> <FuncUnit> <Opcode : 'sitofp' 'uitofp'> <InPorts = 1> <OutPorts = 1>

State 7 <SV = 6> <Delay = 6.41>
ST_7 : Operation 53 [1/1] (1.73ns)   --->   "%b = add i4 %b_0, 4" [src/honeybee.c:161]   --->   Operation 53 'add' 'b' <Predicate = true> <Delay = 1.73> <Core = "AddSub">   --->   Core 14 'AddSub' <Latency = 0> <II = 1> <Delay = 1.56> <FuncUnit> <Opcode : 'add' 'sub'> <InPorts = 2> <OutPorts = 1>
ST_7 : Operation 54 [1/6] (6.41ns)   --->   "%grid_z = sitofp i32 %zext_ln152 to float" [src/honeybee.c:157]   --->   Operation 54 'sitofp' 'grid_z' <Predicate = true> <Delay = 6.41> <Core = "Int2Float">   --->   Core 112 'Int2Float' <Latency = 5> <II = 1> <Delay = 6.41> <FuncUnit> <Opcode : 'sitofp' 'uitofp'> <InPorts = 1> <OutPorts = 1>
ST_7 : Operation 55 [1/1] (1.76ns)   --->   "br label %.loopexit" [src/honeybee.c:153]   --->   Operation 55 'br' <Predicate = true> <Delay = 1.76>

State 8 <SV = 7> <Delay = 6.41>
ST_8 : Operation 56 [1/1] (0.00ns)   --->   "%j_0 = phi i2 [ 0, %1 ], [ %j, %.loopexit.loopexit ]"   --->   Operation 56 'phi' 'j_0' <Predicate = true> <Delay = 0.00>
ST_8 : Operation 57 [1/1] (0.00ns)   --->   "%b_1 = phi i4 [ %b_0, %1 ], [ %add_ln161, %.loopexit.loopexit ]" [src/honeybee.c:161]   --->   Operation 57 'phi' 'b_1' <Predicate = true> <Delay = 0.00>
ST_8 : Operation 58 [1/1] (0.00ns)   --->   "%zext_ln153 = zext i2 %j_0 to i32" [src/honeybee.c:153]   --->   Operation 58 'zext' 'zext_ln153' <Predicate = true> <Delay = 0.00>
ST_8 : Operation 59 [1/1] (0.95ns)   --->   "%icmp_ln153 = icmp eq i2 %j_0, -2" [src/honeybee.c:153]   --->   Operation 59 'icmp' 'icmp_ln153' <Predicate = true> <Delay = 0.95> <Core = "Cmp">   --->   Core 25 'Cmp' <Latency = 0> <II = 1> <Delay = 1.13> <FuncUnit> <Opcode : 'icmp'> <InPorts = 2> <OutPorts = 1>
ST_8 : Operation 60 [1/1] (0.00ns)   --->   "%empty_8 = call i32 (...)* @_ssdm_op_SpecLoopTripCount(i64 2, i64 2, i64 2)"   --->   Operation 60 'speclooptripcount' 'empty_8' <Predicate = true> <Delay = 0.00>
ST_8 : Operation 61 [1/1] (1.56ns)   --->   "%j = add i2 %j_0, 1" [src/honeybee.c:153]   --->   Operation 61 'add' 'j' <Predicate = true> <Delay = 1.56> <Core = "AddSub">   --->   Core 14 'AddSub' <Latency = 0> <II = 1> <Delay = 1.56> <FuncUnit> <Opcode : 'add' 'sub'> <InPorts = 2> <OutPorts = 1>
ST_8 : Operation 62 [1/1] (0.00ns)   --->   "br i1 %icmp_ln153, label %.loopexit8.loopexit, label %2" [src/honeybee.c:153]   --->   Operation 62 'br' <Predicate = true> <Delay = 0.00>
ST_8 : Operation 63 [6/6] (6.41ns)   --->   "%grid_y = sitofp i32 %zext_ln153 to float" [src/honeybee.c:157]   --->   Operation 63 'sitofp' 'grid_y' <Predicate = (!icmp_ln153)> <Delay = 6.41> <Core = "Int2Float">   --->   Core 112 'Int2Float' <Latency = 5> <II = 1> <Delay = 6.41> <FuncUnit> <Opcode : 'sitofp' 'uitofp'> <InPorts = 1> <OutPorts = 1>
ST_8 : Operation 64 [1/1] (0.00ns)   --->   "br label %.loopexit8"   --->   Operation 64 'br' <Predicate = (icmp_ln153)> <Delay = 0.00>

State 9 <SV = 8> <Delay = 6.41>
ST_9 : Operation 65 [5/6] (6.41ns)   --->   "%grid_y = sitofp i32 %zext_ln153 to float" [src/honeybee.c:157]   --->   Operation 65 'sitofp' 'grid_y' <Predicate = true> <Delay = 6.41> <Core = "Int2Float">   --->   Core 112 'Int2Float' <Latency = 5> <II = 1> <Delay = 6.41> <FuncUnit> <Opcode : 'sitofp' 'uitofp'> <InPorts = 1> <OutPorts = 1>

State 10 <SV = 9> <Delay = 6.41>
ST_10 : Operation 66 [4/6] (6.41ns)   --->   "%grid_y = sitofp i32 %zext_ln153 to float" [src/honeybee.c:157]   --->   Operation 66 'sitofp' 'grid_y' <Predicate = true> <Delay = 6.41> <Core = "Int2Float">   --->   Core 112 'Int2Float' <Latency = 5> <II = 1> <Delay = 6.41> <FuncUnit> <Opcode : 'sitofp' 'uitofp'> <InPorts = 1> <OutPorts = 1>

State 11 <SV = 10> <Delay = 6.41>
ST_11 : Operation 67 [3/6] (6.41ns)   --->   "%grid_y = sitofp i32 %zext_ln153 to float" [src/honeybee.c:157]   --->   Operation 67 'sitofp' 'grid_y' <Predicate = true> <Delay = 6.41> <Core = "Int2Float">   --->   Core 112 'Int2Float' <Latency = 5> <II = 1> <Delay = 6.41> <FuncUnit> <Opcode : 'sitofp' 'uitofp'> <InPorts = 1> <OutPorts = 1>

State 12 <SV = 11> <Delay = 6.41>
ST_12 : Operation 68 [2/6] (6.41ns)   --->   "%grid_y = sitofp i32 %zext_ln153 to float" [src/honeybee.c:157]   --->   Operation 68 'sitofp' 'grid_y' <Predicate = true> <Delay = 6.41> <Core = "Int2Float">   --->   Core 112 'Int2Float' <Latency = 5> <II = 1> <Delay = 6.41> <FuncUnit> <Opcode : 'sitofp' 'uitofp'> <InPorts = 1> <OutPorts = 1>

State 13 <SV = 12> <Delay = 6.41>
ST_13 : Operation 69 [1/1] (1.73ns)   --->   "%add_ln161 = add i4 %b_1, 2" [src/honeybee.c:161]   --->   Operation 69 'add' 'add_ln161' <Predicate = true> <Delay = 1.73> <Core = "AddSub">   --->   Core 14 'AddSub' <Latency = 0> <II = 1> <Delay = 1.56> <FuncUnit> <Opcode : 'add' 'sub'> <InPorts = 2> <OutPorts = 1>
ST_13 : Operation 70 [1/6] (6.41ns)   --->   "%grid_y = sitofp i32 %zext_ln153 to float" [src/honeybee.c:157]   --->   Operation 70 'sitofp' 'grid_y' <Predicate = true> <Delay = 6.41> <Core = "Int2Float">   --->   Core 112 'Int2Float' <Latency = 5> <II = 1> <Delay = 6.41> <FuncUnit> <Opcode : 'sitofp' 'uitofp'> <InPorts = 1> <OutPorts = 1>
ST_13 : Operation 71 [1/1] (1.76ns)   --->   "br label %3" [src/honeybee.c:154]   --->   Operation 71 'br' <Predicate = true> <Delay = 1.76>

State 14 <SV = 13> <Delay = 6.41>
ST_14 : Operation 72 [1/1] (0.00ns)   --->   "%i_0 = phi i2 [ 0, %2 ], [ %i, %_ifconv ]"   --->   Operation 72 'phi' 'i_0' <Predicate = true> <Delay = 0.00>
ST_14 : Operation 73 [1/1] (0.00ns)   --->   "%b_2 = phi i4 [ %b_1, %2 ], [ %add_ln161_1, %_ifconv ]" [src/honeybee.c:161]   --->   Operation 73 'phi' 'b_2' <Predicate = true> <Delay = 0.00>
ST_14 : Operation 74 [1/1] (0.00ns)   --->   "%zext_ln154 = zext i2 %i_0 to i32" [src/honeybee.c:154]   --->   Operation 74 'zext' 'zext_ln154' <Predicate = true> <Delay = 0.00>
ST_14 : Operation 75 [1/1] (0.95ns)   --->   "%icmp_ln154 = icmp eq i2 %i_0, -2" [src/honeybee.c:154]   --->   Operation 75 'icmp' 'icmp_ln154' <Predicate = true> <Delay = 0.95> <Core = "Cmp">   --->   Core 25 'Cmp' <Latency = 0> <II = 1> <Delay = 1.13> <FuncUnit> <Opcode : 'icmp'> <InPorts = 2> <OutPorts = 1>
ST_14 : Operation 76 [1/1] (0.00ns)   --->   "%empty_9 = call i32 (...)* @_ssdm_op_SpecLoopTripCount(i64 2, i64 2, i64 2)"   --->   Operation 76 'speclooptripcount' 'empty_9' <Predicate = true> <Delay = 0.00>
ST_14 : Operation 77 [1/1] (1.56ns)   --->   "%i = add i2 %i_0, 1" [src/honeybee.c:154]   --->   Operation 77 'add' 'i' <Predicate = true> <Delay = 1.56> <Core = "AddSub">   --->   Core 14 'AddSub' <Latency = 0> <II = 1> <Delay = 1.56> <FuncUnit> <Opcode : 'add' 'sub'> <InPorts = 2> <OutPorts = 1>
ST_14 : Operation 78 [1/1] (0.00ns)   --->   "br i1 %icmp_ln154, label %.loopexit.loopexit, label %_ifconv" [src/honeybee.c:154]   --->   Operation 78 'br' <Predicate = true> <Delay = 0.00>
ST_14 : Operation 79 [6/6] (6.41ns)   --->   "%grid_x = sitofp i32 %zext_ln154 to float" [src/honeybee.c:157]   --->   Operation 79 'sitofp' 'grid_x' <Predicate = (!icmp_ln154)> <Delay = 6.41> <Core = "Int2Float">   --->   Core 112 'Int2Float' <Latency = 5> <II = 1> <Delay = 6.41> <FuncUnit> <Opcode : 'sitofp' 'uitofp'> <InPorts = 1> <OutPorts = 1>
ST_14 : Operation 80 [1/1] (0.00ns)   --->   "br label %.loopexit"   --->   Operation 80 'br' <Predicate = (icmp_ln154)> <Delay = 0.00>

State 15 <SV = 14> <Delay = 6.41>
ST_15 : Operation 81 [5/6] (6.41ns)   --->   "%grid_x = sitofp i32 %zext_ln154 to float" [src/honeybee.c:157]   --->   Operation 81 'sitofp' 'grid_x' <Predicate = true> <Delay = 6.41> <Core = "Int2Float">   --->   Core 112 'Int2Float' <Latency = 5> <II = 1> <Delay = 6.41> <FuncUnit> <Opcode : 'sitofp' 'uitofp'> <InPorts = 1> <OutPorts = 1>

State 16 <SV = 15> <Delay = 6.41>
ST_16 : Operation 82 [4/6] (6.41ns)   --->   "%grid_x = sitofp i32 %zext_ln154 to float" [src/honeybee.c:157]   --->   Operation 82 'sitofp' 'grid_x' <Predicate = true> <Delay = 6.41> <Core = "Int2Float">   --->   Core 112 'Int2Float' <Latency = 5> <II = 1> <Delay = 6.41> <FuncUnit> <Opcode : 'sitofp' 'uitofp'> <InPorts = 1> <OutPorts = 1>

State 17 <SV = 16> <Delay = 6.41>
ST_17 : Operation 83 [3/6] (6.41ns)   --->   "%grid_x = sitofp i32 %zext_ln154 to float" [src/honeybee.c:157]   --->   Operation 83 'sitofp' 'grid_x' <Predicate = true> <Delay = 6.41> <Core = "Int2Float">   --->   Core 112 'Int2Float' <Latency = 5> <II = 1> <Delay = 6.41> <FuncUnit> <Opcode : 'sitofp' 'uitofp'> <InPorts = 1> <OutPorts = 1>

State 18 <SV = 17> <Delay = 6.41>
ST_18 : Operation 84 [2/6] (6.41ns)   --->   "%grid_x = sitofp i32 %zext_ln154 to float" [src/honeybee.c:157]   --->   Operation 84 'sitofp' 'grid_x' <Predicate = true> <Delay = 6.41> <Core = "Int2Float">   --->   Core 112 'Int2Float' <Latency = 5> <II = 1> <Delay = 6.41> <FuncUnit> <Opcode : 'sitofp' 'uitofp'> <InPorts = 1> <OutPorts = 1>

State 19 <SV = 18> <Delay = 6.41>
ST_19 : Operation 85 [1/6] (6.41ns)   --->   "%grid_x = sitofp i32 %zext_ln154 to float" [src/honeybee.c:157]   --->   Operation 85 'sitofp' 'grid_x' <Predicate = true> <Delay = 6.41> <Core = "Int2Float">   --->   Core 112 'Int2Float' <Latency = 5> <II = 1> <Delay = 6.41> <FuncUnit> <Opcode : 'sitofp' 'uitofp'> <InPorts = 1> <OutPorts = 1>

State 20 <SV = 19> <Delay = 8.75>
ST_20 : Operation 86 [2/2] (8.75ns)   --->   "%tmp_s = call fastcc i1 @segmentIntersectsGri(float %edge_p1_x_read, float %edge_p1_y_read, float %edge_p1_z_read, float %edge_p2_x_read, float %edge_p2_y_read, float %edge_p2_z_read, float %grid_x, float %grid_y, float %grid_z)" [src/honeybee.c:158]   --->   Operation 86 'call' 'tmp_s' <Predicate = true> <Delay = 8.75> <CoreType = "Generic">   --->   Core 0 '' <Latency = 0> <II = 1> <Delay = 1.00> <Generic> <Opcode : >

State 21 <SV = 20> <Delay = 5.14>
ST_21 : Operation 87 [1/1] (0.00ns)   --->   "%collisions_1_load_1 = load i8* %collisions_1" [src/honeybee.c:158]   --->   Operation 87 'load' 'collisions_1_load_1' <Predicate = true> <Delay = 0.00>
ST_21 : Operation 88 [1/2] (0.97ns)   --->   "%tmp_s = call fastcc i1 @segmentIntersectsGri(float %edge_p1_x_read, float %edge_p1_y_read, float %edge_p1_z_read, float %edge_p2_x_read, float %edge_p2_y_read, float %edge_p2_z_read, float %grid_x, float %grid_y, float %grid_z)" [src/honeybee.c:158]   --->   Operation 88 'call' 'tmp_s' <Predicate = true> <Delay = 0.97> <CoreType = "Generic">   --->   Core 0 '' <Latency = 0> <II = 1> <Delay = 1.00> <Generic> <Opcode : >
ST_21 : Operation 89 [1/1] (0.00ns) (grouped into LUT with out node collisions)   --->   "%zext_ln154_1 = zext i4 %b_2 to i8" [src/honeybee.c:154]   --->   Operation 89 'zext' 'zext_ln154_1' <Predicate = true> <Delay = 0.00>
ST_21 : Operation 90 [1/1] (0.00ns) (grouped into LUT with out node collisions)   --->   "%shl_ln159 = shl i8 1, %zext_ln154_1" [src/honeybee.c:159]   --->   Operation 90 'shl' 'shl_ln159' <Predicate = true> <Delay = 0.00> <Core = "Shift">   --->   Core 28 'Shift' <Latency = 0> <II = 1> <Delay = 3.14> <FuncUnit> <Opcode : 'shl' 'lshr' 'ashr'> <InPorts = 2> <OutPorts = 1>
ST_21 : Operation 91 [1/1] (0.00ns) (grouped into LUT with out node collisions)   --->   "%select_ln158 = select i1 %tmp_s, i8 %shl_ln159, i8 0" [src/honeybee.c:158]   --->   Operation 91 'select' 'select_ln158' <Predicate = true> <Delay = 0.00> <Core = "Sel">   --->   Core 26 'Sel' <Latency = 0> <II = 1> <Delay = 1.24> <FuncUnit> <Opcode : 'select'> <InPorts = 3> <OutPorts = 1>
ST_21 : Operation 92 [1/1] (2.39ns) (out node of the LUT)   --->   "%collisions = or i8 %select_ln158, %collisions_1_load_1" [src/honeybee.c:158]   --->   Operation 92 'or' 'collisions' <Predicate = true> <Delay = 2.39> <Core = "LogicGate">   --->   Core 27 'LogicGate' <Latency = 0> <II = 1> <Delay = 0.99> <FuncUnit> <Opcode : 'and' 'or' 'xor'> <InPorts = 2> <OutPorts = 1>
ST_21 : Operation 93 [1/1] (1.73ns)   --->   "%add_ln161_1 = add i4 %b_2, 1" [src/honeybee.c:161]   --->   Operation 93 'add' 'add_ln161_1' <Predicate = true> <Delay = 1.73> <Core = "AddSub">   --->   Core 14 'AddSub' <Latency = 0> <II = 1> <Delay = 1.56> <FuncUnit> <Opcode : 'add' 'sub'> <InPorts = 2> <OutPorts = 1>
ST_21 : Operation 94 [1/1] (1.76ns)   --->   "store i8 %collisions, i8* %collisions_1" [src/honeybee.c:154]   --->   Operation 94 'store' <Predicate = true> <Delay = 1.76>
ST_21 : Operation 95 [1/1] (0.00ns)   --->   "br label %3" [src/honeybee.c:154]   --->   Operation 95 'br' <Predicate = true> <Delay = 0.00>


============================================================
+ Verbose Summary: Binding
============================================================
STG Binding: 
---------------- STG Properties BEGIN ----------------
- Is combinational: 0
- Is one-state seq: 0
- Is datapath-only: 0
- Is pipelined: 0
- Is top level: 1
Port [ Return ] is wired: 1; IO mode=ap_ctrl_hs:ce=0
Port [ edge_p1_x]:  wired=1; compound=0; hidden=0; nouse=0; global=0; static=0; extern=0; dir=0; type=0; pingpong=0; private_global=0; IO mode=ap_none:ce=0
Port [ edge_p1_y]:  wired=1; compound=0; hidden=0; nouse=0; global=0; static=0; extern=0; dir=0; type=0; pingpong=0; private_global=0; IO mode=ap_none:ce=0
Port [ edge_p1_z]:  wired=1; compound=0; hidden=0; nouse=0; global=0; static=0; extern=0; dir=0; type=0; pingpong=0; private_global=0; IO mode=ap_none:ce=0
Port [ edge_p2_x]:  wired=1; compound=0; hidden=0; nouse=0; global=0; static=0; extern=0; dir=0; type=0; pingpong=0; private_global=0; IO mode=ap_none:ce=0
Port [ edge_p2_y]:  wired=1; compound=0; hidden=0; nouse=0; global=0; static=0; extern=0; dir=0; type=0; pingpong=0; private_global=0; IO mode=ap_none:ce=0
Port [ edge_p2_z]:  wired=1; compound=0; hidden=0; nouse=0; global=0; static=0; extern=0; dir=0; type=0; pingpong=0; private_global=0; IO mode=ap_none:ce=0
---------------- STG Properties END ------------------

---------------- Datapath Model BEGIN ----------------

<LifeTime>
<method=bitvector/>
collisions_1        (alloca           ) [ 0111111111111111111111]
specbitsmap_ln0     (specbitsmap      ) [ 0000000000000000000000]
specbitsmap_ln0     (specbitsmap      ) [ 0000000000000000000000]
specbitsmap_ln0     (specbitsmap      ) [ 0000000000000000000000]
specbitsmap_ln0     (specbitsmap      ) [ 0000000000000000000000]
specbitsmap_ln0     (specbitsmap      ) [ 0000000000000000000000]
specbitsmap_ln0     (specbitsmap      ) [ 0000000000000000000000]
specbitsmap_ln0     (specbitsmap      ) [ 0000000000000000000000]
spectopmodule_ln0   (spectopmodule    ) [ 0000000000000000000000]
edge_p2_z_read      (read             ) [ 0011111111111111111111]
edge_p2_y_read      (read             ) [ 0011111111111111111111]
edge_p2_x_read      (read             ) [ 0011111111111111111111]
edge_p1_z_read      (read             ) [ 0011111111111111111111]
edge_p1_y_read      (read             ) [ 0011111111111111111111]
edge_p1_x_read      (read             ) [ 0011111111111111111111]
store_ln152         (store            ) [ 0000000000000000000000]
br_ln152            (br               ) [ 0111111111111111111111]
k_0                 (phi              ) [ 0010000000000000000000]
b_0                 (phi              ) [ 0011111111111111111111]
zext_ln152          (zext             ) [ 0001111100000000000000]
icmp_ln152          (icmp             ) [ 0011111111111111111111]
empty               (speclooptripcount) [ 0000000000000000000000]
k                   (add              ) [ 0111111111111111111111]
br_ln152            (br               ) [ 0000000000000000000000]
collisions_1_load   (load             ) [ 0000000000000000000000]
ret_ln165           (ret              ) [ 0000000000000000000000]
b                   (add              ) [ 0110000011111111111111]
grid_z              (sitofp           ) [ 0000000011111111111111]
br_ln153            (br               ) [ 0011111111111111111111]
j_0                 (phi              ) [ 0000000010000000000000]
b_1                 (phi              ) [ 0000000011111111111111]
zext_ln153          (zext             ) [ 0000000001111100000000]
icmp_ln153          (icmp             ) [ 0011111111111111111111]
empty_8             (speclooptripcount) [ 0000000000000000000000]
j                   (add              ) [ 0011111111111111111111]
br_ln153            (br               ) [ 0000000000000000000000]
br_ln0              (br               ) [ 0111111111111111111111]
add_ln161           (add              ) [ 0011111110000011111111]
grid_y              (sitofp           ) [ 0000000000000011111111]
br_ln154            (br               ) [ 0011111111111111111111]
i_0                 (phi              ) [ 0000000000000010000000]
b_2                 (phi              ) [ 0000000000000011111111]
zext_ln154          (zext             ) [ 0000000000000001111100]
icmp_ln154          (icmp             ) [ 0011111111111111111111]
empty_9             (speclooptripcount) [ 0000000000000000000000]
i                   (add              ) [ 0011111111111111111111]
br_ln154            (br               ) [ 0000000000000000000000]
br_ln0              (br               ) [ 0011111111111111111111]
grid_x              (sitofp           ) [ 0000000000000000000011]
collisions_1_load_1 (load             ) [ 0000000000000000000000]
tmp_s               (call             ) [ 0000000000000000000000]
zext_ln154_1        (zext             ) [ 0000000000000000000000]
shl_ln159           (shl              ) [ 0000000000000000000000]
select_ln158        (select           ) [ 0000000000000000000000]
collisions          (or               ) [ 0000000000000000000000]
add_ln161_1         (add              ) [ 0011111111111111111111]
store_ln154         (store            ) [ 0000000000000000000000]
br_ln154            (br               ) [ 0011111111111111111111]
</LifeTime>

<model>

<comp_list>
<comp id="0" class="1000" name="edge_p1_x">
<pin_list>
<pin id="1" dir="1" index="0" bw="1" slack="0"/>
</pin_list>
<bind>
<StgValue><ssdm name="edge_p1_x"/></StgValue>
</bind>
</comp>

<comp id="2" class="1000" name="edge_p1_y">
<pin_list>
<pin id="3" dir="1" index="0" bw="1" slack="0"/>
</pin_list>
<bind>
<StgValue><ssdm name="edge_p1_y"/></StgValue>
</bind>
</comp>

<comp id="4" class="1000" name="edge_p1_z">
<pin_list>
<pin id="5" dir="1" index="0" bw="1" slack="0"/>
</pin_list>
<bind>
<StgValue><ssdm name="edge_p1_z"/></StgValue>
</bind>
</comp>

<comp id="6" class="1000" name="edge_p2_x">
<pin_list>
<pin id="7" dir="1" index="0" bw="1" slack="0"/>
</pin_list>
<bind>
<StgValue><ssdm name="edge_p2_x"/></StgValue>
</bind>
</comp>

<comp id="8" class="1000" name="edge_p2_y">
<pin_list>
<pin id="9" dir="1" index="0" bw="1" slack="0"/>
</pin_list>
<bind>
<StgValue><ssdm name="edge_p2_y"/></StgValue>
</bind>
</comp>

<comp id="10" class="1000" name="edge_p2_z">
<pin_list>
<pin id="11" dir="1" index="0" bw="1" slack="0"/>
</pin_list>
<bind>
<StgValue><ssdm name="edge_p2_z"/></StgValue>
</bind>
</comp>

<comp id="12" class="1001" name="const_12">
<pin_list>
<pin id="13" dir="1" index="0" bw="1" slack="0"/>
</pin_list>
<bind>
<StgValue><ssdm name=""/></StgValue>
</bind>
</comp>

<comp id="14" class="1001" name="const_14">
<pin_list>
<pin id="15" dir="1" index="0" bw="1" slack="2147483647"/>
</pin_list>
<bind>
<StgValue><ssdm name="_ssdm_op_SpecBitsMap"/></StgValue>
</bind>
</comp>

<comp id="16" class="1001" name="const_16">
<pin_list>
<pin id="17" dir="1" index="0" bw="1" slack="0"/>
</pin_list>
<bind>
<StgValue><ssdm name=""/></StgValue>
</bind>
</comp>

<comp id="18" class="1001" name="const_18">
<pin_list>
<pin id="19" dir="1" index="0" bw="1" slack="2147483647"/>
</pin_list>
<bind>
<StgValue><ssdm name="_ssdm_op_SpecTopModule"/></StgValue>
</bind>
</comp>

<comp id="20" class="1001" name="const_20">
<pin_list>
<pin id="21" dir="1" index="0" bw="1" slack="2147483647"/>
</pin_list>
<bind>
<StgValue><ssdm name="honeybee_str"/></StgValue>
</bind>
</comp>

<comp id="22" class="1001" name="const_22">
<pin_list>
<pin id="23" dir="1" index="0" bw="1" slack="0"/>
</pin_list>
<bind>
<StgValue><ssdm name="_ssdm_op_Read.ap_auto.float"/></StgValue>
</bind>
</comp>

<comp id="24" class="1001" name="const_24">
<pin_list>
<pin id="25" dir="1" index="0" bw="1" slack="1"/>
</pin_list>
<bind>
<StgValue><ssdm name=""/></StgValue>
</bind>
</comp>

<comp id="26" class="1001" name="const_26">
<pin_list>
<pin id="27" dir="1" index="0" bw="1" slack="1"/>
</pin_list>
<bind>
<StgValue><ssdm name=""/></StgValue>
</bind>
</comp>

<comp id="28" class="1001" name="const_28">
<pin_list>
<pin id="29" dir="1" index="0" bw="1" slack="0"/>
</pin_list>
<bind>
<StgValue><ssdm name=""/></StgValue>
</bind>
</comp>

<comp id="30" class="1001" name="const_30">
<pin_list>
<pin id="31" dir="1" index="0" bw="1" slack="2147483647"/>
</pin_list>
<bind>
<StgValue><ssdm name="_ssdm_op_SpecLoopTripCount"/></StgValue>
</bind>
</comp>

<comp id="32" class="1001" name="const_32">
<pin_list>
<pin id="33" dir="1" index="0" bw="1" slack="2147483647"/>
</pin_list>
<bind>
<StgValue><ssdm name=""/></StgValue>
</bind>
</comp>

<comp id="34" class="1001" name="const_34">
<pin_list>
<pin id="35" dir="1" index="0" bw="1" slack="0"/>
</pin_list>
<bind>
<StgValue><ssdm name=""/></StgValue>
</bind>
</comp>

<comp id="36" class="1001" name="const_36">
<pin_list>
<pin id="37" dir="1" index="0" bw="1" slack="0"/>
</pin_list>
<bind>
<StgValue><ssdm name=""/></StgValue>
</bind>
</comp>

<comp id="38" class="1001" name="const_38">
<pin_list>
<pin id="39" dir="1" index="0" bw="1" slack="0"/>
</pin_list>
<bind>
<StgValue><ssdm name=""/></StgValue>
</bind>
</comp>

<comp id="40" class="1001" name="const_40">
<pin_list>
<pin id="41" dir="1" index="0" bw="1" slack="0"/>
</pin_list>
<bind>
<StgValue><ssdm name="segmentIntersectsGri"/></StgValue>
</bind>
</comp>

<comp id="42" class="1001" name="const_42">
<pin_list>
<pin id="43" dir="1" index="0" bw="1" slack="0"/>
</pin_list>
<bind>
<StgValue><ssdm name=""/></StgValue>
</bind>
</comp>

<comp id="44" class="1001" name="const_44">
<pin_list>
<pin id="45" dir="1" index="0" bw="1" slack="0"/>
</pin_list>
<bind>
<StgValue><ssdm name=""/></StgValue>
</bind>
</comp>

<comp id="46" class="1004" name="collisions_1_fu_46">
<pin_list>
<pin id="47" dir="0" index="0" bw="1" slack="0"/>
<pin id="48" dir="1" index="1" bw="8" slack="0"/>
</pin_list>
<bind>
<opcode="alloca(26) " fcode="alloca"/>
<opset="collisions_1/1 "/>
</bind>
</comp>

<comp id="50" class="1004" name="edge_p2_z_read_read_fu_50">
<pin_list>
<pin id="51" dir="0" index="0" bw="32" slack="0"/>
<pin id="52" dir="0" index="1" bw="32" slack="0"/>
<pin id="53" dir="1" index="2" bw="32" slack="19"/>
</pin_list>
<bind>
<opcode="read(1150) " fcode="read"/>
<opset="edge_p2_z_read/1 "/>
</bind>
</comp>

<comp id="56" class="1004" name="edge_p2_y_read_read_fu_56">
<pin_list>
<pin id="57" dir="0" index="0" bw="32" slack="0"/>
<pin id="58" dir="0" index="1" bw="32" slack="0"/>
<pin id="59" dir="1" index="2" bw="32" slack="19"/>
</pin_list>
<bind>
<opcode="read(1150) " fcode="read"/>
<opset="edge_p2_y_read/1 "/>
</bind>
</comp>

<comp id="62" class="1004" name="edge_p2_x_read_read_fu_62">
<pin_list>
<pin id="63" dir="0" index="0" bw="32" slack="0"/>
<pin id="64" dir="0" index="1" bw="32" slack="0"/>
<pin id="65" dir="1" index="2" bw="32" slack="19"/>
</pin_list>
<bind>
<opcode="read(1150) " fcode="read"/>
<opset="edge_p2_x_read/1 "/>
</bind>
</comp>

<comp id="68" class="1004" name="edge_p1_z_read_read_fu_68">
<pin_list>
<pin id="69" dir="0" index="0" bw="32" slack="0"/>
<pin id="70" dir="0" index="1" bw="32" slack="0"/>
<pin id="71" dir="1" index="2" bw="32" slack="19"/>
</pin_list>
<bind>
<opcode="read(1150) " fcode="read"/>
<opset="edge_p1_z_read/1 "/>
</bind>
</comp>

<comp id="74" class="1004" name="edge_p1_y_read_read_fu_74">
<pin_list>
<pin id="75" dir="0" index="0" bw="32" slack="0"/>
<pin id="76" dir="0" index="1" bw="32" slack="0"/>
<pin id="77" dir="1" index="2" bw="32" slack="19"/>
</pin_list>
<bind>
<opcode="read(1150) " fcode="read"/>
<opset="edge_p1_y_read/1 "/>
</bind>
</comp>

<comp id="80" class="1004" name="edge_p1_x_read_read_fu_80">
<pin_list>
<pin id="81" dir="0" index="0" bw="32" slack="0"/>
<pin id="82" dir="0" index="1" bw="32" slack="0"/>
<pin id="83" dir="1" index="2" bw="32" slack="19"/>
</pin_list>
<bind>
<opcode="read(1150) " fcode="read"/>
<opset="edge_p1_x_read/1 "/>
</bind>
</comp>

<comp id="86" class="1005" name="k_0_reg_86">
<pin_list>
<pin id="87" dir="0" index="0" bw="2" slack="1"/>
<pin id="88" dir="1" index="1" bw="2" slack="1"/>
</pin_list>
<bind>
<opset="k_0 (phireg) "/>
</bind>
</comp>

<comp id="90" class="1004" name="k_0_phi_fu_90">
<pin_list>
<pin id="91" dir="0" index="0" bw="1" slack="1"/>
<pin id="92" dir="0" index="1" bw="0" slack="2147483647"/>
<pin id="93" dir="0" index="2" bw="2" slack="0"/>
<pin id="94" dir="0" index="3" bw="0" slack="2147483647"/>
<pin id="95" dir="1" index="4" bw="2" slack="0"/>
</pin_list>
<bind>
<opcode="phi(47) " fcode="phi"/>
<opset="k_0/2 "/>
</bind>
</comp>

<comp id="97" class="1005" name="b_0_reg_97">
<pin_list>
<pin id="98" dir="0" index="0" bw="4" slack="1"/>
<pin id="99" dir="1" index="1" bw="4" slack="1"/>
</pin_list>
<bind>
<opset="b_0 (phireg) "/>
</bind>
</comp>

<comp id="101" class="1004" name="b_0_phi_fu_101">
<pin_list>
<pin id="102" dir="0" index="0" bw="1" slack="1"/>
<pin id="103" dir="0" index="1" bw="0" slack="2147483647"/>
<pin id="104" dir="0" index="2" bw="4" slack="1"/>
<pin id="105" dir="0" index="3" bw="0" slack="2147483647"/>
<pin id="106" dir="1" index="4" bw="4" slack="5"/>
</pin_list>
<bind>
<opcode="phi(47) " fcode="phi"/>
<opset="b_0/2 "/>
</bind>
</comp>

<comp id="109" class="1005" name="j_0_reg_109">
<pin_list>
<pin id="110" dir="0" index="0" bw="2" slack="1"/>
<pin id="111" dir="1" index="1" bw="2" slack="1"/>
</pin_list>
<bind>
<opset="j_0 (phireg) "/>
</bind>
</comp>

<comp id="113" class="1004" name="j_0_phi_fu_113">
<pin_list>
<pin id="114" dir="0" index="0" bw="1" slack="1"/>
<pin id="115" dir="0" index="1" bw="0" slack="2147483647"/>
<pin id="116" dir="0" index="2" bw="2" slack="0"/>
<pin id="117" dir="0" index="3" bw="0" slack="2147483647"/>
<pin id="118" dir="1" index="4" bw="2" slack="0"/>
</pin_list>
<bind>
<opcode="phi(47) " fcode="phi"/>
<opset="j_0/8 "/>
</bind>
</comp>

<comp id="120" class="1005" name="b_1_reg_120">
<pin_list>
<pin id="121" dir="0" index="0" bw="4" slack="5"/>
<pin id="122" dir="1" index="1" bw="4" slack="5"/>
</pin_list>
<bind>
<opset="b_1 (phireg) "/>
</bind>
</comp>

<comp id="123" class="1004" name="b_1_phi_fu_123">
<pin_list>
<pin id="124" dir="0" index="0" bw="4" slack="6"/>
<pin id="125" dir="0" index="1" bw="0" slack="2147483647"/>
<pin id="126" dir="0" index="2" bw="4" slack="1"/>
<pin id="127" dir="0" index="3" bw="0" slack="2147483647"/>
<pin id="128" dir="1" index="4" bw="4" slack="5"/>
</pin_list>
<bind>
<opcode="phi(47) " fcode="phi"/>
<opset="b_1/8 "/>
</bind>
</comp>

<comp id="131" class="1005" name="i_0_reg_131">
<pin_list>
<pin id="132" dir="0" index="0" bw="2" slack="1"/>
<pin id="133" dir="1" index="1" bw="2" slack="1"/>
</pin_list>
<bind>
<opset="i_0 (phireg) "/>
</bind>
</comp>

<comp id="135" class="1004" name="i_0_phi_fu_135">
<pin_list>
<pin id="136" dir="0" index="0" bw="1" slack="1"/>
<pin id="137" dir="0" index="1" bw="0" slack="2147483647"/>
<pin id="138" dir="0" index="2" bw="2" slack="0"/>
<pin id="139" dir="0" index="3" bw="0" slack="2147483647"/>
<pin id="140" dir="1" index="4" bw="2" slack="0"/>
</pin_list>
<bind>
<opcode="phi(47) " fcode="phi"/>
<opset="i_0/14 "/>
</bind>
</comp>

<comp id="142" class="1005" name="b_2_reg_142">
<pin_list>
<pin id="143" dir="0" index="0" bw="4" slack="7"/>
<pin id="144" dir="1" index="1" bw="4" slack="7"/>
</pin_list>
<bind>
<opset="b_2 (phireg) "/>
</bind>
</comp>

<comp id="145" class="1004" name="b_2_phi_fu_145">
<pin_list>
<pin id="146" dir="0" index="0" bw="4" slack="6"/>
<pin id="147" dir="0" index="1" bw="0" slack="2147483647"/>
<pin id="148" dir="0" index="2" bw="4" slack="1"/>
<pin id="149" dir="0" index="3" bw="0" slack="2147483647"/>
<pin id="150" dir="1" index="4" bw="4" slack="7"/>
</pin_list>
<bind>
<opcode="phi(47) " fcode="phi"/>
<opset="b_2/14 "/>
</bind>
</comp>

<comp id="153" class="1004" name="grp_segmentIntersectsGri_fu_153">
<pin_list>
<pin id="154" dir="0" index="0" bw="1" slack="0"/>
<pin id="155" dir="0" index="1" bw="32" slack="19"/>
<pin id="156" dir="0" index="2" bw="32" slack="19"/>
<pin id="157" dir="0" index="3" bw="32" slack="19"/>
<pin id="158" dir="0" index="4" bw="32" slack="19"/>
<pin id="159" dir="0" index="5" bw="32" slack="19"/>
<pin id="160" dir="0" index="6" bw="32" slack="19"/>
<pin id="161" dir="0" index="7" bw="32" slack="1"/>
<pin id="162" dir="0" index="8" bw="32" slack="7"/>
<pin id="163" dir="0" index="9" bw="32" slack="13"/>
<pin id="164" dir="1" index="10" bw="1" slack="0"/>
</pin_list>
<bind>
<opcode="call(48) " fcode="call"/>
<opset="tmp_s/20 "/>
</bind>
</comp>

<comp id="166" class="1004" name="grp_fu_166">
<pin_list>
<pin id="167" dir="0" index="0" bw="2" slack="0"/>
<pin id="168" dir="1" index="1" bw="32" slack="1"/>
</pin_list>
<bind>
<opcode="sitofp(39) " fcode="sitofp"/>
<opset="grid_z/2 grid_y/8 grid_x/14 "/>
</bind>
</comp>

<comp id="169" class="1004" name="grp_load_fu_169">
<pin_list>
<pin id="170" dir="0" index="0" bw="8" slack="1"/>
<pin id="171" dir="1" index="1" bw="8" slack="0"/>
</pin_list>
<bind>
<opcode="load(27) " fcode="load"/>
<opset="collisions_1_load/2 collisions_1_load_1/21 "/>
</bind>
</comp>

<comp id="172" class="1004" name="store_ln152_store_fu_172">
<pin_list>
<pin id="173" dir="0" index="0" bw="1" slack="0"/>
<pin id="174" dir="0" index="1" bw="8" slack="0"/>
<pin id="175" dir="1" index="2" bw="0" slack="2147483647"/>
</pin_list>
<bind>
<opcode="store(28) " fcode="store"/>
<opset="store_ln152/1 "/>
</bind>
</comp>

<comp id="177" class="1004" name="zext_ln152_fu_177">
<pin_list>
<pin id="178" dir="0" index="0" bw="2" slack="0"/>
<pin id="179" dir="1" index="1" bw="32" slack="0"/>
</pin_list>
<bind>
<opcode="zext(34) " fcode="zext"/>
<opset="zext_ln152/2 "/>
</bind>
</comp>

<comp id="182" class="1004" name="icmp_ln152_fu_182">
<pin_list>
<pin id="183" dir="0" index="0" bw="2" slack="0"/>
<pin id="184" dir="0" index="1" bw="2" slack="0"/>
<pin id="185" dir="1" index="2" bw="1" slack="2147483647"/>
</pin_list>
<bind>
<opcode="icmp(45) " fcode="icmp"/>
<opset="icmp_ln152/2 "/>
</bind>
</comp>

<comp id="188" class="1004" name="k_fu_188">
<pin_list>
<pin id="189" dir="0" index="0" bw="2" slack="0"/>
<pin id="190" dir="0" index="1" bw="1" slack="0"/>
<pin id="191" dir="1" index="2" bw="2" slack="0"/>
</pin_list>
<bind>
<opcode="add(8) " fcode="add"/>
<opset="k/2 "/>
</bind>
</comp>

<comp id="194" class="1004" name="b_fu_194">
<pin_list>
<pin id="195" dir="0" index="0" bw="4" slack="5"/>
<pin id="196" dir="0" index="1" bw="4" slack="0"/>
<pin id="197" dir="1" index="2" bw="4" slack="1"/>
</pin_list>
<bind>
<opcode="add(8) " fcode="add"/>
<opset="b/7 "/>
</bind>
</comp>

<comp id="200" class="1004" name="zext_ln153_fu_200">
<pin_list>
<pin id="201" dir="0" index="0" bw="2" slack="0"/>
<pin id="202" dir="1" index="1" bw="32" slack="0"/>
</pin_list>
<bind>
<opcode="zext(34) " fcode="zext"/>
<opset="zext_ln153/8 "/>
</bind>
</comp>

<comp id="205" class="1004" name="icmp_ln153_fu_205">
<pin_list>
<pin id="206" dir="0" index="0" bw="2" slack="0"/>
<pin id="207" dir="0" index="1" bw="2" slack="0"/>
<pin id="208" dir="1" index="2" bw="1" slack="2147483647"/>
</pin_list>
<bind>
<opcode="icmp(45) " fcode="icmp"/>
<opset="icmp_ln153/8 "/>
</bind>
</comp>

<comp id="211" class="1004" name="j_fu_211">
<pin_list>
<pin id="212" dir="0" index="0" bw="2" slack="0"/>
<pin id="213" dir="0" index="1" bw="1" slack="0"/>
<pin id="214" dir="1" index="2" bw="2" slack="0"/>
</pin_list>
<bind>
<opcode="add(8) " fcode="add"/>
<opset="j/8 "/>
</bind>
</comp>

<comp id="217" class="1004" name="add_ln161_fu_217">
<pin_list>
<pin id="218" dir="0" index="0" bw="4" slack="5"/>
<pin id="219" dir="0" index="1" bw="3" slack="0"/>
<pin id="220" dir="1" index="2" bw="4" slack="1"/>
</pin_list>
<bind>
<opcode="add(8) " fcode="add"/>
<opset="add_ln161/13 "/>
</bind>
</comp>

<comp id="223" class="1004" name="zext_ln154_fu_223">
<pin_list>
<pin id="224" dir="0" index="0" bw="2" slack="0"/>
<pin id="225" dir="1" index="1" bw="32" slack="0"/>
</pin_list>
<bind>
<opcode="zext(34) " fcode="zext"/>
<opset="zext_ln154/14 "/>
</bind>
</comp>

<comp id="228" class="1004" name="icmp_ln154_fu_228">
<pin_list>
<pin id="229" dir="0" index="0" bw="2" slack="0"/>
<pin id="230" dir="0" index="1" bw="2" slack="0"/>
<pin id="231" dir="1" index="2" bw="1" slack="2147483647"/>
</pin_list>
<bind>
<opcode="icmp(45) " fcode="icmp"/>
<opset="icmp_ln154/14 "/>
</bind>
</comp>

<comp id="234" class="1004" name="i_fu_234">
<pin_list>
<pin id="235" dir="0" index="0" bw="2" slack="0"/>
<pin id="236" dir="0" index="1" bw="1" slack="0"/>
<pin id="237" dir="1" index="2" bw="2" slack="0"/>
</pin_list>
<bind>
<opcode="add(8) " fcode="add"/>
<opset="i/14 "/>
</bind>
</comp>

<comp id="240" class="1004" name="zext_ln154_1_fu_240">
<pin_list>
<pin id="241" dir="0" index="0" bw="4" slack="7"/>
<pin id="242" dir="1" index="1" bw="8" slack="0"/>
</pin_list>
<bind>
<opcode="zext(34) " fcode="zext"/>
<opset="zext_ln154_1/21 "/>
</bind>
</comp>

<comp id="244" class="1004" name="shl_ln159_fu_244">
<pin_list>
<pin id="245" dir="0" index="0" bw="1" slack="0"/>
<pin id="246" dir="0" index="1" bw="4" slack="0"/>
<pin id="247" dir="1" index="2" bw="8" slack="0"/>
</pin_list>
<bind>
<opcode="shl(20) " fcode="shl"/>
<opset="shl_ln159/21 "/>
</bind>
</comp>

<comp id="250" class="1004" name="select_ln158_fu_250">
<pin_list>
<pin id="251" dir="0" index="0" bw="1" slack="0"/>
<pin id="252" dir="0" index="1" bw="8" slack="0"/>
<pin id="253" dir="0" index="2" bw="8" slack="0"/>
<pin id="254" dir="1" index="3" bw="8" slack="0"/>
</pin_list>
<bind>
<opcode="select(49) " fcode="select"/>
<opset="select_ln158/21 "/>
</bind>
</comp>

<comp id="258" class="1004" name="collisions_fu_258">
<pin_list>
<pin id="259" dir="0" index="0" bw="8" slack="0"/>
<pin id="260" dir="0" index="1" bw="8" slack="0"/>
<pin id="261" dir="1" index="2" bw="8" slack="0"/>
</pin_list>
<bind>
<opcode="or(24) " fcode="or"/>
<opset="collisions/21 "/>
</bind>
</comp>

<comp id="264" class="1004" name="add_ln161_1_fu_264">
<pin_list>
<pin id="265" dir="0" index="0" bw="4" slack="7"/>
<pin id="266" dir="0" index="1" bw="1" slack="0"/>
<pin id="267" dir="1" index="2" bw="4" slack="1"/>
</pin_list>
<bind>
<opcode="add(8) " fcode="add"/>
<opset="add_ln161_1/21 "/>
</bind>
</comp>

<comp id="270" class="1004" name="store_ln154_store_fu_270">
<pin_list>
<pin id="271" dir="0" index="0" bw="8" slack="0"/>
<pin id="272" dir="0" index="1" bw="8" slack="20"/>
<pin id="273" dir="1" index="2" bw="0" slack="2147483647"/>
</pin_list>
<bind>
<opcode="store(28) " fcode="store"/>
<opset="store_ln154/21 "/>
</bind>
</comp>

<comp id="275" class="1005" name="collisions_1_reg_275">
<pin_list>
<pin id="276" dir="0" index="0" bw="8" slack="0"/>
<pin id="277" dir="1" index="1" bw="8" slack="0"/>
</pin_list>
<bind>
<opset="collisions_1 "/>
</bind>
</comp>

<comp id="282" class="1005" name="edge_p2_z_read_reg_282">
<pin_list>
<pin id="283" dir="0" index="0" bw="32" slack="19"/>
<pin id="284" dir="1" index="1" bw="32" slack="19"/>
</pin_list>
<bind>
<opset="edge_p2_z_read "/>
</bind>
</comp>

<comp id="287" class="1005" name="edge_p2_y_read_reg_287">
<pin_list>
<pin id="288" dir="0" index="0" bw="32" slack="19"/>
<pin id="289" dir="1" index="1" bw="32" slack="19"/>
</pin_list>
<bind>
<opset="edge_p2_y_read "/>
</bind>
</comp>

<comp id="292" class="1005" name="edge_p2_x_read_reg_292">
<pin_list>
<pin id="293" dir="0" index="0" bw="32" slack="19"/>
<pin id="294" dir="1" index="1" bw="32" slack="19"/>
</pin_list>
<bind>
<opset="edge_p2_x_read "/>
</bind>
</comp>

<comp id="297" class="1005" name="edge_p1_z_read_reg_297">
<pin_list>
<pin id="298" dir="0" index="0" bw="32" slack="19"/>
<pin id="299" dir="1" index="1" bw="32" slack="19"/>
</pin_list>
<bind>
<opset="edge_p1_z_read "/>
</bind>
</comp>

<comp id="302" class="1005" name="edge_p1_y_read_reg_302">
<pin_list>
<pin id="303" dir="0" index="0" bw="32" slack="19"/>
<pin id="304" dir="1" index="1" bw="32" slack="19"/>
</pin_list>
<bind>
<opset="edge_p1_y_read "/>
</bind>
</comp>

<comp id="307" class="1005" name="edge_p1_x_read_reg_307">
<pin_list>
<pin id="308" dir="0" index="0" bw="32" slack="19"/>
<pin id="309" dir="1" index="1" bw="32" slack="19"/>
</pin_list>
<bind>
<opset="edge_p1_x_read "/>
</bind>
</comp>

<comp id="312" class="1005" name="zext_ln152_reg_312">
<pin_list>
<pin id="313" dir="0" index="0" bw="32" slack="1"/>
<pin id="314" dir="1" index="1" bw="32" slack="1"/>
</pin_list>
<bind>
<opset="zext_ln152 "/>
</bind>
</comp>

<comp id="320" class="1005" name="k_reg_320">
<pin_list>
<pin id="321" dir="0" index="0" bw="2" slack="0"/>
<pin id="322" dir="1" index="1" bw="2" slack="0"/>
</pin_list>
<bind>
<opset="k "/>
</bind>
</comp>

<comp id="325" class="1005" name="b_reg_325">
<pin_list>
<pin id="326" dir="0" index="0" bw="4" slack="1"/>
<pin id="327" dir="1" index="1" bw="4" slack="1"/>
</pin_list>
<bind>
<opset="b "/>
</bind>
</comp>

<comp id="330" class="1005" name="grid_z_reg_330">
<pin_list>
<pin id="331" dir="0" index="0" bw="32" slack="13"/>
<pin id="332" dir="1" index="1" bw="32" slack="13"/>
</pin_list>
<bind>
<opset="grid_z "/>
</bind>
</comp>

<comp id="335" class="1005" name="zext_ln153_reg_335">
<pin_list>
<pin id="336" dir="0" index="0" bw="32" slack="1"/>
<pin id="337" dir="1" index="1" bw="32" slack="1"/>
</pin_list>
<bind>
<opset="zext_ln153 "/>
</bind>
</comp>

<comp id="343" class="1005" name="j_reg_343">
<pin_list>
<pin id="344" dir="0" index="0" bw="2" slack="0"/>
<pin id="345" dir="1" index="1" bw="2" slack="0"/>
</pin_list>
<bind>
<opset="j "/>
</bind>
</comp>

<comp id="348" class="1005" name="add_ln161_reg_348">
<pin_list>
<pin id="349" dir="0" index="0" bw="4" slack="1"/>
<pin id="350" dir="1" index="1" bw="4" slack="1"/>
</pin_list>
<bind>
<opset="add_ln161 "/>
</bind>
</comp>

<comp id="353" class="1005" name="grid_y_reg_353">
<pin_list>
<pin id="354" dir="0" index="0" bw="32" slack="7"/>
<pin id="355" dir="1" index="1" bw="32" slack="7"/>
</pin_list>
<bind>
<opset="grid_y "/>
</bind>
</comp>

<comp id="358" class="1005" name="zext_ln154_reg_358">
<pin_list>
<pin id="359" dir="0" index="0" bw="32" slack="1"/>
<pin id="360" dir="1" index="1" bw="32" slack="1"/>
</pin_list>
<bind>
<opset="zext_ln154 "/>
</bind>
</comp>

<comp id="366" class="1005" name="i_reg_366">
<pin_list>
<pin id="367" dir="0" index="0" bw="2" slack="0"/>
<pin id="368" dir="1" index="1" bw="2" slack="0"/>
</pin_list>
<bind>
<opset="i "/>
</bind>
</comp>

<comp id="371" class="1005" name="grid_x_reg_371">
<pin_list>
<pin id="372" dir="0" index="0" bw="32" slack="1"/>
<pin id="373" dir="1" index="1" bw="32" slack="1"/>
</pin_list>
<bind>
<opset="grid_x "/>
</bind>
</comp>

<comp id="376" class="1005" name="add_ln161_1_reg_376">
<pin_list>
<pin id="377" dir="0" index="0" bw="4" slack="1"/>
<pin id="378" dir="1" index="1" bw="4" slack="1"/>
</pin_list>
<bind>
<opset="add_ln161_1 "/>
</bind>
</comp>

</comp_list>

<net_list>
<net id="49"><net_src comp="12" pin="0"/><net_sink comp="46" pin=0"/></net>

<net id="54"><net_src comp="22" pin="0"/><net_sink comp="50" pin=0"/></net>

<net id="55"><net_src comp="10" pin="0"/><net_sink comp="50" pin=1"/></net>

<net id="60"><net_src comp="22" pin="0"/><net_sink comp="56" pin=0"/></net>

<net id="61"><net_src comp="8" pin="0"/><net_sink comp="56" pin=1"/></net>

<net id="66"><net_src comp="22" pin="0"/><net_sink comp="62" pin=0"/></net>

<net id="67"><net_src comp="6" pin="0"/><net_sink comp="62" pin=1"/></net>

<net id="72"><net_src comp="22" pin="0"/><net_sink comp="68" pin=0"/></net>

<net id="73"><net_src comp="4" pin="0"/><net_sink comp="68" pin=1"/></net>

<net id="78"><net_src comp="22" pin="0"/><net_sink comp="74" pin=0"/></net>

<net id="79"><net_src comp="2" pin="0"/><net_sink comp="74" pin=1"/></net>

<net id="84"><net_src comp="22" pin="0"/><net_sink comp="80" pin=0"/></net>

<net id="85"><net_src comp="0" pin="0"/><net_sink comp="80" pin=1"/></net>

<net id="89"><net_src comp="24" pin="0"/><net_sink comp="86" pin=0"/></net>

<net id="96"><net_src comp="86" pin="1"/><net_sink comp="90" pin=0"/></net>

<net id="100"><net_src comp="26" pin="0"/><net_sink comp="97" pin=0"/></net>

<net id="107"><net_src comp="97" pin="1"/><net_sink comp="101" pin=0"/></net>

<net id="108"><net_src comp="101" pin="4"/><net_sink comp="97" pin=0"/></net>

<net id="112"><net_src comp="24" pin="0"/><net_sink comp="109" pin=0"/></net>

<net id="119"><net_src comp="109" pin="1"/><net_sink comp="113" pin=0"/></net>

<net id="129"><net_src comp="97" pin="1"/><net_sink comp="123" pin=0"/></net>

<net id="130"><net_src comp="123" pin="4"/><net_sink comp="120" pin=0"/></net>

<net id="134"><net_src comp="24" pin="0"/><net_sink comp="131" pin=0"/></net>

<net id="141"><net_src comp="131" pin="1"/><net_sink comp="135" pin=0"/></net>

<net id="151"><net_src comp="120" pin="1"/><net_sink comp="145" pin=0"/></net>

<net id="152"><net_src comp="145" pin="4"/><net_sink comp="142" pin=0"/></net>

<net id="165"><net_src comp="40" pin="0"/><net_sink comp="153" pin=0"/></net>

<net id="176"><net_src comp="16" pin="0"/><net_sink comp="172" pin=0"/></net>

<net id="180"><net_src comp="90" pin="4"/><net_sink comp="177" pin=0"/></net>

<net id="181"><net_src comp="177" pin="1"/><net_sink comp="166" pin=0"/></net>

<net id="186"><net_src comp="90" pin="4"/><net_sink comp="182" pin=0"/></net>

<net id="187"><net_src comp="28" pin="0"/><net_sink comp="182" pin=1"/></net>

<net id="192"><net_src comp="90" pin="4"/><net_sink comp="188" pin=0"/></net>

<net id="193"><net_src comp="34" pin="0"/><net_sink comp="188" pin=1"/></net>

<net id="198"><net_src comp="97" pin="1"/><net_sink comp="194" pin=0"/></net>

<net id="199"><net_src comp="36" pin="0"/><net_sink comp="194" pin=1"/></net>

<net id="203"><net_src comp="113" pin="4"/><net_sink comp="200" pin=0"/></net>

<net id="204"><net_src comp="200" pin="1"/><net_sink comp="166" pin=0"/></net>

<net id="209"><net_src comp="113" pin="4"/><net_sink comp="205" pin=0"/></net>

<net id="210"><net_src comp="28" pin="0"/><net_sink comp="205" pin=1"/></net>

<net id="215"><net_src comp="113" pin="4"/><net_sink comp="211" pin=0"/></net>

<net id="216"><net_src comp="34" pin="0"/><net_sink comp="211" pin=1"/></net>

<net id="221"><net_src comp="120" pin="1"/><net_sink comp="217" pin=0"/></net>

<net id="222"><net_src comp="38" pin="0"/><net_sink comp="217" pin=1"/></net>

<net id="226"><net_src comp="135" pin="4"/><net_sink comp="223" pin=0"/></net>

<net id="227"><net_src comp="223" pin="1"/><net_sink comp="166" pin=0"/></net>

<net id="232"><net_src comp="135" pin="4"/><net_sink comp="228" pin=0"/></net>

<net id="233"><net_src comp="28" pin="0"/><net_sink comp="228" pin=1"/></net>

<net id="238"><net_src comp="135" pin="4"/><net_sink comp="234" pin=0"/></net>

<net id="239"><net_src comp="34" pin="0"/><net_sink comp="234" pin=1"/></net>

<net id="243"><net_src comp="142" pin="1"/><net_sink comp="240" pin=0"/></net>

<net id="248"><net_src comp="42" pin="0"/><net_sink comp="244" pin=0"/></net>

<net id="249"><net_src comp="240" pin="1"/><net_sink comp="244" pin=1"/></net>

<net id="255"><net_src comp="153" pin="10"/><net_sink comp="250" pin=0"/></net>

<net id="256"><net_src comp="244" pin="2"/><net_sink comp="250" pin=1"/></net>

<net id="257"><net_src comp="16" pin="0"/><net_sink comp="250" pin=2"/></net>

<net id="262"><net_src comp="250" pin="3"/><net_sink comp="258" pin=0"/></net>

<net id="263"><net_src comp="169" pin="1"/><net_sink comp="258" pin=1"/></net>

<net id="268"><net_src comp="142" pin="1"/><net_sink comp="264" pin=0"/></net>

<net id="269"><net_src comp="44" pin="0"/><net_sink comp="264" pin=1"/></net>

<net id="274"><net_src comp="258" pin="2"/><net_sink comp="270" pin=0"/></net>

<net id="278"><net_src comp="46" pin="1"/><net_sink comp="275" pin=0"/></net>

<net id="279"><net_src comp="275" pin="1"/><net_sink comp="172" pin=1"/></net>

<net id="280"><net_src comp="275" pin="1"/><net_sink comp="169" pin=0"/></net>

<net id="281"><net_src comp="275" pin="1"/><net_sink comp="270" pin=1"/></net>

<net id="285"><net_src comp="50" pin="2"/><net_sink comp="282" pin=0"/></net>

<net id="286"><net_src comp="282" pin="1"/><net_sink comp="153" pin=6"/></net>

<net id="290"><net_src comp="56" pin="2"/><net_sink comp="287" pin=0"/></net>

<net id="291"><net_src comp="287" pin="1"/><net_sink comp="153" pin=5"/></net>

<net id="295"><net_src comp="62" pin="2"/><net_sink comp="292" pin=0"/></net>

<net id="296"><net_src comp="292" pin="1"/><net_sink comp="153" pin=4"/></net>

<net id="300"><net_src comp="68" pin="2"/><net_sink comp="297" pin=0"/></net>

<net id="301"><net_src comp="297" pin="1"/><net_sink comp="153" pin=3"/></net>

<net id="305"><net_src comp="74" pin="2"/><net_sink comp="302" pin=0"/></net>

<net id="306"><net_src comp="302" pin="1"/><net_sink comp="153" pin=2"/></net>

<net id="310"><net_src comp="80" pin="2"/><net_sink comp="307" pin=0"/></net>

<net id="311"><net_src comp="307" pin="1"/><net_sink comp="153" pin=1"/></net>

<net id="315"><net_src comp="177" pin="1"/><net_sink comp="312" pin=0"/></net>

<net id="316"><net_src comp="312" pin="1"/><net_sink comp="166" pin=0"/></net>

<net id="323"><net_src comp="188" pin="2"/><net_sink comp="320" pin=0"/></net>

<net id="324"><net_src comp="320" pin="1"/><net_sink comp="90" pin=2"/></net>

<net id="328"><net_src comp="194" pin="2"/><net_sink comp="325" pin=0"/></net>

<net id="329"><net_src comp="325" pin="1"/><net_sink comp="101" pin=2"/></net>

<net id="333"><net_src comp="166" pin="1"/><net_sink comp="330" pin=0"/></net>

<net id="334"><net_src comp="330" pin="1"/><net_sink comp="153" pin=9"/></net>

<net id="338"><net_src comp="200" pin="1"/><net_sink comp="335" pin=0"/></net>

<net id="339"><net_src comp="335" pin="1"/><net_sink comp="166" pin=0"/></net>

<net id="346"><net_src comp="211" pin="2"/><net_sink comp="343" pin=0"/></net>

<net id="347"><net_src comp="343" pin="1"/><net_sink comp="113" pin=2"/></net>

<net id="351"><net_src comp="217" pin="2"/><net_sink comp="348" pin=0"/></net>

<net id="352"><net_src comp="348" pin="1"/><net_sink comp="123" pin=2"/></net>

<net id="356"><net_src comp="166" pin="1"/><net_sink comp="353" pin=0"/></net>

<net id="357"><net_src comp="353" pin="1"/><net_sink comp="153" pin=8"/></net>

<net id="361"><net_src comp="223" pin="1"/><net_sink comp="358" pin=0"/></net>

<net id="362"><net_src comp="358" pin="1"/><net_sink comp="166" pin=0"/></net>

<net id="369"><net_src comp="234" pin="2"/><net_sink comp="366" pin=0"/></net>

<net id="370"><net_src comp="366" pin="1"/><net_sink comp="135" pin=2"/></net>

<net id="374"><net_src comp="166" pin="1"/><net_sink comp="371" pin=0"/></net>

<net id="375"><net_src comp="371" pin="1"/><net_sink comp="153" pin=7"/></net>

<net id="379"><net_src comp="264" pin="2"/><net_sink comp="376" pin=0"/></net>

<net id="380"><net_src comp="376" pin="1"/><net_sink comp="145" pin=2"/></net>

</net_list>

</model> 
---------------- Datapath Model END ------------------

* FSMD analyzer results:
  - Output states:
 - Input state : 
	Port: honeybee : edge_p1_x | {1 }
	Port: honeybee : edge_p1_y | {1 }
	Port: honeybee : edge_p1_z | {1 }
	Port: honeybee : edge_p2_x | {1 }
	Port: honeybee : edge_p2_y | {1 }
	Port: honeybee : edge_p2_z | {1 }
  - Chain level:
	State 1
		store_ln152 : 1
	State 2
		zext_ln152 : 1
		icmp_ln152 : 1
		k : 1
		br_ln152 : 2
		grid_z : 2
		ret_ln165 : 1
	State 3
	State 4
	State 5
	State 6
	State 7
	State 8
		zext_ln153 : 1
		icmp_ln153 : 1
		j : 1
		br_ln153 : 2
		grid_y : 2
	State 9
	State 10
	State 11
	State 12
	State 13
	State 14
		zext_ln154 : 1
		icmp_ln154 : 1
		i : 1
		br_ln154 : 2
		grid_x : 2
	State 15
	State 16
	State 17
	State 18
	State 19
	State 20
	State 21
		shl_ln159 : 1
		select_ln158 : 2
		collisions : 3
		store_ln154 : 3


============================================================
+ Verbose Summary: Datapath Resource usage 
============================================================

* Functional unit list:
|----------|---------------------------------|---------|---------|---------|---------|
| Operation|         Functional Unit         |  DSP48E |  Delay  |    FF   |   LUT   |
|----------|---------------------------------|---------|---------|---------|---------|
|   call   | grp_segmentIntersectsGri_fu_153 |    34   | 76.8746 |   5779  |  11903  |
|----------|---------------------------------|---------|---------|---------|---------|
|  sitofp  |            grp_fu_166           |    0    |    0    |   340   |   554   |
|----------|---------------------------------|---------|---------|---------|---------|
|          |             k_fu_188            |    0    |    0    |    0    |    10   |
|          |             b_fu_194            |    0    |    0    |    0    |    13   |
|    add   |             j_fu_211            |    0    |    0    |    0    |    10   |
|          |         add_ln161_fu_217        |    0    |    0    |    0    |    13   |
|          |             i_fu_234            |    0    |    0    |    0    |    10   |
|          |        add_ln161_1_fu_264       |    0    |    0    |    0    |    13   |
|----------|---------------------------------|---------|---------|---------|---------|
|          |        icmp_ln152_fu_182        |    0    |    0    |    0    |    8    |
|   icmp   |        icmp_ln153_fu_205        |    0    |    0    |    0    |    8    |
|          |        icmp_ln154_fu_228        |    0    |    0    |    0    |    8    |
|----------|---------------------------------|---------|---------|---------|---------|
|    shl   |         shl_ln159_fu_244        |    0    |    0    |    0    |    11   |
|----------|---------------------------------|---------|---------|---------|---------|
|  select  |       select_ln158_fu_250       |    0    |    0    |    0    |    8    |
|----------|---------------------------------|---------|---------|---------|---------|
|    or    |        collisions_fu_258        |    0    |    0    |    0    |    8    |
|----------|---------------------------------|---------|---------|---------|---------|
|          |    edge_p2_z_read_read_fu_50    |    0    |    0    |    0    |    0    |
|          |    edge_p2_y_read_read_fu_56    |    0    |    0    |    0    |    0    |
|   read   |    edge_p2_x_read_read_fu_62    |    0    |    0    |    0    |    0    |
|          |    edge_p1_z_read_read_fu_68    |    0    |    0    |    0    |    0    |
|          |    edge_p1_y_read_read_fu_74    |    0    |    0    |    0    |    0    |
|          |    edge_p1_x_read_read_fu_80    |    0    |    0    |    0    |    0    |
|----------|---------------------------------|---------|---------|---------|---------|
|          |        zext_ln152_fu_177        |    0    |    0    |    0    |    0    |
|   zext   |        zext_ln153_fu_200        |    0    |    0    |    0    |    0    |
|          |        zext_ln154_fu_223        |    0    |    0    |    0    |    0    |
|          |       zext_ln154_1_fu_240       |    0    |    0    |    0    |    0    |
|----------|---------------------------------|---------|---------|---------|---------|
|   Total  |                                 |    34   | 76.8746 |   6119  |  12577  |
|----------|---------------------------------|---------|---------|---------|---------|

Memories:
N/A

* Register list:
+----------------------+--------+
|                      |   FF   |
+----------------------+--------+
|  add_ln161_1_reg_376 |    4   |
|   add_ln161_reg_348  |    4   |
|      b_0_reg_97      |    4   |
|      b_1_reg_120     |    4   |
|      b_2_reg_142     |    4   |
|       b_reg_325      |    4   |
| collisions_1_reg_275 |    8   |
|edge_p1_x_read_reg_307|   32   |
|edge_p1_y_read_reg_302|   32   |
|edge_p1_z_read_reg_297|   32   |
|edge_p2_x_read_reg_292|   32   |
|edge_p2_y_read_reg_287|   32   |
|edge_p2_z_read_reg_282|   32   |
|    grid_x_reg_371    |   32   |
|    grid_y_reg_353    |   32   |
|    grid_z_reg_330    |   32   |
|      i_0_reg_131     |    2   |
|       i_reg_366      |    2   |
|      j_0_reg_109     |    2   |
|       j_reg_343      |    2   |
|      k_0_reg_86      |    2   |
|       k_reg_320      |    2   |
|  zext_ln152_reg_312  |   32   |
|  zext_ln153_reg_335  |   32   |
|  zext_ln154_reg_358  |   32   |
+----------------------+--------+
|         Total        |   428  |
+----------------------+--------+

* Multiplexer (MUX) list: 
|------------|------|------|------|--------||---------||---------|
|    Comp    |  Pin | Size |  BW  | S x BW ||  Delay  ||   LUT   |
|------------|------|------|------|--------||---------||---------|
| b_0_reg_97 |  p0  |   2  |   4  |    8   ||    9    |
| grp_fu_166 |  p0  |   6  |   2  |   12   ||    33   |
|------------|------|------|------|--------||---------||---------|
|    Total   |      |      |      |   20   ||  3.721  ||    42   |
|------------|------|------|------|--------||---------||---------|



* Summary:
+-----------+--------+--------+--------+--------+
|           | DSP48E |  Delay |   FF   |   LUT  |
+-----------+--------+--------+--------+--------+
|  Function |   34   |   76   |  6119  |  12577 |
|   Memory  |    -   |    -   |    -   |    -   |
|Multiplexer|    -   |    3   |    -   |   42   |
|  Register |    -   |    -   |   428  |    -   |
+-----------+--------+--------+--------+--------+
|   Total   |   34   |   80   |  6547  |  12619 |
+-----------+--------+--------+--------+--------+
