

================================================================
== Vivado HLS Report for 'checkAxis_0'
================================================================
* Date:           Sun Mar 29 20:58:14 2020

* Version:        2019.2 (Build 2704478 on Wed Nov 06 22:10:23 MST 2019)
* Project:        honeybee_proj
* Solution:       HBE
* Product family: zynq
* Target device:  xc7z030i-fbg484-2L


================================================================
== Performance Estimates
================================================================
+ Timing: 
    * Summary: 
    +--------+----------+----------+------------+
    |  Clock |  Target  | Estimated| Uncertainty|
    +--------+----------+----------+------------+
    |ap_clk  | 10.00 ns | 9.478 ns |   1.25 ns  |
    +--------+----------+----------+------------+

+ Latency: 
    * Summary: 
    +---------+---------+----------+----------+-----+-----+---------+
    |  Latency (cycles) |  Latency (absolute) |  Interval | Pipeline|
    |   min   |   max   |    min   |    max   | min | max |   Type  |
    +---------+---------+----------+----------+-----+-----+---------+
    |      204|      204| 2.040 us | 2.040 us |  204|  204|   none  |
    +---------+---------+----------+----------+-----+-----+---------+

    + Detail: 
        * Instance: 
        +---------------------------------+----------------------+---------+---------+-----------+-----------+-----+-----+---------+
        |                                 |                      |  Latency (cycles) |   Latency (absolute)  |  Interval | Pipeline|
        |             Instance            |        Module        |   min   |   max   |    min    |    max    | min | max |   Type  |
        +---------------------------------+----------------------+---------+---------+-----------+-----------+-----+-----+---------+
        |grp_lineIntersectsPlane_fu_120   |lineIntersectsPlane   |       44|       44|  0.440 us |  0.440 us |   44|   44|   none  |
        |grp_pointOnSegment_fu_141        |pointOnSegment        |        3|        3| 30.000 ns | 30.000 ns |    3|    3|   none  |
        |grp_p_hls_fptosi_float_i_fu_154  |p_hls_fptosi_float_i  |        0|        0|    0 ns   |    0 ns   |    0|    0|   none  |
        |grp_p_hls_fptosi_float_i_fu_159  |p_hls_fptosi_float_i  |        0|        0|    0 ns   |    0 ns   |    0|    0|   none  |
        +---------------------------------+----------------------+---------+---------+-----------+-----------+-----+-----+---------+

        * Loop: 
        N/A



================================================================
== Utilization Estimates
================================================================
* Summary: 
+-----------------+---------+-------+--------+-------+-----+
|       Name      | BRAM_18K| DSP48E|   FF   |  LUT  | URAM|
+-----------------+---------+-------+--------+-------+-----+
|DSP              |        -|      -|       -|      -|    -|
|Expression       |        -|      -|       0|   2352|    -|
|FIFO             |        -|      -|       -|      -|    -|
|Instance         |        -|     17|    2956|   6458|    -|
|Memory           |        -|      -|       -|      -|    -|
|Multiplexer      |        -|      -|       -|     30|    -|
|Register         |        -|      -|     503|      -|    -|
+-----------------+---------+-------+--------+-------+-----+
|Total            |        0|     17|    3459|   8840|    0|
+-----------------+---------+-------+--------+-------+-----+
|Available        |      530|    400|  157200|  78600|    0|
+-----------------+---------+-------+--------+-------+-----+
|Utilization (%)  |        0|      4|       2|     11|    0|
+-----------------+---------+-------+--------+-------+-----+

+ Detail: 
    * Instance: 
    +---------------------------------+----------------------+---------+-------+------+------+-----+
    |             Instance            |        Module        | BRAM_18K| DSP48E|  FF  |  LUT | URAM|
    +---------------------------------+----------------------+---------+-------+------+------+-----+
    |grp_lineIntersectsPlane_fu_120   |lineIntersectsPlane   |        0|     17|  2348|  3666|    0|
    |grp_p_hls_fptosi_float_i_fu_154  |p_hls_fptosi_float_i  |        0|      0|     0|   431|    0|
    |grp_p_hls_fptosi_float_i_fu_159  |p_hls_fptosi_float_i  |        0|      0|     0|   431|    0|
    |grp_pointOnSegment_fu_141        |pointOnSegment        |        0|      0|   608|  1930|    0|
    +---------------------------------+----------------------+---------+-------+------+------+-----+
    |Total                            |                      |        0|     17|  2956|  6458|    0|
    +---------------------------------+----------------------+---------+-------+------+------+-----+

    * DSP48E: 
    N/A

    * Memory: 
    N/A

    * FIFO: 
    N/A

    * Expression: 
    +-----------------------+----------+-------+---+-----+------------+------------+
    |     Variable Name     | Operation| DSP48E| FF| LUT | Bitwidth P0| Bitwidth P1|
    +-----------------------+----------+-------+---+-----+------------+------------+
    |add_ln80_18_fu_223_p2  |     +    |      0|  0|   32|           4|          32|
    |add_ln80_19_fu_229_p2  |     +    |      0|  0|   32|          32|          32|
    |add_ln80_20_fu_263_p2  |     +    |      0|  0|   32|          32|          32|
    |add_ln80_21_fu_279_p2  |     +    |      0|  0|   32|          32|          32|
    |add_ln80_22_fu_319_p2  |     +    |      0|  0|   32|          32|          32|
    |add_ln80_23_fu_341_p2  |     +    |      0|  0|   32|          32|          32|
    |add_ln80_24_fu_381_p2  |     +    |      0|  0|   32|          32|          32|
    |add_ln80_25_fu_403_p2  |     +    |      0|  0|   32|          32|          32|
    |add_ln80_fu_207_p2     |     +    |      0|  0|   32|          32|          32|
    |or_ln116_1_fu_301_p2   |    or    |      0|  0|   64|          64|          64|
    |or_ln116_2_fu_363_p2   |    or    |      0|  0|   64|          64|          64|
    |or_ln116_3_fu_425_p2   |    or    |      0|  0|   64|          64|          64|
    |or_ln116_4_fu_295_p2   |    or    |      0|  0|   64|          64|          64|
    |or_ln116_5_fu_357_p2   |    or    |      0|  0|   64|          64|          64|
    |or_ln116_6_fu_419_p2   |    or    |      0|  0|   64|          64|          64|
    |or_ln116_fu_245_p2     |    or    |      0|  0|   64|          64|          64|
    |or_ln80_5_fu_313_p2    |    or    |      0|  0|   32|          32|           4|
    |or_ln80_6_fu_335_p2    |    or    |      0|  0|   32|          32|           3|
    |or_ln80_7_fu_375_p2    |    or    |      0|  0|   32|          32|           4|
    |or_ln80_8_fu_397_p2    |    or    |      0|  0|   32|          32|           4|
    |or_ln80_fu_257_p2      |    or    |      0|  0|   32|          32|           3|
    |shl_ln115_1_fu_273_p2  |    shl   |      0|  0|  182|           1|          64|
    |shl_ln115_2_fu_329_p2  |    shl   |      0|  0|  182|           1|          64|
    |shl_ln115_3_fu_391_p2  |    shl   |      0|  0|  182|           1|          64|
    |shl_ln115_fu_217_p2    |    shl   |      0|  0|  182|           1|          64|
    |shl_ln116_1_fu_289_p2  |    shl   |      0|  0|  182|           1|          64|
    |shl_ln116_2_fu_351_p2  |    shl   |      0|  0|  182|           1|          64|
    |shl_ln116_3_fu_413_p2  |    shl   |      0|  0|  182|           1|          64|
    |shl_ln116_fu_239_p2    |    shl   |      0|  0|  182|           1|          64|
    +-----------------------+----------+-------+---+-----+------------+------------+
    |Total                  |          |      0|  0| 2352|         876|        1266|
    +-----------------------+----------+-------+---+-----+------------+------------+

    * Multiplexer: 
    +-----------------------------------------+----+-----------+-----+-----------+
    |                   Name                  | LUT| Input Size| Bits| Total Bits|
    +-----------------------------------------+----+-----------+-----+-----------+
    |ap_NS_fsm                                |   8|         18|    1|         18|
    |ap_phi_mux_collisions_5_3_phi_fu_113_p4  |   3|          2|   64|        128|
    |ap_return                                |   3|          2|   64|        128|
    |collisions_5_0_reg_76                    |   3|          2|   64|        128|
    |collisions_5_1_reg_88                    |   3|          2|   64|        128|
    |collisions_5_2_reg_99                    |   3|          2|   64|        128|
    |collisions_5_3_reg_110                   |   3|          2|   64|        128|
    |grp_lineIntersectsPlane_fu_120_plane     |   4|          5|   32|        160|
    +-----------------------------------------+----+-----------+-----+-----------+
    |Total                                    |  30|         35|  417|        946|
    +-----------------------------------------+----+-----------+-----+-----------+

    * Register: 
    +---------------------------------------------+----+----+-----+-----------+
    |                     Name                    | FF | LUT| Bits| Const Bits|
    +---------------------------------------------+----+----+-----+-----------+
    |ap_CS_fsm                                    |  17|   0|   17|          0|
    |ap_return_preg                               |  64|   0|   64|          0|
    |collisions_5_0_reg_76                        |  64|   0|   64|          0|
    |collisions_5_1_reg_88                        |  64|   0|   64|          0|
    |collisions_5_2_reg_99                        |  64|   0|   64|          0|
    |collisions_5_3_reg_110                       |  64|   0|   64|          0|
    |grp_lineIntersectsPlane_fu_120_ap_start_reg  |   1|   0|    1|          0|
    |grp_pointOnSegment_fu_141_ap_start_reg       |   1|   0|    1|          0|
    |reg_176                                      |  32|   0|   32|          0|
    |reg_182                                      |  32|   0|   32|          0|
    |reg_188                                      |  32|   0|   32|          0|
    |reg_193                                      |  32|   0|   32|          0|
    |reg_197                                      |  32|   0|   32|          0|
    |tmp_42_1_reg_477                             |   1|   0|    1|          0|
    |tmp_42_2_reg_486                             |   1|   0|    1|          0|
    |tmp_42_3_reg_495                             |   1|   0|    1|          0|
    |tmp_s_reg_468                                |   1|   0|    1|          0|
    +---------------------------------------------+----+----+-----+-----------+
    |Total                                        | 503|   0|  503|          0|
    +---------------------------------------------+----+----+-----+-----------+



================================================================
== Interface
================================================================
* Summary: 
+-----------+-----+-----+------------+--------------+--------------+
| RTL Ports | Dir | Bits|  Protocol  | Source Object|    C Type    |
+-----------+-----+-----+------------+--------------+--------------+
|ap_clk     |  in |    1| ap_ctrl_hs |  checkAxis.0 | return value |
|ap_rst     |  in |    1| ap_ctrl_hs |  checkAxis.0 | return value |
|ap_start   |  in |    1| ap_ctrl_hs |  checkAxis.0 | return value |
|ap_done    | out |    1| ap_ctrl_hs |  checkAxis.0 | return value |
|ap_idle    | out |    1| ap_ctrl_hs |  checkAxis.0 | return value |
|ap_ready   | out |    1| ap_ctrl_hs |  checkAxis.0 | return value |
|ap_return  | out |   64| ap_ctrl_hs |  checkAxis.0 | return value |
|edge_p1_x  |  in |   32|   ap_none  |   edge_p1_x  |    scalar    |
|edge_p1_y  |  in |   32|   ap_none  |   edge_p1_y  |    scalar    |
|edge_p1_z  |  in |   32|   ap_none  |   edge_p1_z  |    scalar    |
|edge_p2_x  |  in |   32|   ap_none  |   edge_p2_x  |    scalar    |
|edge_p2_y  |  in |   32|   ap_none  |   edge_p2_y  |    scalar    |
|edge_p2_z  |  in |   32|   ap_none  |   edge_p2_z  |    scalar    |
+-----------+-----+-----+------------+--------------+--------------+

