

================================================================
== Vivado HLS Report for 'checkAxis_2'
================================================================
* Date:           Sun Mar 29 20:58:13 2020

* Version:        2019.2 (Build 2704478 on Wed Nov 06 22:10:23 MST 2019)
* Project:        honeybee_proj
* Solution:       HBE
* Product family: zynq
* Target device:  xc7z030i-fbg484-2L


================================================================
== Performance Estimates
================================================================
+ Timing: 
    * Summary: 
    +--------+----------+----------+------------+
    |  Clock |  Target  | Estimated| Uncertainty|
    +--------+----------+----------+------------+
    |ap_clk  | 10.00 ns | 9.478 ns |   1.25 ns  |
    +--------+----------+----------+------------+

+ Latency: 
    * Summary: 
    +---------+---------+----------+----------+-----+-----+---------+
    |  Latency (cycles) |  Latency (absolute) |  Interval | Pipeline|
    |   min   |   max   |    min   |    max   | min | max |   Type  |
    +---------+---------+----------+----------+-----+-----+---------+
    |      204|      204| 2.040 us | 2.040 us |  204|  204|   none  |
    +---------+---------+----------+----------+-----+-----+---------+

    + Detail: 
        * Instance: 
        +---------------------------------+----------------------+---------+---------+-----------+-----------+-----+-----+---------+
        |                                 |                      |  Latency (cycles) |   Latency (absolute)  |  Interval | Pipeline|
        |             Instance            |        Module        |   min   |   max   |    min    |    max    | min | max |   Type  |
        +---------------------------------+----------------------+---------+---------+-----------+-----------+-----+-----+---------+
        |grp_lineIntersectsPlane_fu_122   |lineIntersectsPlane   |       44|       44|  0.440 us |  0.440 us |   44|   44|   none  |
        |grp_pointOnSegment_fu_143        |pointOnSegment        |        3|        3| 30.000 ns | 30.000 ns |    3|    3|   none  |
        |grp_p_hls_fptosi_float_i_fu_156  |p_hls_fptosi_float_i  |        0|        0|    0 ns   |    0 ns   |    0|    0|   none  |
        |grp_p_hls_fptosi_float_i_fu_161  |p_hls_fptosi_float_i  |        0|        0|    0 ns   |    0 ns   |    0|    0|   none  |
        +---------------------------------+----------------------+---------+---------+-----------+-----------+-----+-----+---------+

        * Loop: 
        N/A



================================================================
== Utilization Estimates
================================================================
* Summary: 
+-----------------+---------+-------+--------+-------+-----+
|       Name      | BRAM_18K| DSP48E|   FF   |  LUT  | URAM|
+-----------------+---------+-------+--------+-------+-----+
|DSP              |        -|      -|       -|      -|    -|
|Expression       |        -|      -|       0|   2224|    -|
|FIFO             |        -|      -|       -|      -|    -|
|Instance         |        -|     17|    2956|   6458|    -|
|Memory           |        -|      -|       -|      -|    -|
|Multiplexer      |        -|      -|       -|     30|    -|
|Register         |        -|      -|     503|      -|    -|
+-----------------+---------+-------+--------+-------+-----+
|Total            |        0|     17|    3459|   8712|    0|
+-----------------+---------+-------+--------+-------+-----+
|Available        |      530|    400|  157200|  78600|    0|
+-----------------+---------+-------+--------+-------+-----+
|Utilization (%)  |        0|      4|       2|     11|    0|
+-----------------+---------+-------+--------+-------+-----+

+ Detail: 
    * Instance: 
    +---------------------------------+----------------------+---------+-------+------+------+-----+
    |             Instance            |        Module        | BRAM_18K| DSP48E|  FF  |  LUT | URAM|
    +---------------------------------+----------------------+---------+-------+------+------+-----+
    |grp_lineIntersectsPlane_fu_122   |lineIntersectsPlane   |        0|     17|  2348|  3666|    0|
    |grp_p_hls_fptosi_float_i_fu_156  |p_hls_fptosi_float_i  |        0|      0|     0|   431|    0|
    |grp_p_hls_fptosi_float_i_fu_161  |p_hls_fptosi_float_i  |        0|      0|     0|   431|    0|
    |grp_pointOnSegment_fu_143        |pointOnSegment        |        0|      0|   608|  1930|    0|
    +---------------------------------+----------------------+---------+-------+------+------+-----+
    |Total                            |                      |        0|     17|  2956|  6458|    0|
    +---------------------------------+----------------------+---------+-------+------+------+-----+

    * DSP48E: 
    N/A

    * Memory: 
    N/A

    * FIFO: 
    N/A

    * Expression: 
    +-----------------------+----------+-------+---+-----+------------+------------+
    |     Variable Name     | Operation| DSP48E| FF| LUT | Bitwidth P0| Bitwidth P1|
    +-----------------------+----------+-------+---+-----+------------+------------+
    |add_ln80_1_fu_225_p2   |     +    |      0|  0|   32|           6|          32|
    |add_ln80_2_fu_253_p2   |     +    |      0|  0|   32|          32|          32|
    |add_ln80_3_fu_259_p2   |     +    |      0|  0|   32|           5|          32|
    |add_ln80_4_fu_303_p2   |     +    |      0|  0|   32|          32|          32|
    |add_ln80_5_fu_309_p2   |     +    |      0|  0|   32|           6|          32|
    |add_ln80_6_fu_325_p2   |     +    |      0|  0|   32|           5|          32|
    |add_ln80_7_fu_359_p2   |     +    |      0|  0|   32|          32|          32|
    |add_ln80_8_fu_365_p2   |     +    |      0|  0|   32|           6|          32|
    |add_ln80_9_fu_381_p2   |     +    |      0|  0|   32|           6|          32|
    |add_ln80_fu_209_p2     |     +    |      0|  0|   32|          32|          32|
    |or_ln108_1_fu_291_p2   |    or    |      0|  0|   64|          64|          64|
    |or_ln108_2_fu_347_p2   |    or    |      0|  0|   64|          64|          64|
    |or_ln108_3_fu_403_p2   |    or    |      0|  0|   64|          64|          64|
    |or_ln108_4_fu_285_p2   |    or    |      0|  0|   64|          64|          64|
    |or_ln108_5_fu_341_p2   |    or    |      0|  0|   64|          64|          64|
    |or_ln108_6_fu_397_p2   |    or    |      0|  0|   64|          64|          64|
    |or_ln108_fu_241_p2     |    or    |      0|  0|   64|          64|          64|
    |shl_ln107_1_fu_269_p2  |    shl   |      0|  0|  182|           1|          64|
    |shl_ln107_2_fu_319_p2  |    shl   |      0|  0|  182|           1|          64|
    |shl_ln107_3_fu_375_p2  |    shl   |      0|  0|  182|           1|          64|
    |shl_ln107_fu_219_p2    |    shl   |      0|  0|  182|           1|          64|
    |shl_ln108_1_fu_279_p2  |    shl   |      0|  0|  182|           1|          64|
    |shl_ln108_2_fu_335_p2  |    shl   |      0|  0|  182|           1|          64|
    |shl_ln108_3_fu_391_p2  |    shl   |      0|  0|  182|           1|          64|
    |shl_ln108_fu_235_p2    |    shl   |      0|  0|  182|           1|          64|
    +-----------------------+----------+-------+---+-----+------------+------------+
    |Total                  |          |      0|  0| 2224|         618|        1280|
    +-----------------------+----------+-------+---+-----+------------+------------+

    * Multiplexer: 
    +-----------------------------------------+----+-----------+-----+-----------+
    |                   Name                  | LUT| Input Size| Bits| Total Bits|
    +-----------------------------------------+----+-----------+-----+-----------+
    |ap_NS_fsm                                |   8|         18|    1|         18|
    |ap_phi_mux_collisions_5_3_phi_fu_115_p4  |   3|          2|   64|        128|
    |ap_return                                |   3|          2|   64|        128|
    |collisions_5_0_reg_78                    |   3|          2|   64|        128|
    |collisions_5_1_reg_90                    |   3|          2|   64|        128|
    |collisions_5_2_reg_101                   |   3|          2|   64|        128|
    |collisions_5_3_reg_112                   |   3|          2|   64|        128|
    |grp_lineIntersectsPlane_fu_122_plane     |   4|          5|   32|        160|
    +-----------------------------------------+----+-----------+-----+-----------+
    |Total                                    |  30|         35|  417|        946|
    +-----------------------------------------+----+-----------+-----+-----------+

    * Register: 
    +---------------------------------------------+----+----+-----+-----------+
    |                     Name                    | FF | LUT| Bits| Const Bits|
    +---------------------------------------------+----+----+-----+-----------+
    |ap_CS_fsm                                    |  17|   0|   17|          0|
    |ap_return_preg                               |  64|   0|   64|          0|
    |collisions_5_0_reg_78                        |  64|   0|   64|          0|
    |collisions_5_1_reg_90                        |  64|   0|   64|          0|
    |collisions_5_2_reg_101                       |  64|   0|   64|          0|
    |collisions_5_3_reg_112                       |  64|   0|   64|          0|
    |grp_lineIntersectsPlane_fu_122_ap_start_reg  |   1|   0|    1|          0|
    |grp_pointOnSegment_fu_143_ap_start_reg       |   1|   0|    1|          0|
    |reg_178                                      |  32|   0|   32|          0|
    |reg_184                                      |  32|   0|   32|          0|
    |reg_190                                      |  32|   0|   32|          0|
    |reg_195                                      |  32|   0|   32|          0|
    |reg_199                                      |  32|   0|   32|          0|
    |tmp_1_reg_455                                |   1|   0|    1|          0|
    |tmp_2_reg_464                                |   1|   0|    1|          0|
    |tmp_3_reg_473                                |   1|   0|    1|          0|
    |tmp_s_reg_446                                |   1|   0|    1|          0|
    +---------------------------------------------+----+----+-----+-----------+
    |Total                                        | 503|   0|  503|          0|
    +---------------------------------------------+----+----+-----+-----------+



================================================================
== Interface
================================================================
* Summary: 
+-----------+-----+-----+------------+--------------+--------------+
| RTL Ports | Dir | Bits|  Protocol  | Source Object|    C Type    |
+-----------+-----+-----+------------+--------------+--------------+
|ap_clk     |  in |    1| ap_ctrl_hs |  checkAxis.2 | return value |
|ap_rst     |  in |    1| ap_ctrl_hs |  checkAxis.2 | return value |
|ap_start   |  in |    1| ap_ctrl_hs |  checkAxis.2 | return value |
|ap_done    | out |    1| ap_ctrl_hs |  checkAxis.2 | return value |
|ap_idle    | out |    1| ap_ctrl_hs |  checkAxis.2 | return value |
|ap_ready   | out |    1| ap_ctrl_hs |  checkAxis.2 | return value |
|ap_return  | out |   64| ap_ctrl_hs |  checkAxis.2 | return value |
|edge_p1_x  |  in |   32|   ap_none  |   edge_p1_x  |    scalar    |
|edge_p1_y  |  in |   32|   ap_none  |   edge_p1_y  |    scalar    |
|edge_p1_z  |  in |   32|   ap_none  |   edge_p1_z  |    scalar    |
|edge_p2_x  |  in |   32|   ap_none  |   edge_p2_x  |    scalar    |
|edge_p2_y  |  in |   32|   ap_none  |   edge_p2_y  |    scalar    |
|edge_p2_z  |  in |   32|   ap_none  |   edge_p2_z  |    scalar    |
+-----------+-----+-----+------------+--------------+--------------+

