

================================================================
== Vivado HLS Report for 'honeybee'
================================================================
* Date:           Wed Mar 25 00:31:36 2020

* Version:        2019.2 (Build 2704478 on Wed Nov 06 22:10:23 MST 2019)
* Project:        HoneyBee-B
* Solution:       solution4
* Product family: zynq
* Target device:  xc7z020-clg484-1


================================================================
== Performance Estimates
================================================================
+ Timing: 
    * Summary: 
    +--------+----------+----------+------------+
    |  Clock |  Target  | Estimated| Uncertainty|
    +--------+----------+----------+------------+
    |ap_clk  | 10.00 ns | 9.921 ns |   1.25 ns  |
    +--------+----------+----------+------------+

+ Latency: 
    * Summary: 
    +---------+---------+----------+----------+-----+-----+---------+
    |  Latency (cycles) |  Latency (absolute) |  Interval | Pipeline|
    |   min   |   max   |    min   |    max   | min | max |   Type  |
    +---------+---------+----------+----------+-----+-----+---------+
    |       76|      425| 0.760 us | 4.250 us |   76|  425|   none  |
    +---------+---------+----------+----------+-----+-----+---------+

    + Detail: 
        * Instance: 
        N/A

        * Loop: 
        N/A

============================================================
+ Verbose Summary: Synthesis Manager
============================================================
InlineROM: 1
ExposeGlobal: 0
============================================================
+ Verbose Summary: CDFG Model
============================================================
IsTopModel: 1
ResetActiveHigh: 1
IsCombinational: 0
IsDatapathOnly: 0
HasWiredReturn: 1
HasMFsm: 0
HasVarLatency: 1
IsPipeline: 0
IsRtlPipelined: 0
IsInstanceOverlapped: 0
IsDontTouch: 0
HasImplIP: 0
IsGatedGlobalClock: 0


============================================================
+ Verbose Summary: Schedule
============================================================
* Number of FSM states : 2
* Pipeline : 0
* Dataflow Pipeline: 0

* FSM state transitions: 
1 --> 2 
2 --> 

* FSM state operations: 

State 1 <SV = 0> <Delay = 8.75>
ST_1 : Operation 3 [1/1] (0.00ns)   --->   "%edge_p2_z_read = call float @_ssdm_op_Read.ap_auto.float(float %edge_p2_z)" [src/honeybee.c:158]   --->   Operation 3 'read' 'edge_p2_z_read' <Predicate = true> <Delay = 0.00>
ST_1 : Operation 4 [1/1] (0.00ns)   --->   "%edge_p2_y_read = call float @_ssdm_op_Read.ap_auto.float(float %edge_p2_y)" [src/honeybee.c:158]   --->   Operation 4 'read' 'edge_p2_y_read' <Predicate = true> <Delay = 0.00>
ST_1 : Operation 5 [1/1] (0.00ns)   --->   "%edge_p2_x_read = call float @_ssdm_op_Read.ap_auto.float(float %edge_p2_x)" [src/honeybee.c:158]   --->   Operation 5 'read' 'edge_p2_x_read' <Predicate = true> <Delay = 0.00>
ST_1 : Operation 6 [1/1] (0.00ns)   --->   "%edge_p1_z_read = call float @_ssdm_op_Read.ap_auto.float(float %edge_p1_z)" [src/honeybee.c:158]   --->   Operation 6 'read' 'edge_p1_z_read' <Predicate = true> <Delay = 0.00>
ST_1 : Operation 7 [1/1] (0.00ns)   --->   "%edge_p1_y_read = call float @_ssdm_op_Read.ap_auto.float(float %edge_p1_y)" [src/honeybee.c:158]   --->   Operation 7 'read' 'edge_p1_y_read' <Predicate = true> <Delay = 0.00>
ST_1 : Operation 8 [1/1] (0.00ns)   --->   "%edge_p1_x_read = call float @_ssdm_op_Read.ap_auto.float(float %edge_p1_x)" [src/honeybee.c:158]   --->   Operation 8 'read' 'edge_p1_x_read' <Predicate = true> <Delay = 0.00>
ST_1 : Operation 9 [2/2] (8.75ns)   --->   "%tmp_41 = call fastcc i1 @segmentIntersectsGri(float %edge_p1_x_read, float %edge_p1_y_read, float %edge_p1_z_read, float %edge_p2_x_read, float %edge_p2_y_read, float %edge_p2_z_read, float 0.000000e+00, float 0.000000e+00, float 0.000000e+00)" [src/honeybee.c:158]   --->   Operation 9 'call' 'tmp_41' <Predicate = true> <Delay = 8.75> <CoreType = "Generic">   --->   Core 0 '' <Latency = 0> <II = 1> <Delay = 1.00> <Generic> <Opcode : >
ST_1 : Operation 10 [2/2] (8.75ns)   --->   "%tmp_41_0_0_1 = call fastcc i1 @segmentIntersectsGri(float %edge_p1_x_read, float %edge_p1_y_read, float %edge_p1_z_read, float %edge_p2_x_read, float %edge_p2_y_read, float %edge_p2_z_read, float 1.000000e+00, float 0.000000e+00, float 0.000000e+00)" [src/honeybee.c:158]   --->   Operation 10 'call' 'tmp_41_0_0_1' <Predicate = true> <Delay = 8.75> <CoreType = "Generic">   --->   Core 0 '' <Latency = 0> <II = 1> <Delay = 1.00> <Generic> <Opcode : >
ST_1 : Operation 11 [2/2] (8.75ns)   --->   "%tmp_41_0_1 = call fastcc i1 @segmentIntersectsGri(float %edge_p1_x_read, float %edge_p1_y_read, float %edge_p1_z_read, float %edge_p2_x_read, float %edge_p2_y_read, float %edge_p2_z_read, float 0.000000e+00, float 1.000000e+00, float 0.000000e+00)" [src/honeybee.c:158]   --->   Operation 11 'call' 'tmp_41_0_1' <Predicate = true> <Delay = 8.75> <CoreType = "Generic">   --->   Core 0 '' <Latency = 0> <II = 1> <Delay = 1.00> <Generic> <Opcode : >
ST_1 : Operation 12 [2/2] (8.75ns)   --->   "%tmp_41_0_1_1 = call fastcc i1 @segmentIntersectsGri(float %edge_p1_x_read, float %edge_p1_y_read, float %edge_p1_z_read, float %edge_p2_x_read, float %edge_p2_y_read, float %edge_p2_z_read, float 1.000000e+00, float 1.000000e+00, float 0.000000e+00)" [src/honeybee.c:158]   --->   Operation 12 'call' 'tmp_41_0_1_1' <Predicate = true> <Delay = 8.75> <CoreType = "Generic">   --->   Core 0 '' <Latency = 0> <II = 1> <Delay = 1.00> <Generic> <Opcode : >
ST_1 : Operation 13 [2/2] (8.75ns)   --->   "%tmp_41_1 = call fastcc i1 @segmentIntersectsGri(float %edge_p1_x_read, float %edge_p1_y_read, float %edge_p1_z_read, float %edge_p2_x_read, float %edge_p2_y_read, float %edge_p2_z_read, float 0.000000e+00, float 0.000000e+00, float 1.000000e+00)" [src/honeybee.c:158]   --->   Operation 13 'call' 'tmp_41_1' <Predicate = true> <Delay = 8.75> <CoreType = "Generic">   --->   Core 0 '' <Latency = 0> <II = 1> <Delay = 1.00> <Generic> <Opcode : >
ST_1 : Operation 14 [2/2] (8.75ns)   --->   "%tmp_41_1_0_1 = call fastcc i1 @segmentIntersectsGri(float %edge_p1_x_read, float %edge_p1_y_read, float %edge_p1_z_read, float %edge_p2_x_read, float %edge_p2_y_read, float %edge_p2_z_read, float 1.000000e+00, float 0.000000e+00, float 1.000000e+00)" [src/honeybee.c:158]   --->   Operation 14 'call' 'tmp_41_1_0_1' <Predicate = true> <Delay = 8.75> <CoreType = "Generic">   --->   Core 0 '' <Latency = 0> <II = 1> <Delay = 1.00> <Generic> <Opcode : >
ST_1 : Operation 15 [2/2] (8.75ns)   --->   "%tmp_41_1_1 = call fastcc i1 @segmentIntersectsGri(float %edge_p1_x_read, float %edge_p1_y_read, float %edge_p1_z_read, float %edge_p2_x_read, float %edge_p2_y_read, float %edge_p2_z_read, float 0.000000e+00, float 1.000000e+00, float 1.000000e+00)" [src/honeybee.c:158]   --->   Operation 15 'call' 'tmp_41_1_1' <Predicate = true> <Delay = 8.75> <CoreType = "Generic">   --->   Core 0 '' <Latency = 0> <II = 1> <Delay = 1.00> <Generic> <Opcode : >
ST_1 : Operation 16 [2/2] (8.75ns)   --->   "%tmp_41_1_1_1 = call fastcc i1 @segmentIntersectsGri(float %edge_p1_x_read, float %edge_p1_y_read, float %edge_p1_z_read, float %edge_p2_x_read, float %edge_p2_y_read, float %edge_p2_z_read, float 1.000000e+00, float 1.000000e+00, float 1.000000e+00)" [src/honeybee.c:158]   --->   Operation 16 'call' 'tmp_41_1_1_1' <Predicate = true> <Delay = 8.75> <CoreType = "Generic">   --->   Core 0 '' <Latency = 0> <II = 1> <Delay = 1.00> <Generic> <Opcode : >

State 2 <SV = 1> <Delay = 8.61>
ST_2 : Operation 17 [1/1] (0.00ns)   --->   "call void (...)* @_ssdm_op_SpecBitsMap(float %edge_p1_x), !map !39"   --->   Operation 17 'specbitsmap' <Predicate = true> <Delay = 0.00>
ST_2 : Operation 18 [1/1] (0.00ns)   --->   "call void (...)* @_ssdm_op_SpecBitsMap(float %edge_p1_y), !map !45"   --->   Operation 18 'specbitsmap' <Predicate = true> <Delay = 0.00>
ST_2 : Operation 19 [1/1] (0.00ns)   --->   "call void (...)* @_ssdm_op_SpecBitsMap(float %edge_p1_z), !map !49"   --->   Operation 19 'specbitsmap' <Predicate = true> <Delay = 0.00>
ST_2 : Operation 20 [1/1] (0.00ns)   --->   "call void (...)* @_ssdm_op_SpecBitsMap(float %edge_p2_x), !map !53"   --->   Operation 20 'specbitsmap' <Predicate = true> <Delay = 0.00>
ST_2 : Operation 21 [1/1] (0.00ns)   --->   "call void (...)* @_ssdm_op_SpecBitsMap(float %edge_p2_y), !map !57"   --->   Operation 21 'specbitsmap' <Predicate = true> <Delay = 0.00>
ST_2 : Operation 22 [1/1] (0.00ns)   --->   "call void (...)* @_ssdm_op_SpecBitsMap(float %edge_p2_z), !map !61"   --->   Operation 22 'specbitsmap' <Predicate = true> <Delay = 0.00>
ST_2 : Operation 23 [1/1] (0.00ns)   --->   "call void (...)* @_ssdm_op_SpecBitsMap(i8 0) nounwind, !map !65"   --->   Operation 23 'specbitsmap' <Predicate = true> <Delay = 0.00>
ST_2 : Operation 24 [1/1] (0.00ns)   --->   "call void (...)* @_ssdm_op_SpecTopModule([9 x i8]* @honeybee_str) nounwind"   --->   Operation 24 'spectopmodule' <Predicate = true> <Delay = 0.00>
ST_2 : Operation 25 [1/2] (0.97ns)   --->   "%tmp_41 = call fastcc i1 @segmentIntersectsGri(float %edge_p1_x_read, float %edge_p1_y_read, float %edge_p1_z_read, float %edge_p2_x_read, float %edge_p2_y_read, float %edge_p2_z_read, float 0.000000e+00, float 0.000000e+00, float 0.000000e+00)" [src/honeybee.c:158]   --->   Operation 25 'call' 'tmp_41' <Predicate = true> <Delay = 0.97> <CoreType = "Generic">   --->   Core 0 '' <Latency = 0> <II = 1> <Delay = 1.00> <Generic> <Opcode : >
ST_2 : Operation 26 [1/1] (0.00ns) (grouped into LUT with out node select_ln158)   --->   "%zext_ln158 = zext i1 %tmp_41 to i2" [src/honeybee.c:158]   --->   Operation 26 'zext' 'zext_ln158' <Predicate = true> <Delay = 0.00>
ST_2 : Operation 27 [1/2] (0.97ns)   --->   "%tmp_41_0_0_1 = call fastcc i1 @segmentIntersectsGri(float %edge_p1_x_read, float %edge_p1_y_read, float %edge_p1_z_read, float %edge_p2_x_read, float %edge_p2_y_read, float %edge_p2_z_read, float 1.000000e+00, float 0.000000e+00, float 0.000000e+00)" [src/honeybee.c:158]   --->   Operation 27 'call' 'tmp_41_0_0_1' <Predicate = true> <Delay = 0.97> <CoreType = "Generic">   --->   Core 0 '' <Latency = 0> <II = 1> <Delay = 1.00> <Generic> <Opcode : >
ST_2 : Operation 28 [1/1] (0.00ns) (grouped into LUT with out node select_ln158)   --->   "%select_ln159 = select i1 %tmp_41, i2 -1, i2 -2" [src/honeybee.c:159]   --->   Operation 28 'select' 'select_ln159' <Predicate = true> <Delay = 0.00> <Core = "Sel">   --->   Core 26 'Sel' <Latency = 0> <II = 1> <Delay = 1.24> <FuncUnit> <Opcode : 'select'> <InPorts = 3> <OutPorts = 1>
ST_2 : Operation 29 [1/1] (0.99ns) (out node of the LUT)   --->   "%select_ln158 = select i1 %tmp_41_0_0_1, i2 %select_ln159, i2 %zext_ln158" [src/honeybee.c:158]   --->   Operation 29 'select' 'select_ln158' <Predicate = true> <Delay = 0.99> <Core = "Sel">   --->   Core 26 'Sel' <Latency = 0> <II = 1> <Delay = 1.24> <FuncUnit> <Opcode : 'select'> <InPorts = 3> <OutPorts = 1>
ST_2 : Operation 30 [1/1] (0.00ns)   --->   "%zext_ln158_1 = zext i2 %select_ln158 to i3" [src/honeybee.c:158]   --->   Operation 30 'zext' 'zext_ln158_1' <Predicate = true> <Delay = 0.00>
ST_2 : Operation 31 [1/2] (0.97ns)   --->   "%tmp_41_0_1 = call fastcc i1 @segmentIntersectsGri(float %edge_p1_x_read, float %edge_p1_y_read, float %edge_p1_z_read, float %edge_p2_x_read, float %edge_p2_y_read, float %edge_p2_z_read, float 0.000000e+00, float 1.000000e+00, float 0.000000e+00)" [src/honeybee.c:158]   --->   Operation 31 'call' 'tmp_41_0_1' <Predicate = true> <Delay = 0.97> <CoreType = "Generic">   --->   Core 0 '' <Latency = 0> <II = 1> <Delay = 1.00> <Generic> <Opcode : >
ST_2 : Operation 32 [1/1] (0.00ns)   --->   "%or_ln = call i3 @_ssdm_op_BitConcatenate.i3.i1.i2(i1 true, i2 %select_ln158)" [src/honeybee.c:159]   --->   Operation 32 'bitconcatenate' 'or_ln' <Predicate = true> <Delay = 0.00>
ST_2 : Operation 33 [1/1] (0.98ns)   --->   "%select_ln158_1 = select i1 %tmp_41_0_1, i3 %or_ln, i3 %zext_ln158_1" [src/honeybee.c:158]   --->   Operation 33 'select' 'select_ln158_1' <Predicate = true> <Delay = 0.98> <Core = "Sel">   --->   Core 26 'Sel' <Latency = 0> <II = 1> <Delay = 1.24> <FuncUnit> <Opcode : 'select'> <InPorts = 3> <OutPorts = 1>
ST_2 : Operation 34 [1/1] (0.00ns)   --->   "%zext_ln158_2 = zext i3 %select_ln158_1 to i4" [src/honeybee.c:158]   --->   Operation 34 'zext' 'zext_ln158_2' <Predicate = true> <Delay = 0.00>
ST_2 : Operation 35 [1/2] (0.97ns)   --->   "%tmp_41_0_1_1 = call fastcc i1 @segmentIntersectsGri(float %edge_p1_x_read, float %edge_p1_y_read, float %edge_p1_z_read, float %edge_p2_x_read, float %edge_p2_y_read, float %edge_p2_z_read, float 1.000000e+00, float 1.000000e+00, float 0.000000e+00)" [src/honeybee.c:158]   --->   Operation 35 'call' 'tmp_41_0_1_1' <Predicate = true> <Delay = 0.97> <CoreType = "Generic">   --->   Core 0 '' <Latency = 0> <II = 1> <Delay = 1.00> <Generic> <Opcode : >
ST_2 : Operation 36 [1/1] (0.00ns)   --->   "%or_ln159_1 = call i4 @_ssdm_op_BitConcatenate.i4.i1.i3(i1 true, i3 %select_ln158_1)" [src/honeybee.c:159]   --->   Operation 36 'bitconcatenate' 'or_ln159_1' <Predicate = true> <Delay = 0.00>
ST_2 : Operation 37 [1/1] (1.02ns)   --->   "%select_ln158_2 = select i1 %tmp_41_0_1_1, i4 %or_ln159_1, i4 %zext_ln158_2" [src/honeybee.c:158]   --->   Operation 37 'select' 'select_ln158_2' <Predicate = true> <Delay = 1.02> <Core = "Sel">   --->   Core 26 'Sel' <Latency = 0> <II = 1> <Delay = 1.24> <FuncUnit> <Opcode : 'select'> <InPorts = 3> <OutPorts = 1>
ST_2 : Operation 38 [1/1] (0.00ns)   --->   "%zext_ln158_3 = zext i4 %select_ln158_2 to i5" [src/honeybee.c:158]   --->   Operation 38 'zext' 'zext_ln158_3' <Predicate = true> <Delay = 0.00>
ST_2 : Operation 39 [1/2] (0.97ns)   --->   "%tmp_41_1 = call fastcc i1 @segmentIntersectsGri(float %edge_p1_x_read, float %edge_p1_y_read, float %edge_p1_z_read, float %edge_p2_x_read, float %edge_p2_y_read, float %edge_p2_z_read, float 0.000000e+00, float 0.000000e+00, float 1.000000e+00)" [src/honeybee.c:158]   --->   Operation 39 'call' 'tmp_41_1' <Predicate = true> <Delay = 0.97> <CoreType = "Generic">   --->   Core 0 '' <Latency = 0> <II = 1> <Delay = 1.00> <Generic> <Opcode : >
ST_2 : Operation 40 [1/1] (0.00ns)   --->   "%or_ln159_2 = call i5 @_ssdm_op_BitConcatenate.i5.i1.i4(i1 true, i4 %select_ln158_2)" [src/honeybee.c:159]   --->   Operation 40 'bitconcatenate' 'or_ln159_2' <Predicate = true> <Delay = 0.00>
ST_2 : Operation 41 [1/1] (1.21ns)   --->   "%select_ln158_3 = select i1 %tmp_41_1, i5 %or_ln159_2, i5 %zext_ln158_3" [src/honeybee.c:158]   --->   Operation 41 'select' 'select_ln158_3' <Predicate = true> <Delay = 1.21> <Core = "Sel">   --->   Core 26 'Sel' <Latency = 0> <II = 1> <Delay = 1.24> <FuncUnit> <Opcode : 'select'> <InPorts = 3> <OutPorts = 1>
ST_2 : Operation 42 [1/1] (0.00ns)   --->   "%zext_ln158_4 = zext i5 %select_ln158_3 to i6" [src/honeybee.c:158]   --->   Operation 42 'zext' 'zext_ln158_4' <Predicate = true> <Delay = 0.00>
ST_2 : Operation 43 [1/2] (0.97ns)   --->   "%tmp_41_1_0_1 = call fastcc i1 @segmentIntersectsGri(float %edge_p1_x_read, float %edge_p1_y_read, float %edge_p1_z_read, float %edge_p2_x_read, float %edge_p2_y_read, float %edge_p2_z_read, float 1.000000e+00, float 0.000000e+00, float 1.000000e+00)" [src/honeybee.c:158]   --->   Operation 43 'call' 'tmp_41_1_0_1' <Predicate = true> <Delay = 0.97> <CoreType = "Generic">   --->   Core 0 '' <Latency = 0> <II = 1> <Delay = 1.00> <Generic> <Opcode : >
ST_2 : Operation 44 [1/1] (0.00ns)   --->   "%or_ln159_3 = call i6 @_ssdm_op_BitConcatenate.i6.i1.i5(i1 true, i5 %select_ln158_3)" [src/honeybee.c:159]   --->   Operation 44 'bitconcatenate' 'or_ln159_3' <Predicate = true> <Delay = 0.00>
ST_2 : Operation 45 [1/1] (1.18ns)   --->   "%select_ln158_4 = select i1 %tmp_41_1_0_1, i6 %or_ln159_3, i6 %zext_ln158_4" [src/honeybee.c:158]   --->   Operation 45 'select' 'select_ln158_4' <Predicate = true> <Delay = 1.18> <Core = "Sel">   --->   Core 26 'Sel' <Latency = 0> <II = 1> <Delay = 1.24> <FuncUnit> <Opcode : 'select'> <InPorts = 3> <OutPorts = 1>
ST_2 : Operation 46 [1/1] (0.00ns)   --->   "%zext_ln158_5 = zext i6 %select_ln158_4 to i7" [src/honeybee.c:158]   --->   Operation 46 'zext' 'zext_ln158_5' <Predicate = true> <Delay = 0.00>
ST_2 : Operation 47 [1/2] (0.97ns)   --->   "%tmp_41_1_1 = call fastcc i1 @segmentIntersectsGri(float %edge_p1_x_read, float %edge_p1_y_read, float %edge_p1_z_read, float %edge_p2_x_read, float %edge_p2_y_read, float %edge_p2_z_read, float 0.000000e+00, float 1.000000e+00, float 1.000000e+00)" [src/honeybee.c:158]   --->   Operation 47 'call' 'tmp_41_1_1' <Predicate = true> <Delay = 0.97> <CoreType = "Generic">   --->   Core 0 '' <Latency = 0> <II = 1> <Delay = 1.00> <Generic> <Opcode : >
ST_2 : Operation 48 [1/1] (0.00ns)   --->   "%or_ln159_4 = call i7 @_ssdm_op_BitConcatenate.i7.i1.i6(i1 true, i6 %select_ln158_4)" [src/honeybee.c:159]   --->   Operation 48 'bitconcatenate' 'or_ln159_4' <Predicate = true> <Delay = 0.00>
ST_2 : Operation 49 [1/1] (0.99ns)   --->   "%select_ln158_5 = select i1 %tmp_41_1_1, i7 %or_ln159_4, i7 %zext_ln158_5" [src/honeybee.c:158]   --->   Operation 49 'select' 'select_ln158_5' <Predicate = true> <Delay = 0.99> <Core = "Sel">   --->   Core 26 'Sel' <Latency = 0> <II = 1> <Delay = 1.24> <FuncUnit> <Opcode : 'select'> <InPorts = 3> <OutPorts = 1>
ST_2 : Operation 50 [1/1] (0.00ns)   --->   "%zext_ln158_6 = zext i7 %select_ln158_5 to i8" [src/honeybee.c:158]   --->   Operation 50 'zext' 'zext_ln158_6' <Predicate = true> <Delay = 0.00>
ST_2 : Operation 51 [1/2] (0.97ns)   --->   "%tmp_41_1_1_1 = call fastcc i1 @segmentIntersectsGri(float %edge_p1_x_read, float %edge_p1_y_read, float %edge_p1_z_read, float %edge_p2_x_read, float %edge_p2_y_read, float %edge_p2_z_read, float 1.000000e+00, float 1.000000e+00, float 1.000000e+00)" [src/honeybee.c:158]   --->   Operation 51 'call' 'tmp_41_1_1_1' <Predicate = true> <Delay = 0.97> <CoreType = "Generic">   --->   Core 0 '' <Latency = 0> <II = 1> <Delay = 1.00> <Generic> <Opcode : >
ST_2 : Operation 52 [1/1] (0.00ns)   --->   "%or_ln159_5 = call i8 @_ssdm_op_BitConcatenate.i8.i1.i7(i1 true, i7 %select_ln158_5)" [src/honeybee.c:159]   --->   Operation 52 'bitconcatenate' 'or_ln159_5' <Predicate = true> <Delay = 0.00>
ST_2 : Operation 53 [1/1] (1.24ns)   --->   "%select_ln158_6 = select i1 %tmp_41_1_1_1, i8 %or_ln159_5, i8 %zext_ln158_6" [src/honeybee.c:158]   --->   Operation 53 'select' 'select_ln158_6' <Predicate = true> <Delay = 1.24> <Core = "Sel">   --->   Core 26 'Sel' <Latency = 0> <II = 1> <Delay = 1.24> <FuncUnit> <Opcode : 'select'> <InPorts = 3> <OutPorts = 1>
ST_2 : Operation 54 [1/1] (0.00ns)   --->   "ret i8 %select_ln158_6" [src/honeybee.c:165]   --->   Operation 54 'ret' <Predicate = true> <Delay = 0.00>


============================================================
+ Verbose Summary: Timing violations
============================================================
Target clock period: 10ns, clock uncertainty: 1.25ns.

 <State 1>: 8.75ns
The critical path consists of the following:
	wire read on port 'edge_p2_z' (src/honeybee.c:158) [15]  (0 ns)
	'call' operation ('tmp_41', src/honeybee.c:158) to 'segmentIntersectsGri' [21]  (8.75 ns)

 <State 2>: 8.62ns
The critical path consists of the following:
	'call' operation ('tmp_41', src/honeybee.c:158) to 'segmentIntersectsGri' [21]  (0.978 ns)
	'select' operation ('select_ln158', src/honeybee.c:158) [25]  (0.993 ns)
	'select' operation ('select_ln158_1', src/honeybee.c:158) [29]  (0.98 ns)
	'select' operation ('select_ln158_2', src/honeybee.c:158) [33]  (1.02 ns)
	'select' operation ('select_ln158_3', src/honeybee.c:158) [37]  (1.22 ns)
	'select' operation ('select_ln158_4', src/honeybee.c:158) [41]  (1.19 ns)
	'select' operation ('select_ln158_5', src/honeybee.c:158) [45]  (0.993 ns)
	'select' operation ('select_ln158_6', src/honeybee.c:158) [49]  (1.25 ns)


============================================================
+ Verbose Summary: Binding
============================================================
N/A
* FSMD analyzer results:
  - Output states:
 - Input state : 
  - Chain level:
	State 1
	State 2


============================================================
+ Verbose Summary: Datapath Resource usage 
============================================================
N/A
