

================================================================
== Vivado HLS Report for 'honeybee'
================================================================
* Date:           Wed Mar 25 00:31:50 2020

* Version:        2019.2 (Build 2704478 on Wed Nov 06 22:10:23 MST 2019)
* Project:        HoneyBee-B
* Solution:       solution4
* Product family: zynq
* Target device:  xc7z020-clg484-1


================================================================
== Performance Estimates
================================================================
+ Timing: 
    * Summary: 
    +--------+----------+----------+------------+
    |  Clock |  Target  | Estimated| Uncertainty|
    +--------+----------+----------+------------+
    |ap_clk  | 10.00 ns | 9.921 ns |   1.25 ns  |
    +--------+----------+----------+------------+

+ Latency: 
    * Summary: 
    +---------+---------+----------+----------+-----+-----+---------+
    |  Latency (cycles) |  Latency (absolute) |  Interval | Pipeline|
    |   min   |   max   |    min   |    max   | min | max |   Type  |
    +---------+---------+----------+----------+-----+-----+---------+
    |       76|      425| 0.760 us | 4.250 us |   76|  425|   none  |
    +---------+---------+----------+----------+-----+-----+---------+

    + Detail: 
        * Instance: 
        +---------------------------------+----------------------+---------+---------+----------+----------+-----+-----+---------+
        |                                 |                      |  Latency (cycles) |  Latency (absolute) |  Interval | Pipeline|
        |             Instance            |        Module        |   min   |   max   |    min   |    max   | min | max |   Type  |
        +---------------------------------+----------------------+---------+---------+----------+----------+-----+-----+---------+
        |grp_segmentIntersectsGri_fu_82   |segmentIntersectsGri  |       75|      424| 0.750 us | 4.240 us |   75|  424|   none  |
        |grp_segmentIntersectsGri_fu_104  |segmentIntersectsGri  |       75|      424| 0.750 us | 4.240 us |   75|  424|   none  |
        |grp_segmentIntersectsGri_fu_126  |segmentIntersectsGri  |       75|      424| 0.750 us | 4.240 us |   75|  424|   none  |
        |grp_segmentIntersectsGri_fu_148  |segmentIntersectsGri  |       75|      424| 0.750 us | 4.240 us |   75|  424|   none  |
        |grp_segmentIntersectsGri_fu_170  |segmentIntersectsGri  |       75|      424| 0.750 us | 4.240 us |   75|  424|   none  |
        |grp_segmentIntersectsGri_fu_192  |segmentIntersectsGri  |       75|      424| 0.750 us | 4.240 us |   75|  424|   none  |
        |grp_segmentIntersectsGri_fu_214  |segmentIntersectsGri  |       75|      424| 0.750 us | 4.240 us |   75|  424|   none  |
        |grp_segmentIntersectsGri_fu_236  |segmentIntersectsGri  |       75|      424| 0.750 us | 4.240 us |   75|  424|   none  |
        +---------------------------------+----------------------+---------+---------+----------+----------+-----+-----+---------+

        * Loop: 
        N/A



================================================================
== Utilization Estimates
================================================================
* Summary: 
+-----------------+---------+-------+--------+--------+-----+
|       Name      | BRAM_18K| DSP48E|   FF   |   LUT  | URAM|
+-----------------+---------+-------+--------+--------+-----+
|DSP              |        -|      -|       -|       -|    -|
|Expression       |        -|      -|       0|      40|    -|
|FIFO             |        -|      -|       -|       -|    -|
|Instance         |        -|    272|   44704|  101856|    -|
|Memory           |        -|      -|       -|       -|    -|
|Multiplexer      |        -|      -|       -|      15|    -|
|Register         |        -|      -|      10|       -|    -|
+-----------------+---------+-------+--------+--------+-----+
|Total            |        0|    272|   44714|  101911|    0|
+-----------------+---------+-------+--------+--------+-----+
|Available        |      280|    220|  106400|   53200|    0|
+-----------------+---------+-------+--------+--------+-----+
|Utilization (%)  |        0|    123|      42|     191|    0|
+-----------------+---------+-------+--------+--------+-----+

+ Detail: 
    * Instance: 
    +---------------------------------+----------------------+---------+-------+------+-------+-----+
    |             Instance            |        Module        | BRAM_18K| DSP48E|  FF  |  LUT  | URAM|
    +---------------------------------+----------------------+---------+-------+------+-------+-----+
    |grp_segmentIntersectsGri_fu_82   |segmentIntersectsGri  |        0|     34|  5588|  12732|    0|
    |grp_segmentIntersectsGri_fu_104  |segmentIntersectsGri  |        0|     34|  5588|  12732|    0|
    |grp_segmentIntersectsGri_fu_126  |segmentIntersectsGri  |        0|     34|  5588|  12732|    0|
    |grp_segmentIntersectsGri_fu_148  |segmentIntersectsGri  |        0|     34|  5588|  12732|    0|
    |grp_segmentIntersectsGri_fu_170  |segmentIntersectsGri  |        0|     34|  5588|  12732|    0|
    |grp_segmentIntersectsGri_fu_192  |segmentIntersectsGri  |        0|     34|  5588|  12732|    0|
    |grp_segmentIntersectsGri_fu_214  |segmentIntersectsGri  |        0|     34|  5588|  12732|    0|
    |grp_segmentIntersectsGri_fu_236  |segmentIntersectsGri  |        0|     34|  5588|  12732|    0|
    +---------------------------------+----------------------+---------+-------+------+-------+-----+
    |Total                            |                      |        0|    272| 44704| 101856|    0|
    +---------------------------------+----------------------+---------+-------+------+-------+-----+

    * DSP48E: 
    N/A

    * Memory: 
    N/A

    * FIFO: 
    N/A

    * Expression: 
    +---------------------------------+----------+-------+---+----+------------+------------+
    |          Variable Name          | Operation| DSP48E| FF| LUT| Bitwidth P0| Bitwidth P1|
    +---------------------------------+----------+-------+---+----+------------+------------+
    |ap_block_state2_on_subcall_done  |    or    |      0|  0|   2|           1|           1|
    |ap_return                        |  select  |      0|  0|   8|           1|           8|
    |select_ln158_1_fu_290_p3         |  select  |      0|  0|   3|           1|           3|
    |select_ln158_2_fu_310_p3         |  select  |      0|  0|   4|           1|           4|
    |select_ln158_3_fu_330_p3         |  select  |      0|  0|   5|           1|           5|
    |select_ln158_4_fu_350_p3         |  select  |      0|  0|   6|           1|           6|
    |select_ln158_5_fu_370_p3         |  select  |      0|  0|   7|           1|           7|
    |select_ln158_fu_270_p3           |  select  |      0|  0|   2|           1|           2|
    |select_ln159_fu_262_p3           |  select  |      0|  0|   3|           1|           2|
    +---------------------------------+----------+-------+---+----+------------+------------+
    |Total                            |          |      0|  0|  40|           9|          38|
    +---------------------------------+----------+-------+---+----+------------+------------+

    * Multiplexer: 
    +-----------+----+-----------+-----+-----------+
    |    Name   | LUT| Input Size| Bits| Total Bits|
    +-----------+----+-----------+-----+-----------+
    |ap_NS_fsm  |  15|          3|    1|          3|
    +-----------+----+-----------+-----+-----------+
    |Total      |  15|          3|    1|          3|
    +-----------+----+-----------+-----+-----------+

    * Register: 
    +----------------------------------------------+---+----+-----+-----------+
    |                     Name                     | FF| LUT| Bits| Const Bits|
    +----------------------------------------------+---+----+-----+-----------+
    |ap_CS_fsm                                     |  2|   0|    2|          0|
    |grp_segmentIntersectsGri_fu_104_ap_start_reg  |  1|   0|    1|          0|
    |grp_segmentIntersectsGri_fu_126_ap_start_reg  |  1|   0|    1|          0|
    |grp_segmentIntersectsGri_fu_148_ap_start_reg  |  1|   0|    1|          0|
    |grp_segmentIntersectsGri_fu_170_ap_start_reg  |  1|   0|    1|          0|
    |grp_segmentIntersectsGri_fu_192_ap_start_reg  |  1|   0|    1|          0|
    |grp_segmentIntersectsGri_fu_214_ap_start_reg  |  1|   0|    1|          0|
    |grp_segmentIntersectsGri_fu_236_ap_start_reg  |  1|   0|    1|          0|
    |grp_segmentIntersectsGri_fu_82_ap_start_reg   |  1|   0|    1|          0|
    +----------------------------------------------+---+----+-----+-----------+
    |Total                                         | 10|   0|   10|          0|
    +----------------------------------------------+---+----+-----+-----------+



================================================================
== Interface
================================================================
* Summary: 
+-----------+-----+-----+------------+--------------+--------------+
| RTL Ports | Dir | Bits|  Protocol  | Source Object|    C Type    |
+-----------+-----+-----+------------+--------------+--------------+
|ap_clk     |  in |    1| ap_ctrl_hs |   honeybee   | return value |
|ap_rst     |  in |    1| ap_ctrl_hs |   honeybee   | return value |
|ap_start   |  in |    1| ap_ctrl_hs |   honeybee   | return value |
|ap_done    | out |    1| ap_ctrl_hs |   honeybee   | return value |
|ap_idle    | out |    1| ap_ctrl_hs |   honeybee   | return value |
|ap_ready   | out |    1| ap_ctrl_hs |   honeybee   | return value |
|ap_return  | out |    8| ap_ctrl_hs |   honeybee   | return value |
|edge_p1_x  |  in |   32|   ap_none  |   edge_p1_x  |    scalar    |
|edge_p1_y  |  in |   32|   ap_none  |   edge_p1_y  |    scalar    |
|edge_p1_z  |  in |   32|   ap_none  |   edge_p1_z  |    scalar    |
|edge_p2_x  |  in |   32|   ap_none  |   edge_p2_x  |    scalar    |
|edge_p2_y  |  in |   32|   ap_none  |   edge_p2_y  |    scalar    |
|edge_p2_z  |  in |   32|   ap_none  |   edge_p2_z  |    scalar    |
+-----------+-----+-----+------------+--------------+--------------+

============================================================
+ Verbose Summary: Synthesis Manager
============================================================
InlineROM: 1
ExposeGlobal: 0
============================================================
+ Verbose Summary: CDFG Model
============================================================
IsTopModel: 1
ResetActiveHigh: 1
IsCombinational: 2
IsDatapathOnly: 2
HasWiredReturn: 1
HasMFsm: 0
HasVarLatency: 1
IsPipeline: 0
IsRtlPipelined: 0
IsInstanceOverlapped: 0
IsDontTouch: 0
HasImplIP: 0
IsGatedGlobalClock: 0


============================================================
+ Verbose Summary: Schedule
============================================================
* Number of FSM states : 2
* Pipeline : 0
* Dataflow Pipeline: 0

* FSM state transitions: 
1 --> 2 
2 --> 

* FSM state operations: 

State 1 <SV = 0> <Delay = 8.75>
ST_1 : Operation 3 [1/1] (0.00ns)   --->   "%edge_p2_z_read = call float @_ssdm_op_Read.ap_auto.float(float %edge_p2_z)" [src/honeybee.c:158]   --->   Operation 3 'read' 'edge_p2_z_read' <Predicate = true> <Delay = 0.00>
ST_1 : Operation 4 [1/1] (0.00ns)   --->   "%edge_p2_y_read = call float @_ssdm_op_Read.ap_auto.float(float %edge_p2_y)" [src/honeybee.c:158]   --->   Operation 4 'read' 'edge_p2_y_read' <Predicate = true> <Delay = 0.00>
ST_1 : Operation 5 [1/1] (0.00ns)   --->   "%edge_p2_x_read = call float @_ssdm_op_Read.ap_auto.float(float %edge_p2_x)" [src/honeybee.c:158]   --->   Operation 5 'read' 'edge_p2_x_read' <Predicate = true> <Delay = 0.00>
ST_1 : Operation 6 [1/1] (0.00ns)   --->   "%edge_p1_z_read = call float @_ssdm_op_Read.ap_auto.float(float %edge_p1_z)" [src/honeybee.c:158]   --->   Operation 6 'read' 'edge_p1_z_read' <Predicate = true> <Delay = 0.00>
ST_1 : Operation 7 [1/1] (0.00ns)   --->   "%edge_p1_y_read = call float @_ssdm_op_Read.ap_auto.float(float %edge_p1_y)" [src/honeybee.c:158]   --->   Operation 7 'read' 'edge_p1_y_read' <Predicate = true> <Delay = 0.00>
ST_1 : Operation 8 [1/1] (0.00ns)   --->   "%edge_p1_x_read = call float @_ssdm_op_Read.ap_auto.float(float %edge_p1_x)" [src/honeybee.c:158]   --->   Operation 8 'read' 'edge_p1_x_read' <Predicate = true> <Delay = 0.00>
ST_1 : Operation 9 [2/2] (8.75ns)   --->   "%tmp_41 = call fastcc i1 @segmentIntersectsGri(float %edge_p1_x_read, float %edge_p1_y_read, float %edge_p1_z_read, float %edge_p2_x_read, float %edge_p2_y_read, float %edge_p2_z_read, float 0.000000e+00, float 0.000000e+00, float 0.000000e+00)" [src/honeybee.c:158]   --->   Operation 9 'call' 'tmp_41' <Predicate = true> <Delay = 8.75> <CoreType = "Generic">   --->   Core 0 '' <Latency = 0> <II = 1> <Delay = 1.00> <Generic> <Opcode : >
ST_1 : Operation 10 [2/2] (8.75ns)   --->   "%tmp_41_0_0_1 = call fastcc i1 @segmentIntersectsGri(float %edge_p1_x_read, float %edge_p1_y_read, float %edge_p1_z_read, float %edge_p2_x_read, float %edge_p2_y_read, float %edge_p2_z_read, float 1.000000e+00, float 0.000000e+00, float 0.000000e+00)" [src/honeybee.c:158]   --->   Operation 10 'call' 'tmp_41_0_0_1' <Predicate = true> <Delay = 8.75> <CoreType = "Generic">   --->   Core 0 '' <Latency = 0> <II = 1> <Delay = 1.00> <Generic> <Opcode : >
ST_1 : Operation 11 [2/2] (8.75ns)   --->   "%tmp_41_0_1 = call fastcc i1 @segmentIntersectsGri(float %edge_p1_x_read, float %edge_p1_y_read, float %edge_p1_z_read, float %edge_p2_x_read, float %edge_p2_y_read, float %edge_p2_z_read, float 0.000000e+00, float 1.000000e+00, float 0.000000e+00)" [src/honeybee.c:158]   --->   Operation 11 'call' 'tmp_41_0_1' <Predicate = true> <Delay = 8.75> <CoreType = "Generic">   --->   Core 0 '' <Latency = 0> <II = 1> <Delay = 1.00> <Generic> <Opcode : >
ST_1 : Operation 12 [2/2] (8.75ns)   --->   "%tmp_41_0_1_1 = call fastcc i1 @segmentIntersectsGri(float %edge_p1_x_read, float %edge_p1_y_read, float %edge_p1_z_read, float %edge_p2_x_read, float %edge_p2_y_read, float %edge_p2_z_read, float 1.000000e+00, float 1.000000e+00, float 0.000000e+00)" [src/honeybee.c:158]   --->   Operation 12 'call' 'tmp_41_0_1_1' <Predicate = true> <Delay = 8.75> <CoreType = "Generic">   --->   Core 0 '' <Latency = 0> <II = 1> <Delay = 1.00> <Generic> <Opcode : >
ST_1 : Operation 13 [2/2] (8.75ns)   --->   "%tmp_41_1 = call fastcc i1 @segmentIntersectsGri(float %edge_p1_x_read, float %edge_p1_y_read, float %edge_p1_z_read, float %edge_p2_x_read, float %edge_p2_y_read, float %edge_p2_z_read, float 0.000000e+00, float 0.000000e+00, float 1.000000e+00)" [src/honeybee.c:158]   --->   Operation 13 'call' 'tmp_41_1' <Predicate = true> <Delay = 8.75> <CoreType = "Generic">   --->   Core 0 '' <Latency = 0> <II = 1> <Delay = 1.00> <Generic> <Opcode : >
ST_1 : Operation 14 [2/2] (8.75ns)   --->   "%tmp_41_1_0_1 = call fastcc i1 @segmentIntersectsGri(float %edge_p1_x_read, float %edge_p1_y_read, float %edge_p1_z_read, float %edge_p2_x_read, float %edge_p2_y_read, float %edge_p2_z_read, float 1.000000e+00, float 0.000000e+00, float 1.000000e+00)" [src/honeybee.c:158]   --->   Operation 14 'call' 'tmp_41_1_0_1' <Predicate = true> <Delay = 8.75> <CoreType = "Generic">   --->   Core 0 '' <Latency = 0> <II = 1> <Delay = 1.00> <Generic> <Opcode : >
ST_1 : Operation 15 [2/2] (8.75ns)   --->   "%tmp_41_1_1 = call fastcc i1 @segmentIntersectsGri(float %edge_p1_x_read, float %edge_p1_y_read, float %edge_p1_z_read, float %edge_p2_x_read, float %edge_p2_y_read, float %edge_p2_z_read, float 0.000000e+00, float 1.000000e+00, float 1.000000e+00)" [src/honeybee.c:158]   --->   Operation 15 'call' 'tmp_41_1_1' <Predicate = true> <Delay = 8.75> <CoreType = "Generic">   --->   Core 0 '' <Latency = 0> <II = 1> <Delay = 1.00> <Generic> <Opcode : >
ST_1 : Operation 16 [2/2] (8.75ns)   --->   "%tmp_41_1_1_1 = call fastcc i1 @segmentIntersectsGri(float %edge_p1_x_read, float %edge_p1_y_read, float %edge_p1_z_read, float %edge_p2_x_read, float %edge_p2_y_read, float %edge_p2_z_read, float 1.000000e+00, float 1.000000e+00, float 1.000000e+00)" [src/honeybee.c:158]   --->   Operation 16 'call' 'tmp_41_1_1_1' <Predicate = true> <Delay = 8.75> <CoreType = "Generic">   --->   Core 0 '' <Latency = 0> <II = 1> <Delay = 1.00> <Generic> <Opcode : >

State 2 <SV = 1> <Delay = 8.61>
ST_2 : Operation 17 [1/1] (0.00ns)   --->   "call void (...)* @_ssdm_op_SpecBitsMap(float %edge_p1_x), !map !39"   --->   Operation 17 'specbitsmap' <Predicate = true> <Delay = 0.00>
ST_2 : Operation 18 [1/1] (0.00ns)   --->   "call void (...)* @_ssdm_op_SpecBitsMap(float %edge_p1_y), !map !45"   --->   Operation 18 'specbitsmap' <Predicate = true> <Delay = 0.00>
ST_2 : Operation 19 [1/1] (0.00ns)   --->   "call void (...)* @_ssdm_op_SpecBitsMap(float %edge_p1_z), !map !49"   --->   Operation 19 'specbitsmap' <Predicate = true> <Delay = 0.00>
ST_2 : Operation 20 [1/1] (0.00ns)   --->   "call void (...)* @_ssdm_op_SpecBitsMap(float %edge_p2_x), !map !53"   --->   Operation 20 'specbitsmap' <Predicate = true> <Delay = 0.00>
ST_2 : Operation 21 [1/1] (0.00ns)   --->   "call void (...)* @_ssdm_op_SpecBitsMap(float %edge_p2_y), !map !57"   --->   Operation 21 'specbitsmap' <Predicate = true> <Delay = 0.00>
ST_2 : Operation 22 [1/1] (0.00ns)   --->   "call void (...)* @_ssdm_op_SpecBitsMap(float %edge_p2_z), !map !61"   --->   Operation 22 'specbitsmap' <Predicate = true> <Delay = 0.00>
ST_2 : Operation 23 [1/1] (0.00ns)   --->   "call void (...)* @_ssdm_op_SpecBitsMap(i8 0) nounwind, !map !65"   --->   Operation 23 'specbitsmap' <Predicate = true> <Delay = 0.00>
ST_2 : Operation 24 [1/1] (0.00ns)   --->   "call void (...)* @_ssdm_op_SpecTopModule([9 x i8]* @honeybee_str) nounwind"   --->   Operation 24 'spectopmodule' <Predicate = true> <Delay = 0.00>
ST_2 : Operation 25 [1/2] (0.97ns)   --->   "%tmp_41 = call fastcc i1 @segmentIntersectsGri(float %edge_p1_x_read, float %edge_p1_y_read, float %edge_p1_z_read, float %edge_p2_x_read, float %edge_p2_y_read, float %edge_p2_z_read, float 0.000000e+00, float 0.000000e+00, float 0.000000e+00)" [src/honeybee.c:158]   --->   Operation 25 'call' 'tmp_41' <Predicate = true> <Delay = 0.97> <CoreType = "Generic">   --->   Core 0 '' <Latency = 0> <II = 1> <Delay = 1.00> <Generic> <Opcode : >
ST_2 : Operation 26 [1/1] (0.00ns) (grouped into LUT with out node select_ln158)   --->   "%zext_ln158 = zext i1 %tmp_41 to i2" [src/honeybee.c:158]   --->   Operation 26 'zext' 'zext_ln158' <Predicate = true> <Delay = 0.00>
ST_2 : Operation 27 [1/2] (0.97ns)   --->   "%tmp_41_0_0_1 = call fastcc i1 @segmentIntersectsGri(float %edge_p1_x_read, float %edge_p1_y_read, float %edge_p1_z_read, float %edge_p2_x_read, float %edge_p2_y_read, float %edge_p2_z_read, float 1.000000e+00, float 0.000000e+00, float 0.000000e+00)" [src/honeybee.c:158]   --->   Operation 27 'call' 'tmp_41_0_0_1' <Predicate = true> <Delay = 0.97> <CoreType = "Generic">   --->   Core 0 '' <Latency = 0> <II = 1> <Delay = 1.00> <Generic> <Opcode : >
ST_2 : Operation 28 [1/1] (0.00ns) (grouped into LUT with out node select_ln158)   --->   "%select_ln159 = select i1 %tmp_41, i2 -1, i2 -2" [src/honeybee.c:159]   --->   Operation 28 'select' 'select_ln159' <Predicate = true> <Delay = 0.00> <Core = "Sel">   --->   Core 26 'Sel' <Latency = 0> <II = 1> <Delay = 0.98> <FuncUnit> <Opcode : 'select'> <InPorts = 3> <OutPorts = 1>
ST_2 : Operation 29 [1/1] (0.99ns) (out node of the LUT)   --->   "%select_ln158 = select i1 %tmp_41_0_0_1, i2 %select_ln159, i2 %zext_ln158" [src/honeybee.c:158]   --->   Operation 29 'select' 'select_ln158' <Predicate = true> <Delay = 0.99> <Core = "Sel">   --->   Core 26 'Sel' <Latency = 0> <II = 1> <Delay = 0.98> <FuncUnit> <Opcode : 'select'> <InPorts = 3> <OutPorts = 1>
ST_2 : Operation 30 [1/1] (0.00ns)   --->   "%zext_ln158_1 = zext i2 %select_ln158 to i3" [src/honeybee.c:158]   --->   Operation 30 'zext' 'zext_ln158_1' <Predicate = true> <Delay = 0.00>
ST_2 : Operation 31 [1/2] (0.97ns)   --->   "%tmp_41_0_1 = call fastcc i1 @segmentIntersectsGri(float %edge_p1_x_read, float %edge_p1_y_read, float %edge_p1_z_read, float %edge_p2_x_read, float %edge_p2_y_read, float %edge_p2_z_read, float 0.000000e+00, float 1.000000e+00, float 0.000000e+00)" [src/honeybee.c:158]   --->   Operation 31 'call' 'tmp_41_0_1' <Predicate = true> <Delay = 0.97> <CoreType = "Generic">   --->   Core 0 '' <Latency = 0> <II = 1> <Delay = 1.00> <Generic> <Opcode : >
ST_2 : Operation 32 [1/1] (0.00ns)   --->   "%or_ln = call i3 @_ssdm_op_BitConcatenate.i3.i1.i2(i1 true, i2 %select_ln158)" [src/honeybee.c:159]   --->   Operation 32 'bitconcatenate' 'or_ln' <Predicate = true> <Delay = 0.00>
ST_2 : Operation 33 [1/1] (0.98ns)   --->   "%select_ln158_1 = select i1 %tmp_41_0_1, i3 %or_ln, i3 %zext_ln158_1" [src/honeybee.c:158]   --->   Operation 33 'select' 'select_ln158_1' <Predicate = true> <Delay = 0.98> <Core = "Sel">   --->   Core 26 'Sel' <Latency = 0> <II = 1> <Delay = 0.98> <FuncUnit> <Opcode : 'select'> <InPorts = 3> <OutPorts = 1>
ST_2 : Operation 34 [1/1] (0.00ns)   --->   "%zext_ln158_2 = zext i3 %select_ln158_1 to i4" [src/honeybee.c:158]   --->   Operation 34 'zext' 'zext_ln158_2' <Predicate = true> <Delay = 0.00>
ST_2 : Operation 35 [1/2] (0.97ns)   --->   "%tmp_41_0_1_1 = call fastcc i1 @segmentIntersectsGri(float %edge_p1_x_read, float %edge_p1_y_read, float %edge_p1_z_read, float %edge_p2_x_read, float %edge_p2_y_read, float %edge_p2_z_read, float 1.000000e+00, float 1.000000e+00, float 0.000000e+00)" [src/honeybee.c:158]   --->   Operation 35 'call' 'tmp_41_0_1_1' <Predicate = true> <Delay = 0.97> <CoreType = "Generic">   --->   Core 0 '' <Latency = 0> <II = 1> <Delay = 1.00> <Generic> <Opcode : >
ST_2 : Operation 36 [1/1] (0.00ns)   --->   "%or_ln159_1 = call i4 @_ssdm_op_BitConcatenate.i4.i1.i3(i1 true, i3 %select_ln158_1)" [src/honeybee.c:159]   --->   Operation 36 'bitconcatenate' 'or_ln159_1' <Predicate = true> <Delay = 0.00>
ST_2 : Operation 37 [1/1] (1.02ns)   --->   "%select_ln158_2 = select i1 %tmp_41_0_1_1, i4 %or_ln159_1, i4 %zext_ln158_2" [src/honeybee.c:158]   --->   Operation 37 'select' 'select_ln158_2' <Predicate = true> <Delay = 1.02> <Core = "Sel">   --->   Core 26 'Sel' <Latency = 0> <II = 1> <Delay = 0.98> <FuncUnit> <Opcode : 'select'> <InPorts = 3> <OutPorts = 1>
ST_2 : Operation 38 [1/1] (0.00ns)   --->   "%zext_ln158_3 = zext i4 %select_ln158_2 to i5" [src/honeybee.c:158]   --->   Operation 38 'zext' 'zext_ln158_3' <Predicate = true> <Delay = 0.00>
ST_2 : Operation 39 [1/2] (0.97ns)   --->   "%tmp_41_1 = call fastcc i1 @segmentIntersectsGri(float %edge_p1_x_read, float %edge_p1_y_read, float %edge_p1_z_read, float %edge_p2_x_read, float %edge_p2_y_read, float %edge_p2_z_read, float 0.000000e+00, float 0.000000e+00, float 1.000000e+00)" [src/honeybee.c:158]   --->   Operation 39 'call' 'tmp_41_1' <Predicate = true> <Delay = 0.97> <CoreType = "Generic">   --->   Core 0 '' <Latency = 0> <II = 1> <Delay = 1.00> <Generic> <Opcode : >
ST_2 : Operation 40 [1/1] (0.00ns)   --->   "%or_ln159_2 = call i5 @_ssdm_op_BitConcatenate.i5.i1.i4(i1 true, i4 %select_ln158_2)" [src/honeybee.c:159]   --->   Operation 40 'bitconcatenate' 'or_ln159_2' <Predicate = true> <Delay = 0.00>
ST_2 : Operation 41 [1/1] (1.21ns)   --->   "%select_ln158_3 = select i1 %tmp_41_1, i5 %or_ln159_2, i5 %zext_ln158_3" [src/honeybee.c:158]   --->   Operation 41 'select' 'select_ln158_3' <Predicate = true> <Delay = 1.21> <Core = "Sel">   --->   Core 26 'Sel' <Latency = 0> <II = 1> <Delay = 0.98> <FuncUnit> <Opcode : 'select'> <InPorts = 3> <OutPorts = 1>
ST_2 : Operation 42 [1/1] (0.00ns)   --->   "%zext_ln158_4 = zext i5 %select_ln158_3 to i6" [src/honeybee.c:158]   --->   Operation 42 'zext' 'zext_ln158_4' <Predicate = true> <Delay = 0.00>
ST_2 : Operation 43 [1/2] (0.97ns)   --->   "%tmp_41_1_0_1 = call fastcc i1 @segmentIntersectsGri(float %edge_p1_x_read, float %edge_p1_y_read, float %edge_p1_z_read, float %edge_p2_x_read, float %edge_p2_y_read, float %edge_p2_z_read, float 1.000000e+00, float 0.000000e+00, float 1.000000e+00)" [src/honeybee.c:158]   --->   Operation 43 'call' 'tmp_41_1_0_1' <Predicate = true> <Delay = 0.97> <CoreType = "Generic">   --->   Core 0 '' <Latency = 0> <II = 1> <Delay = 1.00> <Generic> <Opcode : >
ST_2 : Operation 44 [1/1] (0.00ns)   --->   "%or_ln159_3 = call i6 @_ssdm_op_BitConcatenate.i6.i1.i5(i1 true, i5 %select_ln158_3)" [src/honeybee.c:159]   --->   Operation 44 'bitconcatenate' 'or_ln159_3' <Predicate = true> <Delay = 0.00>
ST_2 : Operation 45 [1/1] (1.18ns)   --->   "%select_ln158_4 = select i1 %tmp_41_1_0_1, i6 %or_ln159_3, i6 %zext_ln158_4" [src/honeybee.c:158]   --->   Operation 45 'select' 'select_ln158_4' <Predicate = true> <Delay = 1.18> <Core = "Sel">   --->   Core 26 'Sel' <Latency = 0> <II = 1> <Delay = 0.98> <FuncUnit> <Opcode : 'select'> <InPorts = 3> <OutPorts = 1>
ST_2 : Operation 46 [1/1] (0.00ns)   --->   "%zext_ln158_5 = zext i6 %select_ln158_4 to i7" [src/honeybee.c:158]   --->   Operation 46 'zext' 'zext_ln158_5' <Predicate = true> <Delay = 0.00>
ST_2 : Operation 47 [1/2] (0.97ns)   --->   "%tmp_41_1_1 = call fastcc i1 @segmentIntersectsGri(float %edge_p1_x_read, float %edge_p1_y_read, float %edge_p1_z_read, float %edge_p2_x_read, float %edge_p2_y_read, float %edge_p2_z_read, float 0.000000e+00, float 1.000000e+00, float 1.000000e+00)" [src/honeybee.c:158]   --->   Operation 47 'call' 'tmp_41_1_1' <Predicate = true> <Delay = 0.97> <CoreType = "Generic">   --->   Core 0 '' <Latency = 0> <II = 1> <Delay = 1.00> <Generic> <Opcode : >
ST_2 : Operation 48 [1/1] (0.00ns)   --->   "%or_ln159_4 = call i7 @_ssdm_op_BitConcatenate.i7.i1.i6(i1 true, i6 %select_ln158_4)" [src/honeybee.c:159]   --->   Operation 48 'bitconcatenate' 'or_ln159_4' <Predicate = true> <Delay = 0.00>
ST_2 : Operation 49 [1/1] (0.99ns)   --->   "%select_ln158_5 = select i1 %tmp_41_1_1, i7 %or_ln159_4, i7 %zext_ln158_5" [src/honeybee.c:158]   --->   Operation 49 'select' 'select_ln158_5' <Predicate = true> <Delay = 0.99> <Core = "Sel">   --->   Core 26 'Sel' <Latency = 0> <II = 1> <Delay = 0.98> <FuncUnit> <Opcode : 'select'> <InPorts = 3> <OutPorts = 1>
ST_2 : Operation 50 [1/1] (0.00ns)   --->   "%zext_ln158_6 = zext i7 %select_ln158_5 to i8" [src/honeybee.c:158]   --->   Operation 50 'zext' 'zext_ln158_6' <Predicate = true> <Delay = 0.00>
ST_2 : Operation 51 [1/2] (0.97ns)   --->   "%tmp_41_1_1_1 = call fastcc i1 @segmentIntersectsGri(float %edge_p1_x_read, float %edge_p1_y_read, float %edge_p1_z_read, float %edge_p2_x_read, float %edge_p2_y_read, float %edge_p2_z_read, float 1.000000e+00, float 1.000000e+00, float 1.000000e+00)" [src/honeybee.c:158]   --->   Operation 51 'call' 'tmp_41_1_1_1' <Predicate = true> <Delay = 0.97> <CoreType = "Generic">   --->   Core 0 '' <Latency = 0> <II = 1> <Delay = 1.00> <Generic> <Opcode : >
ST_2 : Operation 52 [1/1] (0.00ns)   --->   "%or_ln159_5 = call i8 @_ssdm_op_BitConcatenate.i8.i1.i7(i1 true, i7 %select_ln158_5)" [src/honeybee.c:159]   --->   Operation 52 'bitconcatenate' 'or_ln159_5' <Predicate = true> <Delay = 0.00>
ST_2 : Operation 53 [1/1] (1.24ns)   --->   "%select_ln158_6 = select i1 %tmp_41_1_1_1, i8 %or_ln159_5, i8 %zext_ln158_6" [src/honeybee.c:158]   --->   Operation 53 'select' 'select_ln158_6' <Predicate = true> <Delay = 1.24> <Core = "Sel">   --->   Core 26 'Sel' <Latency = 0> <II = 1> <Delay = 0.98> <FuncUnit> <Opcode : 'select'> <InPorts = 3> <OutPorts = 1>
ST_2 : Operation 54 [1/1] (0.00ns)   --->   "ret i8 %select_ln158_6" [src/honeybee.c:165]   --->   Operation 54 'ret' <Predicate = true> <Delay = 0.00>


============================================================
+ Verbose Summary: Binding
============================================================
STG Binding: 
---------------- STG Properties BEGIN ----------------
- Is combinational: 0
- Is one-state seq: 0
- Is datapath-only: 0
- Is pipelined: 0
- Is top level: 1
Port [ Return ] is wired: 1; IO mode=ap_ctrl_hs:ce=0
Port [ edge_p1_x]:  wired=1; compound=0; hidden=0; nouse=0; global=0; static=0; extern=0; dir=0; type=0; pingpong=0; private_global=0; IO mode=ap_none:ce=0
Port [ edge_p1_y]:  wired=1; compound=0; hidden=0; nouse=0; global=0; static=0; extern=0; dir=0; type=0; pingpong=0; private_global=0; IO mode=ap_none:ce=0
Port [ edge_p1_z]:  wired=1; compound=0; hidden=0; nouse=0; global=0; static=0; extern=0; dir=0; type=0; pingpong=0; private_global=0; IO mode=ap_none:ce=0
Port [ edge_p2_x]:  wired=1; compound=0; hidden=0; nouse=0; global=0; static=0; extern=0; dir=0; type=0; pingpong=0; private_global=0; IO mode=ap_none:ce=0
Port [ edge_p2_y]:  wired=1; compound=0; hidden=0; nouse=0; global=0; static=0; extern=0; dir=0; type=0; pingpong=0; private_global=0; IO mode=ap_none:ce=0
Port [ edge_p2_z]:  wired=1; compound=0; hidden=0; nouse=0; global=0; static=0; extern=0; dir=0; type=0; pingpong=0; private_global=0; IO mode=ap_none:ce=0
---------------- STG Properties END ------------------

---------------- Datapath Model BEGIN ----------------

<LifeTime>
<method=bitvector/>
edge_p2_z_read    (read          ) [ 001]
edge_p2_y_read    (read          ) [ 001]
edge_p2_x_read    (read          ) [ 001]
edge_p1_z_read    (read          ) [ 001]
edge_p1_y_read    (read          ) [ 001]
edge_p1_x_read    (read          ) [ 001]
specbitsmap_ln0   (specbitsmap   ) [ 000]
specbitsmap_ln0   (specbitsmap   ) [ 000]
specbitsmap_ln0   (specbitsmap   ) [ 000]
specbitsmap_ln0   (specbitsmap   ) [ 000]
specbitsmap_ln0   (specbitsmap   ) [ 000]
specbitsmap_ln0   (specbitsmap   ) [ 000]
specbitsmap_ln0   (specbitsmap   ) [ 000]
spectopmodule_ln0 (spectopmodule ) [ 000]
tmp_41            (call          ) [ 000]
zext_ln158        (zext          ) [ 000]
tmp_41_0_0_1      (call          ) [ 000]
select_ln159      (select        ) [ 000]
select_ln158      (select        ) [ 000]
zext_ln158_1      (zext          ) [ 000]
tmp_41_0_1        (call          ) [ 000]
or_ln             (bitconcatenate) [ 000]
select_ln158_1    (select        ) [ 000]
zext_ln158_2      (zext          ) [ 000]
tmp_41_0_1_1      (call          ) [ 000]
or_ln159_1        (bitconcatenate) [ 000]
select_ln158_2    (select        ) [ 000]
zext_ln158_3      (zext          ) [ 000]
tmp_41_1          (call          ) [ 000]
or_ln159_2        (bitconcatenate) [ 000]
select_ln158_3    (select        ) [ 000]
zext_ln158_4      (zext          ) [ 000]
tmp_41_1_0_1      (call          ) [ 000]
or_ln159_3        (bitconcatenate) [ 000]
select_ln158_4    (select        ) [ 000]
zext_ln158_5      (zext          ) [ 000]
tmp_41_1_1        (call          ) [ 000]
or_ln159_4        (bitconcatenate) [ 000]
select_ln158_5    (select        ) [ 000]
zext_ln158_6      (zext          ) [ 000]
tmp_41_1_1_1      (call          ) [ 000]
or_ln159_5        (bitconcatenate) [ 000]
select_ln158_6    (select        ) [ 000]
ret_ln165         (ret           ) [ 000]
</LifeTime>

<model>

<comp_list>
<comp id="0" class="1000" name="edge_p1_x">
<pin_list>
<pin id="1" dir="1" index="0" bw="1" slack="0"/>
</pin_list>
<bind>
<StgValue><ssdm name="edge_p1_x"/></StgValue>
</bind>
</comp>

<comp id="2" class="1000" name="edge_p1_y">
<pin_list>
<pin id="3" dir="1" index="0" bw="1" slack="0"/>
</pin_list>
<bind>
<StgValue><ssdm name="edge_p1_y"/></StgValue>
</bind>
</comp>

<comp id="4" class="1000" name="edge_p1_z">
<pin_list>
<pin id="5" dir="1" index="0" bw="1" slack="0"/>
</pin_list>
<bind>
<StgValue><ssdm name="edge_p1_z"/></StgValue>
</bind>
</comp>

<comp id="6" class="1000" name="edge_p2_x">
<pin_list>
<pin id="7" dir="1" index="0" bw="1" slack="0"/>
</pin_list>
<bind>
<StgValue><ssdm name="edge_p2_x"/></StgValue>
</bind>
</comp>

<comp id="8" class="1000" name="edge_p2_y">
<pin_list>
<pin id="9" dir="1" index="0" bw="1" slack="0"/>
</pin_list>
<bind>
<StgValue><ssdm name="edge_p2_y"/></StgValue>
</bind>
</comp>

<comp id="10" class="1000" name="edge_p2_z">
<pin_list>
<pin id="11" dir="1" index="0" bw="1" slack="0"/>
</pin_list>
<bind>
<StgValue><ssdm name="edge_p2_z"/></StgValue>
</bind>
</comp>

<comp id="12" class="1001" name="const_12">
<pin_list>
<pin id="13" dir="1" index="0" bw="1" slack="0"/>
</pin_list>
<bind>
<StgValue><ssdm name="_ssdm_op_Read.ap_auto.float"/></StgValue>
</bind>
</comp>

<comp id="14" class="1001" name="const_14">
<pin_list>
<pin id="15" dir="1" index="0" bw="1" slack="0"/>
</pin_list>
<bind>
<StgValue><ssdm name="segmentIntersectsGri"/></StgValue>
</bind>
</comp>

<comp id="16" class="1001" name="const_16">
<pin_list>
<pin id="17" dir="1" index="0" bw="1" slack="0"/>
</pin_list>
<bind>
<StgValue><ssdm name=""/></StgValue>
</bind>
</comp>

<comp id="18" class="1001" name="const_18">
<pin_list>
<pin id="19" dir="1" index="0" bw="1" slack="0"/>
</pin_list>
<bind>
<StgValue><ssdm name=""/></StgValue>
</bind>
</comp>

<comp id="20" class="1001" name="const_20">
<pin_list>
<pin id="21" dir="1" index="0" bw="1" slack="2147483647"/>
</pin_list>
<bind>
<StgValue><ssdm name="_ssdm_op_SpecBitsMap"/></StgValue>
</bind>
</comp>

<comp id="22" class="1001" name="const_22">
<pin_list>
<pin id="23" dir="1" index="0" bw="1" slack="2147483647"/>
</pin_list>
<bind>
<StgValue><ssdm name=""/></StgValue>
</bind>
</comp>

<comp id="24" class="1001" name="const_24">
<pin_list>
<pin id="25" dir="1" index="0" bw="1" slack="2147483647"/>
</pin_list>
<bind>
<StgValue><ssdm name="_ssdm_op_SpecTopModule"/></StgValue>
</bind>
</comp>

<comp id="26" class="1001" name="const_26">
<pin_list>
<pin id="27" dir="1" index="0" bw="1" slack="2147483647"/>
</pin_list>
<bind>
<StgValue><ssdm name="honeybee_str"/></StgValue>
</bind>
</comp>

<comp id="28" class="1001" name="const_28">
<pin_list>
<pin id="29" dir="1" index="0" bw="1" slack="0"/>
</pin_list>
<bind>
<StgValue><ssdm name=""/></StgValue>
</bind>
</comp>

<comp id="30" class="1001" name="const_30">
<pin_list>
<pin id="31" dir="1" index="0" bw="1" slack="0"/>
</pin_list>
<bind>
<StgValue><ssdm name=""/></StgValue>
</bind>
</comp>

<comp id="32" class="1001" name="const_32">
<pin_list>
<pin id="33" dir="1" index="0" bw="1" slack="0"/>
</pin_list>
<bind>
<StgValue><ssdm name="_ssdm_op_BitConcatenate.i3.i1.i2"/></StgValue>
</bind>
</comp>

<comp id="34" class="1001" name="const_34">
<pin_list>
<pin id="35" dir="1" index="0" bw="1" slack="0"/>
</pin_list>
<bind>
<StgValue><ssdm name=""/></StgValue>
</bind>
</comp>

<comp id="36" class="1001" name="const_36">
<pin_list>
<pin id="37" dir="1" index="0" bw="1" slack="0"/>
</pin_list>
<bind>
<StgValue><ssdm name="_ssdm_op_BitConcatenate.i4.i1.i3"/></StgValue>
</bind>
</comp>

<comp id="38" class="1001" name="const_38">
<pin_list>
<pin id="39" dir="1" index="0" bw="1" slack="0"/>
</pin_list>
<bind>
<StgValue><ssdm name="_ssdm_op_BitConcatenate.i5.i1.i4"/></StgValue>
</bind>
</comp>

<comp id="40" class="1001" name="const_40">
<pin_list>
<pin id="41" dir="1" index="0" bw="1" slack="0"/>
</pin_list>
<bind>
<StgValue><ssdm name="_ssdm_op_BitConcatenate.i6.i1.i5"/></StgValue>
</bind>
</comp>

<comp id="42" class="1001" name="const_42">
<pin_list>
<pin id="43" dir="1" index="0" bw="1" slack="0"/>
</pin_list>
<bind>
<StgValue><ssdm name="_ssdm_op_BitConcatenate.i7.i1.i6"/></StgValue>
</bind>
</comp>

<comp id="44" class="1001" name="const_44">
<pin_list>
<pin id="45" dir="1" index="0" bw="1" slack="0"/>
</pin_list>
<bind>
<StgValue><ssdm name="_ssdm_op_BitConcatenate.i8.i1.i7"/></StgValue>
</bind>
</comp>

<comp id="46" class="1004" name="edge_p2_z_read_read_fu_46">
<pin_list>
<pin id="47" dir="0" index="0" bw="32" slack="0"/>
<pin id="48" dir="0" index="1" bw="32" slack="0"/>
<pin id="49" dir="1" index="2" bw="32" slack="0"/>
</pin_list>
<bind>
<opcode="read(1150) " fcode="read"/>
<opset="edge_p2_z_read/1 "/>
</bind>
</comp>

<comp id="52" class="1004" name="edge_p2_y_read_read_fu_52">
<pin_list>
<pin id="53" dir="0" index="0" bw="32" slack="0"/>
<pin id="54" dir="0" index="1" bw="32" slack="0"/>
<pin id="55" dir="1" index="2" bw="32" slack="0"/>
</pin_list>
<bind>
<opcode="read(1150) " fcode="read"/>
<opset="edge_p2_y_read/1 "/>
</bind>
</comp>

<comp id="58" class="1004" name="edge_p2_x_read_read_fu_58">
<pin_list>
<pin id="59" dir="0" index="0" bw="32" slack="0"/>
<pin id="60" dir="0" index="1" bw="32" slack="0"/>
<pin id="61" dir="1" index="2" bw="32" slack="0"/>
</pin_list>
<bind>
<opcode="read(1150) " fcode="read"/>
<opset="edge_p2_x_read/1 "/>
</bind>
</comp>

<comp id="64" class="1004" name="edge_p1_z_read_read_fu_64">
<pin_list>
<pin id="65" dir="0" index="0" bw="32" slack="0"/>
<pin id="66" dir="0" index="1" bw="32" slack="0"/>
<pin id="67" dir="1" index="2" bw="32" slack="0"/>
</pin_list>
<bind>
<opcode="read(1150) " fcode="read"/>
<opset="edge_p1_z_read/1 "/>
</bind>
</comp>

<comp id="70" class="1004" name="edge_p1_y_read_read_fu_70">
<pin_list>
<pin id="71" dir="0" index="0" bw="32" slack="0"/>
<pin id="72" dir="0" index="1" bw="32" slack="0"/>
<pin id="73" dir="1" index="2" bw="32" slack="0"/>
</pin_list>
<bind>
<opcode="read(1150) " fcode="read"/>
<opset="edge_p1_y_read/1 "/>
</bind>
</comp>

<comp id="76" class="1004" name="edge_p1_x_read_read_fu_76">
<pin_list>
<pin id="77" dir="0" index="0" bw="32" slack="0"/>
<pin id="78" dir="0" index="1" bw="32" slack="0"/>
<pin id="79" dir="1" index="2" bw="32" slack="0"/>
</pin_list>
<bind>
<opcode="read(1150) " fcode="read"/>
<opset="edge_p1_x_read/1 "/>
</bind>
</comp>

<comp id="82" class="1004" name="grp_segmentIntersectsGri_fu_82">
<pin_list>
<pin id="83" dir="0" index="0" bw="1" slack="0"/>
<pin id="84" dir="0" index="1" bw="32" slack="0"/>
<pin id="85" dir="0" index="2" bw="32" slack="0"/>
<pin id="86" dir="0" index="3" bw="32" slack="0"/>
<pin id="87" dir="0" index="4" bw="32" slack="0"/>
<pin id="88" dir="0" index="5" bw="32" slack="0"/>
<pin id="89" dir="0" index="6" bw="32" slack="0"/>
<pin id="90" dir="0" index="7" bw="32" slack="0"/>
<pin id="91" dir="0" index="8" bw="32" slack="0"/>
<pin id="92" dir="0" index="9" bw="32" slack="0"/>
<pin id="93" dir="1" index="10" bw="1" slack="0"/>
</pin_list>
<bind>
<opcode="call(48) " fcode="call"/>
<opset="tmp_41/1 "/>
</bind>
</comp>

<comp id="104" class="1004" name="grp_segmentIntersectsGri_fu_104">
<pin_list>
<pin id="105" dir="0" index="0" bw="1" slack="0"/>
<pin id="106" dir="0" index="1" bw="32" slack="0"/>
<pin id="107" dir="0" index="2" bw="32" slack="0"/>
<pin id="108" dir="0" index="3" bw="32" slack="0"/>
<pin id="109" dir="0" index="4" bw="32" slack="0"/>
<pin id="110" dir="0" index="5" bw="32" slack="0"/>
<pin id="111" dir="0" index="6" bw="32" slack="0"/>
<pin id="112" dir="0" index="7" bw="32" slack="0"/>
<pin id="113" dir="0" index="8" bw="32" slack="0"/>
<pin id="114" dir="0" index="9" bw="32" slack="0"/>
<pin id="115" dir="1" index="10" bw="1" slack="0"/>
</pin_list>
<bind>
<opcode="call(48) " fcode="call"/>
<opset="tmp_41_0_0_1/1 "/>
</bind>
</comp>

<comp id="126" class="1004" name="grp_segmentIntersectsGri_fu_126">
<pin_list>
<pin id="127" dir="0" index="0" bw="1" slack="0"/>
<pin id="128" dir="0" index="1" bw="32" slack="0"/>
<pin id="129" dir="0" index="2" bw="32" slack="0"/>
<pin id="130" dir="0" index="3" bw="32" slack="0"/>
<pin id="131" dir="0" index="4" bw="32" slack="0"/>
<pin id="132" dir="0" index="5" bw="32" slack="0"/>
<pin id="133" dir="0" index="6" bw="32" slack="0"/>
<pin id="134" dir="0" index="7" bw="32" slack="0"/>
<pin id="135" dir="0" index="8" bw="32" slack="0"/>
<pin id="136" dir="0" index="9" bw="32" slack="0"/>
<pin id="137" dir="1" index="10" bw="1" slack="0"/>
</pin_list>
<bind>
<opcode="call(48) " fcode="call"/>
<opset="tmp_41_0_1/1 "/>
</bind>
</comp>

<comp id="148" class="1004" name="grp_segmentIntersectsGri_fu_148">
<pin_list>
<pin id="149" dir="0" index="0" bw="1" slack="0"/>
<pin id="150" dir="0" index="1" bw="32" slack="0"/>
<pin id="151" dir="0" index="2" bw="32" slack="0"/>
<pin id="152" dir="0" index="3" bw="32" slack="0"/>
<pin id="153" dir="0" index="4" bw="32" slack="0"/>
<pin id="154" dir="0" index="5" bw="32" slack="0"/>
<pin id="155" dir="0" index="6" bw="32" slack="0"/>
<pin id="156" dir="0" index="7" bw="32" slack="0"/>
<pin id="157" dir="0" index="8" bw="32" slack="0"/>
<pin id="158" dir="0" index="9" bw="32" slack="0"/>
<pin id="159" dir="1" index="10" bw="1" slack="0"/>
</pin_list>
<bind>
<opcode="call(48) " fcode="call"/>
<opset="tmp_41_0_1_1/1 "/>
</bind>
</comp>

<comp id="170" class="1004" name="grp_segmentIntersectsGri_fu_170">
<pin_list>
<pin id="171" dir="0" index="0" bw="1" slack="0"/>
<pin id="172" dir="0" index="1" bw="32" slack="0"/>
<pin id="173" dir="0" index="2" bw="32" slack="0"/>
<pin id="174" dir="0" index="3" bw="32" slack="0"/>
<pin id="175" dir="0" index="4" bw="32" slack="0"/>
<pin id="176" dir="0" index="5" bw="32" slack="0"/>
<pin id="177" dir="0" index="6" bw="32" slack="0"/>
<pin id="178" dir="0" index="7" bw="32" slack="0"/>
<pin id="179" dir="0" index="8" bw="32" slack="0"/>
<pin id="180" dir="0" index="9" bw="32" slack="0"/>
<pin id="181" dir="1" index="10" bw="1" slack="0"/>
</pin_list>
<bind>
<opcode="call(48) " fcode="call"/>
<opset="tmp_41_1/1 "/>
</bind>
</comp>

<comp id="192" class="1004" name="grp_segmentIntersectsGri_fu_192">
<pin_list>
<pin id="193" dir="0" index="0" bw="1" slack="0"/>
<pin id="194" dir="0" index="1" bw="32" slack="0"/>
<pin id="195" dir="0" index="2" bw="32" slack="0"/>
<pin id="196" dir="0" index="3" bw="32" slack="0"/>
<pin id="197" dir="0" index="4" bw="32" slack="0"/>
<pin id="198" dir="0" index="5" bw="32" slack="0"/>
<pin id="199" dir="0" index="6" bw="32" slack="0"/>
<pin id="200" dir="0" index="7" bw="32" slack="0"/>
<pin id="201" dir="0" index="8" bw="32" slack="0"/>
<pin id="202" dir="0" index="9" bw="32" slack="0"/>
<pin id="203" dir="1" index="10" bw="1" slack="0"/>
</pin_list>
<bind>
<opcode="call(48) " fcode="call"/>
<opset="tmp_41_1_0_1/1 "/>
</bind>
</comp>

<comp id="214" class="1004" name="grp_segmentIntersectsGri_fu_214">
<pin_list>
<pin id="215" dir="0" index="0" bw="1" slack="0"/>
<pin id="216" dir="0" index="1" bw="32" slack="0"/>
<pin id="217" dir="0" index="2" bw="32" slack="0"/>
<pin id="218" dir="0" index="3" bw="32" slack="0"/>
<pin id="219" dir="0" index="4" bw="32" slack="0"/>
<pin id="220" dir="0" index="5" bw="32" slack="0"/>
<pin id="221" dir="0" index="6" bw="32" slack="0"/>
<pin id="222" dir="0" index="7" bw="32" slack="0"/>
<pin id="223" dir="0" index="8" bw="32" slack="0"/>
<pin id="224" dir="0" index="9" bw="32" slack="0"/>
<pin id="225" dir="1" index="10" bw="1" slack="0"/>
</pin_list>
<bind>
<opcode="call(48) " fcode="call"/>
<opset="tmp_41_1_1/1 "/>
</bind>
</comp>

<comp id="236" class="1004" name="grp_segmentIntersectsGri_fu_236">
<pin_list>
<pin id="237" dir="0" index="0" bw="1" slack="0"/>
<pin id="238" dir="0" index="1" bw="32" slack="0"/>
<pin id="239" dir="0" index="2" bw="32" slack="0"/>
<pin id="240" dir="0" index="3" bw="32" slack="0"/>
<pin id="241" dir="0" index="4" bw="32" slack="0"/>
<pin id="242" dir="0" index="5" bw="32" slack="0"/>
<pin id="243" dir="0" index="6" bw="32" slack="0"/>
<pin id="244" dir="0" index="7" bw="32" slack="0"/>
<pin id="245" dir="0" index="8" bw="32" slack="0"/>
<pin id="246" dir="0" index="9" bw="32" slack="0"/>
<pin id="247" dir="1" index="10" bw="1" slack="0"/>
</pin_list>
<bind>
<opcode="call(48) " fcode="call"/>
<opset="tmp_41_1_1_1/1 "/>
</bind>
</comp>

<comp id="258" class="1004" name="zext_ln158_fu_258">
<pin_list>
<pin id="259" dir="0" index="0" bw="1" slack="0"/>
<pin id="260" dir="1" index="1" bw="2" slack="0"/>
</pin_list>
<bind>
<opcode="zext(34) " fcode="zext"/>
<opset="zext_ln158/2 "/>
</bind>
</comp>

<comp id="262" class="1004" name="select_ln159_fu_262">
<pin_list>
<pin id="263" dir="0" index="0" bw="1" slack="0"/>
<pin id="264" dir="0" index="1" bw="2" slack="0"/>
<pin id="265" dir="0" index="2" bw="2" slack="0"/>
<pin id="266" dir="1" index="3" bw="2" slack="0"/>
</pin_list>
<bind>
<opcode="select(49) " fcode="select"/>
<opset="select_ln159/2 "/>
</bind>
</comp>

<comp id="270" class="1004" name="select_ln158_fu_270">
<pin_list>
<pin id="271" dir="0" index="0" bw="1" slack="0"/>
<pin id="272" dir="0" index="1" bw="2" slack="0"/>
<pin id="273" dir="0" index="2" bw="2" slack="0"/>
<pin id="274" dir="1" index="3" bw="2" slack="0"/>
</pin_list>
<bind>
<opcode="select(49) " fcode="select"/>
<opset="select_ln158/2 "/>
</bind>
</comp>

<comp id="278" class="1004" name="zext_ln158_1_fu_278">
<pin_list>
<pin id="279" dir="0" index="0" bw="2" slack="0"/>
<pin id="280" dir="1" index="1" bw="3" slack="0"/>
</pin_list>
<bind>
<opcode="zext(34) " fcode="zext"/>
<opset="zext_ln158_1/2 "/>
</bind>
</comp>

<comp id="282" class="1004" name="or_ln_fu_282">
<pin_list>
<pin id="283" dir="0" index="0" bw="3" slack="0"/>
<pin id="284" dir="0" index="1" bw="1" slack="0"/>
<pin id="285" dir="0" index="2" bw="2" slack="0"/>
<pin id="286" dir="1" index="3" bw="3" slack="0"/>
</pin_list>
<bind>
<opcode="bitconcatenate(1004) " fcode="bitconcatenate"/>
<opset="or_ln/2 "/>
</bind>
</comp>

<comp id="290" class="1004" name="select_ln158_1_fu_290">
<pin_list>
<pin id="291" dir="0" index="0" bw="1" slack="0"/>
<pin id="292" dir="0" index="1" bw="3" slack="0"/>
<pin id="293" dir="0" index="2" bw="3" slack="0"/>
<pin id="294" dir="1" index="3" bw="3" slack="0"/>
</pin_list>
<bind>
<opcode="select(49) " fcode="select"/>
<opset="select_ln158_1/2 "/>
</bind>
</comp>

<comp id="298" class="1004" name="zext_ln158_2_fu_298">
<pin_list>
<pin id="299" dir="0" index="0" bw="3" slack="0"/>
<pin id="300" dir="1" index="1" bw="4" slack="0"/>
</pin_list>
<bind>
<opcode="zext(34) " fcode="zext"/>
<opset="zext_ln158_2/2 "/>
</bind>
</comp>

<comp id="302" class="1004" name="or_ln159_1_fu_302">
<pin_list>
<pin id="303" dir="0" index="0" bw="4" slack="0"/>
<pin id="304" dir="0" index="1" bw="1" slack="0"/>
<pin id="305" dir="0" index="2" bw="3" slack="0"/>
<pin id="306" dir="1" index="3" bw="4" slack="0"/>
</pin_list>
<bind>
<opcode="bitconcatenate(1004) " fcode="bitconcatenate"/>
<opset="or_ln159_1/2 "/>
</bind>
</comp>

<comp id="310" class="1004" name="select_ln158_2_fu_310">
<pin_list>
<pin id="311" dir="0" index="0" bw="1" slack="0"/>
<pin id="312" dir="0" index="1" bw="4" slack="0"/>
<pin id="313" dir="0" index="2" bw="4" slack="0"/>
<pin id="314" dir="1" index="3" bw="4" slack="0"/>
</pin_list>
<bind>
<opcode="select(49) " fcode="select"/>
<opset="select_ln158_2/2 "/>
</bind>
</comp>

<comp id="318" class="1004" name="zext_ln158_3_fu_318">
<pin_list>
<pin id="319" dir="0" index="0" bw="4" slack="0"/>
<pin id="320" dir="1" index="1" bw="5" slack="0"/>
</pin_list>
<bind>
<opcode="zext(34) " fcode="zext"/>
<opset="zext_ln158_3/2 "/>
</bind>
</comp>

<comp id="322" class="1004" name="or_ln159_2_fu_322">
<pin_list>
<pin id="323" dir="0" index="0" bw="5" slack="0"/>
<pin id="324" dir="0" index="1" bw="1" slack="0"/>
<pin id="325" dir="0" index="2" bw="4" slack="0"/>
<pin id="326" dir="1" index="3" bw="5" slack="0"/>
</pin_list>
<bind>
<opcode="bitconcatenate(1004) " fcode="bitconcatenate"/>
<opset="or_ln159_2/2 "/>
</bind>
</comp>

<comp id="330" class="1004" name="select_ln158_3_fu_330">
<pin_list>
<pin id="331" dir="0" index="0" bw="1" slack="0"/>
<pin id="332" dir="0" index="1" bw="5" slack="0"/>
<pin id="333" dir="0" index="2" bw="5" slack="0"/>
<pin id="334" dir="1" index="3" bw="5" slack="0"/>
</pin_list>
<bind>
<opcode="select(49) " fcode="select"/>
<opset="select_ln158_3/2 "/>
</bind>
</comp>

<comp id="338" class="1004" name="zext_ln158_4_fu_338">
<pin_list>
<pin id="339" dir="0" index="0" bw="5" slack="0"/>
<pin id="340" dir="1" index="1" bw="6" slack="0"/>
</pin_list>
<bind>
<opcode="zext(34) " fcode="zext"/>
<opset="zext_ln158_4/2 "/>
</bind>
</comp>

<comp id="342" class="1004" name="or_ln159_3_fu_342">
<pin_list>
<pin id="343" dir="0" index="0" bw="6" slack="0"/>
<pin id="344" dir="0" index="1" bw="1" slack="0"/>
<pin id="345" dir="0" index="2" bw="5" slack="0"/>
<pin id="346" dir="1" index="3" bw="6" slack="0"/>
</pin_list>
<bind>
<opcode="bitconcatenate(1004) " fcode="bitconcatenate"/>
<opset="or_ln159_3/2 "/>
</bind>
</comp>

<comp id="350" class="1004" name="select_ln158_4_fu_350">
<pin_list>
<pin id="351" dir="0" index="0" bw="1" slack="0"/>
<pin id="352" dir="0" index="1" bw="6" slack="0"/>
<pin id="353" dir="0" index="2" bw="6" slack="0"/>
<pin id="354" dir="1" index="3" bw="6" slack="0"/>
</pin_list>
<bind>
<opcode="select(49) " fcode="select"/>
<opset="select_ln158_4/2 "/>
</bind>
</comp>

<comp id="358" class="1004" name="zext_ln158_5_fu_358">
<pin_list>
<pin id="359" dir="0" index="0" bw="6" slack="0"/>
<pin id="360" dir="1" index="1" bw="7" slack="0"/>
</pin_list>
<bind>
<opcode="zext(34) " fcode="zext"/>
<opset="zext_ln158_5/2 "/>
</bind>
</comp>

<comp id="362" class="1004" name="or_ln159_4_fu_362">
<pin_list>
<pin id="363" dir="0" index="0" bw="7" slack="0"/>
<pin id="364" dir="0" index="1" bw="1" slack="0"/>
<pin id="365" dir="0" index="2" bw="6" slack="0"/>
<pin id="366" dir="1" index="3" bw="7" slack="0"/>
</pin_list>
<bind>
<opcode="bitconcatenate(1004) " fcode="bitconcatenate"/>
<opset="or_ln159_4/2 "/>
</bind>
</comp>

<comp id="370" class="1004" name="select_ln158_5_fu_370">
<pin_list>
<pin id="371" dir="0" index="0" bw="1" slack="0"/>
<pin id="372" dir="0" index="1" bw="7" slack="0"/>
<pin id="373" dir="0" index="2" bw="7" slack="0"/>
<pin id="374" dir="1" index="3" bw="7" slack="0"/>
</pin_list>
<bind>
<opcode="select(49) " fcode="select"/>
<opset="select_ln158_5/2 "/>
</bind>
</comp>

<comp id="378" class="1004" name="zext_ln158_6_fu_378">
<pin_list>
<pin id="379" dir="0" index="0" bw="7" slack="0"/>
<pin id="380" dir="1" index="1" bw="8" slack="0"/>
</pin_list>
<bind>
<opcode="zext(34) " fcode="zext"/>
<opset="zext_ln158_6/2 "/>
</bind>
</comp>

<comp id="382" class="1004" name="or_ln159_5_fu_382">
<pin_list>
<pin id="383" dir="0" index="0" bw="8" slack="0"/>
<pin id="384" dir="0" index="1" bw="1" slack="0"/>
<pin id="385" dir="0" index="2" bw="7" slack="0"/>
<pin id="386" dir="1" index="3" bw="8" slack="0"/>
</pin_list>
<bind>
<opcode="bitconcatenate(1004) " fcode="bitconcatenate"/>
<opset="or_ln159_5/2 "/>
</bind>
</comp>

<comp id="390" class="1004" name="select_ln158_6_fu_390">
<pin_list>
<pin id="391" dir="0" index="0" bw="1" slack="0"/>
<pin id="392" dir="0" index="1" bw="8" slack="0"/>
<pin id="393" dir="0" index="2" bw="8" slack="0"/>
<pin id="394" dir="1" index="3" bw="8" slack="2147483647"/>
</pin_list>
<bind>
<opcode="select(49) " fcode="select"/>
<opset="select_ln158_6/2 "/>
</bind>
</comp>

<comp id="398" class="1005" name="edge_p2_z_read_reg_398">
<pin_list>
<pin id="399" dir="0" index="0" bw="32" slack="1"/>
<pin id="400" dir="1" index="1" bw="32" slack="1"/>
</pin_list>
<bind>
<opset="edge_p2_z_read "/>
</bind>
</comp>

<comp id="410" class="1005" name="edge_p2_y_read_reg_410">
<pin_list>
<pin id="411" dir="0" index="0" bw="32" slack="1"/>
<pin id="412" dir="1" index="1" bw="32" slack="1"/>
</pin_list>
<bind>
<opset="edge_p2_y_read "/>
</bind>
</comp>

<comp id="422" class="1005" name="edge_p2_x_read_reg_422">
<pin_list>
<pin id="423" dir="0" index="0" bw="32" slack="1"/>
<pin id="424" dir="1" index="1" bw="32" slack="1"/>
</pin_list>
<bind>
<opset="edge_p2_x_read "/>
</bind>
</comp>

<comp id="434" class="1005" name="edge_p1_z_read_reg_434">
<pin_list>
<pin id="435" dir="0" index="0" bw="32" slack="1"/>
<pin id="436" dir="1" index="1" bw="32" slack="1"/>
</pin_list>
<bind>
<opset="edge_p1_z_read "/>
</bind>
</comp>

<comp id="446" class="1005" name="edge_p1_y_read_reg_446">
<pin_list>
<pin id="447" dir="0" index="0" bw="32" slack="1"/>
<pin id="448" dir="1" index="1" bw="32" slack="1"/>
</pin_list>
<bind>
<opset="edge_p1_y_read "/>
</bind>
</comp>

<comp id="458" class="1005" name="edge_p1_x_read_reg_458">
<pin_list>
<pin id="459" dir="0" index="0" bw="32" slack="1"/>
<pin id="460" dir="1" index="1" bw="32" slack="1"/>
</pin_list>
<bind>
<opset="edge_p1_x_read "/>
</bind>
</comp>

</comp_list>

<net_list>
<net id="50"><net_src comp="12" pin="0"/><net_sink comp="46" pin=0"/></net>

<net id="51"><net_src comp="10" pin="0"/><net_sink comp="46" pin=1"/></net>

<net id="56"><net_src comp="12" pin="0"/><net_sink comp="52" pin=0"/></net>

<net id="57"><net_src comp="8" pin="0"/><net_sink comp="52" pin=1"/></net>

<net id="62"><net_src comp="12" pin="0"/><net_sink comp="58" pin=0"/></net>

<net id="63"><net_src comp="6" pin="0"/><net_sink comp="58" pin=1"/></net>

<net id="68"><net_src comp="12" pin="0"/><net_sink comp="64" pin=0"/></net>

<net id="69"><net_src comp="4" pin="0"/><net_sink comp="64" pin=1"/></net>

<net id="74"><net_src comp="12" pin="0"/><net_sink comp="70" pin=0"/></net>

<net id="75"><net_src comp="2" pin="0"/><net_sink comp="70" pin=1"/></net>

<net id="80"><net_src comp="12" pin="0"/><net_sink comp="76" pin=0"/></net>

<net id="81"><net_src comp="0" pin="0"/><net_sink comp="76" pin=1"/></net>

<net id="94"><net_src comp="14" pin="0"/><net_sink comp="82" pin=0"/></net>

<net id="95"><net_src comp="76" pin="2"/><net_sink comp="82" pin=1"/></net>

<net id="96"><net_src comp="70" pin="2"/><net_sink comp="82" pin=2"/></net>

<net id="97"><net_src comp="64" pin="2"/><net_sink comp="82" pin=3"/></net>

<net id="98"><net_src comp="58" pin="2"/><net_sink comp="82" pin=4"/></net>

<net id="99"><net_src comp="52" pin="2"/><net_sink comp="82" pin=5"/></net>

<net id="100"><net_src comp="46" pin="2"/><net_sink comp="82" pin=6"/></net>

<net id="101"><net_src comp="16" pin="0"/><net_sink comp="82" pin=7"/></net>

<net id="102"><net_src comp="16" pin="0"/><net_sink comp="82" pin=8"/></net>

<net id="103"><net_src comp="16" pin="0"/><net_sink comp="82" pin=9"/></net>

<net id="116"><net_src comp="14" pin="0"/><net_sink comp="104" pin=0"/></net>

<net id="117"><net_src comp="76" pin="2"/><net_sink comp="104" pin=1"/></net>

<net id="118"><net_src comp="70" pin="2"/><net_sink comp="104" pin=2"/></net>

<net id="119"><net_src comp="64" pin="2"/><net_sink comp="104" pin=3"/></net>

<net id="120"><net_src comp="58" pin="2"/><net_sink comp="104" pin=4"/></net>

<net id="121"><net_src comp="52" pin="2"/><net_sink comp="104" pin=5"/></net>

<net id="122"><net_src comp="46" pin="2"/><net_sink comp="104" pin=6"/></net>

<net id="123"><net_src comp="18" pin="0"/><net_sink comp="104" pin=7"/></net>

<net id="124"><net_src comp="16" pin="0"/><net_sink comp="104" pin=8"/></net>

<net id="125"><net_src comp="16" pin="0"/><net_sink comp="104" pin=9"/></net>

<net id="138"><net_src comp="14" pin="0"/><net_sink comp="126" pin=0"/></net>

<net id="139"><net_src comp="76" pin="2"/><net_sink comp="126" pin=1"/></net>

<net id="140"><net_src comp="70" pin="2"/><net_sink comp="126" pin=2"/></net>

<net id="141"><net_src comp="64" pin="2"/><net_sink comp="126" pin=3"/></net>

<net id="142"><net_src comp="58" pin="2"/><net_sink comp="126" pin=4"/></net>

<net id="143"><net_src comp="52" pin="2"/><net_sink comp="126" pin=5"/></net>

<net id="144"><net_src comp="46" pin="2"/><net_sink comp="126" pin=6"/></net>

<net id="145"><net_src comp="16" pin="0"/><net_sink comp="126" pin=7"/></net>

<net id="146"><net_src comp="18" pin="0"/><net_sink comp="126" pin=8"/></net>

<net id="147"><net_src comp="16" pin="0"/><net_sink comp="126" pin=9"/></net>

<net id="160"><net_src comp="14" pin="0"/><net_sink comp="148" pin=0"/></net>

<net id="161"><net_src comp="76" pin="2"/><net_sink comp="148" pin=1"/></net>

<net id="162"><net_src comp="70" pin="2"/><net_sink comp="148" pin=2"/></net>

<net id="163"><net_src comp="64" pin="2"/><net_sink comp="148" pin=3"/></net>

<net id="164"><net_src comp="58" pin="2"/><net_sink comp="148" pin=4"/></net>

<net id="165"><net_src comp="52" pin="2"/><net_sink comp="148" pin=5"/></net>

<net id="166"><net_src comp="46" pin="2"/><net_sink comp="148" pin=6"/></net>

<net id="167"><net_src comp="18" pin="0"/><net_sink comp="148" pin=7"/></net>

<net id="168"><net_src comp="18" pin="0"/><net_sink comp="148" pin=8"/></net>

<net id="169"><net_src comp="16" pin="0"/><net_sink comp="148" pin=9"/></net>

<net id="182"><net_src comp="14" pin="0"/><net_sink comp="170" pin=0"/></net>

<net id="183"><net_src comp="76" pin="2"/><net_sink comp="170" pin=1"/></net>

<net id="184"><net_src comp="70" pin="2"/><net_sink comp="170" pin=2"/></net>

<net id="185"><net_src comp="64" pin="2"/><net_sink comp="170" pin=3"/></net>

<net id="186"><net_src comp="58" pin="2"/><net_sink comp="170" pin=4"/></net>

<net id="187"><net_src comp="52" pin="2"/><net_sink comp="170" pin=5"/></net>

<net id="188"><net_src comp="46" pin="2"/><net_sink comp="170" pin=6"/></net>

<net id="189"><net_src comp="16" pin="0"/><net_sink comp="170" pin=7"/></net>

<net id="190"><net_src comp="16" pin="0"/><net_sink comp="170" pin=8"/></net>

<net id="191"><net_src comp="18" pin="0"/><net_sink comp="170" pin=9"/></net>

<net id="204"><net_src comp="14" pin="0"/><net_sink comp="192" pin=0"/></net>

<net id="205"><net_src comp="76" pin="2"/><net_sink comp="192" pin=1"/></net>

<net id="206"><net_src comp="70" pin="2"/><net_sink comp="192" pin=2"/></net>

<net id="207"><net_src comp="64" pin="2"/><net_sink comp="192" pin=3"/></net>

<net id="208"><net_src comp="58" pin="2"/><net_sink comp="192" pin=4"/></net>

<net id="209"><net_src comp="52" pin="2"/><net_sink comp="192" pin=5"/></net>

<net id="210"><net_src comp="46" pin="2"/><net_sink comp="192" pin=6"/></net>

<net id="211"><net_src comp="18" pin="0"/><net_sink comp="192" pin=7"/></net>

<net id="212"><net_src comp="16" pin="0"/><net_sink comp="192" pin=8"/></net>

<net id="213"><net_src comp="18" pin="0"/><net_sink comp="192" pin=9"/></net>

<net id="226"><net_src comp="14" pin="0"/><net_sink comp="214" pin=0"/></net>

<net id="227"><net_src comp="76" pin="2"/><net_sink comp="214" pin=1"/></net>

<net id="228"><net_src comp="70" pin="2"/><net_sink comp="214" pin=2"/></net>

<net id="229"><net_src comp="64" pin="2"/><net_sink comp="214" pin=3"/></net>

<net id="230"><net_src comp="58" pin="2"/><net_sink comp="214" pin=4"/></net>

<net id="231"><net_src comp="52" pin="2"/><net_sink comp="214" pin=5"/></net>

<net id="232"><net_src comp="46" pin="2"/><net_sink comp="214" pin=6"/></net>

<net id="233"><net_src comp="16" pin="0"/><net_sink comp="214" pin=7"/></net>

<net id="234"><net_src comp="18" pin="0"/><net_sink comp="214" pin=8"/></net>

<net id="235"><net_src comp="18" pin="0"/><net_sink comp="214" pin=9"/></net>

<net id="248"><net_src comp="14" pin="0"/><net_sink comp="236" pin=0"/></net>

<net id="249"><net_src comp="76" pin="2"/><net_sink comp="236" pin=1"/></net>

<net id="250"><net_src comp="70" pin="2"/><net_sink comp="236" pin=2"/></net>

<net id="251"><net_src comp="64" pin="2"/><net_sink comp="236" pin=3"/></net>

<net id="252"><net_src comp="58" pin="2"/><net_sink comp="236" pin=4"/></net>

<net id="253"><net_src comp="52" pin="2"/><net_sink comp="236" pin=5"/></net>

<net id="254"><net_src comp="46" pin="2"/><net_sink comp="236" pin=6"/></net>

<net id="255"><net_src comp="18" pin="0"/><net_sink comp="236" pin=7"/></net>

<net id="256"><net_src comp="18" pin="0"/><net_sink comp="236" pin=8"/></net>

<net id="257"><net_src comp="18" pin="0"/><net_sink comp="236" pin=9"/></net>

<net id="261"><net_src comp="82" pin="10"/><net_sink comp="258" pin=0"/></net>

<net id="267"><net_src comp="82" pin="10"/><net_sink comp="262" pin=0"/></net>

<net id="268"><net_src comp="28" pin="0"/><net_sink comp="262" pin=1"/></net>

<net id="269"><net_src comp="30" pin="0"/><net_sink comp="262" pin=2"/></net>

<net id="275"><net_src comp="104" pin="10"/><net_sink comp="270" pin=0"/></net>

<net id="276"><net_src comp="262" pin="3"/><net_sink comp="270" pin=1"/></net>

<net id="277"><net_src comp="258" pin="1"/><net_sink comp="270" pin=2"/></net>

<net id="281"><net_src comp="270" pin="3"/><net_sink comp="278" pin=0"/></net>

<net id="287"><net_src comp="32" pin="0"/><net_sink comp="282" pin=0"/></net>

<net id="288"><net_src comp="34" pin="0"/><net_sink comp="282" pin=1"/></net>

<net id="289"><net_src comp="270" pin="3"/><net_sink comp="282" pin=2"/></net>

<net id="295"><net_src comp="126" pin="10"/><net_sink comp="290" pin=0"/></net>

<net id="296"><net_src comp="282" pin="3"/><net_sink comp="290" pin=1"/></net>

<net id="297"><net_src comp="278" pin="1"/><net_sink comp="290" pin=2"/></net>

<net id="301"><net_src comp="290" pin="3"/><net_sink comp="298" pin=0"/></net>

<net id="307"><net_src comp="36" pin="0"/><net_sink comp="302" pin=0"/></net>

<net id="308"><net_src comp="34" pin="0"/><net_sink comp="302" pin=1"/></net>

<net id="309"><net_src comp="290" pin="3"/><net_sink comp="302" pin=2"/></net>

<net id="315"><net_src comp="148" pin="10"/><net_sink comp="310" pin=0"/></net>

<net id="316"><net_src comp="302" pin="3"/><net_sink comp="310" pin=1"/></net>

<net id="317"><net_src comp="298" pin="1"/><net_sink comp="310" pin=2"/></net>

<net id="321"><net_src comp="310" pin="3"/><net_sink comp="318" pin=0"/></net>

<net id="327"><net_src comp="38" pin="0"/><net_sink comp="322" pin=0"/></net>

<net id="328"><net_src comp="34" pin="0"/><net_sink comp="322" pin=1"/></net>

<net id="329"><net_src comp="310" pin="3"/><net_sink comp="322" pin=2"/></net>

<net id="335"><net_src comp="170" pin="10"/><net_sink comp="330" pin=0"/></net>

<net id="336"><net_src comp="322" pin="3"/><net_sink comp="330" pin=1"/></net>

<net id="337"><net_src comp="318" pin="1"/><net_sink comp="330" pin=2"/></net>

<net id="341"><net_src comp="330" pin="3"/><net_sink comp="338" pin=0"/></net>

<net id="347"><net_src comp="40" pin="0"/><net_sink comp="342" pin=0"/></net>

<net id="348"><net_src comp="34" pin="0"/><net_sink comp="342" pin=1"/></net>

<net id="349"><net_src comp="330" pin="3"/><net_sink comp="342" pin=2"/></net>

<net id="355"><net_src comp="192" pin="10"/><net_sink comp="350" pin=0"/></net>

<net id="356"><net_src comp="342" pin="3"/><net_sink comp="350" pin=1"/></net>

<net id="357"><net_src comp="338" pin="1"/><net_sink comp="350" pin=2"/></net>

<net id="361"><net_src comp="350" pin="3"/><net_sink comp="358" pin=0"/></net>

<net id="367"><net_src comp="42" pin="0"/><net_sink comp="362" pin=0"/></net>

<net id="368"><net_src comp="34" pin="0"/><net_sink comp="362" pin=1"/></net>

<net id="369"><net_src comp="350" pin="3"/><net_sink comp="362" pin=2"/></net>

<net id="375"><net_src comp="214" pin="10"/><net_sink comp="370" pin=0"/></net>

<net id="376"><net_src comp="362" pin="3"/><net_sink comp="370" pin=1"/></net>

<net id="377"><net_src comp="358" pin="1"/><net_sink comp="370" pin=2"/></net>

<net id="381"><net_src comp="370" pin="3"/><net_sink comp="378" pin=0"/></net>

<net id="387"><net_src comp="44" pin="0"/><net_sink comp="382" pin=0"/></net>

<net id="388"><net_src comp="34" pin="0"/><net_sink comp="382" pin=1"/></net>

<net id="389"><net_src comp="370" pin="3"/><net_sink comp="382" pin=2"/></net>

<net id="395"><net_src comp="236" pin="10"/><net_sink comp="390" pin=0"/></net>

<net id="396"><net_src comp="382" pin="3"/><net_sink comp="390" pin=1"/></net>

<net id="397"><net_src comp="378" pin="1"/><net_sink comp="390" pin=2"/></net>

<net id="401"><net_src comp="46" pin="2"/><net_sink comp="398" pin=0"/></net>

<net id="402"><net_src comp="398" pin="1"/><net_sink comp="82" pin=6"/></net>

<net id="403"><net_src comp="398" pin="1"/><net_sink comp="104" pin=6"/></net>

<net id="404"><net_src comp="398" pin="1"/><net_sink comp="126" pin=6"/></net>

<net id="405"><net_src comp="398" pin="1"/><net_sink comp="148" pin=6"/></net>

<net id="406"><net_src comp="398" pin="1"/><net_sink comp="170" pin=6"/></net>

<net id="407"><net_src comp="398" pin="1"/><net_sink comp="192" pin=6"/></net>

<net id="408"><net_src comp="398" pin="1"/><net_sink comp="214" pin=6"/></net>

<net id="409"><net_src comp="398" pin="1"/><net_sink comp="236" pin=6"/></net>

<net id="413"><net_src comp="52" pin="2"/><net_sink comp="410" pin=0"/></net>

<net id="414"><net_src comp="410" pin="1"/><net_sink comp="82" pin=5"/></net>

<net id="415"><net_src comp="410" pin="1"/><net_sink comp="104" pin=5"/></net>

<net id="416"><net_src comp="410" pin="1"/><net_sink comp="126" pin=5"/></net>

<net id="417"><net_src comp="410" pin="1"/><net_sink comp="148" pin=5"/></net>

<net id="418"><net_src comp="410" pin="1"/><net_sink comp="170" pin=5"/></net>

<net id="419"><net_src comp="410" pin="1"/><net_sink comp="192" pin=5"/></net>

<net id="420"><net_src comp="410" pin="1"/><net_sink comp="214" pin=5"/></net>

<net id="421"><net_src comp="410" pin="1"/><net_sink comp="236" pin=5"/></net>

<net id="425"><net_src comp="58" pin="2"/><net_sink comp="422" pin=0"/></net>

<net id="426"><net_src comp="422" pin="1"/><net_sink comp="82" pin=4"/></net>

<net id="427"><net_src comp="422" pin="1"/><net_sink comp="104" pin=4"/></net>

<net id="428"><net_src comp="422" pin="1"/><net_sink comp="126" pin=4"/></net>

<net id="429"><net_src comp="422" pin="1"/><net_sink comp="148" pin=4"/></net>

<net id="430"><net_src comp="422" pin="1"/><net_sink comp="170" pin=4"/></net>

<net id="431"><net_src comp="422" pin="1"/><net_sink comp="192" pin=4"/></net>

<net id="432"><net_src comp="422" pin="1"/><net_sink comp="214" pin=4"/></net>

<net id="433"><net_src comp="422" pin="1"/><net_sink comp="236" pin=4"/></net>

<net id="437"><net_src comp="64" pin="2"/><net_sink comp="434" pin=0"/></net>

<net id="438"><net_src comp="434" pin="1"/><net_sink comp="82" pin=3"/></net>

<net id="439"><net_src comp="434" pin="1"/><net_sink comp="104" pin=3"/></net>

<net id="440"><net_src comp="434" pin="1"/><net_sink comp="126" pin=3"/></net>

<net id="441"><net_src comp="434" pin="1"/><net_sink comp="148" pin=3"/></net>

<net id="442"><net_src comp="434" pin="1"/><net_sink comp="170" pin=3"/></net>

<net id="443"><net_src comp="434" pin="1"/><net_sink comp="192" pin=3"/></net>

<net id="444"><net_src comp="434" pin="1"/><net_sink comp="214" pin=3"/></net>

<net id="445"><net_src comp="434" pin="1"/><net_sink comp="236" pin=3"/></net>

<net id="449"><net_src comp="70" pin="2"/><net_sink comp="446" pin=0"/></net>

<net id="450"><net_src comp="446" pin="1"/><net_sink comp="82" pin=2"/></net>

<net id="451"><net_src comp="446" pin="1"/><net_sink comp="104" pin=2"/></net>

<net id="452"><net_src comp="446" pin="1"/><net_sink comp="126" pin=2"/></net>

<net id="453"><net_src comp="446" pin="1"/><net_sink comp="148" pin=2"/></net>

<net id="454"><net_src comp="446" pin="1"/><net_sink comp="170" pin=2"/></net>

<net id="455"><net_src comp="446" pin="1"/><net_sink comp="192" pin=2"/></net>

<net id="456"><net_src comp="446" pin="1"/><net_sink comp="214" pin=2"/></net>

<net id="457"><net_src comp="446" pin="1"/><net_sink comp="236" pin=2"/></net>

<net id="461"><net_src comp="76" pin="2"/><net_sink comp="458" pin=0"/></net>

<net id="462"><net_src comp="458" pin="1"/><net_sink comp="82" pin=1"/></net>

<net id="463"><net_src comp="458" pin="1"/><net_sink comp="104" pin=1"/></net>

<net id="464"><net_src comp="458" pin="1"/><net_sink comp="126" pin=1"/></net>

<net id="465"><net_src comp="458" pin="1"/><net_sink comp="148" pin=1"/></net>

<net id="466"><net_src comp="458" pin="1"/><net_sink comp="170" pin=1"/></net>

<net id="467"><net_src comp="458" pin="1"/><net_sink comp="192" pin=1"/></net>

<net id="468"><net_src comp="458" pin="1"/><net_sink comp="214" pin=1"/></net>

<net id="469"><net_src comp="458" pin="1"/><net_sink comp="236" pin=1"/></net>

</net_list>

</model> 
---------------- Datapath Model END ------------------

* FSMD analyzer results:
  - Output states:
 - Input state : 
	Port: honeybee : edge_p1_x | {1 }
	Port: honeybee : edge_p1_y | {1 }
	Port: honeybee : edge_p1_z | {1 }
	Port: honeybee : edge_p2_x | {1 }
	Port: honeybee : edge_p2_y | {1 }
	Port: honeybee : edge_p2_z | {1 }
  - Chain level:
	State 1
	State 2
		zext_ln158 : 1
		select_ln159 : 1
		select_ln158 : 2
		zext_ln158_1 : 3
		or_ln : 3
		select_ln158_1 : 4
		zext_ln158_2 : 5
		or_ln159_1 : 5
		select_ln158_2 : 6
		zext_ln158_3 : 7
		or_ln159_2 : 7
		select_ln158_3 : 8
		zext_ln158_4 : 9
		or_ln159_3 : 9
		select_ln158_4 : 10
		zext_ln158_5 : 11
		or_ln159_4 : 11
		select_ln158_5 : 12
		zext_ln158_6 : 13
		or_ln159_5 : 13
		select_ln158_6 : 14
		ret_ln165 : 15


============================================================
+ Verbose Summary: Datapath Resource usage 
============================================================

* Functional unit list:
|----------|---------------------------------|---------|---------|---------|---------|
| Operation|         Functional Unit         |  DSP48E |  Delay  |    FF   |   LUT   |
|----------|---------------------------------|---------|---------|---------|---------|
|          |  grp_segmentIntersectsGri_fu_82 |    34   | 76.8746 |   5779  |  11903  |
|          | grp_segmentIntersectsGri_fu_104 |    34   | 76.8746 |   5779  |  11903  |
|          | grp_segmentIntersectsGri_fu_126 |    34   | 76.8746 |   5779  |  11903  |
|   call   | grp_segmentIntersectsGri_fu_148 |    34   | 76.8746 |   5779  |  11903  |
|          | grp_segmentIntersectsGri_fu_170 |    34   | 76.8746 |   5779  |  11903  |
|          | grp_segmentIntersectsGri_fu_192 |    34   | 76.8746 |   5779  |  11903  |
|          | grp_segmentIntersectsGri_fu_214 |    34   | 76.8746 |   5779  |  11903  |
|          | grp_segmentIntersectsGri_fu_236 |    34   | 76.8746 |   5779  |  11903  |
|----------|---------------------------------|---------|---------|---------|---------|
|          |       select_ln159_fu_262       |    0    |    0    |    0    |    2    |
|          |       select_ln158_fu_270       |    0    |    0    |    0    |    2    |
|          |      select_ln158_1_fu_290      |    0    |    0    |    0    |    3    |
|  select  |      select_ln158_2_fu_310      |    0    |    0    |    0    |    4    |
|          |      select_ln158_3_fu_330      |    0    |    0    |    0    |    5    |
|          |      select_ln158_4_fu_350      |    0    |    0    |    0    |    6    |
|          |      select_ln158_5_fu_370      |    0    |    0    |    0    |    7    |
|          |      select_ln158_6_fu_390      |    0    |    0    |    0    |    8    |
|----------|---------------------------------|---------|---------|---------|---------|
|          |    edge_p2_z_read_read_fu_46    |    0    |    0    |    0    |    0    |
|          |    edge_p2_y_read_read_fu_52    |    0    |    0    |    0    |    0    |
|   read   |    edge_p2_x_read_read_fu_58    |    0    |    0    |    0    |    0    |
|          |    edge_p1_z_read_read_fu_64    |    0    |    0    |    0    |    0    |
|          |    edge_p1_y_read_read_fu_70    |    0    |    0    |    0    |    0    |
|          |    edge_p1_x_read_read_fu_76    |    0    |    0    |    0    |    0    |
|----------|---------------------------------|---------|---------|---------|---------|
|          |        zext_ln158_fu_258        |    0    |    0    |    0    |    0    |
|          |       zext_ln158_1_fu_278       |    0    |    0    |    0    |    0    |
|          |       zext_ln158_2_fu_298       |    0    |    0    |    0    |    0    |
|   zext   |       zext_ln158_3_fu_318       |    0    |    0    |    0    |    0    |
|          |       zext_ln158_4_fu_338       |    0    |    0    |    0    |    0    |
|          |       zext_ln158_5_fu_358       |    0    |    0    |    0    |    0    |
|          |       zext_ln158_6_fu_378       |    0    |    0    |    0    |    0    |
|----------|---------------------------------|---------|---------|---------|---------|
|          |           or_ln_fu_282          |    0    |    0    |    0    |    0    |
|          |        or_ln159_1_fu_302        |    0    |    0    |    0    |    0    |
|bitconcatenate|        or_ln159_2_fu_322        |    0    |    0    |    0    |    0    |
|          |        or_ln159_3_fu_342        |    0    |    0    |    0    |    0    |
|          |        or_ln159_4_fu_362        |    0    |    0    |    0    |    0    |
|          |        or_ln159_5_fu_382        |    0    |    0    |    0    |    0    |
|----------|---------------------------------|---------|---------|---------|---------|
|   Total  |                                 |   272   | 614.997 |  46232  |  95261  |
|----------|---------------------------------|---------|---------|---------|---------|

Memories:
N/A

* Register list:
+----------------------+--------+
|                      |   FF   |
+----------------------+--------+
|edge_p1_x_read_reg_458|   32   |
|edge_p1_y_read_reg_446|   32   |
|edge_p1_z_read_reg_434|   32   |
|edge_p2_x_read_reg_422|   32   |
|edge_p2_y_read_reg_410|   32   |
|edge_p2_z_read_reg_398|   32   |
+----------------------+--------+
|         Total        |   192  |
+----------------------+--------+

* Multiplexer (MUX) list: 
|---------------------------------|------|------|------|--------||---------||---------|
|               Comp              |  Pin | Size |  BW  | S x BW ||  Delay  ||   LUT   |
|---------------------------------|------|------|------|--------||---------||---------|
|  grp_segmentIntersectsGri_fu_82 |  p1  |   2  |  32  |   64   ||    9    |
|  grp_segmentIntersectsGri_fu_82 |  p2  |   2  |  32  |   64   ||    9    |
|  grp_segmentIntersectsGri_fu_82 |  p3  |   2  |  32  |   64   ||    9    |
|  grp_segmentIntersectsGri_fu_82 |  p4  |   2  |  32  |   64   ||    9    |
|  grp_segmentIntersectsGri_fu_82 |  p5  |   2  |  32  |   64   ||    9    |
|  grp_segmentIntersectsGri_fu_82 |  p6  |   2  |  32  |   64   ||    9    |
| grp_segmentIntersectsGri_fu_104 |  p1  |   2  |  32  |   64   ||    9    |
| grp_segmentIntersectsGri_fu_104 |  p2  |   2  |  32  |   64   ||    9    |
| grp_segmentIntersectsGri_fu_104 |  p3  |   2  |  32  |   64   ||    9    |
| grp_segmentIntersectsGri_fu_104 |  p4  |   2  |  32  |   64   ||    9    |
| grp_segmentIntersectsGri_fu_104 |  p5  |   2  |  32  |   64   ||    9    |
| grp_segmentIntersectsGri_fu_104 |  p6  |   2  |  32  |   64   ||    9    |
| grp_segmentIntersectsGri_fu_126 |  p1  |   2  |  32  |   64   ||    9    |
| grp_segmentIntersectsGri_fu_126 |  p2  |   2  |  32  |   64   ||    9    |
| grp_segmentIntersectsGri_fu_126 |  p3  |   2  |  32  |   64   ||    9    |
| grp_segmentIntersectsGri_fu_126 |  p4  |   2  |  32  |   64   ||    9    |
| grp_segmentIntersectsGri_fu_126 |  p5  |   2  |  32  |   64   ||    9    |
| grp_segmentIntersectsGri_fu_126 |  p6  |   2  |  32  |   64   ||    9    |
| grp_segmentIntersectsGri_fu_148 |  p1  |   2  |  32  |   64   ||    9    |
| grp_segmentIntersectsGri_fu_148 |  p2  |   2  |  32  |   64   ||    9    |
| grp_segmentIntersectsGri_fu_148 |  p3  |   2  |  32  |   64   ||    9    |
| grp_segmentIntersectsGri_fu_148 |  p4  |   2  |  32  |   64   ||    9    |
| grp_segmentIntersectsGri_fu_148 |  p5  |   2  |  32  |   64   ||    9    |
| grp_segmentIntersectsGri_fu_148 |  p6  |   2  |  32  |   64   ||    9    |
| grp_segmentIntersectsGri_fu_170 |  p1  |   2  |  32  |   64   ||    9    |
| grp_segmentIntersectsGri_fu_170 |  p2  |   2  |  32  |   64   ||    9    |
| grp_segmentIntersectsGri_fu_170 |  p3  |   2  |  32  |   64   ||    9    |
| grp_segmentIntersectsGri_fu_170 |  p4  |   2  |  32  |   64   ||    9    |
| grp_segmentIntersectsGri_fu_170 |  p5  |   2  |  32  |   64   ||    9    |
| grp_segmentIntersectsGri_fu_170 |  p6  |   2  |  32  |   64   ||    9    |
| grp_segmentIntersectsGri_fu_192 |  p1  |   2  |  32  |   64   ||    9    |
| grp_segmentIntersectsGri_fu_192 |  p2  |   2  |  32  |   64   ||    9    |
| grp_segmentIntersectsGri_fu_192 |  p3  |   2  |  32  |   64   ||    9    |
| grp_segmentIntersectsGri_fu_192 |  p4  |   2  |  32  |   64   ||    9    |
| grp_segmentIntersectsGri_fu_192 |  p5  |   2  |  32  |   64   ||    9    |
| grp_segmentIntersectsGri_fu_192 |  p6  |   2  |  32  |   64   ||    9    |
| grp_segmentIntersectsGri_fu_214 |  p1  |   2  |  32  |   64   ||    9    |
| grp_segmentIntersectsGri_fu_214 |  p2  |   2  |  32  |   64   ||    9    |
| grp_segmentIntersectsGri_fu_214 |  p3  |   2  |  32  |   64   ||    9    |
| grp_segmentIntersectsGri_fu_214 |  p4  |   2  |  32  |   64   ||    9    |
| grp_segmentIntersectsGri_fu_214 |  p5  |   2  |  32  |   64   ||    9    |
| grp_segmentIntersectsGri_fu_214 |  p6  |   2  |  32  |   64   ||    9    |
| grp_segmentIntersectsGri_fu_236 |  p1  |   2  |  32  |   64   ||    9    |
| grp_segmentIntersectsGri_fu_236 |  p2  |   2  |  32  |   64   ||    9    |
| grp_segmentIntersectsGri_fu_236 |  p3  |   2  |  32  |   64   ||    9    |
| grp_segmentIntersectsGri_fu_236 |  p4  |   2  |  32  |   64   ||    9    |
| grp_segmentIntersectsGri_fu_236 |  p5  |   2  |  32  |   64   ||    9    |
| grp_segmentIntersectsGri_fu_236 |  p6  |   2  |  32  |   64   ||    9    |
|---------------------------------|------|------|------|--------||---------||---------|
|              Total              |      |      |      |  3072  ||  84.912 ||   432   |
|---------------------------------|------|------|------|--------||---------||---------|



* Summary:
+-----------+--------+--------+--------+--------+
|           | DSP48E |  Delay |   FF   |   LUT  |
+-----------+--------+--------+--------+--------+
|  Function |   272  |   614  |  46232 |  95261 |
|   Memory  |    -   |    -   |    -   |    -   |
|Multiplexer|    -   |   84   |    -   |   432  |
|  Register |    -   |    -   |   192  |    -   |
+-----------+--------+--------+--------+--------+
|   Total   |   272  |   699  |  46424 |  95693 |
+-----------+--------+--------+--------+--------+
