INFO-FLOW: Workspace /mnt/hgfs/Thesis/HoneyBee/honeybee_001/solution3 opened at Fri Feb 21 19:04:05 PST 2020
Execute     config_clock -quiet -name default -period 10 -default=false 
INFO: [SYN 201-201] Setting up clock 'default' with a period of 10ns.
WARNING: [HLS 200-40] Cannot find library '/tools/Xilinx/Vivado/2019.2/common/technology/xilinx/Virtex-7/Virtex-7.lib'.
WARNING: [HLS 200-40] Cannot find library 'xilinx/Virtex-7/Virtex-7'.
Execute     open_platform DefaultPlatform 
Execute     import_lib /tools/Xilinx/Vivado/2019.2/common/technology/xilinx/virtex7/virtex7 
Execute       source /tools/Xilinx/Vivado/2019.2/common/technology/xilinx/common/xilinx.lib 
Execute         source /tools/Xilinx/Vivado/2019.2/common/technology/xilinx/interface/xilinx_interface.lib 
Execute           source /tools/Xilinx/Vivado/2019.2/common/technology/xilinx/interface/plb46.lib 
Execute           source /tools/Xilinx/Vivado/2019.2/common/technology/xilinx/interface/fsl.lib 
Execute           source /tools/Xilinx/Vivado/2019.2/common/technology/xilinx/interface/axi4.lib 
Execute           source /tools/Xilinx/Vivado/2019.2/common/technology/xilinx/interface/maxi.lib 
Execute           source /tools/Xilinx/Vivado/2019.2/common/technology/xilinx/interface/saxilite.lib 
Execute         source /tools/Xilinx/Vivado/2019.2/common/technology/xilinx/common/dsp48.lib 
Execute         source /tools/Xilinx/Vivado/2019.2/common/technology/xilinx/ip/dds_compiler.lib 
Execute         source /tools/Xilinx/Vivado/2019.2/common/technology/xilinx/ip/xfft.lib 
Execute         source /tools/Xilinx/Vivado/2019.2/common/technology/xilinx/ip/xfir.lib 
Execute       source /tools/Xilinx/Vivado/2019.2/common/technology/xilinx/common/xilinx.hlp 
Execute         source /tools/Xilinx/Vivado/2019.2/common/technology/xilinx/common/target_info.tcl 
Execute         source /tools/Xilinx/Vivado/2019.2/common/technology/xilinx/interface/xilinx_interface.hlp 
Execute           source /tools/Xilinx/Vivado/2019.2/common/technology/xilinx/interface/maxi.hlp 
Execute           source /tools/Xilinx/Vivado/2019.2/common/technology/xilinx/interface/saxilite.hlp 
Execute         source /tools/Xilinx/Vivado/2019.2/common/technology/xilinx/common/dsp48.hlp 
Execute       source /tools/Xilinx/Vivado/2019.2/common/technology/xilinx/virtex7/dsp48e1.hlp 
Execute       source /tools/Xilinx/Vivado/2019.2/common/technology/xilinx/common/xilinx.hlp 
Execute         source /tools/Xilinx/Vivado/2019.2/common/technology/xilinx/common/target_info.tcl 
Execute         source /tools/Xilinx/Vivado/2019.2/common/technology/xilinx/interface/xilinx_interface.hlp 
Execute           source /tools/Xilinx/Vivado/2019.2/common/technology/xilinx/interface/maxi.hlp 
Execute           source /tools/Xilinx/Vivado/2019.2/common/technology/xilinx/interface/saxilite.hlp 
Execute         source /tools/Xilinx/Vivado/2019.2/common/technology/xilinx/common/dsp48.hlp 
Command     import_lib done; 0.12 sec.
Execute     source /tools/Xilinx/Vivado/2019.2/common/technology/xilinx/virtex7/virtex7.gen 
Execute       source /tools/Xilinx/Vivado/2019.2/common/technology/xilinx/common/xilinx.gen 
Execute         source /tools/Xilinx/Vivado/2019.2/common/technology/xilinx/interface/plb46.gen 
Execute         source /tools/Xilinx/Vivado/2019.2/common/technology/xilinx/interface/fsl.gen 
Execute         source /tools/Xilinx/Vivado/2019.2/common/technology/xilinx/interface/axi4.gen 
Execute         source /tools/Xilinx/Vivado/2019.2/common/technology/xilinx/interface/nativeAXI4.gen 
Execute           source /tools/Xilinx/Vivado/2019.2/common/technology/xilinx/interface/saxilite.gen 
Execute           source /tools/Xilinx/Vivado/2019.2/common/technology/xilinx/interface/maxi.gen 
Execute         source /tools/Xilinx/Vivado/2019.2/common/technology/xilinx/scripts/xilinxcoregen.gen 
Execute         source /tools/Xilinx/Vivado/2019.2/common/technology/xilinx/interface/XilEDKCoreGen.gen 
Execute         source /tools/Xilinx/Vivado/2019.2/common/technology/xilinx/ip/dds_compiler.gen 
Execute         source /tools/Xilinx/Vivado/2019.2/common/technology/xilinx/ip/util.gen 
Execute         source /tools/Xilinx/Vivado/2019.2/common/technology/xilinx/ip/xfft.gen 
Command         ap_source done; 0.27 sec.
Execute         source /tools/Xilinx/Vivado/2019.2/common/technology/xilinx/ip/xfir.gen 
Execute         source /tools/Xilinx/Vivado/2019.2/common/technology/xilinx/common/dsp48.gen 
Command       ap_source done; 0.44 sec.
Command     ap_source done; 0.44 sec.
Execute     open_platform DefaultPlatform 
Execute     import_lib /tools/Xilinx/Vivado/2019.2/common/technology/xilinx/virtex7/virtex7_fpv6 
Execute       source /tools/Xilinx/Vivado/2019.2/common/technology/xilinx/common/xilinx_fp.lib 
Execute       source /tools/Xilinx/Vivado/2019.2/common/technology/xilinx/common/xilinx_fp.hlp 
Execute         source /tools/Xilinx/Vivado/2019.2/common/technology/xilinx/common/xilinx.hlp 
Execute           source /tools/Xilinx/Vivado/2019.2/common/technology/xilinx/common/target_info.tcl 
Execute           source /tools/Xilinx/Vivado/2019.2/common/technology/xilinx/interface/xilinx_interface.hlp 
Execute             source /tools/Xilinx/Vivado/2019.2/common/technology/xilinx/interface/maxi.hlp 
Execute             source /tools/Xilinx/Vivado/2019.2/common/technology/xilinx/interface/saxilite.hlp 
Execute           source /tools/Xilinx/Vivado/2019.2/common/technology/xilinx/common/dsp48.hlp 
Execute     source /tools/Xilinx/Vivado/2019.2/common/technology/xilinx/virtex7/virtex7_fpv6.gen 
Execute       source /tools/Xilinx/Vivado/2019.2/common/technology/xilinx/common/xilinx_fp.gen 
Execute     set_part xc7vx485t-ffg1157-1 
Execute       ap_part_info -name xc7vx485t-ffg1157-1 -data single -quiet 
Command       ap_part_info done; 3.9 sec.
Execute       ap_part_info -name xc7vx485t-ffg1157-1 -data info 
Execute       add_library xilinx/virtex7/virtex7:xc7vx485t:-ffg1157:-1 
Execute         get_default_platform 
Execute         open_platform DefaultPlatform 
Execute         import_lib /tools/Xilinx/Vivado/2019.2/common/technology/xilinx/virtex7/virtex7 
Execute           source /tools/Xilinx/Vivado/2019.2/common/technology/xilinx/common/xilinx.lib 
Execute             source /tools/Xilinx/Vivado/2019.2/common/technology/xilinx/interface/xilinx_interface.lib 
Execute               source /tools/Xilinx/Vivado/2019.2/common/technology/xilinx/interface/plb46.lib 
Execute               source /tools/Xilinx/Vivado/2019.2/common/technology/xilinx/interface/fsl.lib 
Execute               source /tools/Xilinx/Vivado/2019.2/common/technology/xilinx/interface/axi4.lib 
Execute               source /tools/Xilinx/Vivado/2019.2/common/technology/xilinx/interface/maxi.lib 
Execute               source /tools/Xilinx/Vivado/2019.2/common/technology/xilinx/interface/saxilite.lib 
Execute             source /tools/Xilinx/Vivado/2019.2/common/technology/xilinx/common/dsp48.lib 
Execute             source /tools/Xilinx/Vivado/2019.2/common/technology/xilinx/ip/dds_compiler.lib 
Execute             source /tools/Xilinx/Vivado/2019.2/common/technology/xilinx/ip/xfft.lib 
Execute             source /tools/Xilinx/Vivado/2019.2/common/technology/xilinx/ip/xfir.lib 
Execute           source /tools/Xilinx/Vivado/2019.2/common/technology/xilinx/common/xilinx.hlp 
Execute             source /tools/Xilinx/Vivado/2019.2/common/technology/xilinx/common/target_info.tcl 
Execute             source /tools/Xilinx/Vivado/2019.2/common/technology/xilinx/interface/xilinx_interface.hlp 
Execute               source /tools/Xilinx/Vivado/2019.2/common/technology/xilinx/interface/maxi.hlp 
Execute               source /tools/Xilinx/Vivado/2019.2/common/technology/xilinx/interface/saxilite.hlp 
Execute             source /tools/Xilinx/Vivado/2019.2/common/technology/xilinx/common/dsp48.hlp 
Execute           source /tools/Xilinx/Vivado/2019.2/common/technology/xilinx/virtex7/dsp48e1.hlp 
Execute           source /tools/Xilinx/Vivado/2019.2/common/technology/xilinx/common/xilinx.hlp 
Execute             source /tools/Xilinx/Vivado/2019.2/common/technology/xilinx/common/target_info.tcl 
Execute             source /tools/Xilinx/Vivado/2019.2/common/technology/xilinx/interface/xilinx_interface.hlp 
Execute               source /tools/Xilinx/Vivado/2019.2/common/technology/xilinx/interface/maxi.hlp 
Execute               source /tools/Xilinx/Vivado/2019.2/common/technology/xilinx/interface/saxilite.hlp 
Execute             source /tools/Xilinx/Vivado/2019.2/common/technology/xilinx/common/dsp48.hlp 
Execute         source /tools/Xilinx/Vivado/2019.2/common/technology/xilinx/virtex7/virtex7.gen 
Execute           source /tools/Xilinx/Vivado/2019.2/common/technology/xilinx/common/xilinx.gen 
Execute             source /tools/Xilinx/Vivado/2019.2/common/technology/xilinx/interface/plb46.gen 
Execute             source /tools/Xilinx/Vivado/2019.2/common/technology/xilinx/interface/fsl.gen 
Execute             source /tools/Xilinx/Vivado/2019.2/common/technology/xilinx/interface/axi4.gen 
Execute             source /tools/Xilinx/Vivado/2019.2/common/technology/xilinx/interface/nativeAXI4.gen 
Execute               source /tools/Xilinx/Vivado/2019.2/common/technology/xilinx/interface/saxilite.gen 
Execute               source /tools/Xilinx/Vivado/2019.2/common/technology/xilinx/interface/maxi.gen 
Execute             source /tools/Xilinx/Vivado/2019.2/common/technology/xilinx/scripts/xilinxcoregen.gen 
Execute             source /tools/Xilinx/Vivado/2019.2/common/technology/xilinx/interface/XilEDKCoreGen.gen 
Execute             source /tools/Xilinx/Vivado/2019.2/common/technology/xilinx/ip/dds_compiler.gen 
Execute             source /tools/Xilinx/Vivado/2019.2/common/technology/xilinx/ip/util.gen 
Execute             source /tools/Xilinx/Vivado/2019.2/common/technology/xilinx/ip/xfft.gen 
Execute             source /tools/Xilinx/Vivado/2019.2/common/technology/xilinx/ip/xfir.gen 
Execute             source /tools/Xilinx/Vivado/2019.2/common/technology/xilinx/common/dsp48.gen 
Command           ap_source done; 0.18 sec.
Command         ap_source done; 0.18 sec.
Execute         ap_part_info -data single -name xc7vx485t-ffg1157-1 
Execute         ap_part_info -name xc7vx485t-ffg1157-1 -data resources 
Execute         ap_part_info -name xc7vx485t-ffg1157-1 -data info 
Execute         ap_part_info -name xc7vx485t-ffg1157-1 -data info 
Execute         config_chip_info -quiet -resource {SLICE 75900} {LUT 303600} {FF 607200} {DSP48E 2800} {BRAM 2060} {URAM 0} 
Execute         ap_part_info -name xc7vx485t-ffg1157-1 -data info 
Execute         config_chip_info -quiet -speed slow 
Command       add_library done; 0.34 sec.
Execute       add_library xilinx/virtex7/virtex7_fpv6 
Execute         get_default_platform 
Execute         open_platform DefaultPlatform 
Execute         import_lib /tools/Xilinx/Vivado/2019.2/common/technology/xilinx/virtex7/virtex7_fpv6 
Execute           source /tools/Xilinx/Vivado/2019.2/common/technology/xilinx/common/xilinx_fp.lib 
Execute           source /tools/Xilinx/Vivado/2019.2/common/technology/xilinx/common/xilinx_fp.hlp 
Execute             source /tools/Xilinx/Vivado/2019.2/common/technology/xilinx/common/xilinx.hlp 
Execute               source /tools/Xilinx/Vivado/2019.2/common/technology/xilinx/common/target_info.tcl 
Execute               source /tools/Xilinx/Vivado/2019.2/common/technology/xilinx/interface/xilinx_interface.hlp 
Execute                 source /tools/Xilinx/Vivado/2019.2/common/technology/xilinx/interface/maxi.hlp 
Execute                 source /tools/Xilinx/Vivado/2019.2/common/technology/xilinx/interface/saxilite.hlp 
Execute               source /tools/Xilinx/Vivado/2019.2/common/technology/xilinx/common/dsp48.hlp 
Execute         source /tools/Xilinx/Vivado/2019.2/common/technology/xilinx/virtex7/virtex7_fpv6.gen 
Execute           source /tools/Xilinx/Vivado/2019.2/common/technology/xilinx/common/xilinx_fp.gen 
INFO: [HLS 200-10] Setting target device to 'xc7vx485t-ffg1157-1'
Execute       ap_part_info -name xc7vx485t-ffg1157-1 -data info 
Execute       get_default_platform 
Command     set_part done; 4.74 sec.
Execute     ap_part_info -data single -name xc7vx485t-ffg1157-1 
Execute     ap_part_info -name xc7vx485t-ffg1157-1 -data resources 
Execute     ap_part_info -name xc7vx485t-ffg1157-1 -data info 
Execute     ap_part_info -name xc7vx485t-ffg1157-1 -data info 
Execute     config_chip_info -quiet -resource {SLICE 75900} {LUT 303600} {FF 607200} {DSP48E 2800} {BRAM 2060} {URAM 0} 
Execute     ap_part_info -name xc7vx485t-ffg1157-1 -data info 
Command     ap_part_info done; 0.11 sec.
Execute     config_chip_info -quiet -speed slow 
Command   open_solution done; 5.87 sec.
Execute   set_part xc7vx485tffg1157-1 
Execute     ap_part_info -name xc7vx485tffg1157-1 -data single -quiet 
Execute     ap_part_info -name xc7vx485tffg1157-1 -data info 
Execute     add_library xilinx/virtex7/virtex7:xc7vx485t:-ffg1157:-1 
Execute       get_default_platform 
Execute       open_platform DefaultPlatform 
Execute       import_lib /tools/Xilinx/Vivado/2019.2/common/technology/xilinx/virtex7/virtex7 
Execute         source /tools/Xilinx/Vivado/2019.2/common/technology/xilinx/common/xilinx.lib 
Execute           source /tools/Xilinx/Vivado/2019.2/common/technology/xilinx/interface/xilinx_interface.lib 
Execute             source /tools/Xilinx/Vivado/2019.2/common/technology/xilinx/interface/plb46.lib 
Execute             source /tools/Xilinx/Vivado/2019.2/common/technology/xilinx/interface/fsl.lib 
Execute             source /tools/Xilinx/Vivado/2019.2/common/technology/xilinx/interface/axi4.lib 
Execute             source /tools/Xilinx/Vivado/2019.2/common/technology/xilinx/interface/maxi.lib 
Execute             source /tools/Xilinx/Vivado/2019.2/common/technology/xilinx/interface/saxilite.lib 
Execute           source /tools/Xilinx/Vivado/2019.2/common/technology/xilinx/common/dsp48.lib 
Execute           source /tools/Xilinx/Vivado/2019.2/common/technology/xilinx/ip/dds_compiler.lib 
Execute           source /tools/Xilinx/Vivado/2019.2/common/technology/xilinx/ip/xfft.lib 
Execute           source /tools/Xilinx/Vivado/2019.2/common/technology/xilinx/ip/xfir.lib 
Execute         source /tools/Xilinx/Vivado/2019.2/common/technology/xilinx/common/xilinx.hlp 
Execute           source /tools/Xilinx/Vivado/2019.2/common/technology/xilinx/common/target_info.tcl 
Execute           source /tools/Xilinx/Vivado/2019.2/common/technology/xilinx/interface/xilinx_interface.hlp 
Execute             source /tools/Xilinx/Vivado/2019.2/common/technology/xilinx/interface/maxi.hlp 
Execute             source /tools/Xilinx/Vivado/2019.2/common/technology/xilinx/interface/saxilite.hlp 
Execute           source /tools/Xilinx/Vivado/2019.2/common/technology/xilinx/common/dsp48.hlp 
Execute         source /tools/Xilinx/Vivado/2019.2/common/technology/xilinx/virtex7/dsp48e1.hlp 
Execute         source /tools/Xilinx/Vivado/2019.2/common/technology/xilinx/common/xilinx.hlp 
Execute           source /tools/Xilinx/Vivado/2019.2/common/technology/xilinx/common/target_info.tcl 
Execute           source /tools/Xilinx/Vivado/2019.2/common/technology/xilinx/interface/xilinx_interface.hlp 
Execute             source /tools/Xilinx/Vivado/2019.2/common/technology/xilinx/interface/maxi.hlp 
Execute             source /tools/Xilinx/Vivado/2019.2/common/technology/xilinx/interface/saxilite.hlp 
Execute           source /tools/Xilinx/Vivado/2019.2/common/technology/xilinx/common/dsp48.hlp 
Execute       source /tools/Xilinx/Vivado/2019.2/common/technology/xilinx/virtex7/virtex7.gen 
Execute         source /tools/Xilinx/Vivado/2019.2/common/technology/xilinx/common/xilinx.gen 
Execute           source /tools/Xilinx/Vivado/2019.2/common/technology/xilinx/interface/plb46.gen 
Execute           source /tools/Xilinx/Vivado/2019.2/common/technology/xilinx/interface/fsl.gen 
Execute           source /tools/Xilinx/Vivado/2019.2/common/technology/xilinx/interface/axi4.gen 
Execute           source /tools/Xilinx/Vivado/2019.2/common/technology/xilinx/interface/nativeAXI4.gen 
Execute             source /tools/Xilinx/Vivado/2019.2/common/technology/xilinx/interface/saxilite.gen 
Execute             source /tools/Xilinx/Vivado/2019.2/common/technology/xilinx/interface/maxi.gen 
Execute           source /tools/Xilinx/Vivado/2019.2/common/technology/xilinx/scripts/xilinxcoregen.gen 
Execute           source /tools/Xilinx/Vivado/2019.2/common/technology/xilinx/interface/XilEDKCoreGen.gen 
Execute           source /tools/Xilinx/Vivado/2019.2/common/technology/xilinx/ip/dds_compiler.gen 
Execute           source /tools/Xilinx/Vivado/2019.2/common/technology/xilinx/ip/util.gen 
Execute           source /tools/Xilinx/Vivado/2019.2/common/technology/xilinx/ip/xfft.gen 
Command           ap_source done; 0.17 sec.
Execute           source /tools/Xilinx/Vivado/2019.2/common/technology/xilinx/ip/xfir.gen 
Execute           source /tools/Xilinx/Vivado/2019.2/common/technology/xilinx/common/dsp48.gen 
Command         ap_source done; 0.29 sec.
Command       ap_source done; 0.3 sec.
Execute       ap_part_info -data single -name xc7vx485t-ffg1157-1 
Execute       ap_part_info -name xc7vx485t-ffg1157-1 -data resources 
Execute       ap_part_info -name xc7vx485t-ffg1157-1 -data info 
Execute       ap_part_info -name xc7vx485t-ffg1157-1 -data info 
Execute       config_chip_info -quiet -resource {SLICE 75900} {LUT 303600} {FF 607200} {DSP48E 2800} {BRAM 2060} {URAM 0} 
Execute       ap_part_info -name xc7vx485t-ffg1157-1 -data info 
Execute       config_chip_info -quiet -speed slow 
Command     add_library done; 0.57 sec.
Execute     add_library xilinx/virtex7/virtex7_fpv6 
Execute       get_default_platform 
Execute       open_platform DefaultPlatform 
Execute       import_lib /tools/Xilinx/Vivado/2019.2/common/technology/xilinx/virtex7/virtex7_fpv6 
Execute         source /tools/Xilinx/Vivado/2019.2/common/technology/xilinx/common/xilinx_fp.lib 
Execute         source /tools/Xilinx/Vivado/2019.2/common/technology/xilinx/common/xilinx_fp.hlp 
Execute           source /tools/Xilinx/Vivado/2019.2/common/technology/xilinx/common/xilinx.hlp 
Execute             source /tools/Xilinx/Vivado/2019.2/common/technology/xilinx/common/target_info.tcl 
Execute             source /tools/Xilinx/Vivado/2019.2/common/technology/xilinx/interface/xilinx_interface.hlp 
Execute               source /tools/Xilinx/Vivado/2019.2/common/technology/xilinx/interface/maxi.hlp 
Execute               source /tools/Xilinx/Vivado/2019.2/common/technology/xilinx/interface/saxilite.hlp 
Execute             source /tools/Xilinx/Vivado/2019.2/common/technology/xilinx/common/dsp48.hlp 
Execute       source /tools/Xilinx/Vivado/2019.2/common/technology/xilinx/virtex7/virtex7_fpv6.gen 
Execute         source /tools/Xilinx/Vivado/2019.2/common/technology/xilinx/common/xilinx_fp.gen 
Execute     ap_part_info -name xc7vx485t-ffg1157-1 -data info 
Execute     get_default_platform 
Command   set_part done; 0.91 sec.
Execute   create_clock -period 10 -name default 
Execute   source ./honeybee_001/solution3/directives.tcl 
Execute     set_directive_pipeline honeybee/honeybee_label3 
INFO-FLOW: Setting directive 'PIPELINE' 
Execute     set_directive_pipeline honeybee/honeybee_label4 
INFO-FLOW: Setting directive 'PIPELINE' 
INFO-FLOW: Setting directive 'PIPELINE' 
Execute   csynth_design 
Execute     get_config_compile -dump_cfg 
Execute     get_config_compile -effort 
Execute     get_config_compile -enable_clang39 
Execute     get_config_compile -g 
Execute     get_config_compile -ng 
Execute     get_config_compile -opt_fp 
Execute     get_config_compile -skip_cdt 
Execute     get_config_compile -skip_syncheck 
Execute     get_config_compile -skip_transform 
Execute     get_config_compile -keep_printf 
Execute     elaborate -effort=medium -skip_syncheck=0 -keep_printf=0 -skip_cdt=0 -skip_transform=0 -ng=0 -g=0 -opt_fp=0 -from_csynth_design=1 
Execute       get_config_schedule -relax_ii_for_timing 
INFO: [SCHED 204-61] Option 'relax_ii_for_timing' is enabled, will increase II to preserve clock frequency constraints.
Execute       get_config_schedule -suppress_dependence_error_break 
INFO: [HLS 200-10] Analyzing design file 'src/honeybee.c' ... 
INFO-FLOW: Compiling one TU...
Execute       is_m_axi_addr64 
INFO-FLOW: Handling src/honeybee.c as C
Execute       ap_part_info -name xc7vx485t-ffg1157-1 -data info 
Execute       is_encrypted src/honeybee.c 
INFO-FLOW: Running: GCC PP
INFO-FLOW: Source preprocessing
Execute       clang  -fno-limit-debug-info -gcc-toolchain "/tools/Xilinx/Vivado/2019.2/lnx64/tools/gcc" -hls  -fno-exceptions  -D__llvm__  -E "src/honeybee.c"     -fno-math-errno -c -emit-llvm -O0  -mllvm -disable-llvm-optzns -std=gnu89   -DAESL_SYN -D__SYNTHESIS__ -D__HLS_SYN__ -I "/tools/Xilinx/Vivado/2019.2/common/technology/autopilot" -I "/tools/Xilinx/Vivado/2019.2/common/technology/autopilot/ap_sysc" -include etc/autopilot_ssdm_op.h -D__DSP48E1__  -o "/mnt/hgfs/Thesis/HoneyBee/honeybee_001/solution3/.autopilot/db/honeybee.pp.0.c" 
INFO-FLOW: exec /tools/Xilinx/Vivado/2019.2/lnx64/tools/clang/bin/clang -fno-limit-debug-info -gcc-toolchain /tools/Xilinx/Vivado/2019.2/lnx64/tools/gcc -hls -fno-exceptions -D__llvm__ -E src/honeybee.c -fno-math-errno -c -emit-llvm -O0 -mllvm -disable-llvm-optzns -std=gnu89 -DAESL_SYN -D__SYNTHESIS__ -D__HLS_SYN__ -I /tools/Xilinx/Vivado/2019.2/common/technology/autopilot -I /tools/Xilinx/Vivado/2019.2/common/technology/autopilot/ap_sysc -include etc/autopilot_ssdm_op.h -D__DSP48E1__ -o /mnt/hgfs/Thesis/HoneyBee/honeybee_001/solution3/.autopilot/db/honeybee.pp.0.c
Command       clang done; 2.8 sec.
Execute       tidy_31 xilinx-xfmat-array-geometry /mnt/hgfs/Thesis/HoneyBee/honeybee_001/solution3/.autopilot/db/honeybee.pp.0.c std=gnu89 
INFO-FLOW: exec /tools/Xilinx/Vivado/2019.2/lnx64/tools/clang-3.9-csynth/bin/tidy-3.1 -header-filter=.* -checks=-*,xilinx-xfmat-array-geometry -quiet -fix /mnt/hgfs/Thesis/HoneyBee/honeybee_001/solution3/.autopilot/db/honeybee.pp.0.c -- -std=gnu89 -fhls -ferror-limit=0
INFO-FLOW: Syntax Checking before pre-processing...
Execute       clang -syntaxcheck -src /mnt/hgfs/Thesis/HoneyBee/honeybee_001/solution3/.autopilot/db/honeybee.pp.0.c  -fno-limit-debug-info -gcc-toolchain "/tools/Xilinx/Vivado/2019.2/lnx64/tools/gcc" -hls    -fno-math-errno -c -emit-llvm -O0  -mllvm -disable-llvm-optzns -std=gnu89   -DAESL_SYN -D__SYNTHESIS__ -D__HLS_SYN__ -I "/tools/Xilinx/Vivado/2019.2/common/technology/autopilot" -I "/tools/Xilinx/Vivado/2019.2/common/technology/autopilot/ap_sysc" -include etc/autopilot_ssdm_op.h -D__DSP48E1__  "/mnt/hgfs/Thesis/HoneyBee/honeybee_001/solution3/.autopilot/db/honeybee.pp.0.c"  -o "/mnt/hgfs/Thesis/HoneyBee/honeybee_001/solution3/.autopilot/db/useless.bc"  
INFO-FLOW: exec /tools/Xilinx/Vivado/2019.2/lnx64/tools/clang/bin/clang -fno-limit-debug-info -gcc-toolchain /tools/Xilinx/Vivado/2019.2/lnx64/tools/gcc -hls -fno-math-errno -c -emit-llvm -O0 -mllvm -disable-llvm-optzns -std=gnu89 -DAESL_SYN -D__SYNTHESIS__ -D__HLS_SYN__ -I /tools/Xilinx/Vivado/2019.2/common/technology/autopilot -I /tools/Xilinx/Vivado/2019.2/common/technology/autopilot/ap_sysc -include etc/autopilot_ssdm_op.h -D__DSP48E1__ /mnt/hgfs/Thesis/HoneyBee/honeybee_001/solution3/.autopilot/db/honeybee.pp.0.c -o /mnt/hgfs/Thesis/HoneyBee/honeybee_001/solution3/.autopilot/db/useless.bc
Command       clang done; 2.22 sec.
INFO-FLOW: Done: GCC PP time: 5.1 seconds per iteration
INFO-FLOW: Setting directive 'PIPELINE' 
INFO-FLOW: Setting directive 'PIPELINE' 
Execute       source /tools/Xilinx/Vivado/2019.2/tps/tcl/tcllib1.11.1/yaml/huddle.tcl 
Execute       source /tools/Xilinx/Vivado/2019.2/tps/tcl/tcllib1.11.1/yaml/json2huddle.tcl 
Execute         source /tools/Xilinx/Vivado/2019.2/tps/tcl/tcllib1.11.1/try/try.tcl 
INFO-FLOW: Setting directive 'PIPELINE' 
INFO-FLOW: Setting directive 'PIPELINE' 
Execute       list_core -type functional_unit 
Execute       tidy_31 xilinx-systemc-detector /mnt/hgfs/Thesis/HoneyBee/honeybee_001/solution3/.autopilot/db/honeybee.pp.0.c std=gnu89 -directive=/mnt/hgfs/Thesis/HoneyBee/honeybee_001/solution3/.autopilot/db/.systemc_flag 
INFO-FLOW: exec /tools/Xilinx/Vivado/2019.2/lnx64/tools/clang-3.9-csynth/bin/tidy-3.1 -header-filter=.* -checks=-*,xilinx-systemc-detector -import-directive=/mnt/hgfs/Thesis/HoneyBee/honeybee_001/solution3/.autopilot/db/.systemc_flag -quiet -fix-errors /mnt/hgfs/Thesis/HoneyBee/honeybee_001/solution3/.autopilot/db/honeybee.pp.0.c -- -std=gnu89 -fhls -ferror-limit=0
INFO-FLOW: Running: tidy-3.1 CDT preprocess
Execute       tidy_31 xilinx-directive2pragma /mnt/hgfs/Thesis/HoneyBee/honeybee_001/solution3/.autopilot/db/honeybee.pp.0.c std=gnu89 -directive=/mnt/hgfs/Thesis/HoneyBee/honeybee_001/solution3/.autopilot/db/all.directive.json 
INFO-FLOW: exec /tools/Xilinx/Vivado/2019.2/lnx64/tools/clang-3.9-csynth/bin/tidy-3.1 -header-filter=.* -checks=-*,xilinx-directive2pragma -import-directive=/mnt/hgfs/Thesis/HoneyBee/honeybee_001/solution3/.autopilot/db/all.directive.json -quiet -fix-errors /mnt/hgfs/Thesis/HoneyBee/honeybee_001/solution3/.autopilot/db/honeybee.pp.0.c -- -std=gnu89 -fhls -ferror-limit=0
Execute       get_config_dataflow -strict_mode 
Execute       ap_eval exec -ignorestderr /tools/Xilinx/Vivado/2019.2/lnx64/tools/clang-3.9-csynth/bin/xilinx-dataflow-lawyer -export-fixes=/mnt/hgfs/Thesis/HoneyBee/honeybee_001/solution3/.autopilot/db/xilinx-dataflow-lawyer.honeybee.pp.0.c.diag.yml /mnt/hgfs/Thesis/HoneyBee/honeybee_001/solution3/.autopilot/db/honeybee.pp.0.c -- -std=gnu99 -fhls -ferror-limit=0 -fstrict-dataflow > /mnt/hgfs/Thesis/HoneyBee/honeybee_001/solution3/.autopilot/db/xilinx-dataflow-lawyer.honeybee.pp.0.c.out.log 2> /mnt/hgfs/Thesis/HoneyBee/honeybee_001/solution3/.autopilot/db/xilinx-dataflow-lawyer.honeybee.pp.0.c.err.log 
Execute       tidy_31 -errorcheck xilinx-constantarray-param,xilinx-resource-pragma-transformer,xilinx-xfmat-array-geometry /mnt/hgfs/Thesis/HoneyBee/honeybee_001/solution3/.autopilot/db/honeybee.pp.0.c std=gnu89 
Execute         ap_eval exec -ignorestderr /tools/Xilinx/Vivado/2019.2/lnx64/tools/clang-3.9-csynth/bin/tidy-3.1 -export-fixes=/mnt/hgfs/Thesis/HoneyBee/honeybee_001/solution3/.autopilot/db/tidy-3.1.honeybee.pp.0.c.diag.yml -header-filter=.* -checks=-*,xilinx-constantarray-param,xilinx-resource-pragma-transformer,xilinx-xfmat-array-geometry -quiet -fix-errors /mnt/hgfs/Thesis/HoneyBee/honeybee_001/solution3/.autopilot/db/honeybee.pp.0.c -- -std=gnu89 -fhls -ferror-limit=0 > /mnt/hgfs/Thesis/HoneyBee/honeybee_001/solution3/.autopilot/db/tidy-3.1.honeybee.pp.0.c.out.log 2> /mnt/hgfs/Thesis/HoneyBee/honeybee_001/solution3/.autopilot/db/tidy-3.1.honeybee.pp.0.c.err.log 
Execute         ap_eval exec -ignorestderr /tools/Xilinx/Vivado/2019.2/lnx64/tools/clang-3.9-csynth/bin/xilinx-legacy-rewriter /mnt/hgfs/Thesis/HoneyBee/honeybee_001/solution3/.autopilot/db/honeybee.pp.0.c -- -std=gnu89 -fhls -ferror-limit=0 > /mnt/hgfs/Thesis/HoneyBee/honeybee_001/solution3/.autopilot/db/xilinx-legacy-rewriter.honeybee.pp.0.c.out.log 2> /mnt/hgfs/Thesis/HoneyBee/honeybee_001/solution3/.autopilot/db/xilinx-legacy-rewriter.honeybee.pp.0.c.err.log 
INFO-FLOW: Done: tidy-3.1 CDT preprocess time: 0.2 seconds per iteration
INFO-FLOW: Pragma Handling...
Execute       tidy_31 xilinx-ssdm-intrinsics-arguments /mnt/hgfs/Thesis/HoneyBee/honeybee_001/solution3/.autopilot/db/honeybee.pragma.1.c std=gnu89 
INFO-FLOW: exec /tools/Xilinx/Vivado/2019.2/lnx64/tools/clang-3.9-csynth/bin/tidy-3.1 -header-filter=.* -checks=-*,xilinx-ssdm-intrinsics-arguments -quiet -fix-errors /mnt/hgfs/Thesis/HoneyBee/honeybee_001/solution3/.autopilot/db/honeybee.pragma.1.c -- -std=gnu89 -fhls -ferror-limit=0
Execute       ap_part_info -name xc7vx485t-ffg1157-1 -data info 
INFO-FLOW: Processing labels
Execute       clang -src /mnt/hgfs/Thesis/HoneyBee/honeybee_001/solution3/.autopilot/db/honeybee.pragma.2.c  -fno-limit-debug-info -gcc-toolchain /tools/Xilinx/Vivado/2019.2/lnx64/tools/gcc -hls -hls-analyze-label -hls-analyze-pragma -fno-exceptions  -D__llvm__  -w  "/mnt/hgfs/Thesis/HoneyBee/honeybee_001/solution3/.autopilot/db/honeybee.pragma.2.c"    -fno-math-errno -c -emit-llvm -O0  -mllvm -disable-llvm-optzns -std=gnu89  -DAESL_SYN -D__SYNTHESIS__ -D__HLS_SYN__ -I "/tools/Xilinx/Vivado/2019.2/common/technology/autopilot" -I "/tools/Xilinx/Vivado/2019.2/common/technology/autopilot/ap_sysc" -include etc/autopilot_ssdm_op.h -D__DSP48E1__ -g -o "/mnt/hgfs/Thesis/HoneyBee/honeybee_001/solution3/.autopilot/db/honeybee.bc" 
INFO-FLOW: exec /tools/Xilinx/Vivado/2019.2/lnx64/tools/clang/bin/clang -fno-limit-debug-info -gcc-toolchain /tools/Xilinx/Vivado/2019.2/lnx64/tools/gcc -hls -hls-analyze-label -hls-analyze-pragma -fno-exceptions -D__llvm__ -w /mnt/hgfs/Thesis/HoneyBee/honeybee_001/solution3/.autopilot/db/honeybee.pragma.2.c -fno-math-errno -c -emit-llvm -O0 -mllvm -disable-llvm-optzns -std=gnu89 -DAESL_SYN -D__SYNTHESIS__ -D__HLS_SYN__ -I /tools/Xilinx/Vivado/2019.2/common/technology/autopilot -I /tools/Xilinx/Vivado/2019.2/common/technology/autopilot/ap_sysc -include etc/autopilot_ssdm_op.h -D__DSP48E1__ -g -o /mnt/hgfs/Thesis/HoneyBee/honeybee_001/solution3/.autopilot/db/honeybee.bc
Command       clang done; 2.18 sec.
INFO-FLOW: Linking Debug ...
Execute       llvm-ld /mnt/hgfs/Thesis/HoneyBee/honeybee_001/solution3/.autopilot/db/honeybee.g.bc -hls-opt -except-internalize honeybee -L/tools/Xilinx/Vivado/2019.2/lnx64/lib -lhlsm -lhlsmc++ -o /mnt/hgfs/Thesis/HoneyBee/honeybee_001/solution3/.autopilot/db/a.g 
Command       llvm-ld done; 1.09 sec.
INFO: [HLS 200-111] Finished Linking Time (s): cpu = 00:00:10 ; elapsed = 00:00:17 . Memory (MB): peak = 965.715 ; gain = 526.004 ; free physical = 138 ; free virtual = 1080
INFO: [HLS 200-111] Finished Checking Pragmas Time (s): cpu = 00:00:10 ; elapsed = 00:00:17 . Memory (MB): peak = 965.715 ; gain = 526.004 ; free physical = 138 ; free virtual = 1080
Execute       get_config_sdx -target 
Execute       opt_and_import_c a -opt_level=2 -skip_syncheck=0 -ng=0 -keep_printf=0 
Execute         cleanup_all_models 
INFO: [HLS 200-10] Starting code transformations ...
Execute         transform -promote-dbg-pointer /mnt/hgfs/Thesis/HoneyBee/honeybee_001/solution3/.autopilot/db/a.pp.bc -o /mnt/hgfs/Thesis/HoneyBee/honeybee_001/solution3/.autopilot/db/a.pp.0.bc -f 
Execute         llvm-ld /mnt/hgfs/Thesis/HoneyBee/honeybee_001/solution3/.autopilot/db/a.pp.0.bc -disable-opt -L/tools/Xilinx/Vivado/2019.2/lnx64/lib -lfloatconversion -o /mnt/hgfs/Thesis/HoneyBee/honeybee_001/solution3/.autopilot/db/a.g.0 
Command         llvm-ld done; 1.37 sec.
INFO-FLOW: Running Standard Transforms...
Execute         transform -hls -share-std-xform -demangle-name -inline-byval-memcpy -always-inline -promote-dbg-pointer -interface-preproc -mem2reg -scalarrepl -mem2reg -keep-read-access -instcombine -dce -promote-dbg-pointer -bitop-raise -loop-simplify -indvarspre -indvars -loop-simplify -xunroll -constprop -instcombine -simplifycfg -indvars -simplifycfg -dce -globaldce -basicaa -simplifycfg -mem2reg -globalopt -global-constprop -deadargelim -instcombine -simplifycfg -prune-eh -simplifycfg -scalarrepl -instcombine -reassociate -licm -simplifycfg -loop-simplify -indvars -instcombine -simplifycfg -mem2reg -loop-simplify -indvars -instcombine -gvn -gvn -instcombine -adce -break-crit-edges -simplifycfg -loop-delete -global-array-opt -dce -dse -adce -find-syn-modules -top honeybee -deadargelim -mem2reg -instcombine -dce -presyn-prepare -auto-rom-infer -interface-preproc -syn-check -check-rec-only -find-region -simplifycfg -func-extr -function-inline -globaldce -mem2reg -instcombine -dce -gvn -globaldce -adce -adse -constprop -instcombine -bit-constprop -instcombine -dce -simplifycfg -bitop-raise -simplifycfg -dce -loop-delete -reassociate -globalopt -global-privatize -mem2reg -dce -global-constprop -pointer-simplify -constprop -dce -func-inst -deadargelim -auto-shift-reg-idiom -promote-dbg-pointer -norm-name /mnt/hgfs/Thesis/HoneyBee/honeybee_001/solution3/.autopilot/db/a.g.0.bc -o /mnt/hgfs/Thesis/HoneyBee/honeybee_001/solution3/.autopilot/db/a.g.1.bc -f -phase std-opt 
INFO: [HLS 200-111] Finished Standard Transforms Time (s): cpu = 00:00:11 ; elapsed = 00:00:18 . Memory (MB): peak = 965.715 ; gain = 526.004 ; free physical = 138 ; free virtual = 1080
INFO: [HLS 200-10] Checking synthesizability ...
INFO-FLOW: Checking Synthesizability 1/2..
Execute         transform -hls -syn-check -check-rec-only -disaggr -scalarrepl -norm-name -dce -mem2reg -instcombine -function-uniquify -directive-preproc -mem2reg -dse -dce -auto-rom-infer -dce -pag -array-normalize -instcombine -dce -warn-fifo-pointer -array-seg-normalize -instcombine -dce -array-flatten -instcombine -dce -array-burst -dce -deadargelim -promote-global-argument -simplifycfg -mem2reg -globaldce -dce -deadargelim -dce -instcombine -function-inline -globaldce -dce -doublePtrSimplify -doublePtrElim -dce -doublePtrSimplify -promote-dbg-pointer -dce -scalarrepl -dse -adse -instcombine -ptrLegalization -simplifycfg -dce -instcombine -pointer-simplify -ptrArgReplace -dce -instcombine -resolve-double-ptr -disaggr -scalarrepl -norm-name -dce -mem2reg -instcombine -ptrLegalization -simplifycfg -deadargelim -instcombine -dce -inst-simplify -function-uniquify -directive-preproc -mem2reg -dse -dce -globaldce -check-dspbuiltin /mnt/hgfs/Thesis/HoneyBee/honeybee_001/solution3/.autopilot/db/a.g.1.bc -o /mnt/hgfs/Thesis/HoneyBee/honeybee_001/solution3/.autopilot/db/a.g.2.prechk.bc -f 
INFO: [XFORM 203-602] Inlining function 'lessThan' into 'lineIntersectPrism' (src/honeybee.c:60) automatically.
INFO: [XFORM 203-602] Inlining function 'minFloat3' into 'lineIntersectPrism' (src/honeybee.c:62) automatically.
INFO: [XFORM 203-602] Inlining function 'greaterThan' into 'lineIntersectPrism' (src/honeybee.c:65) automatically.
INFO: [XFORM 203-602] Inlining function 'maxFloat3' into 'lineIntersectPrism' (src/honeybee.c:67) automatically.
INFO-FLOW: Checking Synthesizability 2/2..
Execute         transform -syn-check /mnt/hgfs/Thesis/HoneyBee/honeybee_001/solution3/.autopilot/db/a.g.2.prechk.bc -o /mnt/hgfs/Thesis/HoneyBee/honeybee_001/solution3/.autopilot/db/a.g.2.bc -f -phase syn-check 
INFO: [HLS 200-111] Finished Checking Synthesizability Time (s): cpu = 00:00:11 ; elapsed = 00:00:18 . Memory (MB): peak = 965.715 ; gain = 526.004 ; free physical = 138 ; free virtual = 1080
INFO-FLOW: Compiler optimizing ...
INFO-FLOW: Share syncheck's 1.bc for syn flow: copy /mnt/hgfs/Thesis/HoneyBee/honeybee_001/solution3/.autopilot/db/a.g.1.bc to /mnt/hgfs/Thesis/HoneyBee/honeybee_001/solution3/.autopilot/db/a.o.1.bc
INFO-FLOW: Presyn 1...
Execute         transform -hls -tmp /mnt/hgfs/Thesis/HoneyBee/honeybee_001/solution3/.autopilot/db -interface-port-rename -type-info -function-uniquify -directive-preproc -mem2reg -dse -dce -disaggr -scalarrepl -norm-name -deadargelim -mem2reg -instcombine -dce -simplifycfg -auto-rom-infer -dce -function-uniquify -resource-proc -clib-intrinsic-prepare -dce -func-buffer -dce -pag -array-normalize -func-legal -instcombine -gvn -constprop -dce -simplifycfg -mem2reg -globaldce -resolve-double-ptr -dce -deadargelim -dce -instcombine -ptrArgReplace -mem2reg -dce -array-seg-normalize -deadargelim -instcombine -dce -pointer-simplify -dce -port-alignment -dce -interface-preproc -data-pack -instcombine -dce -basicaa -aggr-aa -aggrmodref-aa -aggr-aa -gvn -gvn -basicaa -aggr-aa -aggrmodref-aa -aggr-aa -dse -adse -adce -loop-simplify -indvars -instcombine -gvn -loop-simplify -mem2reg -dce -find-region -instcombine -auto-loop-pipeline -inst-simplify -interface-preproc -cfgopt -instcombine -indvars -auto-loop-unroll -loop-simplify -loop-bound -xunroll -constprop -instcombine -simplifycfg -indvars -simplifycfg -dce -globaldce -clean-region -attach-range -gvn -inst-simplify -constprop -simplifycfg -dce -pointer-simplify -dce -globalopt -constprop -dce -array-promote -constprop -dce -ptrArgReplace -mem2reg -simplifycfg -dce -auto-par -instcombine -dce -array-transform-check -array-reshape -instcombine -simplifycfg -dce -ptrArgReplace -deadargelim -mem2reg -instcombine -simplifycfg -dce -indvars -loop-simplify -loop-bound -xunroll -constprop -instcombine -simplifycfg -indvars -simplifycfg -dce -globaldce -basicaa -aggr-aa -aggrmodref-aa -aggr-aa -dse -duplicate-dataflow-processes -globaldce -instcombine -array-partition -instcombine -simplifycfg -dce -ptrArgReplace -global-constprop -deadargelim -mem2reg -func-legal -dce -global-constprop -deadargelim -mem2reg -simplifycfg -dce -merge-param -deadargelim -globalopt -constprop -dce -array-promote -constprop -dce -ptrArgReplace -mem2reg -simplifycfg -dce -mem-intrinsic-preproc -dce -global-internalize -global-privatize -mem2reg -globaldce -promote-global-argument -ptrArgReplace -mem2reg -dce -globalopt -mergereturn -simplify-global-access -mem2reg -dce -pointer-simplify -dce -functionattrs -basicaa -aggr-aa -aggrmodref-aa -aggr-aa -gvn -gvn -basicaa -aggr-aa -aggrmodref-aa -aggr-aa -dse -adse -adce -dce -norm-name -function-inline -complex-op-raise -inst-simplify -globaldce -func-inst -constprop -instcombine -simplifycfg -dce -func-legal -dce -loop-bound -arraycheck -bitwidthmin -on-by-dataflow -loop-delete -instcombine -simplifycfg -globaldce -dce -gvn -deadargelim -dce -loop-simplify -clean-region -simplifycfg -propagate-stable-arguments -loop-stream -instcombine -simplifycfg -dce -globaldce -duplicate-dataflow-processes -stream-intrinsic-preproc -dce -check-ap-stream -loop-simplify -eliminate-keepreads -extract-dataflow-in-loop -loop-simplify -dce -gvn -deadargelim -dse -check-dataflow-syntax -legalize-stream-variable -legalize-global -extract-subproc -dce -dead-channel-elimination -canonicalize-gep -globaldce -dce -gvn -deadargelim -annotate-dataflow-channels -scalar-propagation -deadargelim -globaldce -mem2reg -check-dataflow-channels -function-stream -dce -globaldce -prop-fifo-spec -internal-stream-gen -canonicalize-gep -globaldce -dce -gvn -deadargelim -mergereturn -indvars -loop-simplify -instcombine -array-stream -array-seg-normalize -array-partition -func-legal -instcombine -simplifycfg -dce -bundle-memfifo-ops -deadargelim -function-uniquify -directive-preproc -mem2reg -dse -dce -group-axi-access -licm -simplifycfg -dce -loop-delete -norm-name /mnt/hgfs/Thesis/HoneyBee/honeybee_001/solution3/.autopilot/db/a.o.1.bc -o /mnt/hgfs/Thesis/HoneyBee/honeybee_001/solution3/.autopilot/db/a.o.1.tmp.bc -f 
INFO: [XFORM 203-502] Unrolling all sub-loops inside loop 'honeybee_label4' (src/honeybee.c:77) in function 'honeybee' for pipelining.
WARNING: [XFORM 203-505] Ignored pipeline directive for loop 'honeybee_label3' (src/honeybee.c:78) because its parent loop or function is pipelined.
INFO: [HLS 200-489] Unrolling loop 'honeybee_label3' (src/honeybee.c:78) in function 'honeybee' completely with a factor of 8.
INFO: [XFORM 203-602] Inlining function 'lessThan' into 'lineIntersectPrism' (src/honeybee.c:60) automatically.
INFO: [XFORM 203-602] Inlining function 'minFloat3' into 'lineIntersectPrism' (src/honeybee.c:62) automatically.
INFO: [XFORM 203-602] Inlining function 'greaterThan' into 'lineIntersectPrism' (src/honeybee.c:65) automatically.
INFO: [XFORM 203-602] Inlining function 'maxFloat3' into 'lineIntersectPrism' (src/honeybee.c:67) automatically.
Command         transform done; 0.43 sec.
INFO-FLOW: Presyn 2...
Execute         transform -hls -keep-callgraph -scalarrepl -mem2reg -port-alignment -attach-range -dce -pipe-mux-gen -indvars -loop-bound -inst-simplify -instcombine -dce -merge-array-access -mem2reg -dce -clean-region -mergereturn -if-conv -instcombine -dce -constprop -basicaa -aggr-aa -aggrmodref-aa -aggr-aa -gvn -gvn -basicaa -aggr-aa -aggrmodref-aa -aggr-aa -dse -adse -adce -scalarrepl -mem2reg -global-constprop -deadargelim -deadargelim -instcombine -dce -simplifycfg -ptrArgReplace -mem2reg -function-inline -globaldce -mem2reg -instcombine -dce -expr-balance -instcombine -dce -bitwidthmin -interface-preproc -directive-preproc -inst-rectify -instcombine -dce -functionattrs -constprop -instcombine -bit-constprop -simplify-global-access -globalopt -globaldce -inst-simplify -instcombine -elimdeaddata -dce -loop-delete -simplifycfg -loop-simplify -auto-burst -norm-name /mnt/hgfs/Thesis/HoneyBee/honeybee_001/solution3/.autopilot/db/a.o.1.tmp.bc -o /mnt/hgfs/Thesis/HoneyBee/honeybee_001/solution3/.autopilot/db/a.o.2.bc -f -phase presyn 
INFO: [XFORM 203-401] Performing if-conversion on hyperblock from (src/honeybee.c:13:22) to (src/honeybee.c:70:5) in function 'lineIntersectPrism'... converting 7 basic blocks.
Command         transform done; 0.23 sec.
INFO: [HLS 200-111] Finished Pre-synthesis Time (s): cpu = 00:00:11 ; elapsed = 00:00:19 . Memory (MB): peak = 965.715 ; gain = 526.004 ; free physical = 124 ; free virtual = 1066
INFO-FLOW: Building ssdm...
Execute         transform -hls -function-uniquify -auto-function-inline -globaldce -ptrArgReplace -mem2reg -dce -reset-lda -loop-simplify -indvars -licm -loop-dep -loop-bound -licm -loop-simplify -flattenloopnest -array-flatten -gvn -instcombine -dce -array-map -dce -func-legal -gvn -adce -instcombine -cfgopt -simplifycfg -loop-simplify -array-burst -promote-global-argument -dce -ptrLegalization -axi4-lower -array-seg-normalize -basicaa -aggrmodref-aa -globalsmodref-aa -aggr-aa -gvn -gvn -basicaa -aggrmodref-aa -globalsmodref-aa -aggr-aa -dse -adse -adce -licm -inst-simplify -dce -globaldce -instcombine -array-stream -eliminate-keepreads -instcombine -dce -deadargelim -doublePtrSimplify -doublePtrElim -dce -doublePtrSimplify -promote-dbg-pointer -dce -scalarrepl -mem2reg -disaggr -norm-name -mem2reg -instcombine -dse -adse -adce -ptrLegalization -dce -auto-rom-infer -array-flatten -dce -instcombine -check-doubleptr -loop-rot -constprop -cfgopt -simplifycfg -loop-simplify -indvars -pointer-simplify -dce -loop-bound -loop-simplify -loop-preproc -constprop -global-constprop -gvn -mem2reg -instcombine -dce -loop-bound -loop-merge -dce -bitwidthmin -deadargelim -dce -canonicalize-dataflow -dce -scalar-propagation -deadargelim -globaldce -mem2reg -read-loop-dep -interface-preproc -directive-preproc -interface-gen -bram-byte-enable -deadargelim -inst-simplify -dce -gvn -mem2reg -instcombine -dce -adse -loop-bound -instcombine -cfgopt -simplifycfg -loop-simplify -clean-region -io-protocol -find-region -mem2reg -bitop-raise -complex-op-raise -inst-simplify -inst-rectify -instcombine -adce -deadargelim -loop-simplify -phi-opt -bitop-raise -cfgopt -simplifycfg -strip-dead-prototypes -interface-lower -bitop-lower -intrinsic-lower -auto-function-inline -basicaa -aggrmodref-aa -globalsmodref-aa -aggr-aa -inst-simplify -simplifycfg -loop-simplify -mergereturn -inst-simplify -inst-rectify -dce -load-elim -bitop-lower -loop-rewind -pointer-simplify -dce -cfgopt -dce -loop-bound -loop-dep -read-loop-dep -dce -check-stream -norm-name -legalize -validate-dataflow -inst-clarity -bitwidth -dump-loop-dep-to-ir -check-all-ssdm -cdfg-build /mnt/hgfs/Thesis/HoneyBee/honeybee_001/solution3/.autopilot/db/a.o.2.bc -o /mnt/hgfs/Thesis/HoneyBee/honeybee_001/solution3/.autopilot/db/a.o.3.bc -f -phase build-ssdm 
INFO: [XFORM 203-541] Flattening a loop nest 'honeybee_label5' (src/honeybee.c:76:43) in function 'honeybee'.
Command         transform done; 0.28 sec.
INFO: [HLS 200-111] Finished Architecture Synthesis Time (s): cpu = 00:00:11 ; elapsed = 00:00:19 . Memory (MB): peak = 965.715 ; gain = 526.004 ; free physical = 123 ; free virtual = 1066
INFO-FLOW: Finish building internal data model.
Command       opt_and_import_c done; 2.52 sec.
Command     elaborate done; 11.54 sec.
Execute     autosyn -from_csynth_design=1 
INFO: [HLS 200-10] Starting hardware synthesis ...
INFO-FLOW: Synthesizing C/C++ design ...
INFO: [HLS 200-10] Synthesizing 'honeybee' ...
Execute       ap_set_top_model honeybee 
Execute       get_model_list honeybee -filter all-wo-channel -topdown 
Execute       preproc_iomode -model honeybee 
Execute       preproc_iomode -model lineIntersectPrism 
Execute       get_model_list honeybee -filter all-wo-channel 
INFO-FLOW: Model list for configure: lineIntersectPrism honeybee
INFO-FLOW: Configuring Module : lineIntersectPrism ...
Execute       set_default_model lineIntersectPrism 
Execute       apply_spec_resource_limit lineIntersectPrism 
INFO-FLOW: Configuring Module : honeybee ...
Execute       set_default_model honeybee 
Execute       apply_spec_resource_limit honeybee 
INFO-FLOW: Model list for preprocess: lineIntersectPrism honeybee
INFO-FLOW: Preprocessing Module: lineIntersectPrism ...
Execute       set_default_model lineIntersectPrism 
Execute       cdfg_preprocess -model lineIntersectPrism 
Execute       rtl_gen_preprocess lineIntersectPrism 
INFO-FLOW: Preprocessing Module: honeybee ...
Execute       set_default_model honeybee 
Execute       cdfg_preprocess -model honeybee 
Execute       rtl_gen_preprocess honeybee 
INFO-FLOW: Model list for synthesis: lineIntersectPrism honeybee
INFO: [HLS 200-10] ----------------------------------------------------------------
INFO: [HLS 200-42] -- Implementing module 'lineIntersectPrism' 
INFO: [HLS 200-10] ----------------------------------------------------------------
Execute       set_default_model lineIntersectPrism 
Execute       schedule -model lineIntersectPrism 
INFO: [SCHED 204-11] Starting scheduling ...
INFO: [SCHED 204-61] Pipelining function 'lineIntersectPrism'.
INFO: [SCHED 204-61] Pipelining result : Target II = 1, Final II = 1, Depth = 22.
INFO: [SCHED 204-11] Finished scheduling.
Command       schedule done; 0.32 sec.
INFO: [HLS 200-111]  Elapsed time: 19.51 seconds; current allocated memory: 114.068 MB.
Execute       syn_report -verbosereport -o /mnt/hgfs/Thesis/HoneyBee/honeybee_001/solution3/.autopilot/db/lineIntersectPrism.verbose.sched.rpt 
Command       syn_report done; 0.43 sec.
Execute       db_write -o /mnt/hgfs/Thesis/HoneyBee/honeybee_001/solution3/.autopilot/db/lineIntersectPrism.sched.adb -f 
INFO-FLOW: Finish scheduling lineIntersectPrism.
Execute       set_default_model lineIntersectPrism 
Execute       bind -model lineIntersectPrism 
BIND OPTION: model=lineIntersectPrism
INFO: [BIND 205-100] Starting micro-architecture generation ...
INFO: [BIND 205-101] Performing variable lifetime analysis.
INFO: [BIND 205-101] Exploring resource sharing.
INFO: [BIND 205-101] Binding ...
INFO: [BIND 205-100] Finished micro-architecture generation.
Command       bind done; 0.22 sec.
INFO: [HLS 200-111]  Elapsed time: 0.76 seconds; current allocated memory: 114.672 MB.
Execute       syn_report -verbosereport -o /mnt/hgfs/Thesis/HoneyBee/honeybee_001/solution3/.autopilot/db/lineIntersectPrism.verbose.bind.rpt 
Command       syn_report done; 0.7 sec.
Execute       db_write -o /mnt/hgfs/Thesis/HoneyBee/honeybee_001/solution3/.autopilot/db/lineIntersectPrism.bind.adb -f 
INFO-FLOW: Finish binding lineIntersectPrism.
INFO: [HLS 200-10] ----------------------------------------------------------------
INFO: [HLS 200-42] -- Implementing module 'honeybee' 
INFO: [HLS 200-10] ----------------------------------------------------------------
Execute       set_default_model honeybee 
Execute       schedule -model honeybee 
INFO: [SCHED 204-11] Starting scheduling ...
INFO: [SCHED 204-61] Pipelining loop 'honeybee_label5_honeybee_label4'.
WARNING: [SCHED 204-68] The II Violation in module 'honeybee' (Loop: honeybee_label5_honeybee_label4): Unable to enforce a carried dependence constraint (II = 1, distance = 1, offset = 1)
   between 'select' operation ('select_ln80_4', src/honeybee.c:80) and 'add' operation ('add_ln80', src/honeybee.c:80).
WARNING: [SCHED 204-68] The II Violation in module 'honeybee' (Loop: honeybee_label5_honeybee_label4): Unable to enforce a carried dependence constraint (II = 2, distance = 1, offset = 1)
   between 'add' operation ('add_ln80_7', src/honeybee.c:80) and 'add' operation ('add_ln80_2', src/honeybee.c:80).
INFO: [SCHED 204-61] Pipelining result : Target II = 1, Final II = 3, Depth = 30.
INFO: [SCHED 204-11] Finished scheduling.
Command       schedule done; 0.24 sec.
INFO: [HLS 200-111]  Elapsed time: 1.06 seconds; current allocated memory: 115.271 MB.
Execute       syn_report -verbosereport -o /mnt/hgfs/Thesis/HoneyBee/honeybee_001/solution3/.autopilot/db/honeybee.verbose.sched.rpt 
Command       syn_report done; 0.15 sec.
Execute       db_write -o /mnt/hgfs/Thesis/HoneyBee/honeybee_001/solution3/.autopilot/db/honeybee.sched.adb -f 
Command       db_write done; 0.22 sec.
INFO-FLOW: Finish scheduling honeybee.
Execute       set_default_model honeybee 
Execute       bind -model honeybee 
BIND OPTION: model=honeybee
INFO: [BIND 205-100] Starting micro-architecture generation ...
INFO: [BIND 205-101] Performing variable lifetime analysis.
INFO: [BIND 205-101] Exploring resource sharing.
INFO: [BIND 205-101] Binding ...
INFO: [BIND 205-100] Finished micro-architecture generation.
Command       bind done; 0.53 sec.
INFO: [HLS 200-111]  Elapsed time: 0.91 seconds; current allocated memory: 116.379 MB.
Execute       syn_report -verbosereport -o /mnt/hgfs/Thesis/HoneyBee/honeybee_001/solution3/.autopilot/db/honeybee.verbose.bind.rpt 
Command       syn_report done; 1.17 sec.
Execute       db_write -o /mnt/hgfs/Thesis/HoneyBee/honeybee_001/solution3/.autopilot/db/honeybee.bind.adb -f 
Command       db_write done; 0.19 sec.
INFO-FLOW: Finish binding honeybee.
Execute       get_model_list honeybee -filter all-wo-channel 
INFO-FLOW: Preprocessing for RTLGen ...
Execute       rtl_gen_preprocess lineIntersectPrism 
Execute       rtl_gen_preprocess honeybee 
INFO-FLOW: Model list for RTL generation: lineIntersectPrism honeybee
INFO: [HLS 200-10] ----------------------------------------------------------------
INFO: [HLS 200-10] -- Generating RTL for module 'lineIntersectPrism' 
INFO: [HLS 200-10] ----------------------------------------------------------------
Execute       get_config_rtl -module_prefix 
Execute       get_config_rtl -module_auto_prefix 
Execute       create_rtl_model lineIntersectPrism -vendor xilinx -mg_file /mnt/hgfs/Thesis/HoneyBee/honeybee_001/solution3/.autopilot/db/lineIntersectPrism.compgen.tcl 
INFO: [SYN 201-210] Renamed object name 'honeybee_fsub_32ns_32ns_32_4_full_dsp_0' to 'honeybee_fsub_32nbkb' due to the length limit 20
INFO: [SYN 201-210] Renamed object name 'honeybee_fadd_32ns_32ns_32_4_full_dsp_0' to 'honeybee_fadd_32ncud' due to the length limit 20
INFO: [SYN 201-210] Renamed object name 'honeybee_fdiv_32ns_32ns_32_10_0' to 'honeybee_fdiv_32ndEe' due to the length limit 20
INFO: [SYN 201-210] Renamed object name 'honeybee_fcmp_32ns_32ns_1_2_0' to 'honeybee_fcmp_32neOg' due to the length limit 20
INFO: [RTGEN 206-100] Generating core module 'honeybee_fadd_32ncud': 3 instance(s).
INFO: [RTGEN 206-100] Generating core module 'honeybee_fcmp_32neOg': 7 instance(s).
INFO: [RTGEN 206-100] Generating core module 'honeybee_fdiv_32ndEe': 6 instance(s).
INFO: [RTGEN 206-100] Generating core module 'honeybee_fsub_32nbkb': 6 instance(s).
INFO: [RTGEN 206-100] Finished creating RTL model for 'lineIntersectPrism'.
Command       create_rtl_model done; 0.21 sec.
INFO: [HLS 200-111]  Elapsed time: 1.6 seconds; current allocated memory: 117.925 MB.
Execute       source /mnt/hgfs/Thesis/HoneyBee/honeybee_001/solution3/.autopilot/db/honeybee.rtl_wrap.cfg.tcl 
Execute       gen_rtl lineIntersectPrism -style xilinx -tracefl mytrace -tracefmt vcd -traceopt all -f -lang sc -o /mnt/hgfs/Thesis/HoneyBee/honeybee_001/solution3/syn/systemc/lineIntersectPrism -synmodules lineIntersectPrism honeybee 
Execute       gen_rtl lineIntersectPrism -style xilinx -f -lang vhdl -o /mnt/hgfs/Thesis/HoneyBee/honeybee_001/solution3/syn/vhdl/lineIntersectPrism 
Execute       gen_rtl lineIntersectPrism -style xilinx -f -lang vlog -o /mnt/hgfs/Thesis/HoneyBee/honeybee_001/solution3/syn/verilog/lineIntersectPrism 
Execute       syn_report -csynth -model lineIntersectPrism -o /mnt/hgfs/Thesis/HoneyBee/honeybee_001/solution3/syn/report/lineIntersectPrism_csynth.rpt 
Command       syn_report done; 0.34 sec.
Execute       syn_report -rtlxml -model lineIntersectPrism -o /mnt/hgfs/Thesis/HoneyBee/honeybee_001/solution3/syn/report/lineIntersectPrism_csynth.xml 
Command       syn_report done; 0.16 sec.
Execute       syn_report -verbosereport -model lineIntersectPrism -o /mnt/hgfs/Thesis/HoneyBee/honeybee_001/solution3/.autopilot/db/lineIntersectPrism.verbose.rpt 
Command       syn_report done; 0.47 sec.
Execute       db_write -model lineIntersectPrism -f -o /mnt/hgfs/Thesis/HoneyBee/honeybee_001/solution3/.autopilot/db/lineIntersectPrism.adb 
Command       db_write done; 0.23 sec.
Execute       gen_tb_info lineIntersectPrism -p /mnt/hgfs/Thesis/HoneyBee/honeybee_001/solution3/.autopilot/db -o /mnt/hgfs/Thesis/HoneyBee/honeybee_001/solution3/.autopilot/db/lineIntersectPrism 
INFO: [HLS 200-10] ----------------------------------------------------------------
INFO: [HLS 200-10] -- Generating RTL for module 'honeybee' 
INFO: [HLS 200-10] ----------------------------------------------------------------
Execute       get_config_rtl -module_prefix 
Execute       get_config_rtl -module_auto_prefix 
Execute       create_rtl_model honeybee -vendor xilinx -mg_file /mnt/hgfs/Thesis/HoneyBee/honeybee_001/solution3/.autopilot/db/honeybee.compgen.tcl 
INFO: [RTGEN 206-500] Setting interface mode on port 'honeybee/edge_p1_x' to 'ap_none'.
INFO: [RTGEN 206-500] Setting interface mode on port 'honeybee/edge_p1_y' to 'ap_none'.
INFO: [RTGEN 206-500] Setting interface mode on port 'honeybee/edge_p1_z' to 'ap_none'.
INFO: [RTGEN 206-500] Setting interface mode on port 'honeybee/edge_p2_x' to 'ap_none'.
INFO: [RTGEN 206-500] Setting interface mode on port 'honeybee/edge_p2_y' to 'ap_none'.
INFO: [RTGEN 206-500] Setting interface mode on port 'honeybee/edge_p2_z' to 'ap_none'.
INFO: [RTGEN 206-500] Setting interface mode on function 'honeybee' to 'ap_ctrl_hs'.
INFO: [SYN 201-210] Renamed object name 'honeybee_sitofp_32ns_32_4_1' to 'honeybee_sitofp_3fYi' due to the length limit 20
INFO: [RTGEN 206-100] Generating core module 'honeybee_sitofp_3fYi': 1 instance(s).
INFO: [RTGEN 206-100] Finished creating RTL model for 'honeybee'.
Command       create_rtl_model done; 0.14 sec.
INFO: [HLS 200-111]  Elapsed time: 1.48 seconds; current allocated memory: 121.180 MB.
Execute       source /mnt/hgfs/Thesis/HoneyBee/honeybee_001/solution3/.autopilot/db/honeybee.rtl_wrap.cfg.tcl 
Execute       gen_rtl honeybee -istop -style xilinx -tracefl mytrace -tracefmt vcd -traceopt all -f -lang sc -o /mnt/hgfs/Thesis/HoneyBee/honeybee_001/solution3/syn/systemc/honeybee -synmodules lineIntersectPrism honeybee 
Execute       gen_rtl honeybee -istop -style xilinx -f -lang vhdl -o /mnt/hgfs/Thesis/HoneyBee/honeybee_001/solution3/syn/vhdl/honeybee 
Execute       gen_rtl honeybee -istop -style xilinx -f -lang vlog -o /mnt/hgfs/Thesis/HoneyBee/honeybee_001/solution3/syn/verilog/honeybee 
Execute       syn_report -csynth -model honeybee -o /mnt/hgfs/Thesis/HoneyBee/honeybee_001/solution3/syn/report/honeybee_csynth.rpt 
Execute       syn_report -rtlxml -model honeybee -o /mnt/hgfs/Thesis/HoneyBee/honeybee_001/solution3/syn/report/honeybee_csynth.xml 
Execute       syn_report -verbosereport -model honeybee -o /mnt/hgfs/Thesis/HoneyBee/honeybee_001/solution3/.autopilot/db/honeybee.verbose.rpt 
Command       syn_report done; 0.61 sec.
Execute       db_write -model honeybee -f -o /mnt/hgfs/Thesis/HoneyBee/honeybee_001/solution3/.autopilot/db/honeybee.adb 
Command       db_write done; 0.2 sec.
Execute       gen_tb_info honeybee -p /mnt/hgfs/Thesis/HoneyBee/honeybee_001/solution3/.autopilot/db -o /mnt/hgfs/Thesis/HoneyBee/honeybee_001/solution3/.autopilot/db/honeybee 
Execute       export_constraint_db -f -tool general -o /mnt/hgfs/Thesis/HoneyBee/honeybee_001/solution3/.autopilot/db/honeybee.constraint.tcl 
Execute       syn_report -designview -model honeybee -o /mnt/hgfs/Thesis/HoneyBee/honeybee_001/solution3/.autopilot/db/honeybee.design.xml 
Command       syn_report done; 0.2 sec.
Execute       get_config_rtl -disable_wave_debug 
Execute       syn_report -wcfg -model honeybee -o /mnt/hgfs/Thesis/HoneyBee/honeybee_001/solution3/.autopilot/db/honeybee_dataflow_ana.wcfg 
Execute       syn_report -protoinst -model honeybee -o /mnt/hgfs/Thesis/HoneyBee/honeybee_001/solution3/.autopilot/db/honeybee.protoinst 
Execute       get_config_debug -directory 
Execute       sc_get_clocks honeybee 
Execute       get_config_export -vivado_clock 
Execute       sc_get_portdomain honeybee 
INFO-FLOW: Model list for RTL component generation: lineIntersectPrism honeybee
INFO-FLOW: Handling components in module [lineIntersectPrism] ... 
Execute       source /mnt/hgfs/Thesis/HoneyBee/honeybee_001/solution3/.autopilot/db/lineIntersectPrism.compgen.tcl 
INFO-FLOW: Found component honeybee_fsub_32nbkb.
INFO-FLOW: Append model honeybee_fsub_32nbkb
INFO-FLOW: Found component honeybee_fadd_32ncud.
INFO-FLOW: Append model honeybee_fadd_32ncud
INFO-FLOW: Found component honeybee_fdiv_32ndEe.
INFO-FLOW: Append model honeybee_fdiv_32ndEe
INFO-FLOW: Found component honeybee_fcmp_32neOg.
INFO-FLOW: Append model honeybee_fcmp_32neOg
INFO-FLOW: Handling components in module [honeybee] ... 
Execute       source /mnt/hgfs/Thesis/HoneyBee/honeybee_001/solution3/.autopilot/db/honeybee.compgen.tcl 
INFO-FLOW: Found component honeybee_sitofp_3fYi.
INFO-FLOW: Append model honeybee_sitofp_3fYi
INFO-FLOW: Append model lineIntersectPrism
INFO-FLOW: Append model honeybee
INFO-FLOW: Generating RTL model list ...
INFO-FLOW: All models in this session: honeybee_fsub_32nbkb honeybee_fadd_32ncud honeybee_fdiv_32ndEe honeybee_fcmp_32neOg honeybee_sitofp_3fYi lineIntersectPrism honeybee
INFO-FLOW: To file: write model honeybee_fsub_32nbkb
INFO-FLOW: To file: write model honeybee_fadd_32ncud
INFO-FLOW: To file: write model honeybee_fdiv_32ndEe
INFO-FLOW: To file: write model honeybee_fcmp_32neOg
INFO-FLOW: To file: write model honeybee_sitofp_3fYi
INFO-FLOW: To file: write model lineIntersectPrism
INFO-FLOW: To file: write model honeybee
INFO-FLOW: Finished generating RTL model list.


INFO-FLOW: RTL Generation done.
INFO-FLOW: CAS Generation done.
INFO-FLOW: CBC Generation done.
Execute       syn_report -model honeybee -printsummary 
INFO: [HLS 200-790] **** Loop Constraint Status: All loop constraints were NOT satisfied.
INFO: [HLS 200-789] **** Estimated Fmax: 117.43 MHz
INFO-FLOW: DBG:CMD: auto_generate_csynth_design
INFO-FLOW: DBG:CMD:     auto_generate --sim-model -phase csynth_design -d /mnt/hgfs/Thesis/HoneyBee/honeybee_001/solution3
Execute       source /mnt/hgfs/Thesis/HoneyBee/honeybee_001/solution3/.autopilot/db/global.setting.tcl 
INFO-FLOW: DBG:CMD: read_platform_lib /mnt/hgfs/Thesis/HoneyBee/honeybee_001/solution3/.autopilot/db/global.setting.tcl
Execute       source /tools/Xilinx/Vivado/2019.2/common/technology/generic/autopilot/common.gen 
Execute         source /tools/Xilinx/Vivado/2019.2/common/technology/generic/autopilot/APCoreGen.gen 
Execute       source /tools/Xilinx/Vivado/2019.2/common/technology/generic/autopilot/op.gen 
Execute       source /tools/Xilinx/Vivado/2019.2/common/technology/generic/autopilot/op_simcore.gen 
Execute       source /tools/Xilinx/Vivado/2019.2/common/technology/generic/autopilot/interface.gen 
Execute       source /mnt/hgfs/Thesis/HoneyBee/honeybee_001/solution3/.autopilot/db/global.setting.tcl 
Execute       source /tools/Xilinx/Vivado/2019.2/common/technology/xilinx/virtex7/virtex7.gen 
Execute         source /tools/Xilinx/Vivado/2019.2/common/technology/xilinx/common/xilinx.gen 
Execute           source /tools/Xilinx/Vivado/2019.2/common/technology/xilinx/interface/plb46.gen 
Execute           source /tools/Xilinx/Vivado/2019.2/common/technology/xilinx/interface/fsl.gen 
Execute           source /tools/Xilinx/Vivado/2019.2/common/technology/xilinx/interface/axi4.gen 
Execute           source /tools/Xilinx/Vivado/2019.2/common/technology/xilinx/interface/nativeAXI4.gen 
Execute             source /tools/Xilinx/Vivado/2019.2/common/technology/xilinx/interface/saxilite.gen 
Execute             source /tools/Xilinx/Vivado/2019.2/common/technology/xilinx/interface/maxi.gen 
Execute           source /tools/Xilinx/Vivado/2019.2/common/technology/xilinx/scripts/xilinxcoregen.gen 
Execute           source /tools/Xilinx/Vivado/2019.2/common/technology/xilinx/interface/XilEDKCoreGen.gen 
Execute           source /tools/Xilinx/Vivado/2019.2/common/technology/xilinx/ip/dds_compiler.gen 
Execute           source /tools/Xilinx/Vivado/2019.2/common/technology/xilinx/ip/util.gen 
Execute           source /tools/Xilinx/Vivado/2019.2/common/technology/xilinx/ip/xfft.gen 
Command           ap_source done; 0.11 sec.
Execute           source /tools/Xilinx/Vivado/2019.2/common/technology/xilinx/ip/xfir.gen 
Execute           source /tools/Xilinx/Vivado/2019.2/common/technology/xilinx/common/dsp48.gen 
Command         ap_source done; 0.18 sec.
Command       ap_source done; 0.18 sec.
Execute       source /tools/Xilinx/Vivado/2019.2/common/technology/xilinx/virtex7/virtex7_fpv6.gen 
Execute         source /tools/Xilinx/Vivado/2019.2/common/technology/xilinx/common/xilinx_fp.gen 
INFO-FLOW: DBG:CMD:   using AESL_AUTOCG::g_clock_period=10.000 (was NA)
INFO-FLOW: DBG:CMD:       generate_ip_cores sim=1 export=0 expOnly=0 dstVlogDir=syn/verilog
Execute       source /mnt/hgfs/Thesis/HoneyBee/honeybee_001/solution3/.autopilot/db/global.setting.tcl 
Execute       ap_part_info -name xc7vx485t-ffg1157-1 -data names -quiet 
Execute       ap_part_info -name xc7vx485t-ffg1157-1 -data info -quiet 
Execute       source /mnt/hgfs/Thesis/HoneyBee/honeybee_001/solution3/.autopilot/db/global.setting.tcl 
Execute       source /mnt/hgfs/Thesis/HoneyBee/honeybee_001/solution3/.autopilot/db/global.setting.tcl 
Execute       source /mnt/hgfs/Thesis/HoneyBee/honeybee_001/solution3/.autopilot/db/lineIntersectPrism.compgen.tcl 
Execute         ap_part_info -name xc7vx485t-ffg1157-1 -data names -quiet 
Execute         ap_part_info -name xc7vx485t-ffg1157-1 -data info -quiet 
Execute         ap_part_info -name xc7vx485t-ffg1157-1 -data names -quiet 
Execute         ap_part_info -name xc7vx485t-ffg1157-1 -data info -quiet 
Execute         ap_part_info -name xc7vx485t-ffg1157-1 -data names -quiet 
Execute         ap_part_info -name xc7vx485t-ffg1157-1 -data info -quiet 
Execute         ap_part_info -name xc7vx485t-ffg1157-1 -data names -quiet 
Execute         ap_part_info -name xc7vx485t-ffg1157-1 -data info -quiet 
Command       ap_source done; 0.39 sec.
Execute       source /mnt/hgfs/Thesis/HoneyBee/honeybee_001/solution3/.autopilot/db/honeybee.compgen.tcl 
Execute         ap_part_info -name xc7vx485t-ffg1157-1 -data names -quiet 
Execute         ap_part_info -name xc7vx485t-ffg1157-1 -data info -quiet 
INFO-FLOW: DBG:CMD:     auto_generate -export -impltomg_flag -rtl both -tool Vivado -pcore_version 1.00.a -phase csynth_design -d /mnt/hgfs/Thesis/HoneyBee/honeybee_001/solution3
Execute       source /mnt/hgfs/Thesis/HoneyBee/honeybee_001/solution3/.autopilot/db/global.setting.tcl 
INFO-FLOW: DBG:CMD: read_platform_lib /mnt/hgfs/Thesis/HoneyBee/honeybee_001/solution3/.autopilot/db/global.setting.tcl
Execute       source /tools/Xilinx/Vivado/2019.2/common/technology/generic/autopilot/common.gen 
Execute         source /tools/Xilinx/Vivado/2019.2/common/technology/generic/autopilot/APCoreGen.gen 
Execute       source /tools/Xilinx/Vivado/2019.2/common/technology/generic/autopilot/op.gen 
Execute       source /tools/Xilinx/Vivado/2019.2/common/technology/generic/autopilot/op_simcore.gen 
Execute       source /tools/Xilinx/Vivado/2019.2/common/technology/generic/autopilot/interface.gen 
Execute       source /mnt/hgfs/Thesis/HoneyBee/honeybee_001/solution3/.autopilot/db/global.setting.tcl 
Execute       source /tools/Xilinx/Vivado/2019.2/common/technology/xilinx/virtex7/virtex7.gen 
Execute         source /tools/Xilinx/Vivado/2019.2/common/technology/xilinx/common/xilinx.gen 
Execute           source /tools/Xilinx/Vivado/2019.2/common/technology/xilinx/interface/plb46.gen 
Execute           source /tools/Xilinx/Vivado/2019.2/common/technology/xilinx/interface/fsl.gen 
Execute           source /tools/Xilinx/Vivado/2019.2/common/technology/xilinx/interface/axi4.gen 
Execute           source /tools/Xilinx/Vivado/2019.2/common/technology/xilinx/interface/nativeAXI4.gen 
Execute             source /tools/Xilinx/Vivado/2019.2/common/technology/xilinx/interface/saxilite.gen 
Execute             source /tools/Xilinx/Vivado/2019.2/common/technology/xilinx/interface/maxi.gen 
Execute           source /tools/Xilinx/Vivado/2019.2/common/technology/xilinx/scripts/xilinxcoregen.gen 
Execute           source /tools/Xilinx/Vivado/2019.2/common/technology/xilinx/interface/XilEDKCoreGen.gen 
Execute           source /tools/Xilinx/Vivado/2019.2/common/technology/xilinx/ip/dds_compiler.gen 
Execute           source /tools/Xilinx/Vivado/2019.2/common/technology/xilinx/ip/util.gen 
Execute           source /tools/Xilinx/Vivado/2019.2/common/technology/xilinx/ip/xfft.gen 
Execute           source /tools/Xilinx/Vivado/2019.2/common/technology/xilinx/ip/xfir.gen 
Execute           source /tools/Xilinx/Vivado/2019.2/common/technology/xilinx/common/dsp48.gen 
Command         ap_source done; 0.13 sec.
Command       ap_source done; 0.13 sec.
Execute       source /tools/Xilinx/Vivado/2019.2/common/technology/xilinx/virtex7/virtex7_fpv6.gen 
Execute         source /tools/Xilinx/Vivado/2019.2/common/technology/xilinx/common/xilinx_fp.gen 
INFO-FLOW: DBG:CMD:       initCTypeInfo top_module=honeybee xml_exists=0
Execute       source /mnt/hgfs/Thesis/HoneyBee/honeybee_001/solution3/.autopilot/db/honeybee.rtl_wrap.cfg.tcl 
Execute       source /mnt/hgfs/Thesis/HoneyBee/honeybee_001/solution3/.autopilot/db/honeybee.rtl_wrap.cfg.tcl 
Execute       source /mnt/hgfs/Thesis/HoneyBee/honeybee_001/solution3/.autopilot/db/honeybee.rtl_wrap.cfg.tcl 
Execute       source /mnt/hgfs/Thesis/HoneyBee/honeybee_001/solution3/.autopilot/db/honeybee.tbgen.tcl 
Execute       source /mnt/hgfs/Thesis/HoneyBee/honeybee_001/solution3/.autopilot/db/honeybee.tbgen.tcl 
INFO-FLOW: DBG:CMD:       export_impl_rtl
INFO-FLOW: DBG:CMD:       generate_ip_cores sim=0 export=0 expOnly=0 dstVlogDir=impl/.verilog
Execute       source /mnt/hgfs/Thesis/HoneyBee/honeybee_001/solution3/.autopilot/db/global.setting.tcl 
Execute       source /mnt/hgfs/Thesis/HoneyBee/honeybee_001/solution3/.autopilot/db/lineIntersectPrism.compgen.tcl 
Execute         ap_part_info -name xc7vx485t-ffg1157-1 -data names -quiet 
Execute         ap_part_info -name xc7vx485t-ffg1157-1 -data info -quiet 
Execute         ap_part_info -name xc7vx485t-ffg1157-1 -data names -quiet 
Execute         ap_part_info -name xc7vx485t-ffg1157-1 -data info -quiet 
Execute         ap_part_info -name xc7vx485t-ffg1157-1 -data names -quiet 
Execute         ap_part_info -name xc7vx485t-ffg1157-1 -data info -quiet 
Execute         ap_part_info -name xc7vx485t-ffg1157-1 -data names -quiet 
Execute         ap_part_info -name xc7vx485t-ffg1157-1 -data info -quiet 
Command       ap_source done; 0.24 sec.
Execute       source /mnt/hgfs/Thesis/HoneyBee/honeybee_001/solution3/.autopilot/db/honeybee.compgen.tcl 
Execute         ap_part_info -name xc7vx485t-ffg1157-1 -data names -quiet 
Execute         ap_part_info -name xc7vx485t-ffg1157-1 -data info -quiet 
INFO-FLOW: DBG:CMD:       generate_ip_cores sim=0 export=1 expOnly=1 dstVlogDir=impl/.pcores/verilog
Execute       source /mnt/hgfs/Thesis/HoneyBee/honeybee_001/solution3/.autopilot/db/global.setting.tcl 
Execute       source /mnt/hgfs/Thesis/HoneyBee/honeybee_001/solution3/.autopilot/db/lineIntersectPrism.compgen.tcl 
Execute       source /mnt/hgfs/Thesis/HoneyBee/honeybee_001/solution3/.autopilot/db/honeybee.compgen.tcl 
Execute         ap_part_info -name xc7vx485t-ffg1157-1 -data names -quiet 
Execute         ap_part_info -name xc7vx485t-ffg1157-1 -data info -quiet 
Execute         ap_part_info -name xc7vx485t-ffg1157-1 -data names -quiet 
Execute         ap_part_info -name xc7vx485t-ffg1157-1 -data info -quiet 
Execute         ap_part_info -name xc7vx485t-ffg1157-1 -data names -quiet 
Execute         ap_part_info -name xc7vx485t-ffg1157-1 -data info -quiet 
Execute         ap_part_info -name xc7vx485t-ffg1157-1 -data names -quiet 
Execute         ap_part_info -name xc7vx485t-ffg1157-1 -data info -quiet 
Execute         ap_part_info -name xc7vx485t-ffg1157-1 -data names -quiet 
Execute         ap_part_info -name xc7vx485t-ffg1157-1 -data info -quiet 
Execute         ap_part_info -name xc7vx485t-ffg1157-1 -data names -quiet 
Execute         ap_part_info -name xc7vx485t-ffg1157-1 -data info -quiet 
Execute         ap_part_info -name xc7vx485t-ffg1157-1 -data names -quiet 
Execute         ap_part_info -name xc7vx485t-ffg1157-1 -data info -quiet 
Execute         ap_part_info -name xc7vx485t-ffg1157-1 -data names -quiet 
Execute         ap_part_info -name xc7vx485t-ffg1157-1 -data info -quiet 
Execute         ap_part_info -name xc7vx485t-ffg1157-1 -data names -quiet 
Execute         ap_part_info -name xc7vx485t-ffg1157-1 -data info -quiet 
Execute         ap_part_info -name xc7vx485t-ffg1157-1 -data names -quiet 
Execute         ap_part_info -name xc7vx485t-ffg1157-1 -data info -quiet 
Execute         ap_part_info -name xc7vx485t-ffg1157-1 -data names -quiet 
Execute         ap_part_info -name xc7vx485t-ffg1157-1 -data info -quiet 
Execute         ap_part_info -name xc7vx485t-ffg1157-1 -data names -quiet 
Execute         ap_part_info -name xc7vx485t-ffg1157-1 -data info -quiet 
Execute         ap_part_info -name xc7vx485t-ffg1157-1 -data names -quiet 
Execute         ap_part_info -name xc7vx485t-ffg1157-1 -data info -quiet 
Execute         ap_part_info -name xc7vx485t-ffg1157-1 -data names -quiet 
Execute         ap_part_info -name xc7vx485t-ffg1157-1 -data info -quiet 
Command       ap_source done; 0.61 sec.
Execute       ap_part_info -name xc7vx485t-ffg1157-1 -data names -quiet 
Execute       ap_part_info -name xc7vx485t-ffg1157-1 -data info -quiet 
INFO-FLOW: DBG:CMD:       generate_ip_cores sim=0 export=0 expOnly=0 dstVlogDir=impl/.pcores/verilog_sim
Execute       source /mnt/hgfs/Thesis/HoneyBee/honeybee_001/solution3/.autopilot/db/global.setting.tcl 
Execute       source /mnt/hgfs/Thesis/HoneyBee/honeybee_001/solution3/.autopilot/db/lineIntersectPrism.compgen.tcl 
Execute       source /mnt/hgfs/Thesis/HoneyBee/honeybee_001/solution3/.autopilot/db/honeybee.compgen.tcl 
Execute       ap_part_info -name xc7vx485t-ffg1157-1 -data names -quiet 
Execute       ap_part_info -name xc7vx485t-ffg1157-1 -data info -quiet 
Execute       ap_part_info -name xc7vx485t-ffg1157-1 -data names -quiet 
Execute       ap_part_info -name xc7vx485t-ffg1157-1 -data info -quiet 
Execute       source /mnt/hgfs/Thesis/HoneyBee/honeybee_001/solution3/.autopilot/db/global.setting.tcl 
Execute       ap_part_info -name xc7vx485t-ffg1157-1 -data names -quiet 
Execute       ap_part_info -name xc7vx485t-ffg1157-1 -data info -quiet 
Execute       source /mnt/hgfs/Thesis/HoneyBee/honeybee_001/solution3/.autopilot/db/honeybee.constraint.tcl 
Execute       source /mnt/hgfs/Thesis/HoneyBee/honeybee_001/solution3/.autopilot/db/honeybee.tbgen.tcl 
INFO-FLOW: DBG:CMD:       hasPcoreIpAdapter=false #gSsdmPorts=16
INFO-FLOW: DBG:CMD: Skipping loadAnalyze_DB, #g_database=7
INFO-FLOW: DBG:CMD:       generate_json is_phase_csynth=1 g_has_adaptors=false generate_bd_files=0 #modelList=7 #gSsdmPorts=16
Execute       source /tools/Xilinx/Vivado/2019.2/tps/tcl/tcllib1.11.1/fileutil/fileutil.tcl 
Execute         source /tools/Xilinx/Vivado/2019.2/tps/tcl/tcllib1.11.1/cmdline/cmdline.tcl 
Execute       source /mnt/hgfs/Thesis/HoneyBee/honeybee_001/solution3/.autopilot/db/global.setting.tcl 
Execute       source /mnt/hgfs/Thesis/HoneyBee/honeybee_001/solution3/.autopilot/db/global.setting.tcl 
Execute       get_config_export -xo 
Execute       source /mnt/hgfs/Thesis/HoneyBee/honeybee_001/solution3/.autopilot/db/honeybee.tbgen.tcl 
Execute       source /mnt/hgfs/Thesis/HoneyBee/honeybee_001/solution3/.autopilot/db/honeybee.tbgen.tcl 
Execute       source /mnt/hgfs/Thesis/HoneyBee/honeybee_001/solution3/.autopilot/db/honeybee.tbgen.tcl 
Execute       source /mnt/hgfs/Thesis/HoneyBee/honeybee_001/solution3/.autopilot/db/global.setting.tcl 
Execute       get_config_sdx -target 
Execute       source /mnt/hgfs/Thesis/HoneyBee/honeybee_001/solution3/.autopilot/db/honeybee.rtl_wrap.cfg.tcl 
Execute       source /mnt/hgfs/Thesis/HoneyBee/honeybee_001/solution3/.autopilot/db/honeybee.compgen.dataonly.tcl 
Execute       source /mnt/hgfs/Thesis/HoneyBee/honeybee_001/solution3/.autopilot/db/global.setting.tcl 
Execute       ap_part_info -name xc7vx485t-ffg1157-1 -data names -quiet 
Execute       ap_part_info -name xc7vx485t-ffg1157-1 -data info -quiet 
Execute       source /mnt/hgfs/Thesis/HoneyBee/honeybee_001/solution3/.autopilot/db/honeybee.constraint.tcl 
Execute       sc_get_clocks honeybee 
Execute       ap_part_info -name xc7vx485t-ffg1157-1 -data names -quiet 
Execute       ap_part_info -name xc7vx485t-ffg1157-1 -data info -quiet 
Execute       source /mnt/hgfs/Thesis/HoneyBee/honeybee_001/solution3/.autopilot/db/global.setting.tcl 
Execute       get_config_debug -directory 
Execute       source /mnt/hgfs/Thesis/HoneyBee/honeybee_001/solution3/impl/misc/honeybee_ap_fadd_2_full_dsp_32_ip.tcl 
Execute       source /mnt/hgfs/Thesis/HoneyBee/honeybee_001/solution3/impl/misc/honeybee_ap_fcmp_0_no_dsp_32_ip.tcl 
Execute       source /mnt/hgfs/Thesis/HoneyBee/honeybee_001/solution3/impl/misc/honeybee_ap_fdiv_8_no_dsp_32_ip.tcl 
Execute       source /mnt/hgfs/Thesis/HoneyBee/honeybee_001/solution3/impl/misc/honeybee_ap_fsub_2_full_dsp_32_ip.tcl 
Execute       source /mnt/hgfs/Thesis/HoneyBee/honeybee_001/solution3/impl/misc/honeybee_ap_sitofp_2_no_dsp_32_ip.tcl 
Execute       source /mnt/hgfs/Thesis/HoneyBee/honeybee_001/solution3/.autopilot/db/lineIntersectPrism.tbgen.tcl 
Execute       source /mnt/hgfs/Thesis/HoneyBee/honeybee_001/solution3/.autopilot/db/honeybee.tbgen.tcl 
Execute       get_config_sdx -target 
Execute       get_config_sdx -profile 
Execute       get_config_rtl -kernel_profile 
Execute       get_config_rtl -stall_sig_gen 
Execute       get_config_rtl -profile 
INFO-FLOW: DBG:CMD: add_json_sdx_info kernel file does not exist, skipping opencl info: /mnt/hgfs/Thesis/HoneyBee/honeybee_001/solution3/.autopilot/db/kernel.internal.xml
INFO-FLOW: DBG:CMD:       delete-temp-dirs (skipped for debug)
INFO: [HLS 200-111] Finished generating all RTL models Time (s): cpu = 00:00:16 ; elapsed = 00:00:32 . Memory (MB): peak = 965.715 ; gain = 526.004 ; free physical = 110 ; free virtual = 1047
INFO: [VHDL 208-304] Generating VHDL RTL for honeybee.
INFO: [VLOG 209-307] Generating Verilog RTL for honeybee.
Command     autosyn done; 12.51 sec.
Command   csynth_design done; 24.11 sec.
Command ap_source done; 31.34 sec.
Execute cleanup_all 
