

================================================================
== Vivado HLS Report for 'honeybee'
================================================================
* Date:           Tue Mar 17 21:43:47 2020

* Version:        2019.2 (Build 2704478 on Wed Nov 06 22:10:23 MST 2019)
* Project:        honeybee_001
* Solution:       solution3
* Product family: virtex7
* Target device:  xc7vx485t-ffg1157-1


================================================================
== Performance Estimates
================================================================
+ Timing: 
    * Summary: 
    +--------+----------+----------+------------+
    |  Clock |  Target  | Estimated| Uncertainty|
    +--------+----------+----------+------------+
    |ap_clk  | 10.00 ns | 8.976 ns |   1.25 ns  |
    +--------+----------+----------+------------+

+ Latency: 
    * Summary: 
    +---------+---------+----------+----------+-----+-----+---------+
    |  Latency (cycles) |  Latency (absolute) |  Interval | Pipeline|
    |   min   |   max   |    min   |    max   | min | max |   Type  |
    +---------+---------+----------+----------+-----+-----+---------+
    |       44|       44| 0.440 us | 0.440 us |   44|   44|   none  |
    +---------+---------+----------+----------+-----+-----+---------+

    + Detail: 
        * Instance: 
        N/A

        * Loop: 
        +-----------------------------------+---------+---------+----------+-----------+-----------+------+----------+
        |                                   |  Latency (cycles) | Iteration|  Initiation Interval  | Trip |          |
        |             Loop Name             |   min   |   max   |  Latency |  achieved |   target  | Count| Pipelined|
        +-----------------------------------+---------+---------+----------+-----------+-----------+------+----------+
        |- honeybee_label5_honeybee_label4  |       42|       42|        28|          1|          1|    16|    yes   |
        +-----------------------------------+---------+---------+----------+-----------+-----------+------+----------+

============================================================
+ Verbose Summary: Synthesis Manager
============================================================
InlineROM: 1
ExposeGlobal: 0
============================================================
+ Verbose Summary: CDFG Model
============================================================
IsTopModel: 1
ResetActiveHigh: 1
IsCombinational: 0
IsDatapathOnly: 0
HasWiredReturn: 1
HasMFsm: 0
HasVarLatency: 1
IsPipeline: 0
IsRtlPipelined: 0
IsInstanceOverlapped: 0
IsDontTouch: 0
HasImplIP: 0
IsGatedGlobalClock: 0

+ Individual pipeline summary: 
  * Pipeline-0: initiation interval (II) = 1, depth = 28


============================================================
+ Verbose Summary: Schedule
============================================================
* Number of FSM states : 30
* Pipeline : 1
  Pipeline-0 : II = 1, D = 28, States = { 2 3 4 5 6 7 8 9 10 11 12 13 14 15 16 17 18 19 20 21 22 23 24 25 26 27 28 29 }
* Dataflow Pipeline: 0

* FSM state transitions: 
1 --> 2 
2 --> 30 3 
3 --> 4 
4 --> 5 
5 --> 6 
6 --> 7 
7 --> 8 
8 --> 9 
9 --> 10 
10 --> 11 
11 --> 12 
12 --> 13 
13 --> 14 
14 --> 15 
15 --> 16 
16 --> 17 
17 --> 18 
18 --> 19 
19 --> 20 
20 --> 21 
21 --> 22 
22 --> 23 
23 --> 24 
24 --> 25 
25 --> 26 
26 --> 27 
27 --> 28 
28 --> 29 
29 --> 2 
30 --> 

* FSM state operations: 

State 1 <SV = 0> <Delay = 1.18>
ST_1 : Operation 31 [1/1] (0.00ns)   --->   "call void (...)* @_ssdm_op_SpecBitsMap(float %edge_p1_x), !map !27"   --->   Operation 31 'specbitsmap' <Predicate = true> <Delay = 0.00>
ST_1 : Operation 32 [1/1] (0.00ns)   --->   "call void (...)* @_ssdm_op_SpecBitsMap(float %edge_p1_y), !map !33"   --->   Operation 32 'specbitsmap' <Predicate = true> <Delay = 0.00>
ST_1 : Operation 33 [1/1] (0.00ns)   --->   "call void (...)* @_ssdm_op_SpecBitsMap(float %edge_p1_z), !map !37"   --->   Operation 33 'specbitsmap' <Predicate = true> <Delay = 0.00>
ST_1 : Operation 34 [1/1] (0.00ns)   --->   "call void (...)* @_ssdm_op_SpecBitsMap(float %edge_p2_x), !map !41"   --->   Operation 34 'specbitsmap' <Predicate = true> <Delay = 0.00>
ST_1 : Operation 35 [1/1] (0.00ns)   --->   "call void (...)* @_ssdm_op_SpecBitsMap(float %edge_p2_y), !map !45"   --->   Operation 35 'specbitsmap' <Predicate = true> <Delay = 0.00>
ST_1 : Operation 36 [1/1] (0.00ns)   --->   "call void (...)* @_ssdm_op_SpecBitsMap(float %edge_p2_z), !map !49"   --->   Operation 36 'specbitsmap' <Predicate = true> <Delay = 0.00>
ST_1 : Operation 37 [1/1] (0.00ns)   --->   "call void (...)* @_ssdm_op_SpecBitsMap(i32 0) nounwind, !map !53"   --->   Operation 37 'specbitsmap' <Predicate = true> <Delay = 0.00>
ST_1 : Operation 38 [1/1] (0.00ns)   --->   "call void (...)* @_ssdm_op_SpecTopModule([9 x i8]* @honeybee_str) nounwind"   --->   Operation 38 'spectopmodule' <Predicate = true> <Delay = 0.00>
ST_1 : Operation 39 [1/1] (0.00ns)   --->   "%edge_p2_z_read = call float @_ssdm_op_Read.ap_auto.float(float %edge_p2_z)" [src/honeybee.c:76]   --->   Operation 39 'read' 'edge_p2_z_read' <Predicate = true> <Delay = 0.00>
ST_1 : Operation 40 [1/1] (0.00ns)   --->   "%edge_p2_y_read = call float @_ssdm_op_Read.ap_auto.float(float %edge_p2_y)" [src/honeybee.c:76]   --->   Operation 40 'read' 'edge_p2_y_read' <Predicate = true> <Delay = 0.00>
ST_1 : Operation 41 [1/1] (0.00ns)   --->   "%edge_p2_x_read = call float @_ssdm_op_Read.ap_auto.float(float %edge_p2_x)" [src/honeybee.c:76]   --->   Operation 41 'read' 'edge_p2_x_read' <Predicate = true> <Delay = 0.00>
ST_1 : Operation 42 [1/1] (0.00ns)   --->   "%edge_p1_z_read = call float @_ssdm_op_Read.ap_auto.float(float %edge_p1_z)" [src/honeybee.c:76]   --->   Operation 42 'read' 'edge_p1_z_read' <Predicate = true> <Delay = 0.00>
ST_1 : Operation 43 [1/1] (0.00ns)   --->   "%edge_p1_y_read = call float @_ssdm_op_Read.ap_auto.float(float %edge_p1_y)" [src/honeybee.c:76]   --->   Operation 43 'read' 'edge_p1_y_read' <Predicate = true> <Delay = 0.00>
ST_1 : Operation 44 [1/1] (0.00ns)   --->   "%edge_p1_x_read = call float @_ssdm_op_Read.ap_auto.float(float %edge_p1_x)" [src/honeybee.c:76]   --->   Operation 44 'read' 'edge_p1_x_read' <Predicate = true> <Delay = 0.00>
ST_1 : Operation 45 [1/1] (1.18ns)   --->   "br label %1" [src/honeybee.c:76]   --->   Operation 45 'br' <Predicate = true> <Delay = 1.18>

State 2 <SV = 1> <Delay = 8.58>
ST_2 : Operation 46 [1/1] (0.00ns)   --->   "%indvar_flatten = phi i5 [ 0, %0 ], [ %add_ln76, %honeybee_label4 ]" [src/honeybee.c:76]   --->   Operation 46 'phi' 'indvar_flatten' <Predicate = true> <Delay = 0.00>
ST_2 : Operation 47 [1/1] (0.00ns)   --->   "%i_0 = phi i3 [ 0, %0 ], [ %select_ln76_1, %honeybee_label4 ]" [src/honeybee.c:76]   --->   Operation 47 'phi' 'i_0' <Predicate = true> <Delay = 0.00>
ST_2 : Operation 48 [1/1] (0.00ns)   --->   "%j_0 = phi i3 [ 0, %0 ], [ %j, %honeybee_label4 ]"   --->   Operation 48 'phi' 'j_0' <Predicate = true> <Delay = 0.00>
ST_2 : Operation 49 [1/1] (0.00ns)   --->   "%collisionCount_1 = phi i32 [ 0, %0 ], [ %select_ln80_3, %honeybee_label4 ]" [src/honeybee.c:80]   --->   Operation 49 'phi' 'collisionCount_1' <Predicate = true> <Delay = 0.00>
ST_2 : Operation 50 [1/1] (1.12ns)   --->   "%icmp_ln76 = icmp eq i5 %indvar_flatten, -16" [src/honeybee.c:76]   --->   Operation 50 'icmp' 'icmp_ln76' <Predicate = true> <Delay = 1.12> <Core = "Cmp">   --->   Core 25 'Cmp' <Latency = 0> <II = 1> <Delay = 0.86> <FuncUnit> <Opcode : 'icmp'> <InPorts = 2> <OutPorts = 1>
ST_2 : Operation 51 [1/1] (1.36ns)   --->   "%add_ln76 = add i5 %indvar_flatten, 1" [src/honeybee.c:76]   --->   Operation 51 'add' 'add_ln76' <Predicate = true> <Delay = 1.36> <Core = "AddSub">   --->   Core 14 'AddSub' <Latency = 0> <II = 1> <Delay = 1.18> <FuncUnit> <Opcode : 'add' 'sub'> <InPorts = 2> <OutPorts = 1>
ST_2 : Operation 52 [1/1] (0.00ns)   --->   "br i1 %icmp_ln76, label %2, label %honeybee_label4" [src/honeybee.c:76]   --->   Operation 52 'br' <Predicate = true> <Delay = 0.00>
ST_2 : Operation 53 [1/1] (0.86ns)   --->   "%icmp_ln77 = icmp eq i3 %j_0, -4" [src/honeybee.c:77]   --->   Operation 53 'icmp' 'icmp_ln77' <Predicate = (!icmp_ln76)> <Delay = 0.86> <Core = "Cmp">   --->   Core 25 'Cmp' <Latency = 0> <II = 1> <Delay = 0.86> <FuncUnit> <Opcode : 'icmp'> <InPorts = 2> <OutPorts = 1>
ST_2 : Operation 54 [1/1] (0.65ns)   --->   "%select_ln76 = select i1 %icmp_ln77, i3 0, i3 %j_0" [src/honeybee.c:76]   --->   Operation 54 'select' 'select_ln76' <Predicate = (!icmp_ln76)> <Delay = 0.65> <Core = "Sel">   --->   Core 26 'Sel' <Latency = 0> <II = 1> <Delay = 0.61> <FuncUnit> <Opcode : 'select'> <InPorts = 3> <OutPorts = 1>
ST_2 : Operation 55 [1/1] (1.18ns)   --->   "%add_ln76_1 = add i3 %i_0, 1" [src/honeybee.c:76]   --->   Operation 55 'add' 'add_ln76_1' <Predicate = (!icmp_ln76)> <Delay = 1.18> <Core = "AddSub">   --->   Core 14 'AddSub' <Latency = 0> <II = 1> <Delay = 1.18> <FuncUnit> <Opcode : 'add' 'sub'> <InPorts = 2> <OutPorts = 1>
ST_2 : Operation 56 [1/1] (0.65ns)   --->   "%select_ln76_1 = select i1 %icmp_ln77, i3 %add_ln76_1, i3 %i_0" [src/honeybee.c:76]   --->   Operation 56 'select' 'select_ln76_1' <Predicate = (!icmp_ln76)> <Delay = 0.65> <Core = "Sel">   --->   Core 26 'Sel' <Latency = 0> <II = 1> <Delay = 0.61> <FuncUnit> <Opcode : 'select'> <InPorts = 3> <OutPorts = 1>
ST_2 : Operation 57 [1/1] (0.00ns)   --->   "%zext_ln76 = zext i3 %select_ln76_1 to i32" [src/honeybee.c:76]   --->   Operation 57 'zext' 'zext_ln76' <Predicate = (!icmp_ln76)> <Delay = 0.00>
ST_2 : Operation 58 [4/4] (6.74ns)   --->   "%obs_x_mid2 = sitofp i32 %zext_ln76 to float" [src/honeybee.c:76]   --->   Operation 58 'sitofp' 'obs_x_mid2' <Predicate = (!icmp_ln76)> <Delay = 6.74> <Core = "Int2Float">   --->   Core 112 'Int2Float' <Latency = 3> <II = 1> <Delay = 6.74> <FuncUnit> <Opcode : 'sitofp' 'uitofp'> <InPorts = 1> <OutPorts = 1>
ST_2 : Operation 59 [1/1] (0.00ns)   --->   "%zext_ln77 = zext i3 %select_ln76 to i32" [src/honeybee.c:77]   --->   Operation 59 'zext' 'zext_ln77' <Predicate = (!icmp_ln76)> <Delay = 0.00>
ST_2 : Operation 60 [4/4] (6.74ns)   --->   "%obs_y = sitofp i32 %zext_ln77 to float" [src/honeybee.c:79]   --->   Operation 60 'sitofp' 'obs_y' <Predicate = (!icmp_ln76)> <Delay = 6.74> <Core = "Int2Float">   --->   Core 112 'Int2Float' <Latency = 3> <II = 1> <Delay = 6.74> <FuncUnit> <Opcode : 'sitofp' 'uitofp'> <InPorts = 1> <OutPorts = 1>
ST_2 : Operation 61 [1/1] (1.18ns)   --->   "%j = add i3 %select_ln76, 1" [src/honeybee.c:77]   --->   Operation 61 'add' 'j' <Predicate = (!icmp_ln76)> <Delay = 1.18> <Core = "AddSub">   --->   Core 14 'AddSub' <Latency = 0> <II = 1> <Delay = 1.18> <FuncUnit> <Opcode : 'add' 'sub'> <InPorts = 2> <OutPorts = 1>

State 3 <SV = 2> <Delay = 6.74>
ST_3 : Operation 62 [3/4] (6.74ns)   --->   "%obs_x_mid2 = sitofp i32 %zext_ln76 to float" [src/honeybee.c:76]   --->   Operation 62 'sitofp' 'obs_x_mid2' <Predicate = (!icmp_ln76)> <Delay = 6.74> <Core = "Int2Float">   --->   Core 112 'Int2Float' <Latency = 3> <II = 1> <Delay = 6.74> <FuncUnit> <Opcode : 'sitofp' 'uitofp'> <InPorts = 1> <OutPorts = 1>
ST_3 : Operation 63 [3/4] (6.74ns)   --->   "%obs_y = sitofp i32 %zext_ln77 to float" [src/honeybee.c:79]   --->   Operation 63 'sitofp' 'obs_y' <Predicate = (!icmp_ln76)> <Delay = 6.74> <Core = "Int2Float">   --->   Core 112 'Int2Float' <Latency = 3> <II = 1> <Delay = 6.74> <FuncUnit> <Opcode : 'sitofp' 'uitofp'> <InPorts = 1> <OutPorts = 1>

State 4 <SV = 3> <Delay = 6.74>
ST_4 : Operation 64 [2/4] (6.74ns)   --->   "%obs_x_mid2 = sitofp i32 %zext_ln76 to float" [src/honeybee.c:76]   --->   Operation 64 'sitofp' 'obs_x_mid2' <Predicate = (!icmp_ln76)> <Delay = 6.74> <Core = "Int2Float">   --->   Core 112 'Int2Float' <Latency = 3> <II = 1> <Delay = 6.74> <FuncUnit> <Opcode : 'sitofp' 'uitofp'> <InPorts = 1> <OutPorts = 1>
ST_4 : Operation 65 [2/4] (6.74ns)   --->   "%obs_y = sitofp i32 %zext_ln77 to float" [src/honeybee.c:79]   --->   Operation 65 'sitofp' 'obs_y' <Predicate = (!icmp_ln76)> <Delay = 6.74> <Core = "Int2Float">   --->   Core 112 'Int2Float' <Latency = 3> <II = 1> <Delay = 6.74> <FuncUnit> <Opcode : 'sitofp' 'uitofp'> <InPorts = 1> <OutPorts = 1>

State 5 <SV = 4> <Delay = 6.74>
ST_5 : Operation 66 [1/4] (6.74ns)   --->   "%obs_x_mid2 = sitofp i32 %zext_ln76 to float" [src/honeybee.c:76]   --->   Operation 66 'sitofp' 'obs_x_mid2' <Predicate = (!icmp_ln76)> <Delay = 6.74> <Core = "Int2Float">   --->   Core 112 'Int2Float' <Latency = 3> <II = 1> <Delay = 6.74> <FuncUnit> <Opcode : 'sitofp' 'uitofp'> <InPorts = 1> <OutPorts = 1>
ST_5 : Operation 67 [1/4] (6.74ns)   --->   "%obs_y = sitofp i32 %zext_ln77 to float" [src/honeybee.c:79]   --->   Operation 67 'sitofp' 'obs_y' <Predicate = (!icmp_ln76)> <Delay = 6.74> <Core = "Int2Float">   --->   Core 112 'Int2Float' <Latency = 3> <II = 1> <Delay = 6.74> <FuncUnit> <Opcode : 'sitofp' 'uitofp'> <InPorts = 1> <OutPorts = 1>

State 6 <SV = 5> <Delay = 8.21>
ST_6 : Operation 68 [23/23] (8.21ns)   --->   "%tmp_4 = call fastcc i1 @lineIntersectPrism(float %obs_x_mid2, float %obs_y, float 0.000000e+00, float %edge_p1_x_read, float %edge_p1_y_read, float %edge_p1_z_read, float %edge_p2_x_read, float %edge_p2_y_read, float %edge_p2_z_read)" [src/honeybee.c:80]   --->   Operation 68 'call' 'tmp_4' <Predicate = (!icmp_ln76)> <Delay = 8.21> <CoreType = "Generic">   --->   Core 0 '' <Latency = 0> <II = 1> <Delay = 1.00> <Generic> <Opcode : >
ST_6 : Operation 69 [23/23] (8.21ns)   --->   "%tmp_4_1 = call fastcc i1 @lineIntersectPrism(float %obs_x_mid2, float %obs_y, float 1.000000e+00, float %edge_p1_x_read, float %edge_p1_y_read, float %edge_p1_z_read, float %edge_p2_x_read, float %edge_p2_y_read, float %edge_p2_z_read)" [src/honeybee.c:80]   --->   Operation 69 'call' 'tmp_4_1' <Predicate = (!icmp_ln76)> <Delay = 8.21> <CoreType = "Generic">   --->   Core 0 '' <Latency = 0> <II = 1> <Delay = 1.00> <Generic> <Opcode : >
ST_6 : Operation 70 [23/23] (8.21ns)   --->   "%tmp_4_2 = call fastcc i1 @lineIntersectPrism(float %obs_x_mid2, float %obs_y, float 2.000000e+00, float %edge_p1_x_read, float %edge_p1_y_read, float %edge_p1_z_read, float %edge_p2_x_read, float %edge_p2_y_read, float %edge_p2_z_read)" [src/honeybee.c:80]   --->   Operation 70 'call' 'tmp_4_2' <Predicate = (!icmp_ln76)> <Delay = 8.21> <CoreType = "Generic">   --->   Core 0 '' <Latency = 0> <II = 1> <Delay = 1.00> <Generic> <Opcode : >
ST_6 : Operation 71 [23/23] (8.21ns)   --->   "%tmp_4_3 = call fastcc i1 @lineIntersectPrism(float %obs_x_mid2, float %obs_y, float 3.000000e+00, float %edge_p1_x_read, float %edge_p1_y_read, float %edge_p1_z_read, float %edge_p2_x_read, float %edge_p2_y_read, float %edge_p2_z_read)" [src/honeybee.c:80]   --->   Operation 71 'call' 'tmp_4_3' <Predicate = (!icmp_ln76)> <Delay = 8.21> <CoreType = "Generic">   --->   Core 0 '' <Latency = 0> <II = 1> <Delay = 1.00> <Generic> <Opcode : >

State 7 <SV = 6> <Delay = 8.21>
ST_7 : Operation 72 [22/23] (8.21ns)   --->   "%tmp_4 = call fastcc i1 @lineIntersectPrism(float %obs_x_mid2, float %obs_y, float 0.000000e+00, float %edge_p1_x_read, float %edge_p1_y_read, float %edge_p1_z_read, float %edge_p2_x_read, float %edge_p2_y_read, float %edge_p2_z_read)" [src/honeybee.c:80]   --->   Operation 72 'call' 'tmp_4' <Predicate = (!icmp_ln76)> <Delay = 8.21> <CoreType = "Generic">   --->   Core 0 '' <Latency = 0> <II = 1> <Delay = 1.00> <Generic> <Opcode : >
ST_7 : Operation 73 [22/23] (8.21ns)   --->   "%tmp_4_1 = call fastcc i1 @lineIntersectPrism(float %obs_x_mid2, float %obs_y, float 1.000000e+00, float %edge_p1_x_read, float %edge_p1_y_read, float %edge_p1_z_read, float %edge_p2_x_read, float %edge_p2_y_read, float %edge_p2_z_read)" [src/honeybee.c:80]   --->   Operation 73 'call' 'tmp_4_1' <Predicate = (!icmp_ln76)> <Delay = 8.21> <CoreType = "Generic">   --->   Core 0 '' <Latency = 0> <II = 1> <Delay = 1.00> <Generic> <Opcode : >
ST_7 : Operation 74 [22/23] (8.21ns)   --->   "%tmp_4_2 = call fastcc i1 @lineIntersectPrism(float %obs_x_mid2, float %obs_y, float 2.000000e+00, float %edge_p1_x_read, float %edge_p1_y_read, float %edge_p1_z_read, float %edge_p2_x_read, float %edge_p2_y_read, float %edge_p2_z_read)" [src/honeybee.c:80]   --->   Operation 74 'call' 'tmp_4_2' <Predicate = (!icmp_ln76)> <Delay = 8.21> <CoreType = "Generic">   --->   Core 0 '' <Latency = 0> <II = 1> <Delay = 1.00> <Generic> <Opcode : >
ST_7 : Operation 75 [22/23] (8.21ns)   --->   "%tmp_4_3 = call fastcc i1 @lineIntersectPrism(float %obs_x_mid2, float %obs_y, float 3.000000e+00, float %edge_p1_x_read, float %edge_p1_y_read, float %edge_p1_z_read, float %edge_p2_x_read, float %edge_p2_y_read, float %edge_p2_z_read)" [src/honeybee.c:80]   --->   Operation 75 'call' 'tmp_4_3' <Predicate = (!icmp_ln76)> <Delay = 8.21> <CoreType = "Generic">   --->   Core 0 '' <Latency = 0> <II = 1> <Delay = 1.00> <Generic> <Opcode : >

State 8 <SV = 7> <Delay = 8.21>
ST_8 : Operation 76 [21/23] (8.21ns)   --->   "%tmp_4 = call fastcc i1 @lineIntersectPrism(float %obs_x_mid2, float %obs_y, float 0.000000e+00, float %edge_p1_x_read, float %edge_p1_y_read, float %edge_p1_z_read, float %edge_p2_x_read, float %edge_p2_y_read, float %edge_p2_z_read)" [src/honeybee.c:80]   --->   Operation 76 'call' 'tmp_4' <Predicate = (!icmp_ln76)> <Delay = 8.21> <CoreType = "Generic">   --->   Core 0 '' <Latency = 0> <II = 1> <Delay = 1.00> <Generic> <Opcode : >
ST_8 : Operation 77 [21/23] (8.21ns)   --->   "%tmp_4_1 = call fastcc i1 @lineIntersectPrism(float %obs_x_mid2, float %obs_y, float 1.000000e+00, float %edge_p1_x_read, float %edge_p1_y_read, float %edge_p1_z_read, float %edge_p2_x_read, float %edge_p2_y_read, float %edge_p2_z_read)" [src/honeybee.c:80]   --->   Operation 77 'call' 'tmp_4_1' <Predicate = (!icmp_ln76)> <Delay = 8.21> <CoreType = "Generic">   --->   Core 0 '' <Latency = 0> <II = 1> <Delay = 1.00> <Generic> <Opcode : >
ST_8 : Operation 78 [21/23] (8.21ns)   --->   "%tmp_4_2 = call fastcc i1 @lineIntersectPrism(float %obs_x_mid2, float %obs_y, float 2.000000e+00, float %edge_p1_x_read, float %edge_p1_y_read, float %edge_p1_z_read, float %edge_p2_x_read, float %edge_p2_y_read, float %edge_p2_z_read)" [src/honeybee.c:80]   --->   Operation 78 'call' 'tmp_4_2' <Predicate = (!icmp_ln76)> <Delay = 8.21> <CoreType = "Generic">   --->   Core 0 '' <Latency = 0> <II = 1> <Delay = 1.00> <Generic> <Opcode : >
ST_8 : Operation 79 [21/23] (8.21ns)   --->   "%tmp_4_3 = call fastcc i1 @lineIntersectPrism(float %obs_x_mid2, float %obs_y, float 3.000000e+00, float %edge_p1_x_read, float %edge_p1_y_read, float %edge_p1_z_read, float %edge_p2_x_read, float %edge_p2_y_read, float %edge_p2_z_read)" [src/honeybee.c:80]   --->   Operation 79 'call' 'tmp_4_3' <Predicate = (!icmp_ln76)> <Delay = 8.21> <CoreType = "Generic">   --->   Core 0 '' <Latency = 0> <II = 1> <Delay = 1.00> <Generic> <Opcode : >

State 9 <SV = 8> <Delay = 8.21>
ST_9 : Operation 80 [20/23] (8.21ns)   --->   "%tmp_4 = call fastcc i1 @lineIntersectPrism(float %obs_x_mid2, float %obs_y, float 0.000000e+00, float %edge_p1_x_read, float %edge_p1_y_read, float %edge_p1_z_read, float %edge_p2_x_read, float %edge_p2_y_read, float %edge_p2_z_read)" [src/honeybee.c:80]   --->   Operation 80 'call' 'tmp_4' <Predicate = (!icmp_ln76)> <Delay = 8.21> <CoreType = "Generic">   --->   Core 0 '' <Latency = 0> <II = 1> <Delay = 1.00> <Generic> <Opcode : >
ST_9 : Operation 81 [20/23] (8.21ns)   --->   "%tmp_4_1 = call fastcc i1 @lineIntersectPrism(float %obs_x_mid2, float %obs_y, float 1.000000e+00, float %edge_p1_x_read, float %edge_p1_y_read, float %edge_p1_z_read, float %edge_p2_x_read, float %edge_p2_y_read, float %edge_p2_z_read)" [src/honeybee.c:80]   --->   Operation 81 'call' 'tmp_4_1' <Predicate = (!icmp_ln76)> <Delay = 8.21> <CoreType = "Generic">   --->   Core 0 '' <Latency = 0> <II = 1> <Delay = 1.00> <Generic> <Opcode : >
ST_9 : Operation 82 [20/23] (8.21ns)   --->   "%tmp_4_2 = call fastcc i1 @lineIntersectPrism(float %obs_x_mid2, float %obs_y, float 2.000000e+00, float %edge_p1_x_read, float %edge_p1_y_read, float %edge_p1_z_read, float %edge_p2_x_read, float %edge_p2_y_read, float %edge_p2_z_read)" [src/honeybee.c:80]   --->   Operation 82 'call' 'tmp_4_2' <Predicate = (!icmp_ln76)> <Delay = 8.21> <CoreType = "Generic">   --->   Core 0 '' <Latency = 0> <II = 1> <Delay = 1.00> <Generic> <Opcode : >
ST_9 : Operation 83 [20/23] (8.21ns)   --->   "%tmp_4_3 = call fastcc i1 @lineIntersectPrism(float %obs_x_mid2, float %obs_y, float 3.000000e+00, float %edge_p1_x_read, float %edge_p1_y_read, float %edge_p1_z_read, float %edge_p2_x_read, float %edge_p2_y_read, float %edge_p2_z_read)" [src/honeybee.c:80]   --->   Operation 83 'call' 'tmp_4_3' <Predicate = (!icmp_ln76)> <Delay = 8.21> <CoreType = "Generic">   --->   Core 0 '' <Latency = 0> <II = 1> <Delay = 1.00> <Generic> <Opcode : >

State 10 <SV = 9> <Delay = 8.21>
ST_10 : Operation 84 [19/23] (8.21ns)   --->   "%tmp_4 = call fastcc i1 @lineIntersectPrism(float %obs_x_mid2, float %obs_y, float 0.000000e+00, float %edge_p1_x_read, float %edge_p1_y_read, float %edge_p1_z_read, float %edge_p2_x_read, float %edge_p2_y_read, float %edge_p2_z_read)" [src/honeybee.c:80]   --->   Operation 84 'call' 'tmp_4' <Predicate = (!icmp_ln76)> <Delay = 8.21> <CoreType = "Generic">   --->   Core 0 '' <Latency = 0> <II = 1> <Delay = 1.00> <Generic> <Opcode : >
ST_10 : Operation 85 [19/23] (8.21ns)   --->   "%tmp_4_1 = call fastcc i1 @lineIntersectPrism(float %obs_x_mid2, float %obs_y, float 1.000000e+00, float %edge_p1_x_read, float %edge_p1_y_read, float %edge_p1_z_read, float %edge_p2_x_read, float %edge_p2_y_read, float %edge_p2_z_read)" [src/honeybee.c:80]   --->   Operation 85 'call' 'tmp_4_1' <Predicate = (!icmp_ln76)> <Delay = 8.21> <CoreType = "Generic">   --->   Core 0 '' <Latency = 0> <II = 1> <Delay = 1.00> <Generic> <Opcode : >
ST_10 : Operation 86 [19/23] (8.21ns)   --->   "%tmp_4_2 = call fastcc i1 @lineIntersectPrism(float %obs_x_mid2, float %obs_y, float 2.000000e+00, float %edge_p1_x_read, float %edge_p1_y_read, float %edge_p1_z_read, float %edge_p2_x_read, float %edge_p2_y_read, float %edge_p2_z_read)" [src/honeybee.c:80]   --->   Operation 86 'call' 'tmp_4_2' <Predicate = (!icmp_ln76)> <Delay = 8.21> <CoreType = "Generic">   --->   Core 0 '' <Latency = 0> <II = 1> <Delay = 1.00> <Generic> <Opcode : >
ST_10 : Operation 87 [19/23] (8.21ns)   --->   "%tmp_4_3 = call fastcc i1 @lineIntersectPrism(float %obs_x_mid2, float %obs_y, float 3.000000e+00, float %edge_p1_x_read, float %edge_p1_y_read, float %edge_p1_z_read, float %edge_p2_x_read, float %edge_p2_y_read, float %edge_p2_z_read)" [src/honeybee.c:80]   --->   Operation 87 'call' 'tmp_4_3' <Predicate = (!icmp_ln76)> <Delay = 8.21> <CoreType = "Generic">   --->   Core 0 '' <Latency = 0> <II = 1> <Delay = 1.00> <Generic> <Opcode : >

State 11 <SV = 10> <Delay = 8.21>
ST_11 : Operation 88 [18/23] (8.21ns)   --->   "%tmp_4 = call fastcc i1 @lineIntersectPrism(float %obs_x_mid2, float %obs_y, float 0.000000e+00, float %edge_p1_x_read, float %edge_p1_y_read, float %edge_p1_z_read, float %edge_p2_x_read, float %edge_p2_y_read, float %edge_p2_z_read)" [src/honeybee.c:80]   --->   Operation 88 'call' 'tmp_4' <Predicate = (!icmp_ln76)> <Delay = 8.21> <CoreType = "Generic">   --->   Core 0 '' <Latency = 0> <II = 1> <Delay = 1.00> <Generic> <Opcode : >
ST_11 : Operation 89 [18/23] (8.21ns)   --->   "%tmp_4_1 = call fastcc i1 @lineIntersectPrism(float %obs_x_mid2, float %obs_y, float 1.000000e+00, float %edge_p1_x_read, float %edge_p1_y_read, float %edge_p1_z_read, float %edge_p2_x_read, float %edge_p2_y_read, float %edge_p2_z_read)" [src/honeybee.c:80]   --->   Operation 89 'call' 'tmp_4_1' <Predicate = (!icmp_ln76)> <Delay = 8.21> <CoreType = "Generic">   --->   Core 0 '' <Latency = 0> <II = 1> <Delay = 1.00> <Generic> <Opcode : >
ST_11 : Operation 90 [18/23] (8.21ns)   --->   "%tmp_4_2 = call fastcc i1 @lineIntersectPrism(float %obs_x_mid2, float %obs_y, float 2.000000e+00, float %edge_p1_x_read, float %edge_p1_y_read, float %edge_p1_z_read, float %edge_p2_x_read, float %edge_p2_y_read, float %edge_p2_z_read)" [src/honeybee.c:80]   --->   Operation 90 'call' 'tmp_4_2' <Predicate = (!icmp_ln76)> <Delay = 8.21> <CoreType = "Generic">   --->   Core 0 '' <Latency = 0> <II = 1> <Delay = 1.00> <Generic> <Opcode : >
ST_11 : Operation 91 [18/23] (8.21ns)   --->   "%tmp_4_3 = call fastcc i1 @lineIntersectPrism(float %obs_x_mid2, float %obs_y, float 3.000000e+00, float %edge_p1_x_read, float %edge_p1_y_read, float %edge_p1_z_read, float %edge_p2_x_read, float %edge_p2_y_read, float %edge_p2_z_read)" [src/honeybee.c:80]   --->   Operation 91 'call' 'tmp_4_3' <Predicate = (!icmp_ln76)> <Delay = 8.21> <CoreType = "Generic">   --->   Core 0 '' <Latency = 0> <II = 1> <Delay = 1.00> <Generic> <Opcode : >

State 12 <SV = 11> <Delay = 8.21>
ST_12 : Operation 92 [17/23] (8.21ns)   --->   "%tmp_4 = call fastcc i1 @lineIntersectPrism(float %obs_x_mid2, float %obs_y, float 0.000000e+00, float %edge_p1_x_read, float %edge_p1_y_read, float %edge_p1_z_read, float %edge_p2_x_read, float %edge_p2_y_read, float %edge_p2_z_read)" [src/honeybee.c:80]   --->   Operation 92 'call' 'tmp_4' <Predicate = (!icmp_ln76)> <Delay = 8.21> <CoreType = "Generic">   --->   Core 0 '' <Latency = 0> <II = 1> <Delay = 1.00> <Generic> <Opcode : >
ST_12 : Operation 93 [17/23] (8.21ns)   --->   "%tmp_4_1 = call fastcc i1 @lineIntersectPrism(float %obs_x_mid2, float %obs_y, float 1.000000e+00, float %edge_p1_x_read, float %edge_p1_y_read, float %edge_p1_z_read, float %edge_p2_x_read, float %edge_p2_y_read, float %edge_p2_z_read)" [src/honeybee.c:80]   --->   Operation 93 'call' 'tmp_4_1' <Predicate = (!icmp_ln76)> <Delay = 8.21> <CoreType = "Generic">   --->   Core 0 '' <Latency = 0> <II = 1> <Delay = 1.00> <Generic> <Opcode : >
ST_12 : Operation 94 [17/23] (8.21ns)   --->   "%tmp_4_2 = call fastcc i1 @lineIntersectPrism(float %obs_x_mid2, float %obs_y, float 2.000000e+00, float %edge_p1_x_read, float %edge_p1_y_read, float %edge_p1_z_read, float %edge_p2_x_read, float %edge_p2_y_read, float %edge_p2_z_read)" [src/honeybee.c:80]   --->   Operation 94 'call' 'tmp_4_2' <Predicate = (!icmp_ln76)> <Delay = 8.21> <CoreType = "Generic">   --->   Core 0 '' <Latency = 0> <II = 1> <Delay = 1.00> <Generic> <Opcode : >
ST_12 : Operation 95 [17/23] (8.21ns)   --->   "%tmp_4_3 = call fastcc i1 @lineIntersectPrism(float %obs_x_mid2, float %obs_y, float 3.000000e+00, float %edge_p1_x_read, float %edge_p1_y_read, float %edge_p1_z_read, float %edge_p2_x_read, float %edge_p2_y_read, float %edge_p2_z_read)" [src/honeybee.c:80]   --->   Operation 95 'call' 'tmp_4_3' <Predicate = (!icmp_ln76)> <Delay = 8.21> <CoreType = "Generic">   --->   Core 0 '' <Latency = 0> <II = 1> <Delay = 1.00> <Generic> <Opcode : >

State 13 <SV = 12> <Delay = 8.21>
ST_13 : Operation 96 [16/23] (8.21ns)   --->   "%tmp_4 = call fastcc i1 @lineIntersectPrism(float %obs_x_mid2, float %obs_y, float 0.000000e+00, float %edge_p1_x_read, float %edge_p1_y_read, float %edge_p1_z_read, float %edge_p2_x_read, float %edge_p2_y_read, float %edge_p2_z_read)" [src/honeybee.c:80]   --->   Operation 96 'call' 'tmp_4' <Predicate = (!icmp_ln76)> <Delay = 8.21> <CoreType = "Generic">   --->   Core 0 '' <Latency = 0> <II = 1> <Delay = 1.00> <Generic> <Opcode : >
ST_13 : Operation 97 [16/23] (8.21ns)   --->   "%tmp_4_1 = call fastcc i1 @lineIntersectPrism(float %obs_x_mid2, float %obs_y, float 1.000000e+00, float %edge_p1_x_read, float %edge_p1_y_read, float %edge_p1_z_read, float %edge_p2_x_read, float %edge_p2_y_read, float %edge_p2_z_read)" [src/honeybee.c:80]   --->   Operation 97 'call' 'tmp_4_1' <Predicate = (!icmp_ln76)> <Delay = 8.21> <CoreType = "Generic">   --->   Core 0 '' <Latency = 0> <II = 1> <Delay = 1.00> <Generic> <Opcode : >
ST_13 : Operation 98 [16/23] (8.21ns)   --->   "%tmp_4_2 = call fastcc i1 @lineIntersectPrism(float %obs_x_mid2, float %obs_y, float 2.000000e+00, float %edge_p1_x_read, float %edge_p1_y_read, float %edge_p1_z_read, float %edge_p2_x_read, float %edge_p2_y_read, float %edge_p2_z_read)" [src/honeybee.c:80]   --->   Operation 98 'call' 'tmp_4_2' <Predicate = (!icmp_ln76)> <Delay = 8.21> <CoreType = "Generic">   --->   Core 0 '' <Latency = 0> <II = 1> <Delay = 1.00> <Generic> <Opcode : >
ST_13 : Operation 99 [16/23] (8.21ns)   --->   "%tmp_4_3 = call fastcc i1 @lineIntersectPrism(float %obs_x_mid2, float %obs_y, float 3.000000e+00, float %edge_p1_x_read, float %edge_p1_y_read, float %edge_p1_z_read, float %edge_p2_x_read, float %edge_p2_y_read, float %edge_p2_z_read)" [src/honeybee.c:80]   --->   Operation 99 'call' 'tmp_4_3' <Predicate = (!icmp_ln76)> <Delay = 8.21> <CoreType = "Generic">   --->   Core 0 '' <Latency = 0> <II = 1> <Delay = 1.00> <Generic> <Opcode : >

State 14 <SV = 13> <Delay = 8.21>
ST_14 : Operation 100 [15/23] (8.21ns)   --->   "%tmp_4 = call fastcc i1 @lineIntersectPrism(float %obs_x_mid2, float %obs_y, float 0.000000e+00, float %edge_p1_x_read, float %edge_p1_y_read, float %edge_p1_z_read, float %edge_p2_x_read, float %edge_p2_y_read, float %edge_p2_z_read)" [src/honeybee.c:80]   --->   Operation 100 'call' 'tmp_4' <Predicate = (!icmp_ln76)> <Delay = 8.21> <CoreType = "Generic">   --->   Core 0 '' <Latency = 0> <II = 1> <Delay = 1.00> <Generic> <Opcode : >
ST_14 : Operation 101 [15/23] (8.21ns)   --->   "%tmp_4_1 = call fastcc i1 @lineIntersectPrism(float %obs_x_mid2, float %obs_y, float 1.000000e+00, float %edge_p1_x_read, float %edge_p1_y_read, float %edge_p1_z_read, float %edge_p2_x_read, float %edge_p2_y_read, float %edge_p2_z_read)" [src/honeybee.c:80]   --->   Operation 101 'call' 'tmp_4_1' <Predicate = (!icmp_ln76)> <Delay = 8.21> <CoreType = "Generic">   --->   Core 0 '' <Latency = 0> <II = 1> <Delay = 1.00> <Generic> <Opcode : >
ST_14 : Operation 102 [15/23] (8.21ns)   --->   "%tmp_4_2 = call fastcc i1 @lineIntersectPrism(float %obs_x_mid2, float %obs_y, float 2.000000e+00, float %edge_p1_x_read, float %edge_p1_y_read, float %edge_p1_z_read, float %edge_p2_x_read, float %edge_p2_y_read, float %edge_p2_z_read)" [src/honeybee.c:80]   --->   Operation 102 'call' 'tmp_4_2' <Predicate = (!icmp_ln76)> <Delay = 8.21> <CoreType = "Generic">   --->   Core 0 '' <Latency = 0> <II = 1> <Delay = 1.00> <Generic> <Opcode : >
ST_14 : Operation 103 [15/23] (8.21ns)   --->   "%tmp_4_3 = call fastcc i1 @lineIntersectPrism(float %obs_x_mid2, float %obs_y, float 3.000000e+00, float %edge_p1_x_read, float %edge_p1_y_read, float %edge_p1_z_read, float %edge_p2_x_read, float %edge_p2_y_read, float %edge_p2_z_read)" [src/honeybee.c:80]   --->   Operation 103 'call' 'tmp_4_3' <Predicate = (!icmp_ln76)> <Delay = 8.21> <CoreType = "Generic">   --->   Core 0 '' <Latency = 0> <II = 1> <Delay = 1.00> <Generic> <Opcode : >

State 15 <SV = 14> <Delay = 8.21>
ST_15 : Operation 104 [14/23] (8.21ns)   --->   "%tmp_4 = call fastcc i1 @lineIntersectPrism(float %obs_x_mid2, float %obs_y, float 0.000000e+00, float %edge_p1_x_read, float %edge_p1_y_read, float %edge_p1_z_read, float %edge_p2_x_read, float %edge_p2_y_read, float %edge_p2_z_read)" [src/honeybee.c:80]   --->   Operation 104 'call' 'tmp_4' <Predicate = (!icmp_ln76)> <Delay = 8.21> <CoreType = "Generic">   --->   Core 0 '' <Latency = 0> <II = 1> <Delay = 1.00> <Generic> <Opcode : >
ST_15 : Operation 105 [14/23] (8.21ns)   --->   "%tmp_4_1 = call fastcc i1 @lineIntersectPrism(float %obs_x_mid2, float %obs_y, float 1.000000e+00, float %edge_p1_x_read, float %edge_p1_y_read, float %edge_p1_z_read, float %edge_p2_x_read, float %edge_p2_y_read, float %edge_p2_z_read)" [src/honeybee.c:80]   --->   Operation 105 'call' 'tmp_4_1' <Predicate = (!icmp_ln76)> <Delay = 8.21> <CoreType = "Generic">   --->   Core 0 '' <Latency = 0> <II = 1> <Delay = 1.00> <Generic> <Opcode : >
ST_15 : Operation 106 [14/23] (8.21ns)   --->   "%tmp_4_2 = call fastcc i1 @lineIntersectPrism(float %obs_x_mid2, float %obs_y, float 2.000000e+00, float %edge_p1_x_read, float %edge_p1_y_read, float %edge_p1_z_read, float %edge_p2_x_read, float %edge_p2_y_read, float %edge_p2_z_read)" [src/honeybee.c:80]   --->   Operation 106 'call' 'tmp_4_2' <Predicate = (!icmp_ln76)> <Delay = 8.21> <CoreType = "Generic">   --->   Core 0 '' <Latency = 0> <II = 1> <Delay = 1.00> <Generic> <Opcode : >
ST_15 : Operation 107 [14/23] (8.21ns)   --->   "%tmp_4_3 = call fastcc i1 @lineIntersectPrism(float %obs_x_mid2, float %obs_y, float 3.000000e+00, float %edge_p1_x_read, float %edge_p1_y_read, float %edge_p1_z_read, float %edge_p2_x_read, float %edge_p2_y_read, float %edge_p2_z_read)" [src/honeybee.c:80]   --->   Operation 107 'call' 'tmp_4_3' <Predicate = (!icmp_ln76)> <Delay = 8.21> <CoreType = "Generic">   --->   Core 0 '' <Latency = 0> <II = 1> <Delay = 1.00> <Generic> <Opcode : >

State 16 <SV = 15> <Delay = 8.21>
ST_16 : Operation 108 [13/23] (8.21ns)   --->   "%tmp_4 = call fastcc i1 @lineIntersectPrism(float %obs_x_mid2, float %obs_y, float 0.000000e+00, float %edge_p1_x_read, float %edge_p1_y_read, float %edge_p1_z_read, float %edge_p2_x_read, float %edge_p2_y_read, float %edge_p2_z_read)" [src/honeybee.c:80]   --->   Operation 108 'call' 'tmp_4' <Predicate = (!icmp_ln76)> <Delay = 8.21> <CoreType = "Generic">   --->   Core 0 '' <Latency = 0> <II = 1> <Delay = 1.00> <Generic> <Opcode : >
ST_16 : Operation 109 [13/23] (8.21ns)   --->   "%tmp_4_1 = call fastcc i1 @lineIntersectPrism(float %obs_x_mid2, float %obs_y, float 1.000000e+00, float %edge_p1_x_read, float %edge_p1_y_read, float %edge_p1_z_read, float %edge_p2_x_read, float %edge_p2_y_read, float %edge_p2_z_read)" [src/honeybee.c:80]   --->   Operation 109 'call' 'tmp_4_1' <Predicate = (!icmp_ln76)> <Delay = 8.21> <CoreType = "Generic">   --->   Core 0 '' <Latency = 0> <II = 1> <Delay = 1.00> <Generic> <Opcode : >
ST_16 : Operation 110 [13/23] (8.21ns)   --->   "%tmp_4_2 = call fastcc i1 @lineIntersectPrism(float %obs_x_mid2, float %obs_y, float 2.000000e+00, float %edge_p1_x_read, float %edge_p1_y_read, float %edge_p1_z_read, float %edge_p2_x_read, float %edge_p2_y_read, float %edge_p2_z_read)" [src/honeybee.c:80]   --->   Operation 110 'call' 'tmp_4_2' <Predicate = (!icmp_ln76)> <Delay = 8.21> <CoreType = "Generic">   --->   Core 0 '' <Latency = 0> <II = 1> <Delay = 1.00> <Generic> <Opcode : >
ST_16 : Operation 111 [13/23] (8.21ns)   --->   "%tmp_4_3 = call fastcc i1 @lineIntersectPrism(float %obs_x_mid2, float %obs_y, float 3.000000e+00, float %edge_p1_x_read, float %edge_p1_y_read, float %edge_p1_z_read, float %edge_p2_x_read, float %edge_p2_y_read, float %edge_p2_z_read)" [src/honeybee.c:80]   --->   Operation 111 'call' 'tmp_4_3' <Predicate = (!icmp_ln76)> <Delay = 8.21> <CoreType = "Generic">   --->   Core 0 '' <Latency = 0> <II = 1> <Delay = 1.00> <Generic> <Opcode : >

State 17 <SV = 16> <Delay = 8.21>
ST_17 : Operation 112 [12/23] (8.21ns)   --->   "%tmp_4 = call fastcc i1 @lineIntersectPrism(float %obs_x_mid2, float %obs_y, float 0.000000e+00, float %edge_p1_x_read, float %edge_p1_y_read, float %edge_p1_z_read, float %edge_p2_x_read, float %edge_p2_y_read, float %edge_p2_z_read)" [src/honeybee.c:80]   --->   Operation 112 'call' 'tmp_4' <Predicate = (!icmp_ln76)> <Delay = 8.21> <CoreType = "Generic">   --->   Core 0 '' <Latency = 0> <II = 1> <Delay = 1.00> <Generic> <Opcode : >
ST_17 : Operation 113 [12/23] (8.21ns)   --->   "%tmp_4_1 = call fastcc i1 @lineIntersectPrism(float %obs_x_mid2, float %obs_y, float 1.000000e+00, float %edge_p1_x_read, float %edge_p1_y_read, float %edge_p1_z_read, float %edge_p2_x_read, float %edge_p2_y_read, float %edge_p2_z_read)" [src/honeybee.c:80]   --->   Operation 113 'call' 'tmp_4_1' <Predicate = (!icmp_ln76)> <Delay = 8.21> <CoreType = "Generic">   --->   Core 0 '' <Latency = 0> <II = 1> <Delay = 1.00> <Generic> <Opcode : >
ST_17 : Operation 114 [12/23] (8.21ns)   --->   "%tmp_4_2 = call fastcc i1 @lineIntersectPrism(float %obs_x_mid2, float %obs_y, float 2.000000e+00, float %edge_p1_x_read, float %edge_p1_y_read, float %edge_p1_z_read, float %edge_p2_x_read, float %edge_p2_y_read, float %edge_p2_z_read)" [src/honeybee.c:80]   --->   Operation 114 'call' 'tmp_4_2' <Predicate = (!icmp_ln76)> <Delay = 8.21> <CoreType = "Generic">   --->   Core 0 '' <Latency = 0> <II = 1> <Delay = 1.00> <Generic> <Opcode : >
ST_17 : Operation 115 [12/23] (8.21ns)   --->   "%tmp_4_3 = call fastcc i1 @lineIntersectPrism(float %obs_x_mid2, float %obs_y, float 3.000000e+00, float %edge_p1_x_read, float %edge_p1_y_read, float %edge_p1_z_read, float %edge_p2_x_read, float %edge_p2_y_read, float %edge_p2_z_read)" [src/honeybee.c:80]   --->   Operation 115 'call' 'tmp_4_3' <Predicate = (!icmp_ln76)> <Delay = 8.21> <CoreType = "Generic">   --->   Core 0 '' <Latency = 0> <II = 1> <Delay = 1.00> <Generic> <Opcode : >

State 18 <SV = 17> <Delay = 8.21>
ST_18 : Operation 116 [11/23] (8.21ns)   --->   "%tmp_4 = call fastcc i1 @lineIntersectPrism(float %obs_x_mid2, float %obs_y, float 0.000000e+00, float %edge_p1_x_read, float %edge_p1_y_read, float %edge_p1_z_read, float %edge_p2_x_read, float %edge_p2_y_read, float %edge_p2_z_read)" [src/honeybee.c:80]   --->   Operation 116 'call' 'tmp_4' <Predicate = (!icmp_ln76)> <Delay = 8.21> <CoreType = "Generic">   --->   Core 0 '' <Latency = 0> <II = 1> <Delay = 1.00> <Generic> <Opcode : >
ST_18 : Operation 117 [11/23] (8.21ns)   --->   "%tmp_4_1 = call fastcc i1 @lineIntersectPrism(float %obs_x_mid2, float %obs_y, float 1.000000e+00, float %edge_p1_x_read, float %edge_p1_y_read, float %edge_p1_z_read, float %edge_p2_x_read, float %edge_p2_y_read, float %edge_p2_z_read)" [src/honeybee.c:80]   --->   Operation 117 'call' 'tmp_4_1' <Predicate = (!icmp_ln76)> <Delay = 8.21> <CoreType = "Generic">   --->   Core 0 '' <Latency = 0> <II = 1> <Delay = 1.00> <Generic> <Opcode : >
ST_18 : Operation 118 [11/23] (8.21ns)   --->   "%tmp_4_2 = call fastcc i1 @lineIntersectPrism(float %obs_x_mid2, float %obs_y, float 2.000000e+00, float %edge_p1_x_read, float %edge_p1_y_read, float %edge_p1_z_read, float %edge_p2_x_read, float %edge_p2_y_read, float %edge_p2_z_read)" [src/honeybee.c:80]   --->   Operation 118 'call' 'tmp_4_2' <Predicate = (!icmp_ln76)> <Delay = 8.21> <CoreType = "Generic">   --->   Core 0 '' <Latency = 0> <II = 1> <Delay = 1.00> <Generic> <Opcode : >
ST_18 : Operation 119 [11/23] (8.21ns)   --->   "%tmp_4_3 = call fastcc i1 @lineIntersectPrism(float %obs_x_mid2, float %obs_y, float 3.000000e+00, float %edge_p1_x_read, float %edge_p1_y_read, float %edge_p1_z_read, float %edge_p2_x_read, float %edge_p2_y_read, float %edge_p2_z_read)" [src/honeybee.c:80]   --->   Operation 119 'call' 'tmp_4_3' <Predicate = (!icmp_ln76)> <Delay = 8.21> <CoreType = "Generic">   --->   Core 0 '' <Latency = 0> <II = 1> <Delay = 1.00> <Generic> <Opcode : >

State 19 <SV = 18> <Delay = 8.21>
ST_19 : Operation 120 [10/23] (8.21ns)   --->   "%tmp_4 = call fastcc i1 @lineIntersectPrism(float %obs_x_mid2, float %obs_y, float 0.000000e+00, float %edge_p1_x_read, float %edge_p1_y_read, float %edge_p1_z_read, float %edge_p2_x_read, float %edge_p2_y_read, float %edge_p2_z_read)" [src/honeybee.c:80]   --->   Operation 120 'call' 'tmp_4' <Predicate = (!icmp_ln76)> <Delay = 8.21> <CoreType = "Generic">   --->   Core 0 '' <Latency = 0> <II = 1> <Delay = 1.00> <Generic> <Opcode : >
ST_19 : Operation 121 [10/23] (8.21ns)   --->   "%tmp_4_1 = call fastcc i1 @lineIntersectPrism(float %obs_x_mid2, float %obs_y, float 1.000000e+00, float %edge_p1_x_read, float %edge_p1_y_read, float %edge_p1_z_read, float %edge_p2_x_read, float %edge_p2_y_read, float %edge_p2_z_read)" [src/honeybee.c:80]   --->   Operation 121 'call' 'tmp_4_1' <Predicate = (!icmp_ln76)> <Delay = 8.21> <CoreType = "Generic">   --->   Core 0 '' <Latency = 0> <II = 1> <Delay = 1.00> <Generic> <Opcode : >
ST_19 : Operation 122 [10/23] (8.21ns)   --->   "%tmp_4_2 = call fastcc i1 @lineIntersectPrism(float %obs_x_mid2, float %obs_y, float 2.000000e+00, float %edge_p1_x_read, float %edge_p1_y_read, float %edge_p1_z_read, float %edge_p2_x_read, float %edge_p2_y_read, float %edge_p2_z_read)" [src/honeybee.c:80]   --->   Operation 122 'call' 'tmp_4_2' <Predicate = (!icmp_ln76)> <Delay = 8.21> <CoreType = "Generic">   --->   Core 0 '' <Latency = 0> <II = 1> <Delay = 1.00> <Generic> <Opcode : >
ST_19 : Operation 123 [10/23] (8.21ns)   --->   "%tmp_4_3 = call fastcc i1 @lineIntersectPrism(float %obs_x_mid2, float %obs_y, float 3.000000e+00, float %edge_p1_x_read, float %edge_p1_y_read, float %edge_p1_z_read, float %edge_p2_x_read, float %edge_p2_y_read, float %edge_p2_z_read)" [src/honeybee.c:80]   --->   Operation 123 'call' 'tmp_4_3' <Predicate = (!icmp_ln76)> <Delay = 8.21> <CoreType = "Generic">   --->   Core 0 '' <Latency = 0> <II = 1> <Delay = 1.00> <Generic> <Opcode : >

State 20 <SV = 19> <Delay = 8.21>
ST_20 : Operation 124 [9/23] (8.21ns)   --->   "%tmp_4 = call fastcc i1 @lineIntersectPrism(float %obs_x_mid2, float %obs_y, float 0.000000e+00, float %edge_p1_x_read, float %edge_p1_y_read, float %edge_p1_z_read, float %edge_p2_x_read, float %edge_p2_y_read, float %edge_p2_z_read)" [src/honeybee.c:80]   --->   Operation 124 'call' 'tmp_4' <Predicate = (!icmp_ln76)> <Delay = 8.21> <CoreType = "Generic">   --->   Core 0 '' <Latency = 0> <II = 1> <Delay = 1.00> <Generic> <Opcode : >
ST_20 : Operation 125 [9/23] (8.21ns)   --->   "%tmp_4_1 = call fastcc i1 @lineIntersectPrism(float %obs_x_mid2, float %obs_y, float 1.000000e+00, float %edge_p1_x_read, float %edge_p1_y_read, float %edge_p1_z_read, float %edge_p2_x_read, float %edge_p2_y_read, float %edge_p2_z_read)" [src/honeybee.c:80]   --->   Operation 125 'call' 'tmp_4_1' <Predicate = (!icmp_ln76)> <Delay = 8.21> <CoreType = "Generic">   --->   Core 0 '' <Latency = 0> <II = 1> <Delay = 1.00> <Generic> <Opcode : >
ST_20 : Operation 126 [9/23] (8.21ns)   --->   "%tmp_4_2 = call fastcc i1 @lineIntersectPrism(float %obs_x_mid2, float %obs_y, float 2.000000e+00, float %edge_p1_x_read, float %edge_p1_y_read, float %edge_p1_z_read, float %edge_p2_x_read, float %edge_p2_y_read, float %edge_p2_z_read)" [src/honeybee.c:80]   --->   Operation 126 'call' 'tmp_4_2' <Predicate = (!icmp_ln76)> <Delay = 8.21> <CoreType = "Generic">   --->   Core 0 '' <Latency = 0> <II = 1> <Delay = 1.00> <Generic> <Opcode : >
ST_20 : Operation 127 [9/23] (8.21ns)   --->   "%tmp_4_3 = call fastcc i1 @lineIntersectPrism(float %obs_x_mid2, float %obs_y, float 3.000000e+00, float %edge_p1_x_read, float %edge_p1_y_read, float %edge_p1_z_read, float %edge_p2_x_read, float %edge_p2_y_read, float %edge_p2_z_read)" [src/honeybee.c:80]   --->   Operation 127 'call' 'tmp_4_3' <Predicate = (!icmp_ln76)> <Delay = 8.21> <CoreType = "Generic">   --->   Core 0 '' <Latency = 0> <II = 1> <Delay = 1.00> <Generic> <Opcode : >

State 21 <SV = 20> <Delay = 8.21>
ST_21 : Operation 128 [8/23] (8.21ns)   --->   "%tmp_4 = call fastcc i1 @lineIntersectPrism(float %obs_x_mid2, float %obs_y, float 0.000000e+00, float %edge_p1_x_read, float %edge_p1_y_read, float %edge_p1_z_read, float %edge_p2_x_read, float %edge_p2_y_read, float %edge_p2_z_read)" [src/honeybee.c:80]   --->   Operation 128 'call' 'tmp_4' <Predicate = (!icmp_ln76)> <Delay = 8.21> <CoreType = "Generic">   --->   Core 0 '' <Latency = 0> <II = 1> <Delay = 1.00> <Generic> <Opcode : >
ST_21 : Operation 129 [8/23] (8.21ns)   --->   "%tmp_4_1 = call fastcc i1 @lineIntersectPrism(float %obs_x_mid2, float %obs_y, float 1.000000e+00, float %edge_p1_x_read, float %edge_p1_y_read, float %edge_p1_z_read, float %edge_p2_x_read, float %edge_p2_y_read, float %edge_p2_z_read)" [src/honeybee.c:80]   --->   Operation 129 'call' 'tmp_4_1' <Predicate = (!icmp_ln76)> <Delay = 8.21> <CoreType = "Generic">   --->   Core 0 '' <Latency = 0> <II = 1> <Delay = 1.00> <Generic> <Opcode : >
ST_21 : Operation 130 [8/23] (8.21ns)   --->   "%tmp_4_2 = call fastcc i1 @lineIntersectPrism(float %obs_x_mid2, float %obs_y, float 2.000000e+00, float %edge_p1_x_read, float %edge_p1_y_read, float %edge_p1_z_read, float %edge_p2_x_read, float %edge_p2_y_read, float %edge_p2_z_read)" [src/honeybee.c:80]   --->   Operation 130 'call' 'tmp_4_2' <Predicate = (!icmp_ln76)> <Delay = 8.21> <CoreType = "Generic">   --->   Core 0 '' <Latency = 0> <II = 1> <Delay = 1.00> <Generic> <Opcode : >
ST_21 : Operation 131 [8/23] (8.21ns)   --->   "%tmp_4_3 = call fastcc i1 @lineIntersectPrism(float %obs_x_mid2, float %obs_y, float 3.000000e+00, float %edge_p1_x_read, float %edge_p1_y_read, float %edge_p1_z_read, float %edge_p2_x_read, float %edge_p2_y_read, float %edge_p2_z_read)" [src/honeybee.c:80]   --->   Operation 131 'call' 'tmp_4_3' <Predicate = (!icmp_ln76)> <Delay = 8.21> <CoreType = "Generic">   --->   Core 0 '' <Latency = 0> <II = 1> <Delay = 1.00> <Generic> <Opcode : >

State 22 <SV = 21> <Delay = 8.21>
ST_22 : Operation 132 [7/23] (8.21ns)   --->   "%tmp_4 = call fastcc i1 @lineIntersectPrism(float %obs_x_mid2, float %obs_y, float 0.000000e+00, float %edge_p1_x_read, float %edge_p1_y_read, float %edge_p1_z_read, float %edge_p2_x_read, float %edge_p2_y_read, float %edge_p2_z_read)" [src/honeybee.c:80]   --->   Operation 132 'call' 'tmp_4' <Predicate = (!icmp_ln76)> <Delay = 8.21> <CoreType = "Generic">   --->   Core 0 '' <Latency = 0> <II = 1> <Delay = 1.00> <Generic> <Opcode : >
ST_22 : Operation 133 [7/23] (8.21ns)   --->   "%tmp_4_1 = call fastcc i1 @lineIntersectPrism(float %obs_x_mid2, float %obs_y, float 1.000000e+00, float %edge_p1_x_read, float %edge_p1_y_read, float %edge_p1_z_read, float %edge_p2_x_read, float %edge_p2_y_read, float %edge_p2_z_read)" [src/honeybee.c:80]   --->   Operation 133 'call' 'tmp_4_1' <Predicate = (!icmp_ln76)> <Delay = 8.21> <CoreType = "Generic">   --->   Core 0 '' <Latency = 0> <II = 1> <Delay = 1.00> <Generic> <Opcode : >
ST_22 : Operation 134 [7/23] (8.21ns)   --->   "%tmp_4_2 = call fastcc i1 @lineIntersectPrism(float %obs_x_mid2, float %obs_y, float 2.000000e+00, float %edge_p1_x_read, float %edge_p1_y_read, float %edge_p1_z_read, float %edge_p2_x_read, float %edge_p2_y_read, float %edge_p2_z_read)" [src/honeybee.c:80]   --->   Operation 134 'call' 'tmp_4_2' <Predicate = (!icmp_ln76)> <Delay = 8.21> <CoreType = "Generic">   --->   Core 0 '' <Latency = 0> <II = 1> <Delay = 1.00> <Generic> <Opcode : >
ST_22 : Operation 135 [7/23] (8.21ns)   --->   "%tmp_4_3 = call fastcc i1 @lineIntersectPrism(float %obs_x_mid2, float %obs_y, float 3.000000e+00, float %edge_p1_x_read, float %edge_p1_y_read, float %edge_p1_z_read, float %edge_p2_x_read, float %edge_p2_y_read, float %edge_p2_z_read)" [src/honeybee.c:80]   --->   Operation 135 'call' 'tmp_4_3' <Predicate = (!icmp_ln76)> <Delay = 8.21> <CoreType = "Generic">   --->   Core 0 '' <Latency = 0> <II = 1> <Delay = 1.00> <Generic> <Opcode : >

State 23 <SV = 22> <Delay = 8.21>
ST_23 : Operation 136 [6/23] (8.21ns)   --->   "%tmp_4 = call fastcc i1 @lineIntersectPrism(float %obs_x_mid2, float %obs_y, float 0.000000e+00, float %edge_p1_x_read, float %edge_p1_y_read, float %edge_p1_z_read, float %edge_p2_x_read, float %edge_p2_y_read, float %edge_p2_z_read)" [src/honeybee.c:80]   --->   Operation 136 'call' 'tmp_4' <Predicate = (!icmp_ln76)> <Delay = 8.21> <CoreType = "Generic">   --->   Core 0 '' <Latency = 0> <II = 1> <Delay = 1.00> <Generic> <Opcode : >
ST_23 : Operation 137 [6/23] (8.21ns)   --->   "%tmp_4_1 = call fastcc i1 @lineIntersectPrism(float %obs_x_mid2, float %obs_y, float 1.000000e+00, float %edge_p1_x_read, float %edge_p1_y_read, float %edge_p1_z_read, float %edge_p2_x_read, float %edge_p2_y_read, float %edge_p2_z_read)" [src/honeybee.c:80]   --->   Operation 137 'call' 'tmp_4_1' <Predicate = (!icmp_ln76)> <Delay = 8.21> <CoreType = "Generic">   --->   Core 0 '' <Latency = 0> <II = 1> <Delay = 1.00> <Generic> <Opcode : >
ST_23 : Operation 138 [6/23] (8.21ns)   --->   "%tmp_4_2 = call fastcc i1 @lineIntersectPrism(float %obs_x_mid2, float %obs_y, float 2.000000e+00, float %edge_p1_x_read, float %edge_p1_y_read, float %edge_p1_z_read, float %edge_p2_x_read, float %edge_p2_y_read, float %edge_p2_z_read)" [src/honeybee.c:80]   --->   Operation 138 'call' 'tmp_4_2' <Predicate = (!icmp_ln76)> <Delay = 8.21> <CoreType = "Generic">   --->   Core 0 '' <Latency = 0> <II = 1> <Delay = 1.00> <Generic> <Opcode : >
ST_23 : Operation 139 [6/23] (8.21ns)   --->   "%tmp_4_3 = call fastcc i1 @lineIntersectPrism(float %obs_x_mid2, float %obs_y, float 3.000000e+00, float %edge_p1_x_read, float %edge_p1_y_read, float %edge_p1_z_read, float %edge_p2_x_read, float %edge_p2_y_read, float %edge_p2_z_read)" [src/honeybee.c:80]   --->   Operation 139 'call' 'tmp_4_3' <Predicate = (!icmp_ln76)> <Delay = 8.21> <CoreType = "Generic">   --->   Core 0 '' <Latency = 0> <II = 1> <Delay = 1.00> <Generic> <Opcode : >

State 24 <SV = 23> <Delay = 8.21>
ST_24 : Operation 140 [5/23] (8.21ns)   --->   "%tmp_4 = call fastcc i1 @lineIntersectPrism(float %obs_x_mid2, float %obs_y, float 0.000000e+00, float %edge_p1_x_read, float %edge_p1_y_read, float %edge_p1_z_read, float %edge_p2_x_read, float %edge_p2_y_read, float %edge_p2_z_read)" [src/honeybee.c:80]   --->   Operation 140 'call' 'tmp_4' <Predicate = (!icmp_ln76)> <Delay = 8.21> <CoreType = "Generic">   --->   Core 0 '' <Latency = 0> <II = 1> <Delay = 1.00> <Generic> <Opcode : >
ST_24 : Operation 141 [5/23] (8.21ns)   --->   "%tmp_4_1 = call fastcc i1 @lineIntersectPrism(float %obs_x_mid2, float %obs_y, float 1.000000e+00, float %edge_p1_x_read, float %edge_p1_y_read, float %edge_p1_z_read, float %edge_p2_x_read, float %edge_p2_y_read, float %edge_p2_z_read)" [src/honeybee.c:80]   --->   Operation 141 'call' 'tmp_4_1' <Predicate = (!icmp_ln76)> <Delay = 8.21> <CoreType = "Generic">   --->   Core 0 '' <Latency = 0> <II = 1> <Delay = 1.00> <Generic> <Opcode : >
ST_24 : Operation 142 [5/23] (8.21ns)   --->   "%tmp_4_2 = call fastcc i1 @lineIntersectPrism(float %obs_x_mid2, float %obs_y, float 2.000000e+00, float %edge_p1_x_read, float %edge_p1_y_read, float %edge_p1_z_read, float %edge_p2_x_read, float %edge_p2_y_read, float %edge_p2_z_read)" [src/honeybee.c:80]   --->   Operation 142 'call' 'tmp_4_2' <Predicate = (!icmp_ln76)> <Delay = 8.21> <CoreType = "Generic">   --->   Core 0 '' <Latency = 0> <II = 1> <Delay = 1.00> <Generic> <Opcode : >
ST_24 : Operation 143 [5/23] (8.21ns)   --->   "%tmp_4_3 = call fastcc i1 @lineIntersectPrism(float %obs_x_mid2, float %obs_y, float 3.000000e+00, float %edge_p1_x_read, float %edge_p1_y_read, float %edge_p1_z_read, float %edge_p2_x_read, float %edge_p2_y_read, float %edge_p2_z_read)" [src/honeybee.c:80]   --->   Operation 143 'call' 'tmp_4_3' <Predicate = (!icmp_ln76)> <Delay = 8.21> <CoreType = "Generic">   --->   Core 0 '' <Latency = 0> <II = 1> <Delay = 1.00> <Generic> <Opcode : >

State 25 <SV = 24> <Delay = 8.21>
ST_25 : Operation 144 [4/23] (8.21ns)   --->   "%tmp_4 = call fastcc i1 @lineIntersectPrism(float %obs_x_mid2, float %obs_y, float 0.000000e+00, float %edge_p1_x_read, float %edge_p1_y_read, float %edge_p1_z_read, float %edge_p2_x_read, float %edge_p2_y_read, float %edge_p2_z_read)" [src/honeybee.c:80]   --->   Operation 144 'call' 'tmp_4' <Predicate = (!icmp_ln76)> <Delay = 8.21> <CoreType = "Generic">   --->   Core 0 '' <Latency = 0> <II = 1> <Delay = 1.00> <Generic> <Opcode : >
ST_25 : Operation 145 [4/23] (8.21ns)   --->   "%tmp_4_1 = call fastcc i1 @lineIntersectPrism(float %obs_x_mid2, float %obs_y, float 1.000000e+00, float %edge_p1_x_read, float %edge_p1_y_read, float %edge_p1_z_read, float %edge_p2_x_read, float %edge_p2_y_read, float %edge_p2_z_read)" [src/honeybee.c:80]   --->   Operation 145 'call' 'tmp_4_1' <Predicate = (!icmp_ln76)> <Delay = 8.21> <CoreType = "Generic">   --->   Core 0 '' <Latency = 0> <II = 1> <Delay = 1.00> <Generic> <Opcode : >
ST_25 : Operation 146 [4/23] (8.21ns)   --->   "%tmp_4_2 = call fastcc i1 @lineIntersectPrism(float %obs_x_mid2, float %obs_y, float 2.000000e+00, float %edge_p1_x_read, float %edge_p1_y_read, float %edge_p1_z_read, float %edge_p2_x_read, float %edge_p2_y_read, float %edge_p2_z_read)" [src/honeybee.c:80]   --->   Operation 146 'call' 'tmp_4_2' <Predicate = (!icmp_ln76)> <Delay = 8.21> <CoreType = "Generic">   --->   Core 0 '' <Latency = 0> <II = 1> <Delay = 1.00> <Generic> <Opcode : >
ST_25 : Operation 147 [4/23] (8.21ns)   --->   "%tmp_4_3 = call fastcc i1 @lineIntersectPrism(float %obs_x_mid2, float %obs_y, float 3.000000e+00, float %edge_p1_x_read, float %edge_p1_y_read, float %edge_p1_z_read, float %edge_p2_x_read, float %edge_p2_y_read, float %edge_p2_z_read)" [src/honeybee.c:80]   --->   Operation 147 'call' 'tmp_4_3' <Predicate = (!icmp_ln76)> <Delay = 8.21> <CoreType = "Generic">   --->   Core 0 '' <Latency = 0> <II = 1> <Delay = 1.00> <Generic> <Opcode : >

State 26 <SV = 25> <Delay = 8.21>
ST_26 : Operation 148 [3/23] (8.21ns)   --->   "%tmp_4 = call fastcc i1 @lineIntersectPrism(float %obs_x_mid2, float %obs_y, float 0.000000e+00, float %edge_p1_x_read, float %edge_p1_y_read, float %edge_p1_z_read, float %edge_p2_x_read, float %edge_p2_y_read, float %edge_p2_z_read)" [src/honeybee.c:80]   --->   Operation 148 'call' 'tmp_4' <Predicate = (!icmp_ln76)> <Delay = 8.21> <CoreType = "Generic">   --->   Core 0 '' <Latency = 0> <II = 1> <Delay = 1.00> <Generic> <Opcode : >
ST_26 : Operation 149 [3/23] (8.21ns)   --->   "%tmp_4_1 = call fastcc i1 @lineIntersectPrism(float %obs_x_mid2, float %obs_y, float 1.000000e+00, float %edge_p1_x_read, float %edge_p1_y_read, float %edge_p1_z_read, float %edge_p2_x_read, float %edge_p2_y_read, float %edge_p2_z_read)" [src/honeybee.c:80]   --->   Operation 149 'call' 'tmp_4_1' <Predicate = (!icmp_ln76)> <Delay = 8.21> <CoreType = "Generic">   --->   Core 0 '' <Latency = 0> <II = 1> <Delay = 1.00> <Generic> <Opcode : >
ST_26 : Operation 150 [3/23] (8.21ns)   --->   "%tmp_4_2 = call fastcc i1 @lineIntersectPrism(float %obs_x_mid2, float %obs_y, float 2.000000e+00, float %edge_p1_x_read, float %edge_p1_y_read, float %edge_p1_z_read, float %edge_p2_x_read, float %edge_p2_y_read, float %edge_p2_z_read)" [src/honeybee.c:80]   --->   Operation 150 'call' 'tmp_4_2' <Predicate = (!icmp_ln76)> <Delay = 8.21> <CoreType = "Generic">   --->   Core 0 '' <Latency = 0> <II = 1> <Delay = 1.00> <Generic> <Opcode : >
ST_26 : Operation 151 [3/23] (8.21ns)   --->   "%tmp_4_3 = call fastcc i1 @lineIntersectPrism(float %obs_x_mid2, float %obs_y, float 3.000000e+00, float %edge_p1_x_read, float %edge_p1_y_read, float %edge_p1_z_read, float %edge_p2_x_read, float %edge_p2_y_read, float %edge_p2_z_read)" [src/honeybee.c:80]   --->   Operation 151 'call' 'tmp_4_3' <Predicate = (!icmp_ln76)> <Delay = 8.21> <CoreType = "Generic">   --->   Core 0 '' <Latency = 0> <II = 1> <Delay = 1.00> <Generic> <Opcode : >

State 27 <SV = 26> <Delay = 8.21>
ST_27 : Operation 152 [2/23] (8.21ns)   --->   "%tmp_4 = call fastcc i1 @lineIntersectPrism(float %obs_x_mid2, float %obs_y, float 0.000000e+00, float %edge_p1_x_read, float %edge_p1_y_read, float %edge_p1_z_read, float %edge_p2_x_read, float %edge_p2_y_read, float %edge_p2_z_read)" [src/honeybee.c:80]   --->   Operation 152 'call' 'tmp_4' <Predicate = (!icmp_ln76)> <Delay = 8.21> <CoreType = "Generic">   --->   Core 0 '' <Latency = 0> <II = 1> <Delay = 1.00> <Generic> <Opcode : >
ST_27 : Operation 153 [2/23] (8.21ns)   --->   "%tmp_4_1 = call fastcc i1 @lineIntersectPrism(float %obs_x_mid2, float %obs_y, float 1.000000e+00, float %edge_p1_x_read, float %edge_p1_y_read, float %edge_p1_z_read, float %edge_p2_x_read, float %edge_p2_y_read, float %edge_p2_z_read)" [src/honeybee.c:80]   --->   Operation 153 'call' 'tmp_4_1' <Predicate = (!icmp_ln76)> <Delay = 8.21> <CoreType = "Generic">   --->   Core 0 '' <Latency = 0> <II = 1> <Delay = 1.00> <Generic> <Opcode : >
ST_27 : Operation 154 [2/23] (8.21ns)   --->   "%tmp_4_2 = call fastcc i1 @lineIntersectPrism(float %obs_x_mid2, float %obs_y, float 2.000000e+00, float %edge_p1_x_read, float %edge_p1_y_read, float %edge_p1_z_read, float %edge_p2_x_read, float %edge_p2_y_read, float %edge_p2_z_read)" [src/honeybee.c:80]   --->   Operation 154 'call' 'tmp_4_2' <Predicate = (!icmp_ln76)> <Delay = 8.21> <CoreType = "Generic">   --->   Core 0 '' <Latency = 0> <II = 1> <Delay = 1.00> <Generic> <Opcode : >
ST_27 : Operation 155 [2/23] (8.21ns)   --->   "%tmp_4_3 = call fastcc i1 @lineIntersectPrism(float %obs_x_mid2, float %obs_y, float 3.000000e+00, float %edge_p1_x_read, float %edge_p1_y_read, float %edge_p1_z_read, float %edge_p2_x_read, float %edge_p2_y_read, float %edge_p2_z_read)" [src/honeybee.c:80]   --->   Operation 155 'call' 'tmp_4_3' <Predicate = (!icmp_ln76)> <Delay = 8.21> <CoreType = "Generic">   --->   Core 0 '' <Latency = 0> <II = 1> <Delay = 1.00> <Generic> <Opcode : >

State 28 <SV = 27> <Delay = 7.25>
ST_28 : Operation 156 [1/23] (4.40ns)   --->   "%tmp_4 = call fastcc i1 @lineIntersectPrism(float %obs_x_mid2, float %obs_y, float 0.000000e+00, float %edge_p1_x_read, float %edge_p1_y_read, float %edge_p1_z_read, float %edge_p2_x_read, float %edge_p2_y_read, float %edge_p2_z_read)" [src/honeybee.c:80]   --->   Operation 156 'call' 'tmp_4' <Predicate = (!icmp_ln76)> <Delay = 4.40> <CoreType = "Generic">   --->   Core 0 '' <Latency = 0> <II = 1> <Delay = 1.00> <Generic> <Opcode : >
ST_28 : Operation 157 [1/1] (1.63ns)   --->   "%add_ln80 = add nsw i32 %collisionCount_1, 1" [src/honeybee.c:80]   --->   Operation 157 'add' 'add_ln80' <Predicate = (!icmp_ln76)> <Delay = 1.63> <Core = "AddSub">   --->   Core 14 'AddSub' <Latency = 0> <II = 1> <Delay = 1.18> <FuncUnit> <Opcode : 'add' 'sub'> <InPorts = 2> <OutPorts = 1>
ST_28 : Operation 158 [1/1] (0.61ns)   --->   "%select_ln80 = select i1 %tmp_4, i32 %add_ln80, i32 %collisionCount_1" [src/honeybee.c:80]   --->   Operation 158 'select' 'select_ln80' <Predicate = (!icmp_ln76)> <Delay = 0.61> <Core = "Sel">   --->   Core 26 'Sel' <Latency = 0> <II = 1> <Delay = 0.61> <FuncUnit> <Opcode : 'select'> <InPorts = 3> <OutPorts = 1>
ST_28 : Operation 159 [1/23] (4.40ns)   --->   "%tmp_4_1 = call fastcc i1 @lineIntersectPrism(float %obs_x_mid2, float %obs_y, float 1.000000e+00, float %edge_p1_x_read, float %edge_p1_y_read, float %edge_p1_z_read, float %edge_p2_x_read, float %edge_p2_y_read, float %edge_p2_z_read)" [src/honeybee.c:80]   --->   Operation 159 'call' 'tmp_4_1' <Predicate = (!icmp_ln76)> <Delay = 4.40> <CoreType = "Generic">   --->   Core 0 '' <Latency = 0> <II = 1> <Delay = 1.00> <Generic> <Opcode : >
ST_28 : Operation 160 [1/1] (1.63ns)   --->   "%add_ln80_1 = add nsw i32 %select_ln80, 1" [src/honeybee.c:80]   --->   Operation 160 'add' 'add_ln80_1' <Predicate = (!icmp_ln76)> <Delay = 1.63> <Core = "AddSub">   --->   Core 14 'AddSub' <Latency = 0> <II = 1> <Delay = 1.18> <FuncUnit> <Opcode : 'add' 'sub'> <InPorts = 2> <OutPorts = 1>
ST_28 : Operation 161 [1/1] (0.61ns)   --->   "%select_ln80_1 = select i1 %tmp_4_1, i32 %add_ln80_1, i32 %select_ln80" [src/honeybee.c:80]   --->   Operation 161 'select' 'select_ln80_1' <Predicate = (!icmp_ln76)> <Delay = 0.61> <Core = "Sel">   --->   Core 26 'Sel' <Latency = 0> <II = 1> <Delay = 0.61> <FuncUnit> <Opcode : 'select'> <InPorts = 3> <OutPorts = 1>
ST_28 : Operation 162 [1/23] (4.40ns)   --->   "%tmp_4_2 = call fastcc i1 @lineIntersectPrism(float %obs_x_mid2, float %obs_y, float 2.000000e+00, float %edge_p1_x_read, float %edge_p1_y_read, float %edge_p1_z_read, float %edge_p2_x_read, float %edge_p2_y_read, float %edge_p2_z_read)" [src/honeybee.c:80]   --->   Operation 162 'call' 'tmp_4_2' <Predicate = (!icmp_ln76)> <Delay = 4.40> <CoreType = "Generic">   --->   Core 0 '' <Latency = 0> <II = 1> <Delay = 1.00> <Generic> <Opcode : >
ST_28 : Operation 163 [1/23] (4.40ns)   --->   "%tmp_4_3 = call fastcc i1 @lineIntersectPrism(float %obs_x_mid2, float %obs_y, float 3.000000e+00, float %edge_p1_x_read, float %edge_p1_y_read, float %edge_p1_z_read, float %edge_p2_x_read, float %edge_p2_y_read, float %edge_p2_z_read)" [src/honeybee.c:80]   --->   Operation 163 'call' 'tmp_4_3' <Predicate = (!icmp_ln76)> <Delay = 4.40> <CoreType = "Generic">   --->   Core 0 '' <Latency = 0> <II = 1> <Delay = 1.00> <Generic> <Opcode : >

State 29 <SV = 28> <Delay = 8.97>
ST_29 : Operation 164 [1/1] (0.00ns)   --->   "call void (...)* @_ssdm_op_SpecLoopName([32 x i8]* @honeybee_label5_hone)"   --->   Operation 164 'specloopname' <Predicate = (!icmp_ln76)> <Delay = 0.00>
ST_29 : Operation 165 [1/1] (0.00ns)   --->   "%empty = call i32 (...)* @_ssdm_op_SpecLoopTripCount(i64 16, i64 16, i64 16)"   --->   Operation 165 'speclooptripcount' 'empty' <Predicate = (!icmp_ln76)> <Delay = 0.00>
ST_29 : Operation 166 [1/1] (0.00ns)   --->   "call void (...)* @_ssdm_op_SpecLoopName([16 x i8]* @p_str1) nounwind" [src/honeybee.c:77]   --->   Operation 166 'specloopname' <Predicate = (!icmp_ln76)> <Delay = 0.00>
ST_29 : Operation 167 [1/1] (0.00ns)   --->   "%tmp_1 = call i32 (...)* @_ssdm_op_SpecRegionBegin([16 x i8]* @p_str1)" [src/honeybee.c:77]   --->   Operation 167 'specregionbegin' 'tmp_1' <Predicate = (!icmp_ln76)> <Delay = 0.00>
ST_29 : Operation 168 [1/1] (0.00ns)   --->   "call void (...)* @_ssdm_op_SpecPipeline(i32 -1, i32 1, i32 1, i32 0, [1 x i8]* @p_str2) nounwind" [src/honeybee.c:78]   --->   Operation 168 'specpipeline' <Predicate = (!icmp_ln76)> <Delay = 0.00>
ST_29 : Operation 169 [1/1] (1.63ns)   --->   "%add_ln80_2 = add nsw i32 %select_ln80_1, 1" [src/honeybee.c:80]   --->   Operation 169 'add' 'add_ln80_2' <Predicate = (!icmp_ln76 & tmp_4_2)> <Delay = 1.63> <Core = "AddSub">   --->   Core 14 'AddSub' <Latency = 0> <II = 1> <Delay = 1.18> <FuncUnit> <Opcode : 'add' 'sub'> <InPorts = 2> <OutPorts = 1>
ST_29 : Operation 170 [1/1] (0.61ns)   --->   "%select_ln80_2 = select i1 %tmp_4_2, i32 %add_ln80_2, i32 %select_ln80_1" [src/honeybee.c:80]   --->   Operation 170 'select' 'select_ln80_2' <Predicate = (!icmp_ln76)> <Delay = 0.61> <Core = "Sel">   --->   Core 26 'Sel' <Latency = 0> <II = 1> <Delay = 0.61> <FuncUnit> <Opcode : 'select'> <InPorts = 3> <OutPorts = 1>
ST_29 : Operation 171 [1/1] (1.63ns)   --->   "%add_ln80_3 = add nsw i32 %select_ln80_2, 1" [src/honeybee.c:80]   --->   Operation 171 'add' 'add_ln80_3' <Predicate = (!icmp_ln76 & tmp_4_3)> <Delay = 1.63> <Core = "AddSub">   --->   Core 14 'AddSub' <Latency = 0> <II = 1> <Delay = 1.18> <FuncUnit> <Opcode : 'add' 'sub'> <InPorts = 2> <OutPorts = 1>
ST_29 : Operation 172 [1/1] (0.61ns)   --->   "%select_ln80_3 = select i1 %tmp_4_3, i32 %add_ln80_3, i32 %select_ln80_2" [src/honeybee.c:80]   --->   Operation 172 'select' 'select_ln80_3' <Predicate = (!icmp_ln76)> <Delay = 0.61> <Core = "Sel">   --->   Core 26 'Sel' <Latency = 0> <II = 1> <Delay = 0.61> <FuncUnit> <Opcode : 'select'> <InPorts = 3> <OutPorts = 1>
ST_29 : Operation 173 [1/1] (0.00ns)   --->   "%empty_5 = call i32 (...)* @_ssdm_op_SpecRegionEnd([16 x i8]* @p_str1, i32 %tmp_1)" [src/honeybee.c:82]   --->   Operation 173 'specregionend' 'empty_5' <Predicate = (!icmp_ln76)> <Delay = 0.00>
ST_29 : Operation 174 [1/1] (0.00ns)   --->   "br label %1"   --->   Operation 174 'br' <Predicate = (!icmp_ln76)> <Delay = 0.00>

State 30 <SV = 2> <Delay = 0.00>
ST_30 : Operation 175 [1/1] (0.00ns)   --->   "ret i32 %collisionCount_1" [src/honeybee.c:84]   --->   Operation 175 'ret' <Predicate = true> <Delay = 0.00>


============================================================
+ Verbose Summary: Timing violations
============================================================
Target clock period: 10ns, clock uncertainty: 1.25ns.

 <State 1>: 1.18ns
The critical path consists of the following:
	multiplexor before 'phi' operation ('indvar_flatten', src/honeybee.c:76) with incoming values : ('add_ln76', src/honeybee.c:76) [23]  (1.18 ns)

 <State 2>: 8.58ns
The critical path consists of the following:
	'phi' operation ('i_0', src/honeybee.c:76) with incoming values : ('select_ln76_1', src/honeybee.c:76) [24]  (0 ns)
	'add' operation ('add_ln76_1', src/honeybee.c:76) [35]  (1.18 ns)
	'select' operation ('select_ln76_1', src/honeybee.c:76) [36]  (0.654 ns)
	'sitofp' operation ('obs_x_mid2', src/honeybee.c:76) [38]  (6.74 ns)

 <State 3>: 6.74ns
The critical path consists of the following:
	'sitofp' operation ('obs_x_mid2', src/honeybee.c:76) [38]  (6.74 ns)

 <State 4>: 6.74ns
The critical path consists of the following:
	'sitofp' operation ('obs_x_mid2', src/honeybee.c:76) [38]  (6.74 ns)

 <State 5>: 6.74ns
The critical path consists of the following:
	'sitofp' operation ('obs_x_mid2', src/honeybee.c:76) [38]  (6.74 ns)

 <State 6>: 8.22ns
The critical path consists of the following:
	'call' operation ('tmp_4', src/honeybee.c:80) to 'lineIntersectPrism' [44]  (8.22 ns)

 <State 7>: 8.22ns
The critical path consists of the following:
	'call' operation ('tmp_4', src/honeybee.c:80) to 'lineIntersectPrism' [44]  (8.22 ns)

 <State 8>: 8.22ns
The critical path consists of the following:
	'call' operation ('tmp_4', src/honeybee.c:80) to 'lineIntersectPrism' [44]  (8.22 ns)

 <State 9>: 8.22ns
The critical path consists of the following:
	'call' operation ('tmp_4', src/honeybee.c:80) to 'lineIntersectPrism' [44]  (8.22 ns)

 <State 10>: 8.22ns
The critical path consists of the following:
	'call' operation ('tmp_4', src/honeybee.c:80) to 'lineIntersectPrism' [44]  (8.22 ns)

 <State 11>: 8.22ns
The critical path consists of the following:
	'call' operation ('tmp_4', src/honeybee.c:80) to 'lineIntersectPrism' [44]  (8.22 ns)

 <State 12>: 8.22ns
The critical path consists of the following:
	'call' operation ('tmp_4', src/honeybee.c:80) to 'lineIntersectPrism' [44]  (8.22 ns)

 <State 13>: 8.22ns
The critical path consists of the following:
	'call' operation ('tmp_4', src/honeybee.c:80) to 'lineIntersectPrism' [44]  (8.22 ns)

 <State 14>: 8.22ns
The critical path consists of the following:
	'call' operation ('tmp_4', src/honeybee.c:80) to 'lineIntersectPrism' [44]  (8.22 ns)

 <State 15>: 8.22ns
The critical path consists of the following:
	'call' operation ('tmp_4', src/honeybee.c:80) to 'lineIntersectPrism' [44]  (8.22 ns)

 <State 16>: 8.22ns
The critical path consists of the following:
	'call' operation ('tmp_4', src/honeybee.c:80) to 'lineIntersectPrism' [44]  (8.22 ns)

 <State 17>: 8.22ns
The critical path consists of the following:
	'call' operation ('tmp_4', src/honeybee.c:80) to 'lineIntersectPrism' [44]  (8.22 ns)

 <State 18>: 8.22ns
The critical path consists of the following:
	'call' operation ('tmp_4', src/honeybee.c:80) to 'lineIntersectPrism' [44]  (8.22 ns)

 <State 19>: 8.22ns
The critical path consists of the following:
	'call' operation ('tmp_4', src/honeybee.c:80) to 'lineIntersectPrism' [44]  (8.22 ns)

 <State 20>: 8.22ns
The critical path consists of the following:
	'call' operation ('tmp_4', src/honeybee.c:80) to 'lineIntersectPrism' [44]  (8.22 ns)

 <State 21>: 8.22ns
The critical path consists of the following:
	'call' operation ('tmp_4', src/honeybee.c:80) to 'lineIntersectPrism' [44]  (8.22 ns)

 <State 22>: 8.22ns
The critical path consists of the following:
	'call' operation ('tmp_4', src/honeybee.c:80) to 'lineIntersectPrism' [44]  (8.22 ns)

 <State 23>: 8.22ns
The critical path consists of the following:
	'call' operation ('tmp_4', src/honeybee.c:80) to 'lineIntersectPrism' [44]  (8.22 ns)

 <State 24>: 8.22ns
The critical path consists of the following:
	'call' operation ('tmp_4', src/honeybee.c:80) to 'lineIntersectPrism' [44]  (8.22 ns)

 <State 25>: 8.22ns
The critical path consists of the following:
	'call' operation ('tmp_4', src/honeybee.c:80) to 'lineIntersectPrism' [44]  (8.22 ns)

 <State 26>: 8.22ns
The critical path consists of the following:
	'call' operation ('tmp_4', src/honeybee.c:80) to 'lineIntersectPrism' [44]  (8.22 ns)

 <State 27>: 8.22ns
The critical path consists of the following:
	'call' operation ('tmp_4', src/honeybee.c:80) to 'lineIntersectPrism' [44]  (8.22 ns)

 <State 28>: 7.26ns
The critical path consists of the following:
	'call' operation ('tmp_4', src/honeybee.c:80) to 'lineIntersectPrism' [44]  (4.4 ns)
	'select' operation ('select_ln80', src/honeybee.c:80) [46]  (0.613 ns)
	'add' operation ('add_ln80_1', src/honeybee.c:80) [48]  (1.63 ns)
	'select' operation ('select_ln80_1', src/honeybee.c:80) [49]  (0.613 ns)

 <State 29>: 8.98ns
The critical path consists of the following:
	'add' operation ('add_ln80_2', src/honeybee.c:80) [51]  (1.63 ns)
	'select' operation ('select_ln80_2', src/honeybee.c:80) [52]  (0.613 ns)
	'add' operation ('add_ln80_3', src/honeybee.c:80) [54]  (1.63 ns)
	'select' operation ('select_ln80_3', src/honeybee.c:80) [55]  (0.613 ns)
	'phi' operation ('collisionCount_1', src/honeybee.c:80) with incoming values : ('select_ln80_3', src/honeybee.c:80) [26]  (0 ns)
	'add' operation ('add_ln80', src/honeybee.c:80) [45]  (1.63 ns)
	'select' operation ('select_ln80', src/honeybee.c:80) [46]  (0.613 ns)
	'add' operation ('add_ln80_1', src/honeybee.c:80) [48]  (1.63 ns)
	'select' operation ('select_ln80_1', src/honeybee.c:80) [49]  (0.613 ns)

 <State 30>: 0ns
The critical path consists of the following:


============================================================
+ Verbose Summary: Binding
============================================================
N/A
* FSMD analyzer results:
  - Output states:
 - Input state : 
  - Chain level:
	State 1
	State 2
	State 3
	State 4
	State 5
	State 6
	State 7
	State 8
	State 9
	State 10
	State 11
	State 12
	State 13
	State 14
	State 15
	State 16
	State 17
	State 18
	State 19
	State 20
	State 21
	State 22
	State 23
	State 24
	State 25
	State 26
	State 27
	State 28
	State 29
	State 30


============================================================
+ Verbose Summary: Datapath Resource usage 
============================================================
N/A
