

================================================================
== Vivado HLS Report for 'honeybee'
================================================================
* Date:           Wed Mar 25 00:17:47 2020

* Version:        2019.2 (Build 2704478 on Wed Nov 06 22:10:23 MST 2019)
* Project:        HoneyBee-B
* Solution:       solution2
* Product family: zynq
* Target device:  xc7z020-clg484-1


================================================================
== Performance Estimates
================================================================
+ Timing: 
    * Summary: 
    +--------+----------+----------+------------+
    |  Clock |  Target  | Estimated| Uncertainty|
    +--------+----------+----------+------------+
    |ap_clk  | 10.00 ns | 9.921 ns |   1.25 ns  |
    +--------+----------+----------+------------+

+ Latency: 
    * Summary: 
    +---------+---------+----------+-----------+-----+------+---------+
    |  Latency (cycles) |  Latency (absolute)  |  Interval  | Pipeline|
    |   min   |   max   |    min   |    max    | min |  max |   Type  |
    +---------+---------+----------+-----------+-----+------+---------+
    |      347|     1743| 3.470 us | 17.430 us |  347|  1743|   none  |
    +---------+---------+----------+-----------+-----+------+---------+

    + Detail: 
        * Instance: 
        +---------------------------------+----------------------+---------+---------+----------+----------+-----+-----+---------+
        |                                 |                      |  Latency (cycles) |  Latency (absolute) |  Interval | Pipeline|
        |             Instance            |        Module        |   min   |   max   |    min   |    max   | min | max |   Type  |
        +---------------------------------+----------------------+---------+---------+----------+----------+-----+-----+---------+
        |grp_segmentIntersectsGri_fu_145  |segmentIntersectsGri  |       75|      424| 0.750 us | 4.240 us |   75|  424|   none  |
        |grp_segmentIntersectsGri_fu_159  |segmentIntersectsGri  |       75|      424| 0.750 us | 4.240 us |   75|  424|   none  |
        +---------------------------------+----------------------+---------+---------+----------+----------+-----+-----+---------+

        * Loop: 
        +-------------+---------+---------+-----------+-----------+-----------+------+----------+
        |             |  Latency (cycles) | Iteration |  Initiation Interval  | Trip |          |
        |  Loop Name  |   min   |   max   |  Latency  |  achieved |   target  | Count| Pipelined|
        +-------------+---------+---------+-----------+-----------+-----------+------+----------+
        |- Loop 1     |      346|     1742| 173 ~ 871 |          -|          -|     2|    no    |
        | + Loop 1.1  |      166|      864|  83 ~ 432 |          -|          -|     2|    no    |
        +-------------+---------+---------+-----------+-----------+-----------+------+----------+



================================================================
== Utilization Estimates
================================================================
* Summary: 
+-----------------+---------+-------+--------+-------+-----+
|       Name      | BRAM_18K| DSP48E|   FF   |  LUT  | URAM|
+-----------------+---------+-------+--------+-------+-----+
|DSP              |        -|      -|       -|      -|    -|
|Expression       |        -|      -|       0|    135|    -|
|FIFO             |        -|      -|       -|      -|    -|
|Instance         |        -|     68|   11516|  26018|    -|
|Memory           |        -|      -|       -|      -|    -|
|Multiplexer      |        -|      -|       -|    125|    -|
|Register         |        -|      -|     109|      -|    -|
+-----------------+---------+-------+--------+-------+-----+
|Total            |        0|     68|   11625|  26278|    0|
+-----------------+---------+-------+--------+-------+-----+
|Available        |      280|    220|  106400|  53200|    0|
+-----------------+---------+-------+--------+-------+-----+
|Utilization (%)  |        0|     30|      10|     49|    0|
+-----------------+---------+-------+--------+-------+-----+

+ Detail: 
    * Instance: 
    +---------------------------------+----------------------+---------+-------+------+-------+-----+
    |             Instance            |        Module        | BRAM_18K| DSP48E|  FF  |  LUT  | URAM|
    +---------------------------------+----------------------+---------+-------+------+-------+-----+
    |honeybee_sitofp_3hbi_U56         |honeybee_sitofp_3hbi  |        0|      0|   340|    554|    0|
    |grp_segmentIntersectsGri_fu_145  |segmentIntersectsGri  |        0|     34|  5588|  12732|    0|
    |grp_segmentIntersectsGri_fu_159  |segmentIntersectsGri  |        0|     34|  5588|  12732|    0|
    +---------------------------------+----------------------+---------+-------+------+-------+-----+
    |Total                            |                      |        0|     68| 11516|  26018|    0|
    +---------------------------------+----------------------+---------+-------+------+-------+-----+

    * DSP48E: 
    N/A

    * Memory: 
    N/A

    * FIFO: 
    N/A

    * Expression: 
    +----------------------------------+----------+-------+---+----+------------+------------+
    |           Variable Name          | Operation| DSP48E| FF| LUT| Bitwidth P0| Bitwidth P1|
    +----------------------------------+----------+-------+---+----+------------+------------+
    |add_ln162_fu_224_p2               |     +    |      0|  0|  13|           2|           4|
    |b_fu_201_p2                       |     +    |      0|  0|  13|           4|           3|
    |j_fu_218_p2                       |     +    |      0|  0|  10|           2|           1|
    |k_fu_195_p2                       |     +    |      0|  0|  10|           2|           1|
    |icmp_ln152_fu_189_p2              |   icmp   |      0|  0|   9|           2|           3|
    |icmp_ln153_fu_212_p2              |   icmp   |      0|  0|   9|           2|           3|
    |ap_block_state15_on_subcall_done  |    or    |      0|  0|   2|           1|           1|
    |or_ln159_1_fu_302_p2              |    or    |      0|  0|   8|           8|           8|
    |or_ln159_fu_280_p2                |    or    |      0|  0|   7|           7|           7|
    |or_ln162_fu_252_p2                |    or    |      0|  0|   3|           3|           1|
    |select_ln159_1_fu_268_p3          |  select  |      0|  0|   8|           1|           8|
    |select_ln159_fu_240_p3            |  select  |      0|  0|   7|           1|           7|
    |shl_ln160_1_fu_262_p2             |    shl   |      0|  0|  19|           1|           8|
    |shl_ln160_fu_234_p2               |    shl   |      0|  0|  17|           1|           7|
    +----------------------------------+----------+-------+---+----+------------+------------+
    |Total                             |          |      0|  0| 135|          37|          62|
    +----------------------------------+----------+-------+---+----+------------+------------+

    * Multiplexer: 
    +--------------------+----+-----------+-----+-----------+
    |        Name        | LUT| Input Size| Bits| Total Bits|
    +--------------------+----+-----------+-----+-----------+
    |ap_NS_fsm           |  65|         16|    1|         16|
    |b_0_reg_111         |   9|          2|    4|          8|
    |b_1_reg_134         |   9|          2|    4|          8|
    |collisions_0_fu_60  |   9|          2|    8|         16|
    |grp_fu_173_p0       |  15|          3|   32|         96|
    |j_0_reg_123         |   9|          2|    2|          4|
    |k_0_reg_100         |   9|          2|    2|          4|
    +--------------------+----+-----------+-----+-----------+
    |Total               | 125|         29|   53|        152|
    +--------------------+----+-----------+-----+-----------+

    * Register: 
    +----------------------------------------------+----+----+-----+-----------+
    |                     Name                     | FF | LUT| Bits| Const Bits|
    +----------------------------------------------+----+----+-----+-----------+
    |ap_CS_fsm                                     |  15|   0|   15|          0|
    |b_0_reg_111                                   |   4|   0|    4|          0|
    |b_1_reg_134                                   |   4|   0|    4|          0|
    |b_reg_369                                     |   4|   0|    4|          0|
    |collisions_0_fu_60                            |   8|   0|    8|          0|
    |grid_y_reg_393                                |  32|   0|   32|          0|
    |grid_z_reg_374                                |  32|   0|   32|          0|
    |grp_segmentIntersectsGri_fu_145_ap_start_reg  |   1|   0|    1|          0|
    |grp_segmentIntersectsGri_fu_159_ap_start_reg  |   1|   0|    1|          0|
    |j_0_reg_123                                   |   2|   0|    2|          0|
    |j_reg_388                                     |   2|   0|    2|          0|
    |k_0_reg_100                                   |   2|   0|    2|          0|
    |k_reg_364                                     |   2|   0|    2|          0|
    +----------------------------------------------+----+----+-----+-----------+
    |Total                                         | 109|   0|  109|          0|
    +----------------------------------------------+----+----+-----+-----------+



================================================================
== Interface
================================================================
* Summary: 
+-----------+-----+-----+------------+--------------+--------------+
| RTL Ports | Dir | Bits|  Protocol  | Source Object|    C Type    |
+-----------+-----+-----+------------+--------------+--------------+
|ap_clk     |  in |    1| ap_ctrl_hs |   honeybee   | return value |
|ap_rst     |  in |    1| ap_ctrl_hs |   honeybee   | return value |
|ap_start   |  in |    1| ap_ctrl_hs |   honeybee   | return value |
|ap_done    | out |    1| ap_ctrl_hs |   honeybee   | return value |
|ap_idle    | out |    1| ap_ctrl_hs |   honeybee   | return value |
|ap_ready   | out |    1| ap_ctrl_hs |   honeybee   | return value |
|ap_return  | out |    8| ap_ctrl_hs |   honeybee   | return value |
|edge_p1_x  |  in |   32|   ap_none  |   edge_p1_x  |    scalar    |
|edge_p1_y  |  in |   32|   ap_none  |   edge_p1_y  |    scalar    |
|edge_p1_z  |  in |   32|   ap_none  |   edge_p1_z  |    scalar    |
|edge_p2_x  |  in |   32|   ap_none  |   edge_p2_x  |    scalar    |
|edge_p2_y  |  in |   32|   ap_none  |   edge_p2_y  |    scalar    |
|edge_p2_z  |  in |   32|   ap_none  |   edge_p2_z  |    scalar    |
+-----------+-----+-----+------------+--------------+--------------+

