

================================================================
== Vivado HLS Report for 'honeybee'
================================================================
* Date:           Thu Mar 26 19:25:32 2020

* Version:        2019.2 (Build 2704478 on Wed Nov 06 22:10:23 MST 2019)
* Project:        honeybee_proj
* Solution:       HBA
* Product family: zynq
* Target device:  xc7z030i-fbg484-2L


================================================================
== Performance Estimates
================================================================
+ Timing: 
    * Summary: 
    +--------+----------+----------+------------+
    |  Clock |  Target  | Estimated| Uncertainty|
    +--------+----------+----------+------------+
    |ap_clk  | 10.00 ns | 9.321 ns |   1.25 ns  |
    +--------+----------+----------+------------+

+ Latency: 
    * Summary: 
    +---------+---------+----------+----------+-----+-----+---------+
    |  Latency (cycles) |  Latency (absolute) |  Interval | Pipeline|
    |   min   |   max   |    min   |    max   | min | max |   Type  |
    +---------+---------+----------+----------+-----+-----+---------+
    |      253|      253| 2.530 us | 2.530 us |  253|  253|   none  |
    +---------+---------+----------+----------+-----+-----+---------+

    + Detail: 
        * Instance: 
        N/A

        * Loop: 
        +-------------------+---------+---------+----------+-----------+-----------+------+----------+
        |                   |  Latency (cycles) | Iteration|  Initiation Interval  | Trip |          |
        |     Loop Name     |   min   |   max   |  Latency |  achieved |   target  | Count| Pipelined|
        +-------------------+---------+---------+----------+-----------+-----------+------+----------+
        |- honeybee_label2  |      252|      252|        63|          -|          -|     4|    no    |
        +-------------------+---------+---------+----------+-----------+-----------+------+----------+

============================================================
+ Verbose Summary: Synthesis Manager
============================================================
InlineROM: 1
ExposeGlobal: 0
============================================================
+ Verbose Summary: CDFG Model
============================================================
IsTopModel: 1
ResetActiveHigh: 1
IsCombinational: 0
IsDatapathOnly: 0
HasWiredReturn: 1
HasMFsm: 0
HasVarLatency: 1
IsPipeline: 0
IsRtlPipelined: 0
IsInstanceOverlapped: 0
IsDontTouch: 0
HasImplIP: 0
IsGatedGlobalClock: 0


============================================================
+ Verbose Summary: Schedule
============================================================
* Number of FSM states : 8
* Pipeline : 0
* Dataflow Pipeline: 0

* FSM state transitions: 
1 --> 2 
2 --> 3 
3 --> 4 
4 --> 5 
5 --> 6 
6 --> 7 
7 --> 8 
8 --> 2 

* FSM state operations: 

State 1 <SV = 0> <Delay = 0.46>
ST_1 : Operation 9 [1/1] (0.00ns)   --->   "call void (...)* @_ssdm_op_SpecBitsMap(float %edge_p1_x), !map !39"   --->   Operation 9 'specbitsmap' <Predicate = true> <Delay = 0.00>
ST_1 : Operation 10 [1/1] (0.00ns)   --->   "call void (...)* @_ssdm_op_SpecBitsMap(float %edge_p1_y), !map !45"   --->   Operation 10 'specbitsmap' <Predicate = true> <Delay = 0.00>
ST_1 : Operation 11 [1/1] (0.00ns)   --->   "call void (...)* @_ssdm_op_SpecBitsMap(float %edge_p1_z), !map !49"   --->   Operation 11 'specbitsmap' <Predicate = true> <Delay = 0.00>
ST_1 : Operation 12 [1/1] (0.00ns)   --->   "call void (...)* @_ssdm_op_SpecBitsMap(float %edge_p2_x), !map !53"   --->   Operation 12 'specbitsmap' <Predicate = true> <Delay = 0.00>
ST_1 : Operation 13 [1/1] (0.00ns)   --->   "call void (...)* @_ssdm_op_SpecBitsMap(float %edge_p2_y), !map !57"   --->   Operation 13 'specbitsmap' <Predicate = true> <Delay = 0.00>
ST_1 : Operation 14 [1/1] (0.00ns)   --->   "call void (...)* @_ssdm_op_SpecBitsMap(float %edge_p2_z), !map !61"   --->   Operation 14 'specbitsmap' <Predicate = true> <Delay = 0.00>
ST_1 : Operation 15 [1/1] (0.00ns)   --->   "call void (...)* @_ssdm_op_SpecBitsMap(i64 0) nounwind, !map !65"   --->   Operation 15 'specbitsmap' <Predicate = true> <Delay = 0.00>
ST_1 : Operation 16 [1/1] (0.00ns)   --->   "call void (...)* @_ssdm_op_SpecTopModule([9 x i8]* @honeybee_str) nounwind"   --->   Operation 16 'spectopmodule' <Predicate = true> <Delay = 0.00>
ST_1 : Operation 17 [1/1] (0.00ns)   --->   "%edge_p2_z_read = call float @_ssdm_op_Read.ap_auto.float(float %edge_p2_z)" [src/honeybee.c:155]   --->   Operation 17 'read' 'edge_p2_z_read' <Predicate = true> <Delay = 0.00>
ST_1 : Operation 18 [1/1] (0.00ns)   --->   "%edge_p2_y_read = call float @_ssdm_op_Read.ap_auto.float(float %edge_p2_y)" [src/honeybee.c:155]   --->   Operation 18 'read' 'edge_p2_y_read' <Predicate = true> <Delay = 0.00>
ST_1 : Operation 19 [1/1] (0.00ns)   --->   "%edge_p2_x_read = call float @_ssdm_op_Read.ap_auto.float(float %edge_p2_x)" [src/honeybee.c:155]   --->   Operation 19 'read' 'edge_p2_x_read' <Predicate = true> <Delay = 0.00>
ST_1 : Operation 20 [1/1] (0.00ns)   --->   "%edge_p1_z_read = call float @_ssdm_op_Read.ap_auto.float(float %edge_p1_z)" [src/honeybee.c:155]   --->   Operation 20 'read' 'edge_p1_z_read' <Predicate = true> <Delay = 0.00>
ST_1 : Operation 21 [1/1] (0.00ns)   --->   "%edge_p1_y_read = call float @_ssdm_op_Read.ap_auto.float(float %edge_p1_y)" [src/honeybee.c:155]   --->   Operation 21 'read' 'edge_p1_y_read' <Predicate = true> <Delay = 0.00>
ST_1 : Operation 22 [1/1] (0.00ns)   --->   "%edge_p1_x_read = call float @_ssdm_op_Read.ap_auto.float(float %edge_p1_x)" [src/honeybee.c:155]   --->   Operation 22 'read' 'edge_p1_x_read' <Predicate = true> <Delay = 0.00>
ST_1 : Operation 23 [1/1] (0.46ns)   --->   "br label %1" [src/honeybee.c:155]   --->   Operation 23 'br' <Predicate = true> <Delay = 0.46>

State 2 <SV = 1> <Delay = 8.08>
ST_2 : Operation 24 [1/1] (0.00ns)   --->   "%k_0 = phi i3 [ 0, %0 ], [ %k, %_ifconv ]"   --->   Operation 24 'phi' 'k_0' <Predicate = true> <Delay = 0.00>
ST_2 : Operation 25 [1/1] (0.00ns)   --->   "%b_0 = phi i7 [ 0, %0 ], [ %b, %_ifconv ]"   --->   Operation 25 'phi' 'b_0' <Predicate = true> <Delay = 0.00>
ST_2 : Operation 26 [1/1] (0.00ns)   --->   "%collisions_0 = phi i64 [ 0, %0 ], [ %or_ln161_15, %_ifconv ]" [src/honeybee.c:161]   --->   Operation 26 'phi' 'collisions_0' <Predicate = true> <Delay = 0.00>
ST_2 : Operation 27 [1/1] (0.00ns)   --->   "%zext_ln155 = zext i3 %k_0 to i32" [src/honeybee.c:155]   --->   Operation 27 'zext' 'zext_ln155' <Predicate = true> <Delay = 0.00>
ST_2 : Operation 28 [1/1] (0.98ns)   --->   "%icmp_ln155 = icmp eq i3 %k_0, -4" [src/honeybee.c:155]   --->   Operation 28 'icmp' 'icmp_ln155' <Predicate = true> <Delay = 0.98> <Core = "Cmp">   --->   Core 25 'Cmp' <Latency = 0> <II = 1> <Delay = 0.98> <FuncUnit> <Opcode : 'icmp'> <InPorts = 2> <OutPorts = 1>
ST_2 : Operation 29 [1/1] (0.00ns)   --->   "%empty = call i32 (...)* @_ssdm_op_SpecLoopTripCount(i64 4, i64 4, i64 4)"   --->   Operation 29 'speclooptripcount' 'empty' <Predicate = true> <Delay = 0.00>
ST_2 : Operation 30 [1/1] (0.76ns)   --->   "%k = add i3 %k_0, 1" [src/honeybee.c:155]   --->   Operation 30 'add' 'k' <Predicate = true> <Delay = 0.76> <Core = "AddSub">   --->   Core 14 'AddSub' <Latency = 0> <II = 1> <Delay = 1.28> <FuncUnit> <Opcode : 'add' 'sub'> <InPorts = 2> <OutPorts = 1>
ST_2 : Operation 31 [1/1] (0.00ns)   --->   "br i1 %icmp_ln155, label %2, label %_ifconv" [src/honeybee.c:155]   --->   Operation 31 'br' <Predicate = true> <Delay = 0.00>
ST_2 : Operation 32 [4/4] (8.08ns)   --->   "%grid_z = sitofp i32 %zext_ln155 to float" [src/honeybee.c:160]   --->   Operation 32 'sitofp' 'grid_z' <Predicate = (!icmp_ln155)> <Delay = 8.08> <Core = "Int2Float">   --->   Core 112 'Int2Float' <Latency = 3> <II = 1> <Delay = 8.08> <FuncUnit> <Opcode : 'sitofp' 'uitofp'> <InPorts = 1> <OutPorts = 1>
ST_2 : Operation 33 [1/1] (0.00ns)   --->   "ret i64 %collisions_0" [src/honeybee.c:168]   --->   Operation 33 'ret' <Predicate = (icmp_ln155)> <Delay = 0.00>

State 3 <SV = 2> <Delay = 8.08>
ST_3 : Operation 34 [3/4] (8.08ns)   --->   "%grid_z = sitofp i32 %zext_ln155 to float" [src/honeybee.c:160]   --->   Operation 34 'sitofp' 'grid_z' <Predicate = true> <Delay = 8.08> <Core = "Int2Float">   --->   Core 112 'Int2Float' <Latency = 3> <II = 1> <Delay = 8.08> <FuncUnit> <Opcode : 'sitofp' 'uitofp'> <InPorts = 1> <OutPorts = 1>

State 4 <SV = 3> <Delay = 8.08>
ST_4 : Operation 35 [2/4] (8.08ns)   --->   "%grid_z = sitofp i32 %zext_ln155 to float" [src/honeybee.c:160]   --->   Operation 35 'sitofp' 'grid_z' <Predicate = true> <Delay = 8.08> <Core = "Int2Float">   --->   Core 112 'Int2Float' <Latency = 3> <II = 1> <Delay = 8.08> <FuncUnit> <Opcode : 'sitofp' 'uitofp'> <InPorts = 1> <OutPorts = 1>

State 5 <SV = 4> <Delay = 8.08>
ST_5 : Operation 36 [1/4] (8.08ns)   --->   "%grid_z = sitofp i32 %zext_ln155 to float" [src/honeybee.c:160]   --->   Operation 36 'sitofp' 'grid_z' <Predicate = true> <Delay = 8.08> <Core = "Int2Float">   --->   Core 112 'Int2Float' <Latency = 3> <II = 1> <Delay = 8.08> <FuncUnit> <Opcode : 'sitofp' 'uitofp'> <InPorts = 1> <OutPorts = 1>

State 6 <SV = 5> <Delay = 8.75>
ST_6 : Operation 37 [2/2] (8.75ns)   --->   "%tmp_s = call fastcc i1 @segmentIntersectsGri(float %edge_p1_x_read, float %edge_p1_y_read, float %edge_p1_z_read, float %edge_p2_x_read, float %edge_p2_y_read, float %edge_p2_z_read, float 0.000000e+00, float 0.000000e+00, float %grid_z)" [src/honeybee.c:161]   --->   Operation 37 'call' 'tmp_s' <Predicate = true> <Delay = 8.75> <CoreType = "Generic">   --->   Core 0 '' <Latency = 0> <II = 1> <Delay = 1.00> <Generic> <Opcode : >
ST_6 : Operation 38 [2/2] (8.75ns)   --->   "%tmp_41_0_1 = call fastcc i1 @segmentIntersectsGri(float %edge_p1_x_read, float %edge_p1_y_read, float %edge_p1_z_read, float %edge_p2_x_read, float %edge_p2_y_read, float %edge_p2_z_read, float 1.000000e+00, float 0.000000e+00, float %grid_z)" [src/honeybee.c:161]   --->   Operation 38 'call' 'tmp_41_0_1' <Predicate = true> <Delay = 8.75> <CoreType = "Generic">   --->   Core 0 '' <Latency = 0> <II = 1> <Delay = 1.00> <Generic> <Opcode : >
ST_6 : Operation 39 [2/2] (8.75ns)   --->   "%tmp_41_0_2 = call fastcc i1 @segmentIntersectsGri(float %edge_p1_x_read, float %edge_p1_y_read, float %edge_p1_z_read, float %edge_p2_x_read, float %edge_p2_y_read, float %edge_p2_z_read, float 2.000000e+00, float 0.000000e+00, float %grid_z)" [src/honeybee.c:161]   --->   Operation 39 'call' 'tmp_41_0_2' <Predicate = true> <Delay = 8.75> <CoreType = "Generic">   --->   Core 0 '' <Latency = 0> <II = 1> <Delay = 1.00> <Generic> <Opcode : >
ST_6 : Operation 40 [2/2] (8.75ns)   --->   "%tmp_41_0_3 = call fastcc i1 @segmentIntersectsGri(float %edge_p1_x_read, float %edge_p1_y_read, float %edge_p1_z_read, float %edge_p2_x_read, float %edge_p2_y_read, float %edge_p2_z_read, float 3.000000e+00, float 0.000000e+00, float %grid_z)" [src/honeybee.c:161]   --->   Operation 40 'call' 'tmp_41_0_3' <Predicate = true> <Delay = 8.75> <CoreType = "Generic">   --->   Core 0 '' <Latency = 0> <II = 1> <Delay = 1.00> <Generic> <Opcode : >
ST_6 : Operation 41 [2/2] (8.75ns)   --->   "%tmp_41_1 = call fastcc i1 @segmentIntersectsGri(float %edge_p1_x_read, float %edge_p1_y_read, float %edge_p1_z_read, float %edge_p2_x_read, float %edge_p2_y_read, float %edge_p2_z_read, float 0.000000e+00, float 1.000000e+00, float %grid_z)" [src/honeybee.c:161]   --->   Operation 41 'call' 'tmp_41_1' <Predicate = true> <Delay = 8.75> <CoreType = "Generic">   --->   Core 0 '' <Latency = 0> <II = 1> <Delay = 1.00> <Generic> <Opcode : >
ST_6 : Operation 42 [2/2] (8.75ns)   --->   "%tmp_41_1_1 = call fastcc i1 @segmentIntersectsGri(float %edge_p1_x_read, float %edge_p1_y_read, float %edge_p1_z_read, float %edge_p2_x_read, float %edge_p2_y_read, float %edge_p2_z_read, float 1.000000e+00, float 1.000000e+00, float %grid_z)" [src/honeybee.c:161]   --->   Operation 42 'call' 'tmp_41_1_1' <Predicate = true> <Delay = 8.75> <CoreType = "Generic">   --->   Core 0 '' <Latency = 0> <II = 1> <Delay = 1.00> <Generic> <Opcode : >
ST_6 : Operation 43 [2/2] (8.75ns)   --->   "%tmp_41_1_2 = call fastcc i1 @segmentIntersectsGri(float %edge_p1_x_read, float %edge_p1_y_read, float %edge_p1_z_read, float %edge_p2_x_read, float %edge_p2_y_read, float %edge_p2_z_read, float 2.000000e+00, float 1.000000e+00, float %grid_z)" [src/honeybee.c:161]   --->   Operation 43 'call' 'tmp_41_1_2' <Predicate = true> <Delay = 8.75> <CoreType = "Generic">   --->   Core 0 '' <Latency = 0> <II = 1> <Delay = 1.00> <Generic> <Opcode : >
ST_6 : Operation 44 [2/2] (8.75ns)   --->   "%tmp_41_1_3 = call fastcc i1 @segmentIntersectsGri(float %edge_p1_x_read, float %edge_p1_y_read, float %edge_p1_z_read, float %edge_p2_x_read, float %edge_p2_y_read, float %edge_p2_z_read, float 3.000000e+00, float 1.000000e+00, float %grid_z)" [src/honeybee.c:161]   --->   Operation 44 'call' 'tmp_41_1_3' <Predicate = true> <Delay = 8.75> <CoreType = "Generic">   --->   Core 0 '' <Latency = 0> <II = 1> <Delay = 1.00> <Generic> <Opcode : >
ST_6 : Operation 45 [2/2] (8.75ns)   --->   "%tmp_41_2 = call fastcc i1 @segmentIntersectsGri(float %edge_p1_x_read, float %edge_p1_y_read, float %edge_p1_z_read, float %edge_p2_x_read, float %edge_p2_y_read, float %edge_p2_z_read, float 0.000000e+00, float 2.000000e+00, float %grid_z)" [src/honeybee.c:161]   --->   Operation 45 'call' 'tmp_41_2' <Predicate = true> <Delay = 8.75> <CoreType = "Generic">   --->   Core 0 '' <Latency = 0> <II = 1> <Delay = 1.00> <Generic> <Opcode : >
ST_6 : Operation 46 [2/2] (8.75ns)   --->   "%tmp_41_2_1 = call fastcc i1 @segmentIntersectsGri(float %edge_p1_x_read, float %edge_p1_y_read, float %edge_p1_z_read, float %edge_p2_x_read, float %edge_p2_y_read, float %edge_p2_z_read, float 1.000000e+00, float 2.000000e+00, float %grid_z)" [src/honeybee.c:161]   --->   Operation 46 'call' 'tmp_41_2_1' <Predicate = true> <Delay = 8.75> <CoreType = "Generic">   --->   Core 0 '' <Latency = 0> <II = 1> <Delay = 1.00> <Generic> <Opcode : >
ST_6 : Operation 47 [2/2] (8.75ns)   --->   "%tmp_41_2_2 = call fastcc i1 @segmentIntersectsGri(float %edge_p1_x_read, float %edge_p1_y_read, float %edge_p1_z_read, float %edge_p2_x_read, float %edge_p2_y_read, float %edge_p2_z_read, float 2.000000e+00, float 2.000000e+00, float %grid_z)" [src/honeybee.c:161]   --->   Operation 47 'call' 'tmp_41_2_2' <Predicate = true> <Delay = 8.75> <CoreType = "Generic">   --->   Core 0 '' <Latency = 0> <II = 1> <Delay = 1.00> <Generic> <Opcode : >
ST_6 : Operation 48 [2/2] (8.75ns)   --->   "%tmp_41_2_3 = call fastcc i1 @segmentIntersectsGri(float %edge_p1_x_read, float %edge_p1_y_read, float %edge_p1_z_read, float %edge_p2_x_read, float %edge_p2_y_read, float %edge_p2_z_read, float 3.000000e+00, float 2.000000e+00, float %grid_z)" [src/honeybee.c:161]   --->   Operation 48 'call' 'tmp_41_2_3' <Predicate = true> <Delay = 8.75> <CoreType = "Generic">   --->   Core 0 '' <Latency = 0> <II = 1> <Delay = 1.00> <Generic> <Opcode : >
ST_6 : Operation 49 [2/2] (8.75ns)   --->   "%tmp_41_3 = call fastcc i1 @segmentIntersectsGri(float %edge_p1_x_read, float %edge_p1_y_read, float %edge_p1_z_read, float %edge_p2_x_read, float %edge_p2_y_read, float %edge_p2_z_read, float 0.000000e+00, float 3.000000e+00, float %grid_z)" [src/honeybee.c:161]   --->   Operation 49 'call' 'tmp_41_3' <Predicate = true> <Delay = 8.75> <CoreType = "Generic">   --->   Core 0 '' <Latency = 0> <II = 1> <Delay = 1.00> <Generic> <Opcode : >
ST_6 : Operation 50 [2/2] (8.75ns)   --->   "%tmp_41_3_1 = call fastcc i1 @segmentIntersectsGri(float %edge_p1_x_read, float %edge_p1_y_read, float %edge_p1_z_read, float %edge_p2_x_read, float %edge_p2_y_read, float %edge_p2_z_read, float 1.000000e+00, float 3.000000e+00, float %grid_z)" [src/honeybee.c:161]   --->   Operation 50 'call' 'tmp_41_3_1' <Predicate = true> <Delay = 8.75> <CoreType = "Generic">   --->   Core 0 '' <Latency = 0> <II = 1> <Delay = 1.00> <Generic> <Opcode : >
ST_6 : Operation 51 [2/2] (8.75ns)   --->   "%tmp_41_3_2 = call fastcc i1 @segmentIntersectsGri(float %edge_p1_x_read, float %edge_p1_y_read, float %edge_p1_z_read, float %edge_p2_x_read, float %edge_p2_y_read, float %edge_p2_z_read, float 2.000000e+00, float 3.000000e+00, float %grid_z)" [src/honeybee.c:161]   --->   Operation 51 'call' 'tmp_41_3_2' <Predicate = true> <Delay = 8.75> <CoreType = "Generic">   --->   Core 0 '' <Latency = 0> <II = 1> <Delay = 1.00> <Generic> <Opcode : >
ST_6 : Operation 52 [2/2] (8.75ns)   --->   "%tmp_41_3_3 = call fastcc i1 @segmentIntersectsGri(float %edge_p1_x_read, float %edge_p1_y_read, float %edge_p1_z_read, float %edge_p2_x_read, float %edge_p2_y_read, float %edge_p2_z_read, float 3.000000e+00, float 3.000000e+00, float %grid_z)" [src/honeybee.c:161]   --->   Operation 52 'call' 'tmp_41_3_3' <Predicate = true> <Delay = 8.75> <CoreType = "Generic">   --->   Core 0 '' <Latency = 0> <II = 1> <Delay = 1.00> <Generic> <Opcode : >

State 7 <SV = 6> <Delay = 1.60>
ST_7 : Operation 53 [1/1] (0.00ns)   --->   "%trunc_ln155 = trunc i7 %b_0 to i6" [src/honeybee.c:155]   --->   Operation 53 'trunc' 'trunc_ln155' <Predicate = true> <Delay = 0.00>
ST_7 : Operation 54 [1/2] (1.60ns)   --->   "%tmp_s = call fastcc i1 @segmentIntersectsGri(float %edge_p1_x_read, float %edge_p1_y_read, float %edge_p1_z_read, float %edge_p2_x_read, float %edge_p2_y_read, float %edge_p2_z_read, float 0.000000e+00, float 0.000000e+00, float %grid_z)" [src/honeybee.c:161]   --->   Operation 54 'call' 'tmp_s' <Predicate = true> <Delay = 1.60> <CoreType = "Generic">   --->   Core 0 '' <Latency = 0> <II = 1> <Delay = 1.00> <Generic> <Opcode : >
ST_7 : Operation 55 [1/1] (0.00ns)   --->   "%or_ln164_1 = or i6 %trunc_ln155, 1" [src/honeybee.c:164]   --->   Operation 55 'or' 'or_ln164_1' <Predicate = true> <Delay = 0.00>
ST_7 : Operation 56 [1/1] (0.00ns)   --->   "%zext_ln164_2 = zext i6 %or_ln164_1 to i7" [src/honeybee.c:164]   --->   Operation 56 'zext' 'zext_ln164_2' <Predicate = true> <Delay = 0.00>
ST_7 : Operation 57 [1/2] (1.60ns)   --->   "%tmp_41_0_1 = call fastcc i1 @segmentIntersectsGri(float %edge_p1_x_read, float %edge_p1_y_read, float %edge_p1_z_read, float %edge_p2_x_read, float %edge_p2_y_read, float %edge_p2_z_read, float 1.000000e+00, float 0.000000e+00, float %grid_z)" [src/honeybee.c:161]   --->   Operation 57 'call' 'tmp_41_0_1' <Predicate = true> <Delay = 1.60> <CoreType = "Generic">   --->   Core 0 '' <Latency = 0> <II = 1> <Delay = 1.00> <Generic> <Opcode : >
ST_7 : Operation 58 [1/1] (1.28ns)   --->   "%add_ln164 = add i7 1, %zext_ln164_2" [src/honeybee.c:164]   --->   Operation 58 'add' 'add_ln164' <Predicate = true> <Delay = 1.28> <Core = "AddSub">   --->   Core 14 'AddSub' <Latency = 0> <II = 1> <Delay = 1.28> <FuncUnit> <Opcode : 'add' 'sub'> <InPorts = 2> <OutPorts = 1>
ST_7 : Operation 59 [1/2] (1.60ns)   --->   "%tmp_41_0_2 = call fastcc i1 @segmentIntersectsGri(float %edge_p1_x_read, float %edge_p1_y_read, float %edge_p1_z_read, float %edge_p2_x_read, float %edge_p2_y_read, float %edge_p2_z_read, float 2.000000e+00, float 0.000000e+00, float %grid_z)" [src/honeybee.c:161]   --->   Operation 59 'call' 'tmp_41_0_2' <Predicate = true> <Delay = 1.60> <CoreType = "Generic">   --->   Core 0 '' <Latency = 0> <II = 1> <Delay = 1.00> <Generic> <Opcode : >
ST_7 : Operation 60 [1/2] (1.60ns)   --->   "%tmp_41_0_3 = call fastcc i1 @segmentIntersectsGri(float %edge_p1_x_read, float %edge_p1_y_read, float %edge_p1_z_read, float %edge_p2_x_read, float %edge_p2_y_read, float %edge_p2_z_read, float 3.000000e+00, float 0.000000e+00, float %grid_z)" [src/honeybee.c:161]   --->   Operation 60 'call' 'tmp_41_0_3' <Predicate = true> <Delay = 1.60> <CoreType = "Generic">   --->   Core 0 '' <Latency = 0> <II = 1> <Delay = 1.00> <Generic> <Opcode : >
ST_7 : Operation 61 [1/2] (1.60ns)   --->   "%tmp_41_1 = call fastcc i1 @segmentIntersectsGri(float %edge_p1_x_read, float %edge_p1_y_read, float %edge_p1_z_read, float %edge_p2_x_read, float %edge_p2_y_read, float %edge_p2_z_read, float 0.000000e+00, float 1.000000e+00, float %grid_z)" [src/honeybee.c:161]   --->   Operation 61 'call' 'tmp_41_1' <Predicate = true> <Delay = 1.60> <CoreType = "Generic">   --->   Core 0 '' <Latency = 0> <II = 1> <Delay = 1.00> <Generic> <Opcode : >
ST_7 : Operation 62 [1/2] (1.60ns)   --->   "%tmp_41_1_1 = call fastcc i1 @segmentIntersectsGri(float %edge_p1_x_read, float %edge_p1_y_read, float %edge_p1_z_read, float %edge_p2_x_read, float %edge_p2_y_read, float %edge_p2_z_read, float 1.000000e+00, float 1.000000e+00, float %grid_z)" [src/honeybee.c:161]   --->   Operation 62 'call' 'tmp_41_1_1' <Predicate = true> <Delay = 1.60> <CoreType = "Generic">   --->   Core 0 '' <Latency = 0> <II = 1> <Delay = 1.00> <Generic> <Opcode : >
ST_7 : Operation 63 [1/2] (1.60ns)   --->   "%tmp_41_1_2 = call fastcc i1 @segmentIntersectsGri(float %edge_p1_x_read, float %edge_p1_y_read, float %edge_p1_z_read, float %edge_p2_x_read, float %edge_p2_y_read, float %edge_p2_z_read, float 2.000000e+00, float 1.000000e+00, float %grid_z)" [src/honeybee.c:161]   --->   Operation 63 'call' 'tmp_41_1_2' <Predicate = true> <Delay = 1.60> <CoreType = "Generic">   --->   Core 0 '' <Latency = 0> <II = 1> <Delay = 1.00> <Generic> <Opcode : >
ST_7 : Operation 64 [1/2] (1.60ns)   --->   "%tmp_41_1_3 = call fastcc i1 @segmentIntersectsGri(float %edge_p1_x_read, float %edge_p1_y_read, float %edge_p1_z_read, float %edge_p2_x_read, float %edge_p2_y_read, float %edge_p2_z_read, float 3.000000e+00, float 1.000000e+00, float %grid_z)" [src/honeybee.c:161]   --->   Operation 64 'call' 'tmp_41_1_3' <Predicate = true> <Delay = 1.60> <CoreType = "Generic">   --->   Core 0 '' <Latency = 0> <II = 1> <Delay = 1.00> <Generic> <Opcode : >
ST_7 : Operation 65 [1/2] (1.60ns)   --->   "%tmp_41_2 = call fastcc i1 @segmentIntersectsGri(float %edge_p1_x_read, float %edge_p1_y_read, float %edge_p1_z_read, float %edge_p2_x_read, float %edge_p2_y_read, float %edge_p2_z_read, float 0.000000e+00, float 2.000000e+00, float %grid_z)" [src/honeybee.c:161]   --->   Operation 65 'call' 'tmp_41_2' <Predicate = true> <Delay = 1.60> <CoreType = "Generic">   --->   Core 0 '' <Latency = 0> <II = 1> <Delay = 1.00> <Generic> <Opcode : >
ST_7 : Operation 66 [1/2] (1.60ns)   --->   "%tmp_41_2_1 = call fastcc i1 @segmentIntersectsGri(float %edge_p1_x_read, float %edge_p1_y_read, float %edge_p1_z_read, float %edge_p2_x_read, float %edge_p2_y_read, float %edge_p2_z_read, float 1.000000e+00, float 2.000000e+00, float %grid_z)" [src/honeybee.c:161]   --->   Operation 66 'call' 'tmp_41_2_1' <Predicate = true> <Delay = 1.60> <CoreType = "Generic">   --->   Core 0 '' <Latency = 0> <II = 1> <Delay = 1.00> <Generic> <Opcode : >
ST_7 : Operation 67 [1/2] (1.60ns)   --->   "%tmp_41_2_2 = call fastcc i1 @segmentIntersectsGri(float %edge_p1_x_read, float %edge_p1_y_read, float %edge_p1_z_read, float %edge_p2_x_read, float %edge_p2_y_read, float %edge_p2_z_read, float 2.000000e+00, float 2.000000e+00, float %grid_z)" [src/honeybee.c:161]   --->   Operation 67 'call' 'tmp_41_2_2' <Predicate = true> <Delay = 1.60> <CoreType = "Generic">   --->   Core 0 '' <Latency = 0> <II = 1> <Delay = 1.00> <Generic> <Opcode : >
ST_7 : Operation 68 [1/2] (1.60ns)   --->   "%tmp_41_2_3 = call fastcc i1 @segmentIntersectsGri(float %edge_p1_x_read, float %edge_p1_y_read, float %edge_p1_z_read, float %edge_p2_x_read, float %edge_p2_y_read, float %edge_p2_z_read, float 3.000000e+00, float 2.000000e+00, float %grid_z)" [src/honeybee.c:161]   --->   Operation 68 'call' 'tmp_41_2_3' <Predicate = true> <Delay = 1.60> <CoreType = "Generic">   --->   Core 0 '' <Latency = 0> <II = 1> <Delay = 1.00> <Generic> <Opcode : >
ST_7 : Operation 69 [1/2] (1.60ns)   --->   "%tmp_41_3 = call fastcc i1 @segmentIntersectsGri(float %edge_p1_x_read, float %edge_p1_y_read, float %edge_p1_z_read, float %edge_p2_x_read, float %edge_p2_y_read, float %edge_p2_z_read, float 0.000000e+00, float 3.000000e+00, float %grid_z)" [src/honeybee.c:161]   --->   Operation 69 'call' 'tmp_41_3' <Predicate = true> <Delay = 1.60> <CoreType = "Generic">   --->   Core 0 '' <Latency = 0> <II = 1> <Delay = 1.00> <Generic> <Opcode : >
ST_7 : Operation 70 [1/2] (1.60ns)   --->   "%tmp_41_3_1 = call fastcc i1 @segmentIntersectsGri(float %edge_p1_x_read, float %edge_p1_y_read, float %edge_p1_z_read, float %edge_p2_x_read, float %edge_p2_y_read, float %edge_p2_z_read, float 1.000000e+00, float 3.000000e+00, float %grid_z)" [src/honeybee.c:161]   --->   Operation 70 'call' 'tmp_41_3_1' <Predicate = true> <Delay = 1.60> <CoreType = "Generic">   --->   Core 0 '' <Latency = 0> <II = 1> <Delay = 1.00> <Generic> <Opcode : >
ST_7 : Operation 71 [1/2] (1.60ns)   --->   "%tmp_41_3_2 = call fastcc i1 @segmentIntersectsGri(float %edge_p1_x_read, float %edge_p1_y_read, float %edge_p1_z_read, float %edge_p2_x_read, float %edge_p2_y_read, float %edge_p2_z_read, float 2.000000e+00, float 3.000000e+00, float %grid_z)" [src/honeybee.c:161]   --->   Operation 71 'call' 'tmp_41_3_2' <Predicate = true> <Delay = 1.60> <CoreType = "Generic">   --->   Core 0 '' <Latency = 0> <II = 1> <Delay = 1.00> <Generic> <Opcode : >
ST_7 : Operation 72 [1/2] (1.60ns)   --->   "%tmp_41_3_3 = call fastcc i1 @segmentIntersectsGri(float %edge_p1_x_read, float %edge_p1_y_read, float %edge_p1_z_read, float %edge_p2_x_read, float %edge_p2_y_read, float %edge_p2_z_read, float 3.000000e+00, float 3.000000e+00, float %grid_z)" [src/honeybee.c:161]   --->   Operation 72 'call' 'tmp_41_3_3' <Predicate = true> <Delay = 1.60> <CoreType = "Generic">   --->   Core 0 '' <Latency = 0> <II = 1> <Delay = 1.00> <Generic> <Opcode : >

State 8 <SV = 7> <Delay = 8.18>
ST_8 : Operation 73 [1/1] (0.00ns)   --->   "call void (...)* @_ssdm_op_SpecLoopName([16 x i8]* @p_str) nounwind" [src/honeybee.c:155]   --->   Operation 73 'specloopname' <Predicate = true> <Delay = 0.00>
ST_8 : Operation 74 [1/1] (1.31ns)   --->   "%b = add i7 16, %b_0" [src/honeybee.c:164]   --->   Operation 74 'add' 'b' <Predicate = true> <Delay = 1.31> <Core = "AddSub">   --->   Core 14 'AddSub' <Latency = 0> <II = 1> <Delay = 1.28> <FuncUnit> <Opcode : 'add' 'sub'> <InPorts = 2> <OutPorts = 1>
ST_8 : Operation 75 [1/1] (0.00ns)   --->   "%or_ln164 = or i6 %trunc_ln155, 4" [src/honeybee.c:164]   --->   Operation 75 'or' 'or_ln164' <Predicate = true> <Delay = 0.00>
ST_8 : Operation 76 [1/1] (0.00ns)   --->   "%zext_ln164 = zext i6 %or_ln164 to i7" [src/honeybee.c:164]   --->   Operation 76 'zext' 'zext_ln164' <Predicate = true> <Delay = 0.00>
ST_8 : Operation 77 [1/1] (0.00ns) (grouped into LUT with out node or_ln161_6)   --->   "%zext_ln164_1 = zext i6 %or_ln164 to i32" [src/honeybee.c:164]   --->   Operation 77 'zext' 'zext_ln164_1' <Predicate = (tmp_41_1)> <Delay = 0.00>
ST_8 : Operation 78 [1/1] (0.00ns) (grouped into LUT with out node or_ln161_2)   --->   "%zext_ln155_1 = zext i7 %b_0 to i32" [src/honeybee.c:155]   --->   Operation 78 'zext' 'zext_ln155_1' <Predicate = (tmp_s)> <Delay = 0.00>
ST_8 : Operation 79 [1/1] (0.00ns) (grouped into LUT with out node or_ln161_2)   --->   "%shl_ln162 = shl i32 1, %zext_ln155_1" [src/honeybee.c:162]   --->   Operation 79 'shl' 'shl_ln162' <Predicate = (tmp_s)> <Delay = 0.00> <Core = "Shift">   --->   Core 28 'Shift' <Latency = 0> <II = 1> <Delay = 2.41> <FuncUnit> <Opcode : 'shl' 'lshr' 'ashr'> <InPorts = 2> <OutPorts = 1>
ST_8 : Operation 80 [1/1] (0.00ns) (grouped into LUT with out node or_ln161_2)   --->   "%select_ln161 = select i1 %tmp_s, i32 %shl_ln162, i32 0" [src/honeybee.c:161]   --->   Operation 80 'select' 'select_ln161' <Predicate = true> <Delay = 0.00> <Core = "Sel">   --->   Core 26 'Sel' <Latency = 0> <II = 1> <Delay = 0.70> <FuncUnit> <Opcode : 'select'> <InPorts = 3> <OutPorts = 1>
ST_8 : Operation 81 [1/1] (0.00ns) (grouped into LUT with out node or_ln161_2)   --->   "%zext_ln164_3 = zext i6 %or_ln164_1 to i32" [src/honeybee.c:164]   --->   Operation 81 'zext' 'zext_ln164_3' <Predicate = (tmp_41_0_1)> <Delay = 0.00>
ST_8 : Operation 82 [1/1] (0.00ns) (grouped into LUT with out node or_ln161_2)   --->   "%shl_ln162_1 = shl i32 1, %zext_ln164_3" [src/honeybee.c:162]   --->   Operation 82 'shl' 'shl_ln162_1' <Predicate = (tmp_41_0_1)> <Delay = 0.00> <Core = "Shift">   --->   Core 28 'Shift' <Latency = 0> <II = 1> <Delay = 2.41> <FuncUnit> <Opcode : 'shl' 'lshr' 'ashr'> <InPorts = 2> <OutPorts = 1>
ST_8 : Operation 83 [1/1] (0.00ns) (grouped into LUT with out node or_ln161_2)   --->   "%select_ln161_1 = select i1 %tmp_41_0_1, i32 %shl_ln162_1, i32 0" [src/honeybee.c:161]   --->   Operation 83 'select' 'select_ln161_1' <Predicate = true> <Delay = 0.00> <Core = "Sel">   --->   Core 26 'Sel' <Latency = 0> <II = 1> <Delay = 0.70> <FuncUnit> <Opcode : 'select'> <InPorts = 3> <OutPorts = 1>
ST_8 : Operation 84 [1/1] (0.00ns) (grouped into LUT with out node or_ln161_1)   --->   "%zext_ln164_4 = zext i7 %add_ln164 to i32" [src/honeybee.c:164]   --->   Operation 84 'zext' 'zext_ln164_4' <Predicate = (tmp_41_0_2)> <Delay = 0.00>
ST_8 : Operation 85 [1/1] (0.00ns) (grouped into LUT with out node or_ln161_1)   --->   "%shl_ln162_2 = shl i32 1, %zext_ln164_4" [src/honeybee.c:162]   --->   Operation 85 'shl' 'shl_ln162_2' <Predicate = (tmp_41_0_2)> <Delay = 0.00> <Core = "Shift">   --->   Core 28 'Shift' <Latency = 0> <II = 1> <Delay = 2.41> <FuncUnit> <Opcode : 'shl' 'lshr' 'ashr'> <InPorts = 2> <OutPorts = 1>
ST_8 : Operation 86 [1/1] (0.00ns) (grouped into LUT with out node or_ln161_1)   --->   "%select_ln161_2 = select i1 %tmp_41_0_2, i32 %shl_ln162_2, i32 0" [src/honeybee.c:161]   --->   Operation 86 'select' 'select_ln161_2' <Predicate = true> <Delay = 0.00> <Core = "Sel">   --->   Core 26 'Sel' <Latency = 0> <II = 1> <Delay = 0.70> <FuncUnit> <Opcode : 'select'> <InPorts = 3> <OutPorts = 1>
ST_8 : Operation 87 [1/1] (0.00ns) (grouped into LUT with out node or_ln161_1)   --->   "%or_ln164_2 = or i6 %trunc_ln155, 3" [src/honeybee.c:164]   --->   Operation 87 'or' 'or_ln164_2' <Predicate = (tmp_41_0_3)> <Delay = 0.00>
ST_8 : Operation 88 [1/1] (0.00ns) (grouped into LUT with out node or_ln161_1)   --->   "%zext_ln164_5 = zext i6 %or_ln164_2 to i32" [src/honeybee.c:164]   --->   Operation 88 'zext' 'zext_ln164_5' <Predicate = (tmp_41_0_3)> <Delay = 0.00>
ST_8 : Operation 89 [1/1] (0.00ns) (grouped into LUT with out node or_ln161_1)   --->   "%shl_ln162_3 = shl i32 1, %zext_ln164_5" [src/honeybee.c:162]   --->   Operation 89 'shl' 'shl_ln162_3' <Predicate = (tmp_41_0_3)> <Delay = 0.00> <Core = "Shift">   --->   Core 28 'Shift' <Latency = 0> <II = 1> <Delay = 2.41> <FuncUnit> <Opcode : 'shl' 'lshr' 'ashr'> <InPorts = 2> <OutPorts = 1>
ST_8 : Operation 90 [1/1] (0.00ns) (grouped into LUT with out node or_ln161_1)   --->   "%select_ln161_3 = select i1 %tmp_41_0_3, i32 %shl_ln162_3, i32 0" [src/honeybee.c:161]   --->   Operation 90 'select' 'select_ln161_3' <Predicate = true> <Delay = 0.00> <Core = "Sel">   --->   Core 26 'Sel' <Latency = 0> <II = 1> <Delay = 0.70> <FuncUnit> <Opcode : 'select'> <InPorts = 3> <OutPorts = 1>
ST_8 : Operation 91 [1/1] (1.28ns)   --->   "%add_ln164_1 = add i7 4, %zext_ln164" [src/honeybee.c:164]   --->   Operation 91 'add' 'add_ln164_1' <Predicate = (tmp_41_2)> <Delay = 1.28> <Core = "AddSub">   --->   Core 14 'AddSub' <Latency = 0> <II = 1> <Delay = 1.28> <FuncUnit> <Opcode : 'add' 'sub'> <InPorts = 2> <OutPorts = 1>
ST_8 : Operation 92 [1/1] (0.00ns) (grouped into LUT with out node or_ln161_7)   --->   "%zext_ln164_6 = zext i7 %add_ln164_1 to i32" [src/honeybee.c:164]   --->   Operation 92 'zext' 'zext_ln164_6' <Predicate = (tmp_41_2)> <Delay = 0.00>
ST_8 : Operation 93 [1/1] (0.00ns) (grouped into LUT with out node or_ln161_6)   --->   "%shl_ln162_4 = shl i32 1, %zext_ln164_1" [src/honeybee.c:162]   --->   Operation 93 'shl' 'shl_ln162_4' <Predicate = (tmp_41_1)> <Delay = 0.00> <Core = "Shift">   --->   Core 28 'Shift' <Latency = 0> <II = 1> <Delay = 2.41> <FuncUnit> <Opcode : 'shl' 'lshr' 'ashr'> <InPorts = 2> <OutPorts = 1>
ST_8 : Operation 94 [1/1] (0.00ns) (grouped into LUT with out node or_ln161_6)   --->   "%select_ln161_4 = select i1 %tmp_41_1, i32 %shl_ln162_4, i32 0" [src/honeybee.c:161]   --->   Operation 94 'select' 'select_ln161_4' <Predicate = true> <Delay = 0.00> <Core = "Sel">   --->   Core 26 'Sel' <Latency = 0> <II = 1> <Delay = 0.70> <FuncUnit> <Opcode : 'select'> <InPorts = 3> <OutPorts = 1>
ST_8 : Operation 95 [1/1] (0.00ns)   --->   "%or_ln164_3 = or i6 %trunc_ln155, 5" [src/honeybee.c:164]   --->   Operation 95 'or' 'or_ln164_3' <Predicate = true> <Delay = 0.00>
ST_8 : Operation 96 [1/1] (0.00ns)   --->   "%zext_ln164_7 = zext i6 %or_ln164_3 to i7" [src/honeybee.c:164]   --->   Operation 96 'zext' 'zext_ln164_7' <Predicate = (tmp_41_1_2)> <Delay = 0.00>
ST_8 : Operation 97 [1/1] (0.00ns) (grouped into LUT with out node or_ln161_6)   --->   "%zext_ln164_8 = zext i6 %or_ln164_3 to i32" [src/honeybee.c:164]   --->   Operation 97 'zext' 'zext_ln164_8' <Predicate = (tmp_41_1_1)> <Delay = 0.00>
ST_8 : Operation 98 [1/1] (0.00ns) (grouped into LUT with out node or_ln161_6)   --->   "%shl_ln162_5 = shl i32 1, %zext_ln164_8" [src/honeybee.c:162]   --->   Operation 98 'shl' 'shl_ln162_5' <Predicate = (tmp_41_1_1)> <Delay = 0.00> <Core = "Shift">   --->   Core 28 'Shift' <Latency = 0> <II = 1> <Delay = 2.41> <FuncUnit> <Opcode : 'shl' 'lshr' 'ashr'> <InPorts = 2> <OutPorts = 1>
ST_8 : Operation 99 [1/1] (0.00ns) (grouped into LUT with out node or_ln161_6)   --->   "%select_ln161_5 = select i1 %tmp_41_1_1, i32 %shl_ln162_5, i32 0" [src/honeybee.c:161]   --->   Operation 99 'select' 'select_ln161_5' <Predicate = true> <Delay = 0.00> <Core = "Sel">   --->   Core 26 'Sel' <Latency = 0> <II = 1> <Delay = 0.70> <FuncUnit> <Opcode : 'select'> <InPorts = 3> <OutPorts = 1>
ST_8 : Operation 100 [1/1] (1.28ns)   --->   "%add_ln164_2 = add i7 1, %zext_ln164_7" [src/honeybee.c:164]   --->   Operation 100 'add' 'add_ln164_2' <Predicate = (tmp_41_1_2)> <Delay = 1.28> <Core = "AddSub">   --->   Core 14 'AddSub' <Latency = 0> <II = 1> <Delay = 1.28> <FuncUnit> <Opcode : 'add' 'sub'> <InPorts = 2> <OutPorts = 1>
ST_8 : Operation 101 [1/1] (0.00ns) (grouped into LUT with out node or_ln161_4)   --->   "%zext_ln164_9 = zext i7 %add_ln164_2 to i32" [src/honeybee.c:164]   --->   Operation 101 'zext' 'zext_ln164_9' <Predicate = (tmp_41_1_2)> <Delay = 0.00>
ST_8 : Operation 102 [1/1] (0.00ns) (grouped into LUT with out node or_ln161_4)   --->   "%shl_ln162_6 = shl i32 1, %zext_ln164_9" [src/honeybee.c:162]   --->   Operation 102 'shl' 'shl_ln162_6' <Predicate = (tmp_41_1_2)> <Delay = 0.00> <Core = "Shift">   --->   Core 28 'Shift' <Latency = 0> <II = 1> <Delay = 2.41> <FuncUnit> <Opcode : 'shl' 'lshr' 'ashr'> <InPorts = 2> <OutPorts = 1>
ST_8 : Operation 103 [1/1] (0.00ns) (grouped into LUT with out node or_ln161_4)   --->   "%select_ln161_6 = select i1 %tmp_41_1_2, i32 %shl_ln162_6, i32 0" [src/honeybee.c:161]   --->   Operation 103 'select' 'select_ln161_6' <Predicate = true> <Delay = 0.00> <Core = "Sel">   --->   Core 26 'Sel' <Latency = 0> <II = 1> <Delay = 0.70> <FuncUnit> <Opcode : 'select'> <InPorts = 3> <OutPorts = 1>
ST_8 : Operation 104 [1/1] (0.00ns) (grouped into LUT with out node or_ln161_4)   --->   "%or_ln164_4 = or i6 %trunc_ln155, 7" [src/honeybee.c:164]   --->   Operation 104 'or' 'or_ln164_4' <Predicate = (tmp_41_1_3)> <Delay = 0.00>
ST_8 : Operation 105 [1/1] (0.00ns) (grouped into LUT with out node or_ln161_4)   --->   "%zext_ln164_10 = zext i6 %or_ln164_4 to i32" [src/honeybee.c:164]   --->   Operation 105 'zext' 'zext_ln164_10' <Predicate = (tmp_41_1_3)> <Delay = 0.00>
ST_8 : Operation 106 [1/1] (0.00ns) (grouped into LUT with out node or_ln161_4)   --->   "%shl_ln162_7 = shl i32 1, %zext_ln164_10" [src/honeybee.c:162]   --->   Operation 106 'shl' 'shl_ln162_7' <Predicate = (tmp_41_1_3)> <Delay = 0.00> <Core = "Shift">   --->   Core 28 'Shift' <Latency = 0> <II = 1> <Delay = 2.41> <FuncUnit> <Opcode : 'shl' 'lshr' 'ashr'> <InPorts = 2> <OutPorts = 1>
ST_8 : Operation 107 [1/1] (0.00ns) (grouped into LUT with out node or_ln161_4)   --->   "%select_ln161_7 = select i1 %tmp_41_1_3, i32 %shl_ln162_7, i32 0" [src/honeybee.c:161]   --->   Operation 107 'select' 'select_ln161_7' <Predicate = true> <Delay = 0.00> <Core = "Sel">   --->   Core 26 'Sel' <Latency = 0> <II = 1> <Delay = 0.70> <FuncUnit> <Opcode : 'select'> <InPorts = 3> <OutPorts = 1>
ST_8 : Operation 108 [1/1] (0.00ns) (grouped into LUT with out node or_ln161_10)   --->   "%or_ln164_5 = or i6 %trunc_ln155, 12" [src/honeybee.c:164]   --->   Operation 108 'or' 'or_ln164_5' <Predicate = (tmp_41_3)> <Delay = 0.00>
ST_8 : Operation 109 [1/1] (0.00ns) (grouped into LUT with out node or_ln161_10)   --->   "%zext_ln164_11 = zext i6 %or_ln164_5 to i32" [src/honeybee.c:164]   --->   Operation 109 'zext' 'zext_ln164_11' <Predicate = (tmp_41_3)> <Delay = 0.00>
ST_8 : Operation 110 [1/1] (0.00ns) (grouped into LUT with out node or_ln161_7)   --->   "%shl_ln162_8 = shl i32 1, %zext_ln164_6" [src/honeybee.c:162]   --->   Operation 110 'shl' 'shl_ln162_8' <Predicate = (tmp_41_2)> <Delay = 0.00> <Core = "Shift">   --->   Core 28 'Shift' <Latency = 0> <II = 1> <Delay = 2.41> <FuncUnit> <Opcode : 'shl' 'lshr' 'ashr'> <InPorts = 2> <OutPorts = 1>
ST_8 : Operation 111 [1/1] (0.00ns) (grouped into LUT with out node or_ln161_7)   --->   "%select_ln161_8 = select i1 %tmp_41_2, i32 %shl_ln162_8, i32 0" [src/honeybee.c:161]   --->   Operation 111 'select' 'select_ln161_8' <Predicate = true> <Delay = 0.00> <Core = "Sel">   --->   Core 26 'Sel' <Latency = 0> <II = 1> <Delay = 0.70> <FuncUnit> <Opcode : 'select'> <InPorts = 3> <OutPorts = 1>
ST_8 : Operation 112 [1/1] (1.28ns)   --->   "%add_ln164_3 = add i7 5, %zext_ln164" [src/honeybee.c:164]   --->   Operation 112 'add' 'add_ln164_3' <Predicate = (tmp_41_2_1)> <Delay = 1.28> <Core = "AddSub">   --->   Core 14 'AddSub' <Latency = 0> <II = 1> <Delay = 1.28> <FuncUnit> <Opcode : 'add' 'sub'> <InPorts = 2> <OutPorts = 1>
ST_8 : Operation 113 [1/1] (0.00ns) (grouped into LUT with out node or_ln161_7)   --->   "%zext_ln164_12 = zext i7 %add_ln164_3 to i32" [src/honeybee.c:164]   --->   Operation 113 'zext' 'zext_ln164_12' <Predicate = (tmp_41_2_1)> <Delay = 0.00>
ST_8 : Operation 114 [1/1] (0.00ns) (grouped into LUT with out node or_ln161_7)   --->   "%shl_ln162_9 = shl i32 1, %zext_ln164_12" [src/honeybee.c:162]   --->   Operation 114 'shl' 'shl_ln162_9' <Predicate = (tmp_41_2_1)> <Delay = 0.00> <Core = "Shift">   --->   Core 28 'Shift' <Latency = 0> <II = 1> <Delay = 2.41> <FuncUnit> <Opcode : 'shl' 'lshr' 'ashr'> <InPorts = 2> <OutPorts = 1>
ST_8 : Operation 115 [1/1] (0.00ns) (grouped into LUT with out node or_ln161_7)   --->   "%select_ln161_9 = select i1 %tmp_41_2_1, i32 %shl_ln162_9, i32 0" [src/honeybee.c:161]   --->   Operation 115 'select' 'select_ln161_9' <Predicate = true> <Delay = 0.00> <Core = "Sel">   --->   Core 26 'Sel' <Latency = 0> <II = 1> <Delay = 0.70> <FuncUnit> <Opcode : 'select'> <InPorts = 3> <OutPorts = 1>
ST_8 : Operation 116 [1/1] (1.28ns)   --->   "%add_ln164_4 = add i7 6, %zext_ln164" [src/honeybee.c:164]   --->   Operation 116 'add' 'add_ln164_4' <Predicate = (tmp_41_2_2)> <Delay = 1.28> <Core = "AddSub">   --->   Core 14 'AddSub' <Latency = 0> <II = 1> <Delay = 1.28> <FuncUnit> <Opcode : 'add' 'sub'> <InPorts = 2> <OutPorts = 1>
ST_8 : Operation 117 [1/1] (0.00ns) (grouped into LUT with out node or_ln161_13)   --->   "%zext_ln164_13 = zext i7 %add_ln164_4 to i32" [src/honeybee.c:164]   --->   Operation 117 'zext' 'zext_ln164_13' <Predicate = (tmp_41_2_2)> <Delay = 0.00>
ST_8 : Operation 118 [1/1] (0.00ns) (grouped into LUT with out node or_ln161_13)   --->   "%shl_ln162_10 = shl i32 1, %zext_ln164_13" [src/honeybee.c:162]   --->   Operation 118 'shl' 'shl_ln162_10' <Predicate = (tmp_41_2_2)> <Delay = 0.00> <Core = "Shift">   --->   Core 28 'Shift' <Latency = 0> <II = 1> <Delay = 2.41> <FuncUnit> <Opcode : 'shl' 'lshr' 'ashr'> <InPorts = 2> <OutPorts = 1>
ST_8 : Operation 119 [1/1] (0.00ns) (grouped into LUT with out node or_ln161_13)   --->   "%select_ln161_10 = select i1 %tmp_41_2_2, i32 %shl_ln162_10, i32 0" [src/honeybee.c:161]   --->   Operation 119 'select' 'select_ln161_10' <Predicate = true> <Delay = 0.00> <Core = "Sel">   --->   Core 26 'Sel' <Latency = 0> <II = 1> <Delay = 0.70> <FuncUnit> <Opcode : 'select'> <InPorts = 3> <OutPorts = 1>
ST_8 : Operation 120 [1/1] (1.28ns)   --->   "%add_ln164_5 = add i7 7, %zext_ln164" [src/honeybee.c:164]   --->   Operation 120 'add' 'add_ln164_5' <Predicate = (tmp_41_2_3)> <Delay = 1.28> <Core = "AddSub">   --->   Core 14 'AddSub' <Latency = 0> <II = 1> <Delay = 1.28> <FuncUnit> <Opcode : 'add' 'sub'> <InPorts = 2> <OutPorts = 1>
ST_8 : Operation 121 [1/1] (0.00ns) (grouped into LUT with out node or_ln161_13)   --->   "%zext_ln164_14 = zext i7 %add_ln164_5 to i32" [src/honeybee.c:164]   --->   Operation 121 'zext' 'zext_ln164_14' <Predicate = (tmp_41_2_3)> <Delay = 0.00>
ST_8 : Operation 122 [1/1] (0.00ns) (grouped into LUT with out node or_ln161_13)   --->   "%shl_ln162_11 = shl i32 1, %zext_ln164_14" [src/honeybee.c:162]   --->   Operation 122 'shl' 'shl_ln162_11' <Predicate = (tmp_41_2_3)> <Delay = 0.00> <Core = "Shift">   --->   Core 28 'Shift' <Latency = 0> <II = 1> <Delay = 2.41> <FuncUnit> <Opcode : 'shl' 'lshr' 'ashr'> <InPorts = 2> <OutPorts = 1>
ST_8 : Operation 123 [1/1] (0.00ns) (grouped into LUT with out node or_ln161_13)   --->   "%select_ln161_11 = select i1 %tmp_41_2_3, i32 %shl_ln162_11, i32 0" [src/honeybee.c:161]   --->   Operation 123 'select' 'select_ln161_11' <Predicate = true> <Delay = 0.00> <Core = "Sel">   --->   Core 26 'Sel' <Latency = 0> <II = 1> <Delay = 0.70> <FuncUnit> <Opcode : 'select'> <InPorts = 3> <OutPorts = 1>
ST_8 : Operation 124 [1/1] (0.00ns) (grouped into LUT with out node or_ln161_10)   --->   "%shl_ln162_12 = shl i32 1, %zext_ln164_11" [src/honeybee.c:162]   --->   Operation 124 'shl' 'shl_ln162_12' <Predicate = (tmp_41_3)> <Delay = 0.00> <Core = "Shift">   --->   Core 28 'Shift' <Latency = 0> <II = 1> <Delay = 2.41> <FuncUnit> <Opcode : 'shl' 'lshr' 'ashr'> <InPorts = 2> <OutPorts = 1>
ST_8 : Operation 125 [1/1] (0.00ns) (grouped into LUT with out node or_ln161_10)   --->   "%select_ln161_12 = select i1 %tmp_41_3, i32 %shl_ln162_12, i32 0" [src/honeybee.c:161]   --->   Operation 125 'select' 'select_ln161_12' <Predicate = true> <Delay = 0.00> <Core = "Sel">   --->   Core 26 'Sel' <Latency = 0> <II = 1> <Delay = 0.70> <FuncUnit> <Opcode : 'select'> <InPorts = 3> <OutPorts = 1>
ST_8 : Operation 126 [1/1] (0.00ns)   --->   "%or_ln164_6 = or i6 %trunc_ln155, 13" [src/honeybee.c:164]   --->   Operation 126 'or' 'or_ln164_6' <Predicate = true> <Delay = 0.00>
ST_8 : Operation 127 [1/1] (0.00ns)   --->   "%zext_ln164_15 = zext i6 %or_ln164_6 to i7" [src/honeybee.c:164]   --->   Operation 127 'zext' 'zext_ln164_15' <Predicate = (tmp_41_3_2)> <Delay = 0.00>
ST_8 : Operation 128 [1/1] (0.00ns) (grouped into LUT with out node or_ln161_10)   --->   "%zext_ln164_16 = zext i6 %or_ln164_6 to i32" [src/honeybee.c:164]   --->   Operation 128 'zext' 'zext_ln164_16' <Predicate = (tmp_41_3_1)> <Delay = 0.00>
ST_8 : Operation 129 [1/1] (0.00ns) (grouped into LUT with out node or_ln161_10)   --->   "%shl_ln162_13 = shl i32 1, %zext_ln164_16" [src/honeybee.c:162]   --->   Operation 129 'shl' 'shl_ln162_13' <Predicate = (tmp_41_3_1)> <Delay = 0.00> <Core = "Shift">   --->   Core 28 'Shift' <Latency = 0> <II = 1> <Delay = 2.41> <FuncUnit> <Opcode : 'shl' 'lshr' 'ashr'> <InPorts = 2> <OutPorts = 1>
ST_8 : Operation 130 [1/1] (0.00ns) (grouped into LUT with out node or_ln161_10)   --->   "%select_ln161_13 = select i1 %tmp_41_3_1, i32 %shl_ln162_13, i32 0" [src/honeybee.c:161]   --->   Operation 130 'select' 'select_ln161_13' <Predicate = true> <Delay = 0.00> <Core = "Sel">   --->   Core 26 'Sel' <Latency = 0> <II = 1> <Delay = 0.70> <FuncUnit> <Opcode : 'select'> <InPorts = 3> <OutPorts = 1>
ST_8 : Operation 131 [1/1] (1.28ns)   --->   "%add_ln164_6 = add i7 1, %zext_ln164_15" [src/honeybee.c:164]   --->   Operation 131 'add' 'add_ln164_6' <Predicate = (tmp_41_3_2)> <Delay = 1.28> <Core = "AddSub">   --->   Core 14 'AddSub' <Latency = 0> <II = 1> <Delay = 1.28> <FuncUnit> <Opcode : 'add' 'sub'> <InPorts = 2> <OutPorts = 1>
ST_8 : Operation 132 [1/1] (0.00ns) (grouped into LUT with out node or_ln161_12)   --->   "%zext_ln164_17 = zext i7 %add_ln164_6 to i32" [src/honeybee.c:164]   --->   Operation 132 'zext' 'zext_ln164_17' <Predicate = (tmp_41_3_2)> <Delay = 0.00>
ST_8 : Operation 133 [1/1] (0.00ns) (grouped into LUT with out node or_ln161_12)   --->   "%shl_ln162_14 = shl i32 1, %zext_ln164_17" [src/honeybee.c:162]   --->   Operation 133 'shl' 'shl_ln162_14' <Predicate = (tmp_41_3_2)> <Delay = 0.00> <Core = "Shift">   --->   Core 28 'Shift' <Latency = 0> <II = 1> <Delay = 2.41> <FuncUnit> <Opcode : 'shl' 'lshr' 'ashr'> <InPorts = 2> <OutPorts = 1>
ST_8 : Operation 134 [1/1] (0.00ns) (grouped into LUT with out node or_ln161_12)   --->   "%select_ln161_14 = select i1 %tmp_41_3_2, i32 %shl_ln162_14, i32 0" [src/honeybee.c:161]   --->   Operation 134 'select' 'select_ln161_14' <Predicate = true> <Delay = 0.00> <Core = "Sel">   --->   Core 26 'Sel' <Latency = 0> <II = 1> <Delay = 0.70> <FuncUnit> <Opcode : 'select'> <InPorts = 3> <OutPorts = 1>
ST_8 : Operation 135 [1/1] (0.00ns) (grouped into LUT with out node or_ln161_12)   --->   "%or_ln164_7 = or i6 %trunc_ln155, 15" [src/honeybee.c:164]   --->   Operation 135 'or' 'or_ln164_7' <Predicate = (tmp_41_3_3)> <Delay = 0.00>
ST_8 : Operation 136 [1/1] (0.00ns) (grouped into LUT with out node or_ln161_12)   --->   "%zext_ln164_18 = zext i6 %or_ln164_7 to i32" [src/honeybee.c:164]   --->   Operation 136 'zext' 'zext_ln164_18' <Predicate = (tmp_41_3_3)> <Delay = 0.00>
ST_8 : Operation 137 [1/1] (0.00ns) (grouped into LUT with out node or_ln161_12)   --->   "%shl_ln162_15 = shl i32 1, %zext_ln164_18" [src/honeybee.c:162]   --->   Operation 137 'shl' 'shl_ln162_15' <Predicate = (tmp_41_3_3)> <Delay = 0.00> <Core = "Shift">   --->   Core 28 'Shift' <Latency = 0> <II = 1> <Delay = 2.41> <FuncUnit> <Opcode : 'shl' 'lshr' 'ashr'> <InPorts = 2> <OutPorts = 1>
ST_8 : Operation 138 [1/1] (0.00ns) (grouped into LUT with out node or_ln161_12)   --->   "%select_ln161_15 = select i1 %tmp_41_3_3, i32 %shl_ln162_15, i32 0" [src/honeybee.c:161]   --->   Operation 138 'select' 'select_ln161_15' <Predicate = true> <Delay = 0.00> <Core = "Sel">   --->   Core 26 'Sel' <Latency = 0> <II = 1> <Delay = 0.70> <FuncUnit> <Opcode : 'select'> <InPorts = 3> <OutPorts = 1>
ST_8 : Operation 139 [1/1] (0.00ns) (grouped into LUT with out node or_ln161_2)   --->   "%or_ln161 = or i32 %select_ln161, %select_ln161_1" [src/honeybee.c:161]   --->   Operation 139 'or' 'or_ln161' <Predicate = true> <Delay = 0.00> <Core = "LogicGate">   --->   Core 27 'LogicGate' <Latency = 0> <II = 1> <Delay = 0.80> <FuncUnit> <Opcode : 'and' 'or' 'xor'> <InPorts = 2> <OutPorts = 1>
ST_8 : Operation 140 [1/1] (2.48ns) (out node of the LUT)   --->   "%or_ln161_1 = or i32 %select_ln161_2, %select_ln161_3" [src/honeybee.c:161]   --->   Operation 140 'or' 'or_ln161_1' <Predicate = true> <Delay = 2.48> <Core = "LogicGate">   --->   Core 27 'LogicGate' <Latency = 0> <II = 1> <Delay = 0.80> <FuncUnit> <Opcode : 'and' 'or' 'xor'> <InPorts = 2> <OutPorts = 1>
ST_8 : Operation 141 [1/1] (2.48ns) (out node of the LUT)   --->   "%or_ln161_2 = or i32 %or_ln161_1, %or_ln161" [src/honeybee.c:161]   --->   Operation 141 'or' 'or_ln161_2' <Predicate = true> <Delay = 2.48> <Core = "LogicGate">   --->   Core 27 'LogicGate' <Latency = 0> <II = 1> <Delay = 0.80> <FuncUnit> <Opcode : 'and' 'or' 'xor'> <InPorts = 2> <OutPorts = 1>
ST_8 : Operation 142 [1/1] (0.00ns) (grouped into LUT with out node or_ln161_6)   --->   "%or_ln161_3 = or i32 %select_ln161_4, %select_ln161_5" [src/honeybee.c:161]   --->   Operation 142 'or' 'or_ln161_3' <Predicate = true> <Delay = 0.00> <Core = "LogicGate">   --->   Core 27 'LogicGate' <Latency = 0> <II = 1> <Delay = 0.80> <FuncUnit> <Opcode : 'and' 'or' 'xor'> <InPorts = 2> <OutPorts = 1>
ST_8 : Operation 143 [1/1] (2.48ns) (out node of the LUT)   --->   "%or_ln161_4 = or i32 %select_ln161_6, %select_ln161_7" [src/honeybee.c:161]   --->   Operation 143 'or' 'or_ln161_4' <Predicate = true> <Delay = 2.48> <Core = "LogicGate">   --->   Core 27 'LogicGate' <Latency = 0> <II = 1> <Delay = 0.80> <FuncUnit> <Opcode : 'and' 'or' 'xor'> <InPorts = 2> <OutPorts = 1>
ST_8 : Operation 144 [1/1] (0.00ns) (grouped into LUT with out node or_ln161_6)   --->   "%or_ln161_5 = or i32 %or_ln161_4, %or_ln161_3" [src/honeybee.c:161]   --->   Operation 144 'or' 'or_ln161_5' <Predicate = true> <Delay = 0.00> <Core = "LogicGate">   --->   Core 27 'LogicGate' <Latency = 0> <II = 1> <Delay = 0.80> <FuncUnit> <Opcode : 'and' 'or' 'xor'> <InPorts = 2> <OutPorts = 1>
ST_8 : Operation 145 [1/1] (2.41ns) (out node of the LUT)   --->   "%or_ln161_6 = or i32 %or_ln161_5, %or_ln161_2" [src/honeybee.c:161]   --->   Operation 145 'or' 'or_ln161_6' <Predicate = true> <Delay = 2.41> <Core = "LogicGate">   --->   Core 27 'LogicGate' <Latency = 0> <II = 1> <Delay = 0.80> <FuncUnit> <Opcode : 'and' 'or' 'xor'> <InPorts = 2> <OutPorts = 1>
ST_8 : Operation 146 [1/1] (2.48ns) (out node of the LUT)   --->   "%or_ln161_7 = or i32 %select_ln161_8, %select_ln161_9" [src/honeybee.c:161]   --->   Operation 146 'or' 'or_ln161_7' <Predicate = true> <Delay = 2.48> <Core = "LogicGate">   --->   Core 27 'LogicGate' <Latency = 0> <II = 1> <Delay = 0.80> <FuncUnit> <Opcode : 'and' 'or' 'xor'> <InPorts = 2> <OutPorts = 1>
ST_8 : Operation 147 [1/1] (0.00ns) (grouped into LUT with out node or_ln161_13)   --->   "%or_ln161_8 = or i32 %select_ln161_10, %select_ln161_11" [src/honeybee.c:161]   --->   Operation 147 'or' 'or_ln161_8' <Predicate = true> <Delay = 0.00> <Core = "LogicGate">   --->   Core 27 'LogicGate' <Latency = 0> <II = 1> <Delay = 0.80> <FuncUnit> <Opcode : 'and' 'or' 'xor'> <InPorts = 2> <OutPorts = 1>
ST_8 : Operation 148 [1/1] (0.00ns) (grouped into LUT with out node or_ln161_13)   --->   "%or_ln161_9 = or i32 %or_ln161_8, %or_ln161_7" [src/honeybee.c:161]   --->   Operation 148 'or' 'or_ln161_9' <Predicate = true> <Delay = 0.00> <Core = "LogicGate">   --->   Core 27 'LogicGate' <Latency = 0> <II = 1> <Delay = 0.80> <FuncUnit> <Opcode : 'and' 'or' 'xor'> <InPorts = 2> <OutPorts = 1>
ST_8 : Operation 149 [1/1] (2.41ns) (out node of the LUT)   --->   "%or_ln161_10 = or i32 %select_ln161_12, %select_ln161_13" [src/honeybee.c:161]   --->   Operation 149 'or' 'or_ln161_10' <Predicate = true> <Delay = 2.41> <Core = "LogicGate">   --->   Core 27 'LogicGate' <Latency = 0> <II = 1> <Delay = 0.80> <FuncUnit> <Opcode : 'and' 'or' 'xor'> <InPorts = 2> <OutPorts = 1>
ST_8 : Operation 150 [1/1] (0.00ns) (grouped into LUT with out node or_ln161_12)   --->   "%or_ln161_11 = or i32 %select_ln161_14, %select_ln161_15" [src/honeybee.c:161]   --->   Operation 150 'or' 'or_ln161_11' <Predicate = true> <Delay = 0.00> <Core = "LogicGate">   --->   Core 27 'LogicGate' <Latency = 0> <II = 1> <Delay = 0.80> <FuncUnit> <Opcode : 'and' 'or' 'xor'> <InPorts = 2> <OutPorts = 1>
ST_8 : Operation 151 [1/1] (2.48ns) (out node of the LUT)   --->   "%or_ln161_12 = or i32 %or_ln161_11, %or_ln161_10" [src/honeybee.c:161]   --->   Operation 151 'or' 'or_ln161_12' <Predicate = true> <Delay = 2.48> <Core = "LogicGate">   --->   Core 27 'LogicGate' <Latency = 0> <II = 1> <Delay = 0.80> <FuncUnit> <Opcode : 'and' 'or' 'xor'> <InPorts = 2> <OutPorts = 1>
ST_8 : Operation 152 [1/1] (2.48ns) (out node of the LUT)   --->   "%or_ln161_13 = or i32 %or_ln161_12, %or_ln161_9" [src/honeybee.c:161]   --->   Operation 152 'or' 'or_ln161_13' <Predicate = true> <Delay = 2.48> <Core = "LogicGate">   --->   Core 27 'LogicGate' <Latency = 0> <II = 1> <Delay = 0.80> <FuncUnit> <Opcode : 'and' 'or' 'xor'> <InPorts = 2> <OutPorts = 1>
ST_8 : Operation 153 [1/1] (0.00ns) (grouped into LUT with out node or_ln161_15)   --->   "%or_ln161_14 = or i32 %or_ln161_13, %or_ln161_6" [src/honeybee.c:161]   --->   Operation 153 'or' 'or_ln161_14' <Predicate = true> <Delay = 0.00> <Core = "LogicGate">   --->   Core 27 'LogicGate' <Latency = 0> <II = 1> <Delay = 0.80> <FuncUnit> <Opcode : 'and' 'or' 'xor'> <InPorts = 2> <OutPorts = 1>
ST_8 : Operation 154 [1/1] (0.00ns) (grouped into LUT with out node or_ln161_15)   --->   "%sext_ln161 = sext i32 %or_ln161_14 to i64" [src/honeybee.c:161]   --->   Operation 154 'sext' 'sext_ln161' <Predicate = true> <Delay = 0.00>
ST_8 : Operation 155 [1/1] (0.80ns) (out node of the LUT)   --->   "%or_ln161_15 = or i64 %collisions_0, %sext_ln161" [src/honeybee.c:161]   --->   Operation 155 'or' 'or_ln161_15' <Predicate = true> <Delay = 0.80> <Core = "LogicGate">   --->   Core 27 'LogicGate' <Latency = 0> <II = 1> <Delay = 0.80> <FuncUnit> <Opcode : 'and' 'or' 'xor'> <InPorts = 2> <OutPorts = 1>
ST_8 : Operation 156 [1/1] (0.00ns)   --->   "br label %1" [src/honeybee.c:155]   --->   Operation 156 'br' <Predicate = true> <Delay = 0.00>


============================================================
+ Verbose Summary: Timing violations
============================================================
Target clock period: 10ns, clock uncertainty: 1.25ns.

 <State 1>: 0.466ns
The critical path consists of the following:
	multiplexor before 'phi' operation ('k') with incoming values : ('k', src/honeybee.c:155) [23]  (0.466 ns)

 <State 2>: 8.08ns
The critical path consists of the following:
	'phi' operation ('k') with incoming values : ('k', src/honeybee.c:155) [23]  (0 ns)
	'sitofp' operation ('grid.z', src/honeybee.c:160) [34]  (8.08 ns)

 <State 3>: 8.08ns
The critical path consists of the following:
	'sitofp' operation ('grid.z', src/honeybee.c:160) [34]  (8.08 ns)

 <State 4>: 8.08ns
The critical path consists of the following:
	'sitofp' operation ('grid.z', src/honeybee.c:160) [34]  (8.08 ns)

 <State 5>: 8.08ns
The critical path consists of the following:
	'sitofp' operation ('grid.z', src/honeybee.c:160) [34]  (8.08 ns)

 <State 6>: 8.75ns
The critical path consists of the following:
	'call' operation ('tmp_s', src/honeybee.c:161) to 'segmentIntersectsGri' [39]  (8.75 ns)

 <State 7>: 1.6ns
The critical path consists of the following:
	'call' operation ('tmp_s', src/honeybee.c:161) to 'segmentIntersectsGri' [39]  (1.6 ns)

 <State 8>: 8.19ns
The critical path consists of the following:
	'shl' operation ('shl_ln162_2', src/honeybee.c:162) [52]  (0 ns)
	'select' operation ('select_ln161_2', src/honeybee.c:161) [53]  (0 ns)
	'or' operation ('or_ln161_1', src/honeybee.c:161) [120]  (2.48 ns)
	'or' operation ('or_ln161_2', src/honeybee.c:161) [121]  (2.48 ns)
	'or' operation ('or_ln161_6', src/honeybee.c:161) [125]  (2.41 ns)
	'or' operation ('or_ln161_14', src/honeybee.c:161) [133]  (0 ns)
	'or' operation ('or_ln161_15', src/honeybee.c:161) [135]  (0.808 ns)


============================================================
+ Verbose Summary: Binding
============================================================
N/A
* FSMD analyzer results:
  - Output states:
 - Input state : 
  - Chain level:
	State 1
	State 2
	State 3
	State 4
	State 5
	State 6
	State 7
	State 8


============================================================
+ Verbose Summary: Datapath Resource usage 
============================================================
N/A
