#-----------------------------------------------------------
# xsim v2019.2 (64-bit)
# SW Build 2708876 on Wed Nov  6 21:39:14 MST 2019
# IP Build 2700528 on Thu Nov  7 00:09:20 MST 2019
# Start of session at: Tue Mar 17 21:47:00 2020
# Process ID: 37465
# Current directory: /mnt/hgfs/Thesis/HoneyBee/honeybee_001/solution3/sim/verilog
# Command line: xsim -mode tcl -source {xsim.dir/honeybee/xsim_script.tcl}
# Log file: /mnt/hgfs/Thesis/HoneyBee/honeybee_001/solution3/sim/verilog/xsim.log
# Journal file: /mnt/hgfs/Thesis/HoneyBee/honeybee_001/solution3/sim/verilog/xsim.jou
#-----------------------------------------------------------
source xsim.dir/honeybee/xsim_script.tcl
# xsim {honeybee} -autoloadwcfg -tclbatch {honeybee.tcl}
Vivado Simulator 2019.2
Time resolution is 1 ps
source honeybee.tcl
## run all
////////////////////////////////////////////////////////////////////////////////////
// Inter-Transaction Progress: Completed Transaction / Total Transaction
// Intra-Transaction Progress: Measured Latency / Latency Estimation * 100%
//
// RTL Simulation : "Inter-Transaction Progress" ["Intra-Transaction Progress"] @ "Simulation Time"
////////////////////////////////////////////////////////////////////////////////////
// RTL Simulation : 0 / 1 [0.00%] @ "125000"
// RTL Simulation : 1 / 1 [100.00%] @ "585000"
////////////////////////////////////////////////////////////////////////////////////
$finish called at time : 625 ns : File "/mnt/hgfs/Thesis/HoneyBee/honeybee_001/solution3/sim/verilog/honeybee.autotb.v" Line 560
## quit
INFO: [Common 17-206] Exiting xsim at Tue Mar 17 21:47:19 2020...
