INFO: [SIM 2] *************** CSIM start ***************
INFO: [SIM 4] CSIM will launch GCC as the compiler.
   Compiling(apcc) ../../../../src/honeybee_test.c in debug mode
INFO: [HLS 200-10] Running '/tools/Xilinx/Vivado/2019.2/bin/unwrapped/lnx64.o/apcc'
INFO: [HLS 200-10] For user 'anthony' on host 'ubuntu' (Linux_x86_64 version 5.3.0-40-generic) on Fri Feb 21 18:38:45 PST 2020
INFO: [HLS 200-10] On os Ubuntu 18.04.3 LTS
INFO: [HLS 200-10] In directory '/mnt/hgfs/Thesis/HoneyBee/honeybee_001/solution1/csim/build'
INFO: [APCC 202-3] Tmp directory is /tmp/apcc_db_anthony/369651582339125851359
INFO: [APCC 202-1] APCC is done.
   Compiling(apcc) ../../../../src/honeybee.c in debug mode
INFO: [HLS 200-10] Running '/tools/Xilinx/Vivado/2019.2/bin/unwrapped/lnx64.o/apcc'
INFO: [HLS 200-10] For user 'anthony' on host 'ubuntu' (Linux_x86_64 version 5.3.0-40-generic) on Fri Feb 21 18:38:56 PST 2020
INFO: [HLS 200-10] On os Ubuntu 18.04.3 LTS
INFO: [HLS 200-10] In directory '/mnt/hgfs/Thesis/HoneyBee/honeybee_001/solution1/csim/build'
INFO: [APCC 202-3] Tmp directory is /tmp/apcc_db_anthony/370341582339136507633
INFO: [APCC 202-1] APCC is done.
   Generating csim.exe
********************************************
HoneyBee Test completed with 4 errors in 0 ms
************************************************
INFO: [SIM 1] CSim done with 0 errors.
INFO: [SIM 3] *************** CSIM finish ***************
