

================================================================
== Vivado HLS Report for 'lineIntersectPrism'
================================================================
* Date:           Fri Feb 21 19:06:11 2020

* Version:        2019.2 (Build 2704478 on Wed Nov 06 22:10:23 MST 2019)
* Project:        honeybee_001
* Solution:       solution4
* Product family: virtex7
* Target device:  xc7vx485t-ffg1157-1


================================================================
== Performance Estimates
================================================================
+ Timing: 
    * Summary: 
    +--------+----------+----------+------------+
    |  Clock |  Target  | Estimated| Uncertainty|
    +--------+----------+----------+------------+
    |ap_clk  | 10.00 ns | 8.218 ns |   1.25 ns  |
    +--------+----------+----------+------------+

+ Latency: 
    * Summary: 
    +---------+---------+----------+----------+-----+-----+----------+
    |  Latency (cycles) |  Latency (absolute) |  Interval | Pipeline |
    |   min   |   max   |    min   |    max   | min | max |   Type   |
    +---------+---------+----------+----------+-----+-----+----------+
    |       21|       21| 0.210 us | 0.210 us |    1|    1| function |
    +---------+---------+----------+----------+-----+-----+----------+

    + Detail: 
        * Instance: 
        N/A

        * Loop: 
        N/A



================================================================
== Utilization Estimates
================================================================
* Summary: 
+-----------------+---------+-------+--------+--------+-----+
|       Name      | BRAM_18K| DSP48E|   FF   |   LUT  | URAM|
+-----------------+---------+-------+--------+--------+-----+
|DSP              |        -|      -|       -|       -|    -|
|Expression       |        -|      -|       0|     468|    -|
|FIFO             |        -|      -|       -|       -|    -|
|Instance         |        -|     18|    5223|    7194|    -|
|Memory           |        -|      -|       -|       -|    -|
|Multiplexer      |        -|      -|       -|       9|    -|
|Register         |        0|      -|    1286|     128|    -|
+-----------------+---------+-------+--------+--------+-----+
|Total            |        0|     18|    6509|    7799|    0|
+-----------------+---------+-------+--------+--------+-----+
|Available        |     2060|   2800|  607200|  303600|    0|
+-----------------+---------+-------+--------+--------+-----+
|Utilization (%)  |        0|   ~0  |       1|       2|    0|
+-----------------+---------+-------+--------+--------+-----+

+ Detail: 
    * Instance: 
    +--------------------------+----------------------+---------+-------+-----+-----+-----+
    |         Instance         |        Module        | BRAM_18K| DSP48E|  FF | LUT | URAM|
    +--------------------------+----------------------+---------+-------+-----+-----+-----+
    |honeybee_fadd_32ncud_U7   |honeybee_fadd_32ncud  |        0|      2|  227|  214|    0|
    |honeybee_fadd_32ncud_U8   |honeybee_fadd_32ncud  |        0|      2|  227|  214|    0|
    |honeybee_fadd_32ncud_U9   |honeybee_fadd_32ncud  |        0|      2|  227|  214|    0|
    |honeybee_fcmp_32neOg_U16  |honeybee_fcmp_32neOg  |        0|      0|   66|   66|    0|
    |honeybee_fcmp_32neOg_U17  |honeybee_fcmp_32neOg  |        0|      0|   66|   66|    0|
    |honeybee_fcmp_32neOg_U18  |honeybee_fcmp_32neOg  |        0|      0|   66|   66|    0|
    |honeybee_fcmp_32neOg_U19  |honeybee_fcmp_32neOg  |        0|      0|   66|   66|    0|
    |honeybee_fcmp_32neOg_U20  |honeybee_fcmp_32neOg  |        0|      0|   66|   66|    0|
    |honeybee_fcmp_32neOg_U21  |honeybee_fcmp_32neOg  |        0|      0|   66|   66|    0|
    |honeybee_fcmp_32neOg_U22  |honeybee_fcmp_32neOg  |        0|      0|   66|   66|    0|
    |honeybee_fdiv_32ndEe_U10  |honeybee_fdiv_32ndEe  |        0|      0|  453|  801|    0|
    |honeybee_fdiv_32ndEe_U11  |honeybee_fdiv_32ndEe  |        0|      0|  453|  801|    0|
    |honeybee_fdiv_32ndEe_U12  |honeybee_fdiv_32ndEe  |        0|      0|  453|  801|    0|
    |honeybee_fdiv_32ndEe_U13  |honeybee_fdiv_32ndEe  |        0|      0|  453|  801|    0|
    |honeybee_fdiv_32ndEe_U14  |honeybee_fdiv_32ndEe  |        0|      0|  453|  801|    0|
    |honeybee_fdiv_32ndEe_U15  |honeybee_fdiv_32ndEe  |        0|      0|  453|  801|    0|
    |honeybee_fsub_32nbkb_U1   |honeybee_fsub_32nbkb  |        0|      2|  227|  214|    0|
    |honeybee_fsub_32nbkb_U2   |honeybee_fsub_32nbkb  |        0|      2|  227|  214|    0|
    |honeybee_fsub_32nbkb_U3   |honeybee_fsub_32nbkb  |        0|      2|  227|  214|    0|
    |honeybee_fsub_32nbkb_U4   |honeybee_fsub_32nbkb  |        0|      2|  227|  214|    0|
    |honeybee_fsub_32nbkb_U5   |honeybee_fsub_32nbkb  |        0|      2|  227|  214|    0|
    |honeybee_fsub_32nbkb_U6   |honeybee_fsub_32nbkb  |        0|      2|  227|  214|    0|
    +--------------------------+----------------------+---------+-------+-----+-----+-----+
    |Total                     |                      |        0|     18| 5223| 7194|    0|
    +--------------------------+----------------------+---------+-------+-----+-----+-----+

    * DSP48E: 
    N/A

    * Memory: 
    N/A

    * FIFO: 
    N/A

    * Expression: 
    +-----------------------+----------+-------+---+----+------------+------------+
    |     Variable Name     | Operation| DSP48E| FF| LUT| Bitwidth P0| Bitwidth P1|
    +-----------------------+----------+-------+---+----+------------+------------+
    |and_ln20_1_fu_265_p2   |    and   |      0|  0|   2|           1|           1|
    |and_ln20_fu_259_p2     |    and   |      0|  0|   2|           1|           1|
    |and_ln22_1_fu_312_p2   |    and   |      0|  0|   2|           1|           1|
    |and_ln22_fu_306_p2     |    and   |      0|  0|   2|           1|           1|
    |and_ln25_1_fu_330_p2   |    and   |      0|  0|   2|           1|           1|
    |and_ln25_fu_324_p2     |    and   |      0|  0|   2|           1|           1|
    |and_ln40_1_fu_426_p2   |    and   |      0|  0|   2|           1|           1|
    |and_ln40_fu_420_p2     |    and   |      0|  0|   2|           1|           1|
    |and_ln42_1_fu_473_p2   |    and   |      0|  0|   2|           1|           1|
    |and_ln42_fu_467_p2     |    and   |      0|  0|   2|           1|           1|
    |and_ln45_1_fu_491_p2   |    and   |      0|  0|   2|           1|           1|
    |and_ln45_fu_485_p2     |    and   |      0|  0|   2|           1|           1|
    |and_ln70_1_fu_583_p2   |    and   |      0|  0|   2|           1|           1|
    |and_ln70_fu_577_p2     |    and   |      0|  0|   2|           1|           1|
    |icmp_ln20_1_fu_229_p2  |   icmp   |      0|  0|  18|          23|           1|
    |icmp_ln20_2_fu_241_p2  |   icmp   |      0|  0|  11|           8|           2|
    |icmp_ln20_3_fu_247_p2  |   icmp   |      0|  0|  18|          23|           1|
    |icmp_ln20_fu_223_p2    |   icmp   |      0|  0|  11|           8|           2|
    |icmp_ln22_1_fu_294_p2  |   icmp   |      0|  0|  18|          23|           1|
    |icmp_ln22_fu_288_p2    |   icmp   |      0|  0|  11|           8|           2|
    |icmp_ln40_1_fu_390_p2  |   icmp   |      0|  0|  18|          23|           1|
    |icmp_ln40_2_fu_402_p2  |   icmp   |      0|  0|  11|           8|           2|
    |icmp_ln40_3_fu_408_p2  |   icmp   |      0|  0|  18|          23|           1|
    |icmp_ln40_fu_384_p2    |   icmp   |      0|  0|  11|           8|           2|
    |icmp_ln42_1_fu_455_p2  |   icmp   |      0|  0|  18|          23|           1|
    |icmp_ln42_fu_449_p2    |   icmp   |      0|  0|  11|           8|           2|
    |icmp_ln70_1_fu_551_p2  |   icmp   |      0|  0|  18|          23|           1|
    |icmp_ln70_2_fu_557_p2  |   icmp   |      0|  0|  11|           8|           2|
    |icmp_ln70_3_fu_563_p2  |   icmp   |      0|  0|  18|          23|           1|
    |icmp_ln70_fu_545_p2    |   icmp   |      0|  0|  11|           8|           2|
    |or_ln20_1_fu_253_p2    |    or    |      0|  0|   2|           1|           1|
    |or_ln20_fu_235_p2      |    or    |      0|  0|   2|           1|           1|
    |or_ln22_fu_300_p2      |    or    |      0|  0|   2|           1|           1|
    |or_ln40_1_fu_414_p2    |    or    |      0|  0|   2|           1|           1|
    |or_ln40_fu_396_p2      |    or    |      0|  0|   2|           1|           1|
    |or_ln42_fu_461_p2      |    or    |      0|  0|   2|           1|           1|
    |or_ln70_1_fu_573_p2    |    or    |      0|  0|   2|           1|           1|
    |or_ln70_fu_569_p2      |    or    |      0|  0|   2|           1|           1|
    |max_4_fu_318_p3        |  select  |      0|  0|  32|           1|          32|
    |max_6_fu_336_p3        |  select  |      0|  0|  32|           1|          32|
    |max_fu_342_p3          |  select  |      0|  0|  32|           1|          32|
    |min_2_fu_479_p3        |  select  |      0|  0|  32|           1|          32|
    |min_4_fu_497_p3        |  select  |      0|  0|  32|           1|          32|
    |min_7_fu_503_p3        |  select  |      0|  0|  32|           1|          32|
    +-----------------------+----------+-------+---+----+------------+------------+
    |Total                  |          |      0|  0| 468|         276|         238|
    +-----------------------+----------+-------+---+----+------------+------------+

    * Multiplexer: 
    +-----------+----+-----------+-----+-----------+
    |    Name   | LUT| Input Size| Bits| Total Bits|
    +-----------+----+-----------+-----+-----------+
    |ap_return  |   9|          2|    1|          2|
    +-----------+----+-----------+-----+-----------+
    |Total      |   9|          2|    1|          2|
    +-----------+----+-----------+-----+-----------+

    * Register: 
    +------------------------------+----+----+-----+-----------+
    |             Name             | FF | LUT| Bits| Const Bits|
    +------------------------------+----+----+-----+-----------+
    |ap_ce_reg                     |   1|   0|    1|          0|
    |ap_return_int_reg             |   1|   0|    1|          0|
    |edge_p1_x_int_reg             |  32|   0|   32|          0|
    |edge_p1_y_int_reg             |  32|   0|   32|          0|
    |edge_p1_z_int_reg             |  32|   0|   32|          0|
    |edge_p2_x_int_reg             |  32|   0|   32|          0|
    |edge_p2_y_int_reg             |  32|   0|   32|          0|
    |edge_p2_z_int_reg             |  32|   0|   32|          0|
    |icmp_ln70_1_reg_755           |   1|   0|    1|          0|
    |icmp_ln70_2_reg_760           |   1|   0|    1|          0|
    |icmp_ln70_3_reg_765           |   1|   0|    1|          0|
    |icmp_ln70_reg_750             |   1|   0|    1|          0|
    |max_2_reg_688                 |  32|   0|   32|          0|
    |max_2_reg_688_pp0_iter14_reg  |  32|   0|   32|          0|
    |max_3_reg_704                 |  32|   0|   32|          0|
    |max_3_reg_704_pp0_iter14_reg  |  32|   0|   32|          0|
    |max_5_reg_696                 |  32|   0|   32|          0|
    |max_5_reg_696_pp0_iter14_reg  |  32|   0|   32|          0|
    |max_reg_713                   |  32|   0|   32|          0|
    |min_1_reg_735                 |  32|   0|   32|          0|
    |min_1_reg_735_pp0_iter18_reg  |  32|   0|   32|          0|
    |min_3_reg_727                 |  32|   0|   32|          0|
    |min_3_reg_727_pp0_iter18_reg  |  32|   0|   32|          0|
    |min_7_reg_744                 |  32|   0|   32|          0|
    |min_reg_719                   |  32|   0|   32|          0|
    |min_reg_719_pp0_iter18_reg    |  32|   0|   32|          0|
    |obs_x_int_reg                 |  32|   0|   32|          0|
    |obs_y_int_reg                 |  32|   0|   32|          0|
    |obs_z_int_reg                 |  32|   0|   32|          0|
    |tmp_1_i3_reg_655              |  32|   0|   32|          0|
    |tmp_1_i7_reg_667              |  32|   0|   32|          0|
    |tmp_1_i_reg_643               |  32|   0|   32|          0|
    |tmp_i1_reg_649                |  32|   0|   32|          0|
    |tmp_i2_reg_678                |  32|   0|   32|          0|
    |tmp_i5_reg_661                |  32|   0|   32|          0|
    |tmp_i6_reg_683                |  32|   0|   32|          0|
    |tmp_i_4_reg_673               |  32|   0|   32|          0|
    |tmp_i_reg_637                 |  32|   0|   32|          0|
    |max_reg_713                   |  64|  32|   32|          0|
    |tmp_1_i3_reg_655              |  64|  32|   32|          0|
    |tmp_1_i7_reg_667              |  64|  32|   32|          0|
    |tmp_1_i_reg_643               |  64|  32|   32|          0|
    +------------------------------+----+----+-----+-----------+
    |Total                         |1286| 128| 1158|          0|
    +------------------------------+----+----+-----+-----------+



================================================================
== Interface
================================================================
* Summary: 
+-----------+-----+-----+------------+--------------------+--------------+
| RTL Ports | Dir | Bits|  Protocol  |    Source Object   |    C Type    |
+-----------+-----+-----+------------+--------------------+--------------+
|ap_clk     |  in |    1| ap_ctrl_hs | lineIntersectPrism | return value |
|ap_rst     |  in |    1| ap_ctrl_hs | lineIntersectPrism | return value |
|ap_return  | out |    1| ap_ctrl_hs | lineIntersectPrism | return value |
|ap_ce      |  in |    1| ap_ctrl_hs | lineIntersectPrism | return value |
|obs_x      |  in |   32|   ap_none  |        obs_x       |    scalar    |
|obs_y      |  in |   32|   ap_none  |        obs_y       |    scalar    |
|obs_z      |  in |   32|   ap_none  |        obs_z       |    scalar    |
|edge_p1_x  |  in |   32|   ap_none  |      edge_p1_x     |    scalar    |
|edge_p1_y  |  in |   32|   ap_none  |      edge_p1_y     |    scalar    |
|edge_p1_z  |  in |   32|   ap_none  |      edge_p1_z     |    scalar    |
|edge_p2_x  |  in |   32|   ap_none  |      edge_p2_x     |    scalar    |
|edge_p2_y  |  in |   32|   ap_none  |      edge_p2_y     |    scalar    |
|edge_p2_z  |  in |   32|   ap_none  |      edge_p2_z     |    scalar    |
+-----------+-----+-----+------------+--------------------+--------------+

