

================================================================
== Vivado HLS Report for 'checkAxis'
================================================================
* Date:           Sun Mar 29 19:54:56 2020

* Version:        2019.2 (Build 2704478 on Wed Nov 06 22:10:23 MST 2019)
* Project:        honeybee_proj
* Solution:       HBB
* Product family: zynq
* Target device:  xc7z030i-fbg484-2L


================================================================
== Performance Estimates
================================================================
+ Timing: 
    * Summary: 
    +--------+----------+----------+------------+
    |  Clock |  Target  | Estimated| Uncertainty|
    +--------+----------+----------+------------+
    |ap_clk  | 10.00 ns | 9.519 ns |   1.25 ns  |
    +--------+----------+----------+------------+

+ Latency: 
    * Summary: 
    +---------+---------+----------+----------+-----+-----+---------+
    |  Latency (cycles) |  Latency (absolute) |  Interval | Pipeline|
    |   min   |   max   |    min   |    max   | min | max |   Type  |
    +---------+---------+----------+----------+-----+-----+---------+
    |      225|      225| 2.250 us | 2.250 us |  225|  225|   none  |
    +---------+---------+----------+----------+-----+-----+---------+

    + Detail: 
        * Instance: 
        +---------------------------+----------------+---------+---------+-----------+-----------+-----+-----+---------+
        |                           |                |  Latency (cycles) |   Latency (absolute)  |  Interval | Pipeline|
        |          Instance         |     Module     |   min   |   max   |    min    |    max    | min | max |   Type  |
        +---------------------------+----------------+---------+---------+-----------+-----------+-----+-----+---------+
        |grp_pointOnSegment_fu_232  |pointOnSegment  |        3|        3| 30.000 ns | 30.000 ns |    3|    3|   none  |
        +---------------------------+----------------+---------+---------+-----------+-----------+-----+-----+---------+

        * Loop: 
        +----------+---------+---------+----------+-----------+-----------+------+----------+
        |          |  Latency (cycles) | Iteration|  Initiation Interval  | Trip |          |
        | Loop Name|   min   |   max   |  Latency |  achieved |   target  | Count| Pipelined|
        +----------+---------+---------+----------+-----------+-----------+------+----------+
        |- Loop 1  |      220|      220|        55|          -|          -|     4|    no    |
        |- Loop 2  |      220|      220|        55|          -|          -|     4|    no    |
        |- Loop 3  |      220|      220|        55|          -|          -|     4|    no    |
        +----------+---------+---------+----------+-----------+-----------+------+----------+



================================================================
== Utilization Estimates
================================================================
* Summary: 
+-----------------+---------+-------+--------+-------+-----+
|       Name      | BRAM_18K| DSP48E|   FF   |  LUT  | URAM|
+-----------------+---------+-------+--------+-------+-----+
|DSP              |        -|      -|       -|      -|    -|
|Expression       |        -|      -|       0|   4746|    -|
|FIFO             |        -|      -|       -|      -|    -|
|Instance         |        -|     15|    2404|   5627|    -|
|Memory           |        -|      -|       -|      -|    -|
|Multiplexer      |        -|      -|       -|     96|    -|
|Register         |        -|      -|    1272|      -|    -|
+-----------------+---------+-------+--------+-------+-----+
|Total            |        0|     15|    3676|  10469|    0|
+-----------------+---------+-------+--------+-------+-----+
|Available        |      530|    400|  157200|  78600|    0|
+-----------------+---------+-------+--------+-------+-----+
|Utilization (%)  |        0|      3|       2|     13|    0|
+-----------------+---------+-------+--------+-------+-----+

+ Detail: 
    * Instance: 
    +---------------------------+----------------------+---------+-------+-----+------+-----+
    |          Instance         |        Module        | BRAM_18K| DSP48E|  FF |  LUT | URAM|
    +---------------------------+----------------------+---------+-------+-----+------+-----+
    |honeybee_faddfsubcud_U17   |honeybee_faddfsubcud  |        0|      2|  227|   404|    0|
    |honeybee_faddfsubcud_U18   |honeybee_faddfsubcud  |        0|      2|  227|   404|    0|
    |honeybee_faddfsubcud_U19   |honeybee_faddfsubcud  |        0|      2|  227|   404|    0|
    |honeybee_fdiv_32neOg_U23   |honeybee_fdiv_32neOg  |        0|      0|  563|   991|    0|
    |honeybee_fmul_32ndEe_U20   |honeybee_fmul_32ndEe  |        0|      3|  128|   320|    0|
    |honeybee_fmul_32ndEe_U21   |honeybee_fmul_32ndEe  |        0|      3|  128|   320|    0|
    |honeybee_fmul_32ndEe_U22   |honeybee_fmul_32ndEe  |        0|      3|  128|   320|    0|
    |honeybee_sitofp_3fYi_U24   |honeybee_sitofp_3fYi  |        0|      0|  168|   534|    0|
    |grp_pointOnSegment_fu_232  |pointOnSegment        |        0|      0|  608|  1930|    0|
    +---------------------------+----------------------+---------+-------+-----+------+-----+
    |Total                      |                      |        0|     15| 2404|  5627|    0|
    +---------------------------+----------------------+---------+-------+-----+------+-----+

    * DSP48E: 
    N/A

    * Memory: 
    N/A

    * FIFO: 
    N/A

    * Expression: 
    +----------------------------+----------+-------+---+-----+------------+------------+
    |        Variable Name       | Operation| DSP48E| FF| LUT | Bitwidth P0| Bitwidth P1|
    +----------------------------+----------+-------+---+-----+------------+------------+
    |add_ln339_1_fu_1432_p2      |     +    |      0|  0|    9|           8|           9|
    |add_ln339_2_fu_862_p2       |     +    |      0|  0|    9|           8|           9|
    |add_ln339_3_fu_1011_p2      |     +    |      0|  0|    9|           8|           9|
    |add_ln339_4_fu_452_p2       |     +    |      0|  0|    9|           8|           9|
    |add_ln339_5_fu_592_p2       |     +    |      0|  0|    9|           8|           9|
    |add_ln339_fu_1283_p2        |     +    |      0|  0|    9|           8|           9|
    |add_ln82_10_fu_746_p2       |     +    |      0|  0|   32|           2|          32|
    |add_ln82_11_fu_752_p2       |     +    |      0|  0|   32|          32|          32|
    |add_ln82_1_fu_1570_p2       |     +    |      0|  0|   32|          32|          32|
    |add_ln82_2_fu_1585_p2       |     +    |      0|  0|    4|           2|           3|
    |add_ln82_3_fu_1603_p2       |     +    |      0|  0|   32|          32|          32|
    |add_ln82_4_fu_1127_p2       |     +    |      0|  0|   32|          32|          32|
    |add_ln82_5_fu_1149_p2       |     +    |      0|  0|   32|          32|          32|
    |add_ln82_6_fu_1164_p2       |     +    |      0|  0|    4|           2|           3|
    |add_ln82_7_fu_1182_p2       |     +    |      0|  0|   32|          32|          32|
    |add_ln82_8_fu_735_p2        |     +    |      0|  0|   32|          32|          32|
    |add_ln82_9_fu_741_p2        |     +    |      0|  0|   32|          32|          32|
    |add_ln82_fu_1548_p2         |     +    |      0|  0|   32|          32|          32|
    |x_fu_388_p2                 |     +    |      0|  0|    4|           3|           1|
    |y_fu_806_p2                 |     +    |      0|  0|    4|           3|           1|
    |z_fu_1227_p2                |     +    |      0|  0|    4|           3|           1|
    |result_V_1_fu_1376_p2       |     -    |      0|  0|   32|           1|          32|
    |result_V_3_fu_955_p2        |     -    |      0|  0|   32|           1|          32|
    |sub_ln1311_1_fu_1446_p2     |     -    |      0|  0|    8|           7|           8|
    |sub_ln1311_2_fu_876_p2      |     -    |      0|  0|    8|           7|           8|
    |sub_ln1311_3_fu_1025_p2     |     -    |      0|  0|    8|           7|           8|
    |sub_ln1311_4_fu_466_p2      |     -    |      0|  0|    8|           7|           8|
    |sub_ln1311_5_fu_606_p2      |     -    |      0|  0|    8|           7|           8|
    |sub_ln1311_fu_1297_p2       |     -    |      0|  0|    8|           7|           8|
    |sub_ln82_1_fu_1101_p2       |     -    |      0|  0|   28|           1|          28|
    |sub_ln82_2_fu_542_p2        |     -    |      0|  0|   30|           1|          30|
    |sub_ln82_3_fu_694_p2        |     -    |      0|  0|   28|           1|          28|
    |sub_ln82_fu_1522_p2         |     -    |      0|  0|   30|           1|          30|
    |icmp_ln101_fu_371_p2        |   icmp   |      0|  0|    1|           2|           1|
    |icmp_ln102_fu_800_p2        |   icmp   |      0|  0|    2|           3|           4|
    |icmp_ln113_fu_382_p2        |   icmp   |      0|  0|    2|           3|           4|
    |icmp_ln91_fu_365_p2         |   icmp   |      0|  0|    1|           2|           1|
    |icmp_ln92_fu_1221_p2        |   icmp   |      0|  0|    2|           3|           4|
    |r_V_10_fu_636_p2            |   lshr   |      0|  0|   66|          25|          25|
    |r_V_2_fu_1476_p2            |   lshr   |      0|  0|   66|          25|          25|
    |r_V_4_fu_906_p2             |   lshr   |      0|  0|   66|          25|          25|
    |r_V_6_fu_1055_p2            |   lshr   |      0|  0|   66|          25|          25|
    |r_V_8_fu_496_p2             |   lshr   |      0|  0|   66|          25|          25|
    |r_V_fu_1327_p2              |   lshr   |      0|  0|   66|          25|          25|
    |collisions_3_fu_1203_p2     |    or    |      0|  0|   64|          64|          64|
    |collisions_6_fu_782_p2      |    or    |      0|  0|   64|          64|          64|
    |collisions_fu_1624_p2       |    or    |      0|  0|   64|          64|          64|
    |or_ln107_fu_1197_p2         |    or    |      0|  0|   64|          64|          64|
    |or_ln118_fu_776_p2          |    or    |      0|  0|   64|          64|          64|
    |or_ln96_fu_1618_p2          |    or    |      0|  0|   64|          64|          64|
    |collisions_1_fu_1630_p3     |  select  |      0|  0|   64|           1|          64|
    |collisions_5_fu_1209_p3     |  select  |      0|  0|   64|           1|          64|
    |collisions_8_fu_788_p3      |  select  |      0|  0|   64|           1|          64|
    |p_Val2_20_fu_1361_p3        |  select  |      0|  0|   32|           1|          32|
    |p_Val2_21_fu_1381_p3        |  select  |      0|  0|   32|           1|          32|
    |p_Val2_22_fu_940_p3         |  select  |      0|  0|   32|           1|          32|
    |p_Val2_23_fu_960_p3         |  select  |      0|  0|   32|           1|          32|
    |p_Val2_24_fu_670_p3         |  select  |      0|  0|   32|           1|          32|
    |select_ln1312_2_fu_1089_p3  |  select  |      0|  0|   55|           1|          55|
    |select_ln1312_3_fu_530_p3   |  select  |      0|  0|   55|           1|          55|
    |select_ln1312_fu_1510_p3    |  select  |      0|  0|   55|           1|          55|
    |select_ln59_2_fu_1111_p3    |  select  |      0|  0|   28|           1|          28|
    |select_ln59_4_fu_686_p3     |  select  |      0|  0|   30|           1|          30|
    |select_ln59_5_fu_704_p3     |  select  |      0|  0|   28|           1|          28|
    |select_ln59_fu_1532_p3      |  select  |      0|  0|   30|           1|          30|
    |ush_1_fu_1456_p3            |  select  |      0|  0|    9|           1|           9|
    |ush_2_fu_886_p3             |  select  |      0|  0|    9|           1|           9|
    |ush_3_fu_1035_p3            |  select  |      0|  0|    9|           1|           9|
    |ush_4_fu_476_p3             |  select  |      0|  0|    9|           1|           9|
    |ush_5_fu_616_p3             |  select  |      0|  0|    9|           1|           9|
    |ush_fu_1307_p3              |  select  |      0|  0|    9|           1|           9|
    |r_V_11_fu_642_p2            |    shl   |      0|  0|  243|          79|          79|
    |r_V_1_fu_1333_p2            |    shl   |      0|  0|  243|          79|          79|
    |r_V_3_fu_1482_p2            |    shl   |      0|  0|  243|          79|          79|
    |r_V_5_fu_912_p2             |    shl   |      0|  0|  243|          79|          79|
    |r_V_7_fu_1061_p2            |    shl   |      0|  0|  243|          79|          79|
    |r_V_9_fu_502_p2             |    shl   |      0|  0|  243|          79|          79|
    |shl_ln106_fu_1158_p2        |    shl   |      0|  0|  182|           1|          64|
    |shl_ln107_fu_1191_p2        |    shl   |      0|  0|  182|           1|          64|
    |shl_ln117_fu_761_p2         |    shl   |      0|  0|  182|           1|          64|
    |shl_ln118_fu_770_p2         |    shl   |      0|  0|  182|           1|          64|
    |shl_ln95_fu_1579_p2         |    shl   |      0|  0|  182|           1|          64|
    |shl_ln96_fu_1612_p2         |    shl   |      0|  0|  182|           1|          64|
    |xor_ln22_1_fu_816_p2        |    xor   |      0|  0|   33|          32|          33|
    |xor_ln22_2_fu_398_p2        |    xor   |      0|  0|   33|          32|          33|
    |xor_ln22_fu_1237_p2         |    xor   |      0|  0|   33|          32|          33|
    +----------------------------+----------+-------+---+-----+------------+------------+
    |Total                       |          |      0|  0| 4746|        1543|        2803|
    +----------------------------+----------+-------+---+-----+------------+------------+

    * Multiplexer: 
    +-------------------------------+----+-----------+-----+-----------+
    |              Name             | LUT| Input Size| Bits| Total Bits|
    +-------------------------------+----+-----------+-----+-----------+
    |ap_NS_fsm                      |  11|        165|    1|        165|
    |ap_return                      |   3|          2|   64|        128|
    |collisions_0_reg_206           |   3|          2|   64|        128|
    |collisions_2_reg_182           |   3|          2|   64|        128|
    |collisions_4_reg_146           |   3|          2|   64|        128|
    |collisions_7_reg_218           |   3|          3|   64|        192|
    |grp_fu_245_opcode              |   3|          3|    2|          6|
    |grp_fu_245_p0                  |   4|          5|   32|        160|
    |grp_fu_245_p1                  |   4|          8|   32|        256|
    |grp_fu_251_opcode              |   3|          3|    2|          6|
    |grp_fu_251_p0                  |   4|          5|   32|        160|
    |grp_fu_251_p1                  |   4|          5|   32|        160|
    |grp_fu_257_opcode              |   3|          3|    2|          6|
    |grp_fu_257_p0                  |   3|          4|   32|        128|
    |grp_fu_257_p1                  |   3|          3|   32|         96|
    |grp_fu_263_p0                  |   3|          3|   32|         96|
    |grp_fu_263_p1                  |   3|          4|   32|        128|
    |grp_fu_268_p0                  |   3|          3|   32|         96|
    |grp_fu_268_p1                  |   3|          4|   32|        128|
    |grp_fu_272_p0                  |   3|          3|   32|         96|
    |grp_fu_272_p1                  |   3|          3|   32|         96|
    |grp_fu_280_p0                  |   3|          4|   32|        128|
    |grp_pointOnSegment_fu_232_p_x  |   3|          3|   32|         96|
    |grp_pointOnSegment_fu_232_p_y  |   3|          3|   32|         96|
    |grp_pointOnSegment_fu_232_p_z  |   3|          4|   32|        128|
    |i_assign_2_reg_158             |   3|          2|    3|          6|
    |j_assign_1_reg_170             |   3|          2|    3|          6|
    |k_assign_reg_194               |   3|          2|    3|          6|
    +-------------------------------+----+-----------+-----+-----------+
    |Total                          |  96|        255|  848|       2953|
    +-------------------------------+----+-----------+-----+-----------+

    * Register: 
    +----------------------------------------+-----+----+-----+-----------+
    |                  Name                  |  FF | LUT| Bits| Const Bits|
    +----------------------------------------+-----+----+-----+-----------+
    |add_ln82_11_reg_1728                    |   32|   0|   32|          0|
    |add_ln82_4_reg_1777                     |   32|   0|   32|          0|
    |add_ln82_8_reg_1723                     |   32|   0|   32|          0|
    |add_ln82_reg_1827                       |   32|   0|   32|          0|
    |ap_CS_fsm                               |  164|   0|  164|          0|
    |ap_return_preg                          |   64|   0|   64|          0|
    |collisions_0_reg_206                    |   64|   0|   64|          0|
    |collisions_2_reg_182                    |   64|   0|   64|          0|
    |collisions_4_reg_146                    |   64|   0|   64|          0|
    |collisions_7_reg_218                    |   64|   0|   64|          0|
    |grp_pointOnSegment_fu_232_ap_start_reg  |    1|   0|    1|          0|
    |i_assign_2_reg_158                      |    3|   0|    3|          0|
    |icmp_ln101_reg_1679                     |    1|   0|    1|          0|
    |j_assign_1_reg_170                      |    3|   0|    3|          0|
    |k_assign_reg_194                        |    3|   0|    3|          0|
    |p_Val2_1_reg_1811                       |   32|   0|   32|          0|
    |p_Val2_20_reg_1816                      |   32|   0|   32|          0|
    |p_Val2_22_reg_1766                      |   32|   0|   32|          0|
    |p_Val2_s_reg_1761                       |   32|   0|   32|          0|
    |reg_283                                 |   32|   0|   32|          0|
    |reg_288                                 |   32|   0|   32|          0|
    |reg_293                                 |   32|   0|   32|          0|
    |reg_299                                 |   32|   0|   32|          0|
    |reg_305                                 |   32|   0|   32|          0|
    |reg_318                                 |   32|   0|   32|          0|
    |reg_325                                 |   32|   0|   32|          0|
    |reg_331                                 |   32|   0|   32|          0|
    |reg_337                                 |   32|   0|   32|          0|
    |reg_346                                 |   32|   0|   32|          0|
    |reg_354                                 |   32|   0|   32|          0|
    |select_ln59_4_reg_1707                  |   30|   0|   30|          0|
    |select_ln59_5_reg_1712                  |   28|   0|   28|          0|
    |tmp_2_reg_1772                          |    1|   0|    1|          0|
    |tmp_4_reg_1718                          |    1|   0|    1|          0|
    |tmp_s_reg_1822                          |    1|   0|    1|          0|
    |x_reg_1692                              |    3|   0|    3|          0|
    |xor_ln22_1_reg_1751                     |   32|   0|   32|          0|
    |xor_ln22_2_reg_1697                     |   32|   0|   32|          0|
    |xor_ln22_reg_1801                       |   32|   0|   32|          0|
    |y_reg_1746                              |    3|   0|    3|          0|
    |z_reg_1796                              |    3|   0|    3|          0|
    |zext_ln113_reg_1683                     |    3|   0|   32|         29|
    +----------------------------------------+-----+----+-----+-----------+
    |Total                                   | 1272|   0| 1301|         29|
    +----------------------------------------+-----+----+-----+-----------+



================================================================
== Interface
================================================================
* Summary: 
+-----------+-----+-----+------------+--------------+--------------+
| RTL Ports | Dir | Bits|  Protocol  | Source Object|    C Type    |
+-----------+-----+-----+------------+--------------+--------------+
|ap_clk     |  in |    1| ap_ctrl_hs |   checkAxis  | return value |
|ap_rst     |  in |    1| ap_ctrl_hs |   checkAxis  | return value |
|ap_start   |  in |    1| ap_ctrl_hs |   checkAxis  | return value |
|ap_done    | out |    1| ap_ctrl_hs |   checkAxis  | return value |
|ap_idle    | out |    1| ap_ctrl_hs |   checkAxis  | return value |
|ap_ready   | out |    1| ap_ctrl_hs |   checkAxis  | return value |
|ap_return  | out |   64| ap_ctrl_hs |   checkAxis  | return value |
|num        |  in |    4|   ap_none  |      num     |    scalar    |
|edge_p1_x  |  in |   32|   ap_none  |   edge_p1_x  |    scalar    |
|edge_p1_y  |  in |   32|   ap_none  |   edge_p1_y  |    scalar    |
|edge_p1_z  |  in |   32|   ap_none  |   edge_p1_z  |    scalar    |
|edge_p2_x  |  in |   32|   ap_none  |   edge_p2_x  |    scalar    |
|edge_p2_y  |  in |   32|   ap_none  |   edge_p2_y  |    scalar    |
|edge_p2_z  |  in |   32|   ap_none  |   edge_p2_z  |    scalar    |
+-----------+-----+-----+------------+--------------+--------------+

