

================================================================
== Vivado HLS Report for 'pointOnSegment'
================================================================
* Date:           Sun Mar 29 19:54:55 2020

* Version:        2019.2 (Build 2704478 on Wed Nov 06 22:10:23 MST 2019)
* Project:        honeybee_proj
* Solution:       HBB
* Product family: zynq
* Target device:  xc7z030i-fbg484-2L


================================================================
== Performance Estimates
================================================================
+ Timing: 
    * Summary: 
    +--------+----------+----------+------------+
    |  Clock |  Target  | Estimated| Uncertainty|
    +--------+----------+----------+------------+
    |ap_clk  | 10.00 ns | 7.398 ns |   1.25 ns  |
    +--------+----------+----------+------------+

+ Latency: 
    * Summary: 
    +---------+---------+-----------+-----------+-----+-----+---------+
    |  Latency (cycles) |   Latency (absolute)  |  Interval | Pipeline|
    |   min   |   max   |    min    |    max    | min | max |   Type  |
    +---------+---------+-----------+-----------+-----+-----+---------+
    |        3|        3| 30.000 ns | 30.000 ns |    3|    3|   none  |
    +---------+---------+-----------+-----------+-----+-----+---------+

    + Detail: 
        * Instance: 
        N/A

        * Loop: 
        N/A



================================================================
== Utilization Estimates
================================================================
* Summary: 
+-----------------+---------+-------+--------+-------+-----+
|       Name      | BRAM_18K| DSP48E|   FF   |  LUT  | URAM|
+-----------------+---------+-------+--------+-------+-----+
|DSP              |        -|      -|       -|      -|    -|
|Expression       |        -|      -|       0|    435|    -|
|FIFO             |        -|      -|       -|      -|    -|
|Instance         |        -|      0|     396|   1434|    -|
|Memory           |        -|      -|       -|      -|    -|
|Multiplexer      |        -|      -|       -|     61|    -|
|Register         |        -|      -|     212|      -|    -|
+-----------------+---------+-------+--------+-------+-----+
|Total            |        0|      0|     608|   1930|    0|
+-----------------+---------+-------+--------+-------+-----+
|Available        |      530|    400|  157200|  78600|    0|
+-----------------+---------+-------+--------+-------+-----+
|Utilization (%)  |        0|      0|   ~0   |      2|    0|
+-----------------+---------+-------+--------+-------+-----+

+ Detail: 
    * Instance: 
    +-------------------------+----------------------+---------+-------+----+-----+-----+
    |         Instance        |        Module        | BRAM_18K| DSP48E| FF | LUT | URAM|
    +-------------------------+----------------------+---------+-------+----+-----+-----+
    |honeybee_fcmp_32nbkb_U1  |honeybee_fcmp_32nbkb  |        0|      0|  66|  239|    0|
    |honeybee_fcmp_32nbkb_U2  |honeybee_fcmp_32nbkb  |        0|      0|  66|  239|    0|
    |honeybee_fcmp_32nbkb_U3  |honeybee_fcmp_32nbkb  |        0|      0|  66|  239|    0|
    |honeybee_fcmp_32nbkb_U4  |honeybee_fcmp_32nbkb  |        0|      0|  66|  239|    0|
    |honeybee_fcmp_32nbkb_U5  |honeybee_fcmp_32nbkb  |        0|      0|  66|  239|    0|
    |honeybee_fcmp_32nbkb_U6  |honeybee_fcmp_32nbkb  |        0|      0|  66|  239|    0|
    +-------------------------+----------------------+---------+-------+----+-----+-----+
    |Total                    |                      |        0|      0| 396| 1434|    0|
    +-------------------------+----------------------+---------+-------+----+-----+-----+

    * DSP48E: 
    N/A

    * Memory: 
    N/A

    * FIFO: 
    N/A

    * Expression: 
    +------------------------+----------+-------+---+----+------------+------------+
    |      Variable Name     | Operation| DSP48E| FF| LUT| Bitwidth P0| Bitwidth P1|
    +------------------------+----------+-------+---+----+------------+------------+
    |and_ln49_1_fu_204_p2    |    and   |      0|  0|   1|           1|           1|
    |and_ln49_2_fu_714_p2    |    and   |      0|  0|   1|           1|           1|
    |and_ln49_3_fu_719_p2    |    and   |      0|  0|   1|           1|           1|
    |and_ln49_4_fu_216_p2    |    and   |      0|  0|   1|           1|           1|
    |and_ln49_5_fu_729_p2    |    and   |      0|  0|   1|           1|           1|
    |and_ln49_6_fu_734_p2    |    and   |      0|  0|   1|           1|           1|
    |and_ln49_7_fu_776_p2    |    and   |      0|  0|   1|           1|           1|
    |and_ln49_fu_198_p2      |    and   |      0|  0|   1|           1|           1|
    |and_ln50_1_fu_304_p2    |    and   |      0|  0|   1|           1|           1|
    |and_ln50_2_fu_744_p2    |    and   |      0|  0|   1|           1|           1|
    |and_ln50_3_fu_749_p2    |    and   |      0|  0|   1|           1|           1|
    |and_ln50_4_fu_316_p2    |    and   |      0|  0|   1|           1|           1|
    |and_ln50_fu_298_p2      |    and   |      0|  0|   1|           1|           1|
    |and_ln51_10_fu_836_p2   |    and   |      0|  0|   1|           1|           1|
    |and_ln51_11_fu_848_p2   |    and   |      0|  0|   1|           1|           1|
    |and_ln51_12_fu_854_p2   |    and   |      0|  0|   1|           1|           1|
    |and_ln51_1_fu_404_p2    |    and   |      0|  0|   1|           1|           1|
    |and_ln51_2_fu_416_p2    |    and   |      0|  0|   1|           1|           1|
    |and_ln51_3_fu_765_p2    |    and   |      0|  0|   1|           1|           1|
    |and_ln51_4_fu_770_p2    |    and   |      0|  0|   1|           1|           1|
    |and_ln51_5_fu_804_p2    |    and   |      0|  0|   1|           1|           1|
    |and_ln51_6_fu_809_p2    |    and   |      0|  0|   1|           1|           1|
    |and_ln51_7_fu_815_p2    |    and   |      0|  0|   1|           1|           1|
    |and_ln51_8_fu_825_p2    |    and   |      0|  0|   1|           1|           1|
    |and_ln51_9_fu_830_p2    |    and   |      0|  0|   1|           1|           1|
    |and_ln51_fu_398_p2      |    and   |      0|  0|   1|           1|           1|
    |icmp_ln49_1_fu_168_p2   |   icmp   |      0|  0|   9|          23|           1|
    |icmp_ln49_2_fu_180_p2   |   icmp   |      0|  0|   4|           8|           2|
    |icmp_ln49_3_fu_186_p2   |   icmp   |      0|  0|   9|          23|           1|
    |icmp_ln49_4_fu_463_p2   |   icmp   |      0|  0|   4|           8|           2|
    |icmp_ln49_5_fu_469_p2   |   icmp   |      0|  0|   9|          23|           1|
    |icmp_ln49_6_fu_475_p2   |   icmp   |      0|  0|   4|           8|           2|
    |icmp_ln49_7_fu_481_p2   |   icmp   |      0|  0|   9|          23|           1|
    |icmp_ln49_8_fu_510_p2   |   icmp   |      0|  0|   4|           8|           2|
    |icmp_ln49_9_fu_516_p2   |   icmp   |      0|  0|   9|          23|           1|
    |icmp_ln49_fu_162_p2     |   icmp   |      0|  0|   4|           8|           2|
    |icmp_ln50_1_fu_268_p2   |   icmp   |      0|  0|   9|          23|           1|
    |icmp_ln50_2_fu_280_p2   |   icmp   |      0|  0|   4|           8|           2|
    |icmp_ln50_3_fu_286_p2   |   icmp   |      0|  0|   9|          23|           1|
    |icmp_ln50_4_fu_557_p2   |   icmp   |      0|  0|   4|           8|           2|
    |icmp_ln50_5_fu_563_p2   |   icmp   |      0|  0|   9|          23|           1|
    |icmp_ln50_6_fu_569_p2   |   icmp   |      0|  0|   4|           8|           2|
    |icmp_ln50_7_fu_575_p2   |   icmp   |      0|  0|   9|          23|           1|
    |icmp_ln50_fu_262_p2     |   icmp   |      0|  0|   4|           8|           2|
    |icmp_ln51_10_fu_698_p2  |   icmp   |      0|  0|   4|           8|           2|
    |icmp_ln51_11_fu_704_p2  |   icmp   |      0|  0|   9|          23|           1|
    |icmp_ln51_1_fu_368_p2   |   icmp   |      0|  0|   9|          23|           1|
    |icmp_ln51_2_fu_380_p2   |   icmp   |      0|  0|   4|           8|           2|
    |icmp_ln51_3_fu_386_p2   |   icmp   |      0|  0|   9|          23|           1|
    |icmp_ln51_4_fu_622_p2   |   icmp   |      0|  0|   4|           8|           2|
    |icmp_ln51_5_fu_628_p2   |   icmp   |      0|  0|   9|          23|           1|
    |icmp_ln51_6_fu_634_p2   |   icmp   |      0|  0|   4|           8|           2|
    |icmp_ln51_7_fu_640_p2   |   icmp   |      0|  0|   9|          23|           1|
    |icmp_ln51_8_fu_669_p2   |   icmp   |      0|  0|   4|           8|           2|
    |icmp_ln51_9_fu_675_p2   |   icmp   |      0|  0|   9|          23|           1|
    |icmp_ln51_fu_362_p2     |   icmp   |      0|  0|   4|           8|           2|
    |or_ln49_1_fu_192_p2     |    or    |      0|  0|   1|           1|           1|
    |or_ln49_2_fu_710_p2     |    or    |      0|  0|   1|           1|           1|
    |or_ln49_3_fu_487_p2     |    or    |      0|  0|   1|           1|           1|
    |or_ln49_4_fu_725_p2     |    or    |      0|  0|   1|           1|           1|
    |or_ln49_fu_174_p2       |    or    |      0|  0|   1|           1|           1|
    |or_ln50_1_fu_292_p2     |    or    |      0|  0|   1|           1|           1|
    |or_ln50_2_fu_740_p2     |    or    |      0|  0|   1|           1|           1|
    |or_ln50_3_fu_581_p2     |    or    |      0|  0|   1|           1|           1|
    |or_ln50_4_fu_788_p2     |    or    |      0|  0|   1|           1|           1|
    |or_ln50_5_fu_794_p2     |    or    |      0|  0|   1|           1|           1|
    |or_ln50_fu_274_p2       |    or    |      0|  0|   1|           1|           1|
    |or_ln51_1_fu_392_p2     |    or    |      0|  0|   1|           1|           1|
    |or_ln51_2_fu_761_p2     |    or    |      0|  0|   1|           1|           1|
    |or_ln51_3_fu_646_p2     |    or    |      0|  0|   1|           1|           1|
    |or_ln51_4_fu_800_p2     |    or    |      0|  0|   1|           1|           1|
    |or_ln51_5_fu_821_p2     |    or    |      0|  0|   1|           1|           1|
    |or_ln51_6_fu_842_p2     |    or    |      0|  0|   1|           1|           1|
    |or_ln51_fu_374_p2       |    or    |      0|  0|   1|           1|           1|
    |p_a_1_fu_222_p3         |  select  |      0|  0|  32|           1|          32|
    |p_a_2_fu_310_p3         |  select  |      0|  0|  32|           1|          32|
    |p_a_3_fu_322_p3         |  select  |      0|  0|  32|           1|          32|
    |p_a_4_fu_410_p3         |  select  |      0|  0|  32|           1|          32|
    |p_a_5_fu_422_p3         |  select  |      0|  0|  32|           1|          32|
    |p_a_fu_210_p3           |  select  |      0|  0|  32|           1|          32|
    |xor_ln49_fu_782_p2      |    xor   |      0|  0|   2|           2|           1|
    |xor_ln50_fu_755_p2      |    xor   |      0|  0|   2|           2|           1|
    +------------------------+----------+-------+---+----+------------+------------+
    |Total                   |          |      0|  0| 435|         519|         283|
    +------------------------+----------+-------+---+----+------------+------------+

    * Multiplexer: 
    +-------------------+----+-----------+-----+-----------+
    |        Name       | LUT| Input Size| Bits| Total Bits|
    +-------------------+----+-----------+-----+-----------+
    |ap_NS_fsm          |   4|          5|    1|          5|
    |ap_return          |   3|          2|    1|          2|
    |grp_fu_104_opcode  |   3|          3|    5|         15|
    |grp_fu_104_p0      |   3|          3|   32|         96|
    |grp_fu_104_p1      |   3|          3|   32|         96|
    |grp_fu_110_opcode  |   3|          3|    5|         15|
    |grp_fu_110_p0      |   3|          3|   32|         96|
    |grp_fu_110_p1      |   3|          3|   32|         96|
    |grp_fu_116_opcode  |   3|          3|    5|         15|
    |grp_fu_116_p0      |   3|          3|   32|         96|
    |grp_fu_116_p1      |   3|          3|   32|         96|
    |grp_fu_86_opcode   |   3|          3|    5|         15|
    |grp_fu_86_p0       |   3|          3|   32|         96|
    |grp_fu_86_p1       |   3|          3|   32|         96|
    |grp_fu_92_opcode   |   3|          3|    5|         15|
    |grp_fu_92_p0       |   3|          3|   32|         96|
    |grp_fu_92_p1       |   3|          3|   32|         96|
    |grp_fu_98_opcode   |   3|          3|    5|         15|
    |grp_fu_98_p0       |   3|          3|   32|         96|
    |grp_fu_98_p1       |   3|          3|   32|         96|
    +-------------------+----+-----------+-----+-----------+
    |Total              |  61|         61|  416|       1249|
    +-------------------+----+-----------+-----+-----------+

    * Register: 
    +-----------------------+----+----+-----+-----------+
    |          Name         | FF | LUT| Bits| Const Bits|
    +-----------------------+----+----+-----+-----------+
    |ap_CS_fsm              |   4|   0|    4|          0|
    |ap_return_preg         |   1|   0|    1|          0|
    |icmp_ln49_4_reg_968    |   1|   0|    1|          0|
    |icmp_ln49_5_reg_973    |   1|   0|    1|          0|
    |icmp_ln49_8_reg_984    |   1|   0|    1|          0|
    |icmp_ln49_9_reg_989    |   1|   0|    1|          0|
    |icmp_ln50_4_reg_994    |   1|   0|    1|          0|
    |icmp_ln50_5_reg_999    |   1|   0|    1|          0|
    |icmp_ln51_10_reg_1036  |   1|   0|    1|          0|
    |icmp_ln51_11_reg_1041  |   1|   0|    1|          0|
    |icmp_ln51_4_reg_1010   |   1|   0|    1|          0|
    |icmp_ln51_5_reg_1015   |   1|   0|    1|          0|
    |icmp_ln51_8_reg_1026   |   1|   0|    1|          0|
    |icmp_ln51_9_reg_1031   |   1|   0|    1|          0|
    |or_ln49_3_reg_978      |   1|   0|    1|          0|
    |or_ln50_3_reg_1004     |   1|   0|    1|          0|
    |or_ln51_3_reg_1020     |   1|   0|    1|          0|
    |p_a_1_reg_920          |  32|   0|   32|          0|
    |p_a_2_reg_926          |  32|   0|   32|          0|
    |p_a_3_reg_932          |  32|   0|   32|          0|
    |p_a_4_reg_938          |  32|   0|   32|          0|
    |p_a_5_reg_944          |  32|   0|   32|          0|
    |p_a_reg_914            |  32|   0|   32|          0|
    +-----------------------+----+----+-----+-----------+
    |Total                  | 212|   0|  212|          0|
    +-----------------------+----+----+-----+-----------+



================================================================
== Interface
================================================================
* Summary: 
+-----------+-----+-----+------------+----------------+--------------+
| RTL Ports | Dir | Bits|  Protocol  |  Source Object |    C Type    |
+-----------+-----+-----+------------+----------------+--------------+
|ap_clk     |  in |    1| ap_ctrl_hs | pointOnSegment | return value |
|ap_rst     |  in |    1| ap_ctrl_hs | pointOnSegment | return value |
|ap_start   |  in |    1| ap_ctrl_hs | pointOnSegment | return value |
|ap_done    | out |    1| ap_ctrl_hs | pointOnSegment | return value |
|ap_idle    | out |    1| ap_ctrl_hs | pointOnSegment | return value |
|ap_ready   | out |    1| ap_ctrl_hs | pointOnSegment | return value |
|ap_return  | out |    1| ap_ctrl_hs | pointOnSegment | return value |
|p_x        |  in |   32|   ap_none  |       p_x      |    scalar    |
|p_y        |  in |   32|   ap_none  |       p_y      |    scalar    |
|p_z        |  in |   32|   ap_none  |       p_z      |    scalar    |
|e_p1_x     |  in |   32|   ap_none  |     e_p1_x     |    scalar    |
|e_p1_y     |  in |   32|   ap_none  |     e_p1_y     |    scalar    |
|e_p1_z     |  in |   32|   ap_none  |     e_p1_z     |    scalar    |
|e_p2_x     |  in |   32|   ap_none  |     e_p2_x     |    scalar    |
|e_p2_y     |  in |   32|   ap_none  |     e_p2_y     |    scalar    |
|e_p2_z     |  in |   32|   ap_none  |     e_p2_z     |    scalar    |
+-----------+-----+-----+------------+----------------+--------------+

