

================================================================
== Vivado HLS Report for 'honeybee'
================================================================
* Date:           Tue Mar 17 21:43:50 2020

* Version:        2019.2 (Build 2704478 on Wed Nov 06 22:10:23 MST 2019)
* Project:        honeybee_001
* Solution:       solution3
* Product family: virtex7
* Target device:  xc7vx485t-ffg1157-1


================================================================
== Performance Estimates
================================================================
+ Timing: 
    * Summary: 
    +--------+----------+----------+------------+
    |  Clock |  Target  | Estimated| Uncertainty|
    +--------+----------+----------+------------+
    |ap_clk  | 10.00 ns | 8.976 ns |   1.25 ns  |
    +--------+----------+----------+------------+

+ Latency: 
    * Summary: 
    +---------+---------+----------+----------+-----+-----+---------+
    |  Latency (cycles) |  Latency (absolute) |  Interval | Pipeline|
    |   min   |   max   |    min   |    max   | min | max |   Type  |
    +---------+---------+----------+----------+-----+-----+---------+
    |       44|       44| 0.440 us | 0.440 us |   44|   44|   none  |
    +---------+---------+----------+----------+-----+-----+---------+

    + Detail: 
        * Instance: 
        +-------------------------------+--------------------+---------+---------+----------+----------+-----+-----+----------+
        |                               |                    |  Latency (cycles) |  Latency (absolute) |  Interval | Pipeline |
        |            Instance           |       Module       |   min   |   max   |    min   |    max   | min | max |   Type   |
        +-------------------------------+--------------------+---------+---------+----------+----------+-----+-----+----------+
        |grp_lineIntersectPrism_fu_147  |lineIntersectPrism  |       21|       21| 0.210 us | 0.210 us |    1|    1| function |
        |grp_lineIntersectPrism_fu_161  |lineIntersectPrism  |       21|       21| 0.210 us | 0.210 us |    1|    1| function |
        |grp_lineIntersectPrism_fu_175  |lineIntersectPrism  |       21|       21| 0.210 us | 0.210 us |    1|    1| function |
        |grp_lineIntersectPrism_fu_189  |lineIntersectPrism  |       21|       21| 0.210 us | 0.210 us |    1|    1| function |
        +-------------------------------+--------------------+---------+---------+----------+----------+-----+-----+----------+

        * Loop: 
        +-----------------------------------+---------+---------+----------+-----------+-----------+------+----------+
        |                                   |  Latency (cycles) | Iteration|  Initiation Interval  | Trip |          |
        |             Loop Name             |   min   |   max   |  Latency |  achieved |   target  | Count| Pipelined|
        +-----------------------------------+---------+---------+----------+-----------+-----------+------+----------+
        |- honeybee_label5_honeybee_label4  |       42|       42|        28|          1|          1|    16|    yes   |
        +-----------------------------------+---------+---------+----------+-----------+-----------+------+----------+



================================================================
== Utilization Estimates
================================================================
* Summary: 
+-----------------+---------+-------+--------+--------+-----+
|       Name      | BRAM_18K| DSP48E|   FF   |   LUT  | URAM|
+-----------------+---------+-------+--------+--------+-----+
|DSP              |        -|      -|       -|       -|    -|
|Expression       |        -|      -|       0|     353|    -|
|FIFO             |        -|      -|       -|       -|    -|
|Instance         |        0|     72|   26364|   31838|    -|
|Memory           |        -|      -|       -|       -|    -|
|Multiplexer      |        -|      -|       -|      93|    -|
|Register         |        0|      -|     240|      32|    -|
+-----------------+---------+-------+--------+--------+-----+
|Total            |        0|     72|   26604|   32316|    0|
+-----------------+---------+-------+--------+--------+-----+
|Available        |     2060|   2800|  607200|  303600|    0|
+-----------------+---------+-------+--------+--------+-----+
|Utilization (%)  |        0|      2|       4|      10|    0|
+-----------------+---------+-------+--------+--------+-----+

+ Detail: 
    * Instance: 
    +-------------------------------+----------------------+---------+-------+------+------+-----+
    |            Instance           |        Module        | BRAM_18K| DSP48E|  FF  |  LUT | URAM|
    +-------------------------------+----------------------+---------+-------+------+------+-----+
    |honeybee_sitofp_3fYi_U36       |honeybee_sitofp_3fYi  |        0|      0|   168|   339|    0|
    |honeybee_sitofp_3fYi_U37       |honeybee_sitofp_3fYi  |        0|      0|   168|   339|    0|
    |grp_lineIntersectPrism_fu_147  |lineIntersectPrism    |        0|     18|  6507|  7790|    0|
    |grp_lineIntersectPrism_fu_161  |lineIntersectPrism    |        0|     18|  6507|  7790|    0|
    |grp_lineIntersectPrism_fu_175  |lineIntersectPrism    |        0|     18|  6507|  7790|    0|
    |grp_lineIntersectPrism_fu_189  |lineIntersectPrism    |        0|     18|  6507|  7790|    0|
    +-------------------------------+----------------------+---------+-------+------+------+-----+
    |Total                          |                      |        0|     72| 26364| 31838|    0|
    +-------------------------------+----------------------+---------+-------+------+------+-----+

    * DSP48E: 
    N/A

    * Memory: 
    N/A

    * FIFO: 
    N/A

    * Expression: 
    +-------------------------+----------+-------+---+----+------------+------------+
    |      Variable Name      | Operation| DSP48E| FF| LUT| Bitwidth P0| Bitwidth P1|
    +-------------------------+----------+-------+---+----+------------+------------+
    |add_ln76_1_fu_235_p2     |     +    |      0|  0|  12|           3|           1|
    |add_ln76_fu_215_p2       |     +    |      0|  0|  15|           5|           1|
    |add_ln80_1_fu_279_p2     |     +    |      0|  0|  39|          32|           1|
    |add_ln80_2_fu_293_p2     |     +    |      0|  0|  39|          32|           1|
    |add_ln80_3_fu_304_p2     |     +    |      0|  0|  39|          32|           1|
    |add_ln80_fu_265_p2       |     +    |      0|  0|  39|          32|           1|
    |j_fu_259_p2              |     +    |      0|  0|  12|           3|           1|
    |icmp_ln76_fu_209_p2      |   icmp   |      0|  0|  11|           5|           6|
    |icmp_ln77_fu_221_p2      |   icmp   |      0|  0|   9|           3|           4|
    |select_ln76_1_fu_241_p3  |  select  |      0|  0|   3|           1|           3|
    |select_ln76_fu_227_p3    |  select  |      0|  0|   3|           1|           1|
    |select_ln80_1_fu_285_p3  |  select  |      0|  0|  32|           1|          32|
    |select_ln80_2_fu_298_p3  |  select  |      0|  0|  32|           1|          32|
    |select_ln80_3_fu_310_p3  |  select  |      0|  0|  32|           1|          32|
    |select_ln80_fu_271_p3    |  select  |      0|  0|  32|           1|          32|
    |ap_enable_pp0            |    xor   |      0|  0|   2|           1|           2|
    |ap_enable_reg_pp0_iter1  |    xor   |      0|  0|   2|           2|           1|
    +-------------------------+----------+-------+---+----+------------+------------+
    |Total                    |          |      0|  0| 353|         156|         152|
    +-------------------------+----------+-------+---+----+------------+------------+

    * Multiplexer: 
    +-------------------------------------------+----+-----------+-----+-----------+
    |                    Name                   | LUT| Input Size| Bits| Total Bits|
    +-------------------------------------------+----+-----------+-----+-----------+
    |ap_NS_fsm                                  |  21|          4|    1|          4|
    |ap_enable_reg_pp0_iter1                    |   9|          2|    1|          2|
    |ap_enable_reg_pp0_iter27                   |   9|          2|    1|          2|
    |ap_phi_mux_collisionCount_1_phi_fu_139_p4  |   9|          2|   32|         64|
    |ap_phi_mux_i_0_phi_fu_117_p4               |   9|          2|    3|          6|
    |collisionCount_1_reg_135                   |   9|          2|   32|         64|
    |i_0_reg_113                                |   9|          2|    3|          6|
    |indvar_flatten_reg_102                     |   9|          2|    5|         10|
    |j_0_reg_124                                |   9|          2|    3|          6|
    +-------------------------------------------+----+-----------+-----+-----------+
    |Total                                      |  93|         20|   81|        164|
    +-------------------------------------------+----+-----------+-----+-----------+

    * Register: 
    +--------------------------+----+----+-----+-----------+
    |           Name           | FF | LUT| Bits| Const Bits|
    +--------------------------+----+----+-----+-----------+
    |ap_CS_fsm                 |   3|   0|    3|          0|
    |ap_enable_reg_pp0_iter0   |   1|   0|    1|          0|
    |ap_enable_reg_pp0_iter1   |   1|   0|    1|          0|
    |ap_enable_reg_pp0_iter10  |   1|   0|    1|          0|
    |ap_enable_reg_pp0_iter11  |   1|   0|    1|          0|
    |ap_enable_reg_pp0_iter12  |   1|   0|    1|          0|
    |ap_enable_reg_pp0_iter13  |   1|   0|    1|          0|
    |ap_enable_reg_pp0_iter14  |   1|   0|    1|          0|
    |ap_enable_reg_pp0_iter15  |   1|   0|    1|          0|
    |ap_enable_reg_pp0_iter16  |   1|   0|    1|          0|
    |ap_enable_reg_pp0_iter17  |   1|   0|    1|          0|
    |ap_enable_reg_pp0_iter18  |   1|   0|    1|          0|
    |ap_enable_reg_pp0_iter19  |   1|   0|    1|          0|
    |ap_enable_reg_pp0_iter2   |   1|   0|    1|          0|
    |ap_enable_reg_pp0_iter20  |   1|   0|    1|          0|
    |ap_enable_reg_pp0_iter21  |   1|   0|    1|          0|
    |ap_enable_reg_pp0_iter22  |   1|   0|    1|          0|
    |ap_enable_reg_pp0_iter23  |   1|   0|    1|          0|
    |ap_enable_reg_pp0_iter24  |   1|   0|    1|          0|
    |ap_enable_reg_pp0_iter25  |   1|   0|    1|          0|
    |ap_enable_reg_pp0_iter26  |   1|   0|    1|          0|
    |ap_enable_reg_pp0_iter27  |   1|   0|    1|          0|
    |ap_enable_reg_pp0_iter3   |   1|   0|    1|          0|
    |ap_enable_reg_pp0_iter4   |   1|   0|    1|          0|
    |ap_enable_reg_pp0_iter5   |   1|   0|    1|          0|
    |ap_enable_reg_pp0_iter6   |   1|   0|    1|          0|
    |ap_enable_reg_pp0_iter7   |   1|   0|    1|          0|
    |ap_enable_reg_pp0_iter8   |   1|   0|    1|          0|
    |ap_enable_reg_pp0_iter9   |   1|   0|    1|          0|
    |collisionCount_1_reg_135  |  32|   0|   32|          0|
    |i_0_reg_113               |   3|   0|    3|          0|
    |icmp_ln76_reg_365         |   1|   0|    1|          0|
    |indvar_flatten_reg_102    |   5|   0|    5|          0|
    |j_0_reg_124               |   3|   0|    3|          0|
    |obs_x_mid2_reg_394        |  32|   0|   32|          0|
    |obs_y_reg_402             |  32|   0|   32|          0|
    |select_ln76_1_reg_374     |   3|   0|    3|          0|
    |select_ln80_1_reg_410     |  32|   0|   32|          0|
    |tmp_4_2_reg_416           |   1|   0|    1|          0|
    |tmp_4_3_reg_421           |   1|   0|    1|          0|
    |icmp_ln76_reg_365         |  64|  32|    1|          0|
    +--------------------------+----+----+-----+-----------+
    |Total                     | 240|  32|  177|          0|
    +--------------------------+----+----+-----+-----------+



================================================================
== Interface
================================================================
* Summary: 
+-----------+-----+-----+------------+--------------+--------------+
| RTL Ports | Dir | Bits|  Protocol  | Source Object|    C Type    |
+-----------+-----+-----+------------+--------------+--------------+
|ap_clk     |  in |    1| ap_ctrl_hs |   honeybee   | return value |
|ap_rst     |  in |    1| ap_ctrl_hs |   honeybee   | return value |
|ap_start   |  in |    1| ap_ctrl_hs |   honeybee   | return value |
|ap_done    | out |    1| ap_ctrl_hs |   honeybee   | return value |
|ap_idle    | out |    1| ap_ctrl_hs |   honeybee   | return value |
|ap_ready   | out |    1| ap_ctrl_hs |   honeybee   | return value |
|ap_return  | out |   32| ap_ctrl_hs |   honeybee   | return value |
|edge_p1_x  |  in |   32|   ap_none  |   edge_p1_x  |    scalar    |
|edge_p1_y  |  in |   32|   ap_none  |   edge_p1_y  |    scalar    |
|edge_p1_z  |  in |   32|   ap_none  |   edge_p1_z  |    scalar    |
|edge_p2_x  |  in |   32|   ap_none  |   edge_p2_x  |    scalar    |
|edge_p2_y  |  in |   32|   ap_none  |   edge_p2_y  |    scalar    |
|edge_p2_z  |  in |   32|   ap_none  |   edge_p2_z  |    scalar    |
+-----------+-----+-----+------------+--------------+--------------+

