

================================================================
== Vivado HLS Report for 'honeybee'
================================================================
* Date:           Tue Mar 17 21:18:08 2020

* Version:        2019.2 (Build 2704478 on Wed Nov 06 22:10:23 MST 2019)
* Project:        honeybee_001
* Solution:       solution1
* Product family: virtex7
* Target device:  xc7vx485t-ffg1157-1


================================================================
== Performance Estimates
================================================================
+ Timing: 
    * Summary: 
    +--------+----------+----------+------------+
    |  Clock |  Target  | Estimated| Uncertainty|
    +--------+----------+----------+------------+
    |ap_clk  | 10.00 ns | 9.081 ns |   1.25 ns  |
    +--------+----------+----------+------------+

+ Latency: 
    * Summary: 
    +---------+---------+-----------+-----------+------+------+---------+
    |  Latency (cycles) |   Latency (absolute)  |   Interval  | Pipeline|
    |   min   |   max   |    min    |    max    |  min |  max |   Type  |
    +---------+---------+-----------+-----------+------+------+---------+
    |     2160|     2160| 21.600 us | 21.600 us |  2160|  2160|   none  |
    +---------+---------+-----------+-----------+------+------+---------+

    + Detail: 
        * Instance: 
        N/A

        * Loop: 
        +----------------------+---------+---------+----------+-----------+-----------+------+----------+
        |                      |  Latency (cycles) | Iteration|  Initiation Interval  | Trip |          |
        |       Loop Name      |   min   |   max   |  Latency |  achieved |   target  | Count| Pipelined|
        +----------------------+---------+---------+----------+-----------+-----------+------+----------+
        |- honeybee_label5     |     2156|     2156|       539|          -|          -|     4|    no    |
        | + honeybee_label4    |      516|      516|       129|          -|          -|     4|    no    |
        |  ++ honeybee_label3  |      104|      104|        26|          -|          -|     4|    no    |
        +----------------------+---------+---------+----------+-----------+-----------+------+----------+



================================================================
== Utilization Estimates
================================================================
* Summary: 
+-----------------+---------+-------+--------+--------+-----+
|       Name      | BRAM_18K| DSP48E|   FF   |   LUT  | URAM|
+-----------------+---------+-------+--------+--------+-----+
|DSP              |        -|      -|       -|       -|    -|
|Expression       |        -|      -|       0|     602|    -|
|FIFO             |        -|      -|       -|       -|    -|
|Instance         |        -|      6|    1887|    2715|    -|
|Memory           |        -|      -|       -|       -|    -|
|Multiplexer      |        -|      -|       -|     581|    -|
|Register         |        -|      -|     618|       -|    -|
+-----------------+---------+-------+--------+--------+-----+
|Total            |        0|      6|    2505|    3898|    0|
+-----------------+---------+-------+--------+--------+-----+
|Available        |     2060|   2800|  607200|  303600|    0|
+-----------------+---------+-------+--------+--------+-----+
|Utilization (%)  |        0|   ~0  |   ~0   |       1|    0|
+-----------------+---------+-------+--------+--------+-----+

+ Detail: 
    * Instance: 
    +-------------------------+----------------------+---------+-------+-----+-----+-----+
    |         Instance        |        Module        | BRAM_18K| DSP48E|  FF | LUT | URAM|
    +-------------------------+----------------------+---------+-------+-----+-----+-----+
    |honeybee_faddfsubbkb_U1  |honeybee_faddfsubbkb  |        0|      2|  227|  214|    0|
    |honeybee_fcmp_32nfYi_U7  |honeybee_fcmp_32nfYi  |        0|      0|   66|   66|    0|
    |honeybee_fcmp_32nfYi_U8  |honeybee_fcmp_32nfYi  |        0|      0|   66|   66|    0|
    |honeybee_fdiv_32ndEe_U4  |honeybee_fdiv_32ndEe  |        0|      0|  453|  801|    0|
    |honeybee_fdiv_32ndEe_U5  |honeybee_fdiv_32ndEe  |        0|      0|  453|  801|    0|
    |honeybee_fsub_32ncud_U2  |honeybee_fsub_32ncud  |        0|      2|  227|  214|    0|
    |honeybee_fsub_32ncud_U3  |honeybee_fsub_32ncud  |        0|      2|  227|  214|    0|
    |honeybee_sitofp_3eOg_U6  |honeybee_sitofp_3eOg  |        0|      0|  168|  339|    0|
    +-------------------------+----------------------+---------+-------+-----+-----+-----+
    |Total                    |                      |        0|      6| 1887| 2715|    0|
    +-------------------------+----------------------+---------+-------+-----+-----+-----+

    * DSP48E: 
    N/A

    * Memory: 
    N/A

    * FIFO: 
    N/A

    * Expression: 
    +--------------------------+----------+-------+---+----+------------+------------+
    |       Variable Name      | Operation| DSP48E| FF| LUT| Bitwidth P0| Bitwidth P1|
    +--------------------------+----------+-------+---+----+------------+------------+
    |collisionCount_fu_646_p2  |     +    |      0|  0|  39|           1|          32|
    |i_fu_210_p2               |     +    |      0|  0|  12|           3|           1|
    |j_fu_255_p2               |     +    |      0|  0|  12|           3|           1|
    |k_fu_404_p2               |     +    |      0|  0|  12|           3|           1|
    |and_ln20_1_fu_387_p2      |    and   |      0|  0|   2|           1|           1|
    |and_ln20_fu_382_p2        |    and   |      0|  0|   2|           1|           1|
    |and_ln22_1_fu_451_p2      |    and   |      0|  0|   2|           1|           1|
    |and_ln22_fu_446_p2        |    and   |      0|  0|   2|           1|           1|
    |and_ln25_1_fu_469_p2      |    and   |      0|  0|   2|           1|           1|
    |and_ln25_fu_464_p2        |    and   |      0|  0|   2|           1|           1|
    |and_ln40_1_fu_341_p2      |    and   |      0|  0|   2|           1|           1|
    |and_ln40_fu_336_p2        |    and   |      0|  0|   2|           1|           1|
    |and_ln42_1_fu_530_p2      |    and   |      0|  0|   2|           1|           1|
    |and_ln42_fu_525_p2        |    and   |      0|  0|   2|           1|           1|
    |and_ln45_1_fu_548_p2      |    and   |      0|  0|   2|           1|           1|
    |and_ln45_fu_543_p2        |    and   |      0|  0|   2|           1|           1|
    |and_ln70_1_fu_640_p2      |    and   |      0|  0|   2|           1|           1|
    |and_ln70_fu_634_p2        |    and   |      0|  0|   2|           1|           1|
    |icmp_ln20_1_fu_238_p2     |   icmp   |      0|  0|  18|          23|           1|
    |icmp_ln20_2_fu_364_p2     |   icmp   |      0|  0|  11|           8|           2|
    |icmp_ln20_3_fu_370_p2     |   icmp   |      0|  0|  18|          23|           1|
    |icmp_ln20_fu_290_p2       |   icmp   |      0|  0|  11|           8|           2|
    |icmp_ln22_1_fu_434_p2     |   icmp   |      0|  0|  18|          23|           1|
    |icmp_ln22_fu_428_p2       |   icmp   |      0|  0|  11|           8|           2|
    |icmp_ln40_1_fu_224_p2     |   icmp   |      0|  0|  18|          23|           1|
    |icmp_ln40_2_fu_318_p2     |   icmp   |      0|  0|  11|           8|           2|
    |icmp_ln40_3_fu_324_p2     |   icmp   |      0|  0|  18|          23|           1|
    |icmp_ln40_fu_270_p2       |   icmp   |      0|  0|  11|           8|           2|
    |icmp_ln42_1_fu_513_p2     |   icmp   |      0|  0|  18|          23|           1|
    |icmp_ln42_fu_507_p2       |   icmp   |      0|  0|  11|           8|           2|
    |icmp_ln70_1_fu_608_p2     |   icmp   |      0|  0|  18|          23|           1|
    |icmp_ln70_2_fu_614_p2     |   icmp   |      0|  0|  11|           8|           2|
    |icmp_ln70_3_fu_620_p2     |   icmp   |      0|  0|  18|          23|           1|
    |icmp_ln70_fu_602_p2       |   icmp   |      0|  0|  11|           8|           2|
    |icmp_ln76_fu_204_p2       |   icmp   |      0|  0|   9|           3|           4|
    |icmp_ln77_fu_249_p2       |   icmp   |      0|  0|   9|           3|           4|
    |icmp_ln78_fu_398_p2       |   icmp   |      0|  0|   9|           3|           4|
    |or_ln20_1_fu_376_p2       |    or    |      0|  0|   2|           1|           1|
    |or_ln20_fu_296_p2         |    or    |      0|  0|   2|           1|           1|
    |or_ln22_fu_440_p2         |    or    |      0|  0|   2|           1|           1|
    |or_ln40_1_fu_330_p2       |    or    |      0|  0|   2|           1|           1|
    |or_ln40_fu_276_p2         |    or    |      0|  0|   2|           1|           1|
    |or_ln42_fu_519_p2         |    or    |      0|  0|   2|           1|           1|
    |or_ln70_1_fu_630_p2       |    or    |      0|  0|   2|           1|           1|
    |or_ln70_fu_626_p2         |    or    |      0|  0|   2|           1|           1|
    |max_4_fu_457_p3           |  select  |      0|  0|  32|           1|          32|
    |max_6_fu_475_p3           |  select  |      0|  0|  32|           1|          32|
    |max_fu_482_p3             |  select  |      0|  0|  32|           1|          32|
    |min_2_fu_536_p3           |  select  |      0|  0|  32|           1|          32|
    |min_4_fu_554_p3           |  select  |      0|  0|  32|           1|          32|
    |min_7_fu_561_p3           |  select  |      0|  0|  32|           1|          32|
    |select_ln80_fu_652_p3     |  select  |      0|  0|  32|           1|          32|
    +--------------------------+----------+-------+---+----+------------+------------+
    |Total                     |          |      0|  0| 602|         296|         317|
    +--------------------------+----------+-------+---+----+------------+------------+

    * Multiplexer: 
    +------------------------+-----+-----------+-----+-----------+
    |          Name          | LUT | Input Size| Bits| Total Bits|
    +------------------------+-----+-----------+-----+-----------+
    |ap_NS_fsm               |  341|         77|    1|         77|
    |collisionCount_0_fu_58  |    9|          2|   32|         64|
    |grp_fu_131_opcode       |   15|          3|    2|          6|
    |grp_fu_131_p0           |   21|          4|   32|        128|
    |grp_fu_131_p1           |   27|          5|   32|        160|
    |grp_fu_150_p0           |   15|          3|   32|         96|
    |grp_fu_150_p1           |   21|          4|   32|        128|
    |grp_fu_154_p1           |   15|          3|   32|         96|
    |grp_fu_158_p0           |   21|          4|   32|        128|
    |grp_fu_161_opcode       |   15|          3|    5|         15|
    |grp_fu_161_p0           |   21|          4|   32|        128|
    |grp_fu_161_p1           |   33|          6|   32|        192|
    |i_0_reg_98              |    9|          2|    3|          6|
    |j_0_reg_109             |    9|          2|    3|          6|
    |k_0_reg_120             |    9|          2|    3|          6|
    +------------------------+-----+-----------+-----+-----------+
    |Total                   |  581|        124|  305|       1236|
    +------------------------+-----+-----------+-----+-----------+

    * Register: 
    +------------------------+----+----+-----+-----------+
    |          Name          | FF | LUT| Bits| Const Bits|
    +------------------------+----+----+-----+-----------+
    |and_ln20_1_reg_823      |   1|   0|    1|          0|
    |and_ln40_1_reg_813      |   1|   0|    1|          0|
    |ap_CS_fsm               |  76|   0|   76|          0|
    |bitcast_ln20_reg_758    |  32|   0|   32|          0|
    |bitcast_ln40_reg_748    |  32|   0|   32|          0|
    |collisionCount_0_fu_58  |  32|   0|   32|          0|
    |i_0_reg_98              |   3|   0|    3|          0|
    |i_reg_729               |   3|   0|    3|          0|
    |icmp_ln20_1_reg_763     |   1|   0|    1|          0|
    |icmp_ln40_1_reg_753     |   1|   0|    1|          0|
    |icmp_ln70_1_reg_858     |   1|   0|    1|          0|
    |icmp_ln70_2_reg_863     |   1|   0|    1|          0|
    |icmp_ln70_3_reg_868     |   1|   0|    1|          0|
    |icmp_ln70_reg_853       |   1|   0|    1|          0|
    |j_0_reg_109             |   3|   0|    3|          0|
    |j_reg_776               |   3|   0|    3|          0|
    |k_0_reg_120             |   3|   0|    3|          0|
    |k_reg_836               |   3|   0|    3|          0|
    |max_2_reg_741           |  32|   0|   32|          0|
    |max_5_reg_800           |  32|   0|   32|          0|
    |max_reg_841             |  32|   0|   32|          0|
    |min_3_reg_793           |  32|   0|   32|          0|
    |min_7_reg_847           |  32|   0|   32|          0|
    |min_reg_734             |  32|   0|   32|          0|
    |or_ln20_1_reg_818       |   1|   0|    1|          0|
    |or_ln20_reg_787         |   1|   0|    1|          0|
    |or_ln40_1_reg_808       |   1|   0|    1|          0|
    |or_ln40_reg_781         |   1|   0|    1|          0|
    |reg_172                 |  32|   0|   32|          0|
    |reg_177                 |  32|   0|   32|          0|
    |reg_184                 |  32|   0|   32|          0|
    |reg_189                 |  32|   0|   32|          0|
    |tmp_1_i3_i_reg_710      |  32|   0|   32|          0|
    |tmp_1_i7_i_reg_716      |  32|   0|   32|          0|
    |tmp_1_i_i_reg_704       |  32|   0|   32|          0|
    +------------------------+----+----+-----+-----------+
    |Total                   | 618|   0|  618|          0|
    +------------------------+----+----+-----+-----------+



================================================================
== Interface
================================================================
* Summary: 
+-----------+-----+-----+------------+--------------+--------------+
| RTL Ports | Dir | Bits|  Protocol  | Source Object|    C Type    |
+-----------+-----+-----+------------+--------------+--------------+
|ap_clk     |  in |    1| ap_ctrl_hs |   honeybee   | return value |
|ap_rst     |  in |    1| ap_ctrl_hs |   honeybee   | return value |
|ap_start   |  in |    1| ap_ctrl_hs |   honeybee   | return value |
|ap_done    | out |    1| ap_ctrl_hs |   honeybee   | return value |
|ap_idle    | out |    1| ap_ctrl_hs |   honeybee   | return value |
|ap_ready   | out |    1| ap_ctrl_hs |   honeybee   | return value |
|ap_return  | out |   32| ap_ctrl_hs |   honeybee   | return value |
|edge_p1_x  |  in |   32|   ap_none  |   edge_p1_x  |    scalar    |
|edge_p1_y  |  in |   32|   ap_none  |   edge_p1_y  |    scalar    |
|edge_p1_z  |  in |   32|   ap_none  |   edge_p1_z  |    scalar    |
|edge_p2_x  |  in |   32|   ap_none  |   edge_p2_x  |    scalar    |
|edge_p2_y  |  in |   32|   ap_none  |   edge_p2_y  |    scalar    |
|edge_p2_z  |  in |   32|   ap_none  |   edge_p2_z  |    scalar    |
+-----------+-----+-----+------------+--------------+--------------+

