==============================================================
Vivado(TM) HLS - High-Level Synthesis from C, C++ and SystemC v2019.2 (64-bit)
Copyright 1986-2019 Xilinx, Inc. All Rights Reserved.
==============================================================
INFO: [SYN 201-201] Setting up clock 'default' with a period of 10ns.
INFO: [HLS 200-10] Setting target device to 'xc7z020-clg484-1'
INFO: [SCHED 204-61] Option 'relax_ii_for_timing' is enabled, will increase II to preserve clock frequency constraints.
INFO: [HLS 200-10] Analyzing design file 'src/honeybee.c' ... 
INFO: [HLS 200-111] Finished Linking Time (s): cpu = 00:00:10 ; elapsed = 00:00:14 . Memory (MB): peak = 965.715 ; gain = 526.004 ; free physical = 176 ; free virtual = 1785
INFO: [HLS 200-111] Finished Checking Pragmas Time (s): cpu = 00:00:10 ; elapsed = 00:00:14 . Memory (MB): peak = 965.715 ; gain = 526.004 ; free physical = 176 ; free virtual = 1785
INFO: [HLS 200-10] Starting code transformations ...
INFO: [HLS 200-111] Finished Standard Transforms Time (s): cpu = 00:00:12 ; elapsed = 00:00:15 . Memory (MB): peak = 965.715 ; gain = 526.004 ; free physical = 176 ; free virtual = 1784
INFO: [HLS 200-10] Checking synthesizability ...
INFO: [XFORM 203-602] Inlining function 'vector' into 'segmentIntersectsFace' (src/honeybee.c:78) automatically.
INFO: [XFORM 203-602] Inlining function 'crossProduct' into 'segmentIntersectsFace' (src/honeybee.c:82) automatically.
INFO: [XFORM 203-602] Inlining function 'dotProduct' into 'segmentIntersectsFace' (src/honeybee.c:85) automatically.
INFO: [XFORM 203-602] Inlining function 'paramT' into 'segmentIntersectsFace' (src/honeybee.c:88) automatically.
INFO: [XFORM 203-602] Inlining function 'pointOfIntersection' into 'segmentIntersectsFace' (src/honeybee.c:91) automatically.
INFO: [XFORM 203-602] Inlining function 'pointOnSegment' into 'segmentIntersectsFace' (src/honeybee.c:94) automatically.
INFO: [XFORM 203-602] Inlining function 'pointOnFace' into 'segmentIntersectsFace' (src/honeybee.c:97) automatically.
INFO: [HLS 200-111] Finished Checking Synthesizability Time (s): cpu = 00:00:12 ; elapsed = 00:00:16 . Memory (MB): peak = 965.715 ; gain = 526.004 ; free physical = 176 ; free virtual = 1784
INFO: [XFORM 203-602] Inlining function 'vector' into 'segmentIntersectsFace' (src/honeybee.c:78) automatically.
INFO: [XFORM 203-602] Inlining function 'crossProduct' into 'segmentIntersectsFace' (src/honeybee.c:82) automatically.
INFO: [XFORM 203-602] Inlining function 'dotProduct' into 'segmentIntersectsFace' (src/honeybee.c:85) automatically.
INFO: [XFORM 203-602] Inlining function 'paramT' into 'segmentIntersectsFace' (src/honeybee.c:88) automatically.
INFO: [XFORM 203-602] Inlining function 'pointOfIntersection' into 'segmentIntersectsFace' (src/honeybee.c:91) automatically.
INFO: [XFORM 203-602] Inlining function 'pointOnSegment' into 'segmentIntersectsFace' (src/honeybee.c:94) automatically.
INFO: [XFORM 203-602] Inlining function 'pointOnFace' into 'segmentIntersectsFace' (src/honeybee.c:97) automatically.
INFO: [XFORM 203-602] Inlining function 'pointInGrid' into 'segmentIntersectsGrid' (src/honeybee.c:138) automatically.
INFO: [XFORM 203-401] Performing if-conversion on hyperblock from (src/honeybee.c:130:9) to (src/honeybee.c:140:5) in function 'segmentIntersectsGrid'... converting 4 basic blocks.
INFO: [XFORM 203-401] Performing if-conversion on hyperblock from (src/honeybee.c:71:5) to (src/honeybee.c:100:1) in function 'segmentIntersectsFace'... converting 9 basic blocks.
INFO: [XFORM 203-401] Performing if-conversion on hyperblock from (src/honeybee.c:154:59) to (src/honeybee.c:154:52) in function 'honeybee'... converting 3 basic blocks.
INFO: [XFORM 203-11] Balancing expressions in function 'segmentIntersectsGrid' (src/honeybee.c:11:9)...8 expression(s) balanced.
INFO: [XFORM 203-11] Balancing expressions in function 'segmentIntersectsFace' (src/honeybee.c:19:1)...10 expression(s) balanced.
INFO: [HLS 200-111] Finished Pre-synthesis Time (s): cpu = 00:00:12 ; elapsed = 00:00:17 . Memory (MB): peak = 965.715 ; gain = 526.004 ; free physical = 159 ; free virtual = 1768
INFO: [XFORM 203-541] Flattening a loop nest 'Loop-1.1' (src/honeybee.c:153:21) in function 'honeybee'.
INFO: [XFORM 203-541] Flattening a loop nest 'Loop-1' (src/honeybee.c:152:17) in function 'honeybee'.
WARNING: [XFORM 203-631] Renaming function 'segmentIntersectsGrid' to 'segmentIntersectsGri' (src/honeybee.c:11:9)
WARNING: [XFORM 203-631] Renaming function 'segmentIntersectsFace' to 'segmentIntersectsFac' (src/honeybee.c:19:1)
INFO: [HLS 200-111] Finished Architecture Synthesis Time (s): cpu = 00:00:13 ; elapsed = 00:00:19 . Memory (MB): peak = 965.715 ; gain = 526.004 ; free physical = 148 ; free virtual = 1757
INFO: [HLS 200-10] Starting hardware synthesis ...
INFO: [HLS 200-10] Synthesizing 'honeybee' ...
INFO: [HLS 200-10] ----------------------------------------------------------------
INFO: [HLS 200-42] -- Implementing module 'segmentIntersectsFac' 
INFO: [HLS 200-10] ----------------------------------------------------------------
INFO: [SCHED 204-11] Starting scheduling ...
INFO: [SCHED 204-61] Pipelining function 'segmentIntersectsFac'.
INFO: [SCHED 204-61] Pipelining result : Target II = 1, Final II = 1, Depth = 66.
INFO: [SCHED 204-11] Finished scheduling.
INFO: [HLS 200-111]  Elapsed time: 21.12 seconds; current allocated memory: 126.245 MB.
INFO: [BIND 205-100] Starting micro-architecture generation ...
INFO: [BIND 205-101] Performing variable lifetime analysis.
INFO: [BIND 205-101] Exploring resource sharing.
INFO: [BIND 205-101] Binding ...
INFO: [BIND 205-100] Finished micro-architecture generation.
INFO: [HLS 200-111]  Elapsed time: 1 seconds; current allocated memory: 127.713 MB.
INFO: [HLS 200-10] ----------------------------------------------------------------
INFO: [HLS 200-42] -- Implementing module 'segmentIntersectsGri' 
INFO: [HLS 200-10] ----------------------------------------------------------------
INFO: [SCHED 204-11] Starting scheduling ...
INFO: [SCHED 204-61] Pipelining function 'segmentIntersectsGri'.
INFO: [SCHED 204-61] Pipelining result : Target II = 1, Final II = 1, Depth = 412.
INFO: [SCHED 204-11] Finished scheduling.
INFO: [HLS 200-111]  Elapsed time: 1.45 seconds; current allocated memory: 129.333 MB.
INFO: [BIND 205-100] Starting micro-architecture generation ...
INFO: [BIND 205-101] Performing variable lifetime analysis.
INFO: [BIND 205-101] Exploring resource sharing.
INFO: [BIND 205-101] Binding ...
INFO: [BIND 205-100] Finished micro-architecture generation.
INFO: [HLS 200-111]  Elapsed time: 1.76 seconds; current allocated memory: 133.384 MB.
INFO: [HLS 200-10] ----------------------------------------------------------------
INFO: [HLS 200-42] -- Implementing module 'honeybee' 
INFO: [HLS 200-10] ----------------------------------------------------------------
INFO: [SCHED 204-11] Starting scheduling ...
INFO: [SCHED 204-61] Pipelining loop 'L_L_honeybee_label0'.
INFO: [SCHED 204-61] Pipelining result : Target II = 1, Final II = 1, Depth = 421.
INFO: [SCHED 204-11] Finished scheduling.
INFO: [HLS 200-111]  Elapsed time: 4.16 seconds; current allocated memory: 135.762 MB.
INFO: [BIND 205-100] Starting micro-architecture generation ...
INFO: [BIND 205-101] Performing variable lifetime analysis.
INFO: [BIND 205-101] Exploring resource sharing.
INFO: [BIND 205-101] Binding ...
INFO: [BIND 205-100] Finished micro-architecture generation.
INFO: [HLS 200-111]  Elapsed time: 1.9 seconds; current allocated memory: 139.714 MB.
INFO: [HLS 200-10] ----------------------------------------------------------------
INFO: [HLS 200-10] -- Generating RTL for module 'segmentIntersectsFac' 
INFO: [HLS 200-10] ----------------------------------------------------------------
INFO: [SYN 201-210] Renamed object name 'honeybee_fadd_32ns_32ns_32_5_full_dsp_0' to 'honeybee_fadd_32nbkb' due to the length limit 20
INFO: [SYN 201-210] Renamed object name 'honeybee_fsub_32ns_32ns_32_5_full_dsp_0' to 'honeybee_fsub_32ncud' due to the length limit 20
INFO: [SYN 201-210] Renamed object name 'honeybee_fmul_32ns_32ns_32_4_max_dsp_0' to 'honeybee_fmul_32ndEe' due to the length limit 20
INFO: [SYN 201-210] Renamed object name 'honeybee_fdiv_32ns_32ns_32_16_0' to 'honeybee_fdiv_32neOg' due to the length limit 20
INFO: [SYN 201-210] Renamed object name 'honeybee_fcmp_32ns_32ns_1_2_0' to 'honeybee_fcmp_32nfYi' due to the length limit 20
==============================================================
Vivado(TM) HLS - High-Level Synthesis from C, C++ and SystemC v2019.2 (64-bit)
Copyright 1986-2019 Xilinx, Inc. All Rights Reserved.
==============================================================
INFO: [SYN 201-201] Setting up clock 'default' with a period of 10ns.
INFO: [HLS 200-10] Setting target device to 'xc7z020-clg484-1'
INFO: [SCHED 204-61] Option 'relax_ii_for_timing' is enabled, will increase II to preserve clock frequency constraints.
INFO: [HLS 200-10] Analyzing design file 'src/honeybee.c' ... 
INFO: [HLS 200-111] Finished Linking Time (s): cpu = 00:00:10 ; elapsed = 00:00:14 . Memory (MB): peak = 965.715 ; gain = 526.004 ; free physical = 218 ; free virtual = 1749
INFO: [HLS 200-111] Finished Checking Pragmas Time (s): cpu = 00:00:10 ; elapsed = 00:00:14 . Memory (MB): peak = 965.715 ; gain = 526.004 ; free physical = 218 ; free virtual = 1749
INFO: [HLS 200-10] Starting code transformations ...
INFO: [HLS 200-111] Finished Standard Transforms Time (s): cpu = 00:00:11 ; elapsed = 00:00:15 . Memory (MB): peak = 965.715 ; gain = 526.004 ; free physical = 217 ; free virtual = 1748
INFO: [HLS 200-10] Checking synthesizability ...
INFO: [XFORM 203-602] Inlining function 'vector' into 'segmentIntersectsFace' (src/honeybee.c:78) automatically.
INFO: [XFORM 203-602] Inlining function 'crossProduct' into 'segmentIntersectsFace' (src/honeybee.c:82) automatically.
INFO: [XFORM 203-602] Inlining function 'dotProduct' into 'segmentIntersectsFace' (src/honeybee.c:85) automatically.
INFO: [XFORM 203-602] Inlining function 'paramT' into 'segmentIntersectsFace' (src/honeybee.c:88) automatically.
INFO: [XFORM 203-602] Inlining function 'pointOfIntersection' into 'segmentIntersectsFace' (src/honeybee.c:91) automatically.
INFO: [XFORM 203-602] Inlining function 'pointOnSegment' into 'segmentIntersectsFace' (src/honeybee.c:94) automatically.
INFO: [XFORM 203-602] Inlining function 'pointOnFace' into 'segmentIntersectsFace' (src/honeybee.c:97) automatically.
INFO: [HLS 200-111] Finished Checking Synthesizability Time (s): cpu = 00:00:11 ; elapsed = 00:00:15 . Memory (MB): peak = 965.715 ; gain = 526.004 ; free physical = 217 ; free virtual = 1748
INFO: [HLS 200-489] Unrolling loop 'honeybee_label1' (src/honeybee.c:153) in function 'honeybee' completely with a factor of 2.
INFO: [HLS 200-489] Unrolling loop 'honeybee_label0' (src/honeybee.c:154) in function 'honeybee' completely with a factor of 2.
INFO: [XFORM 203-602] Inlining function 'vector' into 'segmentIntersectsFace' (src/honeybee.c:78) automatically.
INFO: [XFORM 203-602] Inlining function 'crossProduct' into 'segmentIntersectsFace' (src/honeybee.c:82) automatically.
INFO: [XFORM 203-602] Inlining function 'dotProduct' into 'segmentIntersectsFace' (src/honeybee.c:85) automatically.
INFO: [XFORM 203-602] Inlining function 'paramT' into 'segmentIntersectsFace' (src/honeybee.c:88) automatically.
INFO: [XFORM 203-602] Inlining function 'pointOfIntersection' into 'segmentIntersectsFace' (src/honeybee.c:91) automatically.
INFO: [XFORM 203-602] Inlining function 'pointOnSegment' into 'segmentIntersectsFace' (src/honeybee.c:94) automatically.
INFO: [XFORM 203-602] Inlining function 'pointOnFace' into 'segmentIntersectsFace' (src/honeybee.c:97) automatically.
INFO: [XFORM 203-602] Inlining function 'pointInGrid' into 'segmentIntersectsGrid' (src/honeybee.c:138) automatically.
INFO: [XFORM 203-401] Performing if-conversion on hyperblock from (src/honeybee.c:130:9) to (src/honeybee.c:140:5) in function 'segmentIntersectsGrid'... converting 4 basic blocks.
INFO: [XFORM 203-401] Performing if-conversion on hyperblock from (src/honeybee.c:71:5) to (src/honeybee.c:100:1) in function 'segmentIntersectsFace'... converting 9 basic blocks.
INFO: [XFORM 203-401] Performing if-conversion on hyperblock from (src/honeybee.c:161:13) to (src/honeybee.c:152:26) in function 'honeybee'... converting 9 basic blocks.
INFO: [XFORM 203-11] Balancing expressions in function 'segmentIntersectsGrid' (src/honeybee.c:11:9)...8 expression(s) balanced.
INFO: [XFORM 203-11] Balancing expressions in function 'segmentIntersectsFace' (src/honeybee.c:19:1)...10 expression(s) balanced.
INFO: [XFORM 203-11] Balancing expressions in function 'honeybee' (src/honeybee.c:152:26)...4 expression(s) balanced.
INFO: [HLS 200-111] Finished Pre-synthesis Time (s): cpu = 00:00:12 ; elapsed = 00:00:16 . Memory (MB): peak = 965.715 ; gain = 526.004 ; free physical = 200 ; free virtual = 1731
WARNING: [XFORM 203-631] Renaming function 'segmentIntersectsGrid' to 'segmentIntersectsGri' (src/honeybee.c:11:9)
WARNING: [XFORM 203-631] Renaming function 'segmentIntersectsFace' to 'segmentIntersectsFac' (src/honeybee.c:19:1)
INFO: [HLS 200-111] Finished Architecture Synthesis Time (s): cpu = 00:00:12 ; elapsed = 00:00:17 . Memory (MB): peak = 965.715 ; gain = 526.004 ; free physical = 189 ; free virtual = 1720
INFO: [HLS 200-10] Starting hardware synthesis ...
INFO: [HLS 200-10] Synthesizing 'honeybee' ...
INFO: [HLS 200-10] ----------------------------------------------------------------
INFO: [HLS 200-42] -- Implementing module 'segmentIntersectsFac' 
INFO: [HLS 200-10] ----------------------------------------------------------------
INFO: [SCHED 204-11] Starting scheduling ...
INFO: [SCHED 204-11] Finished scheduling.
INFO: [HLS 200-111]  Elapsed time: 18.6 seconds; current allocated memory: 126.230 MB.
INFO: [BIND 205-100] Starting micro-architecture generation ...
INFO: [BIND 205-101] Performing variable lifetime analysis.
INFO: [BIND 205-101] Exploring resource sharing.
INFO: [BIND 205-101] Binding ...
INFO: [BIND 205-100] Finished micro-architecture generation.
INFO: [HLS 200-111]  Elapsed time: 0.77 seconds; current allocated memory: 127.507 MB.
INFO: [HLS 200-10] ----------------------------------------------------------------
INFO: [HLS 200-42] -- Implementing module 'segmentIntersectsGri' 
INFO: [HLS 200-10] ----------------------------------------------------------------
INFO: [SCHED 204-11] Starting scheduling ...
INFO: [SCHED 204-11] Finished scheduling.
INFO: [HLS 200-111]  Elapsed time: 1.16 seconds; current allocated memory: 128.240 MB.
INFO: [BIND 205-100] Starting micro-architecture generation ...
INFO: [BIND 205-101] Performing variable lifetime analysis.
INFO: [BIND 205-101] Exploring resource sharing.
INFO: [BIND 205-101] Binding ...
INFO: [BIND 205-100] Finished micro-architecture generation.
INFO: [HLS 200-111]  Elapsed time: 0.54 seconds; current allocated memory: 128.986 MB.
INFO: [HLS 200-10] ----------------------------------------------------------------
INFO: [HLS 200-42] -- Implementing module 'honeybee' 
INFO: [HLS 200-10] ----------------------------------------------------------------
INFO: [SCHED 204-11] Starting scheduling ...
INFO: [SCHED 204-11] Finished scheduling.
INFO: [HLS 200-111]  Elapsed time: 0.94 seconds; current allocated memory: 129.467 MB.
INFO: [BIND 205-100] Starting micro-architecture generation ...
INFO: [BIND 205-101] Performing variable lifetime analysis.
INFO: [BIND 205-101] Exploring resource sharing.
INFO: [BIND 205-101] Binding ...
INFO: [BIND 205-100] Finished micro-architecture generation.
INFO: [HLS 200-111]  Elapsed time: 0.73 seconds; current allocated memory: 129.992 MB.
INFO: [HLS 200-10] ----------------------------------------------------------------
INFO: [HLS 200-10] -- Generating RTL for module 'segmentIntersectsFac' 
INFO: [HLS 200-10] ----------------------------------------------------------------
INFO: [SYN 201-210] Renamed object name 'honeybee_faddfsub_32ns_32ns_32_5_full_dsp_1' to 'honeybee_faddfsubbkb' due to the length limit 20
INFO: [SYN 201-210] Renamed object name 'honeybee_fsub_32ns_32ns_32_5_full_dsp_1' to 'honeybee_fsub_32ncud' due to the length limit 20
INFO: [SYN 201-210] Renamed object name 'honeybee_fmul_32ns_32ns_32_4_max_dsp_1' to 'honeybee_fmul_32ndEe' due to the length limit 20
INFO: [SYN 201-210] Renamed object name 'honeybee_fdiv_32ns_32ns_32_16_1' to 'honeybee_fdiv_32neOg' due to the length limit 20
INFO: [SYN 201-210] Renamed object name 'honeybee_fcmp_32ns_32ns_1_2_1' to 'honeybee_fcmp_32nfYi' due to the length limit 20
INFO: [RTGEN 206-100] Generating core module 'honeybee_faddfsubbkb': 3 instance(s).
INFO: [RTGEN 206-100] Generating core module 'honeybee_fcmp_32nfYi': 10 instance(s).
INFO: [RTGEN 206-100] Generating core module 'honeybee_fdiv_32neOg': 1 instance(s).
