==============================================================
Vivado(TM) HLS - High-Level Synthesis from C, C++ and SystemC v2019.2 (64-bit)
Copyright 1986-2019 Xilinx, Inc. All Rights Reserved.
==============================================================
INFO: [SYN 201-201] Setting up clock 'default' with a period of 10ns.
WARNING: [HLS 200-40] Cannot find library '/tools/Xilinx/Vivado/2019.2/common/technology/xilinx/Virtex-7/Virtex-7.lib'.
WARNING: [HLS 200-40] Cannot find library 'xilinx/Virtex-7/Virtex-7'.
INFO: [HLS 200-10] Setting target device to 'xc7vx485t-ffg1157-1'
INFO: [SCHED 204-61] Option 'relax_ii_for_timing' is enabled, will increase II to preserve clock frequency constraints.
INFO: [HLS 200-10] Analyzing design file 'src/honeybee.c' ... 
INFO: [HLS 200-111] Finished Linking Time (s): cpu = 00:00:10 ; elapsed = 00:00:15 . Memory (MB): peak = 898.746 ; gain = 459.035 ; free physical = 142 ; free virtual = 1131
INFO: [HLS 200-111] Finished Checking Pragmas Time (s): cpu = 00:00:10 ; elapsed = 00:00:15 . Memory (MB): peak = 898.746 ; gain = 459.035 ; free physical = 142 ; free virtual = 1131
INFO: [HLS 200-10] Starting code transformations ...
INFO: [HLS 200-111] Finished Standard Transforms Time (s): cpu = 00:00:11 ; elapsed = 00:00:17 . Memory (MB): peak = 898.746 ; gain = 459.035 ; free physical = 142 ; free virtual = 1131
INFO: [HLS 200-10] Checking synthesizability ...
INFO: [XFORM 203-602] Inlining function 'lessThan' into 'lineIntersectPrism' (src/honeybee.c:60) automatically.
INFO: [XFORM 203-602] Inlining function 'minFloat3' into 'lineIntersectPrism' (src/honeybee.c:62) automatically.
INFO: [XFORM 203-602] Inlining function 'greaterThan' into 'lineIntersectPrism' (src/honeybee.c:65) automatically.
INFO: [XFORM 203-602] Inlining function 'maxFloat3' into 'lineIntersectPrism' (src/honeybee.c:67) automatically.
INFO: [HLS 200-111] Finished Checking Synthesizability Time (s): cpu = 00:00:11 ; elapsed = 00:00:17 . Memory (MB): peak = 898.746 ; gain = 459.035 ; free physical = 142 ; free virtual = 1131
INFO: [XFORM 203-502] Unrolling all sub-loops inside loop 'honeybee_label5' (src/honeybee.c:76) in function 'honeybee' for pipelining.
WARNING: [XFORM 203-505] Ignored pipeline directive for loop 'honeybee_label4' (src/honeybee.c:77) because its parent loop or function is pipelined.
WARNING: [XFORM 203-505] Ignored pipeline directive for loop 'honeybee_label3' (src/honeybee.c:78) because its parent loop or function is pipelined.
INFO: [HLS 200-489] Unrolling loop 'honeybee_label4' (src/honeybee.c:77) in function 'honeybee' completely with a factor of 4.
INFO: [HLS 200-489] Unrolling loop 'honeybee_label3' (src/honeybee.c:78) in function 'honeybee' completely with a factor of 4.
INFO: [XFORM 203-602] Inlining function 'lessThan' into 'lineIntersectPrism' (src/honeybee.c:60) automatically.
INFO: [XFORM 203-602] Inlining function 'minFloat3' into 'lineIntersectPrism' (src/honeybee.c:62) automatically.
INFO: [XFORM 203-602] Inlining function 'greaterThan' into 'lineIntersectPrism' (src/honeybee.c:65) automatically.
INFO: [XFORM 203-602] Inlining function 'maxFloat3' into 'lineIntersectPrism' (src/honeybee.c:67) automatically.
INFO: [XFORM 203-401] Performing if-conversion on hyperblock from (src/honeybee.c:13:22) to (src/honeybee.c:70:5) in function 'lineIntersectPrism'... converting 7 basic blocks.
INFO: [HLS 200-111] Finished Pre-synthesis Time (s): cpu = 00:00:11 ; elapsed = 00:00:17 . Memory (MB): peak = 898.746 ; gain = 459.035 ; free physical = 124 ; free virtual = 1113
INFO: [HLS 200-111] Finished Architecture Synthesis Time (s): cpu = 00:00:11 ; elapsed = 00:00:18 . Memory (MB): peak = 898.746 ; gain = 459.035 ; free physical = 123 ; free virtual = 1112
INFO: [HLS 200-10] Starting hardware synthesis ...
INFO: [HLS 200-10] Synthesizing 'honeybee' ...
INFO: [HLS 200-10] ----------------------------------------------------------------
INFO: [HLS 200-42] -- Implementing module 'lineIntersectPrism' 
INFO: [HLS 200-10] ----------------------------------------------------------------
INFO: [SCHED 204-11] Starting scheduling ...
INFO: [SCHED 204-61] Pipelining function 'lineIntersectPrism'.
INFO: [SCHED 204-61] Pipelining result : Target II = 1, Final II = 1, Depth = 22.
INFO: [SCHED 204-11] Finished scheduling.
INFO: [HLS 200-111]  Elapsed time: 18.2 seconds; current allocated memory: 114.252 MB.
INFO: [BIND 205-100] Starting micro-architecture generation ...
INFO: [BIND 205-101] Performing variable lifetime analysis.
INFO: [BIND 205-101] Exploring resource sharing.
INFO: [BIND 205-101] Binding ...
INFO: [BIND 205-100] Finished micro-architecture generation.
INFO: [HLS 200-111]  Elapsed time: 0.7 seconds; current allocated memory: 114.854 MB.
INFO: [HLS 200-10] ----------------------------------------------------------------
INFO: [HLS 200-42] -- Implementing module 'honeybee' 
INFO: [HLS 200-10] ----------------------------------------------------------------
INFO: [SCHED 204-11] Starting scheduling ...
INFO: [SCHED 204-61] Pipelining loop 'honeybee_label5'.
WARNING: [SCHED 204-68] The II Violation in module 'honeybee' (Loop: honeybee_label5): Unable to enforce a carried dependence constraint (II = 1, distance = 1, offset = 1)
   between 'select' operation ('select_ln80_12', src/honeybee.c:80) and 'add' operation ('add_ln80', src/honeybee.c:80).
WARNING: [SCHED 204-68] The II Violation in module 'honeybee' (Loop: honeybee_label5): Unable to enforce a carried dependence constraint (II = 2, distance = 1, offset = 1)
   between 'select' operation ('select_ln80_12', src/honeybee.c:80) and 'add' operation ('add_ln80', src/honeybee.c:80).
WARNING: [SCHED 204-68] The II Violation in module 'honeybee' (Loop: honeybee_label5): Unable to enforce a carried dependence constraint (II = 3, distance = 1, offset = 1)
   between 'select' operation ('select_ln80_12', src/honeybee.c:80) and 'add' operation ('add_ln80', src/honeybee.c:80).
WARNING: [SCHED 204-68] The II Violation in module 'honeybee' (Loop: honeybee_label5): Unable to enforce a carried dependence constraint (II = 4, distance = 1, offset = 1)
   between 'add' operation ('add_ln80_14', src/honeybee.c:80) and 'add' operation ('add_ln80_1', src/honeybee.c:80).
INFO: [SCHED 204-61] Pipelining result : Target II = 1, Final II = 5, Depth = 31.
INFO: [SCHED 204-11] Finished scheduling.
INFO: [HLS 200-111]  Elapsed time: 1.27 seconds; current allocated memory: 115.655 MB.
INFO: [BIND 205-100] Starting micro-architecture generation ...
INFO: [BIND 205-101] Performing variable lifetime analysis.
INFO: [BIND 205-101] Exploring resource sharing.
INFO: [BIND 205-101] Binding ...
INFO: [BIND 205-100] Finished micro-architecture generation.
INFO: [HLS 200-111]  Elapsed time: 1.16 seconds; current allocated memory: 117.607 MB.
INFO: [HLS 200-10] ----------------------------------------------------------------
INFO: [HLS 200-10] -- Generating RTL for module 'lineIntersectPrism' 
INFO: [HLS 200-10] ----------------------------------------------------------------
INFO: [SYN 201-210] Renamed object name 'honeybee_fsub_32ns_32ns_32_4_full_dsp_0' to 'honeybee_fsub_32nbkb' due to the length limit 20
INFO: [SYN 201-210] Renamed object name 'honeybee_fadd_32ns_32ns_32_4_full_dsp_0' to 'honeybee_fadd_32ncud' due to the length limit 20
INFO: [SYN 201-210] Renamed object name 'honeybee_fdiv_32ns_32ns_32_10_0' to 'honeybee_fdiv_32ndEe' due to the length limit 20
INFO: [SYN 201-210] Renamed object name 'honeybee_fcmp_32ns_32ns_1_2_0' to 'honeybee_fcmp_32neOg' due to the length limit 20
INFO: [RTGEN 206-100] Generating core module 'honeybee_fadd_32ncud': 3 instance(s).
INFO: [RTGEN 206-100] Generating core module 'honeybee_fcmp_32neOg': 7 instance(s).
INFO: [RTGEN 206-100] Generating core module 'honeybee_fdiv_32ndEe': 6 instance(s).
INFO: [RTGEN 206-100] Generating core module 'honeybee_fsub_32nbkb': 6 instance(s).
INFO: [RTGEN 206-100] Finished creating RTL model for 'lineIntersectPrism'.
INFO: [HLS 200-111]  Elapsed time: 2.18 seconds; current allocated memory: 119.217 MB.
INFO: [HLS 200-10] ----------------------------------------------------------------
INFO: [HLS 200-10] -- Generating RTL for module 'honeybee' 
INFO: [HLS 200-10] ----------------------------------------------------------------
INFO: [RTGEN 206-500] Setting interface mode on port 'honeybee/edge_p1_x' to 'ap_none'.
INFO: [RTGEN 206-500] Setting interface mode on port 'honeybee/edge_p1_y' to 'ap_none'.
==============================================================
Vivado(TM) HLS - High-Level Synthesis from C, C++ and SystemC v2019.2 (64-bit)
Copyright 1986-2019 Xilinx, Inc. All Rights Reserved.
==============================================================
INFO: [SYN 201-201] Setting up clock 'default' with a period of 10ns.
WARNING: [HLS 200-40] Cannot find library '/tools/Xilinx/Vivado/2019.2/common/technology/xilinx/Virtex-7/Virtex-7.lib'.
WARNING: [HLS 200-40] Cannot find library 'xilinx/Virtex-7/Virtex-7'.
INFO: [HLS 200-10] Setting target device to 'xc7vx485t-ffg1157-1'
INFO: [SCHED 204-61] Option 'relax_ii_for_timing' is enabled, will increase II to preserve clock frequency constraints.
INFO: [HLS 200-10] Analyzing design file 'src/honeybee.c' ... 
INFO: [HLS 200-111] Finished Linking Time (s): cpu = 00:00:10 ; elapsed = 00:00:16 . Memory (MB): peak = 965.715 ; gain = 526.004 ; free physical = 143 ; free virtual = 1075
INFO: [HLS 200-111] Finished Checking Pragmas Time (s): cpu = 00:00:10 ; elapsed = 00:00:16 . Memory (MB): peak = 965.715 ; gain = 526.004 ; free physical = 143 ; free virtual = 1075
INFO: [HLS 200-10] Starting code transformations ...
INFO: [HLS 200-111] Finished Standard Transforms Time (s): cpu = 00:00:11 ; elapsed = 00:00:18 . Memory (MB): peak = 965.715 ; gain = 526.004 ; free physical = 143 ; free virtual = 1075
INFO: [HLS 200-10] Checking synthesizability ...
INFO: [XFORM 203-602] Inlining function 'lessThan' into 'lineIntersectPrism' (src/honeybee.c:60) automatically.
INFO: [XFORM 203-602] Inlining function 'minFloat3' into 'lineIntersectPrism' (src/honeybee.c:62) automatically.
INFO: [XFORM 203-602] Inlining function 'greaterThan' into 'lineIntersectPrism' (src/honeybee.c:65) automatically.
INFO: [XFORM 203-602] Inlining function 'maxFloat3' into 'lineIntersectPrism' (src/honeybee.c:67) automatically.
INFO: [HLS 200-111] Finished Checking Synthesizability Time (s): cpu = 00:00:11 ; elapsed = 00:00:18 . Memory (MB): peak = 965.715 ; gain = 526.004 ; free physical = 143 ; free virtual = 1075
INFO: [XFORM 203-502] Unrolling all sub-loops inside loop 'honeybee_label5' (src/honeybee.c:76) in function 'honeybee' for pipelining.
WARNING: [XFORM 203-505] Ignored pipeline directive for loop 'honeybee_label4' (src/honeybee.c:77) because its parent loop or function is pipelined.
WARNING: [XFORM 203-505] Ignored pipeline directive for loop 'honeybee_label3' (src/honeybee.c:78) because its parent loop or function is pipelined.
INFO: [HLS 200-489] Unrolling loop 'honeybee_label4' (src/honeybee.c:77) in function 'honeybee' completely with a factor of 8.
INFO: [HLS 200-489] Unrolling loop 'honeybee_label3' (src/honeybee.c:78) in function 'honeybee' completely with a factor of 8.
INFO: [XFORM 203-602] Inlining function 'lessThan' into 'lineIntersectPrism' (src/honeybee.c:60) automatically.
INFO: [XFORM 203-602] Inlining function 'minFloat3' into 'lineIntersectPrism' (src/honeybee.c:62) automatically.
INFO: [XFORM 203-602] Inlining function 'greaterThan' into 'lineIntersectPrism' (src/honeybee.c:65) automatically.
INFO: [XFORM 203-602] Inlining function 'maxFloat3' into 'lineIntersectPrism' (src/honeybee.c:67) automatically.
INFO: [XFORM 203-401] Performing if-conversion on hyperblock from (src/honeybee.c:13:22) to (src/honeybee.c:70:5) in function 'lineIntersectPrism'... converting 7 basic blocks.
INFO: [HLS 200-111] Finished Pre-synthesis Time (s): cpu = 00:00:11 ; elapsed = 00:00:19 . Memory (MB): peak = 965.715 ; gain = 526.004 ; free physical = 127 ; free virtual = 1059
INFO: [HLS 200-111] Finished Architecture Synthesis Time (s): cpu = 00:00:11 ; elapsed = 00:00:20 . Memory (MB): peak = 965.715 ; gain = 526.004 ; free physical = 125 ; free virtual = 1057
INFO: [HLS 200-10] Starting hardware synthesis ...
INFO: [HLS 200-10] Synthesizing 'honeybee' ...
INFO: [HLS 200-10] ----------------------------------------------------------------
INFO: [HLS 200-42] -- Implementing module 'lineIntersectPrism' 
INFO: [HLS 200-10] ----------------------------------------------------------------
INFO: [SCHED 204-11] Starting scheduling ...
INFO: [SCHED 204-61] Pipelining function 'lineIntersectPrism'.
INFO: [SCHED 204-61] Pipelining result : Target II = 1, Final II = 1, Depth = 22.
INFO: [SCHED 204-11] Finished scheduling.
INFO: [HLS 200-111]  Elapsed time: 19.84 seconds; current allocated memory: 116.140 MB.
INFO: [BIND 205-100] Starting micro-architecture generation ...
INFO: [BIND 205-101] Performing variable lifetime analysis.
INFO: [BIND 205-101] Exploring resource sharing.
INFO: [BIND 205-101] Binding ...
INFO: [BIND 205-100] Finished micro-architecture generation.
INFO: [HLS 200-111]  Elapsed time: 0.7 seconds; current allocated memory: 116.725 MB.
INFO: [HLS 200-10] ----------------------------------------------------------------
INFO: [HLS 200-42] -- Implementing module 'honeybee' 
INFO: [HLS 200-10] ----------------------------------------------------------------
INFO: [SCHED 204-11] Starting scheduling ...
INFO: [SCHED 204-61] Pipelining loop 'honeybee_label5'.
WARNING: [SCHED 204-68] The II Violation in module 'honeybee' (Loop: honeybee_label5): Unable to enforce a carried dependence constraint (II = 1, distance = 1, offset = 1)
   between 'select' operation ('select_ln80_60', src/honeybee.c:80) and 'add' operation ('add_ln80', src/honeybee.c:80).
WARNING: [SCHED 204-68] The II Violation in module 'honeybee' (Loop: honeybee_label5): Unable to enforce a carried dependence constraint (II = 2, distance = 1, offset = 1)
   between 'select' operation ('select_ln80_60', src/honeybee.c:80) and 'add' operation ('add_ln80', src/honeybee.c:80).
WARNING: [SCHED 204-68] The II Violation in module 'honeybee' (Loop: honeybee_label5): Unable to enforce a carried dependence constraint (II = 3, distance = 1, offset = 1)
   between 'select' operation ('select_ln80_60', src/honeybee.c:80) and 'add' operation ('add_ln80', src/honeybee.c:80).
WARNING: [SCHED 204-68] The II Violation in module 'honeybee' (Loop: honeybee_label5): Unable to enforce a carried dependence constraint (II = 4, distance = 1, offset = 1)
   between 'select' operation ('select_ln80_60', src/honeybee.c:80) and 'add' operation ('add_ln80', src/honeybee.c:80).
WARNING: [SCHED 204-68] The II Violation in module 'honeybee' (Loop: honeybee_label5): Unable to enforce a carried dependence constraint (II = 11, distance = 1, offset = 1)
   between 'select' operation ('select_ln80_60', src/honeybee.c:80) and 'add' operation ('add_ln80', src/honeybee.c:80).
WARNING: [SCHED 204-68] The II Violation in module 'honeybee' (Loop: honeybee_label5): Unable to enforce a carried dependence constraint (II = 15, distance = 1, offset = 1)
   between 'select' operation ('select_ln80_60', src/honeybee.c:80) and 'add' operation ('add_ln80', src/honeybee.c:80).
WARNING: [SCHED 204-68] The II Violation in module 'honeybee' (Loop: honeybee_label5): Unable to enforce a carried dependence constraint (II = 17, distance = 1, offset = 1)
   between 'select' operation ('select_ln80_60', src/honeybee.c:80) and 'add' operation ('add_ln80', src/honeybee.c:80).
WARNING: [SCHED 204-68] The II Violation in module 'honeybee' (Loop: honeybee_label5): Unable to enforce a carried dependence constraint (II = 18, distance = 1, offset = 1)
   between 'add' operation ('add_ln80_63', src/honeybee.c:80) and 'add' operation ('add_ln80_2', src/honeybee.c:80).
INFO: [SCHED 204-61] Pipelining result : Target II = 1, Final II = 19, Depth = 45.
INFO: [SCHED 204-11] Finished scheduling.
INFO: [HLS 200-111]  Elapsed time: 2.84 seconds; current allocated memory: 119.093 MB.
INFO: [BIND 205-100] Starting micro-architecture generation ...
INFO: [BIND 205-101] Performing variable lifetime analysis.
INFO: [BIND 205-101] Exploring resource sharing.
INFO: [BIND 205-101] Binding ...
INFO: [BIND 205-100] Finished micro-architecture generation.
INFO: [HLS 200-111]  Elapsed time: 1.98 seconds; current allocated memory: 126.128 MB.
INFO: [HLS 200-10] ----------------------------------------------------------------
INFO: [HLS 200-10] -- Generating RTL for module 'lineIntersectPrism' 
INFO: [HLS 200-10] ----------------------------------------------------------------
INFO: [SYN 201-210] Renamed object name 'honeybee_fsub_32ns_32ns_32_4_full_dsp_0' to 'honeybee_fsub_32nbkb' due to the length limit 20
INFO: [SYN 201-210] Renamed object name 'honeybee_fadd_32ns_32ns_32_4_full_dsp_0' to 'honeybee_fadd_32ncud' due to the length limit 20
==============================================================
Vivado(TM) HLS - High-Level Synthesis from C, C++ and SystemC v2019.2 (64-bit)
Copyright 1986-2019 Xilinx, Inc. All Rights Reserved.
==============================================================
INFO: [SYN 201-201] Setting up clock 'default' with a period of 10ns.
WARNING: [HLS 200-40] Cannot find library '/tools/Xilinx/Vivado/2019.2/common/technology/xilinx/Virtex-7/Virtex-7.lib'.
WARNING: [HLS 200-40] Cannot find library 'xilinx/Virtex-7/Virtex-7'.
INFO: [HLS 200-10] Setting target device to 'xc7vx485t-ffg1157-1'
INFO: [SCHED 204-61] Option 'relax_ii_for_timing' is enabled, will increase II to preserve clock frequency constraints.
INFO: [HLS 200-10] Analyzing design file 'src/honeybee.c' ... 
INFO: [HLS 200-111] Finished Linking Time (s): cpu = 00:00:10 ; elapsed = 00:00:14 . Memory (MB): peak = 965.715 ; gain = 526.004 ; free physical = 132 ; free virtual = 2231
INFO: [HLS 200-111] Finished Checking Pragmas Time (s): cpu = 00:00:10 ; elapsed = 00:00:14 . Memory (MB): peak = 965.715 ; gain = 526.004 ; free physical = 132 ; free virtual = 2231
INFO: [HLS 200-10] Starting code transformations ...
INFO: [HLS 200-111] Finished Standard Transforms Time (s): cpu = 00:00:12 ; elapsed = 00:00:15 . Memory (MB): peak = 965.715 ; gain = 526.004 ; free physical = 132 ; free virtual = 2231
INFO: [HLS 200-10] Checking synthesizability ...
INFO: [XFORM 203-602] Inlining function 'lessThan' into 'lineIntersectPrism' (src/honeybee.c:60) automatically.
INFO: [XFORM 203-602] Inlining function 'minFloat3' into 'lineIntersectPrism' (src/honeybee.c:62) automatically.
INFO: [XFORM 203-602] Inlining function 'greaterThan' into 'lineIntersectPrism' (src/honeybee.c:65) automatically.
INFO: [XFORM 203-602] Inlining function 'maxFloat3' into 'lineIntersectPrism' (src/honeybee.c:67) automatically.
INFO: [HLS 200-111] Finished Checking Synthesizability Time (s): cpu = 00:00:12 ; elapsed = 00:00:15 . Memory (MB): peak = 965.715 ; gain = 526.004 ; free physical = 132 ; free virtual = 2231
INFO: [XFORM 203-502] Unrolling all sub-loops inside loop 'honeybee_label5' (src/honeybee.c:76) in function 'honeybee' for pipelining.
WARNING: [XFORM 203-505] Ignored pipeline directive for loop 'honeybee_label4' (src/honeybee.c:77) because its parent loop or function is pipelined.
WARNING: [XFORM 203-505] Ignored pipeline directive for loop 'honeybee_label3' (src/honeybee.c:78) because its parent loop or function is pipelined.
INFO: [HLS 200-489] Unrolling loop 'honeybee_label4' (src/honeybee.c:77) in function 'honeybee' completely with a factor of 16.
INFO: [HLS 200-489] Unrolling loop 'honeybee_label3' (src/honeybee.c:78) in function 'honeybee' completely with a factor of 16.
INFO: [XFORM 203-602] Inlining function 'lessThan' into 'lineIntersectPrism' (src/honeybee.c:60) automatically.
INFO: [XFORM 203-602] Inlining function 'minFloat3' into 'lineIntersectPrism' (src/honeybee.c:62) automatically.
INFO: [XFORM 203-602] Inlining function 'greaterThan' into 'lineIntersectPrism' (src/honeybee.c:65) automatically.
INFO: [XFORM 203-602] Inlining function 'maxFloat3' into 'lineIntersectPrism' (src/honeybee.c:67) automatically.
INFO: [XFORM 203-401] Performing if-conversion on hyperblock from (src/honeybee.c:13:22) to (src/honeybee.c:70:5) in function 'lineIntersectPrism'... converting 7 basic blocks.
INFO: [HLS 200-111] Finished Pre-synthesis Time (s): cpu = 00:00:13 ; elapsed = 00:00:17 . Memory (MB): peak = 965.715 ; gain = 526.004 ; free physical = 112 ; free virtual = 2212
INFO: [HLS 200-111] Finished Architecture Synthesis Time (s): cpu = 00:00:13 ; elapsed = 00:00:18 . Memory (MB): peak = 965.715 ; gain = 526.004 ; free physical = 104 ; free virtual = 2204
INFO: [HLS 200-10] Starting hardware synthesis ...
INFO: [HLS 200-10] Synthesizing 'honeybee' ...
INFO: [HLS 200-10] ----------------------------------------------------------------
INFO: [HLS 200-42] -- Implementing module 'lineIntersectPrism' 
INFO: [HLS 200-10] ----------------------------------------------------------------
INFO: [SCHED 204-11] Starting scheduling ...
INFO: [SCHED 204-61] Pipelining function 'lineIntersectPrism'.
INFO: [SCHED 204-61] Pipelining result : Target II = 1, Final II = 1, Depth = 22.
INFO: [SCHED 204-11] Finished scheduling.
INFO: [HLS 200-111]  Elapsed time: 17.98 seconds; current allocated memory: 123.470 MB.
INFO: [BIND 205-100] Starting micro-architecture generation ...
INFO: [BIND 205-101] Performing variable lifetime analysis.
INFO: [BIND 205-101] Exploring resource sharing.
INFO: [BIND 205-101] Binding ...
INFO: [BIND 205-100] Finished micro-architecture generation.
INFO: [HLS 200-111]  Elapsed time: 0.42 seconds; current allocated memory: 124.073 MB.
INFO: [HLS 200-10] ----------------------------------------------------------------
INFO: [HLS 200-42] -- Implementing module 'honeybee' 
INFO: [HLS 200-10] ----------------------------------------------------------------
INFO: [SCHED 204-11] Starting scheduling ...
INFO: [SCHED 204-61] Pipelining loop 'honeybee_label5'.
WARNING: [SCHED 204-68] The II Violation in module 'honeybee' (Loop: honeybee_label5): Unable to enforce a carried dependence constraint (II = 1, distance = 1, offset = 1)
   between 'select' operation ('select_ln80_252', src/honeybee.c:80) and 'add' operation ('add_ln80', src/honeybee.c:80).
WARNING: [SCHED 204-68] The II Violation in module 'honeybee' (Loop: honeybee_label5): Unable to enforce a carried dependence constraint (II = 2, distance = 1, offset = 1)
   between 'select' operation ('select_ln80_252', src/honeybee.c:80) and 'add' operation ('add_ln80', src/honeybee.c:80).
WARNING: [SCHED 204-68] The II Violation in module 'honeybee' (Loop: honeybee_label5): Unable to enforce a carried dependence constraint (II = 3, distance = 1, offset = 1)
   between 'select' operation ('select_ln80_252', src/honeybee.c:80) and 'add' operation ('add_ln80', src/honeybee.c:80).
WARNING: [SCHED 204-68] The II Violation in module 'honeybee' (Loop: honeybee_label5): Unable to enforce a carried dependence constraint (II = 4, distance = 1, offset = 1)
   between 'select' operation ('select_ln80_252', src/honeybee.c:80) and 'add' operation ('add_ln80', src/honeybee.c:80).
WARNING: [SCHED 204-68] The II Violation in module 'honeybee' (Loop: honeybee_label5): Unable to enforce a carried dependence constraint (II = 67, distance = 1, offset = 1)
   between 'select' operation ('select_ln80_252', src/honeybee.c:80) and 'add' operation ('add_ln80', src/honeybee.c:80).
WARNING: [SCHED 204-68] The II Violation in module 'honeybee' (Loop: honeybee_label5): Unable to enforce a carried dependence constraint (II = 70, distance = 1, offset = 1)
   between 'select' operation ('select_ln80_252', src/honeybee.c:80) and 'add' operation ('add_ln80', src/honeybee.c:80).
WARNING: [SCHED 204-68] The II Violation in module 'honeybee' (Loop: honeybee_label5): Unable to enforce a carried dependence constraint (II = 72, distance = 1, offset = 1)
   between 'select' operation ('select_ln80_252', src/honeybee.c:80) and 'add' operation ('add_ln80', src/honeybee.c:80).
WARNING: [SCHED 204-68] The II Violation in module 'honeybee' (Loop: honeybee_label5): Unable to enforce a carried dependence constraint (II = 73, distance = 1, offset = 1)
   between 'select' operation ('select_ln80_255', src/honeybee.c:80) and 'add' operation ('add_ln80_3', src/honeybee.c:80).
INFO: [SCHED 204-61] Pipelining result : Target II = 1, Final II = 74, Depth = 100.
INFO: [SCHED 204-11] Finished scheduling.
INFO: [HLS 200-111]  Elapsed time: 11.01 seconds; current allocated memory: 134.152 MB.
INFO: [BIND 205-100] Starting micro-architecture generation ...
INFO: [BIND 205-101] Performing variable lifetime analysis.
INFO: [BIND 205-101] Exploring resource sharing.
INFO: [BIND 205-101] Binding ...
INFO: [BIND 205-100] Finished micro-architecture generation.
INFO: [HLS 200-111]  Elapsed time: 6.71 seconds; current allocated memory: 154.126 MB.
INFO: [HLS 200-10] ----------------------------------------------------------------
INFO: [HLS 200-10] -- Generating RTL for module 'lineIntersectPrism' 
INFO: [HLS 200-10] ----------------------------------------------------------------
INFO: [SYN 201-210] Renamed object name 'honeybee_fsub_32ns_32ns_32_4_full_dsp_0' to 'honeybee_fsub_32nbkb' due to the length limit 20
INFO: [SYN 201-210] Renamed object name 'honeybee_fadd_32ns_32ns_32_4_full_dsp_0' to 'honeybee_fadd_32ncud' due to the length limit 20
==============================================================
Vivado(TM) HLS - High-Level Synthesis from C, C++ and SystemC v2019.2 (64-bit)
Copyright 1986-2019 Xilinx, Inc. All Rights Reserved.
==============================================================
INFO: [SYN 201-201] Setting up clock 'default' with a period of 10ns.
WARNING: [HLS 200-40] Cannot find library '/tools/Xilinx/Vivado/2019.2/common/technology/xilinx/Virtex-7/Virtex-7.lib'.
WARNING: [HLS 200-40] Cannot find library 'xilinx/Virtex-7/Virtex-7'.
INFO: [HLS 200-10] Setting target device to 'xc7vx485t-ffg1157-1'
INFO: [SCHED 204-61] Option 'relax_ii_for_timing' is enabled, will increase II to preserve clock frequency constraints.
INFO: [HLS 200-10] Analyzing design file 'src/honeybee.c' ... 
INFO: [HLS 200-111] Finished Linking Time (s): cpu = 00:00:11 ; elapsed = 00:00:14 . Memory (MB): peak = 965.715 ; gain = 526.004 ; free physical = 224 ; free virtual = 2168
INFO: [HLS 200-111] Finished Checking Pragmas Time (s): cpu = 00:00:11 ; elapsed = 00:00:14 . Memory (MB): peak = 965.715 ; gain = 526.004 ; free physical = 224 ; free virtual = 2168
INFO: [HLS 200-10] Starting code transformations ...
INFO: [HLS 200-111] Finished Standard Transforms Time (s): cpu = 00:00:12 ; elapsed = 00:00:15 . Memory (MB): peak = 965.715 ; gain = 526.004 ; free physical = 224 ; free virtual = 2168
INFO: [HLS 200-10] Checking synthesizability ...
INFO: [XFORM 203-602] Inlining function 'lessThan' into 'lineIntersectPrism' (src/honeybee.c:60) automatically.
INFO: [XFORM 203-602] Inlining function 'minFloat3' into 'lineIntersectPrism' (src/honeybee.c:62) automatically.
INFO: [XFORM 203-602] Inlining function 'greaterThan' into 'lineIntersectPrism' (src/honeybee.c:65) automatically.
INFO: [XFORM 203-602] Inlining function 'maxFloat3' into 'lineIntersectPrism' (src/honeybee.c:67) automatically.
INFO: [HLS 200-111] Finished Checking Synthesizability Time (s): cpu = 00:00:12 ; elapsed = 00:00:15 . Memory (MB): peak = 965.715 ; gain = 526.004 ; free physical = 224 ; free virtual = 2168
INFO: [XFORM 203-502] Unrolling all sub-loops inside loop 'honeybee_label5' (src/honeybee.c:76) in function 'honeybee' for pipelining.
WARNING: [XFORM 203-505] Ignored pipeline directive for loop 'honeybee_label4' (src/honeybee.c:77) because its parent loop or function is pipelined.
WARNING: [XFORM 203-505] Ignored pipeline directive for loop 'honeybee_label3' (src/honeybee.c:78) because its parent loop or function is pipelined.
INFO: [HLS 200-489] Unrolling loop 'honeybee_label4' (src/honeybee.c:77) in function 'honeybee' completely with a factor of 32.
INFO: [HLS 200-489] Unrolling loop 'honeybee_label3' (src/honeybee.c:78) in function 'honeybee' completely with a factor of 32.
INFO: [XFORM 203-602] Inlining function 'lessThan' into 'lineIntersectPrism' (src/honeybee.c:60) automatically.
INFO: [XFORM 203-602] Inlining function 'minFloat3' into 'lineIntersectPrism' (src/honeybee.c:62) automatically.
INFO: [XFORM 203-602] Inlining function 'greaterThan' into 'lineIntersectPrism' (src/honeybee.c:65) automatically.
INFO: [XFORM 203-602] Inlining function 'maxFloat3' into 'lineIntersectPrism' (src/honeybee.c:67) automatically.
INFO: [XFORM 203-401] Performing if-conversion on hyperblock from (src/honeybee.c:13:22) to (src/honeybee.c:70:5) in function 'lineIntersectPrism'... converting 7 basic blocks.
INFO: [HLS 200-111] Finished Pre-synthesis Time (s): cpu = 00:00:20 ; elapsed = 00:00:24 . Memory (MB): peak = 965.715 ; gain = 526.004 ; free physical = 194 ; free virtual = 2139
INFO: [HLS 200-111] Finished Architecture Synthesis Time (s): cpu = 00:00:30 ; elapsed = 00:00:35 . Memory (MB): peak = 965.715 ; gain = 526.004 ; free physical = 162 ; free virtual = 2107
INFO: [HLS 200-10] Starting hardware synthesis ...
INFO: [HLS 200-10] Synthesizing 'honeybee' ...
INFO: [HLS 200-10] ----------------------------------------------------------------
INFO: [HLS 200-42] -- Implementing module 'lineIntersectPrism' 
INFO: [HLS 200-10] ----------------------------------------------------------------
INFO: [SCHED 204-11] Starting scheduling ...
INFO: [SCHED 204-61] Pipelining function 'lineIntersectPrism'.
INFO: [SCHED 204-61] Pipelining result : Target II = 1, Final II = 1, Depth = 22.
INFO: [SCHED 204-11] Finished scheduling.
INFO: [HLS 200-111]  Elapsed time: 35.24 seconds; current allocated memory: 153.456 MB.
INFO: [BIND 205-100] Starting micro-architecture generation ...
INFO: [BIND 205-101] Performing variable lifetime analysis.
INFO: [BIND 205-101] Exploring resource sharing.
INFO: [BIND 205-101] Binding ...
INFO: [BIND 205-100] Finished micro-architecture generation.
INFO: [HLS 200-111]  Elapsed time: 0.69 seconds; current allocated memory: 154.058 MB.
INFO: [HLS 200-10] ----------------------------------------------------------------
INFO: [HLS 200-42] -- Implementing module 'honeybee' 
INFO: [HLS 200-10] ----------------------------------------------------------------
INFO: [SCHED 204-11] Starting scheduling ...
INFO: [SCHED 204-61] Pipelining loop 'honeybee_label5'.
WARNING: [SCHED 204-68] The II Violation in module 'honeybee' (Loop: honeybee_label5): Unable to enforce a carried dependence constraint (II = 1, distance = 1, offset = 1)
   between 'select' operation ('select_ln80_1020', src/honeybee.c:80) and 'add' operation ('add_ln80', src/honeybee.c:80).
WARNING: [SCHED 204-68] The II Violation in module 'honeybee' (Loop: honeybee_label5): Unable to enforce a carried dependence constraint (II = 2, distance = 1, offset = 1)
   between 'select' operation ('select_ln80_1020', src/honeybee.c:80) and 'add' operation ('add_ln80', src/honeybee.c:80).
WARNING: [SCHED 204-68] The II Violation in module 'honeybee' (Loop: honeybee_label5): Unable to enforce a carried dependence constraint (II = 3, distance = 1, offset = 1)
   between 'select' operation ('select_ln80_1020', src/honeybee.c:80) and 'add' operation ('add_ln80', src/honeybee.c:80).
WARNING: [SCHED 204-68] The II Violation in module 'honeybee' (Loop: honeybee_label5): Unable to enforce a carried dependence constraint (II = 4, distance = 1, offset = 1)
   between 'select' operation ('select_ln80_1020', src/honeybee.c:80) and 'add' operation ('add_ln80', src/honeybee.c:80).
WARNING: [SCHED 204-68] The II Violation in module 'honeybee' (Loop: honeybee_label5): Unable to enforce a carried dependence constraint (II = 130, distance = 1, offset = 1)
   between 'select' operation ('select_ln80_1020', src/honeybee.c:80) and 'add' operation ('add_ln80', src/honeybee.c:80).
WARNING: [SCHED 204-68] The II Violation in module 'honeybee' (Loop: honeybee_label5): Unable to enforce a carried dependence constraint (II = 193, distance = 1, offset = 1)
   between 'select' operation ('select_ln80_1020', src/honeybee.c:80) and 'add' operation ('add_ln80', src/honeybee.c:80).
WARNING: [SCHED 204-68] The II Violation in module 'honeybee' (Loop: honeybee_label5): Unable to enforce a carried dependence constraint (II = 225, distance = 1, offset = 1)
   between 'select' operation ('select_ln80_1020', src/honeybee.c:80) and 'add' operation ('add_ln80', src/honeybee.c:80).
WARNING: [SCHED 204-68] The II Violation in module 'honeybee' (Loop: honeybee_label5): Unable to enforce a carried dependence constraint (II = 241, distance = 1, offset = 1)
   between 'select' operation ('select_ln80_1020', src/honeybee.c:80) and 'add' operation ('add_ln80', src/honeybee.c:80).
WARNING: [SCHED 204-68] The II Violation in module 'honeybee' (Loop: honeybee_label5): Unable to enforce a carried dependence constraint (II = 249, distance = 1, offset = 1)
   between 'select' operation ('select_ln80_1020', src/honeybee.c:80) and 'add' operation ('add_ln80', src/honeybee.c:80).
WARNING: [SCHED 204-68] The II Violation in module 'honeybee' (Loop: honeybee_label5): Unable to enforce a carried dependence constraint (II = 253, distance = 1, offset = 1)
   between 'select' operation ('select_ln80_1020', src/honeybee.c:80) and 'add' operation ('add_ln80', src/honeybee.c:80).
WARNING: [SCHED 204-68] The II Violation in module 'honeybee' (Loop: honeybee_label5): Unable to enforce a carried dependence constraint (II = 255, distance = 1, offset = 1)
   between 'select' operation ('select_ln80_1020', src/honeybee.c:80) and 'add' operation ('add_ln80', src/honeybee.c:80).
WARNING: [SCHED 204-68] The II Violation in module 'honeybee' (Loop: honeybee_label5): Unable to enforce a carried dependence constraint (II = 256, distance = 1, offset = 1)
   between 'select' operation ('select_ln80_1020', src/honeybee.c:80) and 'add' operation ('add_ln80', src/honeybee.c:80).
