

================================================================
== Vivado HLS Report for 'honeybee'
================================================================
* Date:           Wed Mar 25 00:17:42 2020

* Version:        2019.2 (Build 2704478 on Wed Nov 06 22:10:23 MST 2019)
* Project:        HoneyBee-B
* Solution:       solution2
* Product family: zynq
* Target device:  xc7z020-clg484-1


================================================================
== Performance Estimates
================================================================
+ Timing: 
    * Summary: 
    +--------+----------+----------+------------+
    |  Clock |  Target  | Estimated| Uncertainty|
    +--------+----------+----------+------------+
    |ap_clk  | 10.00 ns | 9.921 ns |   1.25 ns  |
    +--------+----------+----------+------------+

+ Latency: 
    * Summary: 
    +---------+---------+----------+-----------+-----+------+---------+
    |  Latency (cycles) |  Latency (absolute)  |  Interval  | Pipeline|
    |   min   |   max   |    min   |    max    | min |  max |   Type  |
    +---------+---------+----------+-----------+-----+------+---------+
    |      347|     1743| 3.470 us | 17.430 us |  347|  1743|   none  |
    +---------+---------+----------+-----------+-----+------+---------+

    + Detail: 
        * Instance: 
        +---------------------------------+----------------------+---------+---------+----------+----------+-----+-----+---------+
        |                                 |                      |  Latency (cycles) |  Latency (absolute) |  Interval | Pipeline|
        |             Instance            |        Module        |   min   |   max   |    min   |    max   | min | max |   Type  |
        +---------------------------------+----------------------+---------+---------+----------+----------+-----+-----+---------+
        |grp_segmentIntersectsGri_fu_145  |segmentIntersectsGri  |       75|      424| 0.750 us | 4.240 us |   75|  424|   none  |
        |grp_segmentIntersectsGri_fu_159  |segmentIntersectsGri  |       75|      424| 0.750 us | 4.240 us |   75|  424|   none  |
        +---------------------------------+----------------------+---------+---------+----------+----------+-----+-----+---------+

        * Loop: 
        +-------------+---------+---------+-----------+-----------+-----------+------+----------+
        |             |  Latency (cycles) | Iteration |  Initiation Interval  | Trip |          |
        |  Loop Name  |   min   |   max   |  Latency  |  achieved |   target  | Count| Pipelined|
        +-------------+---------+---------+-----------+-----------+-----------+------+----------+
        |- Loop 1     |      346|     1742| 173 ~ 871 |          -|          -|     2|    no    |
        | + Loop 1.1  |      166|      864|  83 ~ 432 |          -|          -|     2|    no    |
        +-------------+---------+---------+-----------+-----------+-----------+------+----------+

============================================================
+ Verbose Summary: Synthesis Manager
============================================================
InlineROM: 1
ExposeGlobal: 0
============================================================
+ Verbose Summary: CDFG Model
============================================================
IsTopModel: 1
ResetActiveHigh: 1
IsCombinational: 0
IsDatapathOnly: 0
HasWiredReturn: 1
HasMFsm: 0
HasVarLatency: 1
IsPipeline: 0
IsRtlPipelined: 0
IsInstanceOverlapped: 0
IsDontTouch: 0
HasImplIP: 0
IsGatedGlobalClock: 0


============================================================
+ Verbose Summary: Schedule
============================================================
* Number of FSM states : 15
* Pipeline : 0
* Dataflow Pipeline: 0

* FSM state transitions: 
1 --> 2 
2 --> 3 
3 --> 4 
4 --> 5 
5 --> 6 
6 --> 7 
7 --> 8 
8 --> 9 2 
9 --> 10 
10 --> 11 
11 --> 12 
12 --> 13 
13 --> 14 
14 --> 15 
15 --> 8 

* FSM state operations: 

State 1 <SV = 0> <Delay = 1.76>
ST_1 : Operation 16 [1/1] (0.00ns)   --->   "%collisions_0 = alloca i8"   --->   Operation 16 'alloca' 'collisions_0' <Predicate = true> <Delay = 0.00>
ST_1 : Operation 17 [1/1] (0.00ns)   --->   "call void (...)* @_ssdm_op_SpecBitsMap(float %edge_p1_x), !map !39"   --->   Operation 17 'specbitsmap' <Predicate = true> <Delay = 0.00>
ST_1 : Operation 18 [1/1] (0.00ns)   --->   "call void (...)* @_ssdm_op_SpecBitsMap(float %edge_p1_y), !map !45"   --->   Operation 18 'specbitsmap' <Predicate = true> <Delay = 0.00>
ST_1 : Operation 19 [1/1] (0.00ns)   --->   "call void (...)* @_ssdm_op_SpecBitsMap(float %edge_p1_z), !map !49"   --->   Operation 19 'specbitsmap' <Predicate = true> <Delay = 0.00>
ST_1 : Operation 20 [1/1] (0.00ns)   --->   "call void (...)* @_ssdm_op_SpecBitsMap(float %edge_p2_x), !map !53"   --->   Operation 20 'specbitsmap' <Predicate = true> <Delay = 0.00>
ST_1 : Operation 21 [1/1] (0.00ns)   --->   "call void (...)* @_ssdm_op_SpecBitsMap(float %edge_p2_y), !map !57"   --->   Operation 21 'specbitsmap' <Predicate = true> <Delay = 0.00>
ST_1 : Operation 22 [1/1] (0.00ns)   --->   "call void (...)* @_ssdm_op_SpecBitsMap(float %edge_p2_z), !map !61"   --->   Operation 22 'specbitsmap' <Predicate = true> <Delay = 0.00>
ST_1 : Operation 23 [1/1] (0.00ns)   --->   "call void (...)* @_ssdm_op_SpecBitsMap(i8 0) nounwind, !map !65"   --->   Operation 23 'specbitsmap' <Predicate = true> <Delay = 0.00>
ST_1 : Operation 24 [1/1] (0.00ns)   --->   "call void (...)* @_ssdm_op_SpecTopModule([9 x i8]* @honeybee_str) nounwind"   --->   Operation 24 'spectopmodule' <Predicate = true> <Delay = 0.00>
ST_1 : Operation 25 [1/1] (0.00ns)   --->   "%edge_p2_z_read = call float @_ssdm_op_Read.ap_auto.float(float %edge_p2_z)" [src/honeybee.c:152]   --->   Operation 25 'read' 'edge_p2_z_read' <Predicate = true> <Delay = 0.00>
ST_1 : Operation 26 [1/1] (0.00ns)   --->   "%edge_p2_y_read = call float @_ssdm_op_Read.ap_auto.float(float %edge_p2_y)" [src/honeybee.c:152]   --->   Operation 26 'read' 'edge_p2_y_read' <Predicate = true> <Delay = 0.00>
ST_1 : Operation 27 [1/1] (0.00ns)   --->   "%edge_p2_x_read = call float @_ssdm_op_Read.ap_auto.float(float %edge_p2_x)" [src/honeybee.c:152]   --->   Operation 27 'read' 'edge_p2_x_read' <Predicate = true> <Delay = 0.00>
ST_1 : Operation 28 [1/1] (0.00ns)   --->   "%edge_p1_z_read = call float @_ssdm_op_Read.ap_auto.float(float %edge_p1_z)" [src/honeybee.c:152]   --->   Operation 28 'read' 'edge_p1_z_read' <Predicate = true> <Delay = 0.00>
ST_1 : Operation 29 [1/1] (0.00ns)   --->   "%edge_p1_y_read = call float @_ssdm_op_Read.ap_auto.float(float %edge_p1_y)" [src/honeybee.c:152]   --->   Operation 29 'read' 'edge_p1_y_read' <Predicate = true> <Delay = 0.00>
ST_1 : Operation 30 [1/1] (0.00ns)   --->   "%edge_p1_x_read = call float @_ssdm_op_Read.ap_auto.float(float %edge_p1_x)" [src/honeybee.c:152]   --->   Operation 30 'read' 'edge_p1_x_read' <Predicate = true> <Delay = 0.00>
ST_1 : Operation 31 [1/1] (1.76ns)   --->   "store i8 0, i8* %collisions_0" [src/honeybee.c:152]   --->   Operation 31 'store' <Predicate = true> <Delay = 1.76>
ST_1 : Operation 32 [1/1] (1.76ns)   --->   "br label %.loopexit" [src/honeybee.c:152]   --->   Operation 32 'br' <Predicate = true> <Delay = 1.76>

State 2 <SV = 1> <Delay = 6.41>
ST_2 : Operation 33 [1/1] (0.00ns)   --->   "%k_0 = phi i2 [ 0, %0 ], [ %k, %.loopexit.loopexit ]"   --->   Operation 33 'phi' 'k_0' <Predicate = true> <Delay = 0.00>
ST_2 : Operation 34 [1/1] (0.00ns)   --->   "%b_0 = phi i4 [ 0, %0 ], [ %b, %.loopexit.loopexit ]"   --->   Operation 34 'phi' 'b_0' <Predicate = true> <Delay = 0.00>
ST_2 : Operation 35 [1/1] (0.00ns)   --->   "%zext_ln152 = zext i2 %k_0 to i32" [src/honeybee.c:152]   --->   Operation 35 'zext' 'zext_ln152' <Predicate = true> <Delay = 0.00>
ST_2 : Operation 36 [1/1] (0.95ns)   --->   "%icmp_ln152 = icmp eq i2 %k_0, -2" [src/honeybee.c:152]   --->   Operation 36 'icmp' 'icmp_ln152' <Predicate = true> <Delay = 0.95> <Core = "Cmp">   --->   Core 25 'Cmp' <Latency = 0> <II = 1> <Delay = 0.95> <FuncUnit> <Opcode : 'icmp'> <InPorts = 2> <OutPorts = 1>
ST_2 : Operation 37 [1/1] (0.00ns)   --->   "%empty = call i32 (...)* @_ssdm_op_SpecLoopTripCount(i64 2, i64 2, i64 2)"   --->   Operation 37 'speclooptripcount' 'empty' <Predicate = true> <Delay = 0.00>
ST_2 : Operation 38 [1/1] (1.56ns)   --->   "%k = add i2 %k_0, 1" [src/honeybee.c:152]   --->   Operation 38 'add' 'k' <Predicate = true> <Delay = 1.56> <Core = "AddSub">   --->   Core 14 'AddSub' <Latency = 0> <II = 1> <Delay = 1.73> <FuncUnit> <Opcode : 'add' 'sub'> <InPorts = 2> <OutPorts = 1>
ST_2 : Operation 39 [1/1] (0.00ns)   --->   "br i1 %icmp_ln152, label %3, label %1" [src/honeybee.c:152]   --->   Operation 39 'br' <Predicate = true> <Delay = 0.00>
ST_2 : Operation 40 [6/6] (6.41ns)   --->   "%grid_z = sitofp i32 %zext_ln152 to float" [src/honeybee.c:158]   --->   Operation 40 'sitofp' 'grid_z' <Predicate = (!icmp_ln152)> <Delay = 6.41> <Core = "Int2Float">   --->   Core 112 'Int2Float' <Latency = 5> <II = 1> <Delay = 6.41> <FuncUnit> <Opcode : 'sitofp' 'uitofp'> <InPorts = 1> <OutPorts = 1>
ST_2 : Operation 41 [1/1] (0.00ns)   --->   "%collisions_0_load = load i8* %collisions_0" [src/honeybee.c:166]   --->   Operation 41 'load' 'collisions_0_load' <Predicate = (icmp_ln152)> <Delay = 0.00>
ST_2 : Operation 42 [1/1] (0.00ns)   --->   "ret i8 %collisions_0_load" [src/honeybee.c:166]   --->   Operation 42 'ret' <Predicate = (icmp_ln152)> <Delay = 0.00>

State 3 <SV = 2> <Delay = 6.41>
ST_3 : Operation 43 [5/6] (6.41ns)   --->   "%grid_z = sitofp i32 %zext_ln152 to float" [src/honeybee.c:158]   --->   Operation 43 'sitofp' 'grid_z' <Predicate = true> <Delay = 6.41> <Core = "Int2Float">   --->   Core 112 'Int2Float' <Latency = 5> <II = 1> <Delay = 6.41> <FuncUnit> <Opcode : 'sitofp' 'uitofp'> <InPorts = 1> <OutPorts = 1>

State 4 <SV = 3> <Delay = 6.41>
ST_4 : Operation 44 [4/6] (6.41ns)   --->   "%grid_z = sitofp i32 %zext_ln152 to float" [src/honeybee.c:158]   --->   Operation 44 'sitofp' 'grid_z' <Predicate = true> <Delay = 6.41> <Core = "Int2Float">   --->   Core 112 'Int2Float' <Latency = 5> <II = 1> <Delay = 6.41> <FuncUnit> <Opcode : 'sitofp' 'uitofp'> <InPorts = 1> <OutPorts = 1>

State 5 <SV = 4> <Delay = 6.41>
ST_5 : Operation 45 [3/6] (6.41ns)   --->   "%grid_z = sitofp i32 %zext_ln152 to float" [src/honeybee.c:158]   --->   Operation 45 'sitofp' 'grid_z' <Predicate = true> <Delay = 6.41> <Core = "Int2Float">   --->   Core 112 'Int2Float' <Latency = 5> <II = 1> <Delay = 6.41> <FuncUnit> <Opcode : 'sitofp' 'uitofp'> <InPorts = 1> <OutPorts = 1>

State 6 <SV = 5> <Delay = 6.41>
ST_6 : Operation 46 [2/6] (6.41ns)   --->   "%grid_z = sitofp i32 %zext_ln152 to float" [src/honeybee.c:158]   --->   Operation 46 'sitofp' 'grid_z' <Predicate = true> <Delay = 6.41> <Core = "Int2Float">   --->   Core 112 'Int2Float' <Latency = 5> <II = 1> <Delay = 6.41> <FuncUnit> <Opcode : 'sitofp' 'uitofp'> <InPorts = 1> <OutPorts = 1>

State 7 <SV = 6> <Delay = 6.41>
ST_7 : Operation 47 [1/1] (1.73ns)   --->   "%b = add i4 %b_0, 4" [src/honeybee.c:162]   --->   Operation 47 'add' 'b' <Predicate = true> <Delay = 1.73> <Core = "AddSub">   --->   Core 14 'AddSub' <Latency = 0> <II = 1> <Delay = 1.73> <FuncUnit> <Opcode : 'add' 'sub'> <InPorts = 2> <OutPorts = 1>
ST_7 : Operation 48 [1/6] (6.41ns)   --->   "%grid_z = sitofp i32 %zext_ln152 to float" [src/honeybee.c:158]   --->   Operation 48 'sitofp' 'grid_z' <Predicate = true> <Delay = 6.41> <Core = "Int2Float">   --->   Core 112 'Int2Float' <Latency = 5> <II = 1> <Delay = 6.41> <FuncUnit> <Opcode : 'sitofp' 'uitofp'> <InPorts = 1> <OutPorts = 1>
ST_7 : Operation 49 [1/1] (1.76ns)   --->   "br label %2" [src/honeybee.c:153]   --->   Operation 49 'br' <Predicate = true> <Delay = 1.76>

State 8 <SV = 7> <Delay = 6.41>
ST_8 : Operation 50 [1/1] (0.00ns)   --->   "%j_0 = phi i2 [ 0, %1 ], [ %j, %_ifconv ]"   --->   Operation 50 'phi' 'j_0' <Predicate = true> <Delay = 0.00>
ST_8 : Operation 51 [1/1] (0.00ns)   --->   "%b_1 = phi i4 [ %b_0, %1 ], [ %add_ln162, %_ifconv ]" [src/honeybee.c:162]   --->   Operation 51 'phi' 'b_1' <Predicate = true> <Delay = 0.00>
ST_8 : Operation 52 [1/1] (0.00ns)   --->   "%zext_ln153 = zext i2 %j_0 to i32" [src/honeybee.c:153]   --->   Operation 52 'zext' 'zext_ln153' <Predicate = true> <Delay = 0.00>
ST_8 : Operation 53 [1/1] (0.95ns)   --->   "%icmp_ln153 = icmp eq i2 %j_0, -2" [src/honeybee.c:153]   --->   Operation 53 'icmp' 'icmp_ln153' <Predicate = true> <Delay = 0.95> <Core = "Cmp">   --->   Core 25 'Cmp' <Latency = 0> <II = 1> <Delay = 0.95> <FuncUnit> <Opcode : 'icmp'> <InPorts = 2> <OutPorts = 1>
ST_8 : Operation 54 [1/1] (0.00ns)   --->   "%empty_7 = call i32 (...)* @_ssdm_op_SpecLoopTripCount(i64 2, i64 2, i64 2)"   --->   Operation 54 'speclooptripcount' 'empty_7' <Predicate = true> <Delay = 0.00>
ST_8 : Operation 55 [1/1] (1.56ns)   --->   "%j = add i2 %j_0, 1" [src/honeybee.c:153]   --->   Operation 55 'add' 'j' <Predicate = true> <Delay = 1.56> <Core = "AddSub">   --->   Core 14 'AddSub' <Latency = 0> <II = 1> <Delay = 1.73> <FuncUnit> <Opcode : 'add' 'sub'> <InPorts = 2> <OutPorts = 1>
ST_8 : Operation 56 [1/1] (0.00ns)   --->   "br i1 %icmp_ln153, label %.loopexit.loopexit, label %_ifconv" [src/honeybee.c:153]   --->   Operation 56 'br' <Predicate = true> <Delay = 0.00>
ST_8 : Operation 57 [6/6] (6.41ns)   --->   "%grid_y = sitofp i32 %zext_ln153 to float" [src/honeybee.c:158]   --->   Operation 57 'sitofp' 'grid_y' <Predicate = (!icmp_ln153)> <Delay = 6.41> <Core = "Int2Float">   --->   Core 112 'Int2Float' <Latency = 5> <II = 1> <Delay = 6.41> <FuncUnit> <Opcode : 'sitofp' 'uitofp'> <InPorts = 1> <OutPorts = 1>
ST_8 : Operation 58 [1/1] (0.00ns)   --->   "br label %.loopexit"   --->   Operation 58 'br' <Predicate = (icmp_ln153)> <Delay = 0.00>

State 9 <SV = 8> <Delay = 6.41>
ST_9 : Operation 59 [5/6] (6.41ns)   --->   "%grid_y = sitofp i32 %zext_ln153 to float" [src/honeybee.c:158]   --->   Operation 59 'sitofp' 'grid_y' <Predicate = true> <Delay = 6.41> <Core = "Int2Float">   --->   Core 112 'Int2Float' <Latency = 5> <II = 1> <Delay = 6.41> <FuncUnit> <Opcode : 'sitofp' 'uitofp'> <InPorts = 1> <OutPorts = 1>

State 10 <SV = 9> <Delay = 6.41>
ST_10 : Operation 60 [4/6] (6.41ns)   --->   "%grid_y = sitofp i32 %zext_ln153 to float" [src/honeybee.c:158]   --->   Operation 60 'sitofp' 'grid_y' <Predicate = true> <Delay = 6.41> <Core = "Int2Float">   --->   Core 112 'Int2Float' <Latency = 5> <II = 1> <Delay = 6.41> <FuncUnit> <Opcode : 'sitofp' 'uitofp'> <InPorts = 1> <OutPorts = 1>

State 11 <SV = 10> <Delay = 6.41>
ST_11 : Operation 61 [3/6] (6.41ns)   --->   "%grid_y = sitofp i32 %zext_ln153 to float" [src/honeybee.c:158]   --->   Operation 61 'sitofp' 'grid_y' <Predicate = true> <Delay = 6.41> <Core = "Int2Float">   --->   Core 112 'Int2Float' <Latency = 5> <II = 1> <Delay = 6.41> <FuncUnit> <Opcode : 'sitofp' 'uitofp'> <InPorts = 1> <OutPorts = 1>

State 12 <SV = 11> <Delay = 6.41>
ST_12 : Operation 62 [2/6] (6.41ns)   --->   "%grid_y = sitofp i32 %zext_ln153 to float" [src/honeybee.c:158]   --->   Operation 62 'sitofp' 'grid_y' <Predicate = true> <Delay = 6.41> <Core = "Int2Float">   --->   Core 112 'Int2Float' <Latency = 5> <II = 1> <Delay = 6.41> <FuncUnit> <Opcode : 'sitofp' 'uitofp'> <InPorts = 1> <OutPorts = 1>

State 13 <SV = 12> <Delay = 6.41>
ST_13 : Operation 63 [1/6] (6.41ns)   --->   "%grid_y = sitofp i32 %zext_ln153 to float" [src/honeybee.c:158]   --->   Operation 63 'sitofp' 'grid_y' <Predicate = true> <Delay = 6.41> <Core = "Int2Float">   --->   Core 112 'Int2Float' <Latency = 5> <II = 1> <Delay = 6.41> <FuncUnit> <Opcode : 'sitofp' 'uitofp'> <InPorts = 1> <OutPorts = 1>

State 14 <SV = 13> <Delay = 8.75>
ST_14 : Operation 64 [2/2] (8.75ns)   --->   "%tmp_s = call fastcc i1 @segmentIntersectsGri(float %edge_p1_x_read, float %edge_p1_y_read, float %edge_p1_z_read, float %edge_p2_x_read, float %edge_p2_y_read, float %edge_p2_z_read, float 0.000000e+00, float %grid_y, float %grid_z)" [src/honeybee.c:159]   --->   Operation 64 'call' 'tmp_s' <Predicate = true> <Delay = 8.75> <CoreType = "Generic">   --->   Core 0 '' <Latency = 0> <II = 1> <Delay = 1.00> <Generic> <Opcode : >
ST_14 : Operation 65 [2/2] (8.75ns)   --->   "%tmp_41_1 = call fastcc i1 @segmentIntersectsGri(float %edge_p1_x_read, float %edge_p1_y_read, float %edge_p1_z_read, float %edge_p2_x_read, float %edge_p2_y_read, float %edge_p2_z_read, float 1.000000e+00, float %grid_y, float %grid_z)" [src/honeybee.c:159]   --->   Operation 65 'call' 'tmp_41_1' <Predicate = true> <Delay = 8.75> <CoreType = "Generic">   --->   Core 0 '' <Latency = 0> <II = 1> <Delay = 1.00> <Generic> <Opcode : >

State 15 <SV = 14> <Delay = 7.27>
ST_15 : Operation 66 [1/1] (0.00ns)   --->   "%collisions_0_load_1 = load i8* %collisions_0" [src/honeybee.c:159]   --->   Operation 66 'load' 'collisions_0_load_1' <Predicate = true> <Delay = 0.00>
ST_15 : Operation 67 [1/1] (1.73ns)   --->   "%add_ln162 = add i4 2, %b_1" [src/honeybee.c:162]   --->   Operation 67 'add' 'add_ln162' <Predicate = true> <Delay = 1.73> <Core = "AddSub">   --->   Core 14 'AddSub' <Latency = 0> <II = 1> <Delay = 1.73> <FuncUnit> <Opcode : 'add' 'sub'> <InPorts = 2> <OutPorts = 1>
ST_15 : Operation 68 [1/2] (0.97ns)   --->   "%tmp_s = call fastcc i1 @segmentIntersectsGri(float %edge_p1_x_read, float %edge_p1_y_read, float %edge_p1_z_read, float %edge_p2_x_read, float %edge_p2_y_read, float %edge_p2_z_read, float 0.000000e+00, float %grid_y, float %grid_z)" [src/honeybee.c:159]   --->   Operation 68 'call' 'tmp_s' <Predicate = true> <Delay = 0.97> <CoreType = "Generic">   --->   Core 0 '' <Latency = 0> <II = 1> <Delay = 1.00> <Generic> <Opcode : >
ST_15 : Operation 69 [1/1] (0.00ns) (grouped into LUT with out node or_ln159_1)   --->   "%zext_ln153_1 = zext i4 %b_1 to i7" [src/honeybee.c:153]   --->   Operation 69 'zext' 'zext_ln153_1' <Predicate = true> <Delay = 0.00>
ST_15 : Operation 70 [1/1] (0.00ns) (grouped into LUT with out node or_ln159_1)   --->   "%shl_ln160 = shl i7 1, %zext_ln153_1" [src/honeybee.c:160]   --->   Operation 70 'shl' 'shl_ln160' <Predicate = true> <Delay = 0.00> <Core = "Shift">   --->   Core 28 'Shift' <Latency = 0> <II = 1> <Delay = 2.12> <FuncUnit> <Opcode : 'shl' 'lshr' 'ashr'> <InPorts = 2> <OutPorts = 1>
ST_15 : Operation 71 [1/1] (0.00ns) (grouped into LUT with out node or_ln159_1)   --->   "%select_ln159 = select i1 %tmp_s, i7 %shl_ln160, i7 0" [src/honeybee.c:159]   --->   Operation 71 'select' 'select_ln159' <Predicate = true> <Delay = 0.00> <Core = "Sel">   --->   Core 26 'Sel' <Latency = 0> <II = 1> <Delay = 1.24> <FuncUnit> <Opcode : 'select'> <InPorts = 3> <OutPorts = 1>
ST_15 : Operation 72 [1/1] (0.00ns) (grouped into LUT with out node select_ln159_1)   --->   "%trunc_ln153 = trunc i4 %b_1 to i3" [src/honeybee.c:153]   --->   Operation 72 'trunc' 'trunc_ln153' <Predicate = true> <Delay = 0.00>
ST_15 : Operation 73 [1/1] (0.00ns) (grouped into LUT with out node select_ln159_1)   --->   "%or_ln162 = or i3 %trunc_ln153, 1" [src/honeybee.c:162]   --->   Operation 73 'or' 'or_ln162' <Predicate = true> <Delay = 0.00>
ST_15 : Operation 74 [1/1] (0.00ns) (grouped into LUT with out node select_ln159_1)   --->   "%zext_ln162 = zext i3 %or_ln162 to i8" [src/honeybee.c:162]   --->   Operation 74 'zext' 'zext_ln162' <Predicate = true> <Delay = 0.00>
ST_15 : Operation 75 [1/2] (0.97ns)   --->   "%tmp_41_1 = call fastcc i1 @segmentIntersectsGri(float %edge_p1_x_read, float %edge_p1_y_read, float %edge_p1_z_read, float %edge_p2_x_read, float %edge_p2_y_read, float %edge_p2_z_read, float 1.000000e+00, float %grid_y, float %grid_z)" [src/honeybee.c:159]   --->   Operation 75 'call' 'tmp_41_1' <Predicate = true> <Delay = 0.97> <CoreType = "Generic">   --->   Core 0 '' <Latency = 0> <II = 1> <Delay = 1.00> <Generic> <Opcode : >
ST_15 : Operation 76 [1/1] (0.00ns) (grouped into LUT with out node select_ln159_1)   --->   "%shl_ln160_1 = shl i8 1, %zext_ln162" [src/honeybee.c:160]   --->   Operation 76 'shl' 'shl_ln160_1' <Predicate = true> <Delay = 0.00> <Core = "Shift">   --->   Core 28 'Shift' <Latency = 0> <II = 1> <Delay = 2.12> <FuncUnit> <Opcode : 'shl' 'lshr' 'ashr'> <InPorts = 2> <OutPorts = 1>
ST_15 : Operation 77 [1/1] (2.12ns) (out node of the LUT)   --->   "%select_ln159_1 = select i1 %tmp_41_1, i8 %shl_ln160_1, i8 0" [src/honeybee.c:159]   --->   Operation 77 'select' 'select_ln159_1' <Predicate = true> <Delay = 2.12> <Core = "Sel">   --->   Core 26 'Sel' <Latency = 0> <II = 1> <Delay = 1.24> <FuncUnit> <Opcode : 'select'> <InPorts = 3> <OutPorts = 1>
ST_15 : Operation 78 [1/1] (0.00ns) (grouped into LUT with out node or_ln159_1)   --->   "%trunc_ln159 = trunc i8 %select_ln159_1 to i7" [src/honeybee.c:159]   --->   Operation 78 'trunc' 'trunc_ln159' <Predicate = true> <Delay = 0.00>
ST_15 : Operation 79 [1/1] (0.00ns) (grouped into LUT with out node or_ln159_1)   --->   "%or_ln159 = or i7 %trunc_ln159, %select_ln159" [src/honeybee.c:159]   --->   Operation 79 'or' 'or_ln159' <Predicate = true> <Delay = 0.00> <Core = "LogicGate">   --->   Core 27 'LogicGate' <Latency = 0> <II = 1> <Delay = 0.99> <FuncUnit> <Opcode : 'and' 'or' 'xor'> <InPorts = 2> <OutPorts = 1>
ST_15 : Operation 80 [1/1] (0.00ns) (grouped into LUT with out node or_ln159_1)   --->   "%tmp = call i1 @_ssdm_op_BitSelect.i1.i8.i32(i8 %select_ln159_1, i32 7)" [src/honeybee.c:159]   --->   Operation 80 'bitselect' 'tmp' <Predicate = true> <Delay = 0.00>
ST_15 : Operation 81 [1/1] (0.00ns) (grouped into LUT with out node or_ln159_1)   --->   "%tmp_62 = call i8 @_ssdm_op_BitConcatenate.i8.i1.i7(i1 %tmp, i7 %or_ln159)" [src/honeybee.c:159]   --->   Operation 81 'bitconcatenate' 'tmp_62' <Predicate = true> <Delay = 0.00>
ST_15 : Operation 82 [1/1] (2.39ns) (out node of the LUT)   --->   "%or_ln159_1 = or i8 %collisions_0_load_1, %tmp_62" [src/honeybee.c:159]   --->   Operation 82 'or' 'or_ln159_1' <Predicate = true> <Delay = 2.39> <Core = "LogicGate">   --->   Core 27 'LogicGate' <Latency = 0> <II = 1> <Delay = 0.99> <FuncUnit> <Opcode : 'and' 'or' 'xor'> <InPorts = 2> <OutPorts = 1>
ST_15 : Operation 83 [1/1] (1.76ns)   --->   "store i8 %or_ln159_1, i8* %collisions_0" [src/honeybee.c:153]   --->   Operation 83 'store' <Predicate = true> <Delay = 1.76>
ST_15 : Operation 84 [1/1] (0.00ns)   --->   "br label %2" [src/honeybee.c:153]   --->   Operation 84 'br' <Predicate = true> <Delay = 0.00>


============================================================
+ Verbose Summary: Binding
============================================================
STG Binding: 
---------------- STG Properties BEGIN ----------------
- Is combinational: 0
- Is one-state seq: 0
- Is datapath-only: 0
- Is pipelined: 0
- Is top level: 1
Port [ Return ] is wired: 1; IO mode=ap_ctrl_hs:ce=0
Port [ edge_p1_x]:  wired=1; compound=0; hidden=0; nouse=0; global=0; static=0; extern=0; dir=0; type=0; pingpong=0; private_global=0; IO mode=ap_none:ce=0
Port [ edge_p1_y]:  wired=1; compound=0; hidden=0; nouse=0; global=0; static=0; extern=0; dir=0; type=0; pingpong=0; private_global=0; IO mode=ap_none:ce=0
Port [ edge_p1_z]:  wired=1; compound=0; hidden=0; nouse=0; global=0; static=0; extern=0; dir=0; type=0; pingpong=0; private_global=0; IO mode=ap_none:ce=0
Port [ edge_p2_x]:  wired=1; compound=0; hidden=0; nouse=0; global=0; static=0; extern=0; dir=0; type=0; pingpong=0; private_global=0; IO mode=ap_none:ce=0
Port [ edge_p2_y]:  wired=1; compound=0; hidden=0; nouse=0; global=0; static=0; extern=0; dir=0; type=0; pingpong=0; private_global=0; IO mode=ap_none:ce=0
Port [ edge_p2_z]:  wired=1; compound=0; hidden=0; nouse=0; global=0; static=0; extern=0; dir=0; type=0; pingpong=0; private_global=0; IO mode=ap_none:ce=0
---------------- STG Properties END ------------------

---------------- Datapath Model BEGIN ----------------

<LifeTime>
<method=bitvector/>
collisions_0        (alloca           ) [ 0111111111111111]
specbitsmap_ln0     (specbitsmap      ) [ 0000000000000000]
specbitsmap_ln0     (specbitsmap      ) [ 0000000000000000]
specbitsmap_ln0     (specbitsmap      ) [ 0000000000000000]
specbitsmap_ln0     (specbitsmap      ) [ 0000000000000000]
specbitsmap_ln0     (specbitsmap      ) [ 0000000000000000]
specbitsmap_ln0     (specbitsmap      ) [ 0000000000000000]
specbitsmap_ln0     (specbitsmap      ) [ 0000000000000000]
spectopmodule_ln0   (spectopmodule    ) [ 0000000000000000]
edge_p2_z_read      (read             ) [ 0011111111111111]
edge_p2_y_read      (read             ) [ 0011111111111111]
edge_p2_x_read      (read             ) [ 0011111111111111]
edge_p1_z_read      (read             ) [ 0011111111111111]
edge_p1_y_read      (read             ) [ 0011111111111111]
edge_p1_x_read      (read             ) [ 0011111111111111]
store_ln152         (store            ) [ 0000000000000000]
br_ln152            (br               ) [ 0111111111111111]
k_0                 (phi              ) [ 0010000000000000]
b_0                 (phi              ) [ 0011111111111111]
zext_ln152          (zext             ) [ 0001111100000000]
icmp_ln152          (icmp             ) [ 0011111111111111]
empty               (speclooptripcount) [ 0000000000000000]
k                   (add              ) [ 0111111111111111]
br_ln152            (br               ) [ 0000000000000000]
collisions_0_load   (load             ) [ 0000000000000000]
ret_ln166           (ret              ) [ 0000000000000000]
b                   (add              ) [ 0110000011111111]
grid_z              (sitofp           ) [ 0000000011111111]
br_ln153            (br               ) [ 0011111111111111]
j_0                 (phi              ) [ 0000000010000000]
b_1                 (phi              ) [ 0000000011111111]
zext_ln153          (zext             ) [ 0000000001111100]
icmp_ln153          (icmp             ) [ 0011111111111111]
empty_7             (speclooptripcount) [ 0000000000000000]
j                   (add              ) [ 0011111111111111]
br_ln153            (br               ) [ 0000000000000000]
br_ln0              (br               ) [ 0111111111111111]
grid_y              (sitofp           ) [ 0000000000000011]
collisions_0_load_1 (load             ) [ 0000000000000000]
add_ln162           (add              ) [ 0011111111111111]
tmp_s               (call             ) [ 0000000000000000]
zext_ln153_1        (zext             ) [ 0000000000000000]
shl_ln160           (shl              ) [ 0000000000000000]
select_ln159        (select           ) [ 0000000000000000]
trunc_ln153         (trunc            ) [ 0000000000000000]
or_ln162            (or               ) [ 0000000000000000]
zext_ln162          (zext             ) [ 0000000000000000]
tmp_41_1            (call             ) [ 0000000000000000]
shl_ln160_1         (shl              ) [ 0000000000000000]
select_ln159_1      (select           ) [ 0000000000000000]
trunc_ln159         (trunc            ) [ 0000000000000000]
or_ln159            (or               ) [ 0000000000000000]
tmp                 (bitselect        ) [ 0000000000000000]
tmp_62              (bitconcatenate   ) [ 0000000000000000]
or_ln159_1          (or               ) [ 0000000000000000]
store_ln153         (store            ) [ 0000000000000000]
br_ln153            (br               ) [ 0011111111111111]
</LifeTime>

<model>

<comp_list>
<comp id="0" class="1000" name="edge_p1_x">
<pin_list>
<pin id="1" dir="1" index="0" bw="1" slack="0"/>
</pin_list>
<bind>
<StgValue><ssdm name="edge_p1_x"/></StgValue>
</bind>
</comp>

<comp id="2" class="1000" name="edge_p1_y">
<pin_list>
<pin id="3" dir="1" index="0" bw="1" slack="0"/>
</pin_list>
<bind>
<StgValue><ssdm name="edge_p1_y"/></StgValue>
</bind>
</comp>

<comp id="4" class="1000" name="edge_p1_z">
<pin_list>
<pin id="5" dir="1" index="0" bw="1" slack="0"/>
</pin_list>
<bind>
<StgValue><ssdm name="edge_p1_z"/></StgValue>
</bind>
</comp>

<comp id="6" class="1000" name="edge_p2_x">
<pin_list>
<pin id="7" dir="1" index="0" bw="1" slack="0"/>
</pin_list>
<bind>
<StgValue><ssdm name="edge_p2_x"/></StgValue>
</bind>
</comp>

<comp id="8" class="1000" name="edge_p2_y">
<pin_list>
<pin id="9" dir="1" index="0" bw="1" slack="0"/>
</pin_list>
<bind>
<StgValue><ssdm name="edge_p2_y"/></StgValue>
</bind>
</comp>

<comp id="10" class="1000" name="edge_p2_z">
<pin_list>
<pin id="11" dir="1" index="0" bw="1" slack="0"/>
</pin_list>
<bind>
<StgValue><ssdm name="edge_p2_z"/></StgValue>
</bind>
</comp>

<comp id="12" class="1001" name="const_12">
<pin_list>
<pin id="13" dir="1" index="0" bw="1" slack="0"/>
</pin_list>
<bind>
<StgValue><ssdm name=""/></StgValue>
</bind>
</comp>

<comp id="14" class="1001" name="const_14">
<pin_list>
<pin id="15" dir="1" index="0" bw="1" slack="2147483647"/>
</pin_list>
<bind>
<StgValue><ssdm name="_ssdm_op_SpecBitsMap"/></StgValue>
</bind>
</comp>

<comp id="16" class="1001" name="const_16">
<pin_list>
<pin id="17" dir="1" index="0" bw="1" slack="0"/>
</pin_list>
<bind>
<StgValue><ssdm name=""/></StgValue>
</bind>
</comp>

<comp id="18" class="1001" name="const_18">
<pin_list>
<pin id="19" dir="1" index="0" bw="1" slack="2147483647"/>
</pin_list>
<bind>
<StgValue><ssdm name="_ssdm_op_SpecTopModule"/></StgValue>
</bind>
</comp>

<comp id="20" class="1001" name="const_20">
<pin_list>
<pin id="21" dir="1" index="0" bw="1" slack="2147483647"/>
</pin_list>
<bind>
<StgValue><ssdm name="honeybee_str"/></StgValue>
</bind>
</comp>

<comp id="22" class="1001" name="const_22">
<pin_list>
<pin id="23" dir="1" index="0" bw="1" slack="0"/>
</pin_list>
<bind>
<StgValue><ssdm name="_ssdm_op_Read.ap_auto.float"/></StgValue>
</bind>
</comp>

<comp id="24" class="1001" name="const_24">
<pin_list>
<pin id="25" dir="1" index="0" bw="1" slack="1"/>
</pin_list>
<bind>
<StgValue><ssdm name=""/></StgValue>
</bind>
</comp>

<comp id="26" class="1001" name="const_26">
<pin_list>
<pin id="27" dir="1" index="0" bw="1" slack="1"/>
</pin_list>
<bind>
<StgValue><ssdm name=""/></StgValue>
</bind>
</comp>

<comp id="28" class="1001" name="const_28">
<pin_list>
<pin id="29" dir="1" index="0" bw="1" slack="0"/>
</pin_list>
<bind>
<StgValue><ssdm name=""/></StgValue>
</bind>
</comp>

<comp id="30" class="1001" name="const_30">
<pin_list>
<pin id="31" dir="1" index="0" bw="1" slack="2147483647"/>
</pin_list>
<bind>
<StgValue><ssdm name="_ssdm_op_SpecLoopTripCount"/></StgValue>
</bind>
</comp>

<comp id="32" class="1001" name="const_32">
<pin_list>
<pin id="33" dir="1" index="0" bw="1" slack="2147483647"/>
</pin_list>
<bind>
<StgValue><ssdm name=""/></StgValue>
</bind>
</comp>

<comp id="34" class="1001" name="const_34">
<pin_list>
<pin id="35" dir="1" index="0" bw="1" slack="0"/>
</pin_list>
<bind>
<StgValue><ssdm name=""/></StgValue>
</bind>
</comp>

<comp id="36" class="1001" name="const_36">
<pin_list>
<pin id="37" dir="1" index="0" bw="1" slack="0"/>
</pin_list>
<bind>
<StgValue><ssdm name=""/></StgValue>
</bind>
</comp>

<comp id="38" class="1001" name="const_38">
<pin_list>
<pin id="39" dir="1" index="0" bw="1" slack="0"/>
</pin_list>
<bind>
<StgValue><ssdm name="segmentIntersectsGri"/></StgValue>
</bind>
</comp>

<comp id="40" class="1001" name="const_40">
<pin_list>
<pin id="41" dir="1" index="0" bw="1" slack="0"/>
</pin_list>
<bind>
<StgValue><ssdm name=""/></StgValue>
</bind>
</comp>

<comp id="42" class="1001" name="const_42">
<pin_list>
<pin id="43" dir="1" index="0" bw="1" slack="0"/>
</pin_list>
<bind>
<StgValue><ssdm name=""/></StgValue>
</bind>
</comp>

<comp id="44" class="1001" name="const_44">
<pin_list>
<pin id="45" dir="1" index="0" bw="1" slack="0"/>
</pin_list>
<bind>
<StgValue><ssdm name=""/></StgValue>
</bind>
</comp>

<comp id="46" class="1001" name="const_46">
<pin_list>
<pin id="47" dir="1" index="0" bw="1" slack="0"/>
</pin_list>
<bind>
<StgValue><ssdm name=""/></StgValue>
</bind>
</comp>

<comp id="48" class="1001" name="const_48">
<pin_list>
<pin id="49" dir="1" index="0" bw="1" slack="0"/>
</pin_list>
<bind>
<StgValue><ssdm name=""/></StgValue>
</bind>
</comp>

<comp id="50" class="1001" name="const_50">
<pin_list>
<pin id="51" dir="1" index="0" bw="1" slack="0"/>
</pin_list>
<bind>
<StgValue><ssdm name=""/></StgValue>
</bind>
</comp>

<comp id="52" class="1001" name="const_52">
<pin_list>
<pin id="53" dir="1" index="0" bw="1" slack="0"/>
</pin_list>
<bind>
<StgValue><ssdm name=""/></StgValue>
</bind>
</comp>

<comp id="54" class="1001" name="const_54">
<pin_list>
<pin id="55" dir="1" index="0" bw="1" slack="0"/>
</pin_list>
<bind>
<StgValue><ssdm name="_ssdm_op_BitSelect.i1.i8.i32"/></StgValue>
</bind>
</comp>

<comp id="56" class="1001" name="const_56">
<pin_list>
<pin id="57" dir="1" index="0" bw="1" slack="0"/>
</pin_list>
<bind>
<StgValue><ssdm name=""/></StgValue>
</bind>
</comp>

<comp id="58" class="1001" name="const_58">
<pin_list>
<pin id="59" dir="1" index="0" bw="1" slack="0"/>
</pin_list>
<bind>
<StgValue><ssdm name="_ssdm_op_BitConcatenate.i8.i1.i7"/></StgValue>
</bind>
</comp>

<comp id="60" class="1004" name="collisions_0_fu_60">
<pin_list>
<pin id="61" dir="0" index="0" bw="1" slack="0"/>
<pin id="62" dir="1" index="1" bw="8" slack="0"/>
</pin_list>
<bind>
<opcode="alloca(26) " fcode="alloca"/>
<opset="collisions_0/1 "/>
</bind>
</comp>

<comp id="64" class="1004" name="edge_p2_z_read_read_fu_64">
<pin_list>
<pin id="65" dir="0" index="0" bw="32" slack="0"/>
<pin id="66" dir="0" index="1" bw="32" slack="0"/>
<pin id="67" dir="1" index="2" bw="32" slack="13"/>
</pin_list>
<bind>
<opcode="read(1150) " fcode="read"/>
<opset="edge_p2_z_read/1 "/>
</bind>
</comp>

<comp id="70" class="1004" name="edge_p2_y_read_read_fu_70">
<pin_list>
<pin id="71" dir="0" index="0" bw="32" slack="0"/>
<pin id="72" dir="0" index="1" bw="32" slack="0"/>
<pin id="73" dir="1" index="2" bw="32" slack="13"/>
</pin_list>
<bind>
<opcode="read(1150) " fcode="read"/>
<opset="edge_p2_y_read/1 "/>
</bind>
</comp>

<comp id="76" class="1004" name="edge_p2_x_read_read_fu_76">
<pin_list>
<pin id="77" dir="0" index="0" bw="32" slack="0"/>
<pin id="78" dir="0" index="1" bw="32" slack="0"/>
<pin id="79" dir="1" index="2" bw="32" slack="13"/>
</pin_list>
<bind>
<opcode="read(1150) " fcode="read"/>
<opset="edge_p2_x_read/1 "/>
</bind>
</comp>

<comp id="82" class="1004" name="edge_p1_z_read_read_fu_82">
<pin_list>
<pin id="83" dir="0" index="0" bw="32" slack="0"/>
<pin id="84" dir="0" index="1" bw="32" slack="0"/>
<pin id="85" dir="1" index="2" bw="32" slack="13"/>
</pin_list>
<bind>
<opcode="read(1150) " fcode="read"/>
<opset="edge_p1_z_read/1 "/>
</bind>
</comp>

<comp id="88" class="1004" name="edge_p1_y_read_read_fu_88">
<pin_list>
<pin id="89" dir="0" index="0" bw="32" slack="0"/>
<pin id="90" dir="0" index="1" bw="32" slack="0"/>
<pin id="91" dir="1" index="2" bw="32" slack="13"/>
</pin_list>
<bind>
<opcode="read(1150) " fcode="read"/>
<opset="edge_p1_y_read/1 "/>
</bind>
</comp>

<comp id="94" class="1004" name="edge_p1_x_read_read_fu_94">
<pin_list>
<pin id="95" dir="0" index="0" bw="32" slack="0"/>
<pin id="96" dir="0" index="1" bw="32" slack="0"/>
<pin id="97" dir="1" index="2" bw="32" slack="13"/>
</pin_list>
<bind>
<opcode="read(1150) " fcode="read"/>
<opset="edge_p1_x_read/1 "/>
</bind>
</comp>

<comp id="100" class="1005" name="k_0_reg_100">
<pin_list>
<pin id="101" dir="0" index="0" bw="2" slack="1"/>
<pin id="102" dir="1" index="1" bw="2" slack="1"/>
</pin_list>
<bind>
<opset="k_0 (phireg) "/>
</bind>
</comp>

<comp id="104" class="1004" name="k_0_phi_fu_104">
<pin_list>
<pin id="105" dir="0" index="0" bw="1" slack="1"/>
<pin id="106" dir="0" index="1" bw="0" slack="2147483647"/>
<pin id="107" dir="0" index="2" bw="2" slack="0"/>
<pin id="108" dir="0" index="3" bw="0" slack="2147483647"/>
<pin id="109" dir="1" index="4" bw="2" slack="0"/>
</pin_list>
<bind>
<opcode="phi(47) " fcode="phi"/>
<opset="k_0/2 "/>
</bind>
</comp>

<comp id="111" class="1005" name="b_0_reg_111">
<pin_list>
<pin id="112" dir="0" index="0" bw="4" slack="1"/>
<pin id="113" dir="1" index="1" bw="4" slack="1"/>
</pin_list>
<bind>
<opset="b_0 (phireg) "/>
</bind>
</comp>

<comp id="115" class="1004" name="b_0_phi_fu_115">
<pin_list>
<pin id="116" dir="0" index="0" bw="1" slack="1"/>
<pin id="117" dir="0" index="1" bw="0" slack="2147483647"/>
<pin id="118" dir="0" index="2" bw="4" slack="1"/>
<pin id="119" dir="0" index="3" bw="0" slack="2147483647"/>
<pin id="120" dir="1" index="4" bw="4" slack="5"/>
</pin_list>
<bind>
<opcode="phi(47) " fcode="phi"/>
<opset="b_0/2 "/>
</bind>
</comp>

<comp id="123" class="1005" name="j_0_reg_123">
<pin_list>
<pin id="124" dir="0" index="0" bw="2" slack="1"/>
<pin id="125" dir="1" index="1" bw="2" slack="1"/>
</pin_list>
<bind>
<opset="j_0 (phireg) "/>
</bind>
</comp>

<comp id="127" class="1004" name="j_0_phi_fu_127">
<pin_list>
<pin id="128" dir="0" index="0" bw="1" slack="1"/>
<pin id="129" dir="0" index="1" bw="0" slack="2147483647"/>
<pin id="130" dir="0" index="2" bw="2" slack="0"/>
<pin id="131" dir="0" index="3" bw="0" slack="2147483647"/>
<pin id="132" dir="1" index="4" bw="2" slack="0"/>
</pin_list>
<bind>
<opcode="phi(47) " fcode="phi"/>
<opset="j_0/8 "/>
</bind>
</comp>

<comp id="134" class="1005" name="b_1_reg_134">
<pin_list>
<pin id="135" dir="0" index="0" bw="4" slack="7"/>
<pin id="136" dir="1" index="1" bw="4" slack="7"/>
</pin_list>
<bind>
<opset="b_1 (phireg) "/>
</bind>
</comp>

<comp id="137" class="1004" name="b_1_phi_fu_137">
<pin_list>
<pin id="138" dir="0" index="0" bw="4" slack="6"/>
<pin id="139" dir="0" index="1" bw="0" slack="2147483647"/>
<pin id="140" dir="0" index="2" bw="4" slack="1"/>
<pin id="141" dir="0" index="3" bw="0" slack="2147483647"/>
<pin id="142" dir="1" index="4" bw="4" slack="7"/>
</pin_list>
<bind>
<opcode="phi(47) " fcode="phi"/>
<opset="b_1/8 "/>
</bind>
</comp>

<comp id="145" class="1004" name="grp_segmentIntersectsGri_fu_145">
<pin_list>
<pin id="146" dir="0" index="0" bw="1" slack="0"/>
<pin id="147" dir="0" index="1" bw="32" slack="13"/>
<pin id="148" dir="0" index="2" bw="32" slack="13"/>
<pin id="149" dir="0" index="3" bw="32" slack="13"/>
<pin id="150" dir="0" index="4" bw="32" slack="13"/>
<pin id="151" dir="0" index="5" bw="32" slack="13"/>
<pin id="152" dir="0" index="6" bw="32" slack="13"/>
<pin id="153" dir="0" index="7" bw="32" slack="0"/>
<pin id="154" dir="0" index="8" bw="32" slack="1"/>
<pin id="155" dir="0" index="9" bw="32" slack="7"/>
<pin id="156" dir="1" index="10" bw="1" slack="0"/>
</pin_list>
<bind>
<opcode="call(48) " fcode="call"/>
<opset="tmp_s/14 "/>
</bind>
</comp>

<comp id="159" class="1004" name="grp_segmentIntersectsGri_fu_159">
<pin_list>
<pin id="160" dir="0" index="0" bw="1" slack="0"/>
<pin id="161" dir="0" index="1" bw="32" slack="13"/>
<pin id="162" dir="0" index="2" bw="32" slack="13"/>
<pin id="163" dir="0" index="3" bw="32" slack="13"/>
<pin id="164" dir="0" index="4" bw="32" slack="13"/>
<pin id="165" dir="0" index="5" bw="32" slack="13"/>
<pin id="166" dir="0" index="6" bw="32" slack="13"/>
<pin id="167" dir="0" index="7" bw="32" slack="0"/>
<pin id="168" dir="0" index="8" bw="32" slack="1"/>
<pin id="169" dir="0" index="9" bw="32" slack="7"/>
<pin id="170" dir="1" index="10" bw="1" slack="0"/>
</pin_list>
<bind>
<opcode="call(48) " fcode="call"/>
<opset="tmp_41_1/14 "/>
</bind>
</comp>

<comp id="173" class="1004" name="grp_fu_173">
<pin_list>
<pin id="174" dir="0" index="0" bw="2" slack="0"/>
<pin id="175" dir="1" index="1" bw="32" slack="1"/>
</pin_list>
<bind>
<opcode="sitofp(39) " fcode="sitofp"/>
<opset="grid_z/2 grid_y/8 "/>
</bind>
</comp>

<comp id="176" class="1004" name="grp_load_fu_176">
<pin_list>
<pin id="177" dir="0" index="0" bw="8" slack="1"/>
<pin id="178" dir="1" index="1" bw="8" slack="0"/>
</pin_list>
<bind>
<opcode="load(27) " fcode="load"/>
<opset="collisions_0_load/2 collisions_0_load_1/15 "/>
</bind>
</comp>

<comp id="179" class="1004" name="store_ln152_store_fu_179">
<pin_list>
<pin id="180" dir="0" index="0" bw="1" slack="0"/>
<pin id="181" dir="0" index="1" bw="8" slack="0"/>
<pin id="182" dir="1" index="2" bw="0" slack="2147483647"/>
</pin_list>
<bind>
<opcode="store(28) " fcode="store"/>
<opset="store_ln152/1 "/>
</bind>
</comp>

<comp id="184" class="1004" name="zext_ln152_fu_184">
<pin_list>
<pin id="185" dir="0" index="0" bw="2" slack="0"/>
<pin id="186" dir="1" index="1" bw="32" slack="0"/>
</pin_list>
<bind>
<opcode="zext(34) " fcode="zext"/>
<opset="zext_ln152/2 "/>
</bind>
</comp>

<comp id="189" class="1004" name="icmp_ln152_fu_189">
<pin_list>
<pin id="190" dir="0" index="0" bw="2" slack="0"/>
<pin id="191" dir="0" index="1" bw="2" slack="0"/>
<pin id="192" dir="1" index="2" bw="1" slack="2147483647"/>
</pin_list>
<bind>
<opcode="icmp(45) " fcode="icmp"/>
<opset="icmp_ln152/2 "/>
</bind>
</comp>

<comp id="195" class="1004" name="k_fu_195">
<pin_list>
<pin id="196" dir="0" index="0" bw="2" slack="0"/>
<pin id="197" dir="0" index="1" bw="1" slack="0"/>
<pin id="198" dir="1" index="2" bw="2" slack="0"/>
</pin_list>
<bind>
<opcode="add(8) " fcode="add"/>
<opset="k/2 "/>
</bind>
</comp>

<comp id="201" class="1004" name="b_fu_201">
<pin_list>
<pin id="202" dir="0" index="0" bw="4" slack="5"/>
<pin id="203" dir="0" index="1" bw="4" slack="0"/>
<pin id="204" dir="1" index="2" bw="4" slack="1"/>
</pin_list>
<bind>
<opcode="add(8) " fcode="add"/>
<opset="b/7 "/>
</bind>
</comp>

<comp id="207" class="1004" name="zext_ln153_fu_207">
<pin_list>
<pin id="208" dir="0" index="0" bw="2" slack="0"/>
<pin id="209" dir="1" index="1" bw="32" slack="0"/>
</pin_list>
<bind>
<opcode="zext(34) " fcode="zext"/>
<opset="zext_ln153/8 "/>
</bind>
</comp>

<comp id="212" class="1004" name="icmp_ln153_fu_212">
<pin_list>
<pin id="213" dir="0" index="0" bw="2" slack="0"/>
<pin id="214" dir="0" index="1" bw="2" slack="0"/>
<pin id="215" dir="1" index="2" bw="1" slack="2147483647"/>
</pin_list>
<bind>
<opcode="icmp(45) " fcode="icmp"/>
<opset="icmp_ln153/8 "/>
</bind>
</comp>

<comp id="218" class="1004" name="j_fu_218">
<pin_list>
<pin id="219" dir="0" index="0" bw="2" slack="0"/>
<pin id="220" dir="0" index="1" bw="1" slack="0"/>
<pin id="221" dir="1" index="2" bw="2" slack="0"/>
</pin_list>
<bind>
<opcode="add(8) " fcode="add"/>
<opset="j/8 "/>
</bind>
</comp>

<comp id="224" class="1004" name="add_ln162_fu_224">
<pin_list>
<pin id="225" dir="0" index="0" bw="3" slack="0"/>
<pin id="226" dir="0" index="1" bw="4" slack="7"/>
<pin id="227" dir="1" index="2" bw="4" slack="1"/>
</pin_list>
<bind>
<opcode="add(8) " fcode="add"/>
<opset="add_ln162/15 "/>
</bind>
</comp>

<comp id="230" class="1004" name="zext_ln153_1_fu_230">
<pin_list>
<pin id="231" dir="0" index="0" bw="4" slack="7"/>
<pin id="232" dir="1" index="1" bw="7" slack="0"/>
</pin_list>
<bind>
<opcode="zext(34) " fcode="zext"/>
<opset="zext_ln153_1/15 "/>
</bind>
</comp>

<comp id="234" class="1004" name="shl_ln160_fu_234">
<pin_list>
<pin id="235" dir="0" index="0" bw="1" slack="0"/>
<pin id="236" dir="0" index="1" bw="4" slack="0"/>
<pin id="237" dir="1" index="2" bw="7" slack="0"/>
</pin_list>
<bind>
<opcode="shl(20) " fcode="shl"/>
<opset="shl_ln160/15 "/>
</bind>
</comp>

<comp id="240" class="1004" name="select_ln159_fu_240">
<pin_list>
<pin id="241" dir="0" index="0" bw="1" slack="0"/>
<pin id="242" dir="0" index="1" bw="7" slack="0"/>
<pin id="243" dir="0" index="2" bw="1" slack="0"/>
<pin id="244" dir="1" index="3" bw="7" slack="0"/>
</pin_list>
<bind>
<opcode="select(49) " fcode="select"/>
<opset="select_ln159/15 "/>
</bind>
</comp>

<comp id="248" class="1004" name="trunc_ln153_fu_248">
<pin_list>
<pin id="249" dir="0" index="0" bw="4" slack="7"/>
<pin id="250" dir="1" index="1" bw="3" slack="0"/>
</pin_list>
<bind>
<opcode="trunc(33) " fcode="trunc"/>
<opset="trunc_ln153/15 "/>
</bind>
</comp>

<comp id="252" class="1004" name="or_ln162_fu_252">
<pin_list>
<pin id="253" dir="0" index="0" bw="3" slack="0"/>
<pin id="254" dir="0" index="1" bw="1" slack="0"/>
<pin id="255" dir="1" index="2" bw="3" slack="0"/>
</pin_list>
<bind>
<opcode="or(24) " fcode="or"/>
<opset="or_ln162/15 "/>
</bind>
</comp>

<comp id="258" class="1004" name="zext_ln162_fu_258">
<pin_list>
<pin id="259" dir="0" index="0" bw="3" slack="0"/>
<pin id="260" dir="1" index="1" bw="8" slack="0"/>
</pin_list>
<bind>
<opcode="zext(34) " fcode="zext"/>
<opset="zext_ln162/15 "/>
</bind>
</comp>

<comp id="262" class="1004" name="shl_ln160_1_fu_262">
<pin_list>
<pin id="263" dir="0" index="0" bw="1" slack="0"/>
<pin id="264" dir="0" index="1" bw="3" slack="0"/>
<pin id="265" dir="1" index="2" bw="8" slack="0"/>
</pin_list>
<bind>
<opcode="shl(20) " fcode="shl"/>
<opset="shl_ln160_1/15 "/>
</bind>
</comp>

<comp id="268" class="1004" name="select_ln159_1_fu_268">
<pin_list>
<pin id="269" dir="0" index="0" bw="1" slack="0"/>
<pin id="270" dir="0" index="1" bw="8" slack="0"/>
<pin id="271" dir="0" index="2" bw="1" slack="0"/>
<pin id="272" dir="1" index="3" bw="8" slack="0"/>
</pin_list>
<bind>
<opcode="select(49) " fcode="select"/>
<opset="select_ln159_1/15 "/>
</bind>
</comp>

<comp id="276" class="1004" name="trunc_ln159_fu_276">
<pin_list>
<pin id="277" dir="0" index="0" bw="8" slack="0"/>
<pin id="278" dir="1" index="1" bw="7" slack="0"/>
</pin_list>
<bind>
<opcode="trunc(33) " fcode="trunc"/>
<opset="trunc_ln159/15 "/>
</bind>
</comp>

<comp id="280" class="1004" name="or_ln159_fu_280">
<pin_list>
<pin id="281" dir="0" index="0" bw="7" slack="0"/>
<pin id="282" dir="0" index="1" bw="7" slack="0"/>
<pin id="283" dir="1" index="2" bw="7" slack="0"/>
</pin_list>
<bind>
<opcode="or(24) " fcode="or"/>
<opset="or_ln159/15 "/>
</bind>
</comp>

<comp id="286" class="1004" name="tmp_fu_286">
<pin_list>
<pin id="287" dir="0" index="0" bw="1" slack="0"/>
<pin id="288" dir="0" index="1" bw="8" slack="0"/>
<pin id="289" dir="0" index="2" bw="4" slack="0"/>
<pin id="290" dir="1" index="3" bw="1" slack="0"/>
</pin_list>
<bind>
<opcode="bitselect(1000) " fcode="bitselect"/>
<opset="tmp/15 "/>
</bind>
</comp>

<comp id="294" class="1004" name="tmp_62_fu_294">
<pin_list>
<pin id="295" dir="0" index="0" bw="8" slack="0"/>
<pin id="296" dir="0" index="1" bw="1" slack="0"/>
<pin id="297" dir="0" index="2" bw="7" slack="0"/>
<pin id="298" dir="1" index="3" bw="8" slack="0"/>
</pin_list>
<bind>
<opcode="bitconcatenate(1004) " fcode="bitconcatenate"/>
<opset="tmp_62/15 "/>
</bind>
</comp>

<comp id="302" class="1004" name="or_ln159_1_fu_302">
<pin_list>
<pin id="303" dir="0" index="0" bw="8" slack="0"/>
<pin id="304" dir="0" index="1" bw="8" slack="0"/>
<pin id="305" dir="1" index="2" bw="8" slack="0"/>
</pin_list>
<bind>
<opcode="or(24) " fcode="or"/>
<opset="or_ln159_1/15 "/>
</bind>
</comp>

<comp id="308" class="1004" name="store_ln153_store_fu_308">
<pin_list>
<pin id="309" dir="0" index="0" bw="8" slack="0"/>
<pin id="310" dir="0" index="1" bw="8" slack="14"/>
<pin id="311" dir="1" index="2" bw="0" slack="2147483647"/>
</pin_list>
<bind>
<opcode="store(28) " fcode="store"/>
<opset="store_ln153/15 "/>
</bind>
</comp>

<comp id="313" class="1005" name="collisions_0_reg_313">
<pin_list>
<pin id="314" dir="0" index="0" bw="8" slack="0"/>
<pin id="315" dir="1" index="1" bw="8" slack="0"/>
</pin_list>
<bind>
<opset="collisions_0 "/>
</bind>
</comp>

<comp id="320" class="1005" name="edge_p2_z_read_reg_320">
<pin_list>
<pin id="321" dir="0" index="0" bw="32" slack="13"/>
<pin id="322" dir="1" index="1" bw="32" slack="13"/>
</pin_list>
<bind>
<opset="edge_p2_z_read "/>
</bind>
</comp>

<comp id="326" class="1005" name="edge_p2_y_read_reg_326">
<pin_list>
<pin id="327" dir="0" index="0" bw="32" slack="13"/>
<pin id="328" dir="1" index="1" bw="32" slack="13"/>
</pin_list>
<bind>
<opset="edge_p2_y_read "/>
</bind>
</comp>

<comp id="332" class="1005" name="edge_p2_x_read_reg_332">
<pin_list>
<pin id="333" dir="0" index="0" bw="32" slack="13"/>
<pin id="334" dir="1" index="1" bw="32" slack="13"/>
</pin_list>
<bind>
<opset="edge_p2_x_read "/>
</bind>
</comp>

<comp id="338" class="1005" name="edge_p1_z_read_reg_338">
<pin_list>
<pin id="339" dir="0" index="0" bw="32" slack="13"/>
<pin id="340" dir="1" index="1" bw="32" slack="13"/>
</pin_list>
<bind>
<opset="edge_p1_z_read "/>
</bind>
</comp>

<comp id="344" class="1005" name="edge_p1_y_read_reg_344">
<pin_list>
<pin id="345" dir="0" index="0" bw="32" slack="13"/>
<pin id="346" dir="1" index="1" bw="32" slack="13"/>
</pin_list>
<bind>
<opset="edge_p1_y_read "/>
</bind>
</comp>

<comp id="350" class="1005" name="edge_p1_x_read_reg_350">
<pin_list>
<pin id="351" dir="0" index="0" bw="32" slack="13"/>
<pin id="352" dir="1" index="1" bw="32" slack="13"/>
</pin_list>
<bind>
<opset="edge_p1_x_read "/>
</bind>
</comp>

<comp id="356" class="1005" name="zext_ln152_reg_356">
<pin_list>
<pin id="357" dir="0" index="0" bw="32" slack="1"/>
<pin id="358" dir="1" index="1" bw="32" slack="1"/>
</pin_list>
<bind>
<opset="zext_ln152 "/>
</bind>
</comp>

<comp id="364" class="1005" name="k_reg_364">
<pin_list>
<pin id="365" dir="0" index="0" bw="2" slack="0"/>
<pin id="366" dir="1" index="1" bw="2" slack="0"/>
</pin_list>
<bind>
<opset="k "/>
</bind>
</comp>

<comp id="369" class="1005" name="b_reg_369">
<pin_list>
<pin id="370" dir="0" index="0" bw="4" slack="1"/>
<pin id="371" dir="1" index="1" bw="4" slack="1"/>
</pin_list>
<bind>
<opset="b "/>
</bind>
</comp>

<comp id="374" class="1005" name="grid_z_reg_374">
<pin_list>
<pin id="375" dir="0" index="0" bw="32" slack="7"/>
<pin id="376" dir="1" index="1" bw="32" slack="7"/>
</pin_list>
<bind>
<opset="grid_z "/>
</bind>
</comp>

<comp id="380" class="1005" name="zext_ln153_reg_380">
<pin_list>
<pin id="381" dir="0" index="0" bw="32" slack="1"/>
<pin id="382" dir="1" index="1" bw="32" slack="1"/>
</pin_list>
<bind>
<opset="zext_ln153 "/>
</bind>
</comp>

<comp id="388" class="1005" name="j_reg_388">
<pin_list>
<pin id="389" dir="0" index="0" bw="2" slack="0"/>
<pin id="390" dir="1" index="1" bw="2" slack="0"/>
</pin_list>
<bind>
<opset="j "/>
</bind>
</comp>

<comp id="393" class="1005" name="grid_y_reg_393">
<pin_list>
<pin id="394" dir="0" index="0" bw="32" slack="1"/>
<pin id="395" dir="1" index="1" bw="32" slack="1"/>
</pin_list>
<bind>
<opset="grid_y "/>
</bind>
</comp>

<comp id="399" class="1005" name="add_ln162_reg_399">
<pin_list>
<pin id="400" dir="0" index="0" bw="4" slack="1"/>
<pin id="401" dir="1" index="1" bw="4" slack="1"/>
</pin_list>
<bind>
<opset="add_ln162 "/>
</bind>
</comp>

</comp_list>

<net_list>
<net id="63"><net_src comp="12" pin="0"/><net_sink comp="60" pin=0"/></net>

<net id="68"><net_src comp="22" pin="0"/><net_sink comp="64" pin=0"/></net>

<net id="69"><net_src comp="10" pin="0"/><net_sink comp="64" pin=1"/></net>

<net id="74"><net_src comp="22" pin="0"/><net_sink comp="70" pin=0"/></net>

<net id="75"><net_src comp="8" pin="0"/><net_sink comp="70" pin=1"/></net>

<net id="80"><net_src comp="22" pin="0"/><net_sink comp="76" pin=0"/></net>

<net id="81"><net_src comp="6" pin="0"/><net_sink comp="76" pin=1"/></net>

<net id="86"><net_src comp="22" pin="0"/><net_sink comp="82" pin=0"/></net>

<net id="87"><net_src comp="4" pin="0"/><net_sink comp="82" pin=1"/></net>

<net id="92"><net_src comp="22" pin="0"/><net_sink comp="88" pin=0"/></net>

<net id="93"><net_src comp="2" pin="0"/><net_sink comp="88" pin=1"/></net>

<net id="98"><net_src comp="22" pin="0"/><net_sink comp="94" pin=0"/></net>

<net id="99"><net_src comp="0" pin="0"/><net_sink comp="94" pin=1"/></net>

<net id="103"><net_src comp="24" pin="0"/><net_sink comp="100" pin=0"/></net>

<net id="110"><net_src comp="100" pin="1"/><net_sink comp="104" pin=0"/></net>

<net id="114"><net_src comp="26" pin="0"/><net_sink comp="111" pin=0"/></net>

<net id="121"><net_src comp="111" pin="1"/><net_sink comp="115" pin=0"/></net>

<net id="122"><net_src comp="115" pin="4"/><net_sink comp="111" pin=0"/></net>

<net id="126"><net_src comp="24" pin="0"/><net_sink comp="123" pin=0"/></net>

<net id="133"><net_src comp="123" pin="1"/><net_sink comp="127" pin=0"/></net>

<net id="143"><net_src comp="111" pin="1"/><net_sink comp="137" pin=0"/></net>

<net id="144"><net_src comp="137" pin="4"/><net_sink comp="134" pin=0"/></net>

<net id="157"><net_src comp="38" pin="0"/><net_sink comp="145" pin=0"/></net>

<net id="158"><net_src comp="40" pin="0"/><net_sink comp="145" pin=7"/></net>

<net id="171"><net_src comp="38" pin="0"/><net_sink comp="159" pin=0"/></net>

<net id="172"><net_src comp="42" pin="0"/><net_sink comp="159" pin=7"/></net>

<net id="183"><net_src comp="16" pin="0"/><net_sink comp="179" pin=0"/></net>

<net id="187"><net_src comp="104" pin="4"/><net_sink comp="184" pin=0"/></net>

<net id="188"><net_src comp="184" pin="1"/><net_sink comp="173" pin=0"/></net>

<net id="193"><net_src comp="104" pin="4"/><net_sink comp="189" pin=0"/></net>

<net id="194"><net_src comp="28" pin="0"/><net_sink comp="189" pin=1"/></net>

<net id="199"><net_src comp="104" pin="4"/><net_sink comp="195" pin=0"/></net>

<net id="200"><net_src comp="34" pin="0"/><net_sink comp="195" pin=1"/></net>

<net id="205"><net_src comp="111" pin="1"/><net_sink comp="201" pin=0"/></net>

<net id="206"><net_src comp="36" pin="0"/><net_sink comp="201" pin=1"/></net>

<net id="210"><net_src comp="127" pin="4"/><net_sink comp="207" pin=0"/></net>

<net id="211"><net_src comp="207" pin="1"/><net_sink comp="173" pin=0"/></net>

<net id="216"><net_src comp="127" pin="4"/><net_sink comp="212" pin=0"/></net>

<net id="217"><net_src comp="28" pin="0"/><net_sink comp="212" pin=1"/></net>

<net id="222"><net_src comp="127" pin="4"/><net_sink comp="218" pin=0"/></net>

<net id="223"><net_src comp="34" pin="0"/><net_sink comp="218" pin=1"/></net>

<net id="228"><net_src comp="44" pin="0"/><net_sink comp="224" pin=0"/></net>

<net id="229"><net_src comp="134" pin="1"/><net_sink comp="224" pin=1"/></net>

<net id="233"><net_src comp="134" pin="1"/><net_sink comp="230" pin=0"/></net>

<net id="238"><net_src comp="46" pin="0"/><net_sink comp="234" pin=0"/></net>

<net id="239"><net_src comp="230" pin="1"/><net_sink comp="234" pin=1"/></net>

<net id="245"><net_src comp="145" pin="10"/><net_sink comp="240" pin=0"/></net>

<net id="246"><net_src comp="234" pin="2"/><net_sink comp="240" pin=1"/></net>

<net id="247"><net_src comp="48" pin="0"/><net_sink comp="240" pin=2"/></net>

<net id="251"><net_src comp="134" pin="1"/><net_sink comp="248" pin=0"/></net>

<net id="256"><net_src comp="248" pin="1"/><net_sink comp="252" pin=0"/></net>

<net id="257"><net_src comp="50" pin="0"/><net_sink comp="252" pin=1"/></net>

<net id="261"><net_src comp="252" pin="2"/><net_sink comp="258" pin=0"/></net>

<net id="266"><net_src comp="52" pin="0"/><net_sink comp="262" pin=0"/></net>

<net id="267"><net_src comp="258" pin="1"/><net_sink comp="262" pin=1"/></net>

<net id="273"><net_src comp="159" pin="10"/><net_sink comp="268" pin=0"/></net>

<net id="274"><net_src comp="262" pin="2"/><net_sink comp="268" pin=1"/></net>

<net id="275"><net_src comp="16" pin="0"/><net_sink comp="268" pin=2"/></net>

<net id="279"><net_src comp="268" pin="3"/><net_sink comp="276" pin=0"/></net>

<net id="284"><net_src comp="276" pin="1"/><net_sink comp="280" pin=0"/></net>

<net id="285"><net_src comp="240" pin="3"/><net_sink comp="280" pin=1"/></net>

<net id="291"><net_src comp="54" pin="0"/><net_sink comp="286" pin=0"/></net>

<net id="292"><net_src comp="268" pin="3"/><net_sink comp="286" pin=1"/></net>

<net id="293"><net_src comp="56" pin="0"/><net_sink comp="286" pin=2"/></net>

<net id="299"><net_src comp="58" pin="0"/><net_sink comp="294" pin=0"/></net>

<net id="300"><net_src comp="286" pin="3"/><net_sink comp="294" pin=1"/></net>

<net id="301"><net_src comp="280" pin="2"/><net_sink comp="294" pin=2"/></net>

<net id="306"><net_src comp="176" pin="1"/><net_sink comp="302" pin=0"/></net>

<net id="307"><net_src comp="294" pin="3"/><net_sink comp="302" pin=1"/></net>

<net id="312"><net_src comp="302" pin="2"/><net_sink comp="308" pin=0"/></net>

<net id="316"><net_src comp="60" pin="1"/><net_sink comp="313" pin=0"/></net>

<net id="317"><net_src comp="313" pin="1"/><net_sink comp="179" pin=1"/></net>

<net id="318"><net_src comp="313" pin="1"/><net_sink comp="176" pin=0"/></net>

<net id="319"><net_src comp="313" pin="1"/><net_sink comp="308" pin=1"/></net>

<net id="323"><net_src comp="64" pin="2"/><net_sink comp="320" pin=0"/></net>

<net id="324"><net_src comp="320" pin="1"/><net_sink comp="145" pin=6"/></net>

<net id="325"><net_src comp="320" pin="1"/><net_sink comp="159" pin=6"/></net>

<net id="329"><net_src comp="70" pin="2"/><net_sink comp="326" pin=0"/></net>

<net id="330"><net_src comp="326" pin="1"/><net_sink comp="145" pin=5"/></net>

<net id="331"><net_src comp="326" pin="1"/><net_sink comp="159" pin=5"/></net>

<net id="335"><net_src comp="76" pin="2"/><net_sink comp="332" pin=0"/></net>

<net id="336"><net_src comp="332" pin="1"/><net_sink comp="145" pin=4"/></net>

<net id="337"><net_src comp="332" pin="1"/><net_sink comp="159" pin=4"/></net>

<net id="341"><net_src comp="82" pin="2"/><net_sink comp="338" pin=0"/></net>

<net id="342"><net_src comp="338" pin="1"/><net_sink comp="145" pin=3"/></net>

<net id="343"><net_src comp="338" pin="1"/><net_sink comp="159" pin=3"/></net>

<net id="347"><net_src comp="88" pin="2"/><net_sink comp="344" pin=0"/></net>

<net id="348"><net_src comp="344" pin="1"/><net_sink comp="145" pin=2"/></net>

<net id="349"><net_src comp="344" pin="1"/><net_sink comp="159" pin=2"/></net>

<net id="353"><net_src comp="94" pin="2"/><net_sink comp="350" pin=0"/></net>

<net id="354"><net_src comp="350" pin="1"/><net_sink comp="145" pin=1"/></net>

<net id="355"><net_src comp="350" pin="1"/><net_sink comp="159" pin=1"/></net>

<net id="359"><net_src comp="184" pin="1"/><net_sink comp="356" pin=0"/></net>

<net id="360"><net_src comp="356" pin="1"/><net_sink comp="173" pin=0"/></net>

<net id="367"><net_src comp="195" pin="2"/><net_sink comp="364" pin=0"/></net>

<net id="368"><net_src comp="364" pin="1"/><net_sink comp="104" pin=2"/></net>

<net id="372"><net_src comp="201" pin="2"/><net_sink comp="369" pin=0"/></net>

<net id="373"><net_src comp="369" pin="1"/><net_sink comp="115" pin=2"/></net>

<net id="377"><net_src comp="173" pin="1"/><net_sink comp="374" pin=0"/></net>

<net id="378"><net_src comp="374" pin="1"/><net_sink comp="145" pin=9"/></net>

<net id="379"><net_src comp="374" pin="1"/><net_sink comp="159" pin=9"/></net>

<net id="383"><net_src comp="207" pin="1"/><net_sink comp="380" pin=0"/></net>

<net id="384"><net_src comp="380" pin="1"/><net_sink comp="173" pin=0"/></net>

<net id="391"><net_src comp="218" pin="2"/><net_sink comp="388" pin=0"/></net>

<net id="392"><net_src comp="388" pin="1"/><net_sink comp="127" pin=2"/></net>

<net id="396"><net_src comp="173" pin="1"/><net_sink comp="393" pin=0"/></net>

<net id="397"><net_src comp="393" pin="1"/><net_sink comp="145" pin=8"/></net>

<net id="398"><net_src comp="393" pin="1"/><net_sink comp="159" pin=8"/></net>

<net id="402"><net_src comp="224" pin="2"/><net_sink comp="399" pin=0"/></net>

<net id="403"><net_src comp="399" pin="1"/><net_sink comp="137" pin=2"/></net>

</net_list>

</model> 
---------------- Datapath Model END ------------------

* FSMD analyzer results:
  - Output states:
 - Input state : 
	Port: honeybee : edge_p1_x | {1 }
	Port: honeybee : edge_p1_y | {1 }
	Port: honeybee : edge_p1_z | {1 }
	Port: honeybee : edge_p2_x | {1 }
	Port: honeybee : edge_p2_y | {1 }
	Port: honeybee : edge_p2_z | {1 }
  - Chain level:
	State 1
		store_ln152 : 1
	State 2
		zext_ln152 : 1
		icmp_ln152 : 1
		k : 1
		br_ln152 : 2
		grid_z : 2
		ret_ln166 : 1
	State 3
	State 4
	State 5
	State 6
	State 7
	State 8
		zext_ln153 : 1
		icmp_ln153 : 1
		j : 1
		br_ln153 : 2
		grid_y : 2
	State 9
	State 10
	State 11
	State 12
	State 13
	State 14
	State 15
		shl_ln160 : 1
		select_ln159 : 2
		or_ln162 : 1
		zext_ln162 : 1
		shl_ln160_1 : 2
		select_ln159_1 : 3
		trunc_ln159 : 4
		or_ln159 : 5
		tmp : 4
		tmp_62 : 5
		or_ln159_1 : 6
		store_ln153 : 6


============================================================
+ Verbose Summary: Datapath Resource usage 
============================================================

* Functional unit list:
|----------|---------------------------------|---------|---------|---------|---------|
| Operation|         Functional Unit         |  DSP48E |  Delay  |    FF   |   LUT   |
|----------|---------------------------------|---------|---------|---------|---------|
|   call   | grp_segmentIntersectsGri_fu_145 |    34   | 76.8746 |   5779  |  11903  |
|          | grp_segmentIntersectsGri_fu_159 |    34   | 76.8746 |   5779  |  11903  |
|----------|---------------------------------|---------|---------|---------|---------|
|  sitofp  |            grp_fu_173           |    0    |    0    |   340   |   554   |
|----------|---------------------------------|---------|---------|---------|---------|
|          |             k_fu_195            |    0    |    0    |    0    |    10   |
|    add   |             b_fu_201            |    0    |    0    |    0    |    13   |
|          |             j_fu_218            |    0    |    0    |    0    |    10   |
|          |         add_ln162_fu_224        |    0    |    0    |    0    |    13   |
|----------|---------------------------------|---------|---------|---------|---------|
|    shl   |         shl_ln160_fu_234        |    0    |    0    |    0    |    11   |
|          |        shl_ln160_1_fu_262       |    0    |    0    |    0    |    10   |
|----------|---------------------------------|---------|---------|---------|---------|
|   icmp   |        icmp_ln152_fu_189        |    0    |    0    |    0    |    8    |
|          |        icmp_ln153_fu_212        |    0    |    0    |    0    |    8    |
|----------|---------------------------------|---------|---------|---------|---------|
|  select  |       select_ln159_fu_240       |    0    |    0    |    0    |    7    |
|          |      select_ln159_1_fu_268      |    0    |    0    |    0    |    8    |
|----------|---------------------------------|---------|---------|---------|---------|
|          |         or_ln162_fu_252         |    0    |    0    |    0    |    0    |
|    or    |         or_ln159_fu_280         |    0    |    0    |    0    |    7    |
|          |        or_ln159_1_fu_302        |    0    |    0    |    0    |    8    |
|----------|---------------------------------|---------|---------|---------|---------|
|          |    edge_p2_z_read_read_fu_64    |    0    |    0    |    0    |    0    |
|          |    edge_p2_y_read_read_fu_70    |    0    |    0    |    0    |    0    |
|   read   |    edge_p2_x_read_read_fu_76    |    0    |    0    |    0    |    0    |
|          |    edge_p1_z_read_read_fu_82    |    0    |    0    |    0    |    0    |
|          |    edge_p1_y_read_read_fu_88    |    0    |    0    |    0    |    0    |
|          |    edge_p1_x_read_read_fu_94    |    0    |    0    |    0    |    0    |
|----------|---------------------------------|---------|---------|---------|---------|
|          |        zext_ln152_fu_184        |    0    |    0    |    0    |    0    |
|   zext   |        zext_ln153_fu_207        |    0    |    0    |    0    |    0    |
|          |       zext_ln153_1_fu_230       |    0    |    0    |    0    |    0    |
|          |        zext_ln162_fu_258        |    0    |    0    |    0    |    0    |
|----------|---------------------------------|---------|---------|---------|---------|
|   trunc  |        trunc_ln153_fu_248       |    0    |    0    |    0    |    0    |
|          |        trunc_ln159_fu_276       |    0    |    0    |    0    |    0    |
|----------|---------------------------------|---------|---------|---------|---------|
| bitselect|            tmp_fu_286           |    0    |    0    |    0    |    0    |
|----------|---------------------------------|---------|---------|---------|---------|
|bitconcatenate|          tmp_62_fu_294          |    0    |    0    |    0    |    0    |
|----------|---------------------------------|---------|---------|---------|---------|
|   Total  |                                 |    68   | 153.749 |  11898  |  24473  |
|----------|---------------------------------|---------|---------|---------|---------|

Memories:
N/A

* Register list:
+----------------------+--------+
|                      |   FF   |
+----------------------+--------+
|   add_ln162_reg_399  |    4   |
|      b_0_reg_111     |    4   |
|      b_1_reg_134     |    4   |
|       b_reg_369      |    4   |
| collisions_0_reg_313 |    8   |
|edge_p1_x_read_reg_350|   32   |
|edge_p1_y_read_reg_344|   32   |
|edge_p1_z_read_reg_338|   32   |
|edge_p2_x_read_reg_332|   32   |
|edge_p2_y_read_reg_326|   32   |
|edge_p2_z_read_reg_320|   32   |
|    grid_y_reg_393    |   32   |
|    grid_z_reg_374    |   32   |
|      j_0_reg_123     |    2   |
|       j_reg_388      |    2   |
|      k_0_reg_100     |    2   |
|       k_reg_364      |    2   |
|  zext_ln152_reg_356  |   32   |
|  zext_ln153_reg_380  |   32   |
+----------------------+--------+
|         Total        |   352  |
+----------------------+--------+

* Multiplexer (MUX) list: 
|-------------|------|------|------|--------||---------||---------|
|     Comp    |  Pin | Size |  BW  | S x BW ||  Delay  ||   LUT   |
|-------------|------|------|------|--------||---------||---------|
| b_0_reg_111 |  p0  |   2  |   4  |    8   ||    9    |
|  grp_fu_173 |  p0  |   4  |   2  |    8   ||    21   |
|-------------|------|------|------|--------||---------||---------|
|    Total    |      |      |      |   16   ||  3.6295 ||    30   |
|-------------|------|------|------|--------||---------||---------|



* Summary:
+-----------+--------+--------+--------+--------+
|           | DSP48E |  Delay |   FF   |   LUT  |
+-----------+--------+--------+--------+--------+
|  Function |   68   |   153  |  11898 |  24473 |
|   Memory  |    -   |    -   |    -   |    -   |
|Multiplexer|    -   |    3   |    -   |   30   |
|  Register |    -   |    -   |   352  |    -   |
+-----------+--------+--------+--------+--------+
|   Total   |   68   |   157  |  12250 |  24503 |
+-----------+--------+--------+--------+--------+
