

================================================================
== Vivado HLS Report for 'honeybee'
================================================================
* Date:           Thu Mar 19 15:53:49 2020

* Version:        2019.2 (Build 2704478 on Wed Nov 06 22:10:23 MST 2019)
* Project:        HoneyBee-B
* Solution:       solution2
* Product family: zynq
* Target device:  xc7z020-clg484-1


================================================================
== Performance Estimates
================================================================
+ Timing: 
    * Summary: 
    +--------+----------+----------+------------+
    |  Clock |  Target  | Estimated| Uncertainty|
    +--------+----------+----------+------------+
    |ap_clk  | 10.00 ns | 8.750 ns |   1.25 ns  |
    +--------+----------+----------+------------+

+ Latency: 
    * Summary: 
    +---------+---------+----------+----------+-----+-----+---------+
    |  Latency (cycles) |  Latency (absolute) |  Interval | Pipeline|
    |   min   |   max   |    min   |    max   | min | max |   Type  |
    +---------+---------+----------+----------+-----+-----+---------+
    |      637|      637| 6.370 us | 6.370 us |  637|  637|   none  |
    +---------+---------+----------+----------+-----+-----+---------+

    + Detail: 
        * Instance: 
        N/A

        * Loop: 
        +-----------------------+---------+---------+----------+-----------+-----------+------+----------+
        |                       |  Latency (cycles) | Iteration|  Initiation Interval  | Trip |          |
        |       Loop Name       |   min   |   max   |  Latency |  achieved |   target  | Count| Pipelined|
        +-----------------------+---------+---------+----------+-----------+-----------+------+----------+
        |- honeybee_upper_loop  |      636|      636|       159|          -|          -|     4|    no    |
        | + honeybee_mid_loop   |      152|      152|        38|          -|          -|     4|    no    |
        +-----------------------+---------+---------+----------+-----------+-----------+------+----------+

============================================================
+ Verbose Summary: Synthesis Manager
============================================================
InlineROM: 1
ExposeGlobal: 0
============================================================
+ Verbose Summary: CDFG Model
============================================================
IsTopModel: 1
ResetActiveHigh: 1
IsCombinational: 0
IsDatapathOnly: 0
HasWiredReturn: 1
HasMFsm: 0
HasVarLatency: 1
IsPipeline: 0
IsRtlPipelined: 0
IsInstanceOverlapped: 0
IsDontTouch: 0
HasImplIP: 0
IsGatedGlobalClock: 0


============================================================
+ Verbose Summary: Schedule
============================================================
* Number of FSM states : 16
* Pipeline : 0
* Dataflow Pipeline: 0

* FSM state transitions: 
1 --> 2 
2 --> 3 
3 --> 4 
4 --> 5 
5 --> 6 
6 --> 7 
7 --> 8 
8 --> 9 2 
9 --> 10 
10 --> 11 
11 --> 12 
12 --> 13 
13 --> 14 
14 --> 15 
15 --> 16 
16 --> 8 

* FSM state operations: 

State 1 <SV = 0> <Delay = 1.76>
ST_1 : Operation 17 [1/1] (0.00ns)   --->   "%collisions_0 = alloca i64"   --->   Operation 17 'alloca' 'collisions_0' <Predicate = true> <Delay = 0.00>
ST_1 : Operation 18 [1/1] (0.00ns)   --->   "call void (...)* @_ssdm_op_SpecBitsMap(float %edge_p1_x), !map !34"   --->   Operation 18 'specbitsmap' <Predicate = true> <Delay = 0.00>
ST_1 : Operation 19 [1/1] (0.00ns)   --->   "call void (...)* @_ssdm_op_SpecBitsMap(float %edge_p1_y), !map !40"   --->   Operation 19 'specbitsmap' <Predicate = true> <Delay = 0.00>
ST_1 : Operation 20 [1/1] (0.00ns)   --->   "call void (...)* @_ssdm_op_SpecBitsMap(float %edge_p1_z), !map !44"   --->   Operation 20 'specbitsmap' <Predicate = true> <Delay = 0.00>
ST_1 : Operation 21 [1/1] (0.00ns)   --->   "call void (...)* @_ssdm_op_SpecBitsMap(float %edge_p2_x), !map !48"   --->   Operation 21 'specbitsmap' <Predicate = true> <Delay = 0.00>
ST_1 : Operation 22 [1/1] (0.00ns)   --->   "call void (...)* @_ssdm_op_SpecBitsMap(float %edge_p2_y), !map !52"   --->   Operation 22 'specbitsmap' <Predicate = true> <Delay = 0.00>
ST_1 : Operation 23 [1/1] (0.00ns)   --->   "call void (...)* @_ssdm_op_SpecBitsMap(float %edge_p2_z), !map !56"   --->   Operation 23 'specbitsmap' <Predicate = true> <Delay = 0.00>
ST_1 : Operation 24 [1/1] (0.00ns)   --->   "call void (...)* @_ssdm_op_SpecBitsMap(i64 0) nounwind, !map !60"   --->   Operation 24 'specbitsmap' <Predicate = true> <Delay = 0.00>
ST_1 : Operation 25 [1/1] (0.00ns)   --->   "call void (...)* @_ssdm_op_SpecTopModule([9 x i8]* @honeybee_str) nounwind"   --->   Operation 25 'spectopmodule' <Predicate = true> <Delay = 0.00>
ST_1 : Operation 26 [1/1] (0.00ns)   --->   "%edge_p2_z_read = call float @_ssdm_op_Read.ap_auto.float(float %edge_p2_z)" [src/honeybee.c:73]   --->   Operation 26 'read' 'edge_p2_z_read' <Predicate = true> <Delay = 0.00>
ST_1 : Operation 27 [1/1] (0.00ns)   --->   "%edge_p2_y_read = call float @_ssdm_op_Read.ap_auto.float(float %edge_p2_y)" [src/honeybee.c:73]   --->   Operation 27 'read' 'edge_p2_y_read' <Predicate = true> <Delay = 0.00>
ST_1 : Operation 28 [1/1] (0.00ns)   --->   "%edge_p2_x_read = call float @_ssdm_op_Read.ap_auto.float(float %edge_p2_x)" [src/honeybee.c:73]   --->   Operation 28 'read' 'edge_p2_x_read' <Predicate = true> <Delay = 0.00>
ST_1 : Operation 29 [1/1] (0.00ns)   --->   "%edge_p1_z_read = call float @_ssdm_op_Read.ap_auto.float(float %edge_p1_z)" [src/honeybee.c:73]   --->   Operation 29 'read' 'edge_p1_z_read' <Predicate = true> <Delay = 0.00>
ST_1 : Operation 30 [1/1] (0.00ns)   --->   "%edge_p1_y_read = call float @_ssdm_op_Read.ap_auto.float(float %edge_p1_y)" [src/honeybee.c:73]   --->   Operation 30 'read' 'edge_p1_y_read' <Predicate = true> <Delay = 0.00>
ST_1 : Operation 31 [1/1] (0.00ns)   --->   "%edge_p1_x_read = call float @_ssdm_op_Read.ap_auto.float(float %edge_p1_x)" [src/honeybee.c:73]   --->   Operation 31 'read' 'edge_p1_x_read' <Predicate = true> <Delay = 0.00>
ST_1 : Operation 32 [1/1] (1.76ns)   --->   "store i64 0, i64* %collisions_0" [src/honeybee.c:73]   --->   Operation 32 'store' <Predicate = true> <Delay = 1.76>
ST_1 : Operation 33 [1/1] (1.76ns)   --->   "br label %1" [src/honeybee.c:73]   --->   Operation 33 'br' <Predicate = true> <Delay = 1.76>

State 2 <SV = 1> <Delay = 6.41>
ST_2 : Operation 34 [1/1] (0.00ns)   --->   "%k_0 = phi i3 [ 0, %0 ], [ %k, %honeybee_upper_loop_end ]"   --->   Operation 34 'phi' 'k_0' <Predicate = true> <Delay = 0.00>
ST_2 : Operation 35 [1/1] (0.00ns)   --->   "%b_0 = phi i7 [ 0, %0 ], [ %b, %honeybee_upper_loop_end ]"   --->   Operation 35 'phi' 'b_0' <Predicate = true> <Delay = 0.00>
ST_2 : Operation 36 [1/1] (0.00ns)   --->   "%zext_ln73 = zext i3 %k_0 to i32" [src/honeybee.c:73]   --->   Operation 36 'zext' 'zext_ln73' <Predicate = true> <Delay = 0.00>
ST_2 : Operation 37 [1/1] (1.13ns)   --->   "%icmp_ln73 = icmp eq i3 %k_0, -4" [src/honeybee.c:73]   --->   Operation 37 'icmp' 'icmp_ln73' <Predicate = true> <Delay = 1.13> <Core = "Cmp">   --->   Core 25 'Cmp' <Latency = 0> <II = 1> <Delay = 1.13> <FuncUnit> <Opcode : 'icmp'> <InPorts = 2> <OutPorts = 1>
ST_2 : Operation 38 [1/1] (0.00ns)   --->   "%empty = call i32 (...)* @_ssdm_op_SpecLoopTripCount(i64 4, i64 4, i64 4)"   --->   Operation 38 'speclooptripcount' 'empty' <Predicate = true> <Delay = 0.00>
ST_2 : Operation 39 [1/1] (1.65ns)   --->   "%k = add i3 %k_0, 1" [src/honeybee.c:73]   --->   Operation 39 'add' 'k' <Predicate = true> <Delay = 1.65> <Core = "AddSub">   --->   Core 14 'AddSub' <Latency = 0> <II = 1> <Delay = 1.82> <FuncUnit> <Opcode : 'add' 'sub'> <InPorts = 2> <OutPorts = 1>
ST_2 : Operation 40 [1/1] (0.00ns)   --->   "br i1 %icmp_ln73, label %3, label %honeybee_upper_loop_begin" [src/honeybee.c:73]   --->   Operation 40 'br' <Predicate = true> <Delay = 0.00>
ST_2 : Operation 41 [6/6] (6.41ns)   --->   "%grid_z = sitofp i32 %zext_ln73 to float" [src/honeybee.c:78]   --->   Operation 41 'sitofp' 'grid_z' <Predicate = (!icmp_ln73)> <Delay = 6.41> <Core = "Int2Float">   --->   Core 112 'Int2Float' <Latency = 5> <II = 1> <Delay = 6.41> <FuncUnit> <Opcode : 'sitofp' 'uitofp'> <InPorts = 1> <OutPorts = 1>
ST_2 : Operation 42 [1/1] (0.00ns)   --->   "%collisions_0_load = load i64* %collisions_0" [src/honeybee.c:86]   --->   Operation 42 'load' 'collisions_0_load' <Predicate = (icmp_ln73)> <Delay = 0.00>
ST_2 : Operation 43 [1/1] (0.00ns)   --->   "ret i64 %collisions_0_load" [src/honeybee.c:86]   --->   Operation 43 'ret' <Predicate = (icmp_ln73)> <Delay = 0.00>

State 3 <SV = 2> <Delay = 6.41>
ST_3 : Operation 44 [5/6] (6.41ns)   --->   "%grid_z = sitofp i32 %zext_ln73 to float" [src/honeybee.c:78]   --->   Operation 44 'sitofp' 'grid_z' <Predicate = true> <Delay = 6.41> <Core = "Int2Float">   --->   Core 112 'Int2Float' <Latency = 5> <II = 1> <Delay = 6.41> <FuncUnit> <Opcode : 'sitofp' 'uitofp'> <InPorts = 1> <OutPorts = 1>

State 4 <SV = 3> <Delay = 6.41>
ST_4 : Operation 45 [4/6] (6.41ns)   --->   "%grid_z = sitofp i32 %zext_ln73 to float" [src/honeybee.c:78]   --->   Operation 45 'sitofp' 'grid_z' <Predicate = true> <Delay = 6.41> <Core = "Int2Float">   --->   Core 112 'Int2Float' <Latency = 5> <II = 1> <Delay = 6.41> <FuncUnit> <Opcode : 'sitofp' 'uitofp'> <InPorts = 1> <OutPorts = 1>

State 5 <SV = 4> <Delay = 6.41>
ST_5 : Operation 46 [3/6] (6.41ns)   --->   "%grid_z = sitofp i32 %zext_ln73 to float" [src/honeybee.c:78]   --->   Operation 46 'sitofp' 'grid_z' <Predicate = true> <Delay = 6.41> <Core = "Int2Float">   --->   Core 112 'Int2Float' <Latency = 5> <II = 1> <Delay = 6.41> <FuncUnit> <Opcode : 'sitofp' 'uitofp'> <InPorts = 1> <OutPorts = 1>

State 6 <SV = 5> <Delay = 6.41>
ST_6 : Operation 47 [2/6] (6.41ns)   --->   "%grid_z = sitofp i32 %zext_ln73 to float" [src/honeybee.c:78]   --->   Operation 47 'sitofp' 'grid_z' <Predicate = true> <Delay = 6.41> <Core = "Int2Float">   --->   Core 112 'Int2Float' <Latency = 5> <II = 1> <Delay = 6.41> <FuncUnit> <Opcode : 'sitofp' 'uitofp'> <InPorts = 1> <OutPorts = 1>

State 7 <SV = 6> <Delay = 6.41>
ST_7 : Operation 48 [1/1] (0.00ns)   --->   "call void (...)* @_ssdm_op_SpecLoopName([20 x i8]* @p_str) nounwind" [src/honeybee.c:73]   --->   Operation 48 'specloopname' <Predicate = true> <Delay = 0.00>
ST_7 : Operation 49 [1/1] (0.00ns)   --->   "%tmp = call i32 (...)* @_ssdm_op_SpecRegionBegin([20 x i8]* @p_str)" [src/honeybee.c:73]   --->   Operation 49 'specregionbegin' 'tmp' <Predicate = true> <Delay = 0.00>
ST_7 : Operation 50 [1/1] (1.87ns)   --->   "%b = add i7 %b_0, 16" [src/honeybee.c:82]   --->   Operation 50 'add' 'b' <Predicate = true> <Delay = 1.87> <Core = "AddSub">   --->   Core 14 'AddSub' <Latency = 0> <II = 1> <Delay = 1.82> <FuncUnit> <Opcode : 'add' 'sub'> <InPorts = 2> <OutPorts = 1>
ST_7 : Operation 51 [1/6] (6.41ns)   --->   "%grid_z = sitofp i32 %zext_ln73 to float" [src/honeybee.c:78]   --->   Operation 51 'sitofp' 'grid_z' <Predicate = true> <Delay = 6.41> <Core = "Int2Float">   --->   Core 112 'Int2Float' <Latency = 5> <II = 1> <Delay = 6.41> <FuncUnit> <Opcode : 'sitofp' 'uitofp'> <InPorts = 1> <OutPorts = 1>
ST_7 : Operation 52 [1/1] (1.76ns)   --->   "br label %2" [src/honeybee.c:74]   --->   Operation 52 'br' <Predicate = true> <Delay = 1.76>

State 8 <SV = 7> <Delay = 6.41>
ST_8 : Operation 53 [1/1] (0.00ns)   --->   "%j_0 = phi i3 [ 0, %honeybee_upper_loop_begin ], [ %j, %_ifconv ]"   --->   Operation 53 'phi' 'j_0' <Predicate = true> <Delay = 0.00>
ST_8 : Operation 54 [1/1] (0.00ns)   --->   "%b_1 = phi i7 [ %b_0, %honeybee_upper_loop_begin ], [ %add_ln82, %_ifconv ]" [src/honeybee.c:82]   --->   Operation 54 'phi' 'b_1' <Predicate = true> <Delay = 0.00>
ST_8 : Operation 55 [1/1] (0.00ns)   --->   "%zext_ln74 = zext i3 %j_0 to i32" [src/honeybee.c:74]   --->   Operation 55 'zext' 'zext_ln74' <Predicate = true> <Delay = 0.00>
ST_8 : Operation 56 [1/1] (1.13ns)   --->   "%icmp_ln74 = icmp eq i3 %j_0, -4" [src/honeybee.c:74]   --->   Operation 56 'icmp' 'icmp_ln74' <Predicate = true> <Delay = 1.13> <Core = "Cmp">   --->   Core 25 'Cmp' <Latency = 0> <II = 1> <Delay = 1.13> <FuncUnit> <Opcode : 'icmp'> <InPorts = 2> <OutPorts = 1>
ST_8 : Operation 57 [1/1] (0.00ns)   --->   "%empty_5 = call i32 (...)* @_ssdm_op_SpecLoopTripCount(i64 4, i64 4, i64 4)"   --->   Operation 57 'speclooptripcount' 'empty_5' <Predicate = true> <Delay = 0.00>
ST_8 : Operation 58 [1/1] (1.65ns)   --->   "%j = add i3 %j_0, 1" [src/honeybee.c:74]   --->   Operation 58 'add' 'j' <Predicate = true> <Delay = 1.65> <Core = "AddSub">   --->   Core 14 'AddSub' <Latency = 0> <II = 1> <Delay = 1.82> <FuncUnit> <Opcode : 'add' 'sub'> <InPorts = 2> <OutPorts = 1>
ST_8 : Operation 59 [1/1] (0.00ns)   --->   "br i1 %icmp_ln74, label %honeybee_upper_loop_end, label %_ifconv" [src/honeybee.c:74]   --->   Operation 59 'br' <Predicate = true> <Delay = 0.00>
ST_8 : Operation 60 [6/6] (6.41ns)   --->   "%grid_y = sitofp i32 %zext_ln74 to float" [src/honeybee.c:78]   --->   Operation 60 'sitofp' 'grid_y' <Predicate = (!icmp_ln74)> <Delay = 6.41> <Core = "Int2Float">   --->   Core 112 'Int2Float' <Latency = 5> <II = 1> <Delay = 6.41> <FuncUnit> <Opcode : 'sitofp' 'uitofp'> <InPorts = 1> <OutPorts = 1>
ST_8 : Operation 61 [1/1] (0.00ns)   --->   "%empty_6 = call i32 (...)* @_ssdm_op_SpecRegionEnd([20 x i8]* @p_str, i32 %tmp)" [src/honeybee.c:85]   --->   Operation 61 'specregionend' 'empty_6' <Predicate = (icmp_ln74)> <Delay = 0.00>
ST_8 : Operation 62 [1/1] (0.00ns)   --->   "br label %1" [src/honeybee.c:73]   --->   Operation 62 'br' <Predicate = (icmp_ln74)> <Delay = 0.00>

State 9 <SV = 8> <Delay = 6.41>
ST_9 : Operation 63 [5/6] (6.41ns)   --->   "%grid_y = sitofp i32 %zext_ln74 to float" [src/honeybee.c:78]   --->   Operation 63 'sitofp' 'grid_y' <Predicate = true> <Delay = 6.41> <Core = "Int2Float">   --->   Core 112 'Int2Float' <Latency = 5> <II = 1> <Delay = 6.41> <FuncUnit> <Opcode : 'sitofp' 'uitofp'> <InPorts = 1> <OutPorts = 1>

State 10 <SV = 9> <Delay = 6.41>
ST_10 : Operation 64 [4/6] (6.41ns)   --->   "%grid_y = sitofp i32 %zext_ln74 to float" [src/honeybee.c:78]   --->   Operation 64 'sitofp' 'grid_y' <Predicate = true> <Delay = 6.41> <Core = "Int2Float">   --->   Core 112 'Int2Float' <Latency = 5> <II = 1> <Delay = 6.41> <FuncUnit> <Opcode : 'sitofp' 'uitofp'> <InPorts = 1> <OutPorts = 1>

State 11 <SV = 10> <Delay = 6.41>
ST_11 : Operation 65 [3/6] (6.41ns)   --->   "%grid_y = sitofp i32 %zext_ln74 to float" [src/honeybee.c:78]   --->   Operation 65 'sitofp' 'grid_y' <Predicate = true> <Delay = 6.41> <Core = "Int2Float">   --->   Core 112 'Int2Float' <Latency = 5> <II = 1> <Delay = 6.41> <FuncUnit> <Opcode : 'sitofp' 'uitofp'> <InPorts = 1> <OutPorts = 1>

State 12 <SV = 11> <Delay = 6.41>
ST_12 : Operation 66 [2/6] (6.41ns)   --->   "%grid_y = sitofp i32 %zext_ln74 to float" [src/honeybee.c:78]   --->   Operation 66 'sitofp' 'grid_y' <Predicate = true> <Delay = 6.41> <Core = "Int2Float">   --->   Core 112 'Int2Float' <Latency = 5> <II = 1> <Delay = 6.41> <FuncUnit> <Opcode : 'sitofp' 'uitofp'> <InPorts = 1> <OutPorts = 1>

State 13 <SV = 12> <Delay = 6.41>
ST_13 : Operation 67 [1/6] (6.41ns)   --->   "%grid_y = sitofp i32 %zext_ln74 to float" [src/honeybee.c:78]   --->   Operation 67 'sitofp' 'grid_y' <Predicate = true> <Delay = 6.41> <Core = "Int2Float">   --->   Core 112 'Int2Float' <Latency = 5> <II = 1> <Delay = 6.41> <FuncUnit> <Opcode : 'sitofp' 'uitofp'> <InPorts = 1> <OutPorts = 1>

State 14 <SV = 13> <Delay = 8.75>
ST_14 : Operation 68 [2/2] (8.75ns)   --->   "%tmp_4 = call fastcc i1 @lineIntersectGrid(float 0.000000e+00, float %grid_y, float %grid_z, float %edge_p1_x_read, float %edge_p1_y_read, float %edge_p1_z_read, float %edge_p2_x_read, float %edge_p2_y_read, float %edge_p2_z_read)" [src/honeybee.c:79]   --->   Operation 68 'call' 'tmp_4' <Predicate = true> <Delay = 8.75> <CoreType = "Generic">   --->   Core 0 '' <Latency = 0> <II = 1> <Delay = 1.00> <Generic> <Opcode : >
ST_14 : Operation 69 [2/2] (8.75ns)   --->   "%tmp_4_1 = call fastcc i1 @lineIntersectGrid(float 1.000000e+00, float %grid_y, float %grid_z, float %edge_p1_x_read, float %edge_p1_y_read, float %edge_p1_z_read, float %edge_p2_x_read, float %edge_p2_y_read, float %edge_p2_z_read)" [src/honeybee.c:79]   --->   Operation 69 'call' 'tmp_4_1' <Predicate = true> <Delay = 8.75> <CoreType = "Generic">   --->   Core 0 '' <Latency = 0> <II = 1> <Delay = 1.00> <Generic> <Opcode : >
ST_14 : Operation 70 [2/2] (8.75ns)   --->   "%tmp_4_2 = call fastcc i1 @lineIntersectGrid(float 2.000000e+00, float %grid_y, float %grid_z, float %edge_p1_x_read, float %edge_p1_y_read, float %edge_p1_z_read, float %edge_p2_x_read, float %edge_p2_y_read, float %edge_p2_z_read)" [src/honeybee.c:79]   --->   Operation 70 'call' 'tmp_4_2' <Predicate = true> <Delay = 8.75> <CoreType = "Generic">   --->   Core 0 '' <Latency = 0> <II = 1> <Delay = 1.00> <Generic> <Opcode : >
ST_14 : Operation 71 [2/2] (8.75ns)   --->   "%tmp_4_3 = call fastcc i1 @lineIntersectGrid(float 3.000000e+00, float %grid_y, float %grid_z, float %edge_p1_x_read, float %edge_p1_y_read, float %edge_p1_z_read, float %edge_p2_x_read, float %edge_p2_y_read, float %edge_p2_z_read)" [src/honeybee.c:79]   --->   Operation 71 'call' 'tmp_4_3' <Predicate = true> <Delay = 8.75> <CoreType = "Generic">   --->   Core 0 '' <Latency = 0> <II = 1> <Delay = 1.00> <Generic> <Opcode : >

State 15 <SV = 14> <Delay = 6.40>
ST_15 : Operation 72 [1/2] (6.40ns)   --->   "%tmp_4 = call fastcc i1 @lineIntersectGrid(float 0.000000e+00, float %grid_y, float %grid_z, float %edge_p1_x_read, float %edge_p1_y_read, float %edge_p1_z_read, float %edge_p2_x_read, float %edge_p2_y_read, float %edge_p2_z_read)" [src/honeybee.c:79]   --->   Operation 72 'call' 'tmp_4' <Predicate = true> <Delay = 6.40> <CoreType = "Generic">   --->   Core 0 '' <Latency = 0> <II = 1> <Delay = 1.00> <Generic> <Opcode : >
ST_15 : Operation 73 [1/1] (0.00ns)   --->   "%trunc_ln74 = trunc i7 %b_1 to i6" [src/honeybee.c:74]   --->   Operation 73 'trunc' 'trunc_ln74' <Predicate = true> <Delay = 0.00>
ST_15 : Operation 74 [1/1] (0.00ns)   --->   "%or_ln82 = or i6 %trunc_ln74, 1" [src/honeybee.c:82]   --->   Operation 74 'or' 'or_ln82' <Predicate = true> <Delay = 0.00>
ST_15 : Operation 75 [1/1] (0.00ns)   --->   "%zext_ln82 = zext i6 %or_ln82 to i7" [src/honeybee.c:82]   --->   Operation 75 'zext' 'zext_ln82' <Predicate = true> <Delay = 0.00>
ST_15 : Operation 76 [1/2] (6.40ns)   --->   "%tmp_4_1 = call fastcc i1 @lineIntersectGrid(float 1.000000e+00, float %grid_y, float %grid_z, float %edge_p1_x_read, float %edge_p1_y_read, float %edge_p1_z_read, float %edge_p2_x_read, float %edge_p2_y_read, float %edge_p2_z_read)" [src/honeybee.c:79]   --->   Operation 76 'call' 'tmp_4_1' <Predicate = true> <Delay = 6.40> <CoreType = "Generic">   --->   Core 0 '' <Latency = 0> <II = 1> <Delay = 1.00> <Generic> <Opcode : >
ST_15 : Operation 77 [1/1] (1.82ns)   --->   "%add_ln82_2 = add i7 1, %zext_ln82" [src/honeybee.c:82]   --->   Operation 77 'add' 'add_ln82_2' <Predicate = true> <Delay = 1.82> <Core = "AddSub">   --->   Core 14 'AddSub' <Latency = 0> <II = 1> <Delay = 1.82> <FuncUnit> <Opcode : 'add' 'sub'> <InPorts = 2> <OutPorts = 1>
ST_15 : Operation 78 [1/2] (6.40ns)   --->   "%tmp_4_2 = call fastcc i1 @lineIntersectGrid(float 2.000000e+00, float %grid_y, float %grid_z, float %edge_p1_x_read, float %edge_p1_y_read, float %edge_p1_z_read, float %edge_p2_x_read, float %edge_p2_y_read, float %edge_p2_z_read)" [src/honeybee.c:79]   --->   Operation 78 'call' 'tmp_4_2' <Predicate = true> <Delay = 6.40> <CoreType = "Generic">   --->   Core 0 '' <Latency = 0> <II = 1> <Delay = 1.00> <Generic> <Opcode : >
ST_15 : Operation 79 [1/2] (6.40ns)   --->   "%tmp_4_3 = call fastcc i1 @lineIntersectGrid(float 3.000000e+00, float %grid_y, float %grid_z, float %edge_p1_x_read, float %edge_p1_y_read, float %edge_p1_z_read, float %edge_p2_x_read, float %edge_p2_y_read, float %edge_p2_z_read)" [src/honeybee.c:79]   --->   Operation 79 'call' 'tmp_4_3' <Predicate = true> <Delay = 6.40> <CoreType = "Generic">   --->   Core 0 '' <Latency = 0> <II = 1> <Delay = 1.00> <Generic> <Opcode : >

State 16 <SV = 15> <Delay = 7.85>
ST_16 : Operation 80 [1/1] (0.00ns)   --->   "%collisions_0_load_1 = load i64* %collisions_0" [src/honeybee.c:79]   --->   Operation 80 'load' 'collisions_0_load_1' <Predicate = true> <Delay = 0.00>
ST_16 : Operation 81 [1/1] (0.00ns)   --->   "call void (...)* @_ssdm_op_SpecLoopName([18 x i8]* @p_str1) nounwind" [src/honeybee.c:74]   --->   Operation 81 'specloopname' <Predicate = true> <Delay = 0.00>
ST_16 : Operation 82 [1/1] (1.87ns)   --->   "%add_ln82 = add i7 4, %b_1" [src/honeybee.c:82]   --->   Operation 82 'add' 'add_ln82' <Predicate = true> <Delay = 1.87> <Core = "AddSub">   --->   Core 14 'AddSub' <Latency = 0> <II = 1> <Delay = 1.82> <FuncUnit> <Opcode : 'add' 'sub'> <InPorts = 2> <OutPorts = 1>
ST_16 : Operation 83 [1/1] (0.00ns) (grouped into LUT with out node or_ln79_3)   --->   "%zext_ln74_1 = zext i7 %b_1 to i32" [src/honeybee.c:74]   --->   Operation 83 'zext' 'zext_ln74_1' <Predicate = (tmp_4)> <Delay = 0.00>
ST_16 : Operation 84 [1/1] (0.00ns) (grouped into LUT with out node or_ln79_3)   --->   "%shl_ln80 = shl i32 1, %zext_ln74_1" [src/honeybee.c:80]   --->   Operation 84 'shl' 'shl_ln80' <Predicate = (tmp_4)> <Delay = 0.00> <Core = "Shift">   --->   Core 28 'Shift' <Latency = 0> <II = 1> <Delay = 2.94> <FuncUnit> <Opcode : 'shl' 'lshr' 'ashr'> <InPorts = 2> <OutPorts = 1>
ST_16 : Operation 85 [1/1] (0.00ns) (grouped into LUT with out node or_ln79_3)   --->   "%select_ln79 = select i1 %tmp_4, i32 %shl_ln80, i32 0" [src/honeybee.c:79]   --->   Operation 85 'select' 'select_ln79' <Predicate = true> <Delay = 0.00> <Core = "Sel">   --->   Core 26 'Sel' <Latency = 0> <II = 1> <Delay = 0.69> <FuncUnit> <Opcode : 'select'> <InPorts = 3> <OutPorts = 1>
ST_16 : Operation 86 [1/1] (0.00ns) (grouped into LUT with out node or_ln79_3)   --->   "%zext_ln82_1 = zext i6 %or_ln82 to i32" [src/honeybee.c:82]   --->   Operation 86 'zext' 'zext_ln82_1' <Predicate = (tmp_4_1)> <Delay = 0.00>
ST_16 : Operation 87 [1/1] (0.00ns) (grouped into LUT with out node or_ln79_3)   --->   "%shl_ln80_1 = shl i32 1, %zext_ln82_1" [src/honeybee.c:80]   --->   Operation 87 'shl' 'shl_ln80_1' <Predicate = (tmp_4_1)> <Delay = 0.00> <Core = "Shift">   --->   Core 28 'Shift' <Latency = 0> <II = 1> <Delay = 2.94> <FuncUnit> <Opcode : 'shl' 'lshr' 'ashr'> <InPorts = 2> <OutPorts = 1>
ST_16 : Operation 88 [1/1] (0.00ns) (grouped into LUT with out node or_ln79_3)   --->   "%select_ln79_1 = select i1 %tmp_4_1, i32 %shl_ln80_1, i32 0" [src/honeybee.c:79]   --->   Operation 88 'select' 'select_ln79_1' <Predicate = true> <Delay = 0.00> <Core = "Sel">   --->   Core 26 'Sel' <Latency = 0> <II = 1> <Delay = 0.69> <FuncUnit> <Opcode : 'select'> <InPorts = 3> <OutPorts = 1>
ST_16 : Operation 89 [1/1] (0.00ns) (grouped into LUT with out node or_ln79_1)   --->   "%zext_ln82_2 = zext i7 %add_ln82_2 to i32" [src/honeybee.c:82]   --->   Operation 89 'zext' 'zext_ln82_2' <Predicate = (tmp_4_2)> <Delay = 0.00>
ST_16 : Operation 90 [1/1] (0.00ns) (grouped into LUT with out node or_ln79_1)   --->   "%shl_ln80_2 = shl i32 1, %zext_ln82_2" [src/honeybee.c:80]   --->   Operation 90 'shl' 'shl_ln80_2' <Predicate = (tmp_4_2)> <Delay = 0.00> <Core = "Shift">   --->   Core 28 'Shift' <Latency = 0> <II = 1> <Delay = 2.94> <FuncUnit> <Opcode : 'shl' 'lshr' 'ashr'> <InPorts = 2> <OutPorts = 1>
ST_16 : Operation 91 [1/1] (0.00ns) (grouped into LUT with out node or_ln79_1)   --->   "%select_ln79_2 = select i1 %tmp_4_2, i32 %shl_ln80_2, i32 0" [src/honeybee.c:79]   --->   Operation 91 'select' 'select_ln79_2' <Predicate = true> <Delay = 0.00> <Core = "Sel">   --->   Core 26 'Sel' <Latency = 0> <II = 1> <Delay = 0.69> <FuncUnit> <Opcode : 'select'> <InPorts = 3> <OutPorts = 1>
ST_16 : Operation 92 [1/1] (0.00ns) (grouped into LUT with out node or_ln79_1)   --->   "%or_ln82_1 = or i6 %trunc_ln74, 3" [src/honeybee.c:82]   --->   Operation 92 'or' 'or_ln82_1' <Predicate = (tmp_4_3)> <Delay = 0.00>
ST_16 : Operation 93 [1/1] (0.00ns) (grouped into LUT with out node or_ln79_1)   --->   "%zext_ln82_3 = zext i6 %or_ln82_1 to i32" [src/honeybee.c:82]   --->   Operation 93 'zext' 'zext_ln82_3' <Predicate = (tmp_4_3)> <Delay = 0.00>
ST_16 : Operation 94 [1/1] (0.00ns) (grouped into LUT with out node or_ln79_1)   --->   "%shl_ln80_3 = shl i32 1, %zext_ln82_3" [src/honeybee.c:80]   --->   Operation 94 'shl' 'shl_ln80_3' <Predicate = (tmp_4_3)> <Delay = 0.00> <Core = "Shift">   --->   Core 28 'Shift' <Latency = 0> <II = 1> <Delay = 2.94> <FuncUnit> <Opcode : 'shl' 'lshr' 'ashr'> <InPorts = 2> <OutPorts = 1>
ST_16 : Operation 95 [1/1] (0.00ns) (grouped into LUT with out node or_ln79_1)   --->   "%select_ln79_3 = select i1 %tmp_4_3, i32 %shl_ln80_3, i32 0" [src/honeybee.c:79]   --->   Operation 95 'select' 'select_ln79_3' <Predicate = true> <Delay = 0.00> <Core = "Sel">   --->   Core 26 'Sel' <Latency = 0> <II = 1> <Delay = 0.69> <FuncUnit> <Opcode : 'select'> <InPorts = 3> <OutPorts = 1>
ST_16 : Operation 96 [1/1] (0.00ns) (grouped into LUT with out node or_ln79_3)   --->   "%or_ln79 = or i32 %select_ln79, %select_ln79_1" [src/honeybee.c:79]   --->   Operation 96 'or' 'or_ln79' <Predicate = true> <Delay = 0.00> <Core = "LogicGate">   --->   Core 27 'LogicGate' <Latency = 0> <II = 1> <Delay = 0.99> <FuncUnit> <Opcode : 'and' 'or' 'xor'> <InPorts = 2> <OutPorts = 1>
ST_16 : Operation 97 [1/1] (3.04ns) (out node of the LUT)   --->   "%or_ln79_1 = or i32 %select_ln79_2, %select_ln79_3" [src/honeybee.c:79]   --->   Operation 97 'or' 'or_ln79_1' <Predicate = true> <Delay = 3.04> <Core = "LogicGate">   --->   Core 27 'LogicGate' <Latency = 0> <II = 1> <Delay = 0.99> <FuncUnit> <Opcode : 'and' 'or' 'xor'> <InPorts = 2> <OutPorts = 1>
ST_16 : Operation 98 [1/1] (0.00ns) (grouped into LUT with out node or_ln79_3)   --->   "%or_ln79_2 = or i32 %or_ln79_1, %or_ln79" [src/honeybee.c:79]   --->   Operation 98 'or' 'or_ln79_2' <Predicate = true> <Delay = 0.00> <Core = "LogicGate">   --->   Core 27 'LogicGate' <Latency = 0> <II = 1> <Delay = 0.99> <FuncUnit> <Opcode : 'and' 'or' 'xor'> <InPorts = 2> <OutPorts = 1>
ST_16 : Operation 99 [1/1] (0.00ns) (grouped into LUT with out node or_ln79_3)   --->   "%sext_ln79 = sext i32 %or_ln79_2 to i64" [src/honeybee.c:79]   --->   Operation 99 'sext' 'sext_ln79' <Predicate = true> <Delay = 0.00>
ST_16 : Operation 100 [1/1] (3.04ns) (out node of the LUT)   --->   "%or_ln79_3 = or i64 %collisions_0_load_1, %sext_ln79" [src/honeybee.c:79]   --->   Operation 100 'or' 'or_ln79_3' <Predicate = true> <Delay = 3.04> <Core = "LogicGate">   --->   Core 27 'LogicGate' <Latency = 0> <II = 1> <Delay = 0.99> <FuncUnit> <Opcode : 'and' 'or' 'xor'> <InPorts = 2> <OutPorts = 1>
ST_16 : Operation 101 [1/1] (1.76ns)   --->   "store i64 %or_ln79_3, i64* %collisions_0" [src/honeybee.c:74]   --->   Operation 101 'store' <Predicate = true> <Delay = 1.76>
ST_16 : Operation 102 [1/1] (0.00ns)   --->   "br label %2" [src/honeybee.c:74]   --->   Operation 102 'br' <Predicate = true> <Delay = 0.00>


============================================================
+ Verbose Summary: Timing violations
============================================================
Target clock period: 10ns, clock uncertainty: 1.25ns.

 <State 1>: 1.77ns
The critical path consists of the following:
	'alloca' operation ('collisions_0') [7]  (0 ns)
	'store' operation ('store_ln73', src/honeybee.c:73) of constant 0 on local variable 'collisions_0' [22]  (1.77 ns)

 <State 2>: 6.41ns
The critical path consists of the following:
	'phi' operation ('k') with incoming values : ('k', src/honeybee.c:73) [25]  (0 ns)
	'sitofp' operation ('grid.z', src/honeybee.c:78) [36]  (6.41 ns)

 <State 3>: 6.41ns
The critical path consists of the following:
	'sitofp' operation ('grid.z', src/honeybee.c:78) [36]  (6.41 ns)

 <State 4>: 6.41ns
The critical path consists of the following:
	'sitofp' operation ('grid.z', src/honeybee.c:78) [36]  (6.41 ns)

 <State 5>: 6.41ns
The critical path consists of the following:
	'sitofp' operation ('grid.z', src/honeybee.c:78) [36]  (6.41 ns)

 <State 6>: 6.41ns
The critical path consists of the following:
	'sitofp' operation ('grid.z', src/honeybee.c:78) [36]  (6.41 ns)

 <State 7>: 6.41ns
The critical path consists of the following:
	'sitofp' operation ('grid.z', src/honeybee.c:78) [36]  (6.41 ns)

 <State 8>: 6.41ns
The critical path consists of the following:
	'phi' operation ('j') with incoming values : ('j', src/honeybee.c:74) [39]  (0 ns)
	'sitofp' operation ('grid.y', src/honeybee.c:78) [50]  (6.41 ns)

 <State 9>: 6.41ns
The critical path consists of the following:
	'sitofp' operation ('grid.y', src/honeybee.c:78) [50]  (6.41 ns)

 <State 10>: 6.41ns
The critical path consists of the following:
	'sitofp' operation ('grid.y', src/honeybee.c:78) [50]  (6.41 ns)

 <State 11>: 6.41ns
The critical path consists of the following:
	'sitofp' operation ('grid.y', src/honeybee.c:78) [50]  (6.41 ns)

 <State 12>: 6.41ns
The critical path consists of the following:
	'sitofp' operation ('grid.y', src/honeybee.c:78) [50]  (6.41 ns)

 <State 13>: 6.41ns
The critical path consists of the following:
	'sitofp' operation ('grid.y', src/honeybee.c:78) [50]  (6.41 ns)

 <State 14>: 8.75ns
The critical path consists of the following:
	'call' operation ('tmp_4', src/honeybee.c:79) to 'lineIntersectGrid' [51]  (8.75 ns)

 <State 15>: 6.41ns
The critical path consists of the following:
	'call' operation ('tmp_4', src/honeybee.c:79) to 'lineIntersectGrid' [51]  (6.41 ns)

 <State 16>: 7.86ns
The critical path consists of the following:
	'shl' operation ('shl_ln80_2', src/honeybee.c:80) [65]  (0 ns)
	'select' operation ('select_ln79_2', src/honeybee.c:79) [66]  (0 ns)
	'or' operation ('or_ln79_1', src/honeybee.c:79) [73]  (3.04 ns)
	'or' operation ('or_ln79_2', src/honeybee.c:79) [74]  (0 ns)
	'or' operation ('or_ln79_3', src/honeybee.c:79) [76]  (3.04 ns)
	'store' operation ('store_ln74', src/honeybee.c:74) of variable 'or_ln79_3', src/honeybee.c:79 on local variable 'collisions_0' [77]  (1.77 ns)


============================================================
+ Verbose Summary: Binding
============================================================
N/A
* FSMD analyzer results:
  - Output states:
 - Input state : 
  - Chain level:
	State 1
	State 2
	State 3
	State 4
	State 5
	State 6
	State 7
	State 8
	State 9
	State 10
	State 11
	State 12
	State 13
	State 14
	State 15
	State 16


============================================================
+ Verbose Summary: Datapath Resource usage 
============================================================
N/A
