

================================================================
== Vivado HLS Report for 'honeybee'
================================================================
* Date:           Thu Mar 19 15:53:52 2020

* Version:        2019.2 (Build 2704478 on Wed Nov 06 22:10:23 MST 2019)
* Project:        HoneyBee-B
* Solution:       solution2
* Product family: zynq
* Target device:  xc7z020-clg484-1


================================================================
== Performance Estimates
================================================================
+ Timing: 
    * Summary: 
    +--------+----------+----------+------------+
    |  Clock |  Target  | Estimated| Uncertainty|
    +--------+----------+----------+------------+
    |ap_clk  | 10.00 ns | 8.750 ns |   1.25 ns  |
    +--------+----------+----------+------------+

+ Latency: 
    * Summary: 
    +---------+---------+----------+----------+-----+-----+---------+
    |  Latency (cycles) |  Latency (absolute) |  Interval | Pipeline|
    |   min   |   max   |    min   |    max   | min | max |   Type  |
    +---------+---------+----------+----------+-----+-----+---------+
    |      637|      637| 6.370 us | 6.370 us |  637|  637|   none  |
    +---------+---------+----------+----------+-----+-----+---------+

    + Detail: 
        * Instance: 
        +------------------------------+-------------------+---------+---------+----------+----------+-----+-----+---------+
        |                              |                   |  Latency (cycles) |  Latency (absolute) |  Interval | Pipeline|
        |           Instance           |       Module      |   min   |   max   |    min   |    max   | min | max |   Type  |
        +------------------------------+-------------------+---------+---------+----------+----------+-----+-----+---------+
        |grp_lineIntersectGrid_fu_153  |lineIntersectGrid  |       29|       29| 0.290 us | 0.290 us |   29|   29|   none  |
        |grp_lineIntersectGrid_fu_167  |lineIntersectGrid  |       29|       29| 0.290 us | 0.290 us |   29|   29|   none  |
        |grp_lineIntersectGrid_fu_181  |lineIntersectGrid  |       29|       29| 0.290 us | 0.290 us |   29|   29|   none  |
        |grp_lineIntersectGrid_fu_195  |lineIntersectGrid  |       29|       29| 0.290 us | 0.290 us |   29|   29|   none  |
        +------------------------------+-------------------+---------+---------+----------+----------+-----+-----+---------+

        * Loop: 
        +-----------------------+---------+---------+----------+-----------+-----------+------+----------+
        |                       |  Latency (cycles) | Iteration|  Initiation Interval  | Trip |          |
        |       Loop Name       |   min   |   max   |  Latency |  achieved |   target  | Count| Pipelined|
        +-----------------------+---------+---------+----------+-----------+-----------+------+----------+
        |- honeybee_upper_loop  |      636|      636|       159|          -|          -|     4|    no    |
        | + honeybee_mid_loop   |      152|      152|        38|          -|          -|     4|    no    |
        +-----------------------+---------+---------+----------+-----------+-----------+------+----------+



================================================================
== Utilization Estimates
================================================================
* Summary: 
+-----------------+---------+-------+--------+-------+-----+
|       Name      | BRAM_18K| DSP48E|   FF   |  LUT  | URAM|
+-----------------+---------+-------+--------+-------+-----+
|DSP              |        -|      -|       -|      -|    -|
|Expression       |        -|      -|       0|    793|    -|
|FIFO             |        -|      -|       -|      -|    -|
|Instance         |        -|     48|   17116|  28202|    -|
|Memory           |        -|      -|       -|      -|    -|
|Multiplexer      |        -|      -|       -|    145|    -|
|Register         |        -|      -|     202|      -|    -|
+-----------------+---------+-------+--------+-------+-----+
|Total            |        0|     48|   17318|  29140|    0|
+-----------------+---------+-------+--------+-------+-----+
|Available        |      280|    220|  106400|  53200|    0|
+-----------------+---------+-------+--------+-------+-----+
|Utilization (%)  |        0|     21|      16|     54|    0|
+-----------------+---------+-------+--------+-------+-----+

+ Detail: 
    * Instance: 
    +------------------------------+----------------------+---------+-------+------+------+-----+
    |           Instance           |        Module        | BRAM_18K| DSP48E|  FF  |  LUT | URAM|
    +------------------------------+----------------------+---------+-------+------+------+-----+
    |honeybee_sitofp_3fYi_U26      |honeybee_sitofp_3fYi  |        0|      0|   340|   554|    0|
    |grp_lineIntersectGrid_fu_153  |lineIntersectGrid     |        0|     12|  4194|  6912|    0|
    |grp_lineIntersectGrid_fu_167  |lineIntersectGrid     |        0|     12|  4194|  6912|    0|
    |grp_lineIntersectGrid_fu_181  |lineIntersectGrid     |        0|     12|  4194|  6912|    0|
    |grp_lineIntersectGrid_fu_195  |lineIntersectGrid     |        0|     12|  4194|  6912|    0|
    +------------------------------+----------------------+---------+-------+------+------+-----+
    |Total                         |                      |        0|     48| 17116| 28202|    0|
    +------------------------------+----------------------+---------+-------+------+------+-----+

    * DSP48E: 
    N/A

    * Memory: 
    N/A

    * FIFO: 
    N/A

    * Expression: 
    +----------------------------------+----------+-------+---+-----+------------+------------+
    |           Variable Name          | Operation| DSP48E| FF| LUT | Bitwidth P0| Bitwidth P1|
    +----------------------------------+----------+-------+---+-----+------------+------------+
    |add_ln82_2_fu_274_p2              |     +    |      0|  0|   15|           1|           7|
    |add_ln82_fu_280_p2                |     +    |      0|  0|   15|           3|           7|
    |b_fu_237_p2                       |     +    |      0|  0|   15|           7|           5|
    |j_fu_254_p2                       |     +    |      0|  0|   12|           3|           1|
    |k_fu_231_p2                       |     +    |      0|  0|   12|           3|           1|
    |icmp_ln73_fu_225_p2               |   icmp   |      0|  0|    9|           3|           4|
    |icmp_ln74_fu_248_p2               |   icmp   |      0|  0|    9|           3|           4|
    |ap_block_state15_on_subcall_done  |    or    |      0|  0|    2|           1|           1|
    |or_ln79_1_fu_363_p2               |    or    |      0|  0|   32|          32|          32|
    |or_ln79_2_fu_369_p2               |    or    |      0|  0|   32|          32|          32|
    |or_ln79_3_fu_379_p2               |    or    |      0|  0|   64|          64|          64|
    |or_ln79_fu_357_p2                 |    or    |      0|  0|   32|          32|          32|
    |or_ln82_1_fu_335_p2               |    or    |      0|  0|    6|           6|           2|
    |or_ln82_fu_264_p2                 |    or    |      0|  0|    6|           6|           1|
    |select_ln79_1_fu_312_p3           |  select  |      0|  0|   32|           1|          32|
    |select_ln79_2_fu_328_p3           |  select  |      0|  0|   32|           1|          32|
    |select_ln79_3_fu_350_p3           |  select  |      0|  0|   32|           1|          32|
    |select_ln79_fu_296_p3             |  select  |      0|  0|   32|           1|          32|
    |shl_ln80_1_fu_306_p2              |    shl   |      0|  0|  101|           1|          32|
    |shl_ln80_2_fu_322_p2              |    shl   |      0|  0|  101|           1|          32|
    |shl_ln80_3_fu_344_p2              |    shl   |      0|  0|  101|           1|          32|
    |shl_ln80_fu_290_p2                |    shl   |      0|  0|  101|           1|          32|
    +----------------------------------+----------+-------+---+-----+------------+------------+
    |Total                             |          |      0|  0|  793|         204|         449|
    +----------------------------------+----------+-------+---+-----+------------+------------+

    * Multiplexer: 
    +--------------------+----+-----------+-----+-----------+
    |        Name        | LUT| Input Size| Bits| Total Bits|
    +--------------------+----+-----------+-----+-----------+
    |ap_NS_fsm           |  85|         17|    1|         17|
    |b_0_reg_119         |   9|          2|    7|         14|
    |b_1_reg_142         |   9|          2|    7|         14|
    |collisions_0_fu_68  |   9|          2|   64|        128|
    |grp_fu_209_p0       |  15|          3|   32|         96|
    |j_0_reg_131         |   9|          2|    3|          6|
    |k_0_reg_108         |   9|          2|    3|          6|
    +--------------------+----+-----------+-----+-----------+
    |Total               | 145|         30|  117|        281|
    +--------------------+----+-----------+-----+-----------+

    * Register: 
    +-------------------------------------------+----+----+-----+-----------+
    |                    Name                   | FF | LUT| Bits| Const Bits|
    +-------------------------------------------+----+----+-----+-----------+
    |add_ln82_2_reg_512                         |   6|   0|    7|          1|
    |ap_CS_fsm                                  |  16|   0|   16|          0|
    |b_0_reg_119                                |   7|   0|    7|          0|
    |b_1_reg_142                                |   7|   0|    7|          0|
    |b_reg_458                                  |   7|   0|    7|          0|
    |collisions_0_fu_68                         |  64|   0|   64|          0|
    |grid_y_reg_484                             |  32|   0|   32|          0|
    |grid_z_reg_463                             |  32|   0|   32|          0|
    |grp_lineIntersectGrid_fu_153_ap_start_reg  |   1|   0|    1|          0|
    |grp_lineIntersectGrid_fu_167_ap_start_reg  |   1|   0|    1|          0|
    |grp_lineIntersectGrid_fu_181_ap_start_reg  |   1|   0|    1|          0|
    |grp_lineIntersectGrid_fu_195_ap_start_reg  |   1|   0|    1|          0|
    |j_0_reg_131                                |   3|   0|    3|          0|
    |j_reg_479                                  |   3|   0|    3|          0|
    |k_0_reg_108                                |   3|   0|    3|          0|
    |k_reg_453                                  |   3|   0|    3|          0|
    |or_ln82_reg_502                            |   5|   0|    6|          1|
    |tmp_4_1_reg_507                            |   1|   0|    1|          0|
    |tmp_4_2_reg_517                            |   1|   0|    1|          0|
    |tmp_4_3_reg_522                            |   1|   0|    1|          0|
    |tmp_4_reg_492                              |   1|   0|    1|          0|
    |trunc_ln74_reg_497                         |   6|   0|    6|          0|
    +-------------------------------------------+----+----+-----+-----------+
    |Total                                      | 202|   0|  204|          2|
    +-------------------------------------------+----+----+-----+-----------+



================================================================
== Interface
================================================================
* Summary: 
+-----------+-----+-----+------------+--------------+--------------+
| RTL Ports | Dir | Bits|  Protocol  | Source Object|    C Type    |
+-----------+-----+-----+------------+--------------+--------------+
|ap_clk     |  in |    1| ap_ctrl_hs |   honeybee   | return value |
|ap_rst     |  in |    1| ap_ctrl_hs |   honeybee   | return value |
|ap_start   |  in |    1| ap_ctrl_hs |   honeybee   | return value |
|ap_done    | out |    1| ap_ctrl_hs |   honeybee   | return value |
|ap_idle    | out |    1| ap_ctrl_hs |   honeybee   | return value |
|ap_ready   | out |    1| ap_ctrl_hs |   honeybee   | return value |
|ap_return  | out |   64| ap_ctrl_hs |   honeybee   | return value |
|edge_p1_x  |  in |   32|   ap_none  |   edge_p1_x  |    scalar    |
|edge_p1_y  |  in |   32|   ap_none  |   edge_p1_y  |    scalar    |
|edge_p1_z  |  in |   32|   ap_none  |   edge_p1_z  |    scalar    |
|edge_p2_x  |  in |   32|   ap_none  |   edge_p2_x  |    scalar    |
|edge_p2_y  |  in |   32|   ap_none  |   edge_p2_y  |    scalar    |
|edge_p2_z  |  in |   32|   ap_none  |   edge_p2_z  |    scalar    |
+-----------+-----+-----+------------+--------------+--------------+

============================================================
+ Verbose Summary: Synthesis Manager
============================================================
InlineROM: 1
ExposeGlobal: 0
============================================================
+ Verbose Summary: CDFG Model
============================================================
IsTopModel: 1
ResetActiveHigh: 1
IsCombinational: 2
IsDatapathOnly: 2
HasWiredReturn: 1
HasMFsm: 0
HasVarLatency: 1
IsPipeline: 0
IsRtlPipelined: 0
IsInstanceOverlapped: 0
IsDontTouch: 0
HasImplIP: 0
IsGatedGlobalClock: 0


============================================================
+ Verbose Summary: Schedule
============================================================
* Number of FSM states : 16
* Pipeline : 0
* Dataflow Pipeline: 0

* FSM state transitions: 
1 --> 2 
2 --> 3 
3 --> 4 
4 --> 5 
5 --> 6 
6 --> 7 
7 --> 8 
8 --> 9 2 
9 --> 10 
10 --> 11 
11 --> 12 
12 --> 13 
13 --> 14 
14 --> 15 
15 --> 16 
16 --> 8 

* FSM state operations: 

State 1 <SV = 0> <Delay = 1.76>
ST_1 : Operation 17 [1/1] (0.00ns)   --->   "%collisions_0 = alloca i64"   --->   Operation 17 'alloca' 'collisions_0' <Predicate = true> <Delay = 0.00>
ST_1 : Operation 18 [1/1] (0.00ns)   --->   "call void (...)* @_ssdm_op_SpecBitsMap(float %edge_p1_x), !map !34"   --->   Operation 18 'specbitsmap' <Predicate = true> <Delay = 0.00>
ST_1 : Operation 19 [1/1] (0.00ns)   --->   "call void (...)* @_ssdm_op_SpecBitsMap(float %edge_p1_y), !map !40"   --->   Operation 19 'specbitsmap' <Predicate = true> <Delay = 0.00>
ST_1 : Operation 20 [1/1] (0.00ns)   --->   "call void (...)* @_ssdm_op_SpecBitsMap(float %edge_p1_z), !map !44"   --->   Operation 20 'specbitsmap' <Predicate = true> <Delay = 0.00>
ST_1 : Operation 21 [1/1] (0.00ns)   --->   "call void (...)* @_ssdm_op_SpecBitsMap(float %edge_p2_x), !map !48"   --->   Operation 21 'specbitsmap' <Predicate = true> <Delay = 0.00>
ST_1 : Operation 22 [1/1] (0.00ns)   --->   "call void (...)* @_ssdm_op_SpecBitsMap(float %edge_p2_y), !map !52"   --->   Operation 22 'specbitsmap' <Predicate = true> <Delay = 0.00>
ST_1 : Operation 23 [1/1] (0.00ns)   --->   "call void (...)* @_ssdm_op_SpecBitsMap(float %edge_p2_z), !map !56"   --->   Operation 23 'specbitsmap' <Predicate = true> <Delay = 0.00>
ST_1 : Operation 24 [1/1] (0.00ns)   --->   "call void (...)* @_ssdm_op_SpecBitsMap(i64 0) nounwind, !map !60"   --->   Operation 24 'specbitsmap' <Predicate = true> <Delay = 0.00>
ST_1 : Operation 25 [1/1] (0.00ns)   --->   "call void (...)* @_ssdm_op_SpecTopModule([9 x i8]* @honeybee_str) nounwind"   --->   Operation 25 'spectopmodule' <Predicate = true> <Delay = 0.00>
ST_1 : Operation 26 [1/1] (0.00ns)   --->   "%edge_p2_z_read = call float @_ssdm_op_Read.ap_auto.float(float %edge_p2_z)" [src/honeybee.c:73]   --->   Operation 26 'read' 'edge_p2_z_read' <Predicate = true> <Delay = 0.00>
ST_1 : Operation 27 [1/1] (0.00ns)   --->   "%edge_p2_y_read = call float @_ssdm_op_Read.ap_auto.float(float %edge_p2_y)" [src/honeybee.c:73]   --->   Operation 27 'read' 'edge_p2_y_read' <Predicate = true> <Delay = 0.00>
ST_1 : Operation 28 [1/1] (0.00ns)   --->   "%edge_p2_x_read = call float @_ssdm_op_Read.ap_auto.float(float %edge_p2_x)" [src/honeybee.c:73]   --->   Operation 28 'read' 'edge_p2_x_read' <Predicate = true> <Delay = 0.00>
ST_1 : Operation 29 [1/1] (0.00ns)   --->   "%edge_p1_z_read = call float @_ssdm_op_Read.ap_auto.float(float %edge_p1_z)" [src/honeybee.c:73]   --->   Operation 29 'read' 'edge_p1_z_read' <Predicate = true> <Delay = 0.00>
ST_1 : Operation 30 [1/1] (0.00ns)   --->   "%edge_p1_y_read = call float @_ssdm_op_Read.ap_auto.float(float %edge_p1_y)" [src/honeybee.c:73]   --->   Operation 30 'read' 'edge_p1_y_read' <Predicate = true> <Delay = 0.00>
ST_1 : Operation 31 [1/1] (0.00ns)   --->   "%edge_p1_x_read = call float @_ssdm_op_Read.ap_auto.float(float %edge_p1_x)" [src/honeybee.c:73]   --->   Operation 31 'read' 'edge_p1_x_read' <Predicate = true> <Delay = 0.00>
ST_1 : Operation 32 [1/1] (1.76ns)   --->   "store i64 0, i64* %collisions_0" [src/honeybee.c:73]   --->   Operation 32 'store' <Predicate = true> <Delay = 1.76>
ST_1 : Operation 33 [1/1] (1.76ns)   --->   "br label %1" [src/honeybee.c:73]   --->   Operation 33 'br' <Predicate = true> <Delay = 1.76>

State 2 <SV = 1> <Delay = 6.41>
ST_2 : Operation 34 [1/1] (0.00ns)   --->   "%k_0 = phi i3 [ 0, %0 ], [ %k, %honeybee_upper_loop_end ]"   --->   Operation 34 'phi' 'k_0' <Predicate = true> <Delay = 0.00>
ST_2 : Operation 35 [1/1] (0.00ns)   --->   "%b_0 = phi i7 [ 0, %0 ], [ %b, %honeybee_upper_loop_end ]"   --->   Operation 35 'phi' 'b_0' <Predicate = true> <Delay = 0.00>
ST_2 : Operation 36 [1/1] (0.00ns)   --->   "%zext_ln73 = zext i3 %k_0 to i32" [src/honeybee.c:73]   --->   Operation 36 'zext' 'zext_ln73' <Predicate = true> <Delay = 0.00>
ST_2 : Operation 37 [1/1] (1.13ns)   --->   "%icmp_ln73 = icmp eq i3 %k_0, -4" [src/honeybee.c:73]   --->   Operation 37 'icmp' 'icmp_ln73' <Predicate = true> <Delay = 1.13> <Core = "Cmp">   --->   Core 25 'Cmp' <Latency = 0> <II = 1> <Delay = 1.30> <FuncUnit> <Opcode : 'icmp'> <InPorts = 2> <OutPorts = 1>
ST_2 : Operation 38 [1/1] (0.00ns)   --->   "%empty = call i32 (...)* @_ssdm_op_SpecLoopTripCount(i64 4, i64 4, i64 4)"   --->   Operation 38 'speclooptripcount' 'empty' <Predicate = true> <Delay = 0.00>
ST_2 : Operation 39 [1/1] (1.65ns)   --->   "%k = add i3 %k_0, 1" [src/honeybee.c:73]   --->   Operation 39 'add' 'k' <Predicate = true> <Delay = 1.65> <Core = "AddSub">   --->   Core 14 'AddSub' <Latency = 0> <II = 1> <Delay = 1.65> <FuncUnit> <Opcode : 'add' 'sub'> <InPorts = 2> <OutPorts = 1>
ST_2 : Operation 40 [1/1] (0.00ns)   --->   "br i1 %icmp_ln73, label %3, label %honeybee_upper_loop_begin" [src/honeybee.c:73]   --->   Operation 40 'br' <Predicate = true> <Delay = 0.00>
ST_2 : Operation 41 [6/6] (6.41ns)   --->   "%grid_z = sitofp i32 %zext_ln73 to float" [src/honeybee.c:78]   --->   Operation 41 'sitofp' 'grid_z' <Predicate = (!icmp_ln73)> <Delay = 6.41> <Core = "Int2Float">   --->   Core 112 'Int2Float' <Latency = 5> <II = 1> <Delay = 6.41> <FuncUnit> <Opcode : 'sitofp' 'uitofp'> <InPorts = 1> <OutPorts = 1>
ST_2 : Operation 42 [1/1] (0.00ns)   --->   "%collisions_0_load = load i64* %collisions_0" [src/honeybee.c:86]   --->   Operation 42 'load' 'collisions_0_load' <Predicate = (icmp_ln73)> <Delay = 0.00>
ST_2 : Operation 43 [1/1] (0.00ns)   --->   "ret i64 %collisions_0_load" [src/honeybee.c:86]   --->   Operation 43 'ret' <Predicate = (icmp_ln73)> <Delay = 0.00>

State 3 <SV = 2> <Delay = 6.41>
ST_3 : Operation 44 [5/6] (6.41ns)   --->   "%grid_z = sitofp i32 %zext_ln73 to float" [src/honeybee.c:78]   --->   Operation 44 'sitofp' 'grid_z' <Predicate = true> <Delay = 6.41> <Core = "Int2Float">   --->   Core 112 'Int2Float' <Latency = 5> <II = 1> <Delay = 6.41> <FuncUnit> <Opcode : 'sitofp' 'uitofp'> <InPorts = 1> <OutPorts = 1>

State 4 <SV = 3> <Delay = 6.41>
ST_4 : Operation 45 [4/6] (6.41ns)   --->   "%grid_z = sitofp i32 %zext_ln73 to float" [src/honeybee.c:78]   --->   Operation 45 'sitofp' 'grid_z' <Predicate = true> <Delay = 6.41> <Core = "Int2Float">   --->   Core 112 'Int2Float' <Latency = 5> <II = 1> <Delay = 6.41> <FuncUnit> <Opcode : 'sitofp' 'uitofp'> <InPorts = 1> <OutPorts = 1>

State 5 <SV = 4> <Delay = 6.41>
ST_5 : Operation 46 [3/6] (6.41ns)   --->   "%grid_z = sitofp i32 %zext_ln73 to float" [src/honeybee.c:78]   --->   Operation 46 'sitofp' 'grid_z' <Predicate = true> <Delay = 6.41> <Core = "Int2Float">   --->   Core 112 'Int2Float' <Latency = 5> <II = 1> <Delay = 6.41> <FuncUnit> <Opcode : 'sitofp' 'uitofp'> <InPorts = 1> <OutPorts = 1>

State 6 <SV = 5> <Delay = 6.41>
ST_6 : Operation 47 [2/6] (6.41ns)   --->   "%grid_z = sitofp i32 %zext_ln73 to float" [src/honeybee.c:78]   --->   Operation 47 'sitofp' 'grid_z' <Predicate = true> <Delay = 6.41> <Core = "Int2Float">   --->   Core 112 'Int2Float' <Latency = 5> <II = 1> <Delay = 6.41> <FuncUnit> <Opcode : 'sitofp' 'uitofp'> <InPorts = 1> <OutPorts = 1>

State 7 <SV = 6> <Delay = 6.41>
ST_7 : Operation 48 [1/1] (0.00ns)   --->   "call void (...)* @_ssdm_op_SpecLoopName([20 x i8]* @p_str) nounwind" [src/honeybee.c:73]   --->   Operation 48 'specloopname' <Predicate = true> <Delay = 0.00>
ST_7 : Operation 49 [1/1] (0.00ns)   --->   "%tmp = call i32 (...)* @_ssdm_op_SpecRegionBegin([20 x i8]* @p_str)" [src/honeybee.c:73]   --->   Operation 49 'specregionbegin' 'tmp' <Predicate = true> <Delay = 0.00>
ST_7 : Operation 50 [1/1] (1.87ns)   --->   "%b = add i7 %b_0, 16" [src/honeybee.c:82]   --->   Operation 50 'add' 'b' <Predicate = true> <Delay = 1.87> <Core = "AddSub">   --->   Core 14 'AddSub' <Latency = 0> <II = 1> <Delay = 1.65> <FuncUnit> <Opcode : 'add' 'sub'> <InPorts = 2> <OutPorts = 1>
ST_7 : Operation 51 [1/6] (6.41ns)   --->   "%grid_z = sitofp i32 %zext_ln73 to float" [src/honeybee.c:78]   --->   Operation 51 'sitofp' 'grid_z' <Predicate = true> <Delay = 6.41> <Core = "Int2Float">   --->   Core 112 'Int2Float' <Latency = 5> <II = 1> <Delay = 6.41> <FuncUnit> <Opcode : 'sitofp' 'uitofp'> <InPorts = 1> <OutPorts = 1>
ST_7 : Operation 52 [1/1] (1.76ns)   --->   "br label %2" [src/honeybee.c:74]   --->   Operation 52 'br' <Predicate = true> <Delay = 1.76>

State 8 <SV = 7> <Delay = 6.41>
ST_8 : Operation 53 [1/1] (0.00ns)   --->   "%j_0 = phi i3 [ 0, %honeybee_upper_loop_begin ], [ %j, %_ifconv ]"   --->   Operation 53 'phi' 'j_0' <Predicate = true> <Delay = 0.00>
ST_8 : Operation 54 [1/1] (0.00ns)   --->   "%b_1 = phi i7 [ %b_0, %honeybee_upper_loop_begin ], [ %add_ln82, %_ifconv ]" [src/honeybee.c:82]   --->   Operation 54 'phi' 'b_1' <Predicate = true> <Delay = 0.00>
ST_8 : Operation 55 [1/1] (0.00ns)   --->   "%zext_ln74 = zext i3 %j_0 to i32" [src/honeybee.c:74]   --->   Operation 55 'zext' 'zext_ln74' <Predicate = true> <Delay = 0.00>
ST_8 : Operation 56 [1/1] (1.13ns)   --->   "%icmp_ln74 = icmp eq i3 %j_0, -4" [src/honeybee.c:74]   --->   Operation 56 'icmp' 'icmp_ln74' <Predicate = true> <Delay = 1.13> <Core = "Cmp">   --->   Core 25 'Cmp' <Latency = 0> <II = 1> <Delay = 1.30> <FuncUnit> <Opcode : 'icmp'> <InPorts = 2> <OutPorts = 1>
ST_8 : Operation 57 [1/1] (0.00ns)   --->   "%empty_5 = call i32 (...)* @_ssdm_op_SpecLoopTripCount(i64 4, i64 4, i64 4)"   --->   Operation 57 'speclooptripcount' 'empty_5' <Predicate = true> <Delay = 0.00>
ST_8 : Operation 58 [1/1] (1.65ns)   --->   "%j = add i3 %j_0, 1" [src/honeybee.c:74]   --->   Operation 58 'add' 'j' <Predicate = true> <Delay = 1.65> <Core = "AddSub">   --->   Core 14 'AddSub' <Latency = 0> <II = 1> <Delay = 1.65> <FuncUnit> <Opcode : 'add' 'sub'> <InPorts = 2> <OutPorts = 1>
ST_8 : Operation 59 [1/1] (0.00ns)   --->   "br i1 %icmp_ln74, label %honeybee_upper_loop_end, label %_ifconv" [src/honeybee.c:74]   --->   Operation 59 'br' <Predicate = true> <Delay = 0.00>
ST_8 : Operation 60 [6/6] (6.41ns)   --->   "%grid_y = sitofp i32 %zext_ln74 to float" [src/honeybee.c:78]   --->   Operation 60 'sitofp' 'grid_y' <Predicate = (!icmp_ln74)> <Delay = 6.41> <Core = "Int2Float">   --->   Core 112 'Int2Float' <Latency = 5> <II = 1> <Delay = 6.41> <FuncUnit> <Opcode : 'sitofp' 'uitofp'> <InPorts = 1> <OutPorts = 1>
ST_8 : Operation 61 [1/1] (0.00ns)   --->   "%empty_6 = call i32 (...)* @_ssdm_op_SpecRegionEnd([20 x i8]* @p_str, i32 %tmp)" [src/honeybee.c:85]   --->   Operation 61 'specregionend' 'empty_6' <Predicate = (icmp_ln74)> <Delay = 0.00>
ST_8 : Operation 62 [1/1] (0.00ns)   --->   "br label %1" [src/honeybee.c:73]   --->   Operation 62 'br' <Predicate = (icmp_ln74)> <Delay = 0.00>

State 9 <SV = 8> <Delay = 6.41>
ST_9 : Operation 63 [5/6] (6.41ns)   --->   "%grid_y = sitofp i32 %zext_ln74 to float" [src/honeybee.c:78]   --->   Operation 63 'sitofp' 'grid_y' <Predicate = true> <Delay = 6.41> <Core = "Int2Float">   --->   Core 112 'Int2Float' <Latency = 5> <II = 1> <Delay = 6.41> <FuncUnit> <Opcode : 'sitofp' 'uitofp'> <InPorts = 1> <OutPorts = 1>

State 10 <SV = 9> <Delay = 6.41>
ST_10 : Operation 64 [4/6] (6.41ns)   --->   "%grid_y = sitofp i32 %zext_ln74 to float" [src/honeybee.c:78]   --->   Operation 64 'sitofp' 'grid_y' <Predicate = true> <Delay = 6.41> <Core = "Int2Float">   --->   Core 112 'Int2Float' <Latency = 5> <II = 1> <Delay = 6.41> <FuncUnit> <Opcode : 'sitofp' 'uitofp'> <InPorts = 1> <OutPorts = 1>

State 11 <SV = 10> <Delay = 6.41>
ST_11 : Operation 65 [3/6] (6.41ns)   --->   "%grid_y = sitofp i32 %zext_ln74 to float" [src/honeybee.c:78]   --->   Operation 65 'sitofp' 'grid_y' <Predicate = true> <Delay = 6.41> <Core = "Int2Float">   --->   Core 112 'Int2Float' <Latency = 5> <II = 1> <Delay = 6.41> <FuncUnit> <Opcode : 'sitofp' 'uitofp'> <InPorts = 1> <OutPorts = 1>

State 12 <SV = 11> <Delay = 6.41>
ST_12 : Operation 66 [2/6] (6.41ns)   --->   "%grid_y = sitofp i32 %zext_ln74 to float" [src/honeybee.c:78]   --->   Operation 66 'sitofp' 'grid_y' <Predicate = true> <Delay = 6.41> <Core = "Int2Float">   --->   Core 112 'Int2Float' <Latency = 5> <II = 1> <Delay = 6.41> <FuncUnit> <Opcode : 'sitofp' 'uitofp'> <InPorts = 1> <OutPorts = 1>

State 13 <SV = 12> <Delay = 6.41>
ST_13 : Operation 67 [1/6] (6.41ns)   --->   "%grid_y = sitofp i32 %zext_ln74 to float" [src/honeybee.c:78]   --->   Operation 67 'sitofp' 'grid_y' <Predicate = true> <Delay = 6.41> <Core = "Int2Float">   --->   Core 112 'Int2Float' <Latency = 5> <II = 1> <Delay = 6.41> <FuncUnit> <Opcode : 'sitofp' 'uitofp'> <InPorts = 1> <OutPorts = 1>

State 14 <SV = 13> <Delay = 8.75>
ST_14 : Operation 68 [2/2] (8.75ns)   --->   "%tmp_4 = call fastcc i1 @lineIntersectGrid(float 0.000000e+00, float %grid_y, float %grid_z, float %edge_p1_x_read, float %edge_p1_y_read, float %edge_p1_z_read, float %edge_p2_x_read, float %edge_p2_y_read, float %edge_p2_z_read)" [src/honeybee.c:79]   --->   Operation 68 'call' 'tmp_4' <Predicate = true> <Delay = 8.75> <CoreType = "Generic">   --->   Core 0 '' <Latency = 0> <II = 1> <Delay = 1.00> <Generic> <Opcode : >
ST_14 : Operation 69 [2/2] (8.75ns)   --->   "%tmp_4_1 = call fastcc i1 @lineIntersectGrid(float 1.000000e+00, float %grid_y, float %grid_z, float %edge_p1_x_read, float %edge_p1_y_read, float %edge_p1_z_read, float %edge_p2_x_read, float %edge_p2_y_read, float %edge_p2_z_read)" [src/honeybee.c:79]   --->   Operation 69 'call' 'tmp_4_1' <Predicate = true> <Delay = 8.75> <CoreType = "Generic">   --->   Core 0 '' <Latency = 0> <II = 1> <Delay = 1.00> <Generic> <Opcode : >
ST_14 : Operation 70 [2/2] (8.75ns)   --->   "%tmp_4_2 = call fastcc i1 @lineIntersectGrid(float 2.000000e+00, float %grid_y, float %grid_z, float %edge_p1_x_read, float %edge_p1_y_read, float %edge_p1_z_read, float %edge_p2_x_read, float %edge_p2_y_read, float %edge_p2_z_read)" [src/honeybee.c:79]   --->   Operation 70 'call' 'tmp_4_2' <Predicate = true> <Delay = 8.75> <CoreType = "Generic">   --->   Core 0 '' <Latency = 0> <II = 1> <Delay = 1.00> <Generic> <Opcode : >
ST_14 : Operation 71 [2/2] (8.75ns)   --->   "%tmp_4_3 = call fastcc i1 @lineIntersectGrid(float 3.000000e+00, float %grid_y, float %grid_z, float %edge_p1_x_read, float %edge_p1_y_read, float %edge_p1_z_read, float %edge_p2_x_read, float %edge_p2_y_read, float %edge_p2_z_read)" [src/honeybee.c:79]   --->   Operation 71 'call' 'tmp_4_3' <Predicate = true> <Delay = 8.75> <CoreType = "Generic">   --->   Core 0 '' <Latency = 0> <II = 1> <Delay = 1.00> <Generic> <Opcode : >

State 15 <SV = 14> <Delay = 6.40>
ST_15 : Operation 72 [1/2] (6.40ns)   --->   "%tmp_4 = call fastcc i1 @lineIntersectGrid(float 0.000000e+00, float %grid_y, float %grid_z, float %edge_p1_x_read, float %edge_p1_y_read, float %edge_p1_z_read, float %edge_p2_x_read, float %edge_p2_y_read, float %edge_p2_z_read)" [src/honeybee.c:79]   --->   Operation 72 'call' 'tmp_4' <Predicate = true> <Delay = 6.40> <CoreType = "Generic">   --->   Core 0 '' <Latency = 0> <II = 1> <Delay = 1.00> <Generic> <Opcode : >
ST_15 : Operation 73 [1/1] (0.00ns)   --->   "%trunc_ln74 = trunc i7 %b_1 to i6" [src/honeybee.c:74]   --->   Operation 73 'trunc' 'trunc_ln74' <Predicate = true> <Delay = 0.00>
ST_15 : Operation 74 [1/1] (0.00ns)   --->   "%or_ln82 = or i6 %trunc_ln74, 1" [src/honeybee.c:82]   --->   Operation 74 'or' 'or_ln82' <Predicate = true> <Delay = 0.00>
ST_15 : Operation 75 [1/1] (0.00ns)   --->   "%zext_ln82 = zext i6 %or_ln82 to i7" [src/honeybee.c:82]   --->   Operation 75 'zext' 'zext_ln82' <Predicate = true> <Delay = 0.00>
ST_15 : Operation 76 [1/2] (6.40ns)   --->   "%tmp_4_1 = call fastcc i1 @lineIntersectGrid(float 1.000000e+00, float %grid_y, float %grid_z, float %edge_p1_x_read, float %edge_p1_y_read, float %edge_p1_z_read, float %edge_p2_x_read, float %edge_p2_y_read, float %edge_p2_z_read)" [src/honeybee.c:79]   --->   Operation 76 'call' 'tmp_4_1' <Predicate = true> <Delay = 6.40> <CoreType = "Generic">   --->   Core 0 '' <Latency = 0> <II = 1> <Delay = 1.00> <Generic> <Opcode : >
ST_15 : Operation 77 [1/1] (1.82ns)   --->   "%add_ln82_2 = add i7 1, %zext_ln82" [src/honeybee.c:82]   --->   Operation 77 'add' 'add_ln82_2' <Predicate = true> <Delay = 1.82> <Core = "AddSub">   --->   Core 14 'AddSub' <Latency = 0> <II = 1> <Delay = 1.65> <FuncUnit> <Opcode : 'add' 'sub'> <InPorts = 2> <OutPorts = 1>
ST_15 : Operation 78 [1/2] (6.40ns)   --->   "%tmp_4_2 = call fastcc i1 @lineIntersectGrid(float 2.000000e+00, float %grid_y, float %grid_z, float %edge_p1_x_read, float %edge_p1_y_read, float %edge_p1_z_read, float %edge_p2_x_read, float %edge_p2_y_read, float %edge_p2_z_read)" [src/honeybee.c:79]   --->   Operation 78 'call' 'tmp_4_2' <Predicate = true> <Delay = 6.40> <CoreType = "Generic">   --->   Core 0 '' <Latency = 0> <II = 1> <Delay = 1.00> <Generic> <Opcode : >
ST_15 : Operation 79 [1/2] (6.40ns)   --->   "%tmp_4_3 = call fastcc i1 @lineIntersectGrid(float 3.000000e+00, float %grid_y, float %grid_z, float %edge_p1_x_read, float %edge_p1_y_read, float %edge_p1_z_read, float %edge_p2_x_read, float %edge_p2_y_read, float %edge_p2_z_read)" [src/honeybee.c:79]   --->   Operation 79 'call' 'tmp_4_3' <Predicate = true> <Delay = 6.40> <CoreType = "Generic">   --->   Core 0 '' <Latency = 0> <II = 1> <Delay = 1.00> <Generic> <Opcode : >

State 16 <SV = 15> <Delay = 7.85>
ST_16 : Operation 80 [1/1] (0.00ns)   --->   "%collisions_0_load_1 = load i64* %collisions_0" [src/honeybee.c:79]   --->   Operation 80 'load' 'collisions_0_load_1' <Predicate = true> <Delay = 0.00>
ST_16 : Operation 81 [1/1] (0.00ns)   --->   "call void (...)* @_ssdm_op_SpecLoopName([18 x i8]* @p_str1) nounwind" [src/honeybee.c:74]   --->   Operation 81 'specloopname' <Predicate = true> <Delay = 0.00>
ST_16 : Operation 82 [1/1] (1.87ns)   --->   "%add_ln82 = add i7 4, %b_1" [src/honeybee.c:82]   --->   Operation 82 'add' 'add_ln82' <Predicate = true> <Delay = 1.87> <Core = "AddSub">   --->   Core 14 'AddSub' <Latency = 0> <II = 1> <Delay = 1.65> <FuncUnit> <Opcode : 'add' 'sub'> <InPorts = 2> <OutPorts = 1>
ST_16 : Operation 83 [1/1] (0.00ns) (grouped into LUT with out node or_ln79_3)   --->   "%zext_ln74_1 = zext i7 %b_1 to i32" [src/honeybee.c:74]   --->   Operation 83 'zext' 'zext_ln74_1' <Predicate = (tmp_4)> <Delay = 0.00>
ST_16 : Operation 84 [1/1] (0.00ns) (grouped into LUT with out node or_ln79_3)   --->   "%shl_ln80 = shl i32 1, %zext_ln74_1" [src/honeybee.c:80]   --->   Operation 84 'shl' 'shl_ln80' <Predicate = (tmp_4)> <Delay = 0.00> <Core = "Shift">   --->   Core 28 'Shift' <Latency = 0> <II = 1> <Delay = 4.42> <FuncUnit> <Opcode : 'shl' 'lshr' 'ashr'> <InPorts = 2> <OutPorts = 1>
ST_16 : Operation 85 [1/1] (0.00ns) (grouped into LUT with out node or_ln79_3)   --->   "%select_ln79 = select i1 %tmp_4, i32 %shl_ln80, i32 0" [src/honeybee.c:79]   --->   Operation 85 'select' 'select_ln79' <Predicate = true> <Delay = 0.00> <Core = "Sel">   --->   Core 26 'Sel' <Latency = 0> <II = 1> <Delay = 0.69> <FuncUnit> <Opcode : 'select'> <InPorts = 3> <OutPorts = 1>
ST_16 : Operation 86 [1/1] (0.00ns) (grouped into LUT with out node or_ln79_3)   --->   "%zext_ln82_1 = zext i6 %or_ln82 to i32" [src/honeybee.c:82]   --->   Operation 86 'zext' 'zext_ln82_1' <Predicate = (tmp_4_1)> <Delay = 0.00>
ST_16 : Operation 87 [1/1] (0.00ns) (grouped into LUT with out node or_ln79_3)   --->   "%shl_ln80_1 = shl i32 1, %zext_ln82_1" [src/honeybee.c:80]   --->   Operation 87 'shl' 'shl_ln80_1' <Predicate = (tmp_4_1)> <Delay = 0.00> <Core = "Shift">   --->   Core 28 'Shift' <Latency = 0> <II = 1> <Delay = 4.42> <FuncUnit> <Opcode : 'shl' 'lshr' 'ashr'> <InPorts = 2> <OutPorts = 1>
ST_16 : Operation 88 [1/1] (0.00ns) (grouped into LUT with out node or_ln79_3)   --->   "%select_ln79_1 = select i1 %tmp_4_1, i32 %shl_ln80_1, i32 0" [src/honeybee.c:79]   --->   Operation 88 'select' 'select_ln79_1' <Predicate = true> <Delay = 0.00> <Core = "Sel">   --->   Core 26 'Sel' <Latency = 0> <II = 1> <Delay = 0.69> <FuncUnit> <Opcode : 'select'> <InPorts = 3> <OutPorts = 1>
ST_16 : Operation 89 [1/1] (0.00ns) (grouped into LUT with out node or_ln79_1)   --->   "%zext_ln82_2 = zext i7 %add_ln82_2 to i32" [src/honeybee.c:82]   --->   Operation 89 'zext' 'zext_ln82_2' <Predicate = (tmp_4_2)> <Delay = 0.00>
ST_16 : Operation 90 [1/1] (0.00ns) (grouped into LUT with out node or_ln79_1)   --->   "%shl_ln80_2 = shl i32 1, %zext_ln82_2" [src/honeybee.c:80]   --->   Operation 90 'shl' 'shl_ln80_2' <Predicate = (tmp_4_2)> <Delay = 0.00> <Core = "Shift">   --->   Core 28 'Shift' <Latency = 0> <II = 1> <Delay = 4.42> <FuncUnit> <Opcode : 'shl' 'lshr' 'ashr'> <InPorts = 2> <OutPorts = 1>
ST_16 : Operation 91 [1/1] (0.00ns) (grouped into LUT with out node or_ln79_1)   --->   "%select_ln79_2 = select i1 %tmp_4_2, i32 %shl_ln80_2, i32 0" [src/honeybee.c:79]   --->   Operation 91 'select' 'select_ln79_2' <Predicate = true> <Delay = 0.00> <Core = "Sel">   --->   Core 26 'Sel' <Latency = 0> <II = 1> <Delay = 0.69> <FuncUnit> <Opcode : 'select'> <InPorts = 3> <OutPorts = 1>
ST_16 : Operation 92 [1/1] (0.00ns) (grouped into LUT with out node or_ln79_1)   --->   "%or_ln82_1 = or i6 %trunc_ln74, 3" [src/honeybee.c:82]   --->   Operation 92 'or' 'or_ln82_1' <Predicate = (tmp_4_3)> <Delay = 0.00>
ST_16 : Operation 93 [1/1] (0.00ns) (grouped into LUT with out node or_ln79_1)   --->   "%zext_ln82_3 = zext i6 %or_ln82_1 to i32" [src/honeybee.c:82]   --->   Operation 93 'zext' 'zext_ln82_3' <Predicate = (tmp_4_3)> <Delay = 0.00>
ST_16 : Operation 94 [1/1] (0.00ns) (grouped into LUT with out node or_ln79_1)   --->   "%shl_ln80_3 = shl i32 1, %zext_ln82_3" [src/honeybee.c:80]   --->   Operation 94 'shl' 'shl_ln80_3' <Predicate = (tmp_4_3)> <Delay = 0.00> <Core = "Shift">   --->   Core 28 'Shift' <Latency = 0> <II = 1> <Delay = 4.42> <FuncUnit> <Opcode : 'shl' 'lshr' 'ashr'> <InPorts = 2> <OutPorts = 1>
ST_16 : Operation 95 [1/1] (0.00ns) (grouped into LUT with out node or_ln79_1)   --->   "%select_ln79_3 = select i1 %tmp_4_3, i32 %shl_ln80_3, i32 0" [src/honeybee.c:79]   --->   Operation 95 'select' 'select_ln79_3' <Predicate = true> <Delay = 0.00> <Core = "Sel">   --->   Core 26 'Sel' <Latency = 0> <II = 1> <Delay = 0.69> <FuncUnit> <Opcode : 'select'> <InPorts = 3> <OutPorts = 1>
ST_16 : Operation 96 [1/1] (0.00ns) (grouped into LUT with out node or_ln79_3)   --->   "%or_ln79 = or i32 %select_ln79, %select_ln79_1" [src/honeybee.c:79]   --->   Operation 96 'or' 'or_ln79' <Predicate = true> <Delay = 0.00> <Core = "LogicGate">   --->   Core 27 'LogicGate' <Latency = 0> <II = 1> <Delay = 0.97> <FuncUnit> <Opcode : 'and' 'or' 'xor'> <InPorts = 2> <OutPorts = 1>
ST_16 : Operation 97 [1/1] (3.04ns) (out node of the LUT)   --->   "%or_ln79_1 = or i32 %select_ln79_2, %select_ln79_3" [src/honeybee.c:79]   --->   Operation 97 'or' 'or_ln79_1' <Predicate = true> <Delay = 3.04> <Core = "LogicGate">   --->   Core 27 'LogicGate' <Latency = 0> <II = 1> <Delay = 0.97> <FuncUnit> <Opcode : 'and' 'or' 'xor'> <InPorts = 2> <OutPorts = 1>
ST_16 : Operation 98 [1/1] (0.00ns) (grouped into LUT with out node or_ln79_3)   --->   "%or_ln79_2 = or i32 %or_ln79_1, %or_ln79" [src/honeybee.c:79]   --->   Operation 98 'or' 'or_ln79_2' <Predicate = true> <Delay = 0.00> <Core = "LogicGate">   --->   Core 27 'LogicGate' <Latency = 0> <II = 1> <Delay = 0.97> <FuncUnit> <Opcode : 'and' 'or' 'xor'> <InPorts = 2> <OutPorts = 1>
ST_16 : Operation 99 [1/1] (0.00ns) (grouped into LUT with out node or_ln79_3)   --->   "%sext_ln79 = sext i32 %or_ln79_2 to i64" [src/honeybee.c:79]   --->   Operation 99 'sext' 'sext_ln79' <Predicate = true> <Delay = 0.00>
ST_16 : Operation 100 [1/1] (3.04ns) (out node of the LUT)   --->   "%or_ln79_3 = or i64 %collisions_0_load_1, %sext_ln79" [src/honeybee.c:79]   --->   Operation 100 'or' 'or_ln79_3' <Predicate = true> <Delay = 3.04> <Core = "LogicGate">   --->   Core 27 'LogicGate' <Latency = 0> <II = 1> <Delay = 0.97> <FuncUnit> <Opcode : 'and' 'or' 'xor'> <InPorts = 2> <OutPorts = 1>
ST_16 : Operation 101 [1/1] (1.76ns)   --->   "store i64 %or_ln79_3, i64* %collisions_0" [src/honeybee.c:74]   --->   Operation 101 'store' <Predicate = true> <Delay = 1.76>
ST_16 : Operation 102 [1/1] (0.00ns)   --->   "br label %2" [src/honeybee.c:74]   --->   Operation 102 'br' <Predicate = true> <Delay = 0.00>


============================================================
+ Verbose Summary: Binding
============================================================
STG Binding: 
---------------- STG Properties BEGIN ----------------
- Is combinational: 0
- Is one-state seq: 0
- Is datapath-only: 0
- Is pipelined: 0
- Is top level: 1
Port [ Return ] is wired: 1; IO mode=ap_ctrl_hs:ce=0
Port [ edge_p1_x]:  wired=1; compound=0; hidden=0; nouse=0; global=0; static=0; extern=0; dir=0; type=0; pingpong=0; private_global=0; IO mode=ap_none:ce=0
Port [ edge_p1_y]:  wired=1; compound=0; hidden=0; nouse=0; global=0; static=0; extern=0; dir=0; type=0; pingpong=0; private_global=0; IO mode=ap_none:ce=0
Port [ edge_p1_z]:  wired=1; compound=0; hidden=0; nouse=0; global=0; static=0; extern=0; dir=0; type=0; pingpong=0; private_global=0; IO mode=ap_none:ce=0
Port [ edge_p2_x]:  wired=1; compound=0; hidden=0; nouse=0; global=0; static=0; extern=0; dir=0; type=0; pingpong=0; private_global=0; IO mode=ap_none:ce=0
Port [ edge_p2_y]:  wired=1; compound=0; hidden=0; nouse=0; global=0; static=0; extern=0; dir=0; type=0; pingpong=0; private_global=0; IO mode=ap_none:ce=0
Port [ edge_p2_z]:  wired=1; compound=0; hidden=0; nouse=0; global=0; static=0; extern=0; dir=0; type=0; pingpong=0; private_global=0; IO mode=ap_none:ce=0
---------------- STG Properties END ------------------

---------------- Datapath Model BEGIN ----------------

<LifeTime>
<method=bitvector/>
collisions_0        (alloca           ) [ 01111111111111111]
specbitsmap_ln0     (specbitsmap      ) [ 00000000000000000]
specbitsmap_ln0     (specbitsmap      ) [ 00000000000000000]
specbitsmap_ln0     (specbitsmap      ) [ 00000000000000000]
specbitsmap_ln0     (specbitsmap      ) [ 00000000000000000]
specbitsmap_ln0     (specbitsmap      ) [ 00000000000000000]
specbitsmap_ln0     (specbitsmap      ) [ 00000000000000000]
specbitsmap_ln0     (specbitsmap      ) [ 00000000000000000]
spectopmodule_ln0   (spectopmodule    ) [ 00000000000000000]
edge_p2_z_read      (read             ) [ 00111111111111111]
edge_p2_y_read      (read             ) [ 00111111111111111]
edge_p2_x_read      (read             ) [ 00111111111111111]
edge_p1_z_read      (read             ) [ 00111111111111111]
edge_p1_y_read      (read             ) [ 00111111111111111]
edge_p1_x_read      (read             ) [ 00111111111111111]
store_ln73          (store            ) [ 00000000000000000]
br_ln73             (br               ) [ 01111111111111111]
k_0                 (phi              ) [ 00100000000000000]
b_0                 (phi              ) [ 00111111111111111]
zext_ln73           (zext             ) [ 00011111000000000]
icmp_ln73           (icmp             ) [ 00111111111111111]
empty               (speclooptripcount) [ 00000000000000000]
k                   (add              ) [ 01111111111111111]
br_ln73             (br               ) [ 00000000000000000]
collisions_0_load   (load             ) [ 00000000000000000]
ret_ln86            (ret              ) [ 00000000000000000]
specloopname_ln73   (specloopname     ) [ 00000000000000000]
tmp                 (specregionbegin  ) [ 00000000111111111]
b                   (add              ) [ 01100000111111111]
grid_z              (sitofp           ) [ 00000000111111111]
br_ln74             (br               ) [ 00111111111111111]
j_0                 (phi              ) [ 00000000100000000]
b_1                 (phi              ) [ 00000000111111111]
zext_ln74           (zext             ) [ 00000000011111000]
icmp_ln74           (icmp             ) [ 00111111111111111]
empty_5             (speclooptripcount) [ 00000000000000000]
j                   (add              ) [ 00111111111111111]
br_ln74             (br               ) [ 00000000000000000]
empty_6             (specregionend    ) [ 00000000000000000]
br_ln73             (br               ) [ 01111111111111111]
grid_y              (sitofp           ) [ 00000000000000110]
tmp_4               (call             ) [ 00000000000000001]
trunc_ln74          (trunc            ) [ 00000000000000001]
or_ln82             (or               ) [ 00000000000000001]
zext_ln82           (zext             ) [ 00000000000000000]
tmp_4_1             (call             ) [ 00000000000000001]
add_ln82_2          (add              ) [ 00000000000000001]
tmp_4_2             (call             ) [ 00000000000000001]
tmp_4_3             (call             ) [ 00000000000000001]
collisions_0_load_1 (load             ) [ 00000000000000000]
specloopname_ln74   (specloopname     ) [ 00000000000000000]
add_ln82            (add              ) [ 00111111111111111]
zext_ln74_1         (zext             ) [ 00000000000000000]
shl_ln80            (shl              ) [ 00000000000000000]
select_ln79         (select           ) [ 00000000000000000]
zext_ln82_1         (zext             ) [ 00000000000000000]
shl_ln80_1          (shl              ) [ 00000000000000000]
select_ln79_1       (select           ) [ 00000000000000000]
zext_ln82_2         (zext             ) [ 00000000000000000]
shl_ln80_2          (shl              ) [ 00000000000000000]
select_ln79_2       (select           ) [ 00000000000000000]
or_ln82_1           (or               ) [ 00000000000000000]
zext_ln82_3         (zext             ) [ 00000000000000000]
shl_ln80_3          (shl              ) [ 00000000000000000]
select_ln79_3       (select           ) [ 00000000000000000]
or_ln79             (or               ) [ 00000000000000000]
or_ln79_1           (or               ) [ 00000000000000000]
or_ln79_2           (or               ) [ 00000000000000000]
sext_ln79           (sext             ) [ 00000000000000000]
or_ln79_3           (or               ) [ 00000000000000000]
store_ln74          (store            ) [ 00000000000000000]
br_ln74             (br               ) [ 00111111111111111]
</LifeTime>

<model>

<comp_list>
<comp id="0" class="1000" name="edge_p1_x">
<pin_list>
<pin id="1" dir="1" index="0" bw="1" slack="0"/>
</pin_list>
<bind>
<StgValue><ssdm name="edge_p1_x"/></StgValue>
</bind>
</comp>

<comp id="2" class="1000" name="edge_p1_y">
<pin_list>
<pin id="3" dir="1" index="0" bw="1" slack="0"/>
</pin_list>
<bind>
<StgValue><ssdm name="edge_p1_y"/></StgValue>
</bind>
</comp>

<comp id="4" class="1000" name="edge_p1_z">
<pin_list>
<pin id="5" dir="1" index="0" bw="1" slack="0"/>
</pin_list>
<bind>
<StgValue><ssdm name="edge_p1_z"/></StgValue>
</bind>
</comp>

<comp id="6" class="1000" name="edge_p2_x">
<pin_list>
<pin id="7" dir="1" index="0" bw="1" slack="0"/>
</pin_list>
<bind>
<StgValue><ssdm name="edge_p2_x"/></StgValue>
</bind>
</comp>

<comp id="8" class="1000" name="edge_p2_y">
<pin_list>
<pin id="9" dir="1" index="0" bw="1" slack="0"/>
</pin_list>
<bind>
<StgValue><ssdm name="edge_p2_y"/></StgValue>
</bind>
</comp>

<comp id="10" class="1000" name="edge_p2_z">
<pin_list>
<pin id="11" dir="1" index="0" bw="1" slack="0"/>
</pin_list>
<bind>
<StgValue><ssdm name="edge_p2_z"/></StgValue>
</bind>
</comp>

<comp id="12" class="1001" name="const_12">
<pin_list>
<pin id="13" dir="1" index="0" bw="1" slack="0"/>
</pin_list>
<bind>
<StgValue><ssdm name=""/></StgValue>
</bind>
</comp>

<comp id="14" class="1001" name="const_14">
<pin_list>
<pin id="15" dir="1" index="0" bw="1" slack="2147483647"/>
</pin_list>
<bind>
<StgValue><ssdm name="_ssdm_op_SpecBitsMap"/></StgValue>
</bind>
</comp>

<comp id="16" class="1001" name="const_16">
<pin_list>
<pin id="17" dir="1" index="0" bw="1" slack="0"/>
</pin_list>
<bind>
<StgValue><ssdm name=""/></StgValue>
</bind>
</comp>

<comp id="18" class="1001" name="const_18">
<pin_list>
<pin id="19" dir="1" index="0" bw="1" slack="2147483647"/>
</pin_list>
<bind>
<StgValue><ssdm name="_ssdm_op_SpecTopModule"/></StgValue>
</bind>
</comp>

<comp id="20" class="1001" name="const_20">
<pin_list>
<pin id="21" dir="1" index="0" bw="1" slack="2147483647"/>
</pin_list>
<bind>
<StgValue><ssdm name="honeybee_str"/></StgValue>
</bind>
</comp>

<comp id="22" class="1001" name="const_22">
<pin_list>
<pin id="23" dir="1" index="0" bw="1" slack="0"/>
</pin_list>
<bind>
<StgValue><ssdm name="_ssdm_op_Read.ap_auto.float"/></StgValue>
</bind>
</comp>

<comp id="24" class="1001" name="const_24">
<pin_list>
<pin id="25" dir="1" index="0" bw="1" slack="1"/>
</pin_list>
<bind>
<StgValue><ssdm name=""/></StgValue>
</bind>
</comp>

<comp id="26" class="1001" name="const_26">
<pin_list>
<pin id="27" dir="1" index="0" bw="1" slack="1"/>
</pin_list>
<bind>
<StgValue><ssdm name=""/></StgValue>
</bind>
</comp>

<comp id="28" class="1001" name="const_28">
<pin_list>
<pin id="29" dir="1" index="0" bw="1" slack="0"/>
</pin_list>
<bind>
<StgValue><ssdm name=""/></StgValue>
</bind>
</comp>

<comp id="30" class="1001" name="const_30">
<pin_list>
<pin id="31" dir="1" index="0" bw="1" slack="2147483647"/>
</pin_list>
<bind>
<StgValue><ssdm name="_ssdm_op_SpecLoopTripCount"/></StgValue>
</bind>
</comp>

<comp id="32" class="1001" name="const_32">
<pin_list>
<pin id="33" dir="1" index="0" bw="1" slack="2147483647"/>
</pin_list>
<bind>
<StgValue><ssdm name=""/></StgValue>
</bind>
</comp>

<comp id="34" class="1001" name="const_34">
<pin_list>
<pin id="35" dir="1" index="0" bw="1" slack="0"/>
</pin_list>
<bind>
<StgValue><ssdm name=""/></StgValue>
</bind>
</comp>

<comp id="36" class="1001" name="const_36">
<pin_list>
<pin id="37" dir="1" index="0" bw="1" slack="2147483647"/>
</pin_list>
<bind>
<StgValue><ssdm name="_ssdm_op_SpecLoopName"/></StgValue>
</bind>
</comp>

<comp id="38" class="1001" name="const_38">
<pin_list>
<pin id="39" dir="1" index="0" bw="1" slack="2147483647"/>
</pin_list>
<bind>
<StgValue><ssdm name="p_str"/></StgValue>
</bind>
</comp>

<comp id="40" class="1001" name="const_40">
<pin_list>
<pin id="41" dir="1" index="0" bw="1" slack="2147483647"/>
</pin_list>
<bind>
<StgValue><ssdm name="_ssdm_op_SpecRegionBegin"/></StgValue>
</bind>
</comp>

<comp id="42" class="1001" name="const_42">
<pin_list>
<pin id="43" dir="1" index="0" bw="1" slack="0"/>
</pin_list>
<bind>
<StgValue><ssdm name=""/></StgValue>
</bind>
</comp>

<comp id="44" class="1001" name="const_44">
<pin_list>
<pin id="45" dir="1" index="0" bw="1" slack="2147483647"/>
</pin_list>
<bind>
<StgValue><ssdm name="_ssdm_op_SpecRegionEnd"/></StgValue>
</bind>
</comp>

<comp id="46" class="1001" name="const_46">
<pin_list>
<pin id="47" dir="1" index="0" bw="1" slack="0"/>
</pin_list>
<bind>
<StgValue><ssdm name="lineIntersectGrid"/></StgValue>
</bind>
</comp>

<comp id="48" class="1001" name="const_48">
<pin_list>
<pin id="49" dir="1" index="0" bw="1" slack="0"/>
</pin_list>
<bind>
<StgValue><ssdm name=""/></StgValue>
</bind>
</comp>

<comp id="50" class="1001" name="const_50">
<pin_list>
<pin id="51" dir="1" index="0" bw="1" slack="0"/>
</pin_list>
<bind>
<StgValue><ssdm name=""/></StgValue>
</bind>
</comp>

<comp id="52" class="1001" name="const_52">
<pin_list>
<pin id="53" dir="1" index="0" bw="1" slack="0"/>
</pin_list>
<bind>
<StgValue><ssdm name=""/></StgValue>
</bind>
</comp>

<comp id="54" class="1001" name="const_54">
<pin_list>
<pin id="55" dir="1" index="0" bw="1" slack="0"/>
</pin_list>
<bind>
<StgValue><ssdm name=""/></StgValue>
</bind>
</comp>

<comp id="56" class="1001" name="const_56">
<pin_list>
<pin id="57" dir="1" index="0" bw="1" slack="0"/>
</pin_list>
<bind>
<StgValue><ssdm name=""/></StgValue>
</bind>
</comp>

<comp id="58" class="1001" name="const_58">
<pin_list>
<pin id="59" dir="1" index="0" bw="1" slack="0"/>
</pin_list>
<bind>
<StgValue><ssdm name=""/></StgValue>
</bind>
</comp>

<comp id="60" class="1001" name="const_60">
<pin_list>
<pin id="61" dir="1" index="0" bw="1" slack="2147483647"/>
</pin_list>
<bind>
<StgValue><ssdm name="p_str1"/></StgValue>
</bind>
</comp>

<comp id="62" class="1001" name="const_62">
<pin_list>
<pin id="63" dir="1" index="0" bw="1" slack="0"/>
</pin_list>
<bind>
<StgValue><ssdm name=""/></StgValue>
</bind>
</comp>

<comp id="64" class="1001" name="const_64">
<pin_list>
<pin id="65" dir="1" index="0" bw="1" slack="0"/>
</pin_list>
<bind>
<StgValue><ssdm name=""/></StgValue>
</bind>
</comp>

<comp id="66" class="1001" name="const_66">
<pin_list>
<pin id="67" dir="1" index="0" bw="1" slack="0"/>
</pin_list>
<bind>
<StgValue><ssdm name=""/></StgValue>
</bind>
</comp>

<comp id="68" class="1004" name="collisions_0_fu_68">
<pin_list>
<pin id="69" dir="0" index="0" bw="1" slack="0"/>
<pin id="70" dir="1" index="1" bw="64" slack="0"/>
</pin_list>
<bind>
<opcode="alloca(26) " fcode="alloca"/>
<opset="collisions_0/1 "/>
</bind>
</comp>

<comp id="72" class="1004" name="edge_p2_z_read_read_fu_72">
<pin_list>
<pin id="73" dir="0" index="0" bw="32" slack="0"/>
<pin id="74" dir="0" index="1" bw="32" slack="0"/>
<pin id="75" dir="1" index="2" bw="32" slack="13"/>
</pin_list>
<bind>
<opcode="read(1150) " fcode="read"/>
<opset="edge_p2_z_read/1 "/>
</bind>
</comp>

<comp id="78" class="1004" name="edge_p2_y_read_read_fu_78">
<pin_list>
<pin id="79" dir="0" index="0" bw="32" slack="0"/>
<pin id="80" dir="0" index="1" bw="32" slack="0"/>
<pin id="81" dir="1" index="2" bw="32" slack="13"/>
</pin_list>
<bind>
<opcode="read(1150) " fcode="read"/>
<opset="edge_p2_y_read/1 "/>
</bind>
</comp>

<comp id="84" class="1004" name="edge_p2_x_read_read_fu_84">
<pin_list>
<pin id="85" dir="0" index="0" bw="32" slack="0"/>
<pin id="86" dir="0" index="1" bw="32" slack="0"/>
<pin id="87" dir="1" index="2" bw="32" slack="13"/>
</pin_list>
<bind>
<opcode="read(1150) " fcode="read"/>
<opset="edge_p2_x_read/1 "/>
</bind>
</comp>

<comp id="90" class="1004" name="edge_p1_z_read_read_fu_90">
<pin_list>
<pin id="91" dir="0" index="0" bw="32" slack="0"/>
<pin id="92" dir="0" index="1" bw="32" slack="0"/>
<pin id="93" dir="1" index="2" bw="32" slack="13"/>
</pin_list>
<bind>
<opcode="read(1150) " fcode="read"/>
<opset="edge_p1_z_read/1 "/>
</bind>
</comp>

<comp id="96" class="1004" name="edge_p1_y_read_read_fu_96">
<pin_list>
<pin id="97" dir="0" index="0" bw="32" slack="0"/>
<pin id="98" dir="0" index="1" bw="32" slack="0"/>
<pin id="99" dir="1" index="2" bw="32" slack="13"/>
</pin_list>
<bind>
<opcode="read(1150) " fcode="read"/>
<opset="edge_p1_y_read/1 "/>
</bind>
</comp>

<comp id="102" class="1004" name="edge_p1_x_read_read_fu_102">
<pin_list>
<pin id="103" dir="0" index="0" bw="32" slack="0"/>
<pin id="104" dir="0" index="1" bw="32" slack="0"/>
<pin id="105" dir="1" index="2" bw="32" slack="13"/>
</pin_list>
<bind>
<opcode="read(1150) " fcode="read"/>
<opset="edge_p1_x_read/1 "/>
</bind>
</comp>

<comp id="108" class="1005" name="k_0_reg_108">
<pin_list>
<pin id="109" dir="0" index="0" bw="3" slack="1"/>
<pin id="110" dir="1" index="1" bw="3" slack="1"/>
</pin_list>
<bind>
<opset="k_0 (phireg) "/>
</bind>
</comp>

<comp id="112" class="1004" name="k_0_phi_fu_112">
<pin_list>
<pin id="113" dir="0" index="0" bw="1" slack="1"/>
<pin id="114" dir="0" index="1" bw="0" slack="2147483647"/>
<pin id="115" dir="0" index="2" bw="3" slack="0"/>
<pin id="116" dir="0" index="3" bw="0" slack="2147483647"/>
<pin id="117" dir="1" index="4" bw="3" slack="0"/>
</pin_list>
<bind>
<opcode="phi(47) " fcode="phi"/>
<opset="k_0/2 "/>
</bind>
</comp>

<comp id="119" class="1005" name="b_0_reg_119">
<pin_list>
<pin id="120" dir="0" index="0" bw="7" slack="1"/>
<pin id="121" dir="1" index="1" bw="7" slack="1"/>
</pin_list>
<bind>
<opset="b_0 (phireg) "/>
</bind>
</comp>

<comp id="123" class="1004" name="b_0_phi_fu_123">
<pin_list>
<pin id="124" dir="0" index="0" bw="1" slack="1"/>
<pin id="125" dir="0" index="1" bw="0" slack="2147483647"/>
<pin id="126" dir="0" index="2" bw="7" slack="1"/>
<pin id="127" dir="0" index="3" bw="0" slack="2147483647"/>
<pin id="128" dir="1" index="4" bw="7" slack="5"/>
</pin_list>
<bind>
<opcode="phi(47) " fcode="phi"/>
<opset="b_0/2 "/>
</bind>
</comp>

<comp id="131" class="1005" name="j_0_reg_131">
<pin_list>
<pin id="132" dir="0" index="0" bw="3" slack="1"/>
<pin id="133" dir="1" index="1" bw="3" slack="1"/>
</pin_list>
<bind>
<opset="j_0 (phireg) "/>
</bind>
</comp>

<comp id="135" class="1004" name="j_0_phi_fu_135">
<pin_list>
<pin id="136" dir="0" index="0" bw="1" slack="1"/>
<pin id="137" dir="0" index="1" bw="0" slack="2147483647"/>
<pin id="138" dir="0" index="2" bw="3" slack="0"/>
<pin id="139" dir="0" index="3" bw="0" slack="2147483647"/>
<pin id="140" dir="1" index="4" bw="3" slack="0"/>
</pin_list>
<bind>
<opcode="phi(47) " fcode="phi"/>
<opset="j_0/8 "/>
</bind>
</comp>

<comp id="142" class="1005" name="b_1_reg_142">
<pin_list>
<pin id="143" dir="0" index="0" bw="7" slack="7"/>
<pin id="144" dir="1" index="1" bw="7" slack="7"/>
</pin_list>
<bind>
<opset="b_1 (phireg) "/>
</bind>
</comp>

<comp id="145" class="1004" name="b_1_phi_fu_145">
<pin_list>
<pin id="146" dir="0" index="0" bw="7" slack="6"/>
<pin id="147" dir="0" index="1" bw="0" slack="2147483647"/>
<pin id="148" dir="0" index="2" bw="7" slack="1"/>
<pin id="149" dir="0" index="3" bw="0" slack="2147483647"/>
<pin id="150" dir="1" index="4" bw="7" slack="7"/>
</pin_list>
<bind>
<opcode="phi(47) " fcode="phi"/>
<opset="b_1/8 "/>
</bind>
</comp>

<comp id="153" class="1004" name="grp_lineIntersectGrid_fu_153">
<pin_list>
<pin id="154" dir="0" index="0" bw="1" slack="0"/>
<pin id="155" dir="0" index="1" bw="32" slack="0"/>
<pin id="156" dir="0" index="2" bw="32" slack="1"/>
<pin id="157" dir="0" index="3" bw="32" slack="7"/>
<pin id="158" dir="0" index="4" bw="32" slack="13"/>
<pin id="159" dir="0" index="5" bw="32" slack="13"/>
<pin id="160" dir="0" index="6" bw="32" slack="13"/>
<pin id="161" dir="0" index="7" bw="32" slack="13"/>
<pin id="162" dir="0" index="8" bw="32" slack="13"/>
<pin id="163" dir="0" index="9" bw="32" slack="13"/>
<pin id="164" dir="1" index="10" bw="1" slack="1"/>
</pin_list>
<bind>
<opcode="call(48) " fcode="call"/>
<opset="tmp_4/14 "/>
</bind>
</comp>

<comp id="167" class="1004" name="grp_lineIntersectGrid_fu_167">
<pin_list>
<pin id="168" dir="0" index="0" bw="1" slack="0"/>
<pin id="169" dir="0" index="1" bw="32" slack="0"/>
<pin id="170" dir="0" index="2" bw="32" slack="1"/>
<pin id="171" dir="0" index="3" bw="32" slack="7"/>
<pin id="172" dir="0" index="4" bw="32" slack="13"/>
<pin id="173" dir="0" index="5" bw="32" slack="13"/>
<pin id="174" dir="0" index="6" bw="32" slack="13"/>
<pin id="175" dir="0" index="7" bw="32" slack="13"/>
<pin id="176" dir="0" index="8" bw="32" slack="13"/>
<pin id="177" dir="0" index="9" bw="32" slack="13"/>
<pin id="178" dir="1" index="10" bw="1" slack="1"/>
</pin_list>
<bind>
<opcode="call(48) " fcode="call"/>
<opset="tmp_4_1/14 "/>
</bind>
</comp>

<comp id="181" class="1004" name="grp_lineIntersectGrid_fu_181">
<pin_list>
<pin id="182" dir="0" index="0" bw="1" slack="0"/>
<pin id="183" dir="0" index="1" bw="32" slack="0"/>
<pin id="184" dir="0" index="2" bw="32" slack="1"/>
<pin id="185" dir="0" index="3" bw="32" slack="7"/>
<pin id="186" dir="0" index="4" bw="32" slack="13"/>
<pin id="187" dir="0" index="5" bw="32" slack="13"/>
<pin id="188" dir="0" index="6" bw="32" slack="13"/>
<pin id="189" dir="0" index="7" bw="32" slack="13"/>
<pin id="190" dir="0" index="8" bw="32" slack="13"/>
<pin id="191" dir="0" index="9" bw="32" slack="13"/>
<pin id="192" dir="1" index="10" bw="1" slack="1"/>
</pin_list>
<bind>
<opcode="call(48) " fcode="call"/>
<opset="tmp_4_2/14 "/>
</bind>
</comp>

<comp id="195" class="1004" name="grp_lineIntersectGrid_fu_195">
<pin_list>
<pin id="196" dir="0" index="0" bw="1" slack="0"/>
<pin id="197" dir="0" index="1" bw="32" slack="0"/>
<pin id="198" dir="0" index="2" bw="32" slack="1"/>
<pin id="199" dir="0" index="3" bw="32" slack="7"/>
<pin id="200" dir="0" index="4" bw="32" slack="13"/>
<pin id="201" dir="0" index="5" bw="32" slack="13"/>
<pin id="202" dir="0" index="6" bw="32" slack="13"/>
<pin id="203" dir="0" index="7" bw="32" slack="13"/>
<pin id="204" dir="0" index="8" bw="32" slack="13"/>
<pin id="205" dir="0" index="9" bw="32" slack="13"/>
<pin id="206" dir="1" index="10" bw="1" slack="1"/>
</pin_list>
<bind>
<opcode="call(48) " fcode="call"/>
<opset="tmp_4_3/14 "/>
</bind>
</comp>

<comp id="209" class="1004" name="grp_fu_209">
<pin_list>
<pin id="210" dir="0" index="0" bw="3" slack="0"/>
<pin id="211" dir="1" index="1" bw="32" slack="1"/>
</pin_list>
<bind>
<opcode="sitofp(39) " fcode="sitofp"/>
<opset="grid_z/2 grid_y/8 "/>
</bind>
</comp>

<comp id="212" class="1004" name="grp_load_fu_212">
<pin_list>
<pin id="213" dir="0" index="0" bw="64" slack="1"/>
<pin id="214" dir="1" index="1" bw="64" slack="0"/>
</pin_list>
<bind>
<opcode="load(27) " fcode="load"/>
<opset="collisions_0_load/2 collisions_0_load_1/16 "/>
</bind>
</comp>

<comp id="215" class="1004" name="store_ln73_store_fu_215">
<pin_list>
<pin id="216" dir="0" index="0" bw="1" slack="0"/>
<pin id="217" dir="0" index="1" bw="64" slack="0"/>
<pin id="218" dir="1" index="2" bw="0" slack="2147483647"/>
</pin_list>
<bind>
<opcode="store(28) " fcode="store"/>
<opset="store_ln73/1 "/>
</bind>
</comp>

<comp id="220" class="1004" name="zext_ln73_fu_220">
<pin_list>
<pin id="221" dir="0" index="0" bw="3" slack="0"/>
<pin id="222" dir="1" index="1" bw="32" slack="0"/>
</pin_list>
<bind>
<opcode="zext(34) " fcode="zext"/>
<opset="zext_ln73/2 "/>
</bind>
</comp>

<comp id="225" class="1004" name="icmp_ln73_fu_225">
<pin_list>
<pin id="226" dir="0" index="0" bw="3" slack="0"/>
<pin id="227" dir="0" index="1" bw="3" slack="0"/>
<pin id="228" dir="1" index="2" bw="1" slack="2147483647"/>
</pin_list>
<bind>
<opcode="icmp(45) " fcode="icmp"/>
<opset="icmp_ln73/2 "/>
</bind>
</comp>

<comp id="231" class="1004" name="k_fu_231">
<pin_list>
<pin id="232" dir="0" index="0" bw="3" slack="0"/>
<pin id="233" dir="0" index="1" bw="1" slack="0"/>
<pin id="234" dir="1" index="2" bw="3" slack="0"/>
</pin_list>
<bind>
<opcode="add(8) " fcode="add"/>
<opset="k/2 "/>
</bind>
</comp>

<comp id="237" class="1004" name="b_fu_237">
<pin_list>
<pin id="238" dir="0" index="0" bw="7" slack="5"/>
<pin id="239" dir="0" index="1" bw="6" slack="0"/>
<pin id="240" dir="1" index="2" bw="7" slack="1"/>
</pin_list>
<bind>
<opcode="add(8) " fcode="add"/>
<opset="b/7 "/>
</bind>
</comp>

<comp id="243" class="1004" name="zext_ln74_fu_243">
<pin_list>
<pin id="244" dir="0" index="0" bw="3" slack="0"/>
<pin id="245" dir="1" index="1" bw="32" slack="0"/>
</pin_list>
<bind>
<opcode="zext(34) " fcode="zext"/>
<opset="zext_ln74/8 "/>
</bind>
</comp>

<comp id="248" class="1004" name="icmp_ln74_fu_248">
<pin_list>
<pin id="249" dir="0" index="0" bw="3" slack="0"/>
<pin id="250" dir="0" index="1" bw="3" slack="0"/>
<pin id="251" dir="1" index="2" bw="1" slack="2147483647"/>
</pin_list>
<bind>
<opcode="icmp(45) " fcode="icmp"/>
<opset="icmp_ln74/8 "/>
</bind>
</comp>

<comp id="254" class="1004" name="j_fu_254">
<pin_list>
<pin id="255" dir="0" index="0" bw="3" slack="0"/>
<pin id="256" dir="0" index="1" bw="1" slack="0"/>
<pin id="257" dir="1" index="2" bw="3" slack="0"/>
</pin_list>
<bind>
<opcode="add(8) " fcode="add"/>
<opset="j/8 "/>
</bind>
</comp>

<comp id="260" class="1004" name="trunc_ln74_fu_260">
<pin_list>
<pin id="261" dir="0" index="0" bw="7" slack="7"/>
<pin id="262" dir="1" index="1" bw="6" slack="0"/>
</pin_list>
<bind>
<opcode="trunc(33) " fcode="trunc"/>
<opset="trunc_ln74/15 "/>
</bind>
</comp>

<comp id="264" class="1004" name="or_ln82_fu_264">
<pin_list>
<pin id="265" dir="0" index="0" bw="6" slack="0"/>
<pin id="266" dir="0" index="1" bw="6" slack="0"/>
<pin id="267" dir="1" index="2" bw="6" slack="0"/>
</pin_list>
<bind>
<opcode="or(24) " fcode="or"/>
<opset="or_ln82/15 "/>
</bind>
</comp>

<comp id="270" class="1004" name="zext_ln82_fu_270">
<pin_list>
<pin id="271" dir="0" index="0" bw="6" slack="0"/>
<pin id="272" dir="1" index="1" bw="7" slack="0"/>
</pin_list>
<bind>
<opcode="zext(34) " fcode="zext"/>
<opset="zext_ln82/15 "/>
</bind>
</comp>

<comp id="274" class="1004" name="add_ln82_2_fu_274">
<pin_list>
<pin id="275" dir="0" index="0" bw="1" slack="0"/>
<pin id="276" dir="0" index="1" bw="6" slack="0"/>
<pin id="277" dir="1" index="2" bw="7" slack="1"/>
</pin_list>
<bind>
<opcode="add(8) " fcode="add"/>
<opset="add_ln82_2/15 "/>
</bind>
</comp>

<comp id="280" class="1004" name="add_ln82_fu_280">
<pin_list>
<pin id="281" dir="0" index="0" bw="4" slack="0"/>
<pin id="282" dir="0" index="1" bw="7" slack="8"/>
<pin id="283" dir="1" index="2" bw="7" slack="1"/>
</pin_list>
<bind>
<opcode="add(8) " fcode="add"/>
<opset="add_ln82/16 "/>
</bind>
</comp>

<comp id="286" class="1004" name="zext_ln74_1_fu_286">
<pin_list>
<pin id="287" dir="0" index="0" bw="7" slack="8"/>
<pin id="288" dir="1" index="1" bw="32" slack="0"/>
</pin_list>
<bind>
<opcode="zext(34) " fcode="zext"/>
<opset="zext_ln74_1/16 "/>
</bind>
</comp>

<comp id="290" class="1004" name="shl_ln80_fu_290">
<pin_list>
<pin id="291" dir="0" index="0" bw="1" slack="0"/>
<pin id="292" dir="0" index="1" bw="7" slack="0"/>
<pin id="293" dir="1" index="2" bw="32" slack="0"/>
</pin_list>
<bind>
<opcode="shl(20) " fcode="shl"/>
<opset="shl_ln80/16 "/>
</bind>
</comp>

<comp id="296" class="1004" name="select_ln79_fu_296">
<pin_list>
<pin id="297" dir="0" index="0" bw="1" slack="1"/>
<pin id="298" dir="0" index="1" bw="32" slack="0"/>
<pin id="299" dir="0" index="2" bw="32" slack="0"/>
<pin id="300" dir="1" index="3" bw="32" slack="0"/>
</pin_list>
<bind>
<opcode="select(49) " fcode="select"/>
<opset="select_ln79/16 "/>
</bind>
</comp>

<comp id="303" class="1004" name="zext_ln82_1_fu_303">
<pin_list>
<pin id="304" dir="0" index="0" bw="6" slack="1"/>
<pin id="305" dir="1" index="1" bw="32" slack="0"/>
</pin_list>
<bind>
<opcode="zext(34) " fcode="zext"/>
<opset="zext_ln82_1/16 "/>
</bind>
</comp>

<comp id="306" class="1004" name="shl_ln80_1_fu_306">
<pin_list>
<pin id="307" dir="0" index="0" bw="1" slack="0"/>
<pin id="308" dir="0" index="1" bw="6" slack="0"/>
<pin id="309" dir="1" index="2" bw="32" slack="0"/>
</pin_list>
<bind>
<opcode="shl(20) " fcode="shl"/>
<opset="shl_ln80_1/16 "/>
</bind>
</comp>

<comp id="312" class="1004" name="select_ln79_1_fu_312">
<pin_list>
<pin id="313" dir="0" index="0" bw="1" slack="1"/>
<pin id="314" dir="0" index="1" bw="32" slack="0"/>
<pin id="315" dir="0" index="2" bw="32" slack="0"/>
<pin id="316" dir="1" index="3" bw="32" slack="0"/>
</pin_list>
<bind>
<opcode="select(49) " fcode="select"/>
<opset="select_ln79_1/16 "/>
</bind>
</comp>

<comp id="319" class="1004" name="zext_ln82_2_fu_319">
<pin_list>
<pin id="320" dir="0" index="0" bw="7" slack="1"/>
<pin id="321" dir="1" index="1" bw="32" slack="0"/>
</pin_list>
<bind>
<opcode="zext(34) " fcode="zext"/>
<opset="zext_ln82_2/16 "/>
</bind>
</comp>

<comp id="322" class="1004" name="shl_ln80_2_fu_322">
<pin_list>
<pin id="323" dir="0" index="0" bw="1" slack="0"/>
<pin id="324" dir="0" index="1" bw="7" slack="0"/>
<pin id="325" dir="1" index="2" bw="32" slack="0"/>
</pin_list>
<bind>
<opcode="shl(20) " fcode="shl"/>
<opset="shl_ln80_2/16 "/>
</bind>
</comp>

<comp id="328" class="1004" name="select_ln79_2_fu_328">
<pin_list>
<pin id="329" dir="0" index="0" bw="1" slack="1"/>
<pin id="330" dir="0" index="1" bw="32" slack="0"/>
<pin id="331" dir="0" index="2" bw="32" slack="0"/>
<pin id="332" dir="1" index="3" bw="32" slack="0"/>
</pin_list>
<bind>
<opcode="select(49) " fcode="select"/>
<opset="select_ln79_2/16 "/>
</bind>
</comp>

<comp id="335" class="1004" name="or_ln82_1_fu_335">
<pin_list>
<pin id="336" dir="0" index="0" bw="6" slack="1"/>
<pin id="337" dir="0" index="1" bw="6" slack="0"/>
<pin id="338" dir="1" index="2" bw="6" slack="0"/>
</pin_list>
<bind>
<opcode="or(24) " fcode="or"/>
<opset="or_ln82_1/16 "/>
</bind>
</comp>

<comp id="340" class="1004" name="zext_ln82_3_fu_340">
<pin_list>
<pin id="341" dir="0" index="0" bw="6" slack="0"/>
<pin id="342" dir="1" index="1" bw="32" slack="0"/>
</pin_list>
<bind>
<opcode="zext(34) " fcode="zext"/>
<opset="zext_ln82_3/16 "/>
</bind>
</comp>

<comp id="344" class="1004" name="shl_ln80_3_fu_344">
<pin_list>
<pin id="345" dir="0" index="0" bw="1" slack="0"/>
<pin id="346" dir="0" index="1" bw="6" slack="0"/>
<pin id="347" dir="1" index="2" bw="32" slack="0"/>
</pin_list>
<bind>
<opcode="shl(20) " fcode="shl"/>
<opset="shl_ln80_3/16 "/>
</bind>
</comp>

<comp id="350" class="1004" name="select_ln79_3_fu_350">
<pin_list>
<pin id="351" dir="0" index="0" bw="1" slack="1"/>
<pin id="352" dir="0" index="1" bw="32" slack="0"/>
<pin id="353" dir="0" index="2" bw="32" slack="0"/>
<pin id="354" dir="1" index="3" bw="32" slack="0"/>
</pin_list>
<bind>
<opcode="select(49) " fcode="select"/>
<opset="select_ln79_3/16 "/>
</bind>
</comp>

<comp id="357" class="1004" name="or_ln79_fu_357">
<pin_list>
<pin id="358" dir="0" index="0" bw="32" slack="0"/>
<pin id="359" dir="0" index="1" bw="32" slack="0"/>
<pin id="360" dir="1" index="2" bw="32" slack="0"/>
</pin_list>
<bind>
<opcode="or(24) " fcode="or"/>
<opset="or_ln79/16 "/>
</bind>
</comp>

<comp id="363" class="1004" name="or_ln79_1_fu_363">
<pin_list>
<pin id="364" dir="0" index="0" bw="32" slack="0"/>
<pin id="365" dir="0" index="1" bw="32" slack="0"/>
<pin id="366" dir="1" index="2" bw="32" slack="0"/>
</pin_list>
<bind>
<opcode="or(24) " fcode="or"/>
<opset="or_ln79_1/16 "/>
</bind>
</comp>

<comp id="369" class="1004" name="or_ln79_2_fu_369">
<pin_list>
<pin id="370" dir="0" index="0" bw="32" slack="0"/>
<pin id="371" dir="0" index="1" bw="32" slack="0"/>
<pin id="372" dir="1" index="2" bw="32" slack="0"/>
</pin_list>
<bind>
<opcode="or(24) " fcode="or"/>
<opset="or_ln79_2/16 "/>
</bind>
</comp>

<comp id="375" class="1004" name="sext_ln79_fu_375">
<pin_list>
<pin id="376" dir="0" index="0" bw="32" slack="0"/>
<pin id="377" dir="1" index="1" bw="64" slack="0"/>
</pin_list>
<bind>
<opcode="sext(35) " fcode="sext"/>
<opset="sext_ln79/16 "/>
</bind>
</comp>

<comp id="379" class="1004" name="or_ln79_3_fu_379">
<pin_list>
<pin id="380" dir="0" index="0" bw="64" slack="0"/>
<pin id="381" dir="0" index="1" bw="64" slack="0"/>
<pin id="382" dir="1" index="2" bw="64" slack="0"/>
</pin_list>
<bind>
<opcode="or(24) " fcode="or"/>
<opset="or_ln79_3/16 "/>
</bind>
</comp>

<comp id="385" class="1004" name="store_ln74_store_fu_385">
<pin_list>
<pin id="386" dir="0" index="0" bw="64" slack="0"/>
<pin id="387" dir="0" index="1" bw="64" slack="15"/>
<pin id="388" dir="1" index="2" bw="0" slack="2147483647"/>
</pin_list>
<bind>
<opcode="store(28) " fcode="store"/>
<opset="store_ln74/16 "/>
</bind>
</comp>

<comp id="390" class="1005" name="collisions_0_reg_390">
<pin_list>
<pin id="391" dir="0" index="0" bw="64" slack="0"/>
<pin id="392" dir="1" index="1" bw="64" slack="0"/>
</pin_list>
<bind>
<opset="collisions_0 "/>
</bind>
</comp>

<comp id="397" class="1005" name="edge_p2_z_read_reg_397">
<pin_list>
<pin id="398" dir="0" index="0" bw="32" slack="13"/>
<pin id="399" dir="1" index="1" bw="32" slack="13"/>
</pin_list>
<bind>
<opset="edge_p2_z_read "/>
</bind>
</comp>

<comp id="405" class="1005" name="edge_p2_y_read_reg_405">
<pin_list>
<pin id="406" dir="0" index="0" bw="32" slack="13"/>
<pin id="407" dir="1" index="1" bw="32" slack="13"/>
</pin_list>
<bind>
<opset="edge_p2_y_read "/>
</bind>
</comp>

<comp id="413" class="1005" name="edge_p2_x_read_reg_413">
<pin_list>
<pin id="414" dir="0" index="0" bw="32" slack="13"/>
<pin id="415" dir="1" index="1" bw="32" slack="13"/>
</pin_list>
<bind>
<opset="edge_p2_x_read "/>
</bind>
</comp>

<comp id="421" class="1005" name="edge_p1_z_read_reg_421">
<pin_list>
<pin id="422" dir="0" index="0" bw="32" slack="13"/>
<pin id="423" dir="1" index="1" bw="32" slack="13"/>
</pin_list>
<bind>
<opset="edge_p1_z_read "/>
</bind>
</comp>

<comp id="429" class="1005" name="edge_p1_y_read_reg_429">
<pin_list>
<pin id="430" dir="0" index="0" bw="32" slack="13"/>
<pin id="431" dir="1" index="1" bw="32" slack="13"/>
</pin_list>
<bind>
<opset="edge_p1_y_read "/>
</bind>
</comp>

<comp id="437" class="1005" name="edge_p1_x_read_reg_437">
<pin_list>
<pin id="438" dir="0" index="0" bw="32" slack="13"/>
<pin id="439" dir="1" index="1" bw="32" slack="13"/>
</pin_list>
<bind>
<opset="edge_p1_x_read "/>
</bind>
</comp>

<comp id="445" class="1005" name="zext_ln73_reg_445">
<pin_list>
<pin id="446" dir="0" index="0" bw="32" slack="1"/>
<pin id="447" dir="1" index="1" bw="32" slack="1"/>
</pin_list>
<bind>
<opset="zext_ln73 "/>
</bind>
</comp>

<comp id="453" class="1005" name="k_reg_453">
<pin_list>
<pin id="454" dir="0" index="0" bw="3" slack="0"/>
<pin id="455" dir="1" index="1" bw="3" slack="0"/>
</pin_list>
<bind>
<opset="k "/>
</bind>
</comp>

<comp id="458" class="1005" name="b_reg_458">
<pin_list>
<pin id="459" dir="0" index="0" bw="7" slack="1"/>
<pin id="460" dir="1" index="1" bw="7" slack="1"/>
</pin_list>
<bind>
<opset="b "/>
</bind>
</comp>

<comp id="463" class="1005" name="grid_z_reg_463">
<pin_list>
<pin id="464" dir="0" index="0" bw="32" slack="7"/>
<pin id="465" dir="1" index="1" bw="32" slack="7"/>
</pin_list>
<bind>
<opset="grid_z "/>
</bind>
</comp>

<comp id="471" class="1005" name="zext_ln74_reg_471">
<pin_list>
<pin id="472" dir="0" index="0" bw="32" slack="1"/>
<pin id="473" dir="1" index="1" bw="32" slack="1"/>
</pin_list>
<bind>
<opset="zext_ln74 "/>
</bind>
</comp>

<comp id="479" class="1005" name="j_reg_479">
<pin_list>
<pin id="480" dir="0" index="0" bw="3" slack="0"/>
<pin id="481" dir="1" index="1" bw="3" slack="0"/>
</pin_list>
<bind>
<opset="j "/>
</bind>
</comp>

<comp id="484" class="1005" name="grid_y_reg_484">
<pin_list>
<pin id="485" dir="0" index="0" bw="32" slack="1"/>
<pin id="486" dir="1" index="1" bw="32" slack="1"/>
</pin_list>
<bind>
<opset="grid_y "/>
</bind>
</comp>

<comp id="492" class="1005" name="tmp_4_reg_492">
<pin_list>
<pin id="493" dir="0" index="0" bw="1" slack="1"/>
<pin id="494" dir="1" index="1" bw="1" slack="1"/>
</pin_list>
<bind>
<opset="tmp_4 "/>
</bind>
</comp>

<comp id="497" class="1005" name="trunc_ln74_reg_497">
<pin_list>
<pin id="498" dir="0" index="0" bw="6" slack="1"/>
<pin id="499" dir="1" index="1" bw="6" slack="1"/>
</pin_list>
<bind>
<opset="trunc_ln74 "/>
</bind>
</comp>

<comp id="502" class="1005" name="or_ln82_reg_502">
<pin_list>
<pin id="503" dir="0" index="0" bw="6" slack="1"/>
<pin id="504" dir="1" index="1" bw="6" slack="1"/>
</pin_list>
<bind>
<opset="or_ln82 "/>
</bind>
</comp>

<comp id="507" class="1005" name="tmp_4_1_reg_507">
<pin_list>
<pin id="508" dir="0" index="0" bw="1" slack="1"/>
<pin id="509" dir="1" index="1" bw="1" slack="1"/>
</pin_list>
<bind>
<opset="tmp_4_1 "/>
</bind>
</comp>

<comp id="512" class="1005" name="add_ln82_2_reg_512">
<pin_list>
<pin id="513" dir="0" index="0" bw="7" slack="1"/>
<pin id="514" dir="1" index="1" bw="7" slack="1"/>
</pin_list>
<bind>
<opset="add_ln82_2 "/>
</bind>
</comp>

<comp id="517" class="1005" name="tmp_4_2_reg_517">
<pin_list>
<pin id="518" dir="0" index="0" bw="1" slack="1"/>
<pin id="519" dir="1" index="1" bw="1" slack="1"/>
</pin_list>
<bind>
<opset="tmp_4_2 "/>
</bind>
</comp>

<comp id="522" class="1005" name="tmp_4_3_reg_522">
<pin_list>
<pin id="523" dir="0" index="0" bw="1" slack="1"/>
<pin id="524" dir="1" index="1" bw="1" slack="1"/>
</pin_list>
<bind>
<opset="tmp_4_3 "/>
</bind>
</comp>

<comp id="527" class="1005" name="add_ln82_reg_527">
<pin_list>
<pin id="528" dir="0" index="0" bw="7" slack="1"/>
<pin id="529" dir="1" index="1" bw="7" slack="1"/>
</pin_list>
<bind>
<opset="add_ln82 "/>
</bind>
</comp>

</comp_list>

<net_list>
<net id="71"><net_src comp="12" pin="0"/><net_sink comp="68" pin=0"/></net>

<net id="76"><net_src comp="22" pin="0"/><net_sink comp="72" pin=0"/></net>

<net id="77"><net_src comp="10" pin="0"/><net_sink comp="72" pin=1"/></net>

<net id="82"><net_src comp="22" pin="0"/><net_sink comp="78" pin=0"/></net>

<net id="83"><net_src comp="8" pin="0"/><net_sink comp="78" pin=1"/></net>

<net id="88"><net_src comp="22" pin="0"/><net_sink comp="84" pin=0"/></net>

<net id="89"><net_src comp="6" pin="0"/><net_sink comp="84" pin=1"/></net>

<net id="94"><net_src comp="22" pin="0"/><net_sink comp="90" pin=0"/></net>

<net id="95"><net_src comp="4" pin="0"/><net_sink comp="90" pin=1"/></net>

<net id="100"><net_src comp="22" pin="0"/><net_sink comp="96" pin=0"/></net>

<net id="101"><net_src comp="2" pin="0"/><net_sink comp="96" pin=1"/></net>

<net id="106"><net_src comp="22" pin="0"/><net_sink comp="102" pin=0"/></net>

<net id="107"><net_src comp="0" pin="0"/><net_sink comp="102" pin=1"/></net>

<net id="111"><net_src comp="24" pin="0"/><net_sink comp="108" pin=0"/></net>

<net id="118"><net_src comp="108" pin="1"/><net_sink comp="112" pin=0"/></net>

<net id="122"><net_src comp="26" pin="0"/><net_sink comp="119" pin=0"/></net>

<net id="129"><net_src comp="119" pin="1"/><net_sink comp="123" pin=0"/></net>

<net id="130"><net_src comp="123" pin="4"/><net_sink comp="119" pin=0"/></net>

<net id="134"><net_src comp="24" pin="0"/><net_sink comp="131" pin=0"/></net>

<net id="141"><net_src comp="131" pin="1"/><net_sink comp="135" pin=0"/></net>

<net id="151"><net_src comp="119" pin="1"/><net_sink comp="145" pin=0"/></net>

<net id="152"><net_src comp="145" pin="4"/><net_sink comp="142" pin=0"/></net>

<net id="165"><net_src comp="46" pin="0"/><net_sink comp="153" pin=0"/></net>

<net id="166"><net_src comp="48" pin="0"/><net_sink comp="153" pin=1"/></net>

<net id="179"><net_src comp="46" pin="0"/><net_sink comp="167" pin=0"/></net>

<net id="180"><net_src comp="50" pin="0"/><net_sink comp="167" pin=1"/></net>

<net id="193"><net_src comp="46" pin="0"/><net_sink comp="181" pin=0"/></net>

<net id="194"><net_src comp="52" pin="0"/><net_sink comp="181" pin=1"/></net>

<net id="207"><net_src comp="46" pin="0"/><net_sink comp="195" pin=0"/></net>

<net id="208"><net_src comp="54" pin="0"/><net_sink comp="195" pin=1"/></net>

<net id="219"><net_src comp="16" pin="0"/><net_sink comp="215" pin=0"/></net>

<net id="223"><net_src comp="112" pin="4"/><net_sink comp="220" pin=0"/></net>

<net id="224"><net_src comp="220" pin="1"/><net_sink comp="209" pin=0"/></net>

<net id="229"><net_src comp="112" pin="4"/><net_sink comp="225" pin=0"/></net>

<net id="230"><net_src comp="28" pin="0"/><net_sink comp="225" pin=1"/></net>

<net id="235"><net_src comp="112" pin="4"/><net_sink comp="231" pin=0"/></net>

<net id="236"><net_src comp="34" pin="0"/><net_sink comp="231" pin=1"/></net>

<net id="241"><net_src comp="119" pin="1"/><net_sink comp="237" pin=0"/></net>

<net id="242"><net_src comp="42" pin="0"/><net_sink comp="237" pin=1"/></net>

<net id="246"><net_src comp="135" pin="4"/><net_sink comp="243" pin=0"/></net>

<net id="247"><net_src comp="243" pin="1"/><net_sink comp="209" pin=0"/></net>

<net id="252"><net_src comp="135" pin="4"/><net_sink comp="248" pin=0"/></net>

<net id="253"><net_src comp="28" pin="0"/><net_sink comp="248" pin=1"/></net>

<net id="258"><net_src comp="135" pin="4"/><net_sink comp="254" pin=0"/></net>

<net id="259"><net_src comp="34" pin="0"/><net_sink comp="254" pin=1"/></net>

<net id="263"><net_src comp="142" pin="1"/><net_sink comp="260" pin=0"/></net>

<net id="268"><net_src comp="260" pin="1"/><net_sink comp="264" pin=0"/></net>

<net id="269"><net_src comp="56" pin="0"/><net_sink comp="264" pin=1"/></net>

<net id="273"><net_src comp="264" pin="2"/><net_sink comp="270" pin=0"/></net>

<net id="278"><net_src comp="58" pin="0"/><net_sink comp="274" pin=0"/></net>

<net id="279"><net_src comp="270" pin="1"/><net_sink comp="274" pin=1"/></net>

<net id="284"><net_src comp="62" pin="0"/><net_sink comp="280" pin=0"/></net>

<net id="285"><net_src comp="142" pin="1"/><net_sink comp="280" pin=1"/></net>

<net id="289"><net_src comp="142" pin="1"/><net_sink comp="286" pin=0"/></net>

<net id="294"><net_src comp="12" pin="0"/><net_sink comp="290" pin=0"/></net>

<net id="295"><net_src comp="286" pin="1"/><net_sink comp="290" pin=1"/></net>

<net id="301"><net_src comp="290" pin="2"/><net_sink comp="296" pin=1"/></net>

<net id="302"><net_src comp="64" pin="0"/><net_sink comp="296" pin=2"/></net>

<net id="310"><net_src comp="12" pin="0"/><net_sink comp="306" pin=0"/></net>

<net id="311"><net_src comp="303" pin="1"/><net_sink comp="306" pin=1"/></net>

<net id="317"><net_src comp="306" pin="2"/><net_sink comp="312" pin=1"/></net>

<net id="318"><net_src comp="64" pin="0"/><net_sink comp="312" pin=2"/></net>

<net id="326"><net_src comp="12" pin="0"/><net_sink comp="322" pin=0"/></net>

<net id="327"><net_src comp="319" pin="1"/><net_sink comp="322" pin=1"/></net>

<net id="333"><net_src comp="322" pin="2"/><net_sink comp="328" pin=1"/></net>

<net id="334"><net_src comp="64" pin="0"/><net_sink comp="328" pin=2"/></net>

<net id="339"><net_src comp="66" pin="0"/><net_sink comp="335" pin=1"/></net>

<net id="343"><net_src comp="335" pin="2"/><net_sink comp="340" pin=0"/></net>

<net id="348"><net_src comp="12" pin="0"/><net_sink comp="344" pin=0"/></net>

<net id="349"><net_src comp="340" pin="1"/><net_sink comp="344" pin=1"/></net>

<net id="355"><net_src comp="344" pin="2"/><net_sink comp="350" pin=1"/></net>

<net id="356"><net_src comp="64" pin="0"/><net_sink comp="350" pin=2"/></net>

<net id="361"><net_src comp="296" pin="3"/><net_sink comp="357" pin=0"/></net>

<net id="362"><net_src comp="312" pin="3"/><net_sink comp="357" pin=1"/></net>

<net id="367"><net_src comp="328" pin="3"/><net_sink comp="363" pin=0"/></net>

<net id="368"><net_src comp="350" pin="3"/><net_sink comp="363" pin=1"/></net>

<net id="373"><net_src comp="363" pin="2"/><net_sink comp="369" pin=0"/></net>

<net id="374"><net_src comp="357" pin="2"/><net_sink comp="369" pin=1"/></net>

<net id="378"><net_src comp="369" pin="2"/><net_sink comp="375" pin=0"/></net>

<net id="383"><net_src comp="212" pin="1"/><net_sink comp="379" pin=0"/></net>

<net id="384"><net_src comp="375" pin="1"/><net_sink comp="379" pin=1"/></net>

<net id="389"><net_src comp="379" pin="2"/><net_sink comp="385" pin=0"/></net>

<net id="393"><net_src comp="68" pin="1"/><net_sink comp="390" pin=0"/></net>

<net id="394"><net_src comp="390" pin="1"/><net_sink comp="215" pin=1"/></net>

<net id="395"><net_src comp="390" pin="1"/><net_sink comp="212" pin=0"/></net>

<net id="396"><net_src comp="390" pin="1"/><net_sink comp="385" pin=1"/></net>

<net id="400"><net_src comp="72" pin="2"/><net_sink comp="397" pin=0"/></net>

<net id="401"><net_src comp="397" pin="1"/><net_sink comp="153" pin=9"/></net>

<net id="402"><net_src comp="397" pin="1"/><net_sink comp="167" pin=9"/></net>

<net id="403"><net_src comp="397" pin="1"/><net_sink comp="181" pin=9"/></net>

<net id="404"><net_src comp="397" pin="1"/><net_sink comp="195" pin=9"/></net>

<net id="408"><net_src comp="78" pin="2"/><net_sink comp="405" pin=0"/></net>

<net id="409"><net_src comp="405" pin="1"/><net_sink comp="153" pin=8"/></net>

<net id="410"><net_src comp="405" pin="1"/><net_sink comp="167" pin=8"/></net>

<net id="411"><net_src comp="405" pin="1"/><net_sink comp="181" pin=8"/></net>

<net id="412"><net_src comp="405" pin="1"/><net_sink comp="195" pin=8"/></net>

<net id="416"><net_src comp="84" pin="2"/><net_sink comp="413" pin=0"/></net>

<net id="417"><net_src comp="413" pin="1"/><net_sink comp="153" pin=7"/></net>

<net id="418"><net_src comp="413" pin="1"/><net_sink comp="167" pin=7"/></net>

<net id="419"><net_src comp="413" pin="1"/><net_sink comp="181" pin=7"/></net>

<net id="420"><net_src comp="413" pin="1"/><net_sink comp="195" pin=7"/></net>

<net id="424"><net_src comp="90" pin="2"/><net_sink comp="421" pin=0"/></net>

<net id="425"><net_src comp="421" pin="1"/><net_sink comp="153" pin=6"/></net>

<net id="426"><net_src comp="421" pin="1"/><net_sink comp="167" pin=6"/></net>

<net id="427"><net_src comp="421" pin="1"/><net_sink comp="181" pin=6"/></net>

<net id="428"><net_src comp="421" pin="1"/><net_sink comp="195" pin=6"/></net>

<net id="432"><net_src comp="96" pin="2"/><net_sink comp="429" pin=0"/></net>

<net id="433"><net_src comp="429" pin="1"/><net_sink comp="153" pin=5"/></net>

<net id="434"><net_src comp="429" pin="1"/><net_sink comp="167" pin=5"/></net>

<net id="435"><net_src comp="429" pin="1"/><net_sink comp="181" pin=5"/></net>

<net id="436"><net_src comp="429" pin="1"/><net_sink comp="195" pin=5"/></net>

<net id="440"><net_src comp="102" pin="2"/><net_sink comp="437" pin=0"/></net>

<net id="441"><net_src comp="437" pin="1"/><net_sink comp="153" pin=4"/></net>

<net id="442"><net_src comp="437" pin="1"/><net_sink comp="167" pin=4"/></net>

<net id="443"><net_src comp="437" pin="1"/><net_sink comp="181" pin=4"/></net>

<net id="444"><net_src comp="437" pin="1"/><net_sink comp="195" pin=4"/></net>

<net id="448"><net_src comp="220" pin="1"/><net_sink comp="445" pin=0"/></net>

<net id="449"><net_src comp="445" pin="1"/><net_sink comp="209" pin=0"/></net>

<net id="456"><net_src comp="231" pin="2"/><net_sink comp="453" pin=0"/></net>

<net id="457"><net_src comp="453" pin="1"/><net_sink comp="112" pin=2"/></net>

<net id="461"><net_src comp="237" pin="2"/><net_sink comp="458" pin=0"/></net>

<net id="462"><net_src comp="458" pin="1"/><net_sink comp="123" pin=2"/></net>

<net id="466"><net_src comp="209" pin="1"/><net_sink comp="463" pin=0"/></net>

<net id="467"><net_src comp="463" pin="1"/><net_sink comp="153" pin=3"/></net>

<net id="468"><net_src comp="463" pin="1"/><net_sink comp="167" pin=3"/></net>

<net id="469"><net_src comp="463" pin="1"/><net_sink comp="181" pin=3"/></net>

<net id="470"><net_src comp="463" pin="1"/><net_sink comp="195" pin=3"/></net>

<net id="474"><net_src comp="243" pin="1"/><net_sink comp="471" pin=0"/></net>

<net id="475"><net_src comp="471" pin="1"/><net_sink comp="209" pin=0"/></net>

<net id="482"><net_src comp="254" pin="2"/><net_sink comp="479" pin=0"/></net>

<net id="483"><net_src comp="479" pin="1"/><net_sink comp="135" pin=2"/></net>

<net id="487"><net_src comp="209" pin="1"/><net_sink comp="484" pin=0"/></net>

<net id="488"><net_src comp="484" pin="1"/><net_sink comp="153" pin=2"/></net>

<net id="489"><net_src comp="484" pin="1"/><net_sink comp="167" pin=2"/></net>

<net id="490"><net_src comp="484" pin="1"/><net_sink comp="181" pin=2"/></net>

<net id="491"><net_src comp="484" pin="1"/><net_sink comp="195" pin=2"/></net>

<net id="495"><net_src comp="153" pin="10"/><net_sink comp="492" pin=0"/></net>

<net id="496"><net_src comp="492" pin="1"/><net_sink comp="296" pin=0"/></net>

<net id="500"><net_src comp="260" pin="1"/><net_sink comp="497" pin=0"/></net>

<net id="501"><net_src comp="497" pin="1"/><net_sink comp="335" pin=0"/></net>

<net id="505"><net_src comp="264" pin="2"/><net_sink comp="502" pin=0"/></net>

<net id="506"><net_src comp="502" pin="1"/><net_sink comp="303" pin=0"/></net>

<net id="510"><net_src comp="167" pin="10"/><net_sink comp="507" pin=0"/></net>

<net id="511"><net_src comp="507" pin="1"/><net_sink comp="312" pin=0"/></net>

<net id="515"><net_src comp="274" pin="2"/><net_sink comp="512" pin=0"/></net>

<net id="516"><net_src comp="512" pin="1"/><net_sink comp="319" pin=0"/></net>

<net id="520"><net_src comp="181" pin="10"/><net_sink comp="517" pin=0"/></net>

<net id="521"><net_src comp="517" pin="1"/><net_sink comp="328" pin=0"/></net>

<net id="525"><net_src comp="195" pin="10"/><net_sink comp="522" pin=0"/></net>

<net id="526"><net_src comp="522" pin="1"/><net_sink comp="350" pin=0"/></net>

<net id="530"><net_src comp="280" pin="2"/><net_sink comp="527" pin=0"/></net>

<net id="531"><net_src comp="527" pin="1"/><net_sink comp="145" pin=2"/></net>

</net_list>

</model> 
---------------- Datapath Model END ------------------

* FSMD analyzer results:
  - Output states:
 - Input state : 
	Port: honeybee : edge_p1_x | {1 }
	Port: honeybee : edge_p1_y | {1 }
	Port: honeybee : edge_p1_z | {1 }
	Port: honeybee : edge_p2_x | {1 }
	Port: honeybee : edge_p2_y | {1 }
	Port: honeybee : edge_p2_z | {1 }
  - Chain level:
	State 1
		store_ln73 : 1
	State 2
		zext_ln73 : 1
		icmp_ln73 : 1
		k : 1
		br_ln73 : 2
		grid_z : 2
		ret_ln86 : 1
	State 3
	State 4
	State 5
	State 6
	State 7
	State 8
		zext_ln74 : 1
		icmp_ln74 : 1
		j : 1
		br_ln74 : 2
		grid_y : 2
	State 9
	State 10
	State 11
	State 12
	State 13
	State 14
	State 15
		or_ln82 : 1
		zext_ln82 : 1
		add_ln82_2 : 2
	State 16
		shl_ln80 : 1
		select_ln79 : 2
		shl_ln80_1 : 1
		select_ln79_1 : 2
		shl_ln80_2 : 1
		select_ln79_2 : 2
		shl_ln80_3 : 1
		select_ln79_3 : 2
		or_ln79 : 3
		or_ln79_1 : 3
		or_ln79_2 : 3
		sext_ln79 : 3
		or_ln79_3 : 4
		store_ln74 : 4


============================================================
+ Verbose Summary: Datapath Resource usage 
============================================================

* Functional unit list:
|----------|------------------------------|---------|---------|---------|---------|
| Operation|        Functional Unit       |  DSP48E |  Delay  |    FF   |   LUT   |
|----------|------------------------------|---------|---------|---------|---------|
|          | grp_lineIntersectGrid_fu_153 |    12   | 30.3475 |   4451  |   6696  |
|   call   | grp_lineIntersectGrid_fu_167 |    12   | 30.3475 |   4451  |   6696  |
|          | grp_lineIntersectGrid_fu_181 |    12   | 30.3475 |   4451  |   6696  |
|          | grp_lineIntersectGrid_fu_195 |    12   | 30.3475 |   4451  |   6696  |
|----------|------------------------------|---------|---------|---------|---------|
|  sitofp  |          grp_fu_209          |    0    |    0    |   340   |   554   |
|----------|------------------------------|---------|---------|---------|---------|
|          |        or_ln82_fu_264        |    0    |    0    |    0    |    0    |
|          |       or_ln82_1_fu_335       |    0    |    0    |    0    |    0    |
|    or    |        or_ln79_fu_357        |    0    |    0    |    0    |    32   |
|          |       or_ln79_1_fu_363       |    0    |    0    |    0    |    32   |
|          |       or_ln79_2_fu_369       |    0    |    0    |    0    |    32   |
|          |       or_ln79_3_fu_379       |    0    |    0    |    0    |    64   |
|----------|------------------------------|---------|---------|---------|---------|
|          |      select_ln79_fu_296      |    0    |    0    |    0    |    32   |
|  select  |     select_ln79_1_fu_312     |    0    |    0    |    0    |    32   |
|          |     select_ln79_2_fu_328     |    0    |    0    |    0    |    32   |
|          |     select_ln79_3_fu_350     |    0    |    0    |    0    |    32   |
|----------|------------------------------|---------|---------|---------|---------|
|          |           k_fu_231           |    0    |    0    |    0    |    12   |
|          |           b_fu_237           |    0    |    0    |    0    |    15   |
|    add   |           j_fu_254           |    0    |    0    |    0    |    12   |
|          |       add_ln82_2_fu_274      |    0    |    0    |    0    |    15   |
|          |        add_ln82_fu_280       |    0    |    0    |    0    |    15   |
|----------|------------------------------|---------|---------|---------|---------|
|          |        shl_ln80_fu_290       |    0    |    0    |    0    |    17   |
|    shl   |       shl_ln80_1_fu_306      |    0    |    0    |    0    |    13   |
|          |       shl_ln80_2_fu_322      |    0    |    0    |    0    |    17   |
|          |       shl_ln80_3_fu_344      |    0    |    0    |    0    |    13   |
|----------|------------------------------|---------|---------|---------|---------|
|   icmp   |       icmp_ln73_fu_225       |    0    |    0    |    0    |    9    |
|          |       icmp_ln74_fu_248       |    0    |    0    |    0    |    9    |
|----------|------------------------------|---------|---------|---------|---------|
|          |   edge_p2_z_read_read_fu_72  |    0    |    0    |    0    |    0    |
|          |   edge_p2_y_read_read_fu_78  |    0    |    0    |    0    |    0    |
|   read   |   edge_p2_x_read_read_fu_84  |    0    |    0    |    0    |    0    |
|          |   edge_p1_z_read_read_fu_90  |    0    |    0    |    0    |    0    |
|          |   edge_p1_y_read_read_fu_96  |    0    |    0    |    0    |    0    |
|          |  edge_p1_x_read_read_fu_102  |    0    |    0    |    0    |    0    |
|----------|------------------------------|---------|---------|---------|---------|
|          |       zext_ln73_fu_220       |    0    |    0    |    0    |    0    |
|          |       zext_ln74_fu_243       |    0    |    0    |    0    |    0    |
|          |       zext_ln82_fu_270       |    0    |    0    |    0    |    0    |
|   zext   |      zext_ln74_1_fu_286      |    0    |    0    |    0    |    0    |
|          |      zext_ln82_1_fu_303      |    0    |    0    |    0    |    0    |
|          |      zext_ln82_2_fu_319      |    0    |    0    |    0    |    0    |
|          |      zext_ln82_3_fu_340      |    0    |    0    |    0    |    0    |
|----------|------------------------------|---------|---------|---------|---------|
|   trunc  |       trunc_ln74_fu_260      |    0    |    0    |    0    |    0    |
|----------|------------------------------|---------|---------|---------|---------|
|   sext   |       sext_ln79_fu_375       |    0    |    0    |    0    |    0    |
|----------|------------------------------|---------|---------|---------|---------|
|   Total  |                              |    48   |  121.39 |  18144  |  27773  |
|----------|------------------------------|---------|---------|---------|---------|

Memories:
N/A

* Register list:
+----------------------+--------+
|                      |   FF   |
+----------------------+--------+
|  add_ln82_2_reg_512  |    7   |
|   add_ln82_reg_527   |    7   |
|      b_0_reg_119     |    7   |
|      b_1_reg_142     |    7   |
|       b_reg_458      |    7   |
| collisions_0_reg_390 |   64   |
|edge_p1_x_read_reg_437|   32   |
|edge_p1_y_read_reg_429|   32   |
|edge_p1_z_read_reg_421|   32   |
|edge_p2_x_read_reg_413|   32   |
|edge_p2_y_read_reg_405|   32   |
|edge_p2_z_read_reg_397|   32   |
|    grid_y_reg_484    |   32   |
|    grid_z_reg_463    |   32   |
|      j_0_reg_131     |    3   |
|       j_reg_479      |    3   |
|      k_0_reg_108     |    3   |
|       k_reg_453      |    3   |
|    or_ln82_reg_502   |    6   |
|    tmp_4_1_reg_507   |    1   |
|    tmp_4_2_reg_517   |    1   |
|    tmp_4_3_reg_522   |    1   |
|     tmp_4_reg_492    |    1   |
|  trunc_ln74_reg_497  |    6   |
|   zext_ln73_reg_445  |   32   |
|   zext_ln74_reg_471  |   32   |
+----------------------+--------+
|         Total        |   447  |
+----------------------+--------+

* Multiplexer (MUX) list: 
|-------------|------|------|------|--------||---------||---------|
|     Comp    |  Pin | Size |  BW  | S x BW ||  Delay  ||   LUT   |
|-------------|------|------|------|--------||---------||---------|
| b_0_reg_119 |  p0  |   2  |   7  |   14   ||    9    |
|  grp_fu_209 |  p0  |   4  |   3  |   12   ||    21   |
|-------------|------|------|------|--------||---------||---------|
|    Total    |      |      |      |   26   ||  3.6295 ||    30   |
|-------------|------|------|------|--------||---------||---------|



* Summary:
+-----------+--------+--------+--------+--------+
|           | DSP48E |  Delay |   FF   |   LUT  |
+-----------+--------+--------+--------+--------+
|  Function |   48   |   121  |  18144 |  27773 |
|   Memory  |    -   |    -   |    -   |    -   |
|Multiplexer|    -   |    3   |    -   |   30   |
|  Register |    -   |    -   |   447  |    -   |
+-----------+--------+--------+--------+--------+
|   Total   |   48   |   125  |  18591 |  27803 |
+-----------+--------+--------+--------+--------+
