

================================================================
== Vivado HLS Report for 'honeybee'
================================================================
* Date:           Wed Mar 25 00:05:49 2020

* Version:        2019.2 (Build 2704478 on Wed Nov 06 22:10:23 MST 2019)
* Project:        HoneyBee-B
* Solution:       solution1
* Product family: zynq
* Target device:  xc7z020-clg484-1


================================================================
== Performance Estimates
================================================================
+ Timing: 
    * Summary: 
    +--------+----------+----------+------------+
    |  Clock |  Target  | Estimated| Uncertainty|
    +--------+----------+----------+------------+
    |ap_clk  | 10.00 ns | 9.921 ns |   1.25 ns  |
    +--------+----------+----------+------------+

+ Latency: 
    * Summary: 
    +---------+---------+----------+-----------+-----+------+---------+
    |  Latency (cycles) |  Latency (absolute)  |  Interval  | Pipeline|
    |   min   |   max   |    min   |    max    | min |  max |   Type  |
    +---------+---------+----------+-----------+-----+------+---------+
    |      707|     3499| 7.070 us | 34.990 us |  707|  3499|   none  |
    +---------+---------+----------+-----------+-----+------+---------+

    + Detail: 
        * Instance: 
        +---------------------------------+----------------------+---------+---------+----------+----------+-----+-----+---------+
        |                                 |                      |  Latency (cycles) |  Latency (absolute) |  Interval | Pipeline|
        |             Instance            |        Module        |   min   |   max   |    min   |    max   | min | max |   Type  |
        +---------------------------------+----------------------+---------+---------+----------+----------+-----+-----+---------+
        |grp_segmentIntersectsGri_fu_153  |segmentIntersectsGri  |       75|      424| 0.750 us | 4.240 us |   75|  424|   none  |
        +---------------------------------+----------------------+---------+---------+----------+----------+-----+-----+---------+

        * Loop: 
        +-----------------+---------+---------+------------+-----------+-----------+------+----------+
        |                 |  Latency (cycles) |  Iteration |  Initiation Interval  | Trip |          |
        |    Loop Name    |   min   |   max   |   Latency  |  achieved |   target  | Count| Pipelined|
        +-----------------+---------+---------+------------+-----------+-----------+------+----------+
        |- Loop 1         |      706|     3498| 353 ~ 1749 |          -|          -|     2|    no    |
        | + Loop 1.1      |      346|     1742|  173 ~ 871 |          -|          -|     2|    no    |
        |  ++ Loop 1.1.1  |      166|      864|  83 ~ 432  |          -|          -|     2|    no    |
        +-----------------+---------+---------+------------+-----------+-----------+------+----------+



================================================================
== Utilization Estimates
================================================================
* Summary: 
+-----------------+---------+-------+--------+-------+-----+
|       Name      | BRAM_18K| DSP48E|   FF   |  LUT  | URAM|
+-----------------+---------+-------+--------+-------+-----+
|DSP              |        -|      -|       -|      -|    -|
|Expression       |        -|      -|       0|    131|    -|
|FIFO             |        -|      -|       -|      -|    -|
|Instance         |        -|     34|    5928|  13286|    -|
|Memory           |        -|      -|       -|      -|    -|
|Multiplexer      |        -|      -|       -|    189|    -|
|Register         |        -|      -|     158|      -|    -|
+-----------------+---------+-------+--------+-------+-----+
|Total            |        0|     34|    6086|  13606|    0|
+-----------------+---------+-------+--------+-------+-----+
|Available        |      280|    220|  106400|  53200|    0|
+-----------------+---------+-------+--------+-------+-----+
|Utilization (%)  |        0|     15|       5|     25|    0|
+-----------------+---------+-------+--------+-------+-----+

+ Detail: 
    * Instance: 
    +---------------------------------+----------------------+---------+-------+------+-------+-----+
    |             Instance            |        Module        | BRAM_18K| DSP48E|  FF  |  LUT  | URAM|
    +---------------------------------+----------------------+---------+-------+------+-------+-----+
    |honeybee_sitofp_3hbi_U56         |honeybee_sitofp_3hbi  |        0|      0|   340|    554|    0|
    |grp_segmentIntersectsGri_fu_153  |segmentIntersectsGri  |        0|     34|  5588|  12732|    0|
    +---------------------------------+----------------------+---------+-------+------+-------+-----+
    |Total                            |                      |        0|     34|  5928|  13286|    0|
    +---------------------------------+----------------------+---------+-------+------+-------+-----+

    * DSP48E: 
    N/A

    * Memory: 
    N/A

    * FIFO: 
    N/A

    * Expression: 
    +------------------------+----------+-------+---+----+------------+------------+
    |      Variable Name     | Operation| DSP48E| FF| LUT| Bitwidth P0| Bitwidth P1|
    +------------------------+----------+-------+---+----+------------+------------+
    |add_ln161_1_fu_264_p2   |     +    |      0|  0|  13|           4|           1|
    |add_ln161_fu_217_p2     |     +    |      0|  0|  13|           4|           2|
    |b_fu_194_p2             |     +    |      0|  0|  13|           4|           3|
    |i_fu_234_p2             |     +    |      0|  0|  10|           2|           1|
    |j_fu_211_p2             |     +    |      0|  0|  10|           2|           1|
    |k_fu_188_p2             |     +    |      0|  0|  10|           2|           1|
    |icmp_ln152_fu_182_p2    |   icmp   |      0|  0|   9|           2|           3|
    |icmp_ln153_fu_205_p2    |   icmp   |      0|  0|   9|           2|           3|
    |icmp_ln154_fu_228_p2    |   icmp   |      0|  0|   9|           2|           3|
    |collisions_fu_258_p2    |    or    |      0|  0|   8|           8|           8|
    |select_ln158_fu_250_p3  |  select  |      0|  0|   8|           1|           8|
    |shl_ln159_fu_244_p2     |    shl   |      0|  0|  19|           1|           8|
    +------------------------+----------+-------+---+----+------------+------------+
    |Total                   |          |      0|  0| 131|          34|          42|
    +------------------------+----------+-------+---+----+------------+------------+

    * Multiplexer: 
    +--------------------+-----+-----------+-----+-----------+
    |        Name        | LUT | Input Size| Bits| Total Bits|
    +--------------------+-----+-----------+-----+-----------+
    |ap_NS_fsm           |  105|         22|    1|         22|
    |b_0_reg_97          |    9|          2|    4|          8|
    |b_1_reg_120         |    9|          2|    4|          8|
    |b_2_reg_142         |    9|          2|    4|          8|
    |collisions_1_fu_46  |    9|          2|    8|         16|
    |grp_fu_166_p0       |   21|          4|   32|        128|
    |i_0_reg_131         |    9|          2|    2|          4|
    |j_0_reg_109         |    9|          2|    2|          4|
    |k_0_reg_86          |    9|          2|    2|          4|
    +--------------------+-----+-----------+-----+-----------+
    |Total               |  189|         40|   59|        202|
    +--------------------+-----+-----------+-----+-----------+

    * Register: 
    +----------------------------------------------+----+----+-----+-----------+
    |                     Name                     | FF | LUT| Bits| Const Bits|
    +----------------------------------------------+----+----+-----+-----------+
    |add_ln161_reg_348                             |   4|   0|    4|          0|
    |ap_CS_fsm                                     |  21|   0|   21|          0|
    |b_0_reg_97                                    |   4|   0|    4|          0|
    |b_1_reg_120                                   |   4|   0|    4|          0|
    |b_2_reg_142                                   |   4|   0|    4|          0|
    |b_reg_325                                     |   4|   0|    4|          0|
    |collisions_1_fu_46                            |   8|   0|    8|          0|
    |grid_x_reg_371                                |  32|   0|   32|          0|
    |grid_y_reg_353                                |  32|   0|   32|          0|
    |grid_z_reg_330                                |  32|   0|   32|          0|
    |grp_segmentIntersectsGri_fu_153_ap_start_reg  |   1|   0|    1|          0|
    |i_0_reg_131                                   |   2|   0|    2|          0|
    |i_reg_366                                     |   2|   0|    2|          0|
    |j_0_reg_109                                   |   2|   0|    2|          0|
    |j_reg_343                                     |   2|   0|    2|          0|
    |k_0_reg_86                                    |   2|   0|    2|          0|
    |k_reg_320                                     |   2|   0|    2|          0|
    +----------------------------------------------+----+----+-----+-----------+
    |Total                                         | 158|   0|  158|          0|
    +----------------------------------------------+----+----+-----+-----------+



================================================================
== Interface
================================================================
* Summary: 
+-----------+-----+-----+------------+--------------+--------------+
| RTL Ports | Dir | Bits|  Protocol  | Source Object|    C Type    |
+-----------+-----+-----+------------+--------------+--------------+
|ap_clk     |  in |    1| ap_ctrl_hs |   honeybee   | return value |
|ap_rst     |  in |    1| ap_ctrl_hs |   honeybee   | return value |
|ap_start   |  in |    1| ap_ctrl_hs |   honeybee   | return value |
|ap_done    | out |    1| ap_ctrl_hs |   honeybee   | return value |
|ap_idle    | out |    1| ap_ctrl_hs |   honeybee   | return value |
|ap_ready   | out |    1| ap_ctrl_hs |   honeybee   | return value |
|ap_return  | out |    8| ap_ctrl_hs |   honeybee   | return value |
|edge_p1_x  |  in |   32|   ap_none  |   edge_p1_x  |    scalar    |
|edge_p1_y  |  in |   32|   ap_none  |   edge_p1_y  |    scalar    |
|edge_p1_z  |  in |   32|   ap_none  |   edge_p1_z  |    scalar    |
|edge_p2_x  |  in |   32|   ap_none  |   edge_p2_x  |    scalar    |
|edge_p2_y  |  in |   32|   ap_none  |   edge_p2_y  |    scalar    |
|edge_p2_z  |  in |   32|   ap_none  |   edge_p2_z  |    scalar    |
+-----------+-----+-----+------------+--------------+--------------+

