

================================================================
== Vivado HLS Report for 'honeybee'
================================================================
* Date:           Thu Mar 26 19:18:06 2020

* Version:        2019.2 (Build 2704478 on Wed Nov 06 22:10:23 MST 2019)
* Project:        honeybee_proj
* Solution:       solution1
* Product family: zynq
* Target device:  xc7z030i-fbg484-2L


================================================================
== Performance Estimates
================================================================
+ Timing: 
    * Summary: 
    +--------+----------+----------+------------+
    |  Clock |  Target  | Estimated| Uncertainty|
    +--------+----------+----------+------------+
    |ap_clk  | 10.00 ns | 9.321 ns |   1.25 ns  |
    +--------+----------+----------+------------+

+ Latency: 
    * Summary: 
    +---------+---------+-----------+-----------+------+------+---------+
    |  Latency (cycles) |   Latency (absolute)  |   Interval  | Pipeline|
    |   min   |   max   |    min    |    max    |  min |  max |   Type  |
    +---------+---------+-----------+-----------+------+------+---------+
    |     7325|     7325| 73.250 us | 73.250 us |  7325|  7325|   none  |
    +---------+---------+-----------+-----------+------+------+---------+

    + Detail: 
        * Instance: 
        N/A

        * Loop: 
        +----------------------+---------+---------+----------+-----------+-----------+------+----------+
        |                      |  Latency (cycles) | Iteration|  Initiation Interval  | Trip |          |
        |       Loop Name      |   min   |   max   |  Latency |  achieved |   target  | Count| Pipelined|
        +----------------------+---------+---------+----------+-----------+-----------+------+----------+
        |- honeybee_label2     |     7324|     7324|      1831|          -|          -|     4|    no    |
        | + honeybee_label1    |     1820|     1820|       455|          -|          -|     4|    no    |
        |  ++ honeybee_label0  |      444|      444|       111|          -|          -|     4|    no    |
        +----------------------+---------+---------+----------+-----------+-----------+------+----------+

============================================================
+ Verbose Summary: Synthesis Manager
============================================================
InlineROM: 1
ExposeGlobal: 0
============================================================
+ Verbose Summary: CDFG Model
============================================================
IsTopModel: 1
ResetActiveHigh: 1
IsCombinational: 0
IsDatapathOnly: 0
HasWiredReturn: 1
HasMFsm: 0
HasVarLatency: 1
IsPipeline: 0
IsRtlPipelined: 0
IsInstanceOverlapped: 0
IsDontTouch: 0
HasImplIP: 0
IsGatedGlobalClock: 0


============================================================
+ Verbose Summary: Schedule
============================================================
* Number of FSM states : 32
* Pipeline : 0
* Dataflow Pipeline: 0

* FSM state transitions: 
1 --> 2 
2 --> 3 
3 --> 4 
4 --> 5 
5 --> 6 
6 --> 7 
7 --> 8 
8 --> 9 
9 --> 10 
10 --> 11 
11 --> 12 
12 --> 13 2 
13 --> 14 
14 --> 15 
15 --> 16 
16 --> 17 
17 --> 18 
18 --> 19 
19 --> 20 
20 --> 21 
21 --> 22 
22 --> 23 12 
23 --> 24 
24 --> 25 
25 --> 26 
26 --> 27 
27 --> 28 
28 --> 29 
29 --> 30 
30 --> 31 
31 --> 32 
32 --> 22 

* FSM state operations: 

State 1 <SV = 0> <Delay = 2.02>
ST_1 : Operation 33 [1/1] (0.00ns)   --->   "%collisions_1 = alloca i64"   --->   Operation 33 'alloca' 'collisions_1' <Predicate = true> <Delay = 0.00>
ST_1 : Operation 34 [1/1] (0.00ns)   --->   "call void (...)* @_ssdm_op_SpecBitsMap(float %edge_p1_x), !map !39"   --->   Operation 34 'specbitsmap' <Predicate = true> <Delay = 0.00>
ST_1 : Operation 35 [1/1] (0.00ns)   --->   "call void (...)* @_ssdm_op_SpecBitsMap(float %edge_p1_y), !map !45"   --->   Operation 35 'specbitsmap' <Predicate = true> <Delay = 0.00>
ST_1 : Operation 36 [1/1] (0.00ns)   --->   "call void (...)* @_ssdm_op_SpecBitsMap(float %edge_p1_z), !map !49"   --->   Operation 36 'specbitsmap' <Predicate = true> <Delay = 0.00>
ST_1 : Operation 37 [1/1] (0.00ns)   --->   "call void (...)* @_ssdm_op_SpecBitsMap(float %edge_p2_x), !map !53"   --->   Operation 37 'specbitsmap' <Predicate = true> <Delay = 0.00>
ST_1 : Operation 38 [1/1] (0.00ns)   --->   "call void (...)* @_ssdm_op_SpecBitsMap(float %edge_p2_y), !map !57"   --->   Operation 38 'specbitsmap' <Predicate = true> <Delay = 0.00>
ST_1 : Operation 39 [1/1] (0.00ns)   --->   "call void (...)* @_ssdm_op_SpecBitsMap(float %edge_p2_z), !map !61"   --->   Operation 39 'specbitsmap' <Predicate = true> <Delay = 0.00>
ST_1 : Operation 40 [1/1] (0.00ns)   --->   "call void (...)* @_ssdm_op_SpecBitsMap(i64 0) nounwind, !map !65"   --->   Operation 40 'specbitsmap' <Predicate = true> <Delay = 0.00>
ST_1 : Operation 41 [1/1] (0.00ns)   --->   "call void (...)* @_ssdm_op_SpecTopModule([9 x i8]* @honeybee_str) nounwind"   --->   Operation 41 'spectopmodule' <Predicate = true> <Delay = 0.00>
ST_1 : Operation 42 [1/1] (0.00ns)   --->   "%edge_p2_z_read = call float @_ssdm_op_Read.ap_auto.float(float %edge_p2_z)" [src/honeybee.c:11->src/honeybee.c:141->src/honeybee.c:161]   --->   Operation 42 'read' 'edge_p2_z_read' <Predicate = true> <Delay = 0.00>
ST_1 : Operation 43 [1/1] (0.00ns)   --->   "%edge_p2_y_read = call float @_ssdm_op_Read.ap_auto.float(float %edge_p2_y)" [src/honeybee.c:11->src/honeybee.c:141->src/honeybee.c:161]   --->   Operation 43 'read' 'edge_p2_y_read' <Predicate = true> <Delay = 0.00>
ST_1 : Operation 44 [1/1] (0.00ns)   --->   "%edge_p2_x_read = call float @_ssdm_op_Read.ap_auto.float(float %edge_p2_x)" [src/honeybee.c:11->src/honeybee.c:141->src/honeybee.c:161]   --->   Operation 44 'read' 'edge_p2_x_read' <Predicate = true> <Delay = 0.00>
ST_1 : Operation 45 [1/1] (0.00ns)   --->   "%edge_p1_z_read = call float @_ssdm_op_Read.ap_auto.float(float %edge_p1_z)" [src/honeybee.c:11->src/honeybee.c:141->src/honeybee.c:161]   --->   Operation 45 'read' 'edge_p1_z_read' <Predicate = true> <Delay = 0.00>
ST_1 : Operation 46 [1/1] (0.00ns)   --->   "%edge_p1_y_read = call float @_ssdm_op_Read.ap_auto.float(float %edge_p1_y)" [src/honeybee.c:11->src/honeybee.c:141->src/honeybee.c:161]   --->   Operation 46 'read' 'edge_p1_y_read' <Predicate = true> <Delay = 0.00>
ST_1 : Operation 47 [1/1] (0.00ns)   --->   "%edge_p1_x_read = call float @_ssdm_op_Read.ap_auto.float(float %edge_p1_x)" [src/honeybee.c:11->src/honeybee.c:141->src/honeybee.c:161]   --->   Operation 47 'read' 'edge_p1_x_read' <Predicate = true> <Delay = 0.00>
ST_1 : Operation 48 [1/1] (0.00ns)   --->   "%bitcast_ln11_1 = bitcast float %edge_p1_x_read to i32" [src/honeybee.c:11->src/honeybee.c:141->src/honeybee.c:161]   --->   Operation 48 'bitcast' 'bitcast_ln11_1' <Predicate = true> <Delay = 0.00>
ST_1 : Operation 49 [1/1] (0.00ns)   --->   "%trunc_ln11 = trunc i32 %bitcast_ln11_1 to i23" [src/honeybee.c:11->src/honeybee.c:141->src/honeybee.c:161]   --->   Operation 49 'trunc' 'trunc_ln11' <Predicate = true> <Delay = 0.00>
ST_1 : Operation 50 [1/1] (2.02ns)   --->   "%icmp_ln11_3 = icmp eq i23 %trunc_ln11, 0" [src/honeybee.c:11->src/honeybee.c:141->src/honeybee.c:161]   --->   Operation 50 'icmp' 'icmp_ln11_3' <Predicate = true> <Delay = 2.02> <Core = "Cmp">   --->   Core 25 'Cmp' <Latency = 0> <II = 1> <Delay = 1.31> <FuncUnit> <Opcode : 'icmp'> <InPorts = 2> <OutPorts = 1>
ST_1 : Operation 51 [1/1] (0.00ns)   --->   "%bitcast_ln11_3 = bitcast float %edge_p1_y_read to i32" [src/honeybee.c:11->src/honeybee.c:141->src/honeybee.c:161]   --->   Operation 51 'bitcast' 'bitcast_ln11_3' <Predicate = true> <Delay = 0.00>
ST_1 : Operation 52 [1/1] (0.00ns)   --->   "%trunc_ln11_1 = trunc i32 %bitcast_ln11_3 to i23" [src/honeybee.c:11->src/honeybee.c:141->src/honeybee.c:161]   --->   Operation 52 'trunc' 'trunc_ln11_1' <Predicate = true> <Delay = 0.00>
ST_1 : Operation 53 [1/1] (2.02ns)   --->   "%icmp_ln11_6 = icmp eq i23 %trunc_ln11_1, 0" [src/honeybee.c:11->src/honeybee.c:141->src/honeybee.c:161]   --->   Operation 53 'icmp' 'icmp_ln11_6' <Predicate = true> <Delay = 2.02> <Core = "Cmp">   --->   Core 25 'Cmp' <Latency = 0> <II = 1> <Delay = 1.31> <FuncUnit> <Opcode : 'icmp'> <InPorts = 2> <OutPorts = 1>
ST_1 : Operation 54 [1/1] (0.00ns)   --->   "%bitcast_ln11_5 = bitcast float %edge_p1_z_read to i32" [src/honeybee.c:11->src/honeybee.c:141->src/honeybee.c:161]   --->   Operation 54 'bitcast' 'bitcast_ln11_5' <Predicate = true> <Delay = 0.00>
ST_1 : Operation 55 [1/1] (0.00ns)   --->   "%trunc_ln11_2 = trunc i32 %bitcast_ln11_5 to i23" [src/honeybee.c:11->src/honeybee.c:141->src/honeybee.c:161]   --->   Operation 55 'trunc' 'trunc_ln11_2' <Predicate = true> <Delay = 0.00>
ST_1 : Operation 56 [1/1] (2.02ns)   --->   "%icmp_ln11_7 = icmp eq i23 %trunc_ln11_2, 0" [src/honeybee.c:11->src/honeybee.c:141->src/honeybee.c:161]   --->   Operation 56 'icmp' 'icmp_ln11_7' <Predicate = true> <Delay = 2.02> <Core = "Cmp">   --->   Core 25 'Cmp' <Latency = 0> <II = 1> <Delay = 1.31> <FuncUnit> <Opcode : 'icmp'> <InPorts = 2> <OutPorts = 1>
ST_1 : Operation 57 [1/1] (0.00ns)   --->   "%bitcast_ln11_7 = bitcast float %edge_p2_x_read to i32" [src/honeybee.c:11->src/honeybee.c:141->src/honeybee.c:161]   --->   Operation 57 'bitcast' 'bitcast_ln11_7' <Predicate = true> <Delay = 0.00>
ST_1 : Operation 58 [1/1] (0.00ns)   --->   "%trunc_ln11_3 = trunc i32 %bitcast_ln11_7 to i23" [src/honeybee.c:11->src/honeybee.c:141->src/honeybee.c:161]   --->   Operation 58 'trunc' 'trunc_ln11_3' <Predicate = true> <Delay = 0.00>
ST_1 : Operation 59 [1/1] (2.02ns)   --->   "%icmp_ln11_11 = icmp eq i23 %trunc_ln11_3, 0" [src/honeybee.c:11->src/honeybee.c:141->src/honeybee.c:161]   --->   Operation 59 'icmp' 'icmp_ln11_11' <Predicate = true> <Delay = 2.02> <Core = "Cmp">   --->   Core 25 'Cmp' <Latency = 0> <II = 1> <Delay = 1.31> <FuncUnit> <Opcode : 'icmp'> <InPorts = 2> <OutPorts = 1>
ST_1 : Operation 60 [1/1] (0.00ns)   --->   "%bitcast_ln11_9 = bitcast float %edge_p2_y_read to i32" [src/honeybee.c:11->src/honeybee.c:141->src/honeybee.c:161]   --->   Operation 60 'bitcast' 'bitcast_ln11_9' <Predicate = true> <Delay = 0.00>
ST_1 : Operation 61 [1/1] (0.00ns)   --->   "%trunc_ln11_4 = trunc i32 %bitcast_ln11_9 to i23" [src/honeybee.c:11->src/honeybee.c:141->src/honeybee.c:161]   --->   Operation 61 'trunc' 'trunc_ln11_4' <Predicate = true> <Delay = 0.00>
ST_1 : Operation 62 [1/1] (2.02ns)   --->   "%icmp_ln11_14 = icmp eq i23 %trunc_ln11_4, 0" [src/honeybee.c:11->src/honeybee.c:141->src/honeybee.c:161]   --->   Operation 62 'icmp' 'icmp_ln11_14' <Predicate = true> <Delay = 2.02> <Core = "Cmp">   --->   Core 25 'Cmp' <Latency = 0> <II = 1> <Delay = 1.31> <FuncUnit> <Opcode : 'icmp'> <InPorts = 2> <OutPorts = 1>
ST_1 : Operation 63 [1/1] (0.00ns)   --->   "%bitcast_ln11_11 = bitcast float %edge_p2_z_read to i32" [src/honeybee.c:11->src/honeybee.c:141->src/honeybee.c:161]   --->   Operation 63 'bitcast' 'bitcast_ln11_11' <Predicate = true> <Delay = 0.00>
ST_1 : Operation 64 [1/1] (0.00ns)   --->   "%trunc_ln11_5 = trunc i32 %bitcast_ln11_11 to i23" [src/honeybee.c:11->src/honeybee.c:141->src/honeybee.c:161]   --->   Operation 64 'trunc' 'trunc_ln11_5' <Predicate = true> <Delay = 0.00>
ST_1 : Operation 65 [1/1] (2.02ns)   --->   "%icmp_ln11_15 = icmp eq i23 %trunc_ln11_5, 0" [src/honeybee.c:11->src/honeybee.c:141->src/honeybee.c:161]   --->   Operation 65 'icmp' 'icmp_ln11_15' <Predicate = true> <Delay = 2.02> <Core = "Cmp">   --->   Core 25 'Cmp' <Latency = 0> <II = 1> <Delay = 1.31> <FuncUnit> <Opcode : 'icmp'> <InPorts = 2> <OutPorts = 1>
ST_1 : Operation 66 [1/1] (0.46ns)   --->   "store i64 0, i64* %collisions_1" [src/honeybee.c:155]   --->   Operation 66 'store' <Predicate = true> <Delay = 0.46>
ST_1 : Operation 67 [1/1] (0.46ns)   --->   "br label %1" [src/honeybee.c:155]   --->   Operation 67 'br' <Predicate = true> <Delay = 0.46>

State 2 <SV = 1> <Delay = 8.08>
ST_2 : Operation 68 [1/1] (0.00ns)   --->   "%k_0 = phi i3 [ 0, %0 ], [ %k, %honeybee_label2_end ]"   --->   Operation 68 'phi' 'k_0' <Predicate = true> <Delay = 0.00>
ST_2 : Operation 69 [1/1] (0.00ns)   --->   "%b_0 = phi i7 [ 0, %0 ], [ %b, %honeybee_label2_end ]"   --->   Operation 69 'phi' 'b_0' <Predicate = true> <Delay = 0.00>
ST_2 : Operation 70 [1/1] (0.00ns)   --->   "%zext_ln155 = zext i3 %k_0 to i32" [src/honeybee.c:155]   --->   Operation 70 'zext' 'zext_ln155' <Predicate = true> <Delay = 0.00>
ST_2 : Operation 71 [1/1] (0.98ns)   --->   "%icmp_ln155 = icmp eq i3 %k_0, -4" [src/honeybee.c:155]   --->   Operation 71 'icmp' 'icmp_ln155' <Predicate = true> <Delay = 0.98> <Core = "Cmp">   --->   Core 25 'Cmp' <Latency = 0> <II = 1> <Delay = 1.31> <FuncUnit> <Opcode : 'icmp'> <InPorts = 2> <OutPorts = 1>
ST_2 : Operation 72 [1/1] (0.00ns)   --->   "%empty = call i32 (...)* @_ssdm_op_SpecLoopTripCount(i64 4, i64 4, i64 4)"   --->   Operation 72 'speclooptripcount' 'empty' <Predicate = true> <Delay = 0.00>
ST_2 : Operation 73 [1/1] (0.76ns)   --->   "%k = add i3 %k_0, 1" [src/honeybee.c:155]   --->   Operation 73 'add' 'k' <Predicate = true> <Delay = 0.76> <Core = "AddSub">   --->   Core 14 'AddSub' <Latency = 0> <II = 1> <Delay = 1.31> <FuncUnit> <Opcode : 'add' 'sub'> <InPorts = 2> <OutPorts = 1>
ST_2 : Operation 74 [1/1] (0.00ns)   --->   "br i1 %icmp_ln155, label %4, label %honeybee_label2_begin" [src/honeybee.c:155]   --->   Operation 74 'br' <Predicate = true> <Delay = 0.00>
ST_2 : Operation 75 [4/4] (8.08ns)   --->   "%grid_z = sitofp i32 %zext_ln155 to float" [src/honeybee.c:160]   --->   Operation 75 'sitofp' 'grid_z' <Predicate = (!icmp_ln155)> <Delay = 8.08> <Core = "Int2Float">   --->   Core 112 'Int2Float' <Latency = 3> <II = 1> <Delay = 8.08> <FuncUnit> <Opcode : 'sitofp' 'uitofp'> <InPorts = 1> <OutPorts = 1>
ST_2 : Operation 76 [1/1] (0.00ns)   --->   "%collisions_1_load = load i64* %collisions_1" [src/honeybee.c:168]   --->   Operation 76 'load' 'collisions_1_load' <Predicate = (icmp_ln155)> <Delay = 0.00>
ST_2 : Operation 77 [1/1] (0.00ns)   --->   "ret i64 %collisions_1_load" [src/honeybee.c:168]   --->   Operation 77 'ret' <Predicate = (icmp_ln155)> <Delay = 0.00>

State 3 <SV = 2> <Delay = 8.08>
ST_3 : Operation 78 [3/4] (8.08ns)   --->   "%grid_z = sitofp i32 %zext_ln155 to float" [src/honeybee.c:160]   --->   Operation 78 'sitofp' 'grid_z' <Predicate = true> <Delay = 8.08> <Core = "Int2Float">   --->   Core 112 'Int2Float' <Latency = 3> <II = 1> <Delay = 8.08> <FuncUnit> <Opcode : 'sitofp' 'uitofp'> <InPorts = 1> <OutPorts = 1>

State 4 <SV = 3> <Delay = 8.08>
ST_4 : Operation 79 [2/4] (8.08ns)   --->   "%grid_z = sitofp i32 %zext_ln155 to float" [src/honeybee.c:160]   --->   Operation 79 'sitofp' 'grid_z' <Predicate = true> <Delay = 8.08> <Core = "Int2Float">   --->   Core 112 'Int2Float' <Latency = 3> <II = 1> <Delay = 8.08> <FuncUnit> <Opcode : 'sitofp' 'uitofp'> <InPorts = 1> <OutPorts = 1>

State 5 <SV = 4> <Delay = 8.08>
ST_5 : Operation 80 [1/4] (8.08ns)   --->   "%grid_z = sitofp i32 %zext_ln155 to float" [src/honeybee.c:160]   --->   Operation 80 'sitofp' 'grid_z' <Predicate = true> <Delay = 8.08> <Core = "Int2Float">   --->   Core 112 'Int2Float' <Latency = 3> <II = 1> <Delay = 8.08> <FuncUnit> <Opcode : 'sitofp' 'uitofp'> <InPorts = 1> <OutPorts = 1>

State 6 <SV = 5> <Delay = 8.58>
ST_6 : Operation 81 [4/4] (8.58ns)   --->   "%p_2_i = fadd float %grid_z, 1.000000e+00" [src/honeybee.c:107->src/honeybee.c:161]   --->   Operation 81 'fadd' 'p_2_i' <Predicate = true> <Delay = 8.58> <Core = "FAddSub">   --->   Core 105 'FAddSub' <Latency = 3> <II = 1> <Delay = 8.58> <FuncUnit> <Opcode : 'fadd' 'fsub'> <InPorts = 2> <OutPorts = 1>

State 7 <SV = 6> <Delay = 8.58>
ST_7 : Operation 82 [3/4] (8.58ns)   --->   "%p_2_i = fadd float %grid_z, 1.000000e+00" [src/honeybee.c:107->src/honeybee.c:161]   --->   Operation 82 'fadd' 'p_2_i' <Predicate = true> <Delay = 8.58> <Core = "FAddSub">   --->   Core 105 'FAddSub' <Latency = 3> <II = 1> <Delay = 8.58> <FuncUnit> <Opcode : 'fadd' 'fsub'> <InPorts = 2> <OutPorts = 1>

State 8 <SV = 7> <Delay = 8.58>
ST_8 : Operation 83 [2/4] (8.58ns)   --->   "%p_2_i = fadd float %grid_z, 1.000000e+00" [src/honeybee.c:107->src/honeybee.c:161]   --->   Operation 83 'fadd' 'p_2_i' <Predicate = true> <Delay = 8.58> <Core = "FAddSub">   --->   Core 105 'FAddSub' <Latency = 3> <II = 1> <Delay = 8.58> <FuncUnit> <Opcode : 'fadd' 'fsub'> <InPorts = 2> <OutPorts = 1>

State 9 <SV = 8> <Delay = 8.58>
ST_9 : Operation 84 [1/4] (8.58ns)   --->   "%p_2_i = fadd float %grid_z, 1.000000e+00" [src/honeybee.c:107->src/honeybee.c:161]   --->   Operation 84 'fadd' 'p_2_i' <Predicate = true> <Delay = 8.58> <Core = "FAddSub">   --->   Core 105 'FAddSub' <Latency = 3> <II = 1> <Delay = 8.58> <FuncUnit> <Opcode : 'fadd' 'fsub'> <InPorts = 2> <OutPorts = 1>

State 10 <SV = 9> <Delay = 4.19>
ST_10 : Operation 85 [2/2] (4.19ns)   --->   "%tmp_s = fcmp ole float %grid_z, %edge_p1_z_read" [src/honeybee.c:11->src/honeybee.c:141->src/honeybee.c:161]   --->   Operation 85 'fcmp' 'tmp_s' <Predicate = true> <Delay = 4.19> <Core = "FCmp">   --->   Core 111 'FCmp' <Latency = 1> <II = 1> <Delay = 4.19> <FuncUnit> <Opcode : 'fcmp'> <InPorts = 2> <OutPorts = 1>
ST_10 : Operation 86 [2/2] (4.19ns)   --->   "%tmp_34 = fcmp oge float %p_2_i, %edge_p1_z_read" [src/honeybee.c:11->src/honeybee.c:141->src/honeybee.c:161]   --->   Operation 86 'fcmp' 'tmp_34' <Predicate = true> <Delay = 4.19> <Core = "FCmp">   --->   Core 111 'FCmp' <Latency = 1> <II = 1> <Delay = 4.19> <FuncUnit> <Opcode : 'fcmp'> <InPorts = 2> <OutPorts = 1>
ST_10 : Operation 87 [2/2] (4.19ns)   --->   "%tmp_35 = fcmp ole float %grid_z, %edge_p2_z_read" [src/honeybee.c:11->src/honeybee.c:141->src/honeybee.c:161]   --->   Operation 87 'fcmp' 'tmp_35' <Predicate = true> <Delay = 4.19> <Core = "FCmp">   --->   Core 111 'FCmp' <Latency = 1> <II = 1> <Delay = 4.19> <FuncUnit> <Opcode : 'fcmp'> <InPorts = 2> <OutPorts = 1>
ST_10 : Operation 88 [2/2] (4.19ns)   --->   "%tmp_36 = fcmp oge float %p_2_i, %edge_p2_z_read" [src/honeybee.c:11->src/honeybee.c:141->src/honeybee.c:161]   --->   Operation 88 'fcmp' 'tmp_36' <Predicate = true> <Delay = 4.19> <Core = "FCmp">   --->   Core 111 'FCmp' <Latency = 1> <II = 1> <Delay = 4.19> <FuncUnit> <Opcode : 'fcmp'> <InPorts = 2> <OutPorts = 1>

State 11 <SV = 10> <Delay = 4.19>
ST_11 : Operation 89 [1/1] (0.00ns)   --->   "call void (...)* @_ssdm_op_SpecLoopName([16 x i8]* @p_str) nounwind" [src/honeybee.c:155]   --->   Operation 89 'specloopname' <Predicate = true> <Delay = 0.00>
ST_11 : Operation 90 [1/1] (0.00ns)   --->   "%tmp = call i32 (...)* @_ssdm_op_SpecRegionBegin([16 x i8]* @p_str)" [src/honeybee.c:155]   --->   Operation 90 'specregionbegin' 'tmp' <Predicate = true> <Delay = 0.00>
ST_11 : Operation 91 [1/1] (1.31ns)   --->   "%b = add i7 16, %b_0" [src/honeybee.c:164]   --->   Operation 91 'add' 'b' <Predicate = true> <Delay = 1.31> <Core = "AddSub">   --->   Core 14 'AddSub' <Latency = 0> <II = 1> <Delay = 1.31> <FuncUnit> <Opcode : 'add' 'sub'> <InPorts = 2> <OutPorts = 1>
ST_11 : Operation 92 [1/1] (0.00ns)   --->   "%bitcast_ln11_8 = bitcast float %grid_z to i32" [src/honeybee.c:11->src/honeybee.c:141->src/honeybee.c:161]   --->   Operation 92 'bitcast' 'bitcast_ln11_8' <Predicate = true> <Delay = 0.00>
ST_11 : Operation 93 [1/1] (0.00ns)   --->   "%trunc_ln11_6 = trunc i32 %bitcast_ln11_8 to i23" [src/honeybee.c:11->src/honeybee.c:141->src/honeybee.c:161]   --->   Operation 93 'trunc' 'trunc_ln11_6' <Predicate = true> <Delay = 0.00>
ST_11 : Operation 94 [1/1] (2.02ns)   --->   "%icmp_ln11_17 = icmp eq i23 %trunc_ln11_6, 0" [src/honeybee.c:11->src/honeybee.c:141->src/honeybee.c:161]   --->   Operation 94 'icmp' 'icmp_ln11_17' <Predicate = true> <Delay = 2.02> <Core = "Cmp">   --->   Core 25 'Cmp' <Latency = 0> <II = 1> <Delay = 1.31> <FuncUnit> <Opcode : 'icmp'> <InPorts = 2> <OutPorts = 1>
ST_11 : Operation 95 [1/2] (4.19ns)   --->   "%tmp_s = fcmp ole float %grid_z, %edge_p1_z_read" [src/honeybee.c:11->src/honeybee.c:141->src/honeybee.c:161]   --->   Operation 95 'fcmp' 'tmp_s' <Predicate = true> <Delay = 4.19> <Core = "FCmp">   --->   Core 111 'FCmp' <Latency = 1> <II = 1> <Delay = 4.19> <FuncUnit> <Opcode : 'fcmp'> <InPorts = 2> <OutPorts = 1>
ST_11 : Operation 96 [1/1] (0.00ns)   --->   "%bitcast_ln11_10 = bitcast float %p_2_i to i32" [src/honeybee.c:11->src/honeybee.c:141->src/honeybee.c:161]   --->   Operation 96 'bitcast' 'bitcast_ln11_10' <Predicate = true> <Delay = 0.00>
ST_11 : Operation 97 [1/1] (0.00ns)   --->   "%trunc_ln11_7 = trunc i32 %bitcast_ln11_10 to i23" [src/honeybee.c:11->src/honeybee.c:141->src/honeybee.c:161]   --->   Operation 97 'trunc' 'trunc_ln11_7' <Predicate = true> <Delay = 0.00>
ST_11 : Operation 98 [1/1] (2.02ns)   --->   "%icmp_ln11_19 = icmp eq i23 %trunc_ln11_7, 0" [src/honeybee.c:11->src/honeybee.c:141->src/honeybee.c:161]   --->   Operation 98 'icmp' 'icmp_ln11_19' <Predicate = true> <Delay = 2.02> <Core = "Cmp">   --->   Core 25 'Cmp' <Latency = 0> <II = 1> <Delay = 1.31> <FuncUnit> <Opcode : 'icmp'> <InPorts = 2> <OutPorts = 1>
ST_11 : Operation 99 [1/2] (4.19ns)   --->   "%tmp_34 = fcmp oge float %p_2_i, %edge_p1_z_read" [src/honeybee.c:11->src/honeybee.c:141->src/honeybee.c:161]   --->   Operation 99 'fcmp' 'tmp_34' <Predicate = true> <Delay = 4.19> <Core = "FCmp">   --->   Core 111 'FCmp' <Latency = 1> <II = 1> <Delay = 4.19> <FuncUnit> <Opcode : 'fcmp'> <InPorts = 2> <OutPorts = 1>
ST_11 : Operation 100 [1/2] (4.19ns)   --->   "%tmp_35 = fcmp ole float %grid_z, %edge_p2_z_read" [src/honeybee.c:11->src/honeybee.c:141->src/honeybee.c:161]   --->   Operation 100 'fcmp' 'tmp_35' <Predicate = true> <Delay = 4.19> <Core = "FCmp">   --->   Core 111 'FCmp' <Latency = 1> <II = 1> <Delay = 4.19> <FuncUnit> <Opcode : 'fcmp'> <InPorts = 2> <OutPorts = 1>
ST_11 : Operation 101 [1/2] (4.19ns)   --->   "%tmp_36 = fcmp oge float %p_2_i, %edge_p2_z_read" [src/honeybee.c:11->src/honeybee.c:141->src/honeybee.c:161]   --->   Operation 101 'fcmp' 'tmp_36' <Predicate = true> <Delay = 4.19> <Core = "FCmp">   --->   Core 111 'FCmp' <Latency = 1> <II = 1> <Delay = 4.19> <FuncUnit> <Opcode : 'fcmp'> <InPorts = 2> <OutPorts = 1>
ST_11 : Operation 102 [1/1] (0.46ns)   --->   "br label %2" [src/honeybee.c:156]   --->   Operation 102 'br' <Predicate = true> <Delay = 0.46>

State 12 <SV = 11> <Delay = 8.08>
ST_12 : Operation 103 [1/1] (0.00ns)   --->   "%j_0 = phi i3 [ 0, %honeybee_label2_begin ], [ %j, %honeybee_label1_end ]"   --->   Operation 103 'phi' 'j_0' <Predicate = true> <Delay = 0.00>
ST_12 : Operation 104 [1/1] (0.00ns)   --->   "%b_1 = phi i7 [ %b_0, %honeybee_label2_begin ], [ %add_ln164, %honeybee_label1_end ]" [src/honeybee.c:164]   --->   Operation 104 'phi' 'b_1' <Predicate = true> <Delay = 0.00>
ST_12 : Operation 105 [1/1] (0.00ns)   --->   "%zext_ln156 = zext i3 %j_0 to i32" [src/honeybee.c:156]   --->   Operation 105 'zext' 'zext_ln156' <Predicate = true> <Delay = 0.00>
ST_12 : Operation 106 [1/1] (0.98ns)   --->   "%icmp_ln156 = icmp eq i3 %j_0, -4" [src/honeybee.c:156]   --->   Operation 106 'icmp' 'icmp_ln156' <Predicate = true> <Delay = 0.98> <Core = "Cmp">   --->   Core 25 'Cmp' <Latency = 0> <II = 1> <Delay = 1.31> <FuncUnit> <Opcode : 'icmp'> <InPorts = 2> <OutPorts = 1>
ST_12 : Operation 107 [1/1] (0.00ns)   --->   "%empty_8 = call i32 (...)* @_ssdm_op_SpecLoopTripCount(i64 4, i64 4, i64 4)"   --->   Operation 107 'speclooptripcount' 'empty_8' <Predicate = true> <Delay = 0.00>
ST_12 : Operation 108 [1/1] (0.76ns)   --->   "%j = add i3 %j_0, 1" [src/honeybee.c:156]   --->   Operation 108 'add' 'j' <Predicate = true> <Delay = 0.76> <Core = "AddSub">   --->   Core 14 'AddSub' <Latency = 0> <II = 1> <Delay = 1.31> <FuncUnit> <Opcode : 'add' 'sub'> <InPorts = 2> <OutPorts = 1>
ST_12 : Operation 109 [1/1] (0.00ns)   --->   "br i1 %icmp_ln156, label %honeybee_label2_end, label %honeybee_label1_begin" [src/honeybee.c:156]   --->   Operation 109 'br' <Predicate = true> <Delay = 0.00>
ST_12 : Operation 110 [4/4] (8.08ns)   --->   "%grid_y = sitofp i32 %zext_ln156 to float" [src/honeybee.c:160]   --->   Operation 110 'sitofp' 'grid_y' <Predicate = (!icmp_ln156)> <Delay = 8.08> <Core = "Int2Float">   --->   Core 112 'Int2Float' <Latency = 3> <II = 1> <Delay = 8.08> <FuncUnit> <Opcode : 'sitofp' 'uitofp'> <InPorts = 1> <OutPorts = 1>
ST_12 : Operation 111 [1/1] (0.00ns)   --->   "%empty_11 = call i32 (...)* @_ssdm_op_SpecRegionEnd([16 x i8]* @p_str, i32 %tmp)" [src/honeybee.c:167]   --->   Operation 111 'specregionend' 'empty_11' <Predicate = (icmp_ln156)> <Delay = 0.00>
ST_12 : Operation 112 [1/1] (0.00ns)   --->   "br label %1" [src/honeybee.c:155]   --->   Operation 112 'br' <Predicate = (icmp_ln156)> <Delay = 0.00>

State 13 <SV = 12> <Delay = 8.08>
ST_13 : Operation 113 [3/4] (8.08ns)   --->   "%grid_y = sitofp i32 %zext_ln156 to float" [src/honeybee.c:160]   --->   Operation 113 'sitofp' 'grid_y' <Predicate = true> <Delay = 8.08> <Core = "Int2Float">   --->   Core 112 'Int2Float' <Latency = 3> <II = 1> <Delay = 8.08> <FuncUnit> <Opcode : 'sitofp' 'uitofp'> <InPorts = 1> <OutPorts = 1>

State 14 <SV = 13> <Delay = 8.08>
ST_14 : Operation 114 [2/4] (8.08ns)   --->   "%grid_y = sitofp i32 %zext_ln156 to float" [src/honeybee.c:160]   --->   Operation 114 'sitofp' 'grid_y' <Predicate = true> <Delay = 8.08> <Core = "Int2Float">   --->   Core 112 'Int2Float' <Latency = 3> <II = 1> <Delay = 8.08> <FuncUnit> <Opcode : 'sitofp' 'uitofp'> <InPorts = 1> <OutPorts = 1>

State 15 <SV = 14> <Delay = 8.08>
ST_15 : Operation 115 [1/4] (8.08ns)   --->   "%grid_y = sitofp i32 %zext_ln156 to float" [src/honeybee.c:160]   --->   Operation 115 'sitofp' 'grid_y' <Predicate = true> <Delay = 8.08> <Core = "Int2Float">   --->   Core 112 'Int2Float' <Latency = 3> <II = 1> <Delay = 8.08> <FuncUnit> <Opcode : 'sitofp' 'uitofp'> <InPorts = 1> <OutPorts = 1>

State 16 <SV = 15> <Delay = 8.58>
ST_16 : Operation 116 [4/4] (8.58ns)   --->   "%p_i = fadd float %grid_y, 1.000000e+00" [src/honeybee.c:117->src/honeybee.c:161]   --->   Operation 116 'fadd' 'p_i' <Predicate = true> <Delay = 8.58> <Core = "FAddSub">   --->   Core 105 'FAddSub' <Latency = 3> <II = 1> <Delay = 8.58> <FuncUnit> <Opcode : 'fadd' 'fsub'> <InPorts = 2> <OutPorts = 1>

State 17 <SV = 16> <Delay = 8.58>
ST_17 : Operation 117 [3/4] (8.58ns)   --->   "%p_i = fadd float %grid_y, 1.000000e+00" [src/honeybee.c:117->src/honeybee.c:161]   --->   Operation 117 'fadd' 'p_i' <Predicate = true> <Delay = 8.58> <Core = "FAddSub">   --->   Core 105 'FAddSub' <Latency = 3> <II = 1> <Delay = 8.58> <FuncUnit> <Opcode : 'fadd' 'fsub'> <InPorts = 2> <OutPorts = 1>

State 18 <SV = 17> <Delay = 8.58>
ST_18 : Operation 118 [2/4] (8.58ns)   --->   "%p_i = fadd float %grid_y, 1.000000e+00" [src/honeybee.c:117->src/honeybee.c:161]   --->   Operation 118 'fadd' 'p_i' <Predicate = true> <Delay = 8.58> <Core = "FAddSub">   --->   Core 105 'FAddSub' <Latency = 3> <II = 1> <Delay = 8.58> <FuncUnit> <Opcode : 'fadd' 'fsub'> <InPorts = 2> <OutPorts = 1>

State 19 <SV = 18> <Delay = 8.58>
ST_19 : Operation 119 [1/4] (8.58ns)   --->   "%p_i = fadd float %grid_y, 1.000000e+00" [src/honeybee.c:117->src/honeybee.c:161]   --->   Operation 119 'fadd' 'p_i' <Predicate = true> <Delay = 8.58> <Core = "FAddSub">   --->   Core 105 'FAddSub' <Latency = 3> <II = 1> <Delay = 8.58> <FuncUnit> <Opcode : 'fadd' 'fsub'> <InPorts = 2> <OutPorts = 1>

State 20 <SV = 19> <Delay = 4.19>
ST_20 : Operation 120 [2/2] (4.19ns)   --->   "%tmp_37 = fcmp ole float %grid_y, %edge_p1_y_read" [src/honeybee.c:11->src/honeybee.c:141->src/honeybee.c:161]   --->   Operation 120 'fcmp' 'tmp_37' <Predicate = true> <Delay = 4.19> <Core = "FCmp">   --->   Core 111 'FCmp' <Latency = 1> <II = 1> <Delay = 4.19> <FuncUnit> <Opcode : 'fcmp'> <InPorts = 2> <OutPorts = 1>
ST_20 : Operation 121 [2/2] (4.19ns)   --->   "%tmp_38 = fcmp oge float %p_i, %edge_p1_y_read" [src/honeybee.c:11->src/honeybee.c:141->src/honeybee.c:161]   --->   Operation 121 'fcmp' 'tmp_38' <Predicate = true> <Delay = 4.19> <Core = "FCmp">   --->   Core 111 'FCmp' <Latency = 1> <II = 1> <Delay = 4.19> <FuncUnit> <Opcode : 'fcmp'> <InPorts = 2> <OutPorts = 1>
ST_20 : Operation 122 [2/2] (4.19ns)   --->   "%tmp_39 = fcmp ole float %grid_y, %edge_p2_y_read" [src/honeybee.c:11->src/honeybee.c:141->src/honeybee.c:161]   --->   Operation 122 'fcmp' 'tmp_39' <Predicate = true> <Delay = 4.19> <Core = "FCmp">   --->   Core 111 'FCmp' <Latency = 1> <II = 1> <Delay = 4.19> <FuncUnit> <Opcode : 'fcmp'> <InPorts = 2> <OutPorts = 1>
ST_20 : Operation 123 [2/2] (4.19ns)   --->   "%tmp_40 = fcmp oge float %p_i, %edge_p2_y_read" [src/honeybee.c:11->src/honeybee.c:141->src/honeybee.c:161]   --->   Operation 123 'fcmp' 'tmp_40' <Predicate = true> <Delay = 4.19> <Core = "FCmp">   --->   Core 111 'FCmp' <Latency = 1> <II = 1> <Delay = 4.19> <FuncUnit> <Opcode : 'fcmp'> <InPorts = 2> <OutPorts = 1>

State 21 <SV = 20> <Delay = 4.19>
ST_21 : Operation 124 [1/1] (0.00ns)   --->   "call void (...)* @_ssdm_op_SpecLoopName([16 x i8]* @p_str1) nounwind" [src/honeybee.c:156]   --->   Operation 124 'specloopname' <Predicate = true> <Delay = 0.00>
ST_21 : Operation 125 [1/1] (0.00ns)   --->   "%tmp_1 = call i32 (...)* @_ssdm_op_SpecRegionBegin([16 x i8]* @p_str1)" [src/honeybee.c:156]   --->   Operation 125 'specregionbegin' 'tmp_1' <Predicate = true> <Delay = 0.00>
ST_21 : Operation 126 [1/1] (1.31ns)   --->   "%add_ln164 = add i7 4, %b_1" [src/honeybee.c:164]   --->   Operation 126 'add' 'add_ln164' <Predicate = true> <Delay = 1.31> <Core = "AddSub">   --->   Core 14 'AddSub' <Latency = 0> <II = 1> <Delay = 1.31> <FuncUnit> <Opcode : 'add' 'sub'> <InPorts = 2> <OutPorts = 1>
ST_21 : Operation 127 [1/1] (0.00ns)   --->   "%bitcast_ln11_4 = bitcast float %grid_y to i32" [src/honeybee.c:11->src/honeybee.c:141->src/honeybee.c:161]   --->   Operation 127 'bitcast' 'bitcast_ln11_4' <Predicate = true> <Delay = 0.00>
ST_21 : Operation 128 [1/1] (0.00ns)   --->   "%trunc_ln11_8 = trunc i32 %bitcast_ln11_4 to i23" [src/honeybee.c:11->src/honeybee.c:141->src/honeybee.c:161]   --->   Operation 128 'trunc' 'trunc_ln11_8' <Predicate = true> <Delay = 0.00>
ST_21 : Operation 129 [1/1] (2.02ns)   --->   "%icmp_ln11_9 = icmp eq i23 %trunc_ln11_8, 0" [src/honeybee.c:11->src/honeybee.c:141->src/honeybee.c:161]   --->   Operation 129 'icmp' 'icmp_ln11_9' <Predicate = true> <Delay = 2.02> <Core = "Cmp">   --->   Core 25 'Cmp' <Latency = 0> <II = 1> <Delay = 1.31> <FuncUnit> <Opcode : 'icmp'> <InPorts = 2> <OutPorts = 1>
ST_21 : Operation 130 [1/2] (4.19ns)   --->   "%tmp_37 = fcmp ole float %grid_y, %edge_p1_y_read" [src/honeybee.c:11->src/honeybee.c:141->src/honeybee.c:161]   --->   Operation 130 'fcmp' 'tmp_37' <Predicate = true> <Delay = 4.19> <Core = "FCmp">   --->   Core 111 'FCmp' <Latency = 1> <II = 1> <Delay = 4.19> <FuncUnit> <Opcode : 'fcmp'> <InPorts = 2> <OutPorts = 1>
ST_21 : Operation 131 [1/1] (0.00ns)   --->   "%bitcast_ln11_6 = bitcast float %p_i to i32" [src/honeybee.c:11->src/honeybee.c:141->src/honeybee.c:161]   --->   Operation 131 'bitcast' 'bitcast_ln11_6' <Predicate = true> <Delay = 0.00>
ST_21 : Operation 132 [1/1] (0.00ns)   --->   "%trunc_ln11_9 = trunc i32 %bitcast_ln11_6 to i23" [src/honeybee.c:11->src/honeybee.c:141->src/honeybee.c:161]   --->   Operation 132 'trunc' 'trunc_ln11_9' <Predicate = true> <Delay = 0.00>
ST_21 : Operation 133 [1/1] (2.02ns)   --->   "%icmp_ln11_13 = icmp eq i23 %trunc_ln11_9, 0" [src/honeybee.c:11->src/honeybee.c:141->src/honeybee.c:161]   --->   Operation 133 'icmp' 'icmp_ln11_13' <Predicate = true> <Delay = 2.02> <Core = "Cmp">   --->   Core 25 'Cmp' <Latency = 0> <II = 1> <Delay = 1.31> <FuncUnit> <Opcode : 'icmp'> <InPorts = 2> <OutPorts = 1>
ST_21 : Operation 134 [1/2] (4.19ns)   --->   "%tmp_38 = fcmp oge float %p_i, %edge_p1_y_read" [src/honeybee.c:11->src/honeybee.c:141->src/honeybee.c:161]   --->   Operation 134 'fcmp' 'tmp_38' <Predicate = true> <Delay = 4.19> <Core = "FCmp">   --->   Core 111 'FCmp' <Latency = 1> <II = 1> <Delay = 4.19> <FuncUnit> <Opcode : 'fcmp'> <InPorts = 2> <OutPorts = 1>
ST_21 : Operation 135 [1/2] (4.19ns)   --->   "%tmp_39 = fcmp ole float %grid_y, %edge_p2_y_read" [src/honeybee.c:11->src/honeybee.c:141->src/honeybee.c:161]   --->   Operation 135 'fcmp' 'tmp_39' <Predicate = true> <Delay = 4.19> <Core = "FCmp">   --->   Core 111 'FCmp' <Latency = 1> <II = 1> <Delay = 4.19> <FuncUnit> <Opcode : 'fcmp'> <InPorts = 2> <OutPorts = 1>
ST_21 : Operation 136 [1/2] (4.19ns)   --->   "%tmp_40 = fcmp oge float %p_i, %edge_p2_y_read" [src/honeybee.c:11->src/honeybee.c:141->src/honeybee.c:161]   --->   Operation 136 'fcmp' 'tmp_40' <Predicate = true> <Delay = 4.19> <Core = "FCmp">   --->   Core 111 'FCmp' <Latency = 1> <II = 1> <Delay = 4.19> <FuncUnit> <Opcode : 'fcmp'> <InPorts = 2> <OutPorts = 1>
ST_21 : Operation 137 [1/1] (0.46ns)   --->   "br label %3" [src/honeybee.c:157]   --->   Operation 137 'br' <Predicate = true> <Delay = 0.46>

State 22 <SV = 21> <Delay = 8.08>
ST_22 : Operation 138 [1/1] (0.00ns)   --->   "%i_0 = phi i3 [ 0, %honeybee_label1_begin ], [ %i, %_ifconv ]"   --->   Operation 138 'phi' 'i_0' <Predicate = true> <Delay = 0.00>
ST_22 : Operation 139 [1/1] (0.00ns)   --->   "%b_2 = phi i7 [ %b_1, %honeybee_label1_begin ], [ %add_ln164_1, %_ifconv ]" [src/honeybee.c:164]   --->   Operation 139 'phi' 'b_2' <Predicate = true> <Delay = 0.00>
ST_22 : Operation 140 [1/1] (0.00ns)   --->   "%zext_ln157 = zext i3 %i_0 to i32" [src/honeybee.c:157]   --->   Operation 140 'zext' 'zext_ln157' <Predicate = true> <Delay = 0.00>
ST_22 : Operation 141 [1/1] (0.98ns)   --->   "%icmp_ln157 = icmp eq i3 %i_0, -4" [src/honeybee.c:157]   --->   Operation 141 'icmp' 'icmp_ln157' <Predicate = true> <Delay = 0.98> <Core = "Cmp">   --->   Core 25 'Cmp' <Latency = 0> <II = 1> <Delay = 1.31> <FuncUnit> <Opcode : 'icmp'> <InPorts = 2> <OutPorts = 1>
ST_22 : Operation 142 [1/1] (0.00ns)   --->   "%empty_9 = call i32 (...)* @_ssdm_op_SpecLoopTripCount(i64 4, i64 4, i64 4)"   --->   Operation 142 'speclooptripcount' 'empty_9' <Predicate = true> <Delay = 0.00>
ST_22 : Operation 143 [1/1] (0.76ns)   --->   "%i = add i3 %i_0, 1" [src/honeybee.c:157]   --->   Operation 143 'add' 'i' <Predicate = true> <Delay = 0.76> <Core = "AddSub">   --->   Core 14 'AddSub' <Latency = 0> <II = 1> <Delay = 1.31> <FuncUnit> <Opcode : 'add' 'sub'> <InPorts = 2> <OutPorts = 1>
ST_22 : Operation 144 [1/1] (0.00ns)   --->   "br i1 %icmp_ln157, label %honeybee_label1_end, label %_ifconv" [src/honeybee.c:157]   --->   Operation 144 'br' <Predicate = true> <Delay = 0.00>
ST_22 : Operation 145 [4/4] (8.08ns)   --->   "%grid_x = sitofp i32 %zext_ln157 to float" [src/honeybee.c:160]   --->   Operation 145 'sitofp' 'grid_x' <Predicate = (!icmp_ln157)> <Delay = 8.08> <Core = "Int2Float">   --->   Core 112 'Int2Float' <Latency = 3> <II = 1> <Delay = 8.08> <FuncUnit> <Opcode : 'sitofp' 'uitofp'> <InPorts = 1> <OutPorts = 1>
ST_22 : Operation 146 [1/1] (0.00ns)   --->   "%tmp_42 = call i8 @_ssdm_op_PartSelect.i8.i32.i32.i32(i32 %bitcast_ln11_1, i32 23, i32 30)" [src/honeybee.c:11->src/honeybee.c:141->src/honeybee.c:161]   --->   Operation 146 'partselect' 'tmp_42' <Predicate = (!icmp_ln157)> <Delay = 0.00>
ST_22 : Operation 147 [1/1] (1.31ns)   --->   "%icmp_ln11_2 = icmp ne i8 %tmp_42, -1" [src/honeybee.c:11->src/honeybee.c:141->src/honeybee.c:161]   --->   Operation 147 'icmp' 'icmp_ln11_2' <Predicate = (!icmp_ln157)> <Delay = 1.31> <Core = "Cmp">   --->   Core 25 'Cmp' <Latency = 0> <II = 1> <Delay = 1.31> <FuncUnit> <Opcode : 'icmp'> <InPorts = 2> <OutPorts = 1>
ST_22 : Operation 148 [1/1] (0.80ns)   --->   "%or_ln11_1 = or i1 %icmp_ln11_3, %icmp_ln11_2" [src/honeybee.c:11->src/honeybee.c:141->src/honeybee.c:161]   --->   Operation 148 'or' 'or_ln11_1' <Predicate = (!icmp_ln157)> <Delay = 0.80> <Core = "LogicGate">   --->   Core 27 'LogicGate' <Latency = 0> <II = 1> <Delay = 0.80> <FuncUnit> <Opcode : 'and' 'or' 'xor'> <InPorts = 2> <OutPorts = 1>
ST_22 : Operation 149 [1/1] (0.00ns)   --->   "%tmp_46 = call i8 @_ssdm_op_PartSelect.i8.i32.i32.i32(i32 %bitcast_ln11_4, i32 23, i32 30)" [src/honeybee.c:11->src/honeybee.c:141->src/honeybee.c:161]   --->   Operation 149 'partselect' 'tmp_46' <Predicate = (!icmp_ln157)> <Delay = 0.00>
ST_22 : Operation 150 [1/1] (0.00ns)   --->   "%tmp_47 = call i8 @_ssdm_op_PartSelect.i8.i32.i32.i32(i32 %bitcast_ln11_3, i32 23, i32 30)" [src/honeybee.c:11->src/honeybee.c:141->src/honeybee.c:161]   --->   Operation 150 'partselect' 'tmp_47' <Predicate = (!icmp_ln157)> <Delay = 0.00>
ST_22 : Operation 151 [1/1] (1.31ns)   --->   "%icmp_ln11_8 = icmp ne i8 %tmp_46, -1" [src/honeybee.c:11->src/honeybee.c:141->src/honeybee.c:161]   --->   Operation 151 'icmp' 'icmp_ln11_8' <Predicate = (!icmp_ln157)> <Delay = 1.31> <Core = "Cmp">   --->   Core 25 'Cmp' <Latency = 0> <II = 1> <Delay = 1.31> <FuncUnit> <Opcode : 'icmp'> <InPorts = 2> <OutPorts = 1>
ST_22 : Operation 152 [1/1] (0.80ns)   --->   "%or_ln11_3 = or i1 %icmp_ln11_9, %icmp_ln11_8" [src/honeybee.c:11->src/honeybee.c:141->src/honeybee.c:161]   --->   Operation 152 'or' 'or_ln11_3' <Predicate = (!icmp_ln157)> <Delay = 0.80> <Core = "LogicGate">   --->   Core 27 'LogicGate' <Latency = 0> <II = 1> <Delay = 0.80> <FuncUnit> <Opcode : 'and' 'or' 'xor'> <InPorts = 2> <OutPorts = 1>
ST_22 : Operation 153 [1/1] (1.31ns)   --->   "%icmp_ln11_10 = icmp ne i8 %tmp_47, -1" [src/honeybee.c:11->src/honeybee.c:141->src/honeybee.c:161]   --->   Operation 153 'icmp' 'icmp_ln11_10' <Predicate = (!icmp_ln157)> <Delay = 1.31> <Core = "Cmp">   --->   Core 25 'Cmp' <Latency = 0> <II = 1> <Delay = 1.31> <FuncUnit> <Opcode : 'icmp'> <InPorts = 2> <OutPorts = 1>
ST_22 : Operation 154 [1/1] (0.80ns)   --->   "%or_ln11_4 = or i1 %icmp_ln11_6, %icmp_ln11_10" [src/honeybee.c:11->src/honeybee.c:141->src/honeybee.c:161]   --->   Operation 154 'or' 'or_ln11_4' <Predicate = (!icmp_ln157)> <Delay = 0.80> <Core = "LogicGate">   --->   Core 27 'LogicGate' <Latency = 0> <II = 1> <Delay = 0.80> <FuncUnit> <Opcode : 'and' 'or' 'xor'> <InPorts = 2> <OutPorts = 1>
ST_22 : Operation 155 [1/1] (0.00ns)   --->   "%tmp_48 = call i8 @_ssdm_op_PartSelect.i8.i32.i32.i32(i32 %bitcast_ln11_6, i32 23, i32 30)" [src/honeybee.c:11->src/honeybee.c:141->src/honeybee.c:161]   --->   Operation 155 'partselect' 'tmp_48' <Predicate = (!icmp_ln157)> <Delay = 0.00>
ST_22 : Operation 156 [1/1] (1.31ns)   --->   "%icmp_ln11_12 = icmp ne i8 %tmp_48, -1" [src/honeybee.c:11->src/honeybee.c:141->src/honeybee.c:161]   --->   Operation 156 'icmp' 'icmp_ln11_12' <Predicate = (!icmp_ln157)> <Delay = 1.31> <Core = "Cmp">   --->   Core 25 'Cmp' <Latency = 0> <II = 1> <Delay = 1.31> <FuncUnit> <Opcode : 'icmp'> <InPorts = 2> <OutPorts = 1>
ST_22 : Operation 157 [1/1] (0.80ns)   --->   "%or_ln11_5 = or i1 %icmp_ln11_13, %icmp_ln11_12" [src/honeybee.c:11->src/honeybee.c:141->src/honeybee.c:161]   --->   Operation 157 'or' 'or_ln11_5' <Predicate = (!icmp_ln157)> <Delay = 0.80> <Core = "LogicGate">   --->   Core 27 'LogicGate' <Latency = 0> <II = 1> <Delay = 0.80> <FuncUnit> <Opcode : 'and' 'or' 'xor'> <InPorts = 2> <OutPorts = 1>
ST_22 : Operation 158 [1/1] (0.00ns) (grouped into LUT with out node and_ln141_1)   --->   "%and_ln11_6 = and i1 %or_ln11_5, %or_ln11_4" [src/honeybee.c:11->src/honeybee.c:141->src/honeybee.c:161]   --->   Operation 158 'and' 'and_ln11_6' <Predicate = (!icmp_ln157)> <Delay = 0.00> <Core = "LogicGate">   --->   Core 27 'LogicGate' <Latency = 0> <II = 1> <Delay = 0.80> <FuncUnit> <Opcode : 'and' 'or' 'xor'> <InPorts = 2> <OutPorts = 1>
ST_22 : Operation 159 [1/1] (0.00ns) (grouped into LUT with out node and_ln141_1)   --->   "%and_ln11_7 = and i1 %and_ln11_6, %tmp_38" [src/honeybee.c:11->src/honeybee.c:141->src/honeybee.c:161]   --->   Operation 159 'and' 'and_ln11_7' <Predicate = (!icmp_ln157)> <Delay = 0.00> <Core = "LogicGate">   --->   Core 27 'LogicGate' <Latency = 0> <II = 1> <Delay = 0.80> <FuncUnit> <Opcode : 'and' 'or' 'xor'> <InPorts = 2> <OutPorts = 1>
ST_22 : Operation 160 [1/1] (0.00ns)   --->   "%tmp_49 = call i8 @_ssdm_op_PartSelect.i8.i32.i32.i32(i32 %bitcast_ln11_8, i32 23, i32 30)" [src/honeybee.c:11->src/honeybee.c:141->src/honeybee.c:161]   --->   Operation 160 'partselect' 'tmp_49' <Predicate = (!icmp_ln157)> <Delay = 0.00>
ST_22 : Operation 161 [1/1] (0.00ns)   --->   "%tmp_50 = call i8 @_ssdm_op_PartSelect.i8.i32.i32.i32(i32 %bitcast_ln11_5, i32 23, i32 30)" [src/honeybee.c:11->src/honeybee.c:141->src/honeybee.c:161]   --->   Operation 161 'partselect' 'tmp_50' <Predicate = (!icmp_ln157)> <Delay = 0.00>
ST_22 : Operation 162 [1/1] (1.31ns)   --->   "%icmp_ln11_16 = icmp ne i8 %tmp_49, -1" [src/honeybee.c:11->src/honeybee.c:141->src/honeybee.c:161]   --->   Operation 162 'icmp' 'icmp_ln11_16' <Predicate = (!icmp_ln157)> <Delay = 1.31> <Core = "Cmp">   --->   Core 25 'Cmp' <Latency = 0> <II = 1> <Delay = 1.31> <FuncUnit> <Opcode : 'icmp'> <InPorts = 2> <OutPorts = 1>
ST_22 : Operation 163 [1/1] (0.80ns)   --->   "%or_ln11_6 = or i1 %icmp_ln11_17, %icmp_ln11_16" [src/honeybee.c:11->src/honeybee.c:141->src/honeybee.c:161]   --->   Operation 163 'or' 'or_ln11_6' <Predicate = (!icmp_ln157)> <Delay = 0.80> <Core = "LogicGate">   --->   Core 27 'LogicGate' <Latency = 0> <II = 1> <Delay = 0.80> <FuncUnit> <Opcode : 'and' 'or' 'xor'> <InPorts = 2> <OutPorts = 1>
ST_22 : Operation 164 [1/1] (1.31ns)   --->   "%icmp_ln11_18 = icmp ne i8 %tmp_50, -1" [src/honeybee.c:11->src/honeybee.c:141->src/honeybee.c:161]   --->   Operation 164 'icmp' 'icmp_ln11_18' <Predicate = (!icmp_ln157)> <Delay = 1.31> <Core = "Cmp">   --->   Core 25 'Cmp' <Latency = 0> <II = 1> <Delay = 1.31> <FuncUnit> <Opcode : 'icmp'> <InPorts = 2> <OutPorts = 1>
ST_22 : Operation 165 [1/1] (0.80ns)   --->   "%or_ln11_7 = or i1 %icmp_ln11_7, %icmp_ln11_18" [src/honeybee.c:11->src/honeybee.c:141->src/honeybee.c:161]   --->   Operation 165 'or' 'or_ln11_7' <Predicate = (!icmp_ln157)> <Delay = 0.80> <Core = "LogicGate">   --->   Core 27 'LogicGate' <Latency = 0> <II = 1> <Delay = 0.80> <FuncUnit> <Opcode : 'and' 'or' 'xor'> <InPorts = 2> <OutPorts = 1>
ST_22 : Operation 166 [1/1] (0.00ns) (grouped into LUT with out node and_ln141_1)   --->   "%and_ln11_8 = and i1 %or_ln11_6, %or_ln11_7" [src/honeybee.c:11->src/honeybee.c:141->src/honeybee.c:161]   --->   Operation 166 'and' 'and_ln11_8' <Predicate = (!icmp_ln157)> <Delay = 0.00> <Core = "LogicGate">   --->   Core 27 'LogicGate' <Latency = 0> <II = 1> <Delay = 0.80> <FuncUnit> <Opcode : 'and' 'or' 'xor'> <InPorts = 2> <OutPorts = 1>
ST_22 : Operation 167 [1/1] (0.00ns) (grouped into LUT with out node and_ln141_1)   --->   "%and_ln11_9 = and i1 %and_ln11_8, %tmp_s" [src/honeybee.c:11->src/honeybee.c:141->src/honeybee.c:161]   --->   Operation 167 'and' 'and_ln11_9' <Predicate = (!icmp_ln157)> <Delay = 0.00> <Core = "LogicGate">   --->   Core 27 'LogicGate' <Latency = 0> <II = 1> <Delay = 0.80> <FuncUnit> <Opcode : 'and' 'or' 'xor'> <InPorts = 2> <OutPorts = 1>
ST_22 : Operation 168 [1/1] (0.80ns) (out node of the LUT)   --->   "%and_ln141_1 = and i1 %and_ln11_7, %and_ln11_9" [src/honeybee.c:141->src/honeybee.c:161]   --->   Operation 168 'and' 'and_ln141_1' <Predicate = (!icmp_ln157)> <Delay = 0.80> <Core = "LogicGate">   --->   Core 27 'LogicGate' <Latency = 0> <II = 1> <Delay = 0.80> <FuncUnit> <Opcode : 'and' 'or' 'xor'> <InPorts = 2> <OutPorts = 1>
ST_22 : Operation 169 [1/1] (0.00ns)   --->   "%tmp_51 = call i8 @_ssdm_op_PartSelect.i8.i32.i32.i32(i32 %bitcast_ln11_10, i32 23, i32 30)" [src/honeybee.c:11->src/honeybee.c:141->src/honeybee.c:161]   --->   Operation 169 'partselect' 'tmp_51' <Predicate = (!icmp_ln157)> <Delay = 0.00>
ST_22 : Operation 170 [1/1] (1.31ns)   --->   "%icmp_ln11_20 = icmp ne i8 %tmp_51, -1" [src/honeybee.c:11->src/honeybee.c:141->src/honeybee.c:161]   --->   Operation 170 'icmp' 'icmp_ln11_20' <Predicate = (!icmp_ln157)> <Delay = 1.31> <Core = "Cmp">   --->   Core 25 'Cmp' <Latency = 0> <II = 1> <Delay = 1.31> <FuncUnit> <Opcode : 'icmp'> <InPorts = 2> <OutPorts = 1>
ST_22 : Operation 171 [1/1] (0.80ns)   --->   "%or_ln11_8 = or i1 %icmp_ln11_19, %icmp_ln11_20" [src/honeybee.c:11->src/honeybee.c:141->src/honeybee.c:161]   --->   Operation 171 'or' 'or_ln11_8' <Predicate = (!icmp_ln157)> <Delay = 0.80> <Core = "LogicGate">   --->   Core 27 'LogicGate' <Latency = 0> <II = 1> <Delay = 0.80> <FuncUnit> <Opcode : 'and' 'or' 'xor'> <InPorts = 2> <OutPorts = 1>
ST_22 : Operation 172 [1/1] (0.00ns)   --->   "%tmp_52 = call i8 @_ssdm_op_PartSelect.i8.i32.i32.i32(i32 %bitcast_ln11_7, i32 23, i32 30)" [src/honeybee.c:11->src/honeybee.c:141->src/honeybee.c:161]   --->   Operation 172 'partselect' 'tmp_52' <Predicate = (!icmp_ln157)> <Delay = 0.00>
ST_22 : Operation 173 [1/1] (1.31ns)   --->   "%icmp_ln11_21 = icmp ne i8 %tmp_52, -1" [src/honeybee.c:11->src/honeybee.c:141->src/honeybee.c:161]   --->   Operation 173 'icmp' 'icmp_ln11_21' <Predicate = (!icmp_ln157)> <Delay = 1.31> <Core = "Cmp">   --->   Core 25 'Cmp' <Latency = 0> <II = 1> <Delay = 1.31> <FuncUnit> <Opcode : 'icmp'> <InPorts = 2> <OutPorts = 1>
ST_22 : Operation 174 [1/1] (0.80ns)   --->   "%or_ln11_9 = or i1 %icmp_ln11_11, %icmp_ln11_21" [src/honeybee.c:11->src/honeybee.c:141->src/honeybee.c:161]   --->   Operation 174 'or' 'or_ln11_9' <Predicate = (!icmp_ln157)> <Delay = 0.80> <Core = "LogicGate">   --->   Core 27 'LogicGate' <Latency = 0> <II = 1> <Delay = 0.80> <FuncUnit> <Opcode : 'and' 'or' 'xor'> <InPorts = 2> <OutPorts = 1>
ST_22 : Operation 175 [1/1] (0.00ns)   --->   "%tmp_55 = call i8 @_ssdm_op_PartSelect.i8.i32.i32.i32(i32 %bitcast_ln11_9, i32 23, i32 30)" [src/honeybee.c:11->src/honeybee.c:141->src/honeybee.c:161]   --->   Operation 175 'partselect' 'tmp_55' <Predicate = (!icmp_ln157)> <Delay = 0.00>
ST_22 : Operation 176 [1/1] (1.31ns)   --->   "%icmp_ln11_22 = icmp ne i8 %tmp_55, -1" [src/honeybee.c:11->src/honeybee.c:141->src/honeybee.c:161]   --->   Operation 176 'icmp' 'icmp_ln11_22' <Predicate = (!icmp_ln157)> <Delay = 1.31> <Core = "Cmp">   --->   Core 25 'Cmp' <Latency = 0> <II = 1> <Delay = 1.31> <FuncUnit> <Opcode : 'icmp'> <InPorts = 2> <OutPorts = 1>
ST_22 : Operation 177 [1/1] (0.80ns)   --->   "%or_ln11_10 = or i1 %icmp_ln11_14, %icmp_ln11_22" [src/honeybee.c:11->src/honeybee.c:141->src/honeybee.c:161]   --->   Operation 177 'or' 'or_ln11_10' <Predicate = (!icmp_ln157)> <Delay = 0.80> <Core = "LogicGate">   --->   Core 27 'LogicGate' <Latency = 0> <II = 1> <Delay = 0.80> <FuncUnit> <Opcode : 'and' 'or' 'xor'> <InPorts = 2> <OutPorts = 1>
ST_22 : Operation 178 [1/1] (0.00ns) (grouped into LUT with out node and_ln11_23)   --->   "%and_ln11_18 = and i1 %or_ln11_5, %or_ln11_10" [src/honeybee.c:11->src/honeybee.c:141->src/honeybee.c:161]   --->   Operation 178 'and' 'and_ln11_18' <Predicate = (!icmp_ln157)> <Delay = 0.00> <Core = "LogicGate">   --->   Core 27 'LogicGate' <Latency = 0> <II = 1> <Delay = 0.80> <FuncUnit> <Opcode : 'and' 'or' 'xor'> <InPorts = 2> <OutPorts = 1>
ST_22 : Operation 179 [1/1] (0.00ns) (grouped into LUT with out node and_ln11_23)   --->   "%and_ln11_19 = and i1 %and_ln11_18, %tmp_40" [src/honeybee.c:11->src/honeybee.c:141->src/honeybee.c:161]   --->   Operation 179 'and' 'and_ln11_19' <Predicate = (!icmp_ln157)> <Delay = 0.00> <Core = "LogicGate">   --->   Core 27 'LogicGate' <Latency = 0> <II = 1> <Delay = 0.80> <FuncUnit> <Opcode : 'and' 'or' 'xor'> <InPorts = 2> <OutPorts = 1>
ST_22 : Operation 180 [1/1] (0.00ns)   --->   "%tmp_56 = call i8 @_ssdm_op_PartSelect.i8.i32.i32.i32(i32 %bitcast_ln11_11, i32 23, i32 30)" [src/honeybee.c:11->src/honeybee.c:141->src/honeybee.c:161]   --->   Operation 180 'partselect' 'tmp_56' <Predicate = (!icmp_ln157)> <Delay = 0.00>
ST_22 : Operation 181 [1/1] (1.31ns)   --->   "%icmp_ln11_23 = icmp ne i8 %tmp_56, -1" [src/honeybee.c:11->src/honeybee.c:141->src/honeybee.c:161]   --->   Operation 181 'icmp' 'icmp_ln11_23' <Predicate = (!icmp_ln157)> <Delay = 1.31> <Core = "Cmp">   --->   Core 25 'Cmp' <Latency = 0> <II = 1> <Delay = 1.31> <FuncUnit> <Opcode : 'icmp'> <InPorts = 2> <OutPorts = 1>
ST_22 : Operation 182 [1/1] (0.80ns)   --->   "%or_ln11_11 = or i1 %icmp_ln11_15, %icmp_ln11_23" [src/honeybee.c:11->src/honeybee.c:141->src/honeybee.c:161]   --->   Operation 182 'or' 'or_ln11_11' <Predicate = (!icmp_ln157)> <Delay = 0.80> <Core = "LogicGate">   --->   Core 27 'LogicGate' <Latency = 0> <II = 1> <Delay = 0.80> <FuncUnit> <Opcode : 'and' 'or' 'xor'> <InPorts = 2> <OutPorts = 1>
ST_22 : Operation 183 [1/1] (0.00ns) (grouped into LUT with out node and_ln11_23)   --->   "%and_ln11_20 = and i1 %or_ln11_6, %or_ln11_11" [src/honeybee.c:11->src/honeybee.c:141->src/honeybee.c:161]   --->   Operation 183 'and' 'and_ln11_20' <Predicate = (!icmp_ln157)> <Delay = 0.00> <Core = "LogicGate">   --->   Core 27 'LogicGate' <Latency = 0> <II = 1> <Delay = 0.80> <FuncUnit> <Opcode : 'and' 'or' 'xor'> <InPorts = 2> <OutPorts = 1>
ST_22 : Operation 184 [1/1] (0.00ns) (grouped into LUT with out node and_ln11_23)   --->   "%and_ln11_21 = and i1 %and_ln11_20, %tmp_35" [src/honeybee.c:11->src/honeybee.c:141->src/honeybee.c:161]   --->   Operation 184 'and' 'and_ln11_21' <Predicate = (!icmp_ln157)> <Delay = 0.00> <Core = "LogicGate">   --->   Core 27 'LogicGate' <Latency = 0> <II = 1> <Delay = 0.80> <FuncUnit> <Opcode : 'and' 'or' 'xor'> <InPorts = 2> <OutPorts = 1>
ST_22 : Operation 185 [1/1] (0.80ns) (out node of the LUT)   --->   "%and_ln11_23 = and i1 %and_ln11_19, %and_ln11_21" [src/honeybee.c:11->src/honeybee.c:141->src/honeybee.c:161]   --->   Operation 185 'and' 'and_ln11_23' <Predicate = (!icmp_ln157)> <Delay = 0.80> <Core = "LogicGate">   --->   Core 27 'LogicGate' <Latency = 0> <II = 1> <Delay = 0.80> <FuncUnit> <Opcode : 'and' 'or' 'xor'> <InPorts = 2> <OutPorts = 1>
ST_22 : Operation 186 [1/1] (0.00ns)   --->   "%empty_10 = call i32 (...)* @_ssdm_op_SpecRegionEnd([16 x i8]* @p_str1, i32 %tmp_1)" [src/honeybee.c:166]   --->   Operation 186 'specregionend' 'empty_10' <Predicate = (icmp_ln157)> <Delay = 0.00>
ST_22 : Operation 187 [1/1] (0.00ns)   --->   "br label %2" [src/honeybee.c:156]   --->   Operation 187 'br' <Predicate = (icmp_ln157)> <Delay = 0.00>

State 23 <SV = 22> <Delay = 8.08>
ST_23 : Operation 188 [3/4] (8.08ns)   --->   "%grid_x = sitofp i32 %zext_ln157 to float" [src/honeybee.c:160]   --->   Operation 188 'sitofp' 'grid_x' <Predicate = true> <Delay = 8.08> <Core = "Int2Float">   --->   Core 112 'Int2Float' <Latency = 3> <II = 1> <Delay = 8.08> <FuncUnit> <Opcode : 'sitofp' 'uitofp'> <InPorts = 1> <OutPorts = 1>

State 24 <SV = 23> <Delay = 8.08>
ST_24 : Operation 189 [2/4] (8.08ns)   --->   "%grid_x = sitofp i32 %zext_ln157 to float" [src/honeybee.c:160]   --->   Operation 189 'sitofp' 'grid_x' <Predicate = true> <Delay = 8.08> <Core = "Int2Float">   --->   Core 112 'Int2Float' <Latency = 3> <II = 1> <Delay = 8.08> <FuncUnit> <Opcode : 'sitofp' 'uitofp'> <InPorts = 1> <OutPorts = 1>

State 25 <SV = 24> <Delay = 8.08>
ST_25 : Operation 190 [1/4] (8.08ns)   --->   "%grid_x = sitofp i32 %zext_ln157 to float" [src/honeybee.c:160]   --->   Operation 190 'sitofp' 'grid_x' <Predicate = true> <Delay = 8.08> <Core = "Int2Float">   --->   Core 112 'Int2Float' <Latency = 3> <II = 1> <Delay = 8.08> <FuncUnit> <Opcode : 'sitofp' 'uitofp'> <InPorts = 1> <OutPorts = 1>

State 26 <SV = 25> <Delay = 8.75>
ST_26 : Operation 191 [2/2] (8.75ns)   --->   "%f1 = call fastcc i1 @segmentIntersectsFac(float %edge_p1_x_read, float %edge_p1_y_read, float %edge_p1_z_read, float %edge_p2_x_read, float %edge_p2_y_read, float %edge_p2_z_read, float %grid_x, float %grid_y, float %grid_z)" [src/honeybee.c:106->src/honeybee.c:161]   --->   Operation 191 'call' 'f1' <Predicate = true> <Delay = 8.75> <CoreType = "Generic">   --->   Core 0 '' <Latency = 0> <II = 1> <Delay = 1.00> <Generic> <Opcode : >
ST_26 : Operation 192 [2/2] (8.75ns)   --->   "%f2 = call fastcc i1 @segmentIntersectsFac(float %edge_p1_x_read, float %edge_p1_y_read, float %edge_p1_z_read, float %edge_p2_x_read, float %edge_p2_y_read, float %edge_p2_z_read, float %grid_x, float %grid_y, float %p_2_i)" [src/honeybee.c:107->src/honeybee.c:161]   --->   Operation 192 'call' 'f2' <Predicate = true> <Delay = 8.75> <CoreType = "Generic">   --->   Core 0 '' <Latency = 0> <II = 1> <Delay = 1.00> <Generic> <Opcode : >
ST_26 : Operation 193 [2/2] (8.75ns)   --->   "%f3 = call fastcc i1 @segmentIntersectsFac(float %edge_p1_x_read, float %edge_p1_z_read, float %edge_p1_y_read, float %edge_p2_x_read, float %edge_p2_z_read, float %edge_p2_y_read, float %grid_x, float %grid_z, float %grid_y)" [src/honeybee.c:111->src/honeybee.c:161]   --->   Operation 193 'call' 'f3' <Predicate = true> <Delay = 8.75> <CoreType = "Generic">   --->   Core 0 '' <Latency = 0> <II = 1> <Delay = 1.00> <Generic> <Opcode : >
ST_26 : Operation 194 [2/2] (8.75ns)   --->   "%f4 = call fastcc i1 @segmentIntersectsFac(float %edge_p1_x_read, float %edge_p1_z_read, float %edge_p1_y_read, float %edge_p2_x_read, float %edge_p2_z_read, float %edge_p2_y_read, float %grid_x, float %grid_z, float %p_i)" [src/honeybee.c:117->src/honeybee.c:161]   --->   Operation 194 'call' 'f4' <Predicate = true> <Delay = 8.75> <CoreType = "Generic">   --->   Core 0 '' <Latency = 0> <II = 1> <Delay = 1.00> <Generic> <Opcode : >
ST_26 : Operation 195 [2/2] (8.75ns)   --->   "%f5 = call fastcc i1 @segmentIntersectsFac(float %edge_p1_z_read, float %edge_p1_y_read, float %edge_p1_x_read, float %edge_p2_z_read, float %edge_p2_y_read, float %edge_p2_x_read, float %grid_z, float %grid_y, float %grid_x)" [src/honeybee.c:125->src/honeybee.c:161]   --->   Operation 195 'call' 'f5' <Predicate = true> <Delay = 8.75> <CoreType = "Generic">   --->   Core 0 '' <Latency = 0> <II = 1> <Delay = 1.00> <Generic> <Opcode : >
ST_26 : Operation 196 [4/4] (8.58ns)   --->   "%p_1_i = fadd float %grid_x, 1.000000e+00" [src/honeybee.c:131->src/honeybee.c:161]   --->   Operation 196 'fadd' 'p_1_i' <Predicate = true> <Delay = 8.58> <Core = "FAddSub">   --->   Core 105 'FAddSub' <Latency = 3> <II = 1> <Delay = 8.58> <FuncUnit> <Opcode : 'fadd' 'fsub'> <InPorts = 2> <OutPorts = 1>
ST_26 : Operation 197 [1/1] (0.00ns)   --->   "%bitcast_ln11 = bitcast float %grid_x to i32" [src/honeybee.c:11->src/honeybee.c:141->src/honeybee.c:161]   --->   Operation 197 'bitcast' 'bitcast_ln11' <Predicate = true> <Delay = 0.00>
ST_26 : Operation 198 [1/1] (0.00ns)   --->   "%tmp_41 = call i8 @_ssdm_op_PartSelect.i8.i32.i32.i32(i32 %bitcast_ln11, i32 23, i32 30)" [src/honeybee.c:11->src/honeybee.c:141->src/honeybee.c:161]   --->   Operation 198 'partselect' 'tmp_41' <Predicate = true> <Delay = 0.00>
ST_26 : Operation 199 [1/1] (0.00ns)   --->   "%trunc_ln11_10 = trunc i32 %bitcast_ln11 to i23" [src/honeybee.c:11->src/honeybee.c:141->src/honeybee.c:161]   --->   Operation 199 'trunc' 'trunc_ln11_10' <Predicate = true> <Delay = 0.00>
ST_26 : Operation 200 [1/1] (1.31ns)   --->   "%icmp_ln11 = icmp ne i8 %tmp_41, -1" [src/honeybee.c:11->src/honeybee.c:141->src/honeybee.c:161]   --->   Operation 200 'icmp' 'icmp_ln11' <Predicate = true> <Delay = 1.31> <Core = "Cmp">   --->   Core 25 'Cmp' <Latency = 0> <II = 1> <Delay = 1.31> <FuncUnit> <Opcode : 'icmp'> <InPorts = 2> <OutPorts = 1>
ST_26 : Operation 201 [1/1] (2.02ns)   --->   "%icmp_ln11_1 = icmp eq i23 %trunc_ln11_10, 0" [src/honeybee.c:11->src/honeybee.c:141->src/honeybee.c:161]   --->   Operation 201 'icmp' 'icmp_ln11_1' <Predicate = true> <Delay = 2.02> <Core = "Cmp">   --->   Core 25 'Cmp' <Latency = 0> <II = 1> <Delay = 1.31> <FuncUnit> <Opcode : 'icmp'> <InPorts = 2> <OutPorts = 1>
ST_26 : Operation 202 [1/1] (0.80ns)   --->   "%or_ln11 = or i1 %icmp_ln11_1, %icmp_ln11" [src/honeybee.c:11->src/honeybee.c:141->src/honeybee.c:161]   --->   Operation 202 'or' 'or_ln11' <Predicate = true> <Delay = 0.80> <Core = "LogicGate">   --->   Core 27 'LogicGate' <Latency = 0> <II = 1> <Delay = 0.80> <FuncUnit> <Opcode : 'and' 'or' 'xor'> <InPorts = 2> <OutPorts = 1>
ST_26 : Operation 203 [2/2] (4.19ns)   --->   "%tmp_43 = fcmp ole float %grid_x, %edge_p1_x_read" [src/honeybee.c:11->src/honeybee.c:141->src/honeybee.c:161]   --->   Operation 203 'fcmp' 'tmp_43' <Predicate = true> <Delay = 4.19> <Core = "FCmp">   --->   Core 111 'FCmp' <Latency = 1> <II = 1> <Delay = 4.19> <FuncUnit> <Opcode : 'fcmp'> <InPorts = 2> <OutPorts = 1>
ST_26 : Operation 204 [2/2] (4.19ns)   --->   "%tmp_53 = fcmp ole float %grid_x, %edge_p2_x_read" [src/honeybee.c:11->src/honeybee.c:141->src/honeybee.c:161]   --->   Operation 204 'fcmp' 'tmp_53' <Predicate = true> <Delay = 4.19> <Core = "FCmp">   --->   Core 111 'FCmp' <Latency = 1> <II = 1> <Delay = 4.19> <FuncUnit> <Opcode : 'fcmp'> <InPorts = 2> <OutPorts = 1>

State 27 <SV = 26> <Delay = 8.58>
ST_27 : Operation 205 [1/2] (8.19ns)   --->   "%f1 = call fastcc i1 @segmentIntersectsFac(float %edge_p1_x_read, float %edge_p1_y_read, float %edge_p1_z_read, float %edge_p2_x_read, float %edge_p2_y_read, float %edge_p2_z_read, float %grid_x, float %grid_y, float %grid_z)" [src/honeybee.c:106->src/honeybee.c:161]   --->   Operation 205 'call' 'f1' <Predicate = true> <Delay = 8.19> <CoreType = "Generic">   --->   Core 0 '' <Latency = 0> <II = 1> <Delay = 1.00> <Generic> <Opcode : >
ST_27 : Operation 206 [1/2] (8.19ns)   --->   "%f2 = call fastcc i1 @segmentIntersectsFac(float %edge_p1_x_read, float %edge_p1_y_read, float %edge_p1_z_read, float %edge_p2_x_read, float %edge_p2_y_read, float %edge_p2_z_read, float %grid_x, float %grid_y, float %p_2_i)" [src/honeybee.c:107->src/honeybee.c:161]   --->   Operation 206 'call' 'f2' <Predicate = true> <Delay = 8.19> <CoreType = "Generic">   --->   Core 0 '' <Latency = 0> <II = 1> <Delay = 1.00> <Generic> <Opcode : >
ST_27 : Operation 207 [1/2] (8.19ns)   --->   "%f3 = call fastcc i1 @segmentIntersectsFac(float %edge_p1_x_read, float %edge_p1_z_read, float %edge_p1_y_read, float %edge_p2_x_read, float %edge_p2_z_read, float %edge_p2_y_read, float %grid_x, float %grid_z, float %grid_y)" [src/honeybee.c:111->src/honeybee.c:161]   --->   Operation 207 'call' 'f3' <Predicate = true> <Delay = 8.19> <CoreType = "Generic">   --->   Core 0 '' <Latency = 0> <II = 1> <Delay = 1.00> <Generic> <Opcode : >
ST_27 : Operation 208 [1/2] (8.19ns)   --->   "%f4 = call fastcc i1 @segmentIntersectsFac(float %edge_p1_x_read, float %edge_p1_z_read, float %edge_p1_y_read, float %edge_p2_x_read, float %edge_p2_z_read, float %edge_p2_y_read, float %grid_x, float %grid_z, float %p_i)" [src/honeybee.c:117->src/honeybee.c:161]   --->   Operation 208 'call' 'f4' <Predicate = true> <Delay = 8.19> <CoreType = "Generic">   --->   Core 0 '' <Latency = 0> <II = 1> <Delay = 1.00> <Generic> <Opcode : >
ST_27 : Operation 209 [1/2] (8.19ns)   --->   "%f5 = call fastcc i1 @segmentIntersectsFac(float %edge_p1_z_read, float %edge_p1_y_read, float %edge_p1_x_read, float %edge_p2_z_read, float %edge_p2_y_read, float %edge_p2_x_read, float %grid_z, float %grid_y, float %grid_x)" [src/honeybee.c:125->src/honeybee.c:161]   --->   Operation 209 'call' 'f5' <Predicate = true> <Delay = 8.19> <CoreType = "Generic">   --->   Core 0 '' <Latency = 0> <II = 1> <Delay = 1.00> <Generic> <Opcode : >
ST_27 : Operation 210 [3/4] (8.58ns)   --->   "%p_1_i = fadd float %grid_x, 1.000000e+00" [src/honeybee.c:131->src/honeybee.c:161]   --->   Operation 210 'fadd' 'p_1_i' <Predicate = true> <Delay = 8.58> <Core = "FAddSub">   --->   Core 105 'FAddSub' <Latency = 3> <II = 1> <Delay = 8.58> <FuncUnit> <Opcode : 'fadd' 'fsub'> <InPorts = 2> <OutPorts = 1>
ST_27 : Operation 211 [1/2] (4.19ns)   --->   "%tmp_43 = fcmp ole float %grid_x, %edge_p1_x_read" [src/honeybee.c:11->src/honeybee.c:141->src/honeybee.c:161]   --->   Operation 211 'fcmp' 'tmp_43' <Predicate = true> <Delay = 4.19> <Core = "FCmp">   --->   Core 111 'FCmp' <Latency = 1> <II = 1> <Delay = 4.19> <FuncUnit> <Opcode : 'fcmp'> <InPorts = 2> <OutPorts = 1>
ST_27 : Operation 212 [1/2] (4.19ns)   --->   "%tmp_53 = fcmp ole float %grid_x, %edge_p2_x_read" [src/honeybee.c:11->src/honeybee.c:141->src/honeybee.c:161]   --->   Operation 212 'fcmp' 'tmp_53' <Predicate = true> <Delay = 4.19> <Core = "FCmp">   --->   Core 111 'FCmp' <Latency = 1> <II = 1> <Delay = 4.19> <FuncUnit> <Opcode : 'fcmp'> <InPorts = 2> <OutPorts = 1>

State 28 <SV = 27> <Delay = 8.58>
ST_28 : Operation 213 [2/4] (8.58ns)   --->   "%p_1_i = fadd float %grid_x, 1.000000e+00" [src/honeybee.c:131->src/honeybee.c:161]   --->   Operation 213 'fadd' 'p_1_i' <Predicate = true> <Delay = 8.58> <Core = "FAddSub">   --->   Core 105 'FAddSub' <Latency = 3> <II = 1> <Delay = 8.58> <FuncUnit> <Opcode : 'fadd' 'fsub'> <InPorts = 2> <OutPorts = 1>

State 29 <SV = 28> <Delay = 8.58>
ST_29 : Operation 214 [1/4] (8.58ns)   --->   "%p_1_i = fadd float %grid_x, 1.000000e+00" [src/honeybee.c:131->src/honeybee.c:161]   --->   Operation 214 'fadd' 'p_1_i' <Predicate = true> <Delay = 8.58> <Core = "FAddSub">   --->   Core 105 'FAddSub' <Latency = 3> <II = 1> <Delay = 8.58> <FuncUnit> <Opcode : 'fadd' 'fsub'> <InPorts = 2> <OutPorts = 1>

State 30 <SV = 29> <Delay = 8.75>
ST_30 : Operation 215 [2/2] (8.75ns)   --->   "%f6 = call fastcc i1 @segmentIntersectsFac(float %edge_p1_z_read, float %edge_p1_y_read, float %edge_p1_x_read, float %edge_p2_z_read, float %edge_p2_y_read, float %edge_p2_x_read, float %grid_z, float %grid_y, float %p_1_i)" [src/honeybee.c:131->src/honeybee.c:161]   --->   Operation 215 'call' 'f6' <Predicate = true> <Delay = 8.75> <CoreType = "Generic">   --->   Core 0 '' <Latency = 0> <II = 1> <Delay = 1.00> <Generic> <Opcode : >
ST_30 : Operation 216 [1/1] (0.00ns)   --->   "%bitcast_ln11_2 = bitcast float %p_1_i to i32" [src/honeybee.c:11->src/honeybee.c:141->src/honeybee.c:161]   --->   Operation 216 'bitcast' 'bitcast_ln11_2' <Predicate = true> <Delay = 0.00>
ST_30 : Operation 217 [1/1] (0.00ns)   --->   "%tmp_44 = call i8 @_ssdm_op_PartSelect.i8.i32.i32.i32(i32 %bitcast_ln11_2, i32 23, i32 30)" [src/honeybee.c:11->src/honeybee.c:141->src/honeybee.c:161]   --->   Operation 217 'partselect' 'tmp_44' <Predicate = true> <Delay = 0.00>
ST_30 : Operation 218 [1/1] (0.00ns)   --->   "%trunc_ln11_11 = trunc i32 %bitcast_ln11_2 to i23" [src/honeybee.c:11->src/honeybee.c:141->src/honeybee.c:161]   --->   Operation 218 'trunc' 'trunc_ln11_11' <Predicate = true> <Delay = 0.00>
ST_30 : Operation 219 [1/1] (1.31ns)   --->   "%icmp_ln11_4 = icmp ne i8 %tmp_44, -1" [src/honeybee.c:11->src/honeybee.c:141->src/honeybee.c:161]   --->   Operation 219 'icmp' 'icmp_ln11_4' <Predicate = true> <Delay = 1.31> <Core = "Cmp">   --->   Core 25 'Cmp' <Latency = 0> <II = 1> <Delay = 1.31> <FuncUnit> <Opcode : 'icmp'> <InPorts = 2> <OutPorts = 1>
ST_30 : Operation 220 [1/1] (2.02ns)   --->   "%icmp_ln11_5 = icmp eq i23 %trunc_ln11_11, 0" [src/honeybee.c:11->src/honeybee.c:141->src/honeybee.c:161]   --->   Operation 220 'icmp' 'icmp_ln11_5' <Predicate = true> <Delay = 2.02> <Core = "Cmp">   --->   Core 25 'Cmp' <Latency = 0> <II = 1> <Delay = 1.31> <FuncUnit> <Opcode : 'icmp'> <InPorts = 2> <OutPorts = 1>
ST_30 : Operation 221 [1/1] (0.80ns)   --->   "%or_ln11_2 = or i1 %icmp_ln11_5, %icmp_ln11_4" [src/honeybee.c:11->src/honeybee.c:141->src/honeybee.c:161]   --->   Operation 221 'or' 'or_ln11_2' <Predicate = true> <Delay = 0.80> <Core = "LogicGate">   --->   Core 27 'LogicGate' <Latency = 0> <II = 1> <Delay = 0.80> <FuncUnit> <Opcode : 'and' 'or' 'xor'> <InPorts = 2> <OutPorts = 1>
ST_30 : Operation 222 [2/2] (4.19ns)   --->   "%tmp_45 = fcmp oge float %p_1_i, %edge_p1_x_read" [src/honeybee.c:11->src/honeybee.c:141->src/honeybee.c:161]   --->   Operation 222 'fcmp' 'tmp_45' <Predicate = true> <Delay = 4.19> <Core = "FCmp">   --->   Core 111 'FCmp' <Latency = 1> <II = 1> <Delay = 4.19> <FuncUnit> <Opcode : 'fcmp'> <InPorts = 2> <OutPorts = 1>
ST_30 : Operation 223 [2/2] (4.19ns)   --->   "%tmp_54 = fcmp oge float %p_1_i, %edge_p2_x_read" [src/honeybee.c:11->src/honeybee.c:141->src/honeybee.c:161]   --->   Operation 223 'fcmp' 'tmp_54' <Predicate = true> <Delay = 4.19> <Core = "FCmp">   --->   Core 111 'FCmp' <Latency = 1> <II = 1> <Delay = 4.19> <FuncUnit> <Opcode : 'fcmp'> <InPorts = 2> <OutPorts = 1>

State 31 <SV = 30> <Delay = 8.19>
ST_31 : Operation 224 [1/2] (8.19ns)   --->   "%f6 = call fastcc i1 @segmentIntersectsFac(float %edge_p1_z_read, float %edge_p1_y_read, float %edge_p1_x_read, float %edge_p2_z_read, float %edge_p2_y_read, float %edge_p2_x_read, float %grid_z, float %grid_y, float %p_1_i)" [src/honeybee.c:131->src/honeybee.c:161]   --->   Operation 224 'call' 'f6' <Predicate = true> <Delay = 8.19> <CoreType = "Generic">   --->   Core 0 '' <Latency = 0> <II = 1> <Delay = 1.00> <Generic> <Opcode : >
ST_31 : Operation 225 [1/1] (0.00ns) (grouped into LUT with out node and_ln141)   --->   "%and_ln11 = and i1 %or_ln11, %or_ln11_1" [src/honeybee.c:11->src/honeybee.c:141->src/honeybee.c:161]   --->   Operation 225 'and' 'and_ln11' <Predicate = true> <Delay = 0.00> <Core = "LogicGate">   --->   Core 27 'LogicGate' <Latency = 0> <II = 1> <Delay = 0.80> <FuncUnit> <Opcode : 'and' 'or' 'xor'> <InPorts = 2> <OutPorts = 1>
ST_31 : Operation 226 [1/1] (0.00ns) (grouped into LUT with out node and_ln141)   --->   "%and_ln11_1 = and i1 %and_ln11, %tmp_43" [src/honeybee.c:11->src/honeybee.c:141->src/honeybee.c:161]   --->   Operation 226 'and' 'and_ln11_1' <Predicate = true> <Delay = 0.00> <Core = "LogicGate">   --->   Core 27 'LogicGate' <Latency = 0> <II = 1> <Delay = 0.80> <FuncUnit> <Opcode : 'and' 'or' 'xor'> <InPorts = 2> <OutPorts = 1>
ST_31 : Operation 227 [1/1] (0.00ns) (grouped into LUT with out node and_ln141)   --->   "%and_ln11_2 = and i1 %or_ln11_2, %or_ln11_1" [src/honeybee.c:11->src/honeybee.c:141->src/honeybee.c:161]   --->   Operation 227 'and' 'and_ln11_2' <Predicate = true> <Delay = 0.00> <Core = "LogicGate">   --->   Core 27 'LogicGate' <Latency = 0> <II = 1> <Delay = 0.80> <FuncUnit> <Opcode : 'and' 'or' 'xor'> <InPorts = 2> <OutPorts = 1>
ST_31 : Operation 228 [1/2] (4.19ns)   --->   "%tmp_45 = fcmp oge float %p_1_i, %edge_p1_x_read" [src/honeybee.c:11->src/honeybee.c:141->src/honeybee.c:161]   --->   Operation 228 'fcmp' 'tmp_45' <Predicate = true> <Delay = 4.19> <Core = "FCmp">   --->   Core 111 'FCmp' <Latency = 1> <II = 1> <Delay = 4.19> <FuncUnit> <Opcode : 'fcmp'> <InPorts = 2> <OutPorts = 1>
ST_31 : Operation 229 [1/1] (0.00ns) (grouped into LUT with out node and_ln141)   --->   "%and_ln11_3 = and i1 %and_ln11_2, %tmp_45" [src/honeybee.c:11->src/honeybee.c:141->src/honeybee.c:161]   --->   Operation 229 'and' 'and_ln11_3' <Predicate = true> <Delay = 0.00> <Core = "LogicGate">   --->   Core 27 'LogicGate' <Latency = 0> <II = 1> <Delay = 0.80> <FuncUnit> <Opcode : 'and' 'or' 'xor'> <InPorts = 2> <OutPorts = 1>
ST_31 : Operation 230 [1/1] (0.00ns) (grouped into LUT with out node and_ln141_3)   --->   "%and_ln11_4 = and i1 %or_ln11_3, %or_ln11_4" [src/honeybee.c:11->src/honeybee.c:141->src/honeybee.c:161]   --->   Operation 230 'and' 'and_ln11_4' <Predicate = true> <Delay = 0.00> <Core = "LogicGate">   --->   Core 27 'LogicGate' <Latency = 0> <II = 1> <Delay = 0.80> <FuncUnit> <Opcode : 'and' 'or' 'xor'> <InPorts = 2> <OutPorts = 1>
ST_31 : Operation 231 [1/1] (0.00ns) (grouped into LUT with out node and_ln141_3)   --->   "%and_ln11_5 = and i1 %and_ln11_4, %tmp_37" [src/honeybee.c:11->src/honeybee.c:141->src/honeybee.c:161]   --->   Operation 231 'and' 'and_ln11_5' <Predicate = true> <Delay = 0.00> <Core = "LogicGate">   --->   Core 27 'LogicGate' <Latency = 0> <II = 1> <Delay = 0.80> <FuncUnit> <Opcode : 'and' 'or' 'xor'> <InPorts = 2> <OutPorts = 1>
ST_31 : Operation 232 [1/1] (0.80ns) (out node of the LUT)   --->   "%and_ln141 = and i1 %and_ln11_1, %and_ln11_3" [src/honeybee.c:141->src/honeybee.c:161]   --->   Operation 232 'and' 'and_ln141' <Predicate = true> <Delay = 0.80> <Core = "LogicGate">   --->   Core 27 'LogicGate' <Latency = 0> <II = 1> <Delay = 0.80> <FuncUnit> <Opcode : 'and' 'or' 'xor'> <InPorts = 2> <OutPorts = 1>
ST_31 : Operation 233 [1/1] (0.00ns) (grouped into LUT with out node and_ln141_3)   --->   "%and_ln141_2 = and i1 %and_ln141_1, %and_ln11_5" [src/honeybee.c:141->src/honeybee.c:161]   --->   Operation 233 'and' 'and_ln141_2' <Predicate = true> <Delay = 0.00> <Core = "LogicGate">   --->   Core 27 'LogicGate' <Latency = 0> <II = 1> <Delay = 0.80> <FuncUnit> <Opcode : 'and' 'or' 'xor'> <InPorts = 2> <OutPorts = 1>
ST_31 : Operation 234 [1/1] (0.80ns) (out node of the LUT)   --->   "%and_ln141_3 = and i1 %and_ln141_2, %and_ln141" [src/honeybee.c:141->src/honeybee.c:161]   --->   Operation 234 'and' 'and_ln141_3' <Predicate = true> <Delay = 0.80> <Core = "LogicGate">   --->   Core 27 'LogicGate' <Latency = 0> <II = 1> <Delay = 0.80> <FuncUnit> <Opcode : 'and' 'or' 'xor'> <InPorts = 2> <OutPorts = 1>
ST_31 : Operation 235 [1/1] (0.00ns) (grouped into LUT with out node and_ln141_5)   --->   "%and_ln11_10 = and i1 %or_ln11_8, %or_ln11_7" [src/honeybee.c:11->src/honeybee.c:141->src/honeybee.c:161]   --->   Operation 235 'and' 'and_ln11_10' <Predicate = true> <Delay = 0.00> <Core = "LogicGate">   --->   Core 27 'LogicGate' <Latency = 0> <II = 1> <Delay = 0.80> <FuncUnit> <Opcode : 'and' 'or' 'xor'> <InPorts = 2> <OutPorts = 1>
ST_31 : Operation 236 [1/1] (0.00ns) (grouped into LUT with out node and_ln141_5)   --->   "%and_ln11_11 = and i1 %and_ln11_10, %tmp_34" [src/honeybee.c:11->src/honeybee.c:141->src/honeybee.c:161]   --->   Operation 236 'and' 'and_ln11_11' <Predicate = true> <Delay = 0.00> <Core = "LogicGate">   --->   Core 27 'LogicGate' <Latency = 0> <II = 1> <Delay = 0.80> <FuncUnit> <Opcode : 'and' 'or' 'xor'> <InPorts = 2> <OutPorts = 1>
ST_31 : Operation 237 [1/1] (0.00ns) (grouped into LUT with out node and_ln141_5)   --->   "%and_ln141_4 = and i1 %and_ln11_11, %and_ln141_3" [src/honeybee.c:141->src/honeybee.c:161]   --->   Operation 237 'and' 'and_ln141_4' <Predicate = true> <Delay = 0.00> <Core = "LogicGate">   --->   Core 27 'LogicGate' <Latency = 0> <II = 1> <Delay = 0.80> <FuncUnit> <Opcode : 'and' 'or' 'xor'> <InPorts = 2> <OutPorts = 1>
ST_31 : Operation 238 [1/1] (0.00ns) (grouped into LUT with out node and_ln11_22)   --->   "%and_ln11_12 = and i1 %or_ln11, %or_ln11_9" [src/honeybee.c:11->src/honeybee.c:141->src/honeybee.c:161]   --->   Operation 238 'and' 'and_ln11_12' <Predicate = true> <Delay = 0.00> <Core = "LogicGate">   --->   Core 27 'LogicGate' <Latency = 0> <II = 1> <Delay = 0.80> <FuncUnit> <Opcode : 'and' 'or' 'xor'> <InPorts = 2> <OutPorts = 1>
ST_31 : Operation 239 [1/1] (0.00ns) (grouped into LUT with out node and_ln11_22)   --->   "%and_ln11_13 = and i1 %and_ln11_12, %tmp_53" [src/honeybee.c:11->src/honeybee.c:141->src/honeybee.c:161]   --->   Operation 239 'and' 'and_ln11_13' <Predicate = true> <Delay = 0.00> <Core = "LogicGate">   --->   Core 27 'LogicGate' <Latency = 0> <II = 1> <Delay = 0.80> <FuncUnit> <Opcode : 'and' 'or' 'xor'> <InPorts = 2> <OutPorts = 1>
ST_31 : Operation 240 [1/1] (0.00ns) (grouped into LUT with out node and_ln11_22)   --->   "%and_ln11_14 = and i1 %or_ln11_2, %or_ln11_9" [src/honeybee.c:11->src/honeybee.c:141->src/honeybee.c:161]   --->   Operation 240 'and' 'and_ln11_14' <Predicate = true> <Delay = 0.00> <Core = "LogicGate">   --->   Core 27 'LogicGate' <Latency = 0> <II = 1> <Delay = 0.80> <FuncUnit> <Opcode : 'and' 'or' 'xor'> <InPorts = 2> <OutPorts = 1>
ST_31 : Operation 241 [1/2] (4.19ns)   --->   "%tmp_54 = fcmp oge float %p_1_i, %edge_p2_x_read" [src/honeybee.c:11->src/honeybee.c:141->src/honeybee.c:161]   --->   Operation 241 'fcmp' 'tmp_54' <Predicate = true> <Delay = 4.19> <Core = "FCmp">   --->   Core 111 'FCmp' <Latency = 1> <II = 1> <Delay = 4.19> <FuncUnit> <Opcode : 'fcmp'> <InPorts = 2> <OutPorts = 1>
ST_31 : Operation 242 [1/1] (0.00ns) (grouped into LUT with out node and_ln11_22)   --->   "%and_ln11_15 = and i1 %and_ln11_14, %tmp_54" [src/honeybee.c:11->src/honeybee.c:141->src/honeybee.c:161]   --->   Operation 242 'and' 'and_ln11_15' <Predicate = true> <Delay = 0.00> <Core = "LogicGate">   --->   Core 27 'LogicGate' <Latency = 0> <II = 1> <Delay = 0.80> <FuncUnit> <Opcode : 'and' 'or' 'xor'> <InPorts = 2> <OutPorts = 1>
ST_31 : Operation 243 [1/1] (0.00ns) (grouped into LUT with out node and_ln11_25)   --->   "%and_ln11_16 = and i1 %or_ln11_3, %or_ln11_10" [src/honeybee.c:11->src/honeybee.c:141->src/honeybee.c:161]   --->   Operation 243 'and' 'and_ln11_16' <Predicate = true> <Delay = 0.00> <Core = "LogicGate">   --->   Core 27 'LogicGate' <Latency = 0> <II = 1> <Delay = 0.80> <FuncUnit> <Opcode : 'and' 'or' 'xor'> <InPorts = 2> <OutPorts = 1>
ST_31 : Operation 244 [1/1] (0.00ns) (grouped into LUT with out node and_ln11_25)   --->   "%and_ln11_17 = and i1 %and_ln11_16, %tmp_39" [src/honeybee.c:11->src/honeybee.c:141->src/honeybee.c:161]   --->   Operation 244 'and' 'and_ln11_17' <Predicate = true> <Delay = 0.00> <Core = "LogicGate">   --->   Core 27 'LogicGate' <Latency = 0> <II = 1> <Delay = 0.80> <FuncUnit> <Opcode : 'and' 'or' 'xor'> <InPorts = 2> <OutPorts = 1>
ST_31 : Operation 245 [1/1] (0.80ns) (out node of the LUT)   --->   "%and_ln11_22 = and i1 %and_ln11_13, %and_ln11_15" [src/honeybee.c:11->src/honeybee.c:141->src/honeybee.c:161]   --->   Operation 245 'and' 'and_ln11_22' <Predicate = true> <Delay = 0.80> <Core = "LogicGate">   --->   Core 27 'LogicGate' <Latency = 0> <II = 1> <Delay = 0.80> <FuncUnit> <Opcode : 'and' 'or' 'xor'> <InPorts = 2> <OutPorts = 1>
ST_31 : Operation 246 [1/1] (0.00ns) (grouped into LUT with out node and_ln11_25)   --->   "%and_ln11_24 = and i1 %and_ln11_23, %and_ln11_17" [src/honeybee.c:11->src/honeybee.c:141->src/honeybee.c:161]   --->   Operation 246 'and' 'and_ln11_24' <Predicate = true> <Delay = 0.00> <Core = "LogicGate">   --->   Core 27 'LogicGate' <Latency = 0> <II = 1> <Delay = 0.80> <FuncUnit> <Opcode : 'and' 'or' 'xor'> <InPorts = 2> <OutPorts = 1>
ST_31 : Operation 247 [1/1] (0.80ns) (out node of the LUT)   --->   "%and_ln11_25 = and i1 %and_ln11_24, %and_ln11_22" [src/honeybee.c:11->src/honeybee.c:141->src/honeybee.c:161]   --->   Operation 247 'and' 'and_ln11_25' <Predicate = true> <Delay = 0.80> <Core = "LogicGate">   --->   Core 27 'LogicGate' <Latency = 0> <II = 1> <Delay = 0.80> <FuncUnit> <Opcode : 'and' 'or' 'xor'> <InPorts = 2> <OutPorts = 1>
ST_31 : Operation 248 [1/1] (0.00ns) (grouped into LUT with out node or_ln143_3)   --->   "%and_ln11_26 = and i1 %or_ln11_8, %or_ln11_11" [src/honeybee.c:11->src/honeybee.c:141->src/honeybee.c:161]   --->   Operation 248 'and' 'and_ln11_26' <Predicate = true> <Delay = 0.00> <Core = "LogicGate">   --->   Core 27 'LogicGate' <Latency = 0> <II = 1> <Delay = 0.80> <FuncUnit> <Opcode : 'and' 'or' 'xor'> <InPorts = 2> <OutPorts = 1>
ST_31 : Operation 249 [1/1] (0.00ns) (grouped into LUT with out node or_ln143_3)   --->   "%and_ln11_27 = and i1 %and_ln11_26, %tmp_36" [src/honeybee.c:11->src/honeybee.c:141->src/honeybee.c:161]   --->   Operation 249 'and' 'and_ln11_27' <Predicate = true> <Delay = 0.00> <Core = "LogicGate">   --->   Core 27 'LogicGate' <Latency = 0> <II = 1> <Delay = 0.80> <FuncUnit> <Opcode : 'and' 'or' 'xor'> <InPorts = 2> <OutPorts = 1>
ST_31 : Operation 250 [1/1] (0.80ns) (out node of the LUT)   --->   "%and_ln141_5 = and i1 %and_ln141_4, %and_ln11_25" [src/honeybee.c:141->src/honeybee.c:161]   --->   Operation 250 'and' 'and_ln141_5' <Predicate = true> <Delay = 0.80> <Core = "LogicGate">   --->   Core 27 'LogicGate' <Latency = 0> <II = 1> <Delay = 0.80> <FuncUnit> <Opcode : 'and' 'or' 'xor'> <InPorts = 2> <OutPorts = 1>
ST_31 : Operation 251 [1/1] (0.00ns) (grouped into LUT with out node or_ln143_3)   --->   "%bothEndPointsInGrid = and i1 %and_ln141_5, %and_ln11_27" [src/honeybee.c:141->src/honeybee.c:161]   --->   Operation 251 'and' 'bothEndPointsInGrid' <Predicate = true> <Delay = 0.00> <Core = "LogicGate">   --->   Core 27 'LogicGate' <Latency = 0> <II = 1> <Delay = 0.80> <FuncUnit> <Opcode : 'and' 'or' 'xor'> <InPorts = 2> <OutPorts = 1>
ST_31 : Operation 252 [1/1] (0.80ns) (out node of the LUT)   --->   "%or_ln143_3 = or i1 %f5, %bothEndPointsInGrid" [src/honeybee.c:143->src/honeybee.c:161]   --->   Operation 252 'or' 'or_ln143_3' <Predicate = true> <Delay = 0.80> <Core = "LogicGate">   --->   Core 27 'LogicGate' <Latency = 0> <II = 1> <Delay = 0.80> <FuncUnit> <Opcode : 'and' 'or' 'xor'> <InPorts = 2> <OutPorts = 1>

State 32 <SV = 31> <Delay = 3.74>
ST_32 : Operation 253 [1/1] (0.00ns)   --->   "%collisions_1_load_1 = load i64* %collisions_1" [src/honeybee.c:161]   --->   Operation 253 'load' 'collisions_1_load_1' <Predicate = true> <Delay = 0.00>
ST_32 : Operation 254 [1/1] (0.00ns)   --->   "call void (...)* @_ssdm_op_SpecLoopName([16 x i8]* @p_str2) nounwind" [src/honeybee.c:157]   --->   Operation 254 'specloopname' <Predicate = true> <Delay = 0.00>
ST_32 : Operation 255 [1/1] (0.00ns) (grouped into LUT with out node or_ln143_5)   --->   "%or_ln143 = or i1 %f2, %f3" [src/honeybee.c:143->src/honeybee.c:161]   --->   Operation 255 'or' 'or_ln143' <Predicate = true> <Delay = 0.00> <Core = "LogicGate">   --->   Core 27 'LogicGate' <Latency = 0> <II = 1> <Delay = 0.80> <FuncUnit> <Opcode : 'and' 'or' 'xor'> <InPorts = 2> <OutPorts = 1>
ST_32 : Operation 256 [1/1] (0.00ns) (grouped into LUT with out node or_ln143_5)   --->   "%or_ln143_1 = or i1 %or_ln143, %f1" [src/honeybee.c:143->src/honeybee.c:161]   --->   Operation 256 'or' 'or_ln143_1' <Predicate = true> <Delay = 0.00> <Core = "LogicGate">   --->   Core 27 'LogicGate' <Latency = 0> <II = 1> <Delay = 0.80> <FuncUnit> <Opcode : 'and' 'or' 'xor'> <InPorts = 2> <OutPorts = 1>
ST_32 : Operation 257 [1/1] (0.00ns) (grouped into LUT with out node or_ln143_5)   --->   "%or_ln143_2 = or i1 %f4, %f6" [src/honeybee.c:143->src/honeybee.c:161]   --->   Operation 257 'or' 'or_ln143_2' <Predicate = true> <Delay = 0.00> <Core = "LogicGate">   --->   Core 27 'LogicGate' <Latency = 0> <II = 1> <Delay = 0.80> <FuncUnit> <Opcode : 'and' 'or' 'xor'> <InPorts = 2> <OutPorts = 1>
ST_32 : Operation 258 [1/1] (0.00ns) (grouped into LUT with out node or_ln143_5)   --->   "%or_ln143_4 = or i1 %or_ln143_3, %or_ln143_2" [src/honeybee.c:143->src/honeybee.c:161]   --->   Operation 258 'or' 'or_ln143_4' <Predicate = true> <Delay = 0.00> <Core = "LogicGate">   --->   Core 27 'LogicGate' <Latency = 0> <II = 1> <Delay = 0.80> <FuncUnit> <Opcode : 'and' 'or' 'xor'> <InPorts = 2> <OutPorts = 1>
ST_32 : Operation 259 [1/1] (0.80ns) (out node of the LUT)   --->   "%or_ln143_5 = or i1 %or_ln143_4, %or_ln143_1" [src/honeybee.c:143->src/honeybee.c:161]   --->   Operation 259 'or' 'or_ln143_5' <Predicate = true> <Delay = 0.80> <Core = "LogicGate">   --->   Core 27 'LogicGate' <Latency = 0> <II = 1> <Delay = 0.80> <FuncUnit> <Opcode : 'and' 'or' 'xor'> <InPorts = 2> <OutPorts = 1>
ST_32 : Operation 260 [1/1] (0.00ns) (grouped into LUT with out node collisions)   --->   "%zext_ln157_1 = zext i7 %b_2 to i32" [src/honeybee.c:157]   --->   Operation 260 'zext' 'zext_ln157_1' <Predicate = true> <Delay = 0.00>
ST_32 : Operation 261 [1/1] (0.00ns) (grouped into LUT with out node collisions)   --->   "%shl_ln162 = shl i32 1, %zext_ln157_1" [src/honeybee.c:162]   --->   Operation 261 'shl' 'shl_ln162' <Predicate = true> <Delay = 0.00> <Core = "Shift">   --->   Core 28 'Shift' <Latency = 0> <II = 1> <Delay = 2.48> <FuncUnit> <Opcode : 'shl' 'lshr' 'ashr'> <InPorts = 2> <OutPorts = 1>
ST_32 : Operation 262 [1/1] (0.00ns) (grouped into LUT with out node collisions)   --->   "%select_ln161 = select i1 %or_ln143_5, i32 %shl_ln162, i32 0" [src/honeybee.c:161]   --->   Operation 262 'select' 'select_ln161' <Predicate = true> <Delay = 0.00> <Core = "Sel">   --->   Core 26 'Sel' <Latency = 0> <II = 1> <Delay = 0.70> <FuncUnit> <Opcode : 'select'> <InPorts = 3> <OutPorts = 1>
ST_32 : Operation 263 [1/1] (0.00ns) (grouped into LUT with out node collisions)   --->   "%sext_ln161 = sext i32 %select_ln161 to i64" [src/honeybee.c:161]   --->   Operation 263 'sext' 'sext_ln161' <Predicate = true> <Delay = 0.00>
ST_32 : Operation 264 [1/1] (2.48ns) (out node of the LUT)   --->   "%collisions = or i64 %sext_ln161, %collisions_1_load_1" [src/honeybee.c:161]   --->   Operation 264 'or' 'collisions' <Predicate = true> <Delay = 2.48> <Core = "LogicGate">   --->   Core 27 'LogicGate' <Latency = 0> <II = 1> <Delay = 0.80> <FuncUnit> <Opcode : 'and' 'or' 'xor'> <InPorts = 2> <OutPorts = 1>
ST_32 : Operation 265 [1/1] (1.31ns)   --->   "%add_ln164_1 = add i7 1, %b_2" [src/honeybee.c:164]   --->   Operation 265 'add' 'add_ln164_1' <Predicate = true> <Delay = 1.31> <Core = "AddSub">   --->   Core 14 'AddSub' <Latency = 0> <II = 1> <Delay = 1.31> <FuncUnit> <Opcode : 'add' 'sub'> <InPorts = 2> <OutPorts = 1>
ST_32 : Operation 266 [1/1] (0.46ns)   --->   "store i64 %collisions, i64* %collisions_1" [src/honeybee.c:157]   --->   Operation 266 'store' <Predicate = true> <Delay = 0.46>
ST_32 : Operation 267 [1/1] (0.00ns)   --->   "br label %3" [src/honeybee.c:157]   --->   Operation 267 'br' <Predicate = true> <Delay = 0.00>


============================================================
+ Verbose Summary: Timing violations
============================================================
Target clock period: 10ns, clock uncertainty: 1.25ns.

 <State 1>: 2.03ns
The critical path consists of the following:
	wire read on port 'edge_p2_z' (src/honeybee.c:11->src/honeybee.c:141->src/honeybee.c:161) [16]  (0 ns)
	'icmp' operation ('icmp_ln11_15', src/honeybee.c:11->src/honeybee.c:141->src/honeybee.c:161) [39]  (2.03 ns)

 <State 2>: 8.08ns
The critical path consists of the following:
	'phi' operation ('k') with incoming values : ('k', src/honeybee.c:155) [43]  (0 ns)
	'sitofp' operation ('grid.z', src/honeybee.c:160) [54]  (8.08 ns)

 <State 3>: 8.08ns
The critical path consists of the following:
	'sitofp' operation ('grid.z', src/honeybee.c:160) [54]  (8.08 ns)

 <State 4>: 8.08ns
The critical path consists of the following:
	'sitofp' operation ('grid.z', src/honeybee.c:160) [54]  (8.08 ns)

 <State 5>: 8.08ns
The critical path consists of the following:
	'sitofp' operation ('grid.z', src/honeybee.c:160) [54]  (8.08 ns)

 <State 6>: 8.59ns
The critical path consists of the following:
	'fadd' operation ('p_2_i', src/honeybee.c:107->src/honeybee.c:161) [55]  (8.59 ns)

 <State 7>: 8.59ns
The critical path consists of the following:
	'fadd' operation ('p_2_i', src/honeybee.c:107->src/honeybee.c:161) [55]  (8.59 ns)

 <State 8>: 8.59ns
The critical path consists of the following:
	'fadd' operation ('p_2_i', src/honeybee.c:107->src/honeybee.c:161) [55]  (8.59 ns)

 <State 9>: 8.59ns
The critical path consists of the following:
	'fadd' operation ('p_2_i', src/honeybee.c:107->src/honeybee.c:161) [55]  (8.59 ns)

 <State 10>: 4.2ns
The critical path consists of the following:
	'fcmp' operation ('tmp_s', src/honeybee.c:11->src/honeybee.c:141->src/honeybee.c:161) [59]  (4.2 ns)

 <State 11>: 4.2ns
The critical path consists of the following:
	'fcmp' operation ('tmp_s', src/honeybee.c:11->src/honeybee.c:141->src/honeybee.c:161) [59]  (4.2 ns)

 <State 12>: 8.08ns
The critical path consists of the following:
	'phi' operation ('j') with incoming values : ('j', src/honeybee.c:156) [68]  (0 ns)
	'sitofp' operation ('grid.y', src/honeybee.c:160) [79]  (8.08 ns)

 <State 13>: 8.08ns
The critical path consists of the following:
	'sitofp' operation ('grid.y', src/honeybee.c:160) [79]  (8.08 ns)

 <State 14>: 8.08ns
The critical path consists of the following:
	'sitofp' operation ('grid.y', src/honeybee.c:160) [79]  (8.08 ns)

 <State 15>: 8.08ns
The critical path consists of the following:
	'sitofp' operation ('grid.y', src/honeybee.c:160) [79]  (8.08 ns)

 <State 16>: 8.59ns
The critical path consists of the following:
	'fadd' operation ('p_i', src/honeybee.c:117->src/honeybee.c:161) [80]  (8.59 ns)

 <State 17>: 8.59ns
The critical path consists of the following:
	'fadd' operation ('p_i', src/honeybee.c:117->src/honeybee.c:161) [80]  (8.59 ns)

 <State 18>: 8.59ns
The critical path consists of the following:
	'fadd' operation ('p_i', src/honeybee.c:117->src/honeybee.c:161) [80]  (8.59 ns)

 <State 19>: 8.59ns
The critical path consists of the following:
	'fadd' operation ('p_i', src/honeybee.c:117->src/honeybee.c:161) [80]  (8.59 ns)

 <State 20>: 4.2ns
The critical path consists of the following:
	'fcmp' operation ('tmp_37', src/honeybee.c:11->src/honeybee.c:141->src/honeybee.c:161) [84]  (4.2 ns)

 <State 21>: 4.2ns
The critical path consists of the following:
	'fcmp' operation ('tmp_37', src/honeybee.c:11->src/honeybee.c:141->src/honeybee.c:161) [84]  (4.2 ns)

 <State 22>: 8.08ns
The critical path consists of the following:
	'phi' operation ('i') with incoming values : ('i', src/honeybee.c:157) [93]  (0 ns)
	'sitofp' operation ('grid.x', src/honeybee.c:160) [103]  (8.08 ns)

 <State 23>: 8.08ns
The critical path consists of the following:
	'sitofp' operation ('grid.x', src/honeybee.c:160) [103]  (8.08 ns)

 <State 24>: 8.08ns
The critical path consists of the following:
	'sitofp' operation ('grid.x', src/honeybee.c:160) [103]  (8.08 ns)

 <State 25>: 8.08ns
The critical path consists of the following:
	'sitofp' operation ('grid.x', src/honeybee.c:160) [103]  (8.08 ns)

 <State 26>: 8.75ns
The critical path consists of the following:
	'call' operation ('f1', src/honeybee.c:106->src/honeybee.c:161) to 'segmentIntersectsFac' [104]  (8.75 ns)

 <State 27>: 8.59ns
The critical path consists of the following:
	'fadd' operation ('p_1_i', src/honeybee.c:131->src/honeybee.c:161) [109]  (8.59 ns)

 <State 28>: 8.59ns
The critical path consists of the following:
	'fadd' operation ('p_1_i', src/honeybee.c:131->src/honeybee.c:161) [109]  (8.59 ns)

 <State 29>: 8.59ns
The critical path consists of the following:
	'fadd' operation ('p_1_i', src/honeybee.c:131->src/honeybee.c:161) [109]  (8.59 ns)

 <State 30>: 8.75ns
The critical path consists of the following:
	'call' operation ('f6', src/honeybee.c:131->src/honeybee.c:161) to 'segmentIntersectsFac' [110]  (8.75 ns)

 <State 31>: 8.2ns
The critical path consists of the following:
	'call' operation ('f6', src/honeybee.c:131->src/honeybee.c:161) to 'segmentIntersectsFac' [110]  (8.2 ns)

 <State 32>: 3.75ns
The critical path consists of the following:
	'or' operation ('or_ln143', src/honeybee.c:143->src/honeybee.c:161) [192]  (0 ns)
	'or' operation ('or_ln143_1', src/honeybee.c:143->src/honeybee.c:161) [193]  (0 ns)
	'or' operation ('or_ln143_5', src/honeybee.c:143->src/honeybee.c:161) [197]  (0.8 ns)
	'select' operation ('select_ln161', src/honeybee.c:161) [200]  (0 ns)
	'or' operation ('collisions', src/honeybee.c:161) [202]  (2.48 ns)
	'store' operation ('store_ln157', src/honeybee.c:157) of variable 'collisions', src/honeybee.c:161 on local variable 'collisions' [204]  (0.466 ns)


============================================================
+ Verbose Summary: Binding
============================================================
N/A
* FSMD analyzer results:
  - Output states:
 - Input state : 
  - Chain level:
	State 1
	State 2
	State 3
	State 4
	State 5
	State 6
	State 7
	State 8
	State 9
	State 10
	State 11
	State 12
	State 13
	State 14
	State 15
	State 16
	State 17
	State 18
	State 19
	State 20
	State 21
	State 22
	State 23
	State 24
	State 25
	State 26
	State 27
	State 28
	State 29
	State 30
	State 31
	State 32


============================================================
+ Verbose Summary: Datapath Resource usage 
============================================================
N/A
