==============================================================
Vivado(TM) HLS - High-Level Synthesis from C, C++ and SystemC v2019.2 (64-bit)
Copyright 1986-2019 Xilinx, Inc. All Rights Reserved.
==============================================================
INFO: [SYN 201-201] Setting up clock 'default' with a period of 10ns.
INFO: [HLS 200-10] Setting target device to 'xc7z030i-fbg484-2L'
INFO: [SCHED 204-61] Option 'relax_ii_for_timing' is enabled, will increase II to preserve clock frequency constraints.
INFO: [HLS 200-10] Analyzing design file 'src/honeybee.c' ... 
INFO: [HLS 200-111] Finished Linking Time (s): cpu = 00:00:11 ; elapsed = 00:00:14 . Memory (MB): peak = 965.715 ; gain = 526.004 ; free physical = 338 ; free virtual = 1966
INFO: [HLS 200-111] Finished Checking Pragmas Time (s): cpu = 00:00:11 ; elapsed = 00:00:14 . Memory (MB): peak = 965.715 ; gain = 526.004 ; free physical = 338 ; free virtual = 1966
INFO: [HLS 200-10] Starting code transformations ...
INFO: [HLS 200-111] Finished Standard Transforms Time (s): cpu = 00:00:14 ; elapsed = 00:00:20 . Memory (MB): peak = 965.715 ; gain = 526.004 ; free physical = 297 ; free virtual = 1929
INFO: [HLS 200-10] Checking synthesizability ...
INFO: [XFORM 203-602] Inlining function 'vector' into 'lineIntersectsPlane' (src/honeybee.c:63) automatically.
INFO: [XFORM 203-602] Inlining function 'crossProduct' into 'lineIntersectsPlane' (src/honeybee.c:67) automatically.
INFO: [XFORM 203-602] Inlining function 'dotProduct' into 'lineIntersectsPlane' (src/honeybee.c:70) automatically.
INFO: [XFORM 203-602] Inlining function 'paramT' into 'lineIntersectsPlane' (src/honeybee.c:73) automatically.
INFO: [XFORM 203-602] Inlining function 'pointOfIntersection' into 'lineIntersectsPlane' (src/honeybee.c:76) automatically.
INFO: [XFORM 203-602] Inlining function 'fp_struct<float>::mantissa' into 'generic_cast_IEEE754<int, (ap_q_mode)6, float>' (/wrk/2019.2/continuous/2019_11_06_2708876/src/products/hls/hls_lib/hlsmath/include/FloatingPoint/hls_case_IEEE754.h:15) automatically.
INFO: [XFORM 203-602] Inlining function 'fp_struct<float>::expv' into 'generic_cast_IEEE754<int, (ap_q_mode)6, float>' (/wrk/2019.2/continuous/2019_11_06_2708876/src/products/hls/hls_lib/hlsmath/include/FloatingPoint/hls_case_IEEE754.h:18) automatically.
INFO: [XFORM 203-602] Inlining function 'fp_struct<float>::__signbit' into 'generic_cast_IEEE754<int, (ap_q_mode)6, float>' (/wrk/2019.2/continuous/2019_11_06_2708876/src/products/hls/hls_lib/hlsmath/include/FloatingPoint/hls_case_IEEE754.h:59) automatically.
INFO: [XFORM 203-602] Inlining function 'generic_cast_IEEE754<int, (ap_q_mode)6, float>' into 'generic_cast_IEEE754<int, float>' (/wrk/2019.2/continuous/2019_11_06_2708876/src/products/hls/hls_lib/hlsmath/include/FloatingPoint/hls_case_IEEE754.h:117) automatically.
INFO: [XFORM 203-602] Inlining function 'generic_cast_IEEE754<int, float>' into '__hls_fptosi_float_i32' (/wrk/2019.2/continuous/2019_11_06_2708876/src/products/hls/hls_lib/hlsmath/src/lib_floatconversion.cpp:51) automatically.
INFO: [XFORM 203-602] Inlining function 'shiftAmount' into 'checkAxis' (src/honeybee.c:95) automatically.
INFO: [HLS 200-111] Finished Checking Synthesizability Time (s): cpu = 00:00:15 ; elapsed = 00:00:21 . Memory (MB): peak = 965.715 ; gain = 526.004 ; free physical = 263 ; free virtual = 1899
INFO: [XFORM 203-602] Inlining function 'vector' into 'lineIntersectsPlane' (src/honeybee.c:63) automatically.
INFO: [XFORM 203-602] Inlining function 'crossProduct' into 'lineIntersectsPlane' (src/honeybee.c:67) automatically.
INFO: [XFORM 203-602] Inlining function 'dotProduct' into 'lineIntersectsPlane' (src/honeybee.c:70) automatically.
INFO: [XFORM 203-602] Inlining function 'paramT' into 'lineIntersectsPlane' (src/honeybee.c:73) automatically.
INFO: [XFORM 203-602] Inlining function 'pointOfIntersection' into 'lineIntersectsPlane' (src/honeybee.c:76) automatically.
INFO: [XFORM 203-602] Inlining function 'fp_struct<float>::mantissa' into 'generic_cast_IEEE754<int, (ap_q_mode)6, float>' (/wrk/2019.2/continuous/2019_11_06_2708876/src/products/hls/hls_lib/hlsmath/include/FloatingPoint/hls_case_IEEE754.h:15) automatically.
INFO: [XFORM 203-602] Inlining function 'fp_struct<float>::expv' into 'generic_cast_IEEE754<int, (ap_q_mode)6, float>' (/wrk/2019.2/continuous/2019_11_06_2708876/src/products/hls/hls_lib/hlsmath/include/FloatingPoint/hls_case_IEEE754.h:18) automatically.
INFO: [XFORM 203-602] Inlining function 'fp_struct<float>::__signbit' into 'generic_cast_IEEE754<int, (ap_q_mode)6, float>' (/wrk/2019.2/continuous/2019_11_06_2708876/src/products/hls/hls_lib/hlsmath/include/FloatingPoint/hls_case_IEEE754.h:59) automatically.
INFO: [XFORM 203-602] Inlining function 'generic_cast_IEEE754<int, (ap_q_mode)6, float>' into 'generic_cast_IEEE754<int, float>' (/wrk/2019.2/continuous/2019_11_06_2708876/src/products/hls/hls_lib/hlsmath/include/FloatingPoint/hls_case_IEEE754.h:117) automatically.
INFO: [XFORM 203-602] Inlining function 'generic_cast_IEEE754<int, float>' into '__hls_fptosi_float_i32' (/wrk/2019.2/continuous/2019_11_06_2708876/src/products/hls/hls_lib/hlsmath/src/lib_floatconversion.cpp:51) automatically.
INFO: [XFORM 203-602] Inlining function '__hls_fptosi_float_i32' into 'checkAxis' (src/honeybee.c:95) automatically.
INFO: [XFORM 203-602] Inlining function 'shiftAmount' into 'checkAxis' (src/honeybee.c:95) automatically.
INFO: [XFORM 203-401] Performing if-conversion on hyperblock from (src/honeybee.c:49:47) to (src/honeybee.c:53:1) in function 'pointOnSegment'... converting 7 basic blocks.
INFO: [XFORM 203-401] Performing if-conversion on hyperblock from (src/honeybee.c:93:19) to (src/honeybee.c:92:28) in function 'checkAxis'... converting 3 basic blocks.
INFO: [XFORM 203-401] Performing if-conversion on hyperblock from (src/honeybee.c:103:19) to (src/honeybee.c:102:28) in function 'checkAxis'... converting 3 basic blocks.
INFO: [XFORM 203-401] Performing if-conversion on hyperblock from (src/honeybee.c:114:19) to (src/honeybee.c:113:28) in function 'checkAxis'... converting 3 basic blocks.
INFO: [XFORM 203-602] Inlining function 'lineIntersectsPlane' into 'checkAxis' (src/honeybee.c:93) automatically.
INFO: [XFORM 203-11] Balancing expressions in function 'pointOnSegment' (src/honeybee.c:49:1)...5 expression(s) balanced.
INFO: [XFORM 203-11] Balancing expressions in function 'checkAxis' (src/honeybee.c:85)...3 expression(s) balanced.
INFO: [HLS 200-111] Finished Pre-synthesis Time (s): cpu = 00:00:16 ; elapsed = 00:00:23 . Memory (MB): peak = 967.676 ; gain = 527.965 ; free physical = 195 ; free virtual = 1838
INFO: [HLS 200-111] Finished Architecture Synthesis Time (s): cpu = 00:00:17 ; elapsed = 00:00:24 . Memory (MB): peak = 967.680 ; gain = 527.969 ; free physical = 167 ; free virtual = 1811
INFO: [HLS 200-10] Starting hardware synthesis ...
INFO: [HLS 200-10] Synthesizing 'honeybee' ...
INFO: [HLS 200-10] ----------------------------------------------------------------
INFO: [HLS 200-42] -- Implementing module 'pointOnSegment' 
INFO: [HLS 200-10] ----------------------------------------------------------------
INFO: [SCHED 204-11] Starting scheduling ...
INFO: [SCHED 204-11] Finished scheduling.
INFO: [HLS 200-111]  Elapsed time: 23.69 seconds; current allocated memory: 244.902 MB.
INFO: [BIND 205-100] Starting micro-architecture generation ...
INFO: [BIND 205-101] Performing variable lifetime analysis.
INFO: [BIND 205-101] Exploring resource sharing.
INFO: [BIND 205-101] Binding ...
INFO: [BIND 205-100] Finished micro-architecture generation.
INFO: [HLS 200-111]  Elapsed time: 0.46 seconds; current allocated memory: 245.451 MB.
INFO: [HLS 200-10] ----------------------------------------------------------------
INFO: [HLS 200-42] -- Implementing module 'checkAxis' 
INFO: [HLS 200-10] ----------------------------------------------------------------
INFO: [SCHED 204-11] Starting scheduling ...
INFO: [SCHED 204-11] Finished scheduling.
INFO: [HLS 200-111]  Elapsed time: 1.48 seconds; current allocated memory: 247.133 MB.
INFO: [BIND 205-100] Starting micro-architecture generation ...
INFO: [BIND 205-101] Performing variable lifetime analysis.
INFO: [BIND 205-101] Exploring resource sharing.
INFO: [BIND 205-101] Binding ...
INFO: [BIND 205-100] Finished micro-architecture generation.
INFO: [HLS 200-111]  Elapsed time: 1.21 seconds; current allocated memory: 248.837 MB.
INFO: 