

================================================================
== Vivado HLS Report for 'honeybee'
================================================================
* Date:           Sun Mar 29 20:27:01 2020

* Version:        2019.2 (Build 2704478 on Wed Nov 06 22:10:23 MST 2019)
* Project:        honeybee_proj
* Solution:       HBD
* Product family: zynq
* Target device:  xc7z030i-fbg484-2L


================================================================
== Performance Estimates
================================================================
+ Timing: 
    * Summary: 
    +--------+----------+----------+------------+
    |  Clock |  Target  | Estimated| Uncertainty|
    +--------+----------+----------+------------+
    |ap_clk  | 10.00 ns | 9.478 ns |   1.25 ns  |
    +--------+----------+----------+------------+

+ Latency: 
    * Summary: 
    +---------+---------+----------+----------+-----+-----+---------+
    |  Latency (cycles) |  Latency (absolute) |  Interval | Pipeline|
    |   min   |   max   |    min   |    max   | min | max |   Type  |
    +---------+---------+----------+----------+-----+-----+---------+
    |      213|      213| 2.130 us | 2.130 us |  213|  213|   none  |
    +---------+---------+----------+----------+-----+-----+---------+

    + Detail: 
        * Instance: 
        +-----------------------+-------------+---------+---------+----------+----------+-----+-----+---------+
        |                       |             |  Latency (cycles) |  Latency (absolute) |  Interval | Pipeline|
        |        Instance       |    Module   |   min   |   max   |    min   |    max   | min | max |   Type  |
        +-----------------------+-------------+---------+---------+----------+----------+-----+-----+---------+
        |grp_checkAxis_1_fu_64  |checkAxis_1  |      212|      212| 2.120 us | 2.120 us |  212|  212|   none  |
        |grp_checkAxis_2_fu_80  |checkAxis_2  |      212|      212| 2.120 us | 2.120 us |  212|  212|   none  |
        |grp_checkAxis_0_fu_96  |checkAxis_0  |      212|      212| 2.120 us | 2.120 us |  212|  212|   none  |
        +-----------------------+-------------+---------+---------+----------+----------+-----+-----+---------+

        * Loop: 
        N/A



================================================================
== Utilization Estimates
================================================================
* Summary: 
+-----------------+---------+-------+--------+-------+-----+
|       Name      | BRAM_18K| DSP48E|   FF   |  LUT  | URAM|
+-----------------+---------+-------+--------+-------+-----+
|DSP              |        -|      -|       -|      -|    -|
|Expression       |        -|      -|       0|    129|    -|
|FIFO             |        -|      -|       -|      -|    -|
|Instance         |        -|     45|    9860|  21811|    -|
|Memory           |        -|      -|       -|      -|    -|
|Multiplexer      |        -|      -|       -|      3|    -|
|Register         |        -|      -|       5|      -|    -|
+-----------------+---------+-------+--------+-------+-----+
|Total            |        0|     45|    9865|  21943|    0|
+-----------------+---------+-------+--------+-------+-----+
|Available        |      530|    400|  157200|  78600|    0|
+-----------------+---------+-------+--------+-------+-----+
|Utilization (%)  |        0|     11|       6|     27|    0|
+-----------------+---------+-------+--------+-------+-----+

+ Detail: 
    * Instance: 
    +-----------------------+-------------+---------+-------+------+------+-----+
    |        Instance       |    Module   | BRAM_18K| DSP48E|  FF  |  LUT | URAM|
    +-----------------------+-------------+---------+-------+------+------+-----+
    |grp_checkAxis_0_fu_96  |checkAxis_0  |        0|     15|  3277|  7261|    0|
    |grp_checkAxis_1_fu_64  |checkAxis_1  |        0|     15|  3306|  7285|    0|
    |grp_checkAxis_2_fu_80  |checkAxis_2  |        0|     15|  3277|  7265|    0|
    +-----------------------+-------------+---------+-------+------+------+-----+
    |Total                  |             |        0|     45|  9860| 21811|    0|
    +-----------------------+-------------+---------+-------+------+------+-----+

    * DSP48E: 
    N/A

    * Memory: 
    N/A

    * FIFO: 
    N/A

    * Expression: 
    +---------------------------------+----------+-------+---+----+------------+------------+
    |          Variable Name          | Operation| DSP48E| FF| LUT| Bitwidth P0| Bitwidth P1|
    +---------------------------------+----------+-------+---+----+------------+------------+
    |ap_block_state2_on_subcall_done  |    or    |      0|  0|   1|           1|           1|
    |ap_return                        |    or    |      0|  0|  64|          64|          64|
    |or_ln159_fu_112_p2               |    or    |      0|  0|  64|          64|          64|
    +---------------------------------+----------+-------+---+----+------------+------------+
    |Total                            |          |      0|  0| 129|         129|         129|
    +---------------------------------+----------+-------+---+----+------------+------------+

    * Multiplexer: 
    +-----------+----+-----------+-----+-----------+
    |    Name   | LUT| Input Size| Bits| Total Bits|
    +-----------+----+-----------+-----+-----------+
    |ap_NS_fsm  |   3|          3|    1|          3|
    +-----------+----+-----------+-----+-----------+
    |Total      |   3|          3|    1|          3|
    +-----------+----+-----------+-----+-----------+

    * Register: 
    +------------------------------------+---+----+-----+-----------+
    |                Name                | FF| LUT| Bits| Const Bits|
    +------------------------------------+---+----+-----+-----------+
    |ap_CS_fsm                           |  2|   0|    2|          0|
    |grp_checkAxis_0_fu_96_ap_start_reg  |  1|   0|    1|          0|
    |grp_checkAxis_1_fu_64_ap_start_reg  |  1|   0|    1|          0|
    |grp_checkAxis_2_fu_80_ap_start_reg  |  1|   0|    1|          0|
    +------------------------------------+---+----+-----+-----------+
    |Total                               |  5|   0|    5|          0|
    +------------------------------------+---+----+-----+-----------+



================================================================
== Interface
================================================================
* Summary: 
+-----------+-----+-----+------------+--------------+--------------+
| RTL Ports | Dir | Bits|  Protocol  | Source Object|    C Type    |
+-----------+-----+-----+------------+--------------+--------------+
|ap_clk     |  in |    1| ap_ctrl_hs |   honeybee   | return value |
|ap_rst     |  in |    1| ap_ctrl_hs |   honeybee   | return value |
|ap_start   |  in |    1| ap_ctrl_hs |   honeybee   | return value |
|ap_done    | out |    1| ap_ctrl_hs |   honeybee   | return value |
|ap_idle    | out |    1| ap_ctrl_hs |   honeybee   | return value |
|ap_ready   | out |    1| ap_ctrl_hs |   honeybee   | return value |
|ap_return  | out |   64| ap_ctrl_hs |   honeybee   | return value |
|edge_p1_x  |  in |   32|   ap_none  |   edge_p1_x  |    scalar    |
|edge_p1_y  |  in |   32|   ap_none  |   edge_p1_y  |    scalar    |
|edge_p1_z  |  in |   32|   ap_none  |   edge_p1_z  |    scalar    |
|edge_p2_x  |  in |   32|   ap_none  |   edge_p2_x  |    scalar    |
|edge_p2_y  |  in |   32|   ap_none  |   edge_p2_y  |    scalar    |
|edge_p2_z  |  in |   32|   ap_none  |   edge_p2_z  |    scalar    |
+-----------+-----+-----+------------+--------------+--------------+

============================================================
+ Verbose Summary: Synthesis Manager
============================================================
InlineROM: 1
ExposeGlobal: 0
============================================================
+ Verbose Summary: CDFG Model
============================================================
IsTopModel: 1
ResetActiveHigh: 1
IsCombinational: 2
IsDatapathOnly: 2
HasWiredReturn: 1
HasMFsm: 0
HasVarLatency: 1
IsPipeline: 0
IsRtlPipelined: 0
IsInstanceOverlapped: 0
IsDontTouch: 0
HasImplIP: 0
IsGatedGlobalClock: 0


============================================================
+ Verbose Summary: Schedule
============================================================
* Number of FSM states : 2
* Pipeline : 0
* Dataflow Pipeline: 0

* FSM state transitions: 
1 --> 2 
2 --> 

* FSM state operations: 

State 1 <SV = 0> <Delay = 8.58>
ST_1 : Operation 3 [1/1] (0.00ns)   --->   "%edge_p2_z_read = call float @_ssdm_op_Read.ap_auto.float(float %edge_p2_z)" [src/honeybee.c:145]   --->   Operation 3 'read' 'edge_p2_z_read' <Predicate = true> <Delay = 0.00>
ST_1 : Operation 4 [1/1] (0.00ns)   --->   "%edge_p2_y_read = call float @_ssdm_op_Read.ap_auto.float(float %edge_p2_y)" [src/honeybee.c:145]   --->   Operation 4 'read' 'edge_p2_y_read' <Predicate = true> <Delay = 0.00>
ST_1 : Operation 5 [1/1] (0.00ns)   --->   "%edge_p2_x_read = call float @_ssdm_op_Read.ap_auto.float(float %edge_p2_x)" [src/honeybee.c:145]   --->   Operation 5 'read' 'edge_p2_x_read' <Predicate = true> <Delay = 0.00>
ST_1 : Operation 6 [1/1] (0.00ns)   --->   "%edge_p1_z_read = call float @_ssdm_op_Read.ap_auto.float(float %edge_p1_z)" [src/honeybee.c:145]   --->   Operation 6 'read' 'edge_p1_z_read' <Predicate = true> <Delay = 0.00>
ST_1 : Operation 7 [1/1] (0.00ns)   --->   "%edge_p1_y_read = call float @_ssdm_op_Read.ap_auto.float(float %edge_p1_y)" [src/honeybee.c:145]   --->   Operation 7 'read' 'edge_p1_y_read' <Predicate = true> <Delay = 0.00>
ST_1 : Operation 8 [1/1] (0.00ns)   --->   "%edge_p1_x_read = call float @_ssdm_op_Read.ap_auto.float(float %edge_p1_x)" [src/honeybee.c:145]   --->   Operation 8 'read' 'edge_p1_x_read' <Predicate = true> <Delay = 0.00>
ST_1 : Operation 9 [2/2] (8.58ns)   --->   "%collisions_z = call fastcc i64 @checkAxis.2(float %edge_p1_x_read, float %edge_p1_y_read, float %edge_p1_z_read, float %edge_p2_x_read, float %edge_p2_y_read, float %edge_p2_z_read)" [src/honeybee.c:152]   --->   Operation 9 'call' 'collisions_z' <Predicate = true> <Delay = 8.58> <CoreType = "Generic">   --->   Core 0 '' <Latency = 0> <II = 1> <Delay = 1.00> <Generic> <Opcode : >
ST_1 : Operation 10 [2/2] (8.58ns)   --->   "%collisions_y = call fastcc i64 @checkAxis.0(float %edge_p1_x_read, float %edge_p1_z_read, float %edge_p1_y_read, float %edge_p2_x_read, float %edge_p2_z_read, float %edge_p2_y_read)" [src/honeybee.c:154]   --->   Operation 10 'call' 'collisions_y' <Predicate = true> <Delay = 8.58> <CoreType = "Generic">   --->   Core 0 '' <Latency = 0> <II = 1> <Delay = 1.00> <Generic> <Opcode : >
ST_1 : Operation 11 [2/2] (8.58ns)   --->   "%collisions_x = call fastcc i64 @checkAxis.1(float %edge_p1_z_read, float %edge_p1_y_read, float %edge_p1_x_read, float %edge_p2_z_read, float %edge_p2_y_read, float %edge_p2_x_read)" [src/honeybee.c:156]   --->   Operation 11 'call' 'collisions_x' <Predicate = true> <Delay = 8.58> <CoreType = "Generic">   --->   Core 0 '' <Latency = 0> <II = 1> <Delay = 1.00> <Generic> <Opcode : >

State 2 <SV = 1> <Delay = 0.80>
ST_2 : Operation 12 [1/1] (0.00ns)   --->   "call void (...)* @_ssdm_op_SpecBitsMap(float %edge_p1_x), !map !39"   --->   Operation 12 'specbitsmap' <Predicate = true> <Delay = 0.00>
ST_2 : Operation 13 [1/1] (0.00ns)   --->   "call void (...)* @_ssdm_op_SpecBitsMap(float %edge_p1_y), !map !45"   --->   Operation 13 'specbitsmap' <Predicate = true> <Delay = 0.00>
ST_2 : Operation 14 [1/1] (0.00ns)   --->   "call void (...)* @_ssdm_op_SpecBitsMap(float %edge_p1_z), !map !49"   --->   Operation 14 'specbitsmap' <Predicate = true> <Delay = 0.00>
ST_2 : Operation 15 [1/1] (0.00ns)   --->   "call void (...)* @_ssdm_op_SpecBitsMap(float %edge_p2_x), !map !53"   --->   Operation 15 'specbitsmap' <Predicate = true> <Delay = 0.00>
ST_2 : Operation 16 [1/1] (0.00ns)   --->   "call void (...)* @_ssdm_op_SpecBitsMap(float %edge_p2_y), !map !57"   --->   Operation 16 'specbitsmap' <Predicate = true> <Delay = 0.00>
ST_2 : Operation 17 [1/1] (0.00ns)   --->   "call void (...)* @_ssdm_op_SpecBitsMap(float %edge_p2_z), !map !61"   --->   Operation 17 'specbitsmap' <Predicate = true> <Delay = 0.00>
ST_2 : Operation 18 [1/1] (0.00ns)   --->   "call void (...)* @_ssdm_op_SpecBitsMap(i64 0) nounwind, !map !65"   --->   Operation 18 'specbitsmap' <Predicate = true> <Delay = 0.00>
ST_2 : Operation 19 [1/1] (0.00ns)   --->   "call void (...)* @_ssdm_op_SpecTopModule([9 x i8]* @honeybee_str) nounwind"   --->   Operation 19 'spectopmodule' <Predicate = true> <Delay = 0.00>
ST_2 : Operation 20 [1/2] (0.00ns)   --->   "%collisions_z = call fastcc i64 @checkAxis.2(float %edge_p1_x_read, float %edge_p1_y_read, float %edge_p1_z_read, float %edge_p2_x_read, float %edge_p2_y_read, float %edge_p2_z_read)" [src/honeybee.c:152]   --->   Operation 20 'call' 'collisions_z' <Predicate = true> <Delay = 0.00> <CoreType = "Generic">   --->   Core 0 '' <Latency = 0> <II = 1> <Delay = 1.00> <Generic> <Opcode : >
ST_2 : Operation 21 [1/2] (0.00ns)   --->   "%collisions_y = call fastcc i64 @checkAxis.0(float %edge_p1_x_read, float %edge_p1_z_read, float %edge_p1_y_read, float %edge_p2_x_read, float %edge_p2_z_read, float %edge_p2_y_read)" [src/honeybee.c:154]   --->   Operation 21 'call' 'collisions_y' <Predicate = true> <Delay = 0.00> <CoreType = "Generic">   --->   Core 0 '' <Latency = 0> <II = 1> <Delay = 1.00> <Generic> <Opcode : >
ST_2 : Operation 22 [1/2] (0.00ns)   --->   "%collisions_x = call fastcc i64 @checkAxis.1(float %edge_p1_z_read, float %edge_p1_y_read, float %edge_p1_x_read, float %edge_p2_z_read, float %edge_p2_y_read, float %edge_p2_x_read)" [src/honeybee.c:156]   --->   Operation 22 'call' 'collisions_x' <Predicate = true> <Delay = 0.00> <CoreType = "Generic">   --->   Core 0 '' <Latency = 0> <II = 1> <Delay = 1.00> <Generic> <Opcode : >
ST_2 : Operation 23 [1/1] (0.00ns) (grouped into LUT with out node collisions)   --->   "%or_ln159 = or i64 %collisions_z, %collisions_x" [src/honeybee.c:159]   --->   Operation 23 'or' 'or_ln159' <Predicate = true> <Delay = 0.00> <Core = "LogicGate">   --->   Core 27 'LogicGate' <Latency = 0> <II = 1> <Delay = 0.80> <FuncUnit> <Opcode : 'and' 'or' 'xor'> <InPorts = 2> <OutPorts = 1>
ST_2 : Operation 24 [1/1] (0.80ns) (out node of the LUT)   --->   "%collisions = or i64 %or_ln159, %collisions_y" [src/honeybee.c:159]   --->   Operation 24 'or' 'collisions' <Predicate = true> <Delay = 0.80> <Core = "LogicGate">   --->   Core 27 'LogicGate' <Latency = 0> <II = 1> <Delay = 0.80> <FuncUnit> <Opcode : 'and' 'or' 'xor'> <InPorts = 2> <OutPorts = 1>
ST_2 : Operation 25 [1/1] (0.00ns)   --->   "ret i64 %collisions" [src/honeybee.c:160]   --->   Operation 25 'ret' <Predicate = true> <Delay = 0.00>


============================================================
+ Verbose Summary: Binding
============================================================
STG Binding: 
---------------- STG Properties BEGIN ----------------
- Is combinational: 0
- Is one-state seq: 0
- Is datapath-only: 0
- Is pipelined: 0
- Is top level: 1
Port [ Return ] is wired: 1; IO mode=ap_ctrl_hs:ce=0
Port [ edge_p1_x]:  wired=1; compound=0; hidden=0; nouse=0; global=0; static=0; extern=0; dir=0; type=0; pingpong=0; private_global=0; IO mode=ap_none:ce=0
Port [ edge_p1_y]:  wired=1; compound=0; hidden=0; nouse=0; global=0; static=0; extern=0; dir=0; type=0; pingpong=0; private_global=0; IO mode=ap_none:ce=0
Port [ edge_p1_z]:  wired=1; compound=0; hidden=0; nouse=0; global=0; static=0; extern=0; dir=0; type=0; pingpong=0; private_global=0; IO mode=ap_none:ce=0
Port [ edge_p2_x]:  wired=1; compound=0; hidden=0; nouse=0; global=0; static=0; extern=0; dir=0; type=0; pingpong=0; private_global=0; IO mode=ap_none:ce=0
Port [ edge_p2_y]:  wired=1; compound=0; hidden=0; nouse=0; global=0; static=0; extern=0; dir=0; type=0; pingpong=0; private_global=0; IO mode=ap_none:ce=0
Port [ edge_p2_z]:  wired=1; compound=0; hidden=0; nouse=0; global=0; static=0; extern=0; dir=0; type=0; pingpong=0; private_global=0; IO mode=ap_none:ce=0
---------------- STG Properties END ------------------

---------------- Datapath Model BEGIN ----------------

<LifeTime>
<method=bitvector/>
edge_p2_z_read    (read         ) [ 001]
edge_p2_y_read    (read         ) [ 001]
edge_p2_x_read    (read         ) [ 001]
edge_p1_z_read    (read         ) [ 001]
edge_p1_y_read    (read         ) [ 001]
edge_p1_x_read    (read         ) [ 001]
specbitsmap_ln0   (specbitsmap  ) [ 000]
specbitsmap_ln0   (specbitsmap  ) [ 000]
specbitsmap_ln0   (specbitsmap  ) [ 000]
specbitsmap_ln0   (specbitsmap  ) [ 000]
specbitsmap_ln0   (specbitsmap  ) [ 000]
specbitsmap_ln0   (specbitsmap  ) [ 000]
specbitsmap_ln0   (specbitsmap  ) [ 000]
spectopmodule_ln0 (spectopmodule) [ 000]
collisions_z      (call         ) [ 000]
collisions_y      (call         ) [ 000]
collisions_x      (call         ) [ 000]
or_ln159          (or           ) [ 000]
collisions        (or           ) [ 000]
ret_ln160         (ret          ) [ 000]
</LifeTime>

<model>

<comp_list>
<comp id="0" class="1000" name="edge_p1_x">
<pin_list>
<pin id="1" dir="1" index="0" bw="1" slack="0"/>
</pin_list>
<bind>
<StgValue><ssdm name="edge_p1_x"/></StgValue>
</bind>
</comp>

<comp id="2" class="1000" name="edge_p1_y">
<pin_list>
<pin id="3" dir="1" index="0" bw="1" slack="0"/>
</pin_list>
<bind>
<StgValue><ssdm name="edge_p1_y"/></StgValue>
</bind>
</comp>

<comp id="4" class="1000" name="edge_p1_z">
<pin_list>
<pin id="5" dir="1" index="0" bw="1" slack="0"/>
</pin_list>
<bind>
<StgValue><ssdm name="edge_p1_z"/></StgValue>
</bind>
</comp>

<comp id="6" class="1000" name="edge_p2_x">
<pin_list>
<pin id="7" dir="1" index="0" bw="1" slack="0"/>
</pin_list>
<bind>
<StgValue><ssdm name="edge_p2_x"/></StgValue>
</bind>
</comp>

<comp id="8" class="1000" name="edge_p2_y">
<pin_list>
<pin id="9" dir="1" index="0" bw="1" slack="0"/>
</pin_list>
<bind>
<StgValue><ssdm name="edge_p2_y"/></StgValue>
</bind>
</comp>

<comp id="10" class="1000" name="edge_p2_z">
<pin_list>
<pin id="11" dir="1" index="0" bw="1" slack="0"/>
</pin_list>
<bind>
<StgValue><ssdm name="edge_p2_z"/></StgValue>
</bind>
</comp>

<comp id="12" class="1001" name="const_12">
<pin_list>
<pin id="13" dir="1" index="0" bw="1" slack="0"/>
</pin_list>
<bind>
<StgValue><ssdm name="_ssdm_op_Read.ap_auto.float"/></StgValue>
</bind>
</comp>

<comp id="14" class="1001" name="const_14">
<pin_list>
<pin id="15" dir="1" index="0" bw="1" slack="0"/>
</pin_list>
<bind>
<StgValue><ssdm name="checkAxis.2"/></StgValue>
</bind>
</comp>

<comp id="16" class="1001" name="const_16">
<pin_list>
<pin id="17" dir="1" index="0" bw="1" slack="0"/>
</pin_list>
<bind>
<StgValue><ssdm name="checkAxis.0"/></StgValue>
</bind>
</comp>

<comp id="18" class="1001" name="const_18">
<pin_list>
<pin id="19" dir="1" index="0" bw="1" slack="0"/>
</pin_list>
<bind>
<StgValue><ssdm name="checkAxis.1"/></StgValue>
</bind>
</comp>

<comp id="20" class="1001" name="const_20">
<pin_list>
<pin id="21" dir="1" index="0" bw="1" slack="2147483647"/>
</pin_list>
<bind>
<StgValue><ssdm name="_ssdm_op_SpecBitsMap"/></StgValue>
</bind>
</comp>

<comp id="22" class="1001" name="const_22">
<pin_list>
<pin id="23" dir="1" index="0" bw="1" slack="2147483647"/>
</pin_list>
<bind>
<StgValue><ssdm name=""/></StgValue>
</bind>
</comp>

<comp id="24" class="1001" name="const_24">
<pin_list>
<pin id="25" dir="1" index="0" bw="1" slack="2147483647"/>
</pin_list>
<bind>
<StgValue><ssdm name="_ssdm_op_SpecTopModule"/></StgValue>
</bind>
</comp>

<comp id="26" class="1001" name="const_26">
<pin_list>
<pin id="27" dir="1" index="0" bw="1" slack="2147483647"/>
</pin_list>
<bind>
<StgValue><ssdm name="honeybee_str"/></StgValue>
</bind>
</comp>

<comp id="28" class="1004" name="edge_p2_z_read_read_fu_28">
<pin_list>
<pin id="29" dir="0" index="0" bw="32" slack="0"/>
<pin id="30" dir="0" index="1" bw="32" slack="0"/>
<pin id="31" dir="1" index="2" bw="32" slack="0"/>
</pin_list>
<bind>
<opcode="read(1150) " fcode="read"/>
<opset="edge_p2_z_read/1 "/>
</bind>
</comp>

<comp id="34" class="1004" name="edge_p2_y_read_read_fu_34">
<pin_list>
<pin id="35" dir="0" index="0" bw="32" slack="0"/>
<pin id="36" dir="0" index="1" bw="32" slack="0"/>
<pin id="37" dir="1" index="2" bw="32" slack="0"/>
</pin_list>
<bind>
<opcode="read(1150) " fcode="read"/>
<opset="edge_p2_y_read/1 "/>
</bind>
</comp>

<comp id="40" class="1004" name="edge_p2_x_read_read_fu_40">
<pin_list>
<pin id="41" dir="0" index="0" bw="32" slack="0"/>
<pin id="42" dir="0" index="1" bw="32" slack="0"/>
<pin id="43" dir="1" index="2" bw="32" slack="0"/>
</pin_list>
<bind>
<opcode="read(1150) " fcode="read"/>
<opset="edge_p2_x_read/1 "/>
</bind>
</comp>

<comp id="46" class="1004" name="edge_p1_z_read_read_fu_46">
<pin_list>
<pin id="47" dir="0" index="0" bw="32" slack="0"/>
<pin id="48" dir="0" index="1" bw="32" slack="0"/>
<pin id="49" dir="1" index="2" bw="32" slack="0"/>
</pin_list>
<bind>
<opcode="read(1150) " fcode="read"/>
<opset="edge_p1_z_read/1 "/>
</bind>
</comp>

<comp id="52" class="1004" name="edge_p1_y_read_read_fu_52">
<pin_list>
<pin id="53" dir="0" index="0" bw="32" slack="0"/>
<pin id="54" dir="0" index="1" bw="32" slack="0"/>
<pin id="55" dir="1" index="2" bw="32" slack="0"/>
</pin_list>
<bind>
<opcode="read(1150) " fcode="read"/>
<opset="edge_p1_y_read/1 "/>
</bind>
</comp>

<comp id="58" class="1004" name="edge_p1_x_read_read_fu_58">
<pin_list>
<pin id="59" dir="0" index="0" bw="32" slack="0"/>
<pin id="60" dir="0" index="1" bw="32" slack="0"/>
<pin id="61" dir="1" index="2" bw="32" slack="0"/>
</pin_list>
<bind>
<opcode="read(1150) " fcode="read"/>
<opset="edge_p1_x_read/1 "/>
</bind>
</comp>

<comp id="64" class="1004" name="grp_checkAxis_1_fu_64">
<pin_list>
<pin id="65" dir="0" index="0" bw="64" slack="0"/>
<pin id="66" dir="0" index="1" bw="32" slack="0"/>
<pin id="67" dir="0" index="2" bw="32" slack="0"/>
<pin id="68" dir="0" index="3" bw="32" slack="0"/>
<pin id="69" dir="0" index="4" bw="32" slack="0"/>
<pin id="70" dir="0" index="5" bw="32" slack="0"/>
<pin id="71" dir="0" index="6" bw="32" slack="0"/>
<pin id="72" dir="1" index="7" bw="64" slack="0"/>
</pin_list>
<bind>
<opcode="call(48) " fcode="call"/>
<opset="collisions_x/1 "/>
</bind>
</comp>

<comp id="80" class="1004" name="grp_checkAxis_2_fu_80">
<pin_list>
<pin id="81" dir="0" index="0" bw="64" slack="0"/>
<pin id="82" dir="0" index="1" bw="32" slack="0"/>
<pin id="83" dir="0" index="2" bw="32" slack="0"/>
<pin id="84" dir="0" index="3" bw="32" slack="0"/>
<pin id="85" dir="0" index="4" bw="32" slack="0"/>
<pin id="86" dir="0" index="5" bw="32" slack="0"/>
<pin id="87" dir="0" index="6" bw="32" slack="0"/>
<pin id="88" dir="1" index="7" bw="64" slack="0"/>
</pin_list>
<bind>
<opcode="call(48) " fcode="call"/>
<opset="collisions_z/1 "/>
</bind>
</comp>

<comp id="96" class="1004" name="grp_checkAxis_0_fu_96">
<pin_list>
<pin id="97" dir="0" index="0" bw="64" slack="0"/>
<pin id="98" dir="0" index="1" bw="32" slack="0"/>
<pin id="99" dir="0" index="2" bw="32" slack="0"/>
<pin id="100" dir="0" index="3" bw="32" slack="0"/>
<pin id="101" dir="0" index="4" bw="32" slack="0"/>
<pin id="102" dir="0" index="5" bw="32" slack="0"/>
<pin id="103" dir="0" index="6" bw="32" slack="0"/>
<pin id="104" dir="1" index="7" bw="64" slack="0"/>
</pin_list>
<bind>
<opcode="call(48) " fcode="call"/>
<opset="collisions_y/1 "/>
</bind>
</comp>

<comp id="112" class="1004" name="or_ln159_fu_112">
<pin_list>
<pin id="113" dir="0" index="0" bw="64" slack="0"/>
<pin id="114" dir="0" index="1" bw="64" slack="0"/>
<pin id="115" dir="1" index="2" bw="64" slack="0"/>
</pin_list>
<bind>
<opcode="or(24) " fcode="or"/>
<opset="or_ln159/2 "/>
</bind>
</comp>

<comp id="118" class="1004" name="collisions_fu_118">
<pin_list>
<pin id="119" dir="0" index="0" bw="64" slack="0"/>
<pin id="120" dir="0" index="1" bw="64" slack="0"/>
<pin id="121" dir="1" index="2" bw="64" slack="2147483647"/>
</pin_list>
<bind>
<opcode="or(24) " fcode="or"/>
<opset="collisions/2 "/>
</bind>
</comp>

<comp id="124" class="1005" name="edge_p2_z_read_reg_124">
<pin_list>
<pin id="125" dir="0" index="0" bw="32" slack="1"/>
<pin id="126" dir="1" index="1" bw="32" slack="1"/>
</pin_list>
<bind>
<opset="edge_p2_z_read "/>
</bind>
</comp>

<comp id="131" class="1005" name="edge_p2_y_read_reg_131">
<pin_list>
<pin id="132" dir="0" index="0" bw="32" slack="1"/>
<pin id="133" dir="1" index="1" bw="32" slack="1"/>
</pin_list>
<bind>
<opset="edge_p2_y_read "/>
</bind>
</comp>

<comp id="138" class="1005" name="edge_p2_x_read_reg_138">
<pin_list>
<pin id="139" dir="0" index="0" bw="32" slack="1"/>
<pin id="140" dir="1" index="1" bw="32" slack="1"/>
</pin_list>
<bind>
<opset="edge_p2_x_read "/>
</bind>
</comp>

<comp id="145" class="1005" name="edge_p1_z_read_reg_145">
<pin_list>
<pin id="146" dir="0" index="0" bw="32" slack="1"/>
<pin id="147" dir="1" index="1" bw="32" slack="1"/>
</pin_list>
<bind>
<opset="edge_p1_z_read "/>
</bind>
</comp>

<comp id="152" class="1005" name="edge_p1_y_read_reg_152">
<pin_list>
<pin id="153" dir="0" index="0" bw="32" slack="1"/>
<pin id="154" dir="1" index="1" bw="32" slack="1"/>
</pin_list>
<bind>
<opset="edge_p1_y_read "/>
</bind>
</comp>

<comp id="159" class="1005" name="edge_p1_x_read_reg_159">
<pin_list>
<pin id="160" dir="0" index="0" bw="32" slack="1"/>
<pin id="161" dir="1" index="1" bw="32" slack="1"/>
</pin_list>
<bind>
<opset="edge_p1_x_read "/>
</bind>
</comp>

</comp_list>

<net_list>
<net id="32"><net_src comp="12" pin="0"/><net_sink comp="28" pin=0"/></net>

<net id="33"><net_src comp="10" pin="0"/><net_sink comp="28" pin=1"/></net>

<net id="38"><net_src comp="12" pin="0"/><net_sink comp="34" pin=0"/></net>

<net id="39"><net_src comp="8" pin="0"/><net_sink comp="34" pin=1"/></net>

<net id="44"><net_src comp="12" pin="0"/><net_sink comp="40" pin=0"/></net>

<net id="45"><net_src comp="6" pin="0"/><net_sink comp="40" pin=1"/></net>

<net id="50"><net_src comp="12" pin="0"/><net_sink comp="46" pin=0"/></net>

<net id="51"><net_src comp="4" pin="0"/><net_sink comp="46" pin=1"/></net>

<net id="56"><net_src comp="12" pin="0"/><net_sink comp="52" pin=0"/></net>

<net id="57"><net_src comp="2" pin="0"/><net_sink comp="52" pin=1"/></net>

<net id="62"><net_src comp="12" pin="0"/><net_sink comp="58" pin=0"/></net>

<net id="63"><net_src comp="0" pin="0"/><net_sink comp="58" pin=1"/></net>

<net id="73"><net_src comp="18" pin="0"/><net_sink comp="64" pin=0"/></net>

<net id="74"><net_src comp="46" pin="2"/><net_sink comp="64" pin=1"/></net>

<net id="75"><net_src comp="52" pin="2"/><net_sink comp="64" pin=2"/></net>

<net id="76"><net_src comp="58" pin="2"/><net_sink comp="64" pin=3"/></net>

<net id="77"><net_src comp="28" pin="2"/><net_sink comp="64" pin=4"/></net>

<net id="78"><net_src comp="34" pin="2"/><net_sink comp="64" pin=5"/></net>

<net id="79"><net_src comp="40" pin="2"/><net_sink comp="64" pin=6"/></net>

<net id="89"><net_src comp="14" pin="0"/><net_sink comp="80" pin=0"/></net>

<net id="90"><net_src comp="58" pin="2"/><net_sink comp="80" pin=1"/></net>

<net id="91"><net_src comp="52" pin="2"/><net_sink comp="80" pin=2"/></net>

<net id="92"><net_src comp="46" pin="2"/><net_sink comp="80" pin=3"/></net>

<net id="93"><net_src comp="40" pin="2"/><net_sink comp="80" pin=4"/></net>

<net id="94"><net_src comp="34" pin="2"/><net_sink comp="80" pin=5"/></net>

<net id="95"><net_src comp="28" pin="2"/><net_sink comp="80" pin=6"/></net>

<net id="105"><net_src comp="16" pin="0"/><net_sink comp="96" pin=0"/></net>

<net id="106"><net_src comp="58" pin="2"/><net_sink comp="96" pin=1"/></net>

<net id="107"><net_src comp="46" pin="2"/><net_sink comp="96" pin=2"/></net>

<net id="108"><net_src comp="52" pin="2"/><net_sink comp="96" pin=3"/></net>

<net id="109"><net_src comp="40" pin="2"/><net_sink comp="96" pin=4"/></net>

<net id="110"><net_src comp="28" pin="2"/><net_sink comp="96" pin=5"/></net>

<net id="111"><net_src comp="34" pin="2"/><net_sink comp="96" pin=6"/></net>

<net id="116"><net_src comp="80" pin="7"/><net_sink comp="112" pin=0"/></net>

<net id="117"><net_src comp="64" pin="7"/><net_sink comp="112" pin=1"/></net>

<net id="122"><net_src comp="112" pin="2"/><net_sink comp="118" pin=0"/></net>

<net id="123"><net_src comp="96" pin="7"/><net_sink comp="118" pin=1"/></net>

<net id="127"><net_src comp="28" pin="2"/><net_sink comp="124" pin=0"/></net>

<net id="128"><net_src comp="124" pin="1"/><net_sink comp="80" pin=6"/></net>

<net id="129"><net_src comp="124" pin="1"/><net_sink comp="96" pin=5"/></net>

<net id="130"><net_src comp="124" pin="1"/><net_sink comp="64" pin=4"/></net>

<net id="134"><net_src comp="34" pin="2"/><net_sink comp="131" pin=0"/></net>

<net id="135"><net_src comp="131" pin="1"/><net_sink comp="80" pin=5"/></net>

<net id="136"><net_src comp="131" pin="1"/><net_sink comp="96" pin=6"/></net>

<net id="137"><net_src comp="131" pin="1"/><net_sink comp="64" pin=5"/></net>

<net id="141"><net_src comp="40" pin="2"/><net_sink comp="138" pin=0"/></net>

<net id="142"><net_src comp="138" pin="1"/><net_sink comp="80" pin=4"/></net>

<net id="143"><net_src comp="138" pin="1"/><net_sink comp="96" pin=4"/></net>

<net id="144"><net_src comp="138" pin="1"/><net_sink comp="64" pin=6"/></net>

<net id="148"><net_src comp="46" pin="2"/><net_sink comp="145" pin=0"/></net>

<net id="149"><net_src comp="145" pin="1"/><net_sink comp="80" pin=3"/></net>

<net id="150"><net_src comp="145" pin="1"/><net_sink comp="96" pin=2"/></net>

<net id="151"><net_src comp="145" pin="1"/><net_sink comp="64" pin=1"/></net>

<net id="155"><net_src comp="52" pin="2"/><net_sink comp="152" pin=0"/></net>

<net id="156"><net_src comp="152" pin="1"/><net_sink comp="80" pin=2"/></net>

<net id="157"><net_src comp="152" pin="1"/><net_sink comp="96" pin=3"/></net>

<net id="158"><net_src comp="152" pin="1"/><net_sink comp="64" pin=2"/></net>

<net id="162"><net_src comp="58" pin="2"/><net_sink comp="159" pin=0"/></net>

<net id="163"><net_src comp="159" pin="1"/><net_sink comp="80" pin=1"/></net>

<net id="164"><net_src comp="159" pin="1"/><net_sink comp="96" pin=1"/></net>

<net id="165"><net_src comp="159" pin="1"/><net_sink comp="64" pin=3"/></net>

</net_list>

</model> 
---------------- Datapath Model END ------------------

* FSMD analyzer results:
  - Output states:
 - Input state : 
	Port: honeybee : edge_p1_x | {1 }
	Port: honeybee : edge_p1_y | {1 }
	Port: honeybee : edge_p1_z | {1 }
	Port: honeybee : edge_p2_x | {1 }
	Port: honeybee : edge_p2_y | {1 }
	Port: honeybee : edge_p2_z | {1 }
  - Chain level:
	State 1
	State 2
		or_ln159 : 1
		collisions : 1
		ret_ln160 : 1


============================================================
+ Verbose Summary: Datapath Resource usage 
============================================================

* Functional unit list:
|----------|---------------------------|---------|---------|---------|---------|
| Operation|      Functional Unit      |  DSP48E |  Delay  |    FF   |   LUT   |
|----------|---------------------------|---------|---------|---------|---------|
|          |   grp_checkAxis_1_fu_64   |    15   |  17.712 |   3503  |   6732  |
|   call   |   grp_checkAxis_2_fu_80   |    15   |  17.712 |   3477  |   6712  |
|          |   grp_checkAxis_0_fu_96   |    15   |  17.712 |   3477  |   6708  |
|----------|---------------------------|---------|---------|---------|---------|
|    or    |      or_ln159_fu_112      |    0    |    0    |    0    |    64   |
|          |     collisions_fu_118     |    0    |    0    |    0    |    64   |
|----------|---------------------------|---------|---------|---------|---------|
|          | edge_p2_z_read_read_fu_28 |    0    |    0    |    0    |    0    |
|          | edge_p2_y_read_read_fu_34 |    0    |    0    |    0    |    0    |
|   read   | edge_p2_x_read_read_fu_40 |    0    |    0    |    0    |    0    |
|          | edge_p1_z_read_read_fu_46 |    0    |    0    |    0    |    0    |
|          | edge_p1_y_read_read_fu_52 |    0    |    0    |    0    |    0    |
|          | edge_p1_x_read_read_fu_58 |    0    |    0    |    0    |    0    |
|----------|---------------------------|---------|---------|---------|---------|
|   Total  |                           |    45   |  53.136 |  10457  |  20280  |
|----------|---------------------------|---------|---------|---------|---------|

Memories:
N/A

* Register list:
+----------------------+--------+
|                      |   FF   |
+----------------------+--------+
|edge_p1_x_read_reg_159|   32   |
|edge_p1_y_read_reg_152|   32   |
|edge_p1_z_read_reg_145|   32   |
|edge_p2_x_read_reg_138|   32   |
|edge_p2_y_read_reg_131|   32   |
|edge_p2_z_read_reg_124|   32   |
+----------------------+--------+
|         Total        |   192  |
+----------------------+--------+

* Multiplexer (MUX) list: 
|-----------------------|------|------|------|--------||---------||---------|
|          Comp         |  Pin | Size |  BW  | S x BW ||  Delay  ||   LUT   |
|-----------------------|------|------|------|--------||---------||---------|
| grp_checkAxis_1_fu_64 |  p1  |   2  |  32  |   64   ||    3    |
| grp_checkAxis_1_fu_64 |  p2  |   2  |  32  |   64   ||    3    |
| grp_checkAxis_1_fu_64 |  p3  |   2  |  32  |   64   ||    3    |
| grp_checkAxis_1_fu_64 |  p4  |   2  |  32  |   64   ||    3    |
| grp_checkAxis_1_fu_64 |  p5  |   2  |  32  |   64   ||    3    |
| grp_checkAxis_1_fu_64 |  p6  |   2  |  32  |   64   ||    3    |
| grp_checkAxis_2_fu_80 |  p1  |   2  |  32  |   64   ||    3    |
| grp_checkAxis_2_fu_80 |  p2  |   2  |  32  |   64   ||    3    |
| grp_checkAxis_2_fu_80 |  p3  |   2  |  32  |   64   ||    3    |
| grp_checkAxis_2_fu_80 |  p4  |   2  |  32  |   64   ||    3    |
| grp_checkAxis_2_fu_80 |  p5  |   2  |  32  |   64   ||    3    |
| grp_checkAxis_2_fu_80 |  p6  |   2  |  32  |   64   ||    3    |
| grp_checkAxis_0_fu_96 |  p1  |   2  |  32  |   64   ||    3    |
| grp_checkAxis_0_fu_96 |  p2  |   2  |  32  |   64   ||    3    |
| grp_checkAxis_0_fu_96 |  p3  |   2  |  32  |   64   ||    3    |
| grp_checkAxis_0_fu_96 |  p4  |   2  |  32  |   64   ||    3    |
| grp_checkAxis_0_fu_96 |  p5  |   2  |  32  |   64   ||    3    |
| grp_checkAxis_0_fu_96 |  p6  |   2  |  32  |   64   ||    3    |
|-----------------------|------|------|------|--------||---------||---------|
|         Total         |      |      |      |  1152  ||  8.388  ||    54   |
|-----------------------|------|------|------|--------||---------||---------|



* Summary:
+-----------+--------+--------+--------+--------+
|           | DSP48E |  Delay |   FF   |   LUT  |
+-----------+--------+--------+--------+--------+
|  Function |   45   |   53   |  10457 |  20280 |
|   Memory  |    -   |    -   |    -   |    -   |
|Multiplexer|    -   |    8   |    -   |   54   |
|  Register |    -   |    -   |   192  |    -   |
+-----------+--------+--------+--------+--------+
|   Total   |   45   |   61   |  10649 |  20334 |
+-----------+--------+--------+--------+--------+
