==============================================================
Vivado(TM) HLS - High-Level Synthesis from C, C++ and SystemC v2019.2 (64-bit)
Copyright 1986-2019 Xilinx, Inc. All Rights Reserved.
==============================================================
INFO: [SYN 201-201] Setting up clock 'default' with a period of 10ns.
WARNING: [HLS 200-40] Cannot find library '/tools/Xilinx/Vivado/2019.2/common/technology/xilinx/Virtex-7/Virtex-7.lib'.
WARNING: [HLS 200-40] Cannot find library 'xilinx/Virtex-7/Virtex-7'.
INFO: [HLS 200-10] Setting target device to 'xc7vx485t-ffg1157-1'
INFO: [SCHED 204-61] Option 'relax_ii_for_timing' is enabled, will increase II to preserve clock frequency constraints.
INFO: [HLS 200-10] Analyzing design file 'src/honeybee.c' ... 
INFO: [HLS 200-111] Finished Linking Time (s): cpu = 00:00:10 ; elapsed = 00:00:15 . Memory (MB): peak = 898.746 ; gain = 459.035 ; free physical = 134 ; free virtual = 1164
INFO: [HLS 200-111] Finished Checking Pragmas Time (s): cpu = 00:00:10 ; elapsed = 00:00:15 . Memory (MB): peak = 898.746 ; gain = 459.035 ; free physical = 134 ; free virtual = 1164
INFO: [HLS 200-10] Starting code transformations ...
INFO: [HLS 200-111] Finished Standard Transforms Time (s): cpu = 00:00:11 ; elapsed = 00:00:16 . Memory (MB): peak = 898.746 ; gain = 459.035 ; free physical = 134 ; free virtual = 1164
INFO: [HLS 200-10] Checking synthesizability ...
INFO: [XFORM 203-602] Inlining function 'lessThan' into 'lineIntersectPrism' (src/honeybee.c:60) automatically.
INFO: [XFORM 203-602] Inlining function 'minFloat3' into 'lineIntersectPrism' (src/honeybee.c:62) automatically.
INFO: [XFORM 203-602] Inlining function 'greaterThan' into 'lineIntersectPrism' (src/honeybee.c:65) automatically.
INFO: [XFORM 203-602] Inlining function 'maxFloat3' into 'lineIntersectPrism' (src/honeybee.c:67) automatically.
INFO: [HLS 200-111] Finished Checking Synthesizability Time (s): cpu = 00:00:11 ; elapsed = 00:00:16 . Memory (MB): peak = 898.746 ; gain = 459.035 ; free physical = 134 ; free virtual = 1164
INFO: [XFORM 203-502] Unrolling all sub-loops inside loop 'honeybee_label4' (src/honeybee.c:77) in function 'honeybee' for pipelining.
WARNING: [XFORM 203-505] Ignored pipeline directive for loop 'honeybee_label3' (src/honeybee.c:78) because its parent loop or function is pipelined.
INFO: [HLS 200-489] Unrolling loop 'honeybee_label3' (src/honeybee.c:78) in function 'honeybee' completely with a factor of 4.
INFO: [XFORM 203-602] Inlining function 'lessThan' into 'lineIntersectPrism' (src/honeybee.c:60) automatically.
INFO: [XFORM 203-602] Inlining function 'minFloat3' into 'lineIntersectPrism' (src/honeybee.c:62) automatically.
INFO: [XFORM 203-602] Inlining function 'greaterThan' into 'lineIntersectPrism' (src/honeybee.c:65) automatically.
INFO: [XFORM 203-602] Inlining function 'maxFloat3' into 'lineIntersectPrism' (src/honeybee.c:67) automatically.
INFO: [XFORM 203-401] Performing if-conversion on hyperblock from (src/honeybee.c:13:22) to (src/honeybee.c:70:5) in function 'lineIntersectPrism'... converting 7 basic blocks.
INFO: [HLS 200-111] Finished Pre-synthesis Time (s): cpu = 00:00:11 ; elapsed = 00:00:17 . Memory (MB): peak = 898.746 ; gain = 459.035 ; free physical = 116 ; free virtual = 1147
INFO: [XFORM 203-541] Flattening a loop nest 'Loop-1' (src/honeybee.c:76:14) in function 'honeybee'.
INFO: [HLS 200-111] Finished Architecture Synthesis Time (s): cpu = 00:00:11 ; elapsed = 00:00:17 . Memory (MB): peak = 898.746 ; gain = 459.035 ; free physical = 116 ; free virtual = 1146
INFO: [HLS 200-10] Starting hardware synthesis ...
INFO: [HLS 200-10] Synthesizing 'honeybee' ...
INFO: [HLS 200-10] ----------------------------------------------------------------
INFO: [HLS 200-42] -- Implementing module 'lineIntersectPrism' 
INFO: [HLS 200-10] ----------------------------------------------------------------
INFO: [SCHED 204-11] Starting scheduling ...
INFO: [SCHED 204-61] Pipelining function 'lineIntersectPrism'.
INFO: [SCHED 204-61] Pipelining result : Target II = 1, Final II = 1, Depth = 22.
INFO: [SCHED 204-11] Finished scheduling.
INFO: [HLS 200-111]  Elapsed time: 17.74 seconds; current allocated memory: 113.875 MB.
INFO: [BIND 205-100] Starting micro-architecture generation ...
INFO: [BIND 205-101] Performing variable lifetime analysis.
INFO: [BIND 205-101] Exploring resource sharing.
INFO: [BIND 205-101] Binding ...
INFO: [BIND 205-100] Finished micro-architecture generation.
INFO: [HLS 200-111]  Elapsed time: 0.73 seconds; current allocated memory: 114.494 MB.
INFO: [HLS 200-10] ----------------------------------------------------------------
INFO: [HLS 200-42] -- Implementing module 'honeybee' 
INFO: [HLS 200-10] ----------------------------------------------------------------
INFO: [SCHED 204-11] Starting scheduling ...
INFO: [SCHED 204-61] Pipelining loop 'L_honeybee_label4'.
INFO: [SCHED 204-61] Pipelining result : Target II = 1, Final II = 1, Depth = 28.
WARNING: [SCHED 204-21] Estimated clock period (8.976ns) exceeds the target (target clock period: 10ns, clock uncertainty: 1.25ns, effective delay budget: 8.75ns).
WARNING: [SCHED 204-21] The critical path in module 'honeybee' consists of the following:
	'add' operation ('add_ln80_2', src/honeybee.c:80) [51]  (1.63 ns)
	'select' operation ('select_ln80_2', src/honeybee.c:80) [52]  (0.613 ns)
	'add' operation ('add_ln80_3', src/honeybee.c:80) [54]  (1.63 ns)
	'select' operation ('select_ln80_3', src/honeybee.c:80) [55]  (0.613 ns)
	'phi' operation ('collisionCount_1', src/honeybee.c:80) with incoming values : ('select_ln80_3', src/honeybee.c:80) [26]  (0 ns)
	'add' operation ('add_ln80', src/honeybee.c:80) [45]  (1.63 ns)
	'select' operation ('select_ln80', src/honeybee.c:80) [46]  (0.613 ns)
	'add' operation ('add_ln80_1', src/honeybee.c:80) [48]  (1.63 ns)
	'select' operation ('select_ln80_1', src/honeybee.c:80) [49]  (0.613 ns)
INFO: [SCHED 204-11] Finished scheduling.
INFO: [HLS 200-111]  Elapsed time: 0.89 seconds; current allocated memory: 114.967 MB.
INFO: [BIND 205-100] Starting micro-architecture generation ...
INFO: [BIND 205-101] Performing variable lifetime analysis.
INFO: [BIND 205-101] Exploring resource sharing.
INFO: [BIND 205-101] Binding ...
INFO: [BIND 205-100] Finished micro-architecture generation.
INFO: [HLS 200-111]  Elapsed time: 0.89 seconds; current allocated memory: 115.689 MB.
INFO: [HLS 200-10] ----------------------------------------------------------------
INFO: [HLS 200-10] -- Generating RTL for module 'lineIntersectPrism' 
INFO: [HLS 200-10] ----------------------------------------------------------------
INFO: [SYN 201-210] Renamed object name 'honeybee_fsub_32ns_32ns_32_4_full_dsp_1' to 'honeybee_fsub_32nbkb' due to the length limit 20
INFO: [SYN 201-210] Renamed object name 'honeybee_fadd_32ns_32ns_32_4_full_dsp_1' to 'honeybee_fadd_32ncud' due to the length limit 20
INFO: [SYN 201-210] Renamed object name 'honeybee_fdiv_32ns_32ns_32_10_1' to 'honeybee_fdiv_32ndEe' due to the length limit 20
INFO: [SYN 201-210] Renamed object name 'honeybee_fcmp_32ns_32ns_1_2_1' to 'honeybee_fcmp_32neOg' due to the length limit 20
INFO: [RTGEN 206-100] Generating core module 'honeybee_fadd_32ncud': 3 instance(s).
INFO: [RTGEN 206-100] Generating core module 'honeybee_fcmp_32neOg': 7 instance(s).
INFO: [RTGEN 206-100] Generating core module 'honeybee_fdiv_32ndEe': 6 instance(s).
INFO: [RTGEN 206-100] Generating core module 'honeybee_fsub_32nbkb': 6 instance(s).
INFO: [RTGEN 206-100] Finished creating RTL model for 'lineIntersectPrism'.
INFO: [HLS 200-111]  Elapsed time: 1.5 seconds; current allocated memory: 117.322 MB.
INFO: [HLS 200-10] ----------------------------------------------------------------
INFO: [HLS 200-10] -- Generating RTL for module 'honeybee' 
INFO: [HLS 200-10] ----------------------------------------------------------------
INFO: [RTGEN 206-500] Setting interface mode on port 'honeybee/edge_p1_x' to 'ap_none'.
INFO: [RTGEN 206-500] Setting interface mode on port 'honeybee/edge_p1_y' to 'ap_none'.
INFO: [RTGEN 206-500] Setting interface mode on port 'honeybee/edge_p1_z' to 'ap_none'.
INFO: [RTGEN 206-500] Setting interface mode on port 'honeybee/edge_p2_x' to 'ap_none'.
INFO: [RTGEN 206-500] Setting interface mode on port 'honeybee/edge_p2_y' to 'ap_none'.
INFO: [RTGEN 206-500] Setting interface mode on port 'honeybee/edge_p2_z' to 'ap_none'.
INFO: [RTGEN 206-500] Setting interface mode on function 'honeybee' to 'ap_ctrl_hs'.
==============================================================
Vivado(TM) HLS - High-Level Synthesis from C, C++ and SystemC v2019.2 (64-bit)
Copyright 1986-2019 Xilinx, Inc. All Rights Reserved.
==============================================================
INFO: [SYN 201-201] Setting up clock 'default' with a period of 10ns.
WARNING: [HLS 200-40] Cannot find library '/tools/Xilinx/Vivado/2019.2/common/technology/xilinx/Virtex-7/Virtex-7.lib'.
WARNING: [HLS 200-40] Cannot find library 'xilinx/Virtex-7/Virtex-7'.
INFO: [HLS 200-10] Setting target device to 'xc7vx485t-ffg1157-1'
INFO: [SCHED 204-61] Option 'relax_ii_for_timing' is enabled, will increase II to preserve clock frequency constraints.
INFO: [HLS 200-10] Analyzing design file 'src/honeybee.c' ... 
INFO: [HLS 200-111] Finished Linking Time (s): cpu = 00:00:10 ; elapsed = 00:00:17 . Memory (MB): peak = 965.715 ; gain = 526.004 ; free physical = 138 ; free virtual = 1080
INFO: [HLS 200-111] Finished Checking Pragmas Time (s): cpu = 00:00:10 ; elapsed = 00:00:17 . Memory (MB): peak = 965.715 ; gain = 526.004 ; free physical = 138 ; free virtual = 1080
INFO: [HLS 200-10] Starting code transformations ...
INFO: [HLS 200-111] Finished Standard Transforms Time (s): cpu = 00:00:11 ; elapsed = 00:00:18 . Memory (MB): peak = 965.715 ; gain = 526.004 ; free physical = 138 ; free virtual = 1080
INFO: [HLS 200-10] Checking synthesizability ...
INFO: [XFORM 203-602] Inlining function 'lessThan' into 'lineIntersectPrism' (src/honeybee.c:60) automatically.
INFO: [XFORM 203-602] Inlining function 'minFloat3' into 'lineIntersectPrism' (src/honeybee.c:62) automatically.
INFO: [XFORM 203-602] Inlining function 'greaterThan' into 'lineIntersectPrism' (src/honeybee.c:65) automatically.
INFO: [XFORM 203-602] Inlining function 'maxFloat3' into 'lineIntersectPrism' (src/honeybee.c:67) automatically.
INFO: [HLS 200-111] Finished Checking Synthesizability Time (s): cpu = 00:00:11 ; elapsed = 00:00:18 . Memory (MB): peak = 965.715 ; gain = 526.004 ; free physical = 138 ; free virtual = 1080
INFO: [XFORM 203-502] Unrolling all sub-loops inside loop 'honeybee_label4' (src/honeybee.c:77) in function 'honeybee' for pipelining.
WARNING: [XFORM 203-505] Ignored pipeline directive for loop 'honeybee_label3' (src/honeybee.c:78) because its parent loop or function is pipelined.
INFO: [HLS 200-489] Unrolling loop 'honeybee_label3' (src/honeybee.c:78) in function 'honeybee' completely with a factor of 8.
INFO: [XFORM 203-602] Inlining function 'lessThan' into 'lineIntersectPrism' (src/honeybee.c:60) automatically.
INFO: [XFORM 203-602] Inlining function 'minFloat3' into 'lineIntersectPrism' (src/honeybee.c:62) automatically.
INFO: [XFORM 203-602] Inlining function 'greaterThan' into 'lineIntersectPrism' (src/honeybee.c:65) automatically.
INFO: [XFORM 203-602] Inlining function 'maxFloat3' into 'lineIntersectPrism' (src/honeybee.c:67) automatically.
INFO: [XFORM 203-401] Performing if-conversion on hyperblock from (src/honeybee.c:13:22) to (src/honeybee.c:70:5) in function 'lineIntersectPrism'... converting 7 basic blocks.
INFO: [HLS 200-111] Finished Pre-synthesis Time (s): cpu = 00:00:11 ; elapsed = 00:00:19 . Memory (MB): peak = 965.715 ; gain = 526.004 ; free physical = 124 ; free virtual = 1066
INFO: [XFORM 203-541] Flattening a loop nest 'honeybee_label5' (src/honeybee.c:76:43) in function 'honeybee'.
INFO: [HLS 200-111] Finished Architecture Synthesis Time (s): cpu = 00:00:11 ; elapsed = 00:00:19 . Memory (MB): peak = 965.715 ; gain = 526.004 ; free physical = 123 ; free virtual = 1066
INFO: [HLS 200-10] Starting hardware synthesis ...
INFO: [HLS 200-10] Synthesizing 'honeybee' ...
INFO: [HLS 200-10] ----------------------------------------------------------------
INFO: [HLS 200-42] -- Implementing module 'lineIntersectPrism' 
INFO: [HLS 200-10] ----------------------------------------------------------------
INFO: [SCHED 204-11] Starting scheduling ...
INFO: [SCHED 204-61] Pipelining function 'lineIntersectPrism'.
INFO: [SCHED 204-61] Pipelining result : Target II = 1, Final II = 1, Depth = 22.
INFO: [SCHED 204-11] Finished scheduling.
INFO: [HLS 200-111]  Elapsed time: 19.51 seconds; current allocated memory: 114.068 MB.
INFO: [BIND 205-100] Starting micro-architecture generation ...
INFO: [BIND 205-101] Performing variable lifetime analysis.
INFO: [BIND 205-101] Exploring resource sharing.
INFO: [BIND 205-101] Binding ...
INFO: [BIND 205-100] Finished micro-architecture generation.
INFO: [HLS 200-111]  Elapsed time: 0.76 seconds; current allocated memory: 114.672 MB.
INFO: [HLS 200-10] ----------------------------------------------------------------
INFO: [HLS 200-42] -- Implementing module 'honeybee' 
INFO: [HLS 200-10] ----------------------------------------------------------------
INFO: [SCHED 204-11] Starting scheduling ...
INFO: [SCHED 204-61] Pipelining loop 'honeybee_label5_honeybee_label4'.
WARNING: [SCHED 204-68] The II Violation in module 'honeybee' (Loop: honeybee_label5_honeybee_label4): Unable to enforce a carried dependence constraint (II = 1, distance = 1, offset = 1)
   between 'select' operation ('select_ln80_4', src/honeybee.c:80) and 'add' operation ('add_ln80', src/honeybee.c:80).
WARNING: [SCHED 204-68] The II Violation in module 'honeybee' (Loop: honeybee_label5_honeybee_label4): Unable to enforce a carried dependence constraint (II = 2, distance = 1, offset = 1)
   between 'add' operation ('add_ln80_7', src/honeybee.c:80) and 'add' operation ('add_ln80_2', src/honeybee.c:80).
INFO: [SCHED 204-61] Pipelining result : Target II = 1, Final II = 3, Depth = 30.
INFO: [SCHED 204-11] Finished scheduling.
INFO: [HLS 200-111]  Elapsed time: 1.06 seconds; current allocated memory: 115.271 MB.
INFO: [BIND 205-100] Starting micro-architecture generation ...
INFO: [BIND 205-101] Performing variable lifetime analysis.
INFO: [BIND 205-101] Exploring resource sharing.
INFO: [BIND 205-101] Binding ...
INFO: [BIND 205-100] Finished micro-architecture generation.
INFO: [HLS 200-111]  Elapsed time: 0.91 seconds; current allocated memory: 116.379 MB.
INFO: [HLS 200-10] ----------------------------------------------------------------
INFO: [HLS 200-10] -- Generating RTL for module 'lineIntersectPrism' 
INFO: [HLS 200-10] ----------------------------------------------------------------
INFO: [SYN 201-210] Renamed object name 'honeybee_fsub_32ns_32ns_32_4_full_dsp_0' to 'honeybee_fsub_32nbkb' due to the length limit 20
INFO: [SYN 201-210] Renamed object name 'honeybee_fadd_32ns_32ns_32_4_full_dsp_0' to 'honeybee_fadd_32ncud' due to the length limit 20
INFO: [SYN 201-210] Renamed object name 'honeybee_fdiv_32ns_32ns_32_10_0' to 'honeybee_fdiv_32ndEe' due to the length limit 20
INFO: [SYN 201-210] Renamed object name 'honeybee_fcmp_32ns_32ns_1_2_0' to 'honeybee_fcmp_32neOg' due to the length limit 20
INFO: [RTGEN 206-100] Generating core module 'honeybee_fadd_32ncud': 3 instance(s).
INFO: [RTGEN 206-100] Generating core module 'honeybee_fcmp_32neOg': 7 instance(s).
INFO: [RTGEN 206-100] Generating core module 'honeybee_fdiv_32ndEe': 6 instance(s).
INFO: [RTGEN 206-100] Generating core module 'honeybee_fsub_32nbkb': 6 instance(s).
INFO: [RTGEN 206-100] Finished creating RTL model for 'lineIntersectPrism'.
INFO: [HLS 200-111]  Elapsed time: 1.6 seconds; current allocated memory: 117.925 MB.
INFO: [HLS 200-10] ----------------------------------------------------------------
INFO: [HLS 200-10] -- Generating RTL for module 'honeybee' 
INFO: [HLS 200-10] ----------------------------------------------------------------
INFO: [RTGEN 206-500] Setting interface mode on port 'honeybee/edge_p1_x' to 'ap_none'.
INFO: [RTGEN 206-500] Setting interface mode on port 'honeybee/edge_p1_y' to 'ap_none'.
INFO: [RTGEN 206-500] Setting interface mode on port 'honeybee/edge_p1_z' to 'ap_none'.
INFO: [RTGEN 206-500] Setting interface mode on port 'honeybee/edge_p2_x' to 'ap_none'.
INFO: [RTGEN 206-500] Setting interface mode on port 'honeybee/edge_p2_y' to 'ap_none'.
INFO: [RTGEN 206-500] Setting interface mode on port 'honeybee/edge_p2_z' to 'ap_none'.
INFO: [RTGEN 206-500] Setting interface mode on function 'honeybee' to 'ap_ctrl_hs'.
INFO: [SYN 201-210] Renamed object name 'honeybee_sitofp_32ns_32_4_1' to 'honeybee_sitofp_3fYi' due to the length limit 20
INFO: [RTGEN 206-100] Generating core module 'honeybee_sitofp_3fYi': 1 instance(s).
INFO: [RTGEN 206-100] Finished creating RTL model for 'honeybee'.
