==============================================================
Vivado(TM) HLS - High-Level Synthesis from C, C++ and SystemC v2019.2 (64-bit)
Copyright 1986-2019 Xilinx, Inc. All Rights Reserved.
==============================================================
INFO: [SYN 201-201] Setting up clock 'default' with a period of 10ns.
INFO: [HLS 200-10] Setting target device to 'xc7z030i-fbg484-2L'
INFO: [SCHED 204-61] Option 'relax_ii_for_timing' is enabled, will increase II to preserve clock frequency constraints.
INFO: [HLS 200-10] Analyzing design file 'src/honeybee.c' ... 
INFO: [HLS 200-111] Finished Linking Time (s): cpu = 00:00:11 ; elapsed = 00:00:16 . Memory (MB): peak = 965.715 ; gain = 526.004 ; free physical = 143 ; free virtual = 1851
INFO: [HLS 200-111] Finished Checking Pragmas Time (s): cpu = 00:00:11 ; elapsed = 00:00:16 . Memory (MB): peak = 965.715 ; gain = 526.004 ; free physical = 143 ; free virtual = 1851
INFO: [HLS 200-10] Starting code transformations ...
INFO: [HLS 200-111] Finished Standard Transforms Time (s): cpu = 00:00:13 ; elapsed = 00:00:18 . Memory (MB): peak = 965.715 ; gain = 526.004 ; free physical = 143 ; free virtual = 1851
INFO: [HLS 200-10] Checking synthesizability ...
INFO: [XFORM 203-602] Inlining function 'vector' into 'segmentIntersectsFace' (src/honeybee.c:78) automatically.
INFO: [XFORM 203-602] Inlining function 'crossProduct' into 'segmentIntersectsFace' (src/honeybee.c:82) automatically.
INFO: [XFORM 203-602] Inlining function 'dotProduct' into 'segmentIntersectsFace' (src/honeybee.c:85) automatically.
INFO: [XFORM 203-602] Inlining function 'paramT' into 'segmentIntersectsFace' (src/honeybee.c:88) automatically.
INFO: [XFORM 203-602] Inlining function 'pointOfIntersection' into 'segmentIntersectsFace' (src/honeybee.c:91) automatically.
INFO: [XFORM 203-602] Inlining function 'pointOnSegment' into 'segmentIntersectsFace' (src/honeybee.c:94) automatically.
INFO: [XFORM 203-602] Inlining function 'pointOnFace' into 'segmentIntersectsFace' (src/honeybee.c:97) automatically.
INFO: [HLS 200-111] Finished Checking Synthesizability Time (s): cpu = 00:00:13 ; elapsed = 00:00:18 . Memory (MB): peak = 965.715 ; gain = 526.004 ; free physical = 143 ; free virtual = 1851
INFO: [HLS 200-489] Unrolling loop 'honeybee_label1' (src/honeybee.c:156) in function 'honeybee' completely with a factor of 4.
INFO: [HLS 200-489] Unrolling loop 'honeybee_label0' (src/honeybee.c:157) in function 'honeybee' completely with a factor of 4.
INFO: [XFORM 203-602] Inlining function 'vector' into 'segmentIntersectsFace' (src/honeybee.c:78) automatically.
INFO: [XFORM 203-602] Inlining function 'crossProduct' into 'segmentIntersectsFace' (src/honeybee.c:82) automatically.
INFO: [XFORM 203-602] Inlining function 'dotProduct' into 'segmentIntersectsFace' (src/honeybee.c:85) automatically.
INFO: [XFORM 203-602] Inlining function 'paramT' into 'segmentIntersectsFace' (src/honeybee.c:88) automatically.
INFO: [XFORM 203-602] Inlining function 'pointOfIntersection' into 'segmentIntersectsFace' (src/honeybee.c:91) automatically.
INFO: [XFORM 203-602] Inlining function 'pointOnSegment' into 'segmentIntersectsFace' (src/honeybee.c:94) automatically.
INFO: [XFORM 203-602] Inlining function 'pointOnFace' into 'segmentIntersectsFace' (src/honeybee.c:97) automatically.
INFO: [XFORM 203-602] Inlining function 'pointInGrid' into 'segmentIntersectsGrid' (src/honeybee.c:141) automatically.
INFO: [XFORM 203-401] Performing if-conversion on hyperblock from (src/honeybee.c:106:10) to (src/honeybee.c:143:5) in function 'segmentIntersectsGrid'... converting 4 basic blocks.
INFO: [XFORM 203-401] Performing if-conversion on hyperblock from (src/honeybee.c:71:5) to (src/honeybee.c:100:1) in function 'segmentIntersectsFace'... converting 9 basic blocks.
INFO: [XFORM 203-401] Performing if-conversion on hyperblock from (src/honeybee.c:155:49) to (src/honeybee.c:155:42) in function 'honeybee'... converting 33 basic blocks.
INFO: [XFORM 203-11] Balancing expressions in function 'segmentIntersectsGrid' (src/honeybee.c:11:5)...14 expression(s) balanced.
INFO: [XFORM 203-11] Balancing expressions in function 'segmentIntersectsFace' (src/honeybee.c:19:1)...10 expression(s) balanced.
INFO: [XFORM 203-11] Balancing expressions in function 'honeybee' (src/honeybee.c:155:42)...16 expression(s) balanced.
INFO: [HLS 200-111] Finished Pre-synthesis Time (s): cpu = 00:00:13 ; elapsed = 00:00:20 . Memory (MB): peak = 965.715 ; gain = 526.004 ; free physical = 127 ; free virtual = 1835
WARNING: [XFORM 203-631] Renaming function 'segmentIntersectsGrid' to 'segmentIntersectsGri' (src/honeybee.c:11:5)
WARNING: [XFORM 203-631] Renaming function 'segmentIntersectsFace' to 'segmentIntersectsFac' (src/honeybee.c:19:1)
INFO: [HLS 200-111] Finished Architecture Synthesis Time (s): cpu = 00:00:14 ; elapsed = 00:00:21 . Memory (MB): peak = 965.715 ; gain = 526.004 ; free physical = 116 ; free virtual = 1824
INFO: [HLS 200-10] Starting hardware synthesis ...
INFO: [HLS 200-10] Synthesizing 'honeybee' ...
INFO: [HLS 200-10] ----------------------------------------------------------------
INFO: [HLS 200-42] -- Implementing module 'segmentIntersectsFac' 
INFO: [HLS 200-10] ----------------------------------------------------------------
INFO: [SCHED 204-11] Starting scheduling ...
INFO: [SCHED 204-11] Finished scheduling.
INFO: [HLS 200-111]  Elapsed time: 22.08 seconds; current allocated memory: 126.927 MB.
INFO: [BIND 205-100] Starting micro-architecture generation ...
INFO: [BIND 205-101] Performing variable lifetime analysis.
INFO: [BIND 205-101] Exploring resource sharing.
INFO: [BIND 205-101] Binding ...
INFO: [BIND 205-100] Finished micro-architecture generation.
INFO: [HLS 200-111]  Elapsed time: 0.87 seconds; current allocated memory: 128.055 MB.
INFO: [HLS 200-10] ----------------------------------------------------------------
INFO: [HLS 200-42] -- Implementing module 'segmentIntersectsGri' 
INFO: [HLS 200-10] ----------------------------------------------------------------
INFO: [SCHED 204-11] Starting scheduling ...
INFO: [SCHED 204-11] Finished scheduling.
INFO: [HLS 200-111]  Elapsed time: 1.42 seconds; current allocated memory: 128.712 MB.
INFO: [BIND 205-100] Starting micro-architecture generation ...
INFO: [BIND 205-101] Performing variable lifetime analysis.
INFO: [BIND 205-101] Exploring resource sharing.
INFO: [BIND 205-101] Binding ...
INFO: [BIND 205-100] Finished micro-architecture generation.
INFO: [HLS 200-111]  Elapsed time: 1.7 seconds; current allocated memory: 129.592 MB.
INFO: [HLS 200-10] ----------------------------------------------------------------
INFO: [HLS 200-42] -- Implementing module 'honeybee' 
INFO: [HLS 200-10] ----------------------------------------------------------------
INFO: [SCHED 204-11] Starting scheduling ...
INFO: [SCHED 204-11] Finished scheduling.
INFO: [HLS 200-111]  Elapsed time: 2.8 seconds; current allocated memory: 130.932 MB.
INFO: [BIND 205-100] Starting micro-architecture generation ...
INFO: [BIND 205-101] Performing variable lifetime analysis.
INFO: [BIND 205-101] Exploring resource sharing.
INFO: [BIND 205-101] Binding ...
INFO: [BIND 205-100] Finished micro-architecture generation.
INFO: [HLS 200-111]  Elapsed time: 12.5 seconds; current allocated memory: 136.295 MB.
INFO: [HLS 200-10] ----------------------------------------------------------------
INFO: [HLS 200-10] -- Generating RTL for module 'segmentIntersectsFac' 
INFO: [HLS 200-10] ----------------------------------------------------------------
INFO: [SYN 201-210] Renamed object name 'honeybee_faddfsub_32ns_32ns_32_4_full_dsp_1' to 'honeybee_faddfsubbkb' due to the length limit 20
INFO: [SYN 201-210] Renamed object name 'honeybee_fsub_32ns_32ns_32_4_full_dsp_1' to 'honeybee_fsub_32ncud' due to the length limit 20
INFO: [SYN 201-210] Renamed object name 'honeybee_fmul_32ns_32ns_32_3_max_dsp_1' to 'honeybee_fmul_32ndEe' due to the length limit 20
INFO: [SYN 201-210] Renamed object name 'honeybee_fdiv_32ns_32ns_32_12_1' to 'honeybee_fdiv_32neOg' due to the length limit 20
INFO: [SYN 201-210] Renamed object name 'honeybee_fcmp_32ns_32ns_1_2_1' to 'honeybee_fcmp_32nfYi' due to the length limit 20
INFO: [RTGEN 206-100] Generating core module 'honeybee_faddfsubbkb': 3 instance(s).
INFO: [RTGEN 206-100] Generating core module 'honeybee_fcmp_32nfYi': 10 instance(s).
INFO: [RTGEN 206-100] Generating core module 'honeybee_fdiv_32neOg': 1 instance(s).
==============================================================
Vivado(TM) HLS - High-Level Synthesis from C, C++ and SystemC v2019.2 (64-bit)
Copyright 1986-2019 Xilinx, Inc. All Rights Reserved.
==============================================================
INFO: [SYN 201-201] Setting up clock 'default' with a period of 10ns.
INFO: [HLS 200-10] Setting target device to 'xc7z030i-fbg484-2L'
INFO: [SCHED 204-61] Option 'relax_ii_for_timing' is enabled, will increase II to preserve clock frequency constraints.
INFO: [HLS 200-10] Analyzing design file 'src/honeybee.c' ... 
INFO: [HLS 200-111] Finished Linking Time (s): cpu = 00:00:11 ; elapsed = 00:00:16 . Memory (MB): peak = 914.750 ; gain = 429.207 ; free physical = 829 ; free virtual = 2509
INFO: [HLS 200-111] Finished Checking Pragmas Time (s): cpu = 00:00:11 ; elapsed = 00:00:16 . Memory (MB): peak = 914.750 ; gain = 429.207 ; free physical = 829 ; free virtual = 2509
INFO: [HLS 200-10] Starting code transformations ...
INFO: [HLS 200-111] Finished Standard Transforms Time (s): cpu = 00:00:14 ; elapsed = 00:00:20 . Memory (MB): peak = 914.750 ; gain = 429.207 ; free physical = 782 ; free virtual = 2474
INFO: [HLS 200-10] Checking synthesizability ...
INFO: [XFORM 203-602] Inlining function 'vector' into 'lineIntersectsPlane' (src/honeybee.c:63) automatically.
INFO: [XFORM 203-602] Inlining function 'crossProduct' into 'lineIntersectsPlane' (src/honeybee.c:67) automatically.
INFO: [XFORM 203-602] Inlining function 'dotProduct' into 'lineIntersectsPlane' (src/honeybee.c:70) automatically.
INFO: [XFORM 203-602] Inlining function 'paramT' into 'lineIntersectsPlane' (src/honeybee.c:73) automatically.
INFO: [XFORM 203-602] Inlining function 'pointOfIntersection' into 'lineIntersectsPlane' (src/honeybee.c:76) automatically.
INFO: [XFORM 203-602] Inlining function 'fp_struct<float>::mantissa' into 'generic_cast_IEEE754<int, (ap_q_mode)6, float>' (/wrk/2019.2/continuous/2019_11_06_2708876/src/products/hls/hls_lib/hlsmath/include/FloatingPoint/hls_case_IEEE754.h:15) automatically.
INFO: [XFORM 203-602] Inlining function 'fp_struct<float>::expv' into 'generic_cast_IEEE754<int, (ap_q_mode)6, float>' (/wrk/2019.2/continuous/2019_11_06_2708876/src/products/hls/hls_lib/hlsmath/include/FloatingPoint/hls_case_IEEE754.h:18) automatically.
INFO: [XFORM 203-602] Inlining function 'fp_struct<float>::__signbit' into 'generic_cast_IEEE754<int, (ap_q_mode)6, float>' (/wrk/2019.2/continuous/2019_11_06_2708876/src/products/hls/hls_lib/hlsmath/include/FloatingPoint/hls_case_IEEE754.h:59) automatically.
INFO: [XFORM 203-602] Inlining function 'generic_cast_IEEE754<int, (ap_q_mode)6, float>' into 'generic_cast_IEEE754<int, float>' (/wrk/2019.2/continuous/2019_11_06_2708876/src/products/hls/hls_lib/hlsmath/include/FloatingPoint/hls_case_IEEE754.h:117) automatically.
INFO: [XFORM 203-602] Inlining function 'generic_cast_IEEE754<int, float>' into '__hls_fptosi_float_i32' (/wrk/2019.2/continuous/2019_11_06_2708876/src/products/hls/hls_lib/hlsmath/src/lib_floatconversion.cpp:51) automatically.
INFO: [XFORM 203-602] Inlining function 'shiftAmount' into 'honeybee' (src/honeybee.c:108) automatically.
INFO: [HLS 200-111] Finished Checking Synthesizability Time (s): cpu = 00:00:15 ; elapsed = 00:00:21 . Memory (MB): peak = 980.695 ; gain = 495.152 ; free physical = 747 ; free virtual = 2443
INFO: [XFORM 203-602] Inlining function 'vector' into 'lineIntersectsPlane' (src/honeybee.c:63) automatically.
INFO: [XFORM 203-602] Inlining function 'crossProduct' into 'lineIntersectsPlane' (src/honeybee.c:67) automatically.
INFO: [XFORM 203-602] Inlining function 'dotProduct' into 'lineIntersectsPlane' (src/honeybee.c:70) automatically.
INFO: [XFORM 203-602] Inlining function 'paramT' into 'lineIntersectsPlane' (src/honeybee.c:73) automatically.
INFO: [XFORM 203-602] Inlining function 'pointOfIntersection' into 'lineIntersectsPlane' (src/honeybee.c:76) automatically.
INFO: [XFORM 203-602] Inlining function 'fp_struct<float>::mantissa' into 'generic_cast_IEEE754<int, (ap_q_mode)6, float>' (/wrk/2019.2/continuous/2019_11_06_2708876/src/products/hls/hls_lib/hlsmath/include/FloatingPoint/hls_case_IEEE754.h:15) automatically.
INFO: [XFORM 203-602] Inlining function 'fp_struct<float>::expv' into 'generic_cast_IEEE754<int, (ap_q_mode)6, float>' (/wrk/2019.2/continuous/2019_11_06_2708876/src/products/hls/hls_lib/hlsmath/include/FloatingPoint/hls_case_IEEE754.h:18) automatically.
INFO: [XFORM 203-602] Inlining function 'fp_struct<float>::__signbit' into 'generic_cast_IEEE754<int, (ap_q_mode)6, float>' (/wrk/2019.2/continuous/2019_11_06_2708876/src/products/hls/hls_lib/hlsmath/include/FloatingPoint/hls_case_IEEE754.h:59) automatically.
INFO: [XFORM 203-602] Inlining function 'generic_cast_IEEE754<int, (ap_q_mode)6, float>' into 'generic_cast_IEEE754<int, float>' (/wrk/2019.2/continuous/2019_11_06_2708876/src/products/hls/hls_lib/hlsmath/include/FloatingPoint/hls_case_IEEE754.h:117) automatically.
INFO: [XFORM 203-602] Inlining function 'generic_cast_IEEE754<int, float>' into '__hls_fptosi_float_i32' (/wrk/2019.2/continuous/2019_11_06_2708876/src/products/hls/hls_lib/hlsmath/src/lib_floatconversion.cpp:51) automatically.
INFO: [XFORM 203-602] Inlining function '__hls_fptosi_float_i32' into 'honeybee' (src/honeybee.c:107) automatically.
INFO: [XFORM 203-602] Inlining function 'shiftAmount' into 'honeybee' (src/honeybee.c:108) automatically.
INFO: [XFORM 203-401] Performing if-conversion on hyperblock from (src/honeybee.c:49:47) to (src/honeybee.c:53:1) in function 'pointOnSegment'... converting 7 basic blocks.
INFO: [XFORM 203-401] Performing if-conversion on hyperblock from (src/honeybee.c:105:15) to (src/honeybee.c:104:22) in function 'honeybee'... converting 4 basic blocks.
INFO: [XFORM 203-401] Performing if-conversion on hyperblock from (src/honeybee.c:122:15) to (src/honeybee.c:121:22) in function 'honeybee'... converting 4 basic blocks.
INFO: [XFORM 203-401] Performing if-conversion on hyperblock from (src/honeybee.c:141:15) to (src/honeybee.c:140:22) in function 'honeybee'... converting 4 basic blocks.
INFO: [XFORM 203-602] Inlining function 'lineIntersectsPlane' into 'honeybee' (src/honeybee.c:105) automatically.
INFO: [XFORM 203-11] Balancing expressions in function 'pointOnSegment' (src/honeybee.c:49:1)...5 expression(s) balanced.
INFO: [XFORM 203-11] Balancing expressions in function 'honeybee' (src/honeybee.c:14:5)...3 expression(s) balanced.
INFO: [HLS 200-111] Finished Pre-synthesis Time (s): cpu = 00:00:16 ; elapsed = 00:00:23 . Memory (MB): peak = 980.695 ; gain = 495.152 ; free physical = 679 ; free virtual = 2382
INFO: [HLS 200-111] Finished Architecture Synthesis Time (s): cpu = 00:00:16 ; elapsed = 00:00:24 . Memory (MB): peak = 980.711 ; gain = 495.168 ; free physical = 658 ; free virtual = 2363
INFO: [HLS 200-10] Starting hardware synthesis ...
INFO: [HLS 200-10] Synthesizing 'honeybee' ...
INFO: [HLS 200-10] ----------------------------------------------------------------
INFO: [HLS 200-42] -- Implementing module 'pointOnSegment' 
INFO: [HLS 200-10] ----------------------------------------------------------------
INFO: [SCHED 204-11] Starting scheduling ...
INFO: [SCHED 204-11] Finished scheduling.
INFO: [HLS 200-111]  Elapsed time: 24.25 seconds; current allocated memory: 219.131 MB.
INFO: [BIND 205-100] Starting micro-architecture generation ...
INFO: [BIND 205-101] Performing variable lifetime analysis.
INFO: [BIND 205-101] Exploring resource sharing.
INFO: [BIND 205-101] Binding ...
INFO: [BIND 205-100] Finished micro-architecture generation.
INFO: [HLS 200-111]  Elapsed time: 0.34 seconds; current allocated memory: 219.718 MB.
INFO: [HLS 200-10] ----------------------------------------------------------------
INFO: [HLS 200-42] -- Implementing module 'honeybee' 
INFO: [HLS 200-10] ----------------------------------------------------------------
INFO: [SCHED 204-11] Starting scheduling ...
INFO: [SCHED 204-11] Finished scheduling.
INFO: [HLS 200-111]  Elapsed time: 1.32 seconds; current allocated memory: 221.358 MB.
INFO: [BIND 205-100] Starting micro-architecture generation ...
INFO: [BIND 205-101] Performing variable lifetime analysis.
INFO: [BIND 205-101] Exploring resource sharing.
INFO: [BIND 205-101] Binding ...
INFO: [BIND 205-100] Finished micro-architecture generation.
INFO: [HLS 200-111]  Elapsed time: 1.11 seconds; current allocated memory: 223.076 MB.
INFO: ==============================================================
Vivado(TM) HLS - High-Level Synthesis from C, C++ and SystemC v2019.2 (64-bit)
Copyright 1986-2019 Xilinx, Inc. All Rights Reserved.
==============================================================
==============================================================
Vivado(TM) HLS - High-Level Synthesis from C, C++ and SystemC v2019.2 (64-bit)
Copyright 1986-2019 Xilinx, Inc. All Rights Reserved.
==============================================================
INFO: [SYN 201-201] Setting up clock 'default' with a period of 10ns.
INFO: [HLS 200-10] Setting target device to 'xc7z030i-fbg484-2L'
INFO: [SCHED 204-61] Option 'relax_ii_for_timing' is enabled, will increase II to preserve clock frequency constraints.
INFO: [HLS 200-10] Analyzing design file 'src/honeybee.c' ... 
INFO: [HLS 200-111] Finished Linking Time (s): cpu = 00:00:14 ; elapsed = 00:00:18 . Memory (MB): peak = 965.715 ; gain = 526.004 ; free physical = 600 ; free virtual = 2486
INFO: [HLS 200-111] Finished Checking Pragmas Time (s): cpu = 00:00:14 ; elapsed = 00:00:18 . Memory (MB): peak = 965.715 ; gain = 526.004 ; free physical = 600 ; free virtual = 2486
INFO: [HLS 200-10] Starting code transformations ...
INFO: [HLS 200-111] Finished Standard Transforms Time (s): cpu = 00:00:17 ; elapsed = 00:00:22 . Memory (MB): peak = 965.715 ; gain = 526.004 ; free physical = 558 ; free virtual = 2449
INFO: [HLS 200-10] Checking synthesizability ...
INFO: [XFORM 203-602] Inlining function 'vector' into 'lineIntersectsPlane' (src/honeybee.c:63) automatically.
INFO: [XFORM 203-602] Inlining function 'crossProduct' into 'lineIntersectsPlane' (src/honeybee.c:67) automatically.
INFO: [XFORM 203-602] Inlining function 'dotProduct' into 'lineIntersectsPlane' (src/honeybee.c:70) automatically.
INFO: [XFORM 203-602] Inlining function 'paramT' into 'lineIntersectsPlane' (src/honeybee.c:73) automatically.
INFO: [XFORM 203-602] Inlining function 'pointOfIntersection' into 'lineIntersectsPlane' (src/honeybee.c:76) automatically.
INFO: [XFORM 203-602] Inlining function 'fp_struct<float>::mantissa' into 'generic_cast_IEEE754<int, (ap_q_mode)6, float>' (/wrk/2019.2/continuous/2019_11_06_2708876/src/products/hls/hls_lib/hlsmath/include/FloatingPoint/hls_case_IEEE754.h:15) automatically.
INFO: [XFORM 203-602] Inlining function 'fp_struct<float>::expv' into 'generic_cast_IEEE754<int, (ap_q_mode)6, float>' (/wrk/2019.2/continuous/2019_11_06_2708876/src/products/hls/hls_lib/hlsmath/include/FloatingPoint/hls_case_IEEE754.h:18) automatically.
INFO: [XFORM 203-602] Inlining function 'fp_struct<float>::__signbit' into 'generic_cast_IEEE754<int, (ap_q_mode)6, float>' (/wrk/2019.2/continuous/2019_11_06_2708876/src/products/hls/hls_lib/hlsmath/include/FloatingPoint/hls_case_IEEE754.h:59) automatically.
INFO: [XFORM 203-602] Inlining function 'generic_cast_IEEE754<int, (ap_q_mode)6, float>' into 'generic_cast_IEEE754<int, float>' (/wrk/2019.2/continuous/2019_11_06_2708876/src/products/hls/hls_lib/hlsmath/include/FloatingPoint/hls_case_IEEE754.h:117) automatically.
INFO: [XFORM 203-602] Inlining function 'generic_cast_IEEE754<int, float>' into '__hls_fptosi_float_i32' (/wrk/2019.2/continuous/2019_11_06_2708876/src/products/hls/hls_lib/hlsmath/src/lib_floatconversion.cpp:51) automatically.
INFO: [XFORM 203-602] Inlining function 'shiftAmount' into 'honeybee' (src/honeybee.c:97) automatically.
INFO: [HLS 200-111] Finished Checking Synthesizability Time (s): cpu = 00:00:18 ; elapsed = 00:00:24 . Memory (MB): peak = 965.715 ; gain = 526.004 ; free physical = 525 ; free virtual = 2419
INFO: [XFORM 203-602] Inlining function 'vector' into 'lineIntersectsPlane' (src/honeybee.c:63) automatically.
INFO: [XFORM 203-602] Inlining function 'crossProduct' into 'lineIntersectsPlane' (src/honeybee.c:67) automatically.
INFO: [XFORM 203-602] Inlining function 'dotProduct' into 'lineIntersectsPlane' (src/honeybee.c:70) automatically.
INFO: [XFORM 203-602] Inlining function 'paramT' into 'lineIntersectsPlane' (src/honeybee.c:73) automatically.
INFO: [XFORM 203-602] Inlining function 'pointOfIntersection' into 'lineIntersectsPlane' (src/honeybee.c:76) automatically.
INFO: [XFORM 203-602] Inlining function 'fp_struct<float>::mantissa' into 'generic_cast_IEEE754<int, (ap_q_mode)6, float>' (/wrk/2019.2/continuous/2019_11_06_2708876/src/products/hls/hls_lib/hlsmath/include/FloatingPoint/hls_case_IEEE754.h:15) automatically.
INFO: [XFORM 203-602] Inlining function 'fp_struct<float>::expv' into 'generic_cast_IEEE754<int, (ap_q_mode)6, float>' (/wrk/2019.2/continuous/2019_11_06_2708876/src/products/hls/hls_lib/hlsmath/include/FloatingPoint/hls_case_IEEE754.h:18) automatically.
INFO: [XFORM 203-602] Inlining function 'fp_struct<float>::__signbit' into 'generic_cast_IEEE754<int, (ap_q_mode)6, float>' (/wrk/2019.2/continuous/2019_11_06_2708876/src/products/hls/hls_lib/hlsmath/include/FloatingPoint/hls_case_IEEE754.h:59) automatically.
INFO: [XFORM 203-602] Inlining function 'generic_cast_IEEE754<int, (ap_q_mode)6, float>' into 'generic_cast_IEEE754<int, float>' (/wrk/2019.2/continuous/2019_11_06_2708876/src/products/hls/hls_lib/hlsmath/include/FloatingPoint/hls_case_IEEE754.h:117) automatically.
INFO: [XFORM 203-602] Inlining function 'generic_cast_IEEE754<int, float>' into '__hls_fptosi_float_i32' (/wrk/2019.2/continuous/2019_11_06_2708876/src/products/hls/hls_lib/hlsmath/src/lib_floatconversion.cpp:51) automatically.
INFO: [XFORM 203-602] Inlining function '__hls_fptosi_float_i32' into 'honeybee' (src/honeybee.c:97) automatically.
INFO: [XFORM 203-602] Inlining function 'shiftAmount' into 'honeybee' (src/honeybee.c:97) automatically.
INFO: [XFORM 203-401] Performing if-conversion on hyperblock from (src/honeybee.c:49:47) to (src/honeybee.c:53:1) in function 'pointOnSegment'... converting 7 basic blocks.
INFO: [XFORM 203-401] Performing if-conversion on hyperblock from (src/honeybee.c:95:15) to (src/honeybee.c:94:24) in function 'honeybee'... converting 3 basic blocks.
INFO: [XFORM 203-401] Performing if-conversion on hyperblock from (src/honeybee.c:107:15) to (src/honeybee.c:106:24) in function 'honeybee'... converting 3 basic blocks.
INFO: [XFORM 203-401] Performing if-conversion on hyperblock from (src/honeybee.c:121:15) to (src/honeybee.c:120:24) in function 'honeybee'... converting 3 basic blocks.
INFO: [XFORM 203-602] Inlining function 'lineIntersectsPlane' into 'honeybee' (src/honeybee.c:95) automatically.
INFO: [XFORM 203-11] Balancing expressions in function 'pointOnSegment' (src/honeybee.c:49:1)...5 expression(s) balanced.
INFO: [XFORM 203-11] Balancing expressions in function 'honeybee' (src/honeybee.c:14:24)...3 expression(s) balanced.
INFO: [HLS 200-111] Finished Pre-synthesis Time (s): cpu = 00:00:19 ; elapsed = 00:00:26 . Memory (MB): peak = 967.672 ; gain = 527.961 ; free physical = 457 ; free virtual = 2358
INFO: [HLS 200-111] Finished Architecture Synthesis Time (s): cpu = 00:00:20 ; elapsed = 00:00:27 . Memory (MB): peak = 967.680 ; gain = 527.969 ; free physical = 436 ; free virtual = 2339
INFO: [HLS 200-10] Starting hardware synthesis ...
INFO: [HLS 200-10] Synthesizing 'honeybee' ...
INFO: [HLS 200-10] ----------------------------------------------------------------
INFO: [HLS 200-42] -- Implementing module 'pointOnSegment' 
INFO: [HLS 200-10] ----------------------------------------------------------------
INFO: [SCHED 204-11] Starting scheduling ...
INFO: [SCHED 204-11] Finished scheduling.
INFO: [HLS 200-111]  Elapsed time: 27.6 seconds; current allocated memory: 235.016 MB.
INFO: [BIND 205-100] Starting micro-architecture generation ...
INFO: [BIND 205-101] Performing variable lifetime analysis.
INFO: [BIND 205-101] Exploring resource sharing.
INFO: [BIND 205-101] Binding ...
INFO: [BIND 205-100] Finished micro-architecture generation.
INFO: [HLS 200-111]  Elapsed time: 0.39 seconds; current allocated memory: 235.604 MB.
INFO: [HLS 200-10] ----------------------------------------------------------------
INFO: [HLS 200-42] -- Implementing module 'honeybee' 
INFO: [HLS 200-10] ----------------------------------------------------------------
INFO: [SCHED 204-11] Starting scheduling ...
INFO: [SCHED 204-11] Finished scheduling.
INFO: [HLS 200-111]  Elapsed time: 3.07 seconds; current allocated memory: 237.215 MB.
INFO: [BIND 205-100] Starting micro-architecture generation ...
INFO: [BIND 205-101] Performing variable lifetime analysis.
INFO: [BIND 205-101] Exploring resource sharing.
INFO: [BIND 205-101] Binding ...
INFO: [BIND 205-100] Finished micro-architecture generation.
INFO: [HLS 200-111]  Elapsed time: 1.31 seconds; current allocated memory: 238.882 MB.
INFO: [HLS 200-10]==============================================================
Vivado(TM) HLS - High-Level Synthesis from C, C++ and SystemC v2019.2 (64-bit)
Copyright 1986-2019 Xilinx, Inc. All Rights Reserved.
==============================================================
==============================================================
Vivado(TM) HLS - High-Level Synthesis from C, C++ and SystemC v2019.2 (64-bit)
Copyright 1986-2019 Xilinx, Inc. All Rights Reserved.
==============================================================
==============================================================
Vivado(TM) HLS - High-Level Synthesis from C, C++ and SystemC v2019.2 (64-bit)
Copyright 1986-2019 Xilinx, Inc. All Rights Reserved.
==============================================================
==============================================================
Vivado(TM) HLS - High-Level Synthesis from C, C++ and SystemC v2019.2 (64-bit)
Copyright 1986-2019 Xilinx, Inc. All Rights Reserved.
==============================================================
==============================================================
Vivado(TM) HLS - High-Level Synthesis from C, C++ and SystemC v2019.2 (64-bit)
Copyright 1986-2019 Xilinx, Inc. All Rights Reserved.
==============================================================
INFO: [SYN 201-201] Setting up clock 'default' with a period of 10ns.
INFO: [HLS 200-10] Setting target device to 'xc7z030i-fbg484-2L'
INFO: [SCHED 204-61] Option 'relax_ii_for_timing' is enabled, will increase II to preserve clock frequency constraints.
INFO: [HLS 200-10] Analyzing design file 'src/honeybee.c' ... 
INFO: [HLS 200-111] Finished Linking Time (s): cpu = 00:00:10 ; elapsed = 00:00:17 . Memory (MB): peak = 965.715 ; gain = 526.004 ; free physical = 344 ; free virtual = 2132
INFO: [HLS 200-111] Finished Checking Pragmas Time (s): cpu = 00:00:10 ; elapsed = 00:00:17 . Memory (MB): peak = 965.715 ; gain = 526.004 ; free physical = 344 ; free virtual = 2132
INFO: [HLS 200-10] Starting code transformations ...
INFO: [HLS 200-111] Finished Standard Transforms Time (s): cpu = 00:00:13 ; elapsed = 00:00:21 . Memory (MB): peak = 965.715 ; gain = 526.004 ; free physical = 302 ; free virtual = 2095
INFO: [HLS 200-10] Checking synthesizability ...
INFO: [XFORM 203-602] Inlining function 'vector' into 'lineIntersectsPlane' (src/honeybee.c:63) automatically.
INFO: [XFORM 203-602] Inlining function 'crossProduct' into 'lineIntersectsPlane' (src/honeybee.c:67) automatically.
INFO: [XFORM 203-602] Inlining function 'dotProduct' into 'lineIntersectsPlane' (src/honeybee.c:70) automatically.
INFO: [XFORM 203-602] Inlining function 'paramT' into 'lineIntersectsPlane' (src/honeybee.c:73) automatically.
INFO: [XFORM 203-602] Inlining function 'pointOfIntersection' into 'lineIntersectsPlane' (src/honeybee.c:76) automatically.
INFO: [XFORM 203-602] Inlining function 'fp_struct<float>::mantissa' into 'generic_cast_IEEE754<int, (ap_q_mode)6, float>' (/wrk/2019.2/continuous/2019_11_06_2708876/src/products/hls/hls_lib/hlsmath/include/FloatingPoint/hls_case_IEEE754.h:15) automatically.
INFO: [XFORM 203-602] Inlining function 'fp_struct<float>::expv' into 'generic_cast_IEEE754<int, (ap_q_mode)6, float>' (/wrk/2019.2/continuous/2019_11_06_2708876/src/products/hls/hls_lib/hlsmath/include/FloatingPoint/hls_case_IEEE754.h:18) automatically.
INFO: [XFORM 203-602] Inlining function 'fp_struct<float>::__signbit' into 'generic_cast_IEEE754<int, (ap_q_mode)6, float>' (/wrk/2019.2/continuous/2019_11_06_2708876/src/products/hls/hls_lib/hlsmath/include/FloatingPoint/hls_case_IEEE754.h:59) automatically.
INFO: [XFORM 203-602] Inlining function 'generic_cast_IEEE754<int, (ap_q_mode)6, float>' into 'generic_cast_IEEE754<int, float>' (/wrk/2019.2/continuous/2019_11_06_2708876/src/products/hls/hls_lib/hlsmath/include/FloatingPoint/hls_case_IEEE754.h:117) automatically.
INFO: [XFORM 203-602] Inlining function 'generic_cast_IEEE754<int, float>' into '__hls_fptosi_float_i32' (/wrk/2019.2/continuous/2019_11_06_2708876/src/products/hls/hls_lib/hlsmath/src/lib_floatconversion.cpp:51) automatically.
INFO: [XFORM 203-602] Inlining function 'shiftAmount' into 'honeybee' (src/honeybee.c:119) automatically.
INFO: [HLS 200-111] Finished Checking Synthesizability Time (s): cpu = 00:00:14 ; elapsed = 00:00:23 . Memory (MB): peak = 965.715 ; gain = 526.004 ; free physical = 269 ; free virtual = 2065
INFO: [XFORM 203-602] Inlining function 'vector' into 'lineIntersectsPlane' (src/honeybee.c:63) automatically.
INFO: [XFORM 203-602] Inlining function 'crossProduct' into 'lineIntersectsPlane' (src/honeybee.c:67) automatically.
INFO: [XFORM 203-602] Inlining function 'dotProduct' into 'lineIntersectsPlane' (src/honeybee.c:70) automatically.
INFO: [XFORM 203-602] Inlining function 'paramT' into 'lineIntersectsPlane' (src/honeybee.c:73) automatically.
INFO: [XFORM 203-602] Inlining function 'pointOfIntersection' into 'lineIntersectsPlane' (src/honeybee.c:76) automatically.
INFO: [XFORM 203-602] Inlining function 'fp_struct<float>::mantissa' into 'generic_cast_IEEE754<int, (ap_q_mode)6, float>' (/wrk/2019.2/continuous/2019_11_06_2708876/src/products/hls/hls_lib/hlsmath/include/FloatingPoint/hls_case_IEEE754.h:15) automatically.
INFO: [XFORM 203-602] Inlining function 'fp_struct<float>::expv' into 'generic_cast_IEEE754<int, (ap_q_mode)6, float>' (/wrk/2019.2/continuous/2019_11_06_2708876/src/products/hls/hls_lib/hlsmath/include/FloatingPoint/hls_case_IEEE754.h:18) automatically.
INFO: [XFORM 203-602] Inlining function 'fp_struct<float>::__signbit' into 'generic_cast_IEEE754<int, (ap_q_mode)6, float>' (/wrk/2019.2/continuous/2019_11_06_2708876/src/products/hls/hls_lib/hlsmath/include/FloatingPoint/hls_case_IEEE754.h:59) automatically.
INFO: [XFORM 203-602] Inlining function 'generic_cast_IEEE754<int, (ap_q_mode)6, float>' into 'generic_cast_IEEE754<int, float>' (/wrk/2019.2/continuous/2019_11_06_2708876/src/products/hls/hls_lib/hlsmath/include/FloatingPoint/hls_case_IEEE754.h:117) automatically.
INFO: [XFORM 203-602] Inlining function 'generic_cast_IEEE754<int, float>' into '__hls_fptosi_float_i32' (/wrk/2019.2/continuous/2019_11_06_2708876/src/products/hls/hls_lib/hlsmath/src/lib_floatconversion.cpp:51) automatically.
INFO: [XFORM 203-602] Inlining function '__hls_fptosi_float_i32' into 'honeybee' (src/honeybee.c:119) automatically.
INFO: [XFORM 203-602] Inlining function 'shiftAmount' into 'honeybee' (src/honeybee.c:119) automatically.
INFO: [XFORM 203-401] Performing if-conversion on hyperblock from (src/honeybee.c:49:47) to (src/honeybee.c:53:1) in function 'pointOnSegment'... converting 7 basic blocks.
INFO: [XFORM 203-401] Performing if-conversion on hyperblock from (src/honeybee.c:117:17) to (src/honeybee.c:116:24) in function 'honeybee'... converting 3 basic blocks.
INFO: [XFORM 203-401] Performing if-conversion on hyperblock from (src/honeybee.c:129:17) to (src/honeybee.c:128:24) in function 'honeybee'... converting 3 basic blocks.
INFO: [XFORM 203-401] Performing if-conversion on hyperblock from (src/honeybee.c:142:42) to (src/honeybee.c:142:36) in function 'honeybee'... converting 3 basic blocks.
INFO: [XFORM 203-602] Inlining function 'lineIntersectsPlane' into 'honeybee' (src/honeybee.c:117) automatically.
INFO: [XFORM 203-11] Balancing expressions in function 'pointOnSegment' (src/honeybee.c:49:1)...5 expression(s) balanced.
INFO: [XFORM 203-11] Balancing expressions in function 'honeybee' (src/honeybee.c:14:36)...3 expression(s) balanced.
INFO: [HLS 200-111] Finished Pre-synthesis Time (s): cpu = 00:00:14 ; elapsed = 00:00:26 . Memory (MB): peak = 967.676 ; gain = 527.965 ; free physical = 202 ; free virtual = 2004
INFO: [HLS 200-111] Finished Architecture Synthesis Time (s): cpu = 00:00:15 ; elapsed = 00:00:28 . Memory (MB): peak = 967.680 ; gain = 527.969 ; free physical = 181 ; free virtual = 1985
INFO: [HLS 200-10] Starting hardware synthesis ...
INFO: [HLS 200-10] Synthesizing 'honeybee' ...
INFO: [HLS 200-10] ----------------------------------------------------------------
INFO: [HLS 200-42] -- Implementing module 'pointOnSegment' 
INFO: [HLS 200-10] ----------------------------------------------------------------
INFO: [SCHED 204-11] Starting scheduling ...
INFO: [SCHED 204-11] Finished scheduling.
INFO: [HLS 200-111]  Elapsed time: 27.78 seconds; current allocated memory: 235.406 MB.
INFO: [BIND 205-100] Starting micro-architecture generation ...
INFO: [BIND 205-101] Performing variable lifetime analysis.
INFO: [BIND 205-101] Exploring resource sharing.
INFO: [BIND 205-101] Binding ...
INFO: [BIND 205-100] Finished micro-architecture generation.
INFO: [HLS 200-111]  Elapsed time: 0.48 seconds; current allocated memory: 235.993 MB.
INFO: [HLS 200-10] ----------------------------------------------------------------
INFO: [HLS 200-42] -- Implementing module 'honeybee' 
INFO: [HLS 200-10] ----------------------------------------------------------------
INFO: [SCHED 204-11] Starting scheduling ...
INFO: [SCHED 204-11] Finished scheduling.
INFO: [HLS 200-111]  Elapsed time: 2.17 seconds; current allocated memory: 237.689 MB.
INFO: [BIND 205-100] Starting micro-architecture generation ...
INFO: [BIND 205-101] Performing variable lifetime analysis.
INFO: [BIND 205-101] Exploring resource sharing.
INFO: [BIND 205-101] Binding ...
INFO: [BIND 205-100] Finished micro-architecture generation.
INFO: [HLS 200-111]  Elapsed time: 1.66 seconds; current allocated memory: 239.453 MB.
INFO: ==============================================================
Vivado(TM) HLS - High-Level Synthesis from C, C++ and SystemC v2019.2 (64-bit)
Copyright 1986-2019 Xilinx, Inc. All Rights Reserved.
==============================================================
INFO: [SYN 201-201] Setting up clock 'default' with a period of 10ns.
INFO: [HLS 200-10] Setting target device to 'xc7z030i-fbg484-2L'
INFO: [SCHED 204-61] Option 'relax_ii_for_timing' is enabled, will increase II to preserve clock frequency constraints.
INFO: [HLS 200-10] Analyzing design file 'src/honeybee.c' ... 
INFO: [HLS 200-111] Finished Linking Time (s): cpu = 00:00:11 ; elapsed = 00:00:14 . Memory (MB): peak = 965.715 ; gain = 526.004 ; free physical = 342 ; free virtual = 1970
INFO: [HLS 200-111] Finished Checking Pragmas Time (s): cpu = 00:00:11 ; elapsed = 00:00:14 . Memory (MB): peak = 965.715 ; gain = 526.004 ; free physical = 342 ; free virtual = 1970
INFO: [HLS 200-10] Starting code transformations ...
INFO: [HLS 200-111] Finished Standard Transforms Time (s): cpu = 00:00:14 ; elapsed = 00:00:18 . Memory (MB): peak = 965.715 ; gain = 526.004 ; free physical = 301 ; free virtual = 1934
INFO: [HLS 200-10] Checking synthesizability ...
INFO: [XFORM 203-602] Inlining function 'vector' into 'lineIntersectsPlane' (src/honeybee.c:63) automatically.
INFO: [XFORM 203-602] Inlining function 'crossProduct' into 'lineIntersectsPlane' (src/honeybee.c:67) automatically.
INFO: [XFORM 203-602] Inlining function 'dotProduct' into 'lineIntersectsPlane' (src/honeybee.c:70) automatically.
INFO: [XFORM 203-602] Inlining function 'paramT' into 'lineIntersectsPlane' (src/honeybee.c:73) automatically.
INFO: [XFORM 203-602] Inlining function 'pointOfIntersection' into 'lineIntersectsPlane' (src/honeybee.c:76) automatically.
INFO: [XFORM 203-602] Inlining function 'fp_struct<float>::mantissa' into 'generic_cast_IEEE754<int, (ap_q_mode)6, float>' (/wrk/2019.2/continuous/2019_11_06_2708876/src/products/hls/hls_lib/hlsmath/include/FloatingPoint/hls_case_IEEE754.h:15) automatically.
INFO: [XFORM 203-602] Inlining function 'fp_struct<float>::expv' into 'generic_cast_IEEE754<int, (ap_q_mode)6, float>' (/wrk/2019.2/continuous/2019_11_06_2708876/src/products/hls/hls_lib/hlsmath/include/FloatingPoint/hls_case_IEEE754.h:18) automatically.
INFO: [XFORM 203-602] Inlining function 'fp_struct<float>::__signbit' into 'generic_cast_IEEE754<int, (ap_q_mode)6, float>' (/wrk/2019.2/continuous/2019_11_06_2708876/src/products/hls/hls_lib/hlsmath/include/FloatingPoint/hls_case_IEEE754.h:59) automatically.
INFO: [XFORM 203-602] Inlining function 'generic_cast_IEEE754<int, (ap_q_mode)6, float>' into 'generic_cast_IEEE754<int, float>' (/wrk/2019.2/continuous/2019_11_06_2708876/src/products/hls/hls_lib/hlsmath/include/FloatingPoint/hls_case_IEEE754.h:117) automatically.
INFO: [XFORM 203-602] Inlining function 'generic_cast_IEEE754<int, float>' into '__hls_fptosi_float_i32' (/wrk/2019.2/continuous/2019_11_06_2708876/src/products/hls/hls_lib/hlsmath/src/lib_floatconversion.cpp:51) automatically.
INFO: [XFORM 203-602] Inlining function 'shiftAmount' into 'honeybee' (src/honeybee.c:115) automatically.
INFO: [HLS 200-111] Finished Checking Synthesizability Time (s): cpu = 00:00:15 ; elapsed = 00:00:20 . Memory (MB): peak = 965.715 ; gain = 526.004 ; free physical = 267 ; free virtual = 1905
INFO: [XFORM 203-602] Inlining function 'vector' into 'lineIntersectsPlane' (src/honeybee.c:63) automatically.
INFO: [XFORM 203-602] Inlining function 'crossProduct' into 'lineIntersectsPlane' (src/honeybee.c:67) automatically.
INFO: [XFORM 203-602] Inlining function 'dotProduct' into 'lineIntersectsPlane' (src/honeybee.c:70) automatically.
INFO: [XFORM 203-602] Inlining function 'paramT' into 'lineIntersectsPlane' (src/honeybee.c:73) automatically.
INFO: [XFORM 203-602] Inlining function 'pointOfIntersection' into 'lineIntersectsPlane' (src/honeybee.c:76) automatically.
INFO: [XFORM 203-602] Inlining function 'fp_struct<float>::mantissa' into 'generic_cast_IEEE754<int, (ap_q_mode)6, float>' (/wrk/2019.2/continuous/2019_11_06_2708876/src/products/hls/hls_lib/hlsmath/include/FloatingPoint/hls_case_IEEE754.h:15) automatically.
INFO: [XFORM 203-602] Inlining function 'fp_struct<float>::expv' into 'generic_cast_IEEE754<int, (ap_q_mode)6, float>' (/wrk/2019.2/continuous/2019_11_06_2708876/src/products/hls/hls_lib/hlsmath/include/FloatingPoint/hls_case_IEEE754.h:18) automatically.
INFO: [XFORM 203-602] Inlining function 'fp_struct<float>::__signbit' into 'generic_cast_IEEE754<int, (ap_q_mode)6, float>' (/wrk/2019.2/continuous/2019_11_06_2708876/src/products/hls/hls_lib/hlsmath/include/FloatingPoint/hls_case_IEEE754.h:59) automatically.
INFO: [XFORM 203-602] Inlining function 'generic_cast_IEEE754<int, (ap_q_mode)6, float>' into 'generic_cast_IEEE754<int, float>' (/wrk/2019.2/continuous/2019_11_06_2708876/src/products/hls/hls_lib/hlsmath/include/FloatingPoint/hls_case_IEEE754.h:117) automatically.
INFO: [XFORM 203-602] Inlining function 'generic_cast_IEEE754<int, float>' into '__hls_fptosi_float_i32' (/wrk/2019.2/continuous/2019_11_06_2708876/src/products/hls/hls_lib/hlsmath/src/lib_floatconversion.cpp:51) automatically.
INFO: [XFORM 203-602] Inlining function '__hls_fptosi_float_i32' into 'honeybee' (src/honeybee.c:115) automatically.
INFO: [XFORM 203-602] Inlining function 'shiftAmount' into 'honeybee' (src/honeybee.c:115) automatically.
INFO: [XFORM 203-401] Performing if-conversion on hyperblock from (src/honeybee.c:49:47) to (src/honeybee.c:53:1) in function 'pointOnSegment'... converting 7 basic blocks.
INFO: [XFORM 203-401] Performing if-conversion on hyperblock from (src/honeybee.c:113:17) to (src/honeybee.c:112:24) in function 'honeybee'... converting 3 basic blocks.
INFO: [XFORM 203-401] Performing if-conversion on hyperblock from (src/honeybee.c:125:17) to (src/honeybee.c:124:24) in function 'honeybee'... converting 3 basic blocks.
INFO: [XFORM 203-401] Performing if-conversion on hyperblock from (src/honeybee.c:138:17) to (src/honeybee.c:137:24) in function 'honeybee'... converting 3 basic blocks.
INFO: [XFORM 203-602] Inlining function 'lineIntersectsPlane' into 'honeybee' (src/honeybee.c:113) automatically.
INFO: [XFORM 203-11] Balancing expressions in function 'pointOnSegment' (src/honeybee.c:49:1)...5 expression(s) balanced.
INFO: [XFORM 203-11] Balancing expressions in function 'honeybee' (src/honeybee.c:14:24)...3 expression(s) balanced.
INFO: [HLS 200-111] Finished Pre-synthesis Time (s): cpu = 00:00:16 ; elapsed = 00:00:22 . Memory (MB): peak = 967.672 ; gain = 527.961 ; free physical = 200 ; free virtual = 1843
INFO: [HLS 200-111] Finished Architecture Synthesis Time (s): cpu = 00:00:16 ; elapsed = 00:00:22 . Memory (MB): peak = 967.680 ; gain = 527.969 ; free physical = 179 ; free virtual = 1824
INFO: [HLS 200-10] Starting hardware synthesis ...
INFO: [HLS 200-10] Synthesizing 'honeybee' ...
INFO: [HLS 200-10] ----------------------------------------------------------------
INFO: [HLS 200-42] -- Implementing module 'pointOnSegment' 
INFO: [HLS 200-10] ----------------------------------------------------------------
INFO: [SCHED 204-11] Starting scheduling ...
INFO: [SCHED 204-11] Finished scheduling.
INFO: [HLS 200-111]  Elapsed time: 22.56 seconds; current allocated memory: 235.306 MB.
INFO: [BIND 205-100] Starting micro-architecture generation ...
INFO: [BIND 205-101] Performing variable lifetime analysis.
INFO: [BIND 205-101] Exploring resource sharing.
INFO: [BIND 205-101] Binding ...
INFO: [BIND 205-100] Finished micro-architecture generation.
INFO: [HLS 200-111]  Elapsed time: 0.34 seconds; current allocated memory: 235.878 MB.
INFO: [HLS 200-10] ----------------------------------------------------------------
INFO: [HLS 200-42] -- Implementing module 'honeybee' 
INFO: [HLS 200-10] ----------------------------------------------------------------
INFO: [SCHED 204-11] Starting scheduling ...
INFO: [SCHED 204-11] Finished scheduling.
INFO: [HLS 200-111]  Elapsed time: 1.39 seconds; current allocated memory: 237.511 MB.
INFO: [BIND 205-100] Starting micro-architecture generation ...
INFO: [BIND 205-101] Performing variable lifetime analysis.
INFO: [BIND 205-101] Exploring resource sharing.
INFO: [BIND 205-101] Binding ...
INFO: [BIND 205-100] Finished micro-architecture generation.
INFO: [HLS 200-111]  Elapsed time: 1.06 seconds; current allocated memory: 239.184 MB.
INFO: 