

================================================================
== Vivado HLS Report for 'lineIntersectPrism'
================================================================
* Date:           Mon Feb 24 12:07:51 2020

* Version:        2019.2 (Build 2704478 on Wed Nov 06 22:10:23 MST 2019)
* Project:        honeybee_001
* Solution:       solution4
* Product family: virtex7
* Target device:  xc7vx485t-ffg1157-1


================================================================
== Performance Estimates
================================================================
+ Timing: 
    * Summary: 
    +--------+----------+----------+------------+
    |  Clock |  Target  | Estimated| Uncertainty|
    +--------+----------+----------+------------+
    |ap_clk  | 10.00 ns | 8.218 ns |   1.25 ns  |
    +--------+----------+----------+------------+

+ Latency: 
    * Summary: 
    +---------+---------+----------+----------+-----+-----+----------+
    |  Latency (cycles) |  Latency (absolute) |  Interval | Pipeline |
    |   min   |   max   |    min   |    max   | min | max |   Type   |
    +---------+---------+----------+----------+-----+-----+----------+
    |       21|       21| 0.210 us | 0.210 us |    1|    1| function |
    +---------+---------+----------+----------+-----+-----+----------+

    + Detail: 
        * Instance: 
        N/A

        * Loop: 
        N/A

============================================================
+ Verbose Summary: Synthesis Manager
============================================================
InlineROM: 1
ExposeGlobal: 0
============================================================
+ Verbose Summary: CDFG Model
============================================================
IsTopModel: 0
ResetActiveHigh: 1
IsCombinational: 0
IsDatapathOnly: 0
HasWiredReturn: 1
HasMFsm: 2
HasVarLatency: 0
IsPipeline: 1
IsRtlPipelined: 1
IsInstanceOverlapped: 0
IsDontTouch: 0
HasImplIP: 0
IsGatedGlobalClock: 0

+ Individual pipeline summary: 
  * Pipeline-0: initiation interval (II) = 1, depth = 22


============================================================
+ Verbose Summary: Schedule
============================================================
* Number of FSM states : 22
* Pipeline : 1
  Pipeline-0 : II = 1, D = 22, States = { 1 2 3 4 5 6 7 8 9 10 11 12 13 14 15 16 17 18 19 20 21 22 }
* Dataflow Pipeline: 0

* FSM state transitions: 
1 --> 2 
2 --> 3 
3 --> 4 
4 --> 5 
5 --> 6 
6 --> 7 
7 --> 8 
8 --> 9 
9 --> 10 
10 --> 11 
11 --> 12 
12 --> 13 
13 --> 14 
14 --> 15 
15 --> 16 
16 --> 17 
17 --> 18 
18 --> 19 
19 --> 20 
20 --> 21 
21 --> 22 
22 --> 

* FSM state operations: 

State 1 <SV = 0> <Delay = 8.21>
ST_1 : Operation 23 [1/1] (0.00ns)   --->   "%edge_p2_z_read = call float @_ssdm_op_Read.ap_auto.float(float %edge_p2_z)" [src/honeybee.c:13->src/honeybee.c:60]   --->   Operation 23 'read' 'edge_p2_z_read' <Predicate = true> <Delay = 0.00>
ST_1 : Operation 24 [1/1] (0.00ns)   --->   "%edge_p2_y_read = call float @_ssdm_op_Read.ap_auto.float(float %edge_p2_y)" [src/honeybee.c:13->src/honeybee.c:60]   --->   Operation 24 'read' 'edge_p2_y_read' <Predicate = true> <Delay = 0.00>
ST_1 : Operation 25 [1/1] (0.00ns)   --->   "%edge_p2_x_read = call float @_ssdm_op_Read.ap_auto.float(float %edge_p2_x)" [src/honeybee.c:13->src/honeybee.c:60]   --->   Operation 25 'read' 'edge_p2_x_read' <Predicate = true> <Delay = 0.00>
ST_1 : Operation 26 [1/1] (0.00ns)   --->   "%edge_p1_z_read = call float @_ssdm_op_Read.ap_auto.float(float %edge_p1_z)" [src/honeybee.c:13->src/honeybee.c:60]   --->   Operation 26 'read' 'edge_p1_z_read' <Predicate = true> <Delay = 0.00>
ST_1 : Operation 27 [1/1] (0.00ns)   --->   "%edge_p1_y_read = call float @_ssdm_op_Read.ap_auto.float(float %edge_p1_y)" [src/honeybee.c:13->src/honeybee.c:60]   --->   Operation 27 'read' 'edge_p1_y_read' <Predicate = true> <Delay = 0.00>
ST_1 : Operation 28 [1/1] (0.00ns)   --->   "%edge_p1_x_read = call float @_ssdm_op_Read.ap_auto.float(float %edge_p1_x)" [src/honeybee.c:13->src/honeybee.c:60]   --->   Operation 28 'read' 'edge_p1_x_read' <Predicate = true> <Delay = 0.00>
ST_1 : Operation 29 [1/1] (0.00ns)   --->   "%obs_z_read = call float @_ssdm_op_Read.ap_auto.float(float %obs_z)" [src/honeybee.c:13->src/honeybee.c:60]   --->   Operation 29 'read' 'obs_z_read' <Predicate = true> <Delay = 0.00>
ST_1 : Operation 30 [1/1] (0.00ns)   --->   "%obs_y_read = call float @_ssdm_op_Read.ap_auto.float(float %obs_y)" [src/honeybee.c:13->src/honeybee.c:60]   --->   Operation 30 'read' 'obs_y_read' <Predicate = true> <Delay = 0.00>
ST_1 : Operation 31 [1/1] (0.00ns)   --->   "%obs_x_read = call float @_ssdm_op_Read.ap_auto.float(float %obs_x)" [src/honeybee.c:13->src/honeybee.c:60]   --->   Operation 31 'read' 'obs_x_read' <Predicate = true> <Delay = 0.00>
ST_1 : Operation 32 [4/4] (8.21ns)   --->   "%tmp_i = fsub float %obs_x_read, %edge_p1_x_read" [src/honeybee.c:14->src/honeybee.c:60]   --->   Operation 32 'fsub' 'tmp_i' <Predicate = true> <Delay = 8.21> <Core = "FAddSub">   --->   Core 105 'FAddSub' <Latency = 3> <II = 1> <Delay = 8.21> <FuncUnit> <Opcode : 'fadd' 'fsub'> <InPorts = 2> <OutPorts = 1>
ST_1 : Operation 33 [4/4] (8.21ns)   --->   "%tmp_1_i = fsub float %edge_p2_x_read, %edge_p1_x_read" [src/honeybee.c:14->src/honeybee.c:60]   --->   Operation 33 'fsub' 'tmp_1_i' <Predicate = true> <Delay = 8.21> <Core = "FAddSub">   --->   Core 105 'FAddSub' <Latency = 3> <II = 1> <Delay = 8.21> <FuncUnit> <Opcode : 'fadd' 'fsub'> <InPorts = 2> <OutPorts = 1>
ST_1 : Operation 34 [4/4] (8.21ns)   --->   "%tmp_i1 = fsub float %obs_y_read, %edge_p1_y_read" [src/honeybee.c:14->src/honeybee.c:61]   --->   Operation 34 'fsub' 'tmp_i1' <Predicate = true> <Delay = 8.21> <Core = "FAddSub">   --->   Core 105 'FAddSub' <Latency = 3> <II = 1> <Delay = 8.21> <FuncUnit> <Opcode : 'fadd' 'fsub'> <InPorts = 2> <OutPorts = 1>
ST_1 : Operation 35 [4/4] (8.21ns)   --->   "%tmp_1_i3 = fsub float %edge_p2_y_read, %edge_p1_y_read" [src/honeybee.c:14->src/honeybee.c:61]   --->   Operation 35 'fsub' 'tmp_1_i3' <Predicate = true> <Delay = 8.21> <Core = "FAddSub">   --->   Core 105 'FAddSub' <Latency = 3> <II = 1> <Delay = 8.21> <FuncUnit> <Opcode : 'fadd' 'fsub'> <InPorts = 2> <OutPorts = 1>
ST_1 : Operation 36 [4/4] (8.21ns)   --->   "%tmp_i5 = fsub float %obs_z_read, %edge_p1_z_read" [src/honeybee.c:14->src/honeybee.c:62]   --->   Operation 36 'fsub' 'tmp_i5' <Predicate = true> <Delay = 8.21> <Core = "FAddSub">   --->   Core 105 'FAddSub' <Latency = 3> <II = 1> <Delay = 8.21> <FuncUnit> <Opcode : 'fadd' 'fsub'> <InPorts = 2> <OutPorts = 1>
ST_1 : Operation 37 [4/4] (8.21ns)   --->   "%tmp_1_i7 = fsub float %edge_p2_z_read, %edge_p1_z_read" [src/honeybee.c:14->src/honeybee.c:62]   --->   Operation 37 'fsub' 'tmp_1_i7' <Predicate = true> <Delay = 8.21> <Core = "FAddSub">   --->   Core 105 'FAddSub' <Latency = 3> <II = 1> <Delay = 8.21> <FuncUnit> <Opcode : 'fadd' 'fsub'> <InPorts = 2> <OutPorts = 1>

State 2 <SV = 1> <Delay = 8.21>
ST_2 : Operation 38 [3/4] (8.21ns)   --->   "%tmp_i = fsub float %obs_x_read, %edge_p1_x_read" [src/honeybee.c:14->src/honeybee.c:60]   --->   Operation 38 'fsub' 'tmp_i' <Predicate = true> <Delay = 8.21> <Core = "FAddSub">   --->   Core 105 'FAddSub' <Latency = 3> <II = 1> <Delay = 8.21> <FuncUnit> <Opcode : 'fadd' 'fsub'> <InPorts = 2> <OutPorts = 1>
ST_2 : Operation 39 [3/4] (8.21ns)   --->   "%tmp_1_i = fsub float %edge_p2_x_read, %edge_p1_x_read" [src/honeybee.c:14->src/honeybee.c:60]   --->   Operation 39 'fsub' 'tmp_1_i' <Predicate = true> <Delay = 8.21> <Core = "FAddSub">   --->   Core 105 'FAddSub' <Latency = 3> <II = 1> <Delay = 8.21> <FuncUnit> <Opcode : 'fadd' 'fsub'> <InPorts = 2> <OutPorts = 1>
ST_2 : Operation 40 [3/4] (8.21ns)   --->   "%tmp_i1 = fsub float %obs_y_read, %edge_p1_y_read" [src/honeybee.c:14->src/honeybee.c:61]   --->   Operation 40 'fsub' 'tmp_i1' <Predicate = true> <Delay = 8.21> <Core = "FAddSub">   --->   Core 105 'FAddSub' <Latency = 3> <II = 1> <Delay = 8.21> <FuncUnit> <Opcode : 'fadd' 'fsub'> <InPorts = 2> <OutPorts = 1>
ST_2 : Operation 41 [3/4] (8.21ns)   --->   "%tmp_1_i3 = fsub float %edge_p2_y_read, %edge_p1_y_read" [src/honeybee.c:14->src/honeybee.c:61]   --->   Operation 41 'fsub' 'tmp_1_i3' <Predicate = true> <Delay = 8.21> <Core = "FAddSub">   --->   Core 105 'FAddSub' <Latency = 3> <II = 1> <Delay = 8.21> <FuncUnit> <Opcode : 'fadd' 'fsub'> <InPorts = 2> <OutPorts = 1>
ST_2 : Operation 42 [3/4] (8.21ns)   --->   "%tmp_i5 = fsub float %obs_z_read, %edge_p1_z_read" [src/honeybee.c:14->src/honeybee.c:62]   --->   Operation 42 'fsub' 'tmp_i5' <Predicate = true> <Delay = 8.21> <Core = "FAddSub">   --->   Core 105 'FAddSub' <Latency = 3> <II = 1> <Delay = 8.21> <FuncUnit> <Opcode : 'fadd' 'fsub'> <InPorts = 2> <OutPorts = 1>
ST_2 : Operation 43 [3/4] (8.21ns)   --->   "%tmp_1_i7 = fsub float %edge_p2_z_read, %edge_p1_z_read" [src/honeybee.c:14->src/honeybee.c:62]   --->   Operation 43 'fsub' 'tmp_1_i7' <Predicate = true> <Delay = 8.21> <Core = "FAddSub">   --->   Core 105 'FAddSub' <Latency = 3> <II = 1> <Delay = 8.21> <FuncUnit> <Opcode : 'fadd' 'fsub'> <InPorts = 2> <OutPorts = 1>

State 3 <SV = 2> <Delay = 8.21>
ST_3 : Operation 44 [2/4] (8.21ns)   --->   "%tmp_i = fsub float %obs_x_read, %edge_p1_x_read" [src/honeybee.c:14->src/honeybee.c:60]   --->   Operation 44 'fsub' 'tmp_i' <Predicate = true> <Delay = 8.21> <Core = "FAddSub">   --->   Core 105 'FAddSub' <Latency = 3> <II = 1> <Delay = 8.21> <FuncUnit> <Opcode : 'fadd' 'fsub'> <InPorts = 2> <OutPorts = 1>
ST_3 : Operation 45 [2/4] (8.21ns)   --->   "%tmp_1_i = fsub float %edge_p2_x_read, %edge_p1_x_read" [src/honeybee.c:14->src/honeybee.c:60]   --->   Operation 45 'fsub' 'tmp_1_i' <Predicate = true> <Delay = 8.21> <Core = "FAddSub">   --->   Core 105 'FAddSub' <Latency = 3> <II = 1> <Delay = 8.21> <FuncUnit> <Opcode : 'fadd' 'fsub'> <InPorts = 2> <OutPorts = 1>
ST_3 : Operation 46 [2/4] (8.21ns)   --->   "%tmp_i1 = fsub float %obs_y_read, %edge_p1_y_read" [src/honeybee.c:14->src/honeybee.c:61]   --->   Operation 46 'fsub' 'tmp_i1' <Predicate = true> <Delay = 8.21> <Core = "FAddSub">   --->   Core 105 'FAddSub' <Latency = 3> <II = 1> <Delay = 8.21> <FuncUnit> <Opcode : 'fadd' 'fsub'> <InPorts = 2> <OutPorts = 1>
ST_3 : Operation 47 [2/4] (8.21ns)   --->   "%tmp_1_i3 = fsub float %edge_p2_y_read, %edge_p1_y_read" [src/honeybee.c:14->src/honeybee.c:61]   --->   Operation 47 'fsub' 'tmp_1_i3' <Predicate = true> <Delay = 8.21> <Core = "FAddSub">   --->   Core 105 'FAddSub' <Latency = 3> <II = 1> <Delay = 8.21> <FuncUnit> <Opcode : 'fadd' 'fsub'> <InPorts = 2> <OutPorts = 1>
ST_3 : Operation 48 [2/4] (8.21ns)   --->   "%tmp_i5 = fsub float %obs_z_read, %edge_p1_z_read" [src/honeybee.c:14->src/honeybee.c:62]   --->   Operation 48 'fsub' 'tmp_i5' <Predicate = true> <Delay = 8.21> <Core = "FAddSub">   --->   Core 105 'FAddSub' <Latency = 3> <II = 1> <Delay = 8.21> <FuncUnit> <Opcode : 'fadd' 'fsub'> <InPorts = 2> <OutPorts = 1>
ST_3 : Operation 49 [2/4] (8.21ns)   --->   "%tmp_1_i7 = fsub float %edge_p2_z_read, %edge_p1_z_read" [src/honeybee.c:14->src/honeybee.c:62]   --->   Operation 49 'fsub' 'tmp_1_i7' <Predicate = true> <Delay = 8.21> <Core = "FAddSub">   --->   Core 105 'FAddSub' <Latency = 3> <II = 1> <Delay = 8.21> <FuncUnit> <Opcode : 'fadd' 'fsub'> <InPorts = 2> <OutPorts = 1>

State 4 <SV = 3> <Delay = 8.21>
ST_4 : Operation 50 [1/4] (8.21ns)   --->   "%tmp_i = fsub float %obs_x_read, %edge_p1_x_read" [src/honeybee.c:14->src/honeybee.c:60]   --->   Operation 50 'fsub' 'tmp_i' <Predicate = true> <Delay = 8.21> <Core = "FAddSub">   --->   Core 105 'FAddSub' <Latency = 3> <II = 1> <Delay = 8.21> <FuncUnit> <Opcode : 'fadd' 'fsub'> <InPorts = 2> <OutPorts = 1>
ST_4 : Operation 51 [1/4] (8.21ns)   --->   "%tmp_1_i = fsub float %edge_p2_x_read, %edge_p1_x_read" [src/honeybee.c:14->src/honeybee.c:60]   --->   Operation 51 'fsub' 'tmp_1_i' <Predicate = true> <Delay = 8.21> <Core = "FAddSub">   --->   Core 105 'FAddSub' <Latency = 3> <II = 1> <Delay = 8.21> <FuncUnit> <Opcode : 'fadd' 'fsub'> <InPorts = 2> <OutPorts = 1>
ST_4 : Operation 52 [1/4] (8.21ns)   --->   "%tmp_i1 = fsub float %obs_y_read, %edge_p1_y_read" [src/honeybee.c:14->src/honeybee.c:61]   --->   Operation 52 'fsub' 'tmp_i1' <Predicate = true> <Delay = 8.21> <Core = "FAddSub">   --->   Core 105 'FAddSub' <Latency = 3> <II = 1> <Delay = 8.21> <FuncUnit> <Opcode : 'fadd' 'fsub'> <InPorts = 2> <OutPorts = 1>
ST_4 : Operation 53 [1/4] (8.21ns)   --->   "%tmp_1_i3 = fsub float %edge_p2_y_read, %edge_p1_y_read" [src/honeybee.c:14->src/honeybee.c:61]   --->   Operation 53 'fsub' 'tmp_1_i3' <Predicate = true> <Delay = 8.21> <Core = "FAddSub">   --->   Core 105 'FAddSub' <Latency = 3> <II = 1> <Delay = 8.21> <FuncUnit> <Opcode : 'fadd' 'fsub'> <InPorts = 2> <OutPorts = 1>
ST_4 : Operation 54 [1/4] (8.21ns)   --->   "%tmp_i5 = fsub float %obs_z_read, %edge_p1_z_read" [src/honeybee.c:14->src/honeybee.c:62]   --->   Operation 54 'fsub' 'tmp_i5' <Predicate = true> <Delay = 8.21> <Core = "FAddSub">   --->   Core 105 'FAddSub' <Latency = 3> <II = 1> <Delay = 8.21> <FuncUnit> <Opcode : 'fadd' 'fsub'> <InPorts = 2> <OutPorts = 1>
ST_4 : Operation 55 [1/4] (8.21ns)   --->   "%tmp_1_i7 = fsub float %edge_p2_z_read, %edge_p1_z_read" [src/honeybee.c:14->src/honeybee.c:62]   --->   Operation 55 'fsub' 'tmp_1_i7' <Predicate = true> <Delay = 8.21> <Core = "FAddSub">   --->   Core 105 'FAddSub' <Latency = 3> <II = 1> <Delay = 8.21> <FuncUnit> <Opcode : 'fadd' 'fsub'> <InPorts = 2> <OutPorts = 1>

State 5 <SV = 4> <Delay = 8.21>
ST_5 : Operation 56 [4/4] (8.21ns)   --->   "%tmp_i_4 = fadd float %tmp_i, 1.000000e+00" [src/honeybee.c:14->src/honeybee.c:60]   --->   Operation 56 'fadd' 'tmp_i_4' <Predicate = true> <Delay = 8.21> <Core = "FAddSub">   --->   Core 105 'FAddSub' <Latency = 3> <II = 1> <Delay = 8.21> <FuncUnit> <Opcode : 'fadd' 'fsub'> <InPorts = 2> <OutPorts = 1>
ST_5 : Operation 57 [4/4] (8.21ns)   --->   "%tmp_i2 = fadd float %tmp_i1, 1.000000e+00" [src/honeybee.c:14->src/honeybee.c:61]   --->   Operation 57 'fadd' 'tmp_i2' <Predicate = true> <Delay = 8.21> <Core = "FAddSub">   --->   Core 105 'FAddSub' <Latency = 3> <II = 1> <Delay = 8.21> <FuncUnit> <Opcode : 'fadd' 'fsub'> <InPorts = 2> <OutPorts = 1>
ST_5 : Operation 58 [4/4] (8.21ns)   --->   "%tmp_i6 = fadd float %tmp_i5, 1.000000e+00" [src/honeybee.c:14->src/honeybee.c:62]   --->   Operation 58 'fadd' 'tmp_i6' <Predicate = true> <Delay = 8.21> <Core = "FAddSub">   --->   Core 105 'FAddSub' <Latency = 3> <II = 1> <Delay = 8.21> <FuncUnit> <Opcode : 'fadd' 'fsub'> <InPorts = 2> <OutPorts = 1>
ST_5 : Operation 59 [10/10] (7.23ns)   --->   "%max_2 = fdiv float %tmp_i, %tmp_1_i" [src/honeybee.c:10->src/honeybee.c:65]   --->   Operation 59 'fdiv' 'max_2' <Predicate = true> <Delay = 7.23> <Core = "FDiv">   --->   Core 107 'FDiv' <Latency = 9> <II = 1> <Delay = 7.23> <FuncUnit> <Opcode : 'fdiv' 'frem'> <InPorts = 2> <OutPorts = 1>
ST_5 : Operation 60 [10/10] (7.23ns)   --->   "%max_5 = fdiv float %tmp_i1, %tmp_1_i3" [src/honeybee.c:10->src/honeybee.c:66]   --->   Operation 60 'fdiv' 'max_5' <Predicate = true> <Delay = 7.23> <Core = "FDiv">   --->   Core 107 'FDiv' <Latency = 9> <II = 1> <Delay = 7.23> <FuncUnit> <Opcode : 'fdiv' 'frem'> <InPorts = 2> <OutPorts = 1>
ST_5 : Operation 61 [10/10] (7.23ns)   --->   "%max_3 = fdiv float %tmp_i5, %tmp_1_i7" [src/honeybee.c:10->src/honeybee.c:67]   --->   Operation 61 'fdiv' 'max_3' <Predicate = true> <Delay = 7.23> <Core = "FDiv">   --->   Core 107 'FDiv' <Latency = 9> <II = 1> <Delay = 7.23> <FuncUnit> <Opcode : 'fdiv' 'frem'> <InPorts = 2> <OutPorts = 1>

State 6 <SV = 5> <Delay = 8.21>
ST_6 : Operation 62 [3/4] (8.21ns)   --->   "%tmp_i_4 = fadd float %tmp_i, 1.000000e+00" [src/honeybee.c:14->src/honeybee.c:60]   --->   Operation 62 'fadd' 'tmp_i_4' <Predicate = true> <Delay = 8.21> <Core = "FAddSub">   --->   Core 105 'FAddSub' <Latency = 3> <II = 1> <Delay = 8.21> <FuncUnit> <Opcode : 'fadd' 'fsub'> <InPorts = 2> <OutPorts = 1>
ST_6 : Operation 63 [3/4] (8.21ns)   --->   "%tmp_i2 = fadd float %tmp_i1, 1.000000e+00" [src/honeybee.c:14->src/honeybee.c:61]   --->   Operation 63 'fadd' 'tmp_i2' <Predicate = true> <Delay = 8.21> <Core = "FAddSub">   --->   Core 105 'FAddSub' <Latency = 3> <II = 1> <Delay = 8.21> <FuncUnit> <Opcode : 'fadd' 'fsub'> <InPorts = 2> <OutPorts = 1>
ST_6 : Operation 64 [3/4] (8.21ns)   --->   "%tmp_i6 = fadd float %tmp_i5, 1.000000e+00" [src/honeybee.c:14->src/honeybee.c:62]   --->   Operation 64 'fadd' 'tmp_i6' <Predicate = true> <Delay = 8.21> <Core = "FAddSub">   --->   Core 105 'FAddSub' <Latency = 3> <II = 1> <Delay = 8.21> <FuncUnit> <Opcode : 'fadd' 'fsub'> <InPorts = 2> <OutPorts = 1>
ST_6 : Operation 65 [9/10] (7.23ns)   --->   "%max_2 = fdiv float %tmp_i, %tmp_1_i" [src/honeybee.c:10->src/honeybee.c:65]   --->   Operation 65 'fdiv' 'max_2' <Predicate = true> <Delay = 7.23> <Core = "FDiv">   --->   Core 107 'FDiv' <Latency = 9> <II = 1> <Delay = 7.23> <FuncUnit> <Opcode : 'fdiv' 'frem'> <InPorts = 2> <OutPorts = 1>
ST_6 : Operation 66 [9/10] (7.23ns)   --->   "%max_5 = fdiv float %tmp_i1, %tmp_1_i3" [src/honeybee.c:10->src/honeybee.c:66]   --->   Operation 66 'fdiv' 'max_5' <Predicate = true> <Delay = 7.23> <Core = "FDiv">   --->   Core 107 'FDiv' <Latency = 9> <II = 1> <Delay = 7.23> <FuncUnit> <Opcode : 'fdiv' 'frem'> <InPorts = 2> <OutPorts = 1>
ST_6 : Operation 67 [9/10] (7.23ns)   --->   "%max_3 = fdiv float %tmp_i5, %tmp_1_i7" [src/honeybee.c:10->src/honeybee.c:67]   --->   Operation 67 'fdiv' 'max_3' <Predicate = true> <Delay = 7.23> <Core = "FDiv">   --->   Core 107 'FDiv' <Latency = 9> <II = 1> <Delay = 7.23> <FuncUnit> <Opcode : 'fdiv' 'frem'> <InPorts = 2> <OutPorts = 1>

State 7 <SV = 6> <Delay = 8.21>
ST_7 : Operation 68 [2/4] (8.21ns)   --->   "%tmp_i_4 = fadd float %tmp_i, 1.000000e+00" [src/honeybee.c:14->src/honeybee.c:60]   --->   Operation 68 'fadd' 'tmp_i_4' <Predicate = true> <Delay = 8.21> <Core = "FAddSub">   --->   Core 105 'FAddSub' <Latency = 3> <II = 1> <Delay = 8.21> <FuncUnit> <Opcode : 'fadd' 'fsub'> <InPorts = 2> <OutPorts = 1>
ST_7 : Operation 69 [2/4] (8.21ns)   --->   "%tmp_i2 = fadd float %tmp_i1, 1.000000e+00" [src/honeybee.c:14->src/honeybee.c:61]   --->   Operation 69 'fadd' 'tmp_i2' <Predicate = true> <Delay = 8.21> <Core = "FAddSub">   --->   Core 105 'FAddSub' <Latency = 3> <II = 1> <Delay = 8.21> <FuncUnit> <Opcode : 'fadd' 'fsub'> <InPorts = 2> <OutPorts = 1>
ST_7 : Operation 70 [2/4] (8.21ns)   --->   "%tmp_i6 = fadd float %tmp_i5, 1.000000e+00" [src/honeybee.c:14->src/honeybee.c:62]   --->   Operation 70 'fadd' 'tmp_i6' <Predicate = true> <Delay = 8.21> <Core = "FAddSub">   --->   Core 105 'FAddSub' <Latency = 3> <II = 1> <Delay = 8.21> <FuncUnit> <Opcode : 'fadd' 'fsub'> <InPorts = 2> <OutPorts = 1>
ST_7 : Operation 71 [8/10] (7.23ns)   --->   "%max_2 = fdiv float %tmp_i, %tmp_1_i" [src/honeybee.c:10->src/honeybee.c:65]   --->   Operation 71 'fdiv' 'max_2' <Predicate = true> <Delay = 7.23> <Core = "FDiv">   --->   Core 107 'FDiv' <Latency = 9> <II = 1> <Delay = 7.23> <FuncUnit> <Opcode : 'fdiv' 'frem'> <InPorts = 2> <OutPorts = 1>
ST_7 : Operation 72 [8/10] (7.23ns)   --->   "%max_5 = fdiv float %tmp_i1, %tmp_1_i3" [src/honeybee.c:10->src/honeybee.c:66]   --->   Operation 72 'fdiv' 'max_5' <Predicate = true> <Delay = 7.23> <Core = "FDiv">   --->   Core 107 'FDiv' <Latency = 9> <II = 1> <Delay = 7.23> <FuncUnit> <Opcode : 'fdiv' 'frem'> <InPorts = 2> <OutPorts = 1>
ST_7 : Operation 73 [8/10] (7.23ns)   --->   "%max_3 = fdiv float %tmp_i5, %tmp_1_i7" [src/honeybee.c:10->src/honeybee.c:67]   --->   Operation 73 'fdiv' 'max_3' <Predicate = true> <Delay = 7.23> <Core = "FDiv">   --->   Core 107 'FDiv' <Latency = 9> <II = 1> <Delay = 7.23> <FuncUnit> <Opcode : 'fdiv' 'frem'> <InPorts = 2> <OutPorts = 1>

State 8 <SV = 7> <Delay = 8.21>
ST_8 : Operation 74 [1/4] (8.21ns)   --->   "%tmp_i_4 = fadd float %tmp_i, 1.000000e+00" [src/honeybee.c:14->src/honeybee.c:60]   --->   Operation 74 'fadd' 'tmp_i_4' <Predicate = true> <Delay = 8.21> <Core = "FAddSub">   --->   Core 105 'FAddSub' <Latency = 3> <II = 1> <Delay = 8.21> <FuncUnit> <Opcode : 'fadd' 'fsub'> <InPorts = 2> <OutPorts = 1>
ST_8 : Operation 75 [1/4] (8.21ns)   --->   "%tmp_i2 = fadd float %tmp_i1, 1.000000e+00" [src/honeybee.c:14->src/honeybee.c:61]   --->   Operation 75 'fadd' 'tmp_i2' <Predicate = true> <Delay = 8.21> <Core = "FAddSub">   --->   Core 105 'FAddSub' <Latency = 3> <II = 1> <Delay = 8.21> <FuncUnit> <Opcode : 'fadd' 'fsub'> <InPorts = 2> <OutPorts = 1>
ST_8 : Operation 76 [1/4] (8.21ns)   --->   "%tmp_i6 = fadd float %tmp_i5, 1.000000e+00" [src/honeybee.c:14->src/honeybee.c:62]   --->   Operation 76 'fadd' 'tmp_i6' <Predicate = true> <Delay = 8.21> <Core = "FAddSub">   --->   Core 105 'FAddSub' <Latency = 3> <II = 1> <Delay = 8.21> <FuncUnit> <Opcode : 'fadd' 'fsub'> <InPorts = 2> <OutPorts = 1>
ST_8 : Operation 77 [7/10] (7.23ns)   --->   "%max_2 = fdiv float %tmp_i, %tmp_1_i" [src/honeybee.c:10->src/honeybee.c:65]   --->   Operation 77 'fdiv' 'max_2' <Predicate = true> <Delay = 7.23> <Core = "FDiv">   --->   Core 107 'FDiv' <Latency = 9> <II = 1> <Delay = 7.23> <FuncUnit> <Opcode : 'fdiv' 'frem'> <InPorts = 2> <OutPorts = 1>
ST_8 : Operation 78 [7/10] (7.23ns)   --->   "%max_5 = fdiv float %tmp_i1, %tmp_1_i3" [src/honeybee.c:10->src/honeybee.c:66]   --->   Operation 78 'fdiv' 'max_5' <Predicate = true> <Delay = 7.23> <Core = "FDiv">   --->   Core 107 'FDiv' <Latency = 9> <II = 1> <Delay = 7.23> <FuncUnit> <Opcode : 'fdiv' 'frem'> <InPorts = 2> <OutPorts = 1>
ST_8 : Operation 79 [7/10] (7.23ns)   --->   "%max_3 = fdiv float %tmp_i5, %tmp_1_i7" [src/honeybee.c:10->src/honeybee.c:67]   --->   Operation 79 'fdiv' 'max_3' <Predicate = true> <Delay = 7.23> <Core = "FDiv">   --->   Core 107 'FDiv' <Latency = 9> <II = 1> <Delay = 7.23> <FuncUnit> <Opcode : 'fdiv' 'frem'> <InPorts = 2> <OutPorts = 1>

State 9 <SV = 8> <Delay = 7.23>
ST_9 : Operation 80 [10/10] (7.23ns)   --->   "%min = fdiv float %tmp_i_4, %tmp_1_i" [src/honeybee.c:14->src/honeybee.c:60]   --->   Operation 80 'fdiv' 'min' <Predicate = true> <Delay = 7.23> <Core = "FDiv">   --->   Core 107 'FDiv' <Latency = 9> <II = 1> <Delay = 7.23> <FuncUnit> <Opcode : 'fdiv' 'frem'> <InPorts = 2> <OutPorts = 1>
ST_9 : Operation 81 [10/10] (7.23ns)   --->   "%min_3 = fdiv float %tmp_i2, %tmp_1_i3" [src/honeybee.c:14->src/honeybee.c:61]   --->   Operation 81 'fdiv' 'min_3' <Predicate = true> <Delay = 7.23> <Core = "FDiv">   --->   Core 107 'FDiv' <Latency = 9> <II = 1> <Delay = 7.23> <FuncUnit> <Opcode : 'fdiv' 'frem'> <InPorts = 2> <OutPorts = 1>
ST_9 : Operation 82 [10/10] (7.23ns)   --->   "%min_1 = fdiv float %tmp_i6, %tmp_1_i7" [src/honeybee.c:14->src/honeybee.c:62]   --->   Operation 82 'fdiv' 'min_1' <Predicate = true> <Delay = 7.23> <Core = "FDiv">   --->   Core 107 'FDiv' <Latency = 9> <II = 1> <Delay = 7.23> <FuncUnit> <Opcode : 'fdiv' 'frem'> <InPorts = 2> <OutPorts = 1>
ST_9 : Operation 83 [6/10] (7.23ns)   --->   "%max_2 = fdiv float %tmp_i, %tmp_1_i" [src/honeybee.c:10->src/honeybee.c:65]   --->   Operation 83 'fdiv' 'max_2' <Predicate = true> <Delay = 7.23> <Core = "FDiv">   --->   Core 107 'FDiv' <Latency = 9> <II = 1> <Delay = 7.23> <FuncUnit> <Opcode : 'fdiv' 'frem'> <InPorts = 2> <OutPorts = 1>
ST_9 : Operation 84 [6/10] (7.23ns)   --->   "%max_5 = fdiv float %tmp_i1, %tmp_1_i3" [src/honeybee.c:10->src/honeybee.c:66]   --->   Operation 84 'fdiv' 'max_5' <Predicate = true> <Delay = 7.23> <Core = "FDiv">   --->   Core 107 'FDiv' <Latency = 9> <II = 1> <Delay = 7.23> <FuncUnit> <Opcode : 'fdiv' 'frem'> <InPorts = 2> <OutPorts = 1>
ST_9 : Operation 85 [6/10] (7.23ns)   --->   "%max_3 = fdiv float %tmp_i5, %tmp_1_i7" [src/honeybee.c:10->src/honeybee.c:67]   --->   Operation 85 'fdiv' 'max_3' <Predicate = true> <Delay = 7.23> <Core = "FDiv">   --->   Core 107 'FDiv' <Latency = 9> <II = 1> <Delay = 7.23> <FuncUnit> <Opcode : 'fdiv' 'frem'> <InPorts = 2> <OutPorts = 1>

State 10 <SV = 9> <Delay = 7.23>
ST_10 : Operation 86 [9/10] (7.23ns)   --->   "%min = fdiv float %tmp_i_4, %tmp_1_i" [src/honeybee.c:14->src/honeybee.c:60]   --->   Operation 86 'fdiv' 'min' <Predicate = true> <Delay = 7.23> <Core = "FDiv">   --->   Core 107 'FDiv' <Latency = 9> <II = 1> <Delay = 7.23> <FuncUnit> <Opcode : 'fdiv' 'frem'> <InPorts = 2> <OutPorts = 1>
ST_10 : Operation 87 [9/10] (7.23ns)   --->   "%min_3 = fdiv float %tmp_i2, %tmp_1_i3" [src/honeybee.c:14->src/honeybee.c:61]   --->   Operation 87 'fdiv' 'min_3' <Predicate = true> <Delay = 7.23> <Core = "FDiv">   --->   Core 107 'FDiv' <Latency = 9> <II = 1> <Delay = 7.23> <FuncUnit> <Opcode : 'fdiv' 'frem'> <InPorts = 2> <OutPorts = 1>
ST_10 : Operation 88 [9/10] (7.23ns)   --->   "%min_1 = fdiv float %tmp_i6, %tmp_1_i7" [src/honeybee.c:14->src/honeybee.c:62]   --->   Operation 88 'fdiv' 'min_1' <Predicate = true> <Delay = 7.23> <Core = "FDiv">   --->   Core 107 'FDiv' <Latency = 9> <II = 1> <Delay = 7.23> <FuncUnit> <Opcode : 'fdiv' 'frem'> <InPorts = 2> <OutPorts = 1>
ST_10 : Operation 89 [5/10] (7.23ns)   --->   "%max_2 = fdiv float %tmp_i, %tmp_1_i" [src/honeybee.c:10->src/honeybee.c:65]   --->   Operation 89 'fdiv' 'max_2' <Predicate = true> <Delay = 7.23> <Core = "FDiv">   --->   Core 107 'FDiv' <Latency = 9> <II = 1> <Delay = 7.23> <FuncUnit> <Opcode : 'fdiv' 'frem'> <InPorts = 2> <OutPorts = 1>
ST_10 : Operation 90 [5/10] (7.23ns)   --->   "%max_5 = fdiv float %tmp_i1, %tmp_1_i3" [src/honeybee.c:10->src/honeybee.c:66]   --->   Operation 90 'fdiv' 'max_5' <Predicate = true> <Delay = 7.23> <Core = "FDiv">   --->   Core 107 'FDiv' <Latency = 9> <II = 1> <Delay = 7.23> <FuncUnit> <Opcode : 'fdiv' 'frem'> <InPorts = 2> <OutPorts = 1>
ST_10 : Operation 91 [5/10] (7.23ns)   --->   "%max_3 = fdiv float %tmp_i5, %tmp_1_i7" [src/honeybee.c:10->src/honeybee.c:67]   --->   Operation 91 'fdiv' 'max_3' <Predicate = true> <Delay = 7.23> <Core = "FDiv">   --->   Core 107 'FDiv' <Latency = 9> <II = 1> <Delay = 7.23> <FuncUnit> <Opcode : 'fdiv' 'frem'> <InPorts = 2> <OutPorts = 1>

State 11 <SV = 10> <Delay = 7.23>
ST_11 : Operation 92 [8/10] (7.23ns)   --->   "%min = fdiv float %tmp_i_4, %tmp_1_i" [src/honeybee.c:14->src/honeybee.c:60]   --->   Operation 92 'fdiv' 'min' <Predicate = true> <Delay = 7.23> <Core = "FDiv">   --->   Core 107 'FDiv' <Latency = 9> <II = 1> <Delay = 7.23> <FuncUnit> <Opcode : 'fdiv' 'frem'> <InPorts = 2> <OutPorts = 1>
ST_11 : Operation 93 [8/10] (7.23ns)   --->   "%min_3 = fdiv float %tmp_i2, %tmp_1_i3" [src/honeybee.c:14->src/honeybee.c:61]   --->   Operation 93 'fdiv' 'min_3' <Predicate = true> <Delay = 7.23> <Core = "FDiv">   --->   Core 107 'FDiv' <Latency = 9> <II = 1> <Delay = 7.23> <FuncUnit> <Opcode : 'fdiv' 'frem'> <InPorts = 2> <OutPorts = 1>
ST_11 : Operation 94 [8/10] (7.23ns)   --->   "%min_1 = fdiv float %tmp_i6, %tmp_1_i7" [src/honeybee.c:14->src/honeybee.c:62]   --->   Operation 94 'fdiv' 'min_1' <Predicate = true> <Delay = 7.23> <Core = "FDiv">   --->   Core 107 'FDiv' <Latency = 9> <II = 1> <Delay = 7.23> <FuncUnit> <Opcode : 'fdiv' 'frem'> <InPorts = 2> <OutPorts = 1>
ST_11 : Operation 95 [4/10] (7.23ns)   --->   "%max_2 = fdiv float %tmp_i, %tmp_1_i" [src/honeybee.c:10->src/honeybee.c:65]   --->   Operation 95 'fdiv' 'max_2' <Predicate = true> <Delay = 7.23> <Core = "FDiv">   --->   Core 107 'FDiv' <Latency = 9> <II = 1> <Delay = 7.23> <FuncUnit> <Opcode : 'fdiv' 'frem'> <InPorts = 2> <OutPorts = 1>
ST_11 : Operation 96 [4/10] (7.23ns)   --->   "%max_5 = fdiv float %tmp_i1, %tmp_1_i3" [src/honeybee.c:10->src/honeybee.c:66]   --->   Operation 96 'fdiv' 'max_5' <Predicate = true> <Delay = 7.23> <Core = "FDiv">   --->   Core 107 'FDiv' <Latency = 9> <II = 1> <Delay = 7.23> <FuncUnit> <Opcode : 'fdiv' 'frem'> <InPorts = 2> <OutPorts = 1>
ST_11 : Operation 97 [4/10] (7.23ns)   --->   "%max_3 = fdiv float %tmp_i5, %tmp_1_i7" [src/honeybee.c:10->src/honeybee.c:67]   --->   Operation 97 'fdiv' 'max_3' <Predicate = true> <Delay = 7.23> <Core = "FDiv">   --->   Core 107 'FDiv' <Latency = 9> <II = 1> <Delay = 7.23> <FuncUnit> <Opcode : 'fdiv' 'frem'> <InPorts = 2> <OutPorts = 1>

State 12 <SV = 11> <Delay = 7.23>
ST_12 : Operation 98 [7/10] (7.23ns)   --->   "%min = fdiv float %tmp_i_4, %tmp_1_i" [src/honeybee.c:14->src/honeybee.c:60]   --->   Operation 98 'fdiv' 'min' <Predicate = true> <Delay = 7.23> <Core = "FDiv">   --->   Core 107 'FDiv' <Latency = 9> <II = 1> <Delay = 7.23> <FuncUnit> <Opcode : 'fdiv' 'frem'> <InPorts = 2> <OutPorts = 1>
ST_12 : Operation 99 [7/10] (7.23ns)   --->   "%min_3 = fdiv float %tmp_i2, %tmp_1_i3" [src/honeybee.c:14->src/honeybee.c:61]   --->   Operation 99 'fdiv' 'min_3' <Predicate = true> <Delay = 7.23> <Core = "FDiv">   --->   Core 107 'FDiv' <Latency = 9> <II = 1> <Delay = 7.23> <FuncUnit> <Opcode : 'fdiv' 'frem'> <InPorts = 2> <OutPorts = 1>
ST_12 : Operation 100 [7/10] (7.23ns)   --->   "%min_1 = fdiv float %tmp_i6, %tmp_1_i7" [src/honeybee.c:14->src/honeybee.c:62]   --->   Operation 100 'fdiv' 'min_1' <Predicate = true> <Delay = 7.23> <Core = "FDiv">   --->   Core 107 'FDiv' <Latency = 9> <II = 1> <Delay = 7.23> <FuncUnit> <Opcode : 'fdiv' 'frem'> <InPorts = 2> <OutPorts = 1>
ST_12 : Operation 101 [3/10] (7.23ns)   --->   "%max_2 = fdiv float %tmp_i, %tmp_1_i" [src/honeybee.c:10->src/honeybee.c:65]   --->   Operation 101 'fdiv' 'max_2' <Predicate = true> <Delay = 7.23> <Core = "FDiv">   --->   Core 107 'FDiv' <Latency = 9> <II = 1> <Delay = 7.23> <FuncUnit> <Opcode : 'fdiv' 'frem'> <InPorts = 2> <OutPorts = 1>
ST_12 : Operation 102 [3/10] (7.23ns)   --->   "%max_5 = fdiv float %tmp_i1, %tmp_1_i3" [src/honeybee.c:10->src/honeybee.c:66]   --->   Operation 102 'fdiv' 'max_5' <Predicate = true> <Delay = 7.23> <Core = "FDiv">   --->   Core 107 'FDiv' <Latency = 9> <II = 1> <Delay = 7.23> <FuncUnit> <Opcode : 'fdiv' 'frem'> <InPorts = 2> <OutPorts = 1>
ST_12 : Operation 103 [3/10] (7.23ns)   --->   "%max_3 = fdiv float %tmp_i5, %tmp_1_i7" [src/honeybee.c:10->src/honeybee.c:67]   --->   Operation 103 'fdiv' 'max_3' <Predicate = true> <Delay = 7.23> <Core = "FDiv">   --->   Core 107 'FDiv' <Latency = 9> <II = 1> <Delay = 7.23> <FuncUnit> <Opcode : 'fdiv' 'frem'> <InPorts = 2> <OutPorts = 1>

State 13 <SV = 12> <Delay = 7.23>
ST_13 : Operation 104 [6/10] (7.23ns)   --->   "%min = fdiv float %tmp_i_4, %tmp_1_i" [src/honeybee.c:14->src/honeybee.c:60]   --->   Operation 104 'fdiv' 'min' <Predicate = true> <Delay = 7.23> <Core = "FDiv">   --->   Core 107 'FDiv' <Latency = 9> <II = 1> <Delay = 7.23> <FuncUnit> <Opcode : 'fdiv' 'frem'> <InPorts = 2> <OutPorts = 1>
ST_13 : Operation 105 [6/10] (7.23ns)   --->   "%min_3 = fdiv float %tmp_i2, %tmp_1_i3" [src/honeybee.c:14->src/honeybee.c:61]   --->   Operation 105 'fdiv' 'min_3' <Predicate = true> <Delay = 7.23> <Core = "FDiv">   --->   Core 107 'FDiv' <Latency = 9> <II = 1> <Delay = 7.23> <FuncUnit> <Opcode : 'fdiv' 'frem'> <InPorts = 2> <OutPorts = 1>
ST_13 : Operation 106 [6/10] (7.23ns)   --->   "%min_1 = fdiv float %tmp_i6, %tmp_1_i7" [src/honeybee.c:14->src/honeybee.c:62]   --->   Operation 106 'fdiv' 'min_1' <Predicate = true> <Delay = 7.23> <Core = "FDiv">   --->   Core 107 'FDiv' <Latency = 9> <II = 1> <Delay = 7.23> <FuncUnit> <Opcode : 'fdiv' 'frem'> <InPorts = 2> <OutPorts = 1>
ST_13 : Operation 107 [2/10] (7.23ns)   --->   "%max_2 = fdiv float %tmp_i, %tmp_1_i" [src/honeybee.c:10->src/honeybee.c:65]   --->   Operation 107 'fdiv' 'max_2' <Predicate = true> <Delay = 7.23> <Core = "FDiv">   --->   Core 107 'FDiv' <Latency = 9> <II = 1> <Delay = 7.23> <FuncUnit> <Opcode : 'fdiv' 'frem'> <InPorts = 2> <OutPorts = 1>
ST_13 : Operation 108 [2/10] (7.23ns)   --->   "%max_5 = fdiv float %tmp_i1, %tmp_1_i3" [src/honeybee.c:10->src/honeybee.c:66]   --->   Operation 108 'fdiv' 'max_5' <Predicate = true> <Delay = 7.23> <Core = "FDiv">   --->   Core 107 'FDiv' <Latency = 9> <II = 1> <Delay = 7.23> <FuncUnit> <Opcode : 'fdiv' 'frem'> <InPorts = 2> <OutPorts = 1>
ST_13 : Operation 109 [2/10] (7.23ns)   --->   "%max_3 = fdiv float %tmp_i5, %tmp_1_i7" [src/honeybee.c:10->src/honeybee.c:67]   --->   Operation 109 'fdiv' 'max_3' <Predicate = true> <Delay = 7.23> <Core = "FDiv">   --->   Core 107 'FDiv' <Latency = 9> <II = 1> <Delay = 7.23> <FuncUnit> <Opcode : 'fdiv' 'frem'> <InPorts = 2> <OutPorts = 1>

State 14 <SV = 13> <Delay = 7.23>
ST_14 : Operation 110 [5/10] (7.23ns)   --->   "%min = fdiv float %tmp_i_4, %tmp_1_i" [src/honeybee.c:14->src/honeybee.c:60]   --->   Operation 110 'fdiv' 'min' <Predicate = true> <Delay = 7.23> <Core = "FDiv">   --->   Core 107 'FDiv' <Latency = 9> <II = 1> <Delay = 7.23> <FuncUnit> <Opcode : 'fdiv' 'frem'> <InPorts = 2> <OutPorts = 1>
ST_14 : Operation 111 [5/10] (7.23ns)   --->   "%min_3 = fdiv float %tmp_i2, %tmp_1_i3" [src/honeybee.c:14->src/honeybee.c:61]   --->   Operation 111 'fdiv' 'min_3' <Predicate = true> <Delay = 7.23> <Core = "FDiv">   --->   Core 107 'FDiv' <Latency = 9> <II = 1> <Delay = 7.23> <FuncUnit> <Opcode : 'fdiv' 'frem'> <InPorts = 2> <OutPorts = 1>
ST_14 : Operation 112 [5/10] (7.23ns)   --->   "%min_1 = fdiv float %tmp_i6, %tmp_1_i7" [src/honeybee.c:14->src/honeybee.c:62]   --->   Operation 112 'fdiv' 'min_1' <Predicate = true> <Delay = 7.23> <Core = "FDiv">   --->   Core 107 'FDiv' <Latency = 9> <II = 1> <Delay = 7.23> <FuncUnit> <Opcode : 'fdiv' 'frem'> <InPorts = 2> <OutPorts = 1>
ST_14 : Operation 113 [1/10] (7.23ns)   --->   "%max_2 = fdiv float %tmp_i, %tmp_1_i" [src/honeybee.c:10->src/honeybee.c:65]   --->   Operation 113 'fdiv' 'max_2' <Predicate = true> <Delay = 7.23> <Core = "FDiv">   --->   Core 107 'FDiv' <Latency = 9> <II = 1> <Delay = 7.23> <FuncUnit> <Opcode : 'fdiv' 'frem'> <InPorts = 2> <OutPorts = 1>
ST_14 : Operation 114 [1/10] (7.23ns)   --->   "%max_5 = fdiv float %tmp_i1, %tmp_1_i3" [src/honeybee.c:10->src/honeybee.c:66]   --->   Operation 114 'fdiv' 'max_5' <Predicate = true> <Delay = 7.23> <Core = "FDiv">   --->   Core 107 'FDiv' <Latency = 9> <II = 1> <Delay = 7.23> <FuncUnit> <Opcode : 'fdiv' 'frem'> <InPorts = 2> <OutPorts = 1>
ST_14 : Operation 115 [1/10] (7.23ns)   --->   "%max_3 = fdiv float %tmp_i5, %tmp_1_i7" [src/honeybee.c:10->src/honeybee.c:67]   --->   Operation 115 'fdiv' 'max_3' <Predicate = true> <Delay = 7.23> <Core = "FDiv">   --->   Core 107 'FDiv' <Latency = 9> <II = 1> <Delay = 7.23> <FuncUnit> <Opcode : 'fdiv' 'frem'> <InPorts = 2> <OutPorts = 1>

State 15 <SV = 14> <Delay = 7.23>
ST_15 : Operation 116 [4/10] (7.23ns)   --->   "%min = fdiv float %tmp_i_4, %tmp_1_i" [src/honeybee.c:14->src/honeybee.c:60]   --->   Operation 116 'fdiv' 'min' <Predicate = true> <Delay = 7.23> <Core = "FDiv">   --->   Core 107 'FDiv' <Latency = 9> <II = 1> <Delay = 7.23> <FuncUnit> <Opcode : 'fdiv' 'frem'> <InPorts = 2> <OutPorts = 1>
ST_15 : Operation 117 [4/10] (7.23ns)   --->   "%min_3 = fdiv float %tmp_i2, %tmp_1_i3" [src/honeybee.c:14->src/honeybee.c:61]   --->   Operation 117 'fdiv' 'min_3' <Predicate = true> <Delay = 7.23> <Core = "FDiv">   --->   Core 107 'FDiv' <Latency = 9> <II = 1> <Delay = 7.23> <FuncUnit> <Opcode : 'fdiv' 'frem'> <InPorts = 2> <OutPorts = 1>
ST_15 : Operation 118 [4/10] (7.23ns)   --->   "%min_1 = fdiv float %tmp_i6, %tmp_1_i7" [src/honeybee.c:14->src/honeybee.c:62]   --->   Operation 118 'fdiv' 'min_1' <Predicate = true> <Delay = 7.23> <Core = "FDiv">   --->   Core 107 'FDiv' <Latency = 9> <II = 1> <Delay = 7.23> <FuncUnit> <Opcode : 'fdiv' 'frem'> <InPorts = 2> <OutPorts = 1>
ST_15 : Operation 119 [2/2] (3.78ns)   --->   "%tmp_4 = fcmp ogt float %max_2, %max_5" [src/honeybee.c:20->src/honeybee.c:67]   --->   Operation 119 'fcmp' 'tmp_4' <Predicate = true> <Delay = 3.78> <Core = "FCmp">   --->   Core 111 'FCmp' <Latency = 1> <II = 1> <Delay = 3.78> <FuncUnit> <Opcode : 'fcmp'> <InPorts = 2> <OutPorts = 1>
ST_15 : Operation 120 [2/2] (3.78ns)   --->   "%tmp_7 = fcmp ogt float %max_3, %max_2" [src/honeybee.c:22->src/honeybee.c:67]   --->   Operation 120 'fcmp' 'tmp_7' <Predicate = true> <Delay = 3.78> <Core = "FCmp">   --->   Core 111 'FCmp' <Latency = 1> <II = 1> <Delay = 3.78> <FuncUnit> <Opcode : 'fcmp'> <InPorts = 2> <OutPorts = 1>
ST_15 : Operation 121 [2/2] (3.78ns)   --->   "%tmp_10 = fcmp ogt float %max_3, %max_5" [src/honeybee.c:25->src/honeybee.c:67]   --->   Operation 121 'fcmp' 'tmp_10' <Predicate = true> <Delay = 3.78> <Core = "FCmp">   --->   Core 111 'FCmp' <Latency = 1> <II = 1> <Delay = 3.78> <FuncUnit> <Opcode : 'fcmp'> <InPorts = 2> <OutPorts = 1>

State 16 <SV = 15> <Delay = 7.23>
ST_16 : Operation 122 [3/10] (7.23ns)   --->   "%min = fdiv float %tmp_i_4, %tmp_1_i" [src/honeybee.c:14->src/honeybee.c:60]   --->   Operation 122 'fdiv' 'min' <Predicate = true> <Delay = 7.23> <Core = "FDiv">   --->   Core 107 'FDiv' <Latency = 9> <II = 1> <Delay = 7.23> <FuncUnit> <Opcode : 'fdiv' 'frem'> <InPorts = 2> <OutPorts = 1>
ST_16 : Operation 123 [3/10] (7.23ns)   --->   "%min_3 = fdiv float %tmp_i2, %tmp_1_i3" [src/honeybee.c:14->src/honeybee.c:61]   --->   Operation 123 'fdiv' 'min_3' <Predicate = true> <Delay = 7.23> <Core = "FDiv">   --->   Core 107 'FDiv' <Latency = 9> <II = 1> <Delay = 7.23> <FuncUnit> <Opcode : 'fdiv' 'frem'> <InPorts = 2> <OutPorts = 1>
ST_16 : Operation 124 [3/10] (7.23ns)   --->   "%min_1 = fdiv float %tmp_i6, %tmp_1_i7" [src/honeybee.c:14->src/honeybee.c:62]   --->   Operation 124 'fdiv' 'min_1' <Predicate = true> <Delay = 7.23> <Core = "FDiv">   --->   Core 107 'FDiv' <Latency = 9> <II = 1> <Delay = 7.23> <FuncUnit> <Opcode : 'fdiv' 'frem'> <InPorts = 2> <OutPorts = 1>
ST_16 : Operation 125 [1/1] (0.00ns)   --->   "%bitcast_ln20 = bitcast float %max_2 to i32" [src/honeybee.c:20->src/honeybee.c:67]   --->   Operation 125 'bitcast' 'bitcast_ln20' <Predicate = true> <Delay = 0.00>
ST_16 : Operation 126 [1/1] (0.00ns)   --->   "%tmp_9 = call i8 @_ssdm_op_PartSelect.i8.i32.i32.i32(i32 %bitcast_ln20, i32 23, i32 30)" [src/honeybee.c:20->src/honeybee.c:67]   --->   Operation 126 'partselect' 'tmp_9' <Predicate = true> <Delay = 0.00>
ST_16 : Operation 127 [1/1] (0.00ns)   --->   "%trunc_ln20 = trunc i32 %bitcast_ln20 to i23" [src/honeybee.c:20->src/honeybee.c:67]   --->   Operation 127 'trunc' 'trunc_ln20' <Predicate = true> <Delay = 0.00>
ST_16 : Operation 128 [1/1] (0.00ns)   --->   "%bitcast_ln20_1 = bitcast float %max_5 to i32" [src/honeybee.c:20->src/honeybee.c:67]   --->   Operation 128 'bitcast' 'bitcast_ln20_1' <Predicate = true> <Delay = 0.00>
ST_16 : Operation 129 [1/1] (0.00ns)   --->   "%tmp_s = call i8 @_ssdm_op_PartSelect.i8.i32.i32.i32(i32 %bitcast_ln20_1, i32 23, i32 30)" [src/honeybee.c:20->src/honeybee.c:67]   --->   Operation 129 'partselect' 'tmp_s' <Predicate = true> <Delay = 0.00>
ST_16 : Operation 130 [1/1] (0.00ns)   --->   "%trunc_ln20_1 = trunc i32 %bitcast_ln20_1 to i23" [src/honeybee.c:20->src/honeybee.c:67]   --->   Operation 130 'trunc' 'trunc_ln20_1' <Predicate = true> <Delay = 0.00>
ST_16 : Operation 131 [1/1] (1.12ns)   --->   "%icmp_ln20 = icmp ne i8 %tmp_9, -1" [src/honeybee.c:20->src/honeybee.c:67]   --->   Operation 131 'icmp' 'icmp_ln20' <Predicate = true> <Delay = 1.12> <Core = "Cmp">   --->   Core 25 'Cmp' <Latency = 0> <II = 1> <Delay = 1.48> <FuncUnit> <Opcode : 'icmp'> <InPorts = 2> <OutPorts = 1>
ST_16 : Operation 132 [1/1] (1.48ns)   --->   "%icmp_ln20_1 = icmp eq i23 %trunc_ln20, 0" [src/honeybee.c:20->src/honeybee.c:67]   --->   Operation 132 'icmp' 'icmp_ln20_1' <Predicate = true> <Delay = 1.48> <Core = "Cmp">   --->   Core 25 'Cmp' <Latency = 0> <II = 1> <Delay = 1.48> <FuncUnit> <Opcode : 'icmp'> <InPorts = 2> <OutPorts = 1>
ST_16 : Operation 133 [1/1] (0.61ns)   --->   "%or_ln20 = or i1 %icmp_ln20_1, %icmp_ln20" [src/honeybee.c:20->src/honeybee.c:67]   --->   Operation 133 'or' 'or_ln20' <Predicate = true> <Delay = 0.61> <Core = "LogicGate">   --->   Core 27 'LogicGate' <Latency = 0> <II = 1> <Delay = 0.61> <FuncUnit> <Opcode : 'and' 'or' 'xor'> <InPorts = 2> <OutPorts = 1>
ST_16 : Operation 134 [1/1] (1.12ns)   --->   "%icmp_ln20_2 = icmp ne i8 %tmp_s, -1" [src/honeybee.c:20->src/honeybee.c:67]   --->   Operation 134 'icmp' 'icmp_ln20_2' <Predicate = true> <Delay = 1.12> <Core = "Cmp">   --->   Core 25 'Cmp' <Latency = 0> <II = 1> <Delay = 1.48> <FuncUnit> <Opcode : 'icmp'> <InPorts = 2> <OutPorts = 1>
ST_16 : Operation 135 [1/1] (1.48ns)   --->   "%icmp_ln20_3 = icmp eq i23 %trunc_ln20_1, 0" [src/honeybee.c:20->src/honeybee.c:67]   --->   Operation 135 'icmp' 'icmp_ln20_3' <Predicate = true> <Delay = 1.48> <Core = "Cmp">   --->   Core 25 'Cmp' <Latency = 0> <II = 1> <Delay = 1.48> <FuncUnit> <Opcode : 'icmp'> <InPorts = 2> <OutPorts = 1>
ST_16 : Operation 136 [1/1] (0.61ns)   --->   "%or_ln20_1 = or i1 %icmp_ln20_3, %icmp_ln20_2" [src/honeybee.c:20->src/honeybee.c:67]   --->   Operation 136 'or' 'or_ln20_1' <Predicate = true> <Delay = 0.61> <Core = "LogicGate">   --->   Core 27 'LogicGate' <Latency = 0> <II = 1> <Delay = 0.61> <FuncUnit> <Opcode : 'and' 'or' 'xor'> <InPorts = 2> <OutPorts = 1>
ST_16 : Operation 137 [1/1] (0.00ns) (grouped into LUT with out node max)   --->   "%and_ln20 = and i1 %or_ln20, %or_ln20_1" [src/honeybee.c:20->src/honeybee.c:67]   --->   Operation 137 'and' 'and_ln20' <Predicate = true> <Delay = 0.00> <Core = "LogicGate">   --->   Core 27 'LogicGate' <Latency = 0> <II = 1> <Delay = 0.61> <FuncUnit> <Opcode : 'and' 'or' 'xor'> <InPorts = 2> <OutPorts = 1>
ST_16 : Operation 138 [1/2] (3.78ns)   --->   "%tmp_4 = fcmp ogt float %max_2, %max_5" [src/honeybee.c:20->src/honeybee.c:67]   --->   Operation 138 'fcmp' 'tmp_4' <Predicate = true> <Delay = 3.78> <Core = "FCmp">   --->   Core 111 'FCmp' <Latency = 1> <II = 1> <Delay = 3.78> <FuncUnit> <Opcode : 'fcmp'> <InPorts = 2> <OutPorts = 1>
ST_16 : Operation 139 [1/1] (0.00ns) (grouped into LUT with out node max)   --->   "%and_ln20_1 = and i1 %and_ln20, %tmp_4" [src/honeybee.c:20->src/honeybee.c:67]   --->   Operation 139 'and' 'and_ln20_1' <Predicate = true> <Delay = 0.00> <Core = "LogicGate">   --->   Core 27 'LogicGate' <Latency = 0> <II = 1> <Delay = 0.61> <FuncUnit> <Opcode : 'and' 'or' 'xor'> <InPorts = 2> <OutPorts = 1>
ST_16 : Operation 140 [1/1] (0.00ns)   --->   "%bitcast_ln22 = bitcast float %max_3 to i32" [src/honeybee.c:22->src/honeybee.c:67]   --->   Operation 140 'bitcast' 'bitcast_ln22' <Predicate = true> <Delay = 0.00>
ST_16 : Operation 141 [1/1] (0.00ns)   --->   "%tmp_6 = call i8 @_ssdm_op_PartSelect.i8.i32.i32.i32(i32 %bitcast_ln22, i32 23, i32 30)" [src/honeybee.c:22->src/honeybee.c:67]   --->   Operation 141 'partselect' 'tmp_6' <Predicate = true> <Delay = 0.00>
ST_16 : Operation 142 [1/1] (0.00ns)   --->   "%trunc_ln22 = trunc i32 %bitcast_ln22 to i23" [src/honeybee.c:22->src/honeybee.c:67]   --->   Operation 142 'trunc' 'trunc_ln22' <Predicate = true> <Delay = 0.00>
ST_16 : Operation 143 [1/1] (1.12ns)   --->   "%icmp_ln22 = icmp ne i8 %tmp_6, -1" [src/honeybee.c:22->src/honeybee.c:67]   --->   Operation 143 'icmp' 'icmp_ln22' <Predicate = true> <Delay = 1.12> <Core = "Cmp">   --->   Core 25 'Cmp' <Latency = 0> <II = 1> <Delay = 1.48> <FuncUnit> <Opcode : 'icmp'> <InPorts = 2> <OutPorts = 1>
ST_16 : Operation 144 [1/1] (1.48ns)   --->   "%icmp_ln22_1 = icmp eq i23 %trunc_ln22, 0" [src/honeybee.c:22->src/honeybee.c:67]   --->   Operation 144 'icmp' 'icmp_ln22_1' <Predicate = true> <Delay = 1.48> <Core = "Cmp">   --->   Core 25 'Cmp' <Latency = 0> <II = 1> <Delay = 1.48> <FuncUnit> <Opcode : 'icmp'> <InPorts = 2> <OutPorts = 1>
ST_16 : Operation 145 [1/1] (0.61ns)   --->   "%or_ln22 = or i1 %icmp_ln22_1, %icmp_ln22" [src/honeybee.c:22->src/honeybee.c:67]   --->   Operation 145 'or' 'or_ln22' <Predicate = true> <Delay = 0.61> <Core = "LogicGate">   --->   Core 27 'LogicGate' <Latency = 0> <II = 1> <Delay = 0.61> <FuncUnit> <Opcode : 'and' 'or' 'xor'> <InPorts = 2> <OutPorts = 1>
ST_16 : Operation 146 [1/1] (0.00ns) (grouped into LUT with out node max_4)   --->   "%and_ln22 = and i1 %or_ln22, %or_ln20" [src/honeybee.c:22->src/honeybee.c:67]   --->   Operation 146 'and' 'and_ln22' <Predicate = true> <Delay = 0.00> <Core = "LogicGate">   --->   Core 27 'LogicGate' <Latency = 0> <II = 1> <Delay = 0.61> <FuncUnit> <Opcode : 'and' 'or' 'xor'> <InPorts = 2> <OutPorts = 1>
ST_16 : Operation 147 [1/2] (3.78ns)   --->   "%tmp_7 = fcmp ogt float %max_3, %max_2" [src/honeybee.c:22->src/honeybee.c:67]   --->   Operation 147 'fcmp' 'tmp_7' <Predicate = true> <Delay = 3.78> <Core = "FCmp">   --->   Core 111 'FCmp' <Latency = 1> <II = 1> <Delay = 3.78> <FuncUnit> <Opcode : 'fcmp'> <InPorts = 2> <OutPorts = 1>
ST_16 : Operation 148 [1/1] (0.00ns) (grouped into LUT with out node max_4)   --->   "%and_ln22_1 = and i1 %and_ln22, %tmp_7" [src/honeybee.c:22->src/honeybee.c:67]   --->   Operation 148 'and' 'and_ln22_1' <Predicate = true> <Delay = 0.00> <Core = "LogicGate">   --->   Core 27 'LogicGate' <Latency = 0> <II = 1> <Delay = 0.61> <FuncUnit> <Opcode : 'and' 'or' 'xor'> <InPorts = 2> <OutPorts = 1>
ST_16 : Operation 149 [1/1] (0.61ns) (out node of the LUT)   --->   "%max_4 = select i1 %and_ln22_1, float %max_3, float %max_2" [src/honeybee.c:22->src/honeybee.c:67]   --->   Operation 149 'select' 'max_4' <Predicate = true> <Delay = 0.61> <Core = "Sel">   --->   Core 26 'Sel' <Latency = 0> <II = 1> <Delay = 0.61> <FuncUnit> <Opcode : 'select'> <InPorts = 3> <OutPorts = 1>
ST_16 : Operation 150 [1/1] (0.00ns) (grouped into LUT with out node max_6)   --->   "%and_ln25 = and i1 %or_ln22, %or_ln20_1" [src/honeybee.c:25->src/honeybee.c:67]   --->   Operation 150 'and' 'and_ln25' <Predicate = true> <Delay = 0.00> <Core = "LogicGate">   --->   Core 27 'LogicGate' <Latency = 0> <II = 1> <Delay = 0.61> <FuncUnit> <Opcode : 'and' 'or' 'xor'> <InPorts = 2> <OutPorts = 1>
ST_16 : Operation 151 [1/2] (3.78ns)   --->   "%tmp_10 = fcmp ogt float %max_3, %max_5" [src/honeybee.c:25->src/honeybee.c:67]   --->   Operation 151 'fcmp' 'tmp_10' <Predicate = true> <Delay = 3.78> <Core = "FCmp">   --->   Core 111 'FCmp' <Latency = 1> <II = 1> <Delay = 3.78> <FuncUnit> <Opcode : 'fcmp'> <InPorts = 2> <OutPorts = 1>
ST_16 : Operation 152 [1/1] (0.00ns) (grouped into LUT with out node max_6)   --->   "%and_ln25_1 = and i1 %and_ln25, %tmp_10" [src/honeybee.c:25->src/honeybee.c:67]   --->   Operation 152 'and' 'and_ln25_1' <Predicate = true> <Delay = 0.00> <Core = "LogicGate">   --->   Core 27 'LogicGate' <Latency = 0> <II = 1> <Delay = 0.61> <FuncUnit> <Opcode : 'and' 'or' 'xor'> <InPorts = 2> <OutPorts = 1>
ST_16 : Operation 153 [1/1] (0.61ns) (out node of the LUT)   --->   "%max_6 = select i1 %and_ln25_1, float %max_3, float %max_5" [src/honeybee.c:25->src/honeybee.c:67]   --->   Operation 153 'select' 'max_6' <Predicate = true> <Delay = 0.61> <Core = "Sel">   --->   Core 26 'Sel' <Latency = 0> <II = 1> <Delay = 0.61> <FuncUnit> <Opcode : 'select'> <InPorts = 3> <OutPorts = 1>
ST_16 : Operation 154 [1/1] (0.61ns) (out node of the LUT)   --->   "%max = select i1 %and_ln20_1, float %max_4, float %max_6" [src/honeybee.c:20->src/honeybee.c:67]   --->   Operation 154 'select' 'max' <Predicate = true> <Delay = 0.61> <Core = "Sel">   --->   Core 26 'Sel' <Latency = 0> <II = 1> <Delay = 0.61> <FuncUnit> <Opcode : 'select'> <InPorts = 3> <OutPorts = 1>

State 17 <SV = 16> <Delay = 7.23>
ST_17 : Operation 155 [2/10] (7.23ns)   --->   "%min = fdiv float %tmp_i_4, %tmp_1_i" [src/honeybee.c:14->src/honeybee.c:60]   --->   Operation 155 'fdiv' 'min' <Predicate = true> <Delay = 7.23> <Core = "FDiv">   --->   Core 107 'FDiv' <Latency = 9> <II = 1> <Delay = 7.23> <FuncUnit> <Opcode : 'fdiv' 'frem'> <InPorts = 2> <OutPorts = 1>
ST_17 : Operation 156 [2/10] (7.23ns)   --->   "%min_3 = fdiv float %tmp_i2, %tmp_1_i3" [src/honeybee.c:14->src/honeybee.c:61]   --->   Operation 156 'fdiv' 'min_3' <Predicate = true> <Delay = 7.23> <Core = "FDiv">   --->   Core 107 'FDiv' <Latency = 9> <II = 1> <Delay = 7.23> <FuncUnit> <Opcode : 'fdiv' 'frem'> <InPorts = 2> <OutPorts = 1>
ST_17 : Operation 157 [2/10] (7.23ns)   --->   "%min_1 = fdiv float %tmp_i6, %tmp_1_i7" [src/honeybee.c:14->src/honeybee.c:62]   --->   Operation 157 'fdiv' 'min_1' <Predicate = true> <Delay = 7.23> <Core = "FDiv">   --->   Core 107 'FDiv' <Latency = 9> <II = 1> <Delay = 7.23> <FuncUnit> <Opcode : 'fdiv' 'frem'> <InPorts = 2> <OutPorts = 1>

State 18 <SV = 17> <Delay = 7.23>
ST_18 : Operation 158 [1/10] (7.23ns)   --->   "%min = fdiv float %tmp_i_4, %tmp_1_i" [src/honeybee.c:14->src/honeybee.c:60]   --->   Operation 158 'fdiv' 'min' <Predicate = true> <Delay = 7.23> <Core = "FDiv">   --->   Core 107 'FDiv' <Latency = 9> <II = 1> <Delay = 7.23> <FuncUnit> <Opcode : 'fdiv' 'frem'> <InPorts = 2> <OutPorts = 1>
ST_18 : Operation 159 [1/10] (7.23ns)   --->   "%min_3 = fdiv float %tmp_i2, %tmp_1_i3" [src/honeybee.c:14->src/honeybee.c:61]   --->   Operation 159 'fdiv' 'min_3' <Predicate = true> <Delay = 7.23> <Core = "FDiv">   --->   Core 107 'FDiv' <Latency = 9> <II = 1> <Delay = 7.23> <FuncUnit> <Opcode : 'fdiv' 'frem'> <InPorts = 2> <OutPorts = 1>
ST_18 : Operation 160 [1/10] (7.23ns)   --->   "%min_1 = fdiv float %tmp_i6, %tmp_1_i7" [src/honeybee.c:14->src/honeybee.c:62]   --->   Operation 160 'fdiv' 'min_1' <Predicate = true> <Delay = 7.23> <Core = "FDiv">   --->   Core 107 'FDiv' <Latency = 9> <II = 1> <Delay = 7.23> <FuncUnit> <Opcode : 'fdiv' 'frem'> <InPorts = 2> <OutPorts = 1>

State 19 <SV = 18> <Delay = 3.78>
ST_19 : Operation 161 [2/2] (3.78ns)   --->   "%tmp_2 = fcmp olt float %min, %min_3" [src/honeybee.c:40->src/honeybee.c:62]   --->   Operation 161 'fcmp' 'tmp_2' <Predicate = true> <Delay = 3.78> <Core = "FCmp">   --->   Core 111 'FCmp' <Latency = 1> <II = 1> <Delay = 3.78> <FuncUnit> <Opcode : 'fcmp'> <InPorts = 2> <OutPorts = 1>
ST_19 : Operation 162 [2/2] (3.78ns)   --->   "%tmp_5 = fcmp olt float %min_1, %min" [src/honeybee.c:42->src/honeybee.c:62]   --->   Operation 162 'fcmp' 'tmp_5' <Predicate = true> <Delay = 3.78> <Core = "FCmp">   --->   Core 111 'FCmp' <Latency = 1> <II = 1> <Delay = 3.78> <FuncUnit> <Opcode : 'fcmp'> <InPorts = 2> <OutPorts = 1>
ST_19 : Operation 163 [2/2] (3.78ns)   --->   "%tmp_8 = fcmp olt float %min_1, %min_3" [src/honeybee.c:45->src/honeybee.c:62]   --->   Operation 163 'fcmp' 'tmp_8' <Predicate = true> <Delay = 3.78> <Core = "FCmp">   --->   Core 111 'FCmp' <Latency = 1> <II = 1> <Delay = 3.78> <FuncUnit> <Opcode : 'fcmp'> <InPorts = 2> <OutPorts = 1>

State 20 <SV = 19> <Delay = 5.01>
ST_20 : Operation 164 [1/1] (0.00ns)   --->   "%bitcast_ln40 = bitcast float %min to i32" [src/honeybee.c:40->src/honeybee.c:62]   --->   Operation 164 'bitcast' 'bitcast_ln40' <Predicate = true> <Delay = 0.00>
ST_20 : Operation 165 [1/1] (0.00ns)   --->   "%tmp = call i8 @_ssdm_op_PartSelect.i8.i32.i32.i32(i32 %bitcast_ln40, i32 23, i32 30)" [src/honeybee.c:40->src/honeybee.c:62]   --->   Operation 165 'partselect' 'tmp' <Predicate = true> <Delay = 0.00>
ST_20 : Operation 166 [1/1] (0.00ns)   --->   "%trunc_ln40 = trunc i32 %bitcast_ln40 to i23" [src/honeybee.c:40->src/honeybee.c:62]   --->   Operation 166 'trunc' 'trunc_ln40' <Predicate = true> <Delay = 0.00>
ST_20 : Operation 167 [1/1] (0.00ns)   --->   "%bitcast_ln40_1 = bitcast float %min_3 to i32" [src/honeybee.c:40->src/honeybee.c:62]   --->   Operation 167 'bitcast' 'bitcast_ln40_1' <Predicate = true> <Delay = 0.00>
ST_20 : Operation 168 [1/1] (0.00ns)   --->   "%tmp_1 = call i8 @_ssdm_op_PartSelect.i8.i32.i32.i32(i32 %bitcast_ln40_1, i32 23, i32 30)" [src/honeybee.c:40->src/honeybee.c:62]   --->   Operation 168 'partselect' 'tmp_1' <Predicate = true> <Delay = 0.00>
ST_20 : Operation 169 [1/1] (0.00ns)   --->   "%trunc_ln40_1 = trunc i32 %bitcast_ln40_1 to i23" [src/honeybee.c:40->src/honeybee.c:62]   --->   Operation 169 'trunc' 'trunc_ln40_1' <Predicate = true> <Delay = 0.00>
ST_20 : Operation 170 [1/1] (1.12ns)   --->   "%icmp_ln40 = icmp ne i8 %tmp, -1" [src/honeybee.c:40->src/honeybee.c:62]   --->   Operation 170 'icmp' 'icmp_ln40' <Predicate = true> <Delay = 1.12> <Core = "Cmp">   --->   Core 25 'Cmp' <Latency = 0> <II = 1> <Delay = 1.48> <FuncUnit> <Opcode : 'icmp'> <InPorts = 2> <OutPorts = 1>
ST_20 : Operation 171 [1/1] (1.48ns)   --->   "%icmp_ln40_1 = icmp eq i23 %trunc_ln40, 0" [src/honeybee.c:40->src/honeybee.c:62]   --->   Operation 171 'icmp' 'icmp_ln40_1' <Predicate = true> <Delay = 1.48> <Core = "Cmp">   --->   Core 25 'Cmp' <Latency = 0> <II = 1> <Delay = 1.48> <FuncUnit> <Opcode : 'icmp'> <InPorts = 2> <OutPorts = 1>
ST_20 : Operation 172 [1/1] (0.61ns)   --->   "%or_ln40 = or i1 %icmp_ln40_1, %icmp_ln40" [src/honeybee.c:40->src/honeybee.c:62]   --->   Operation 172 'or' 'or_ln40' <Predicate = true> <Delay = 0.61> <Core = "LogicGate">   --->   Core 27 'LogicGate' <Latency = 0> <II = 1> <Delay = 0.61> <FuncUnit> <Opcode : 'and' 'or' 'xor'> <InPorts = 2> <OutPorts = 1>
ST_20 : Operation 173 [1/1] (1.12ns)   --->   "%icmp_ln40_2 = icmp ne i8 %tmp_1, -1" [src/honeybee.c:40->src/honeybee.c:62]   --->   Operation 173 'icmp' 'icmp_ln40_2' <Predicate = true> <Delay = 1.12> <Core = "Cmp">   --->   Core 25 'Cmp' <Latency = 0> <II = 1> <Delay = 1.48> <FuncUnit> <Opcode : 'icmp'> <InPorts = 2> <OutPorts = 1>
ST_20 : Operation 174 [1/1] (1.48ns)   --->   "%icmp_ln40_3 = icmp eq i23 %trunc_ln40_1, 0" [src/honeybee.c:40->src/honeybee.c:62]   --->   Operation 174 'icmp' 'icmp_ln40_3' <Predicate = true> <Delay = 1.48> <Core = "Cmp">   --->   Core 25 'Cmp' <Latency = 0> <II = 1> <Delay = 1.48> <FuncUnit> <Opcode : 'icmp'> <InPorts = 2> <OutPorts = 1>
ST_20 : Operation 175 [1/1] (0.61ns)   --->   "%or_ln40_1 = or i1 %icmp_ln40_3, %icmp_ln40_2" [src/honeybee.c:40->src/honeybee.c:62]   --->   Operation 175 'or' 'or_ln40_1' <Predicate = true> <Delay = 0.61> <Core = "LogicGate">   --->   Core 27 'LogicGate' <Latency = 0> <II = 1> <Delay = 0.61> <FuncUnit> <Opcode : 'and' 'or' 'xor'> <InPorts = 2> <OutPorts = 1>
ST_20 : Operation 176 [1/1] (0.00ns) (grouped into LUT with out node min_7)   --->   "%and_ln40 = and i1 %or_ln40, %or_ln40_1" [src/honeybee.c:40->src/honeybee.c:62]   --->   Operation 176 'and' 'and_ln40' <Predicate = true> <Delay = 0.00> <Core = "LogicGate">   --->   Core 27 'LogicGate' <Latency = 0> <II = 1> <Delay = 0.61> <FuncUnit> <Opcode : 'and' 'or' 'xor'> <InPorts = 2> <OutPorts = 1>
ST_20 : Operation 177 [1/2] (3.78ns)   --->   "%tmp_2 = fcmp olt float %min, %min_3" [src/honeybee.c:40->src/honeybee.c:62]   --->   Operation 177 'fcmp' 'tmp_2' <Predicate = true> <Delay = 3.78> <Core = "FCmp">   --->   Core 111 'FCmp' <Latency = 1> <II = 1> <Delay = 3.78> <FuncUnit> <Opcode : 'fcmp'> <InPorts = 2> <OutPorts = 1>
ST_20 : Operation 178 [1/1] (0.00ns) (grouped into LUT with out node min_7)   --->   "%and_ln40_1 = and i1 %and_ln40, %tmp_2" [src/honeybee.c:40->src/honeybee.c:62]   --->   Operation 178 'and' 'and_ln40_1' <Predicate = true> <Delay = 0.00> <Core = "LogicGate">   --->   Core 27 'LogicGate' <Latency = 0> <II = 1> <Delay = 0.61> <FuncUnit> <Opcode : 'and' 'or' 'xor'> <InPorts = 2> <OutPorts = 1>
ST_20 : Operation 179 [1/1] (0.00ns)   --->   "%bitcast_ln42 = bitcast float %min_1 to i32" [src/honeybee.c:42->src/honeybee.c:62]   --->   Operation 179 'bitcast' 'bitcast_ln42' <Predicate = true> <Delay = 0.00>
ST_20 : Operation 180 [1/1] (0.00ns)   --->   "%tmp_3 = call i8 @_ssdm_op_PartSelect.i8.i32.i32.i32(i32 %bitcast_ln42, i32 23, i32 30)" [src/honeybee.c:42->src/honeybee.c:62]   --->   Operation 180 'partselect' 'tmp_3' <Predicate = true> <Delay = 0.00>
ST_20 : Operation 181 [1/1] (0.00ns)   --->   "%trunc_ln42 = trunc i32 %bitcast_ln42 to i23" [src/honeybee.c:42->src/honeybee.c:62]   --->   Operation 181 'trunc' 'trunc_ln42' <Predicate = true> <Delay = 0.00>
ST_20 : Operation 182 [1/1] (1.12ns)   --->   "%icmp_ln42 = icmp ne i8 %tmp_3, -1" [src/honeybee.c:42->src/honeybee.c:62]   --->   Operation 182 'icmp' 'icmp_ln42' <Predicate = true> <Delay = 1.12> <Core = "Cmp">   --->   Core 25 'Cmp' <Latency = 0> <II = 1> <Delay = 1.48> <FuncUnit> <Opcode : 'icmp'> <InPorts = 2> <OutPorts = 1>
ST_20 : Operation 183 [1/1] (1.48ns)   --->   "%icmp_ln42_1 = icmp eq i23 %trunc_ln42, 0" [src/honeybee.c:42->src/honeybee.c:62]   --->   Operation 183 'icmp' 'icmp_ln42_1' <Predicate = true> <Delay = 1.48> <Core = "Cmp">   --->   Core 25 'Cmp' <Latency = 0> <II = 1> <Delay = 1.48> <FuncUnit> <Opcode : 'icmp'> <InPorts = 2> <OutPorts = 1>
ST_20 : Operation 184 [1/1] (0.61ns)   --->   "%or_ln42 = or i1 %icmp_ln42_1, %icmp_ln42" [src/honeybee.c:42->src/honeybee.c:62]   --->   Operation 184 'or' 'or_ln42' <Predicate = true> <Delay = 0.61> <Core = "LogicGate">   --->   Core 27 'LogicGate' <Latency = 0> <II = 1> <Delay = 0.61> <FuncUnit> <Opcode : 'and' 'or' 'xor'> <InPorts = 2> <OutPorts = 1>
ST_20 : Operation 185 [1/1] (0.00ns) (grouped into LUT with out node min_2)   --->   "%and_ln42 = and i1 %or_ln42, %or_ln40" [src/honeybee.c:42->src/honeybee.c:62]   --->   Operation 185 'and' 'and_ln42' <Predicate = true> <Delay = 0.00> <Core = "LogicGate">   --->   Core 27 'LogicGate' <Latency = 0> <II = 1> <Delay = 0.61> <FuncUnit> <Opcode : 'and' 'or' 'xor'> <InPorts = 2> <OutPorts = 1>
ST_20 : Operation 186 [1/2] (3.78ns)   --->   "%tmp_5 = fcmp olt float %min_1, %min" [src/honeybee.c:42->src/honeybee.c:62]   --->   Operation 186 'fcmp' 'tmp_5' <Predicate = true> <Delay = 3.78> <Core = "FCmp">   --->   Core 111 'FCmp' <Latency = 1> <II = 1> <Delay = 3.78> <FuncUnit> <Opcode : 'fcmp'> <InPorts = 2> <OutPorts = 1>
ST_20 : Operation 187 [1/1] (0.00ns) (grouped into LUT with out node min_2)   --->   "%and_ln42_1 = and i1 %and_ln42, %tmp_5" [src/honeybee.c:42->src/honeybee.c:62]   --->   Operation 187 'and' 'and_ln42_1' <Predicate = true> <Delay = 0.00> <Core = "LogicGate">   --->   Core 27 'LogicGate' <Latency = 0> <II = 1> <Delay = 0.61> <FuncUnit> <Opcode : 'and' 'or' 'xor'> <InPorts = 2> <OutPorts = 1>
ST_20 : Operation 188 [1/1] (0.61ns) (out node of the LUT)   --->   "%min_2 = select i1 %and_ln42_1, float %min_1, float %min" [src/honeybee.c:42->src/honeybee.c:62]   --->   Operation 188 'select' 'min_2' <Predicate = true> <Delay = 0.61> <Core = "Sel">   --->   Core 26 'Sel' <Latency = 0> <II = 1> <Delay = 0.61> <FuncUnit> <Opcode : 'select'> <InPorts = 3> <OutPorts = 1>
ST_20 : Operation 189 [1/1] (0.00ns) (grouped into LUT with out node min_4)   --->   "%and_ln45 = and i1 %or_ln42, %or_ln40_1" [src/honeybee.c:45->src/honeybee.c:62]   --->   Operation 189 'and' 'and_ln45' <Predicate = true> <Delay = 0.00> <Core = "LogicGate">   --->   Core 27 'LogicGate' <Latency = 0> <II = 1> <Delay = 0.61> <FuncUnit> <Opcode : 'and' 'or' 'xor'> <InPorts = 2> <OutPorts = 1>
ST_20 : Operation 190 [1/2] (3.78ns)   --->   "%tmp_8 = fcmp olt float %min_1, %min_3" [src/honeybee.c:45->src/honeybee.c:62]   --->   Operation 190 'fcmp' 'tmp_8' <Predicate = true> <Delay = 3.78> <Core = "FCmp">   --->   Core 111 'FCmp' <Latency = 1> <II = 1> <Delay = 3.78> <FuncUnit> <Opcode : 'fcmp'> <InPorts = 2> <OutPorts = 1>
ST_20 : Operation 191 [1/1] (0.00ns) (grouped into LUT with out node min_4)   --->   "%and_ln45_1 = and i1 %and_ln45, %tmp_8" [src/honeybee.c:45->src/honeybee.c:62]   --->   Operation 191 'and' 'and_ln45_1' <Predicate = true> <Delay = 0.00> <Core = "LogicGate">   --->   Core 27 'LogicGate' <Latency = 0> <II = 1> <Delay = 0.61> <FuncUnit> <Opcode : 'and' 'or' 'xor'> <InPorts = 2> <OutPorts = 1>
ST_20 : Operation 192 [1/1] (0.61ns) (out node of the LUT)   --->   "%min_4 = select i1 %and_ln45_1, float %min_1, float %min_3" [src/honeybee.c:45->src/honeybee.c:62]   --->   Operation 192 'select' 'min_4' <Predicate = true> <Delay = 0.61> <Core = "Sel">   --->   Core 26 'Sel' <Latency = 0> <II = 1> <Delay = 0.61> <FuncUnit> <Opcode : 'select'> <InPorts = 3> <OutPorts = 1>
ST_20 : Operation 193 [1/1] (0.61ns) (out node of the LUT)   --->   "%min_7 = select i1 %and_ln40_1, float %min_2, float %min_4" [src/honeybee.c:40->src/honeybee.c:62]   --->   Operation 193 'select' 'min_7' <Predicate = true> <Delay = 0.61> <Core = "Sel">   --->   Core 26 'Sel' <Latency = 0> <II = 1> <Delay = 0.61> <FuncUnit> <Opcode : 'select'> <InPorts = 3> <OutPorts = 1>

State 21 <SV = 20> <Delay = 3.78>
ST_21 : Operation 194 [1/1] (0.00ns)   --->   "%bitcast_ln70 = bitcast float %max to i32" [src/honeybee.c:70]   --->   Operation 194 'bitcast' 'bitcast_ln70' <Predicate = true> <Delay = 0.00>
ST_21 : Operation 195 [1/1] (0.00ns)   --->   "%tmp_11 = call i8 @_ssdm_op_PartSelect.i8.i32.i32.i32(i32 %bitcast_ln70, i32 23, i32 30)" [src/honeybee.c:70]   --->   Operation 195 'partselect' 'tmp_11' <Predicate = true> <Delay = 0.00>
ST_21 : Operation 196 [1/1] (0.00ns)   --->   "%trunc_ln70 = trunc i32 %bitcast_ln70 to i23" [src/honeybee.c:70]   --->   Operation 196 'trunc' 'trunc_ln70' <Predicate = true> <Delay = 0.00>
ST_21 : Operation 197 [1/1] (0.00ns)   --->   "%bitcast_ln70_1 = bitcast float %min_7 to i32" [src/honeybee.c:70]   --->   Operation 197 'bitcast' 'bitcast_ln70_1' <Predicate = true> <Delay = 0.00>
ST_21 : Operation 198 [1/1] (0.00ns)   --->   "%tmp_12 = call i8 @_ssdm_op_PartSelect.i8.i32.i32.i32(i32 %bitcast_ln70_1, i32 23, i32 30)" [src/honeybee.c:70]   --->   Operation 198 'partselect' 'tmp_12' <Predicate = true> <Delay = 0.00>
ST_21 : Operation 199 [1/1] (0.00ns)   --->   "%trunc_ln70_1 = trunc i32 %bitcast_ln70_1 to i23" [src/honeybee.c:70]   --->   Operation 199 'trunc' 'trunc_ln70_1' <Predicate = true> <Delay = 0.00>
ST_21 : Operation 200 [1/1] (1.12ns)   --->   "%icmp_ln70 = icmp ne i8 %tmp_11, -1" [src/honeybee.c:70]   --->   Operation 200 'icmp' 'icmp_ln70' <Predicate = true> <Delay = 1.12> <Core = "Cmp">   --->   Core 25 'Cmp' <Latency = 0> <II = 1> <Delay = 1.48> <FuncUnit> <Opcode : 'icmp'> <InPorts = 2> <OutPorts = 1>
ST_21 : Operation 201 [1/1] (1.48ns)   --->   "%icmp_ln70_1 = icmp eq i23 %trunc_ln70, 0" [src/honeybee.c:70]   --->   Operation 201 'icmp' 'icmp_ln70_1' <Predicate = true> <Delay = 1.48> <Core = "Cmp">   --->   Core 25 'Cmp' <Latency = 0> <II = 1> <Delay = 1.48> <FuncUnit> <Opcode : 'icmp'> <InPorts = 2> <OutPorts = 1>
ST_21 : Operation 202 [1/1] (1.12ns)   --->   "%icmp_ln70_2 = icmp ne i8 %tmp_12, -1" [src/honeybee.c:70]   --->   Operation 202 'icmp' 'icmp_ln70_2' <Predicate = true> <Delay = 1.12> <Core = "Cmp">   --->   Core 25 'Cmp' <Latency = 0> <II = 1> <Delay = 1.48> <FuncUnit> <Opcode : 'icmp'> <InPorts = 2> <OutPorts = 1>
ST_21 : Operation 203 [1/1] (1.48ns)   --->   "%icmp_ln70_3 = icmp eq i23 %trunc_ln70_1, 0" [src/honeybee.c:70]   --->   Operation 203 'icmp' 'icmp_ln70_3' <Predicate = true> <Delay = 1.48> <Core = "Cmp">   --->   Core 25 'Cmp' <Latency = 0> <II = 1> <Delay = 1.48> <FuncUnit> <Opcode : 'icmp'> <InPorts = 2> <OutPorts = 1>
ST_21 : Operation 204 [2/2] (3.78ns)   --->   "%tmp_13 = fcmp olt float %max, %min_7" [src/honeybee.c:70]   --->   Operation 204 'fcmp' 'tmp_13' <Predicate = true> <Delay = 3.78> <Core = "FCmp">   --->   Core 111 'FCmp' <Latency = 1> <II = 1> <Delay = 3.78> <FuncUnit> <Opcode : 'fcmp'> <InPorts = 2> <OutPorts = 1>

State 22 <SV = 21> <Delay = 4.40>
ST_22 : Operation 205 [1/1] (0.00ns) (grouped into LUT with out node and_ln70_1)   --->   "%or_ln70 = or i1 %icmp_ln70_1, %icmp_ln70" [src/honeybee.c:70]   --->   Operation 205 'or' 'or_ln70' <Predicate = true> <Delay = 0.00> <Core = "LogicGate">   --->   Core 27 'LogicGate' <Latency = 0> <II = 1> <Delay = 0.61> <FuncUnit> <Opcode : 'and' 'or' 'xor'> <InPorts = 2> <OutPorts = 1>
ST_22 : Operation 206 [1/1] (0.00ns) (grouped into LUT with out node and_ln70_1)   --->   "%or_ln70_1 = or i1 %icmp_ln70_3, %icmp_ln70_2" [src/honeybee.c:70]   --->   Operation 206 'or' 'or_ln70_1' <Predicate = true> <Delay = 0.00> <Core = "LogicGate">   --->   Core 27 'LogicGate' <Latency = 0> <II = 1> <Delay = 0.61> <FuncUnit> <Opcode : 'and' 'or' 'xor'> <InPorts = 2> <OutPorts = 1>
ST_22 : Operation 207 [1/1] (0.00ns) (grouped into LUT with out node and_ln70_1)   --->   "%and_ln70 = and i1 %or_ln70, %or_ln70_1" [src/honeybee.c:70]   --->   Operation 207 'and' 'and_ln70' <Predicate = true> <Delay = 0.00> <Core = "LogicGate">   --->   Core 27 'LogicGate' <Latency = 0> <II = 1> <Delay = 0.61> <FuncUnit> <Opcode : 'and' 'or' 'xor'> <InPorts = 2> <OutPorts = 1>
ST_22 : Operation 208 [1/2] (3.78ns)   --->   "%tmp_13 = fcmp olt float %max, %min_7" [src/honeybee.c:70]   --->   Operation 208 'fcmp' 'tmp_13' <Predicate = true> <Delay = 3.78> <Core = "FCmp">   --->   Core 111 'FCmp' <Latency = 1> <II = 1> <Delay = 3.78> <FuncUnit> <Opcode : 'fcmp'> <InPorts = 2> <OutPorts = 1>
ST_22 : Operation 209 [1/1] (0.61ns) (out node of the LUT)   --->   "%and_ln70_1 = and i1 %and_ln70, %tmp_13" [src/honeybee.c:70]   --->   Operation 209 'and' 'and_ln70_1' <Predicate = true> <Delay = 0.61> <Core = "LogicGate">   --->   Core 27 'LogicGate' <Latency = 0> <II = 1> <Delay = 0.61> <FuncUnit> <Opcode : 'and' 'or' 'xor'> <InPorts = 2> <OutPorts = 1>
ST_22 : Operation 210 [1/1] (0.00ns)   --->   "ret i1 %and_ln70_1" [src/honeybee.c:70]   --->   Operation 210 'ret' <Predicate = true> <Delay = 0.00>


============================================================
+ Verbose Summary: Timing violations
============================================================
Target clock period: 10ns, clock uncertainty: 1.25ns.

 <State 1>: 8.22ns
The critical path consists of the following:
	wire read on port 'edge_p2_z' (src/honeybee.c:13->src/honeybee.c:60) [10]  (0 ns)
	'fsub' operation ('tmp_1_i7', src/honeybee.c:14->src/honeybee.c:62) [29]  (8.22 ns)

 <State 2>: 8.22ns
The critical path consists of the following:
	'fsub' operation ('tmp_i', src/honeybee.c:14->src/honeybee.c:60) [19]  (8.22 ns)

 <State 3>: 8.22ns
The critical path consists of the following:
	'fsub' operation ('tmp_i', src/honeybee.c:14->src/honeybee.c:60) [19]  (8.22 ns)

 <State 4>: 8.22ns
The critical path consists of the following:
	'fsub' operation ('tmp_i', src/honeybee.c:14->src/honeybee.c:60) [19]  (8.22 ns)

 <State 5>: 8.22ns
The critical path consists of the following:
	'fadd' operation ('tmp_i_4', src/honeybee.c:14->src/honeybee.c:60) [20]  (8.22 ns)

 <State 6>: 8.22ns
The critical path consists of the following:
	'fadd' operation ('tmp_i_4', src/honeybee.c:14->src/honeybee.c:60) [20]  (8.22 ns)

 <State 7>: 8.22ns
The critical path consists of the following:
	'fadd' operation ('tmp_i_4', src/honeybee.c:14->src/honeybee.c:60) [20]  (8.22 ns)

 <State 8>: 8.22ns
The critical path consists of the following:
	'fadd' operation ('tmp_i_4', src/honeybee.c:14->src/honeybee.c:60) [20]  (8.22 ns)

 <State 9>: 7.24ns
The critical path consists of the following:
	'fdiv' operation ('x', src/honeybee.c:14->src/honeybee.c:60) [22]  (7.24 ns)

 <State 10>: 7.24ns
The critical path consists of the following:
	'fdiv' operation ('x', src/honeybee.c:14->src/honeybee.c:60) [22]  (7.24 ns)

 <State 11>: 7.24ns
The critical path consists of the following:
	'fdiv' operation ('x', src/honeybee.c:14->src/honeybee.c:60) [22]  (7.24 ns)

 <State 12>: 7.24ns
The critical path consists of the following:
	'fdiv' operation ('x', src/honeybee.c:14->src/honeybee.c:60) [22]  (7.24 ns)

 <State 13>: 7.24ns
The critical path consists of the following:
	'fdiv' operation ('x', src/honeybee.c:14->src/honeybee.c:60) [22]  (7.24 ns)

 <State 14>: 7.24ns
The critical path consists of the following:
	'fdiv' operation ('x', src/honeybee.c:14->src/honeybee.c:60) [22]  (7.24 ns)

 <State 15>: 7.24ns
The critical path consists of the following:
	'fdiv' operation ('x', src/honeybee.c:14->src/honeybee.c:60) [22]  (7.24 ns)

 <State 16>: 7.24ns
The critical path consists of the following:
	'fdiv' operation ('x', src/honeybee.c:14->src/honeybee.c:60) [22]  (7.24 ns)

 <State 17>: 7.24ns
The critical path consists of the following:
	'fdiv' operation ('x', src/honeybee.c:14->src/honeybee.c:60) [22]  (7.24 ns)

 <State 18>: 7.24ns
The critical path consists of the following:
	'fdiv' operation ('x', src/honeybee.c:14->src/honeybee.c:60) [22]  (7.24 ns)

 <State 19>: 3.79ns
The critical path consists of the following:
	'fcmp' operation ('tmp_2', src/honeybee.c:40->src/honeybee.c:62) [44]  (3.79 ns)

 <State 20>: 5.02ns
The critical path consists of the following:
	'fcmp' operation ('tmp_5', src/honeybee.c:42->src/honeybee.c:62) [53]  (3.79 ns)
	'and' operation ('and_ln42_1', src/honeybee.c:42->src/honeybee.c:62) [54]  (0 ns)
	'select' operation ('min', src/honeybee.c:42->src/honeybee.c:62) [55]  (0.616 ns)
	'select' operation ('min', src/honeybee.c:40->src/honeybee.c:62) [60]  (0.616 ns)

 <State 21>: 3.79ns
The critical path consists of the following:
	'fcmp' operation ('tmp_13', src/honeybee.c:70) [107]  (3.79 ns)

 <State 22>: 4.4ns
The critical path consists of the following:
	'fcmp' operation ('tmp_13', src/honeybee.c:70) [107]  (3.79 ns)
	'and' operation ('and_ln70_1', src/honeybee.c:70) [108]  (0.616 ns)


============================================================
+ Verbose Summary: Binding
============================================================
N/A
* FSMD analyzer results:
  - Output states:
 - Input state : 
  - Chain level:
	State 1
	State 2
	State 3
	State 4
	State 5
	State 6
	State 7
	State 8
	State 9
	State 10
	State 11
	State 12
	State 13
	State 14
	State 15
	State 16
	State 17
	State 18
	State 19
	State 20
	State 21
	State 22


============================================================
+ Verbose Summary: Datapath Resource usage 
============================================================
N/A
