

================================================================
== Vivado HLS Report for 'checkAxis_1'
================================================================
* Date:           Mon Mar 30 02:26:36 2020

* Version:        2019.2 (Build 2704478 on Wed Nov 06 22:10:23 MST 2019)
* Project:        honeybee_proj
* Solution:       HBG
* Product family: zynq
* Target device:  xc7z030i-fbg484-2L


================================================================
== Performance Estimates
================================================================
+ Timing: 
    * Summary: 
    +--------+----------+----------+------------+
    |  Clock |  Target  | Estimated| Uncertainty|
    +--------+----------+----------+------------+
    |ap_clk  | 10.00 ns | 9.478 ns |   1.25 ns  |
    +--------+----------+----------+------------+

+ Latency: 
    * Summary: 
    +---------+---------+----------+----------+-----+-----+---------+
    |  Latency (cycles) |  Latency (absolute) |  Interval | Pipeline|
    |   min   |   max   |    min   |    max   | min | max |   Type  |
    +---------+---------+----------+----------+-----+-----+---------+
    |      217|      217| 2.170 us | 2.170 us |  217|  217|   none  |
    +---------+---------+----------+----------+-----+-----+---------+

    + Detail: 
        * Instance: 
        N/A

        * Loop: 
        +---------------------+---------+---------+----------+-----------+-----------+------+----------+
        |                     |  Latency (cycles) | Iteration|  Initiation Interval  | Trip |          |
        |      Loop Name      |   min   |   max   |  Latency |  achieved |   target  | Count| Pipelined|
        +---------------------+---------+---------+----------+-----------+-----------+------+----------+
        |- memset_collisions  |        3|        3|         1|          -|          -|     4|    no    |
        |- Loop 2             |        8|        8|         2|          -|          -|     4|    no    |
        +---------------------+---------+---------+----------+-----------+-----------+------+----------+

============================================================
+ Verbose Summary: Synthesis Manager
============================================================
InlineROM: 1
ExposeGlobal: 0
============================================================
+ Verbose Summary: CDFG Model
============================================================
IsTopModel: 0
ResetActiveHigh: 1
IsCombinational: 0
IsDatapathOnly: 0
HasWiredReturn: 1
HasMFsm: 0
HasVarLatency: 1
IsPipeline: 0
IsRtlPipelined: 0
IsInstanceOverlapped: 0
IsDontTouch: 0
HasImplIP: 0
IsGatedGlobalClock: 0


============================================================
+ Verbose Summary: Schedule
============================================================
* Number of FSM states : 20
* Pipeline : 0
* Dataflow Pipeline: 0

* FSM state transitions: 
1 --> 2 
2 --> 2 3 
3 --> 4 
4 --> 5 
5 --> 6 
6 --> 7 
7 --> 8 
8 --> 9 
9 --> 10 
10 --> 11 
11 --> 12 
12 --> 13 
13 --> 14 
14 --> 15 
15 --> 16 
16 --> 17 
17 --> 18 
18 --> 19 
19 --> 20 
20 --> 19 

* FSM state operations: 

State 1 <SV = 0> <Delay = 0.46>
ST_1 : Operation 21 [1/1] (0.00ns)   --->   "%edge_p2_z_read = call float @_ssdm_op_Read.ap_auto.float(float %edge_p2_z)"   --->   Operation 21 'read' 'edge_p2_z_read' <Predicate = true> <Delay = 0.00>
ST_1 : Operation 22 [1/1] (0.00ns)   --->   "%edge_p2_y_read = call float @_ssdm_op_Read.ap_auto.float(float %edge_p2_y)"   --->   Operation 22 'read' 'edge_p2_y_read' <Predicate = true> <Delay = 0.00>
ST_1 : Operation 23 [1/1] (0.00ns)   --->   "%edge_p2_x_read = call float @_ssdm_op_Read.ap_auto.float(float %edge_p2_x)"   --->   Operation 23 'read' 'edge_p2_x_read' <Predicate = true> <Delay = 0.00>
ST_1 : Operation 24 [1/1] (0.00ns)   --->   "%edge_p1_z_read = call float @_ssdm_op_Read.ap_auto.float(float %edge_p1_z)"   --->   Operation 24 'read' 'edge_p1_z_read' <Predicate = true> <Delay = 0.00>
ST_1 : Operation 25 [1/1] (0.00ns)   --->   "%edge_p1_y_read = call float @_ssdm_op_Read.ap_auto.float(float %edge_p1_y)"   --->   Operation 25 'read' 'edge_p1_y_read' <Predicate = true> <Delay = 0.00>
ST_1 : Operation 26 [1/1] (0.00ns)   --->   "%edge_p1_x_read = call float @_ssdm_op_Read.ap_auto.float(float %edge_p1_x)"   --->   Operation 26 'read' 'edge_p1_x_read' <Predicate = true> <Delay = 0.00>
ST_1 : Operation 27 [1/1] (0.00ns)   --->   "%collisions = alloca [4 x i64], align 16" [src/honeybee.c:84]   --->   Operation 27 'alloca' 'collisions' <Predicate = true> <Delay = 0.00> <Core = "RAM">   --->   Core 37 'RAM' <Latency = 1> <II = 1> <Delay = 1.75> <Storage> <Opcode : 'load' 'store'> <Ports = 2> <Width = 64> <Depth = 4> <RAM>
ST_1 : Operation 28 [1/1] (0.46ns)   --->   "br label %meminst"   --->   Operation 28 'br' <Predicate = true> <Delay = 0.46>

State 2 <SV = 1> <Delay = 8.75>
ST_2 : Operation 29 [1/1] (0.00ns)   --->   "%phi_ln84 = phi i2 [ 0, %0 ], [ %add_ln84, %meminst ]" [src/honeybee.c:84]   --->   Operation 29 'phi' 'phi_ln84' <Predicate = true> <Delay = 0.00>
ST_2 : Operation 30 [1/1] (0.63ns)   --->   "%add_ln84 = add i2 %phi_ln84, 1" [src/honeybee.c:84]   --->   Operation 30 'add' 'add_ln84' <Predicate = true> <Delay = 0.63> <Core = "AddSub">   --->   Core 14 'AddSub' <Latency = 0> <II = 1> <Delay = 0.76> <FuncUnit> <Opcode : 'add' 'sub'> <InPorts = 2> <OutPorts = 1>
ST_2 : Operation 31 [1/1] (0.00ns)   --->   "%zext_ln84 = zext i2 %phi_ln84 to i64" [src/honeybee.c:84]   --->   Operation 31 'zext' 'zext_ln84' <Predicate = true> <Delay = 0.00>
ST_2 : Operation 32 [1/1] (0.00ns)   --->   "%collisions_addr = getelementptr [4 x i64]* %collisions, i64 0, i64 %zext_ln84" [src/honeybee.c:84]   --->   Operation 32 'getelementptr' 'collisions_addr' <Predicate = true> <Delay = 0.00>
ST_2 : Operation 33 [1/1] (1.75ns)   --->   "store i64 0, i64* %collisions_addr, align 8" [src/honeybee.c:84]   --->   Operation 33 'store' <Predicate = true> <Delay = 1.75> <Core = "RAM">   --->   Core 37 'RAM' <Latency = 1> <II = 1> <Delay = 1.75> <Storage> <Opcode : 'load' 'store'> <Ports = 2> <Width = 64> <Depth = 4> <RAM>
ST_2 : Operation 34 [1/1] (0.50ns)   --->   "%icmp_ln84 = icmp eq i2 %phi_ln84, -1" [src/honeybee.c:84]   --->   Operation 34 'icmp' 'icmp_ln84' <Predicate = true> <Delay = 0.50> <Core = "Cmp">   --->   Core 25 'Cmp' <Latency = 0> <II = 1> <Delay = 0.98> <FuncUnit> <Opcode : 'icmp'> <InPorts = 2> <OutPorts = 1>
ST_2 : Operation 35 [1/1] (0.00ns)   --->   "call void (...)* @_ssdm_op_SpecLoopName([18 x i8]* @memset_collisions_st)"   --->   Operation 35 'specloopname' <Predicate = true> <Delay = 0.00>
ST_2 : Operation 36 [1/1] (0.00ns)   --->   "%empty = call i32 (...)* @_ssdm_op_SpecLoopTripCount(i64 4, i64 4, i64 4)"   --->   Operation 36 'speclooptripcount' 'empty' <Predicate = true> <Delay = 0.00>
ST_2 : Operation 37 [1/1] (0.00ns)   --->   "br i1 %icmp_ln84, label %._crit_edge, label %meminst" [src/honeybee.c:84]   --->   Operation 37 'br' <Predicate = true> <Delay = 0.00>
ST_2 : Operation 38 [2/2] (8.75ns)   --->   "%call_ret = call fastcc { float, float, float } @lineIntersectsPlane(float %edge_p1_x_read, float %edge_p1_y_read, float %edge_p1_z_read, float %edge_p2_x_read, float %edge_p2_y_read, float %edge_p2_z_read, float 0.000000e+00)" [src/honeybee.c:127]   --->   Operation 38 'call' 'call_ret' <Predicate = (icmp_ln84)> <Delay = 8.75> <CoreType = "Generic">   --->   Core 0 '' <Latency = 0> <II = 1> <Delay = 1.00> <Generic> <Opcode : >

State 3 <SV = 2> <Delay = 8.58>
ST_3 : Operation 39 [1/2] (8.58ns)   --->   "%call_ret = call fastcc { float, float, float } @lineIntersectsPlane(float %edge_p1_x_read, float %edge_p1_y_read, float %edge_p1_z_read, float %edge_p2_x_read, float %edge_p2_y_read, float %edge_p2_z_read, float 0.000000e+00)" [src/honeybee.c:127]   --->   Operation 39 'call' 'call_ret' <Predicate = true> <Delay = 8.58> <CoreType = "Generic">   --->   Core 0 '' <Latency = 0> <II = 1> <Delay = 1.00> <Generic> <Opcode : >
ST_3 : Operation 40 [1/1] (0.00ns)   --->   "%p_s = extractvalue { float, float, float } %call_ret, 0" [src/honeybee.c:127]   --->   Operation 40 'extractvalue' 'p_s' <Predicate = true> <Delay = 0.00>
ST_3 : Operation 41 [1/1] (0.00ns)   --->   "%p_1 = extractvalue { float, float, float } %call_ret, 1" [src/honeybee.c:127]   --->   Operation 41 'extractvalue' 'p_1' <Predicate = true> <Delay = 0.00>
ST_3 : Operation 42 [1/1] (0.00ns)   --->   "%p_2 = extractvalue { float, float, float } %call_ret, 2" [src/honeybee.c:127]   --->   Operation 42 'extractvalue' 'p_2' <Predicate = true> <Delay = 0.00>

State 4 <SV = 3> <Delay = 5.28>
ST_4 : Operation 43 [2/2] (5.28ns)   --->   "%tmp_s = call fastcc i1 @pointOnSegment(float %p_2, float %p_1, float %p_s, float %edge_p1_z_read, float %edge_p1_y_read, float %edge_p1_x_read, float %edge_p2_z_read, float %edge_p2_y_read, float %edge_p2_x_read)" [src/honeybee.c:130]   --->   Operation 43 'call' 'tmp_s' <Predicate = true> <Delay = 5.28> <CoreType = "Generic">   --->   Core 0 '' <Latency = 0> <II = 1> <Delay = 1.00> <Generic> <Opcode : >

State 5 <SV = 4> <Delay = 8.58>
ST_5 : Operation 44 [1/2] (7.39ns)   --->   "%tmp_s = call fastcc i1 @pointOnSegment(float %p_2, float %p_1, float %p_s, float %edge_p1_z_read, float %edge_p1_y_read, float %edge_p1_x_read, float %edge_p2_z_read, float %edge_p2_y_read, float %edge_p2_x_read)" [src/honeybee.c:130]   --->   Operation 44 'call' 'tmp_s' <Predicate = true> <Delay = 7.39> <CoreType = "Generic">   --->   Core 0 '' <Latency = 0> <II = 1> <Delay = 1.00> <Generic> <Opcode : >
ST_5 : Operation 45 [1/1] (0.00ns)   --->   "br i1 %tmp_s, label %1, label %._crit_edge22.0" [src/honeybee.c:130]   --->   Operation 45 'br' <Predicate = true> <Delay = 0.00>
ST_5 : Operation 46 [1/1] (8.58ns)   --->   "%j_assign = call fastcc i32 @__hls_fptosi_float_i(float %p_1)" [src/honeybee.c:132]   --->   Operation 46 'call' 'j_assign' <Predicate = (tmp_s)> <Delay = 8.58> <CoreType = "Generic">   --->   Core 0 '' <Latency = 0> <II = 1> <Delay = 1.00> <Generic> <Opcode : >
ST_5 : Operation 47 [1/1] (8.58ns)   --->   "%k_assign = call fastcc i32 @__hls_fptosi_float_i(float %p_s)" [src/honeybee.c:132]   --->   Operation 47 'call' 'k_assign' <Predicate = (tmp_s)> <Delay = 8.58> <CoreType = "Generic">   --->   Core 0 '' <Latency = 0> <II = 1> <Delay = 1.00> <Generic> <Opcode : >

State 6 <SV = 5> <Delay = 8.75>
ST_6 : Operation 48 [1/1] (0.00ns)   --->   "%shl_ln80 = shl i32 %j_assign, 2" [src/honeybee.c:80->src/honeybee.c:132]   --->   Operation 48 'shl' 'shl_ln80' <Predicate = (tmp_s)> <Delay = 0.00>
ST_6 : Operation 49 [1/1] (0.00ns)   --->   "%shl_ln80_4 = shl i32 %k_assign, 4" [src/honeybee.c:80->src/honeybee.c:132]   --->   Operation 49 'shl' 'shl_ln80_4' <Predicate = (tmp_s)> <Delay = 0.00>
ST_6 : Operation 50 [1/1] (1.89ns)   --->   "%add_ln80 = add i32 %shl_ln80, %shl_ln80_4" [src/honeybee.c:80->src/honeybee.c:132]   --->   Operation 50 'add' 'add_ln80' <Predicate = (tmp_s)> <Delay = 1.89> <Core = "AddSub">   --->   Core 14 'AddSub' <Latency = 0> <II = 1> <Delay = 0.76> <FuncUnit> <Opcode : 'add' 'sub'> <InPorts = 2> <OutPorts = 1>
ST_6 : Operation 51 [1/1] (0.00ns) (grouped into LUT with out node or_ln133)   --->   "%zext_ln132 = zext i32 %add_ln80 to i64" [src/honeybee.c:132]   --->   Operation 51 'zext' 'zext_ln132' <Predicate = (tmp_s)> <Delay = 0.00>
ST_6 : Operation 52 [1/1] (0.00ns) (grouped into LUT with out node or_ln133)   --->   "%shl_ln132 = shl i64 1, %zext_ln132" [src/honeybee.c:132]   --->   Operation 52 'shl' 'shl_ln132' <Predicate = (tmp_s)> <Delay = 0.00> <Core = "Shift">   --->   Core 28 'Shift' <Latency = 0> <II = 1> <Delay = 2.93> <FuncUnit> <Opcode : 'shl' 'lshr' 'ashr'> <InPorts = 2> <OutPorts = 1>
ST_6 : Operation 53 [1/1] (0.00ns) (grouped into TernaryAdder)   --->   "%add_ln80_10 = add i32 -1, %shl_ln80_4" [src/honeybee.c:80->src/honeybee.c:133]   --->   Operation 53 'add' 'add_ln80_10' <Predicate = (tmp_s)> <Delay = 0.00> <Core = "TAddSub">   --->   Core 83 'TAddSub' <Latency = 0> <II = 1> <Delay = 1.79> <IPBlock> <Opcode : 'add' 'sub'> <InPorts = 3> <OutPorts = 1> <Sync> <CReg>
ST_6 : Operation 54 [1/1] (3.58ns) (root node of TernaryAdder)   --->   "%add_ln80_11 = add i32 %add_ln80_10, %shl_ln80" [src/honeybee.c:80->src/honeybee.c:133]   --->   Operation 54 'add' 'add_ln80_11' <Predicate = (tmp_s)> <Delay = 3.58> <Core = "TAddSub">   --->   Core 83 'TAddSub' <Latency = 0> <II = 1> <Delay = 1.79> <IPBlock> <Opcode : 'add' 'sub'> <InPorts = 3> <OutPorts = 1> <Sync> <CReg>
ST_6 : Operation 55 [1/1] (0.00ns) (grouped into LUT with out node or_ln133)   --->   "%zext_ln133 = zext i32 %add_ln80_11 to i64" [src/honeybee.c:133]   --->   Operation 55 'zext' 'zext_ln133' <Predicate = (tmp_s)> <Delay = 0.00>
ST_6 : Operation 56 [1/1] (0.00ns) (grouped into LUT with out node or_ln133)   --->   "%shl_ln133 = shl i64 1, %zext_ln133" [src/honeybee.c:133]   --->   Operation 56 'shl' 'shl_ln133' <Predicate = (tmp_s)> <Delay = 0.00> <Core = "Shift">   --->   Core 28 'Shift' <Latency = 0> <II = 1> <Delay = 2.93> <FuncUnit> <Opcode : 'shl' 'lshr' 'ashr'> <InPorts = 2> <OutPorts = 1>
ST_6 : Operation 57 [1/1] (2.93ns) (out node of the LUT)   --->   "%or_ln133 = or i64 %shl_ln133, %shl_ln132" [src/honeybee.c:133]   --->   Operation 57 'or' 'or_ln133' <Predicate = (tmp_s)> <Delay = 2.93> <Core = "LogicGate">   --->   Core 27 'LogicGate' <Latency = 0> <II = 1> <Delay = 0.80> <FuncUnit> <Opcode : 'and' 'or' 'xor'> <InPorts = 2> <OutPorts = 1>
ST_6 : Operation 58 [1/1] (0.00ns)   --->   "%collisions_addr_4 = getelementptr inbounds [4 x i64]* %collisions, i64 0, i64 0" [src/honeybee.c:133]   --->   Operation 58 'getelementptr' 'collisions_addr_4' <Predicate = (tmp_s)> <Delay = 0.00>
ST_6 : Operation 59 [1/1] (1.75ns)   --->   "store i64 %or_ln133, i64* %collisions_addr_4, align 16" [src/honeybee.c:133]   --->   Operation 59 'store' <Predicate = (tmp_s)> <Delay = 1.75> <Core = "RAM">   --->   Core 37 'RAM' <Latency = 1> <II = 1> <Delay = 1.75> <Storage> <Opcode : 'load' 'store'> <Ports = 2> <Width = 64> <Depth = 4> <RAM>
ST_6 : Operation 60 [1/1] (0.00ns)   --->   "br label %._crit_edge22.0" [src/honeybee.c:134]   --->   Operation 60 'br' <Predicate = (tmp_s)> <Delay = 0.00>
ST_6 : Operation 61 [2/2] (8.75ns)   --->   "%call_ret_1 = call fastcc { float, float, float } @lineIntersectsPlane(float %edge_p1_x_read, float %edge_p1_y_read, float %edge_p1_z_read, float %edge_p2_x_read, float %edge_p2_y_read, float %edge_p2_z_read, float 1.000000e+00)" [src/honeybee.c:127]   --->   Operation 61 'call' 'call_ret_1' <Predicate = true> <Delay = 8.75> <CoreType = "Generic">   --->   Core 0 '' <Latency = 0> <II = 1> <Delay = 1.00> <Generic> <Opcode : >

State 7 <SV = 6> <Delay = 8.58>
ST_7 : Operation 62 [1/2] (8.58ns)   --->   "%call_ret_1 = call fastcc { float, float, float } @lineIntersectsPlane(float %edge_p1_x_read, float %edge_p1_y_read, float %edge_p1_z_read, float %edge_p2_x_read, float %edge_p2_y_read, float %edge_p2_z_read, float 1.000000e+00)" [src/honeybee.c:127]   --->   Operation 62 'call' 'call_ret_1' <Predicate = true> <Delay = 8.58> <CoreType = "Generic">   --->   Core 0 '' <Latency = 0> <II = 1> <Delay = 1.00> <Generic> <Opcode : >
ST_7 : Operation 63 [1/1] (0.00ns)   --->   "%p_04_0_1 = extractvalue { float, float, float } %call_ret_1, 0" [src/honeybee.c:127]   --->   Operation 63 'extractvalue' 'p_04_0_1' <Predicate = true> <Delay = 0.00>
ST_7 : Operation 64 [1/1] (0.00ns)   --->   "%p_15_0_1 = extractvalue { float, float, float } %call_ret_1, 1" [src/honeybee.c:127]   --->   Operation 64 'extractvalue' 'p_15_0_1' <Predicate = true> <Delay = 0.00>
ST_7 : Operation 65 [1/1] (0.00ns)   --->   "%p_26_0_1 = extractvalue { float, float, float } %call_ret_1, 2" [src/honeybee.c:127]   --->   Operation 65 'extractvalue' 'p_26_0_1' <Predicate = true> <Delay = 0.00>

State 8 <SV = 7> <Delay = 5.28>
ST_8 : Operation 66 [2/2] (5.28ns)   --->   "%tmp_45_1 = call fastcc i1 @pointOnSegment(float %p_26_0_1, float %p_15_0_1, float %p_04_0_1, float %edge_p1_z_read, float %edge_p1_y_read, float %edge_p1_x_read, float %edge_p2_z_read, float %edge_p2_y_read, float %edge_p2_x_read)" [src/honeybee.c:130]   --->   Operation 66 'call' 'tmp_45_1' <Predicate = true> <Delay = 5.28> <CoreType = "Generic">   --->   Core 0 '' <Latency = 0> <II = 1> <Delay = 1.00> <Generic> <Opcode : >

State 9 <SV = 8> <Delay = 8.58>
ST_9 : Operation 67 [1/2] (7.39ns)   --->   "%tmp_45_1 = call fastcc i1 @pointOnSegment(float %p_26_0_1, float %p_15_0_1, float %p_04_0_1, float %edge_p1_z_read, float %edge_p1_y_read, float %edge_p1_x_read, float %edge_p2_z_read, float %edge_p2_y_read, float %edge_p2_x_read)" [src/honeybee.c:130]   --->   Operation 67 'call' 'tmp_45_1' <Predicate = true> <Delay = 7.39> <CoreType = "Generic">   --->   Core 0 '' <Latency = 0> <II = 1> <Delay = 1.00> <Generic> <Opcode : >
ST_9 : Operation 68 [1/1] (0.00ns)   --->   "br i1 %tmp_45_1, label %2, label %._crit_edge22.1" [src/honeybee.c:130]   --->   Operation 68 'br' <Predicate = true> <Delay = 0.00>
ST_9 : Operation 69 [1/1] (8.58ns)   --->   "%j_assign_4 = call fastcc i32 @__hls_fptosi_float_i(float %p_15_0_1)" [src/honeybee.c:132]   --->   Operation 69 'call' 'j_assign_4' <Predicate = (tmp_45_1)> <Delay = 8.58> <CoreType = "Generic">   --->   Core 0 '' <Latency = 0> <II = 1> <Delay = 1.00> <Generic> <Opcode : >
ST_9 : Operation 70 [1/1] (8.58ns)   --->   "%k_assign_1 = call fastcc i32 @__hls_fptosi_float_i(float %p_04_0_1)" [src/honeybee.c:132]   --->   Operation 70 'call' 'k_assign_1' <Predicate = (tmp_45_1)> <Delay = 8.58> <CoreType = "Generic">   --->   Core 0 '' <Latency = 0> <II = 1> <Delay = 1.00> <Generic> <Opcode : >

State 10 <SV = 9> <Delay = 8.75>
ST_10 : Operation 71 [1/1] (0.00ns)   --->   "%shl_ln80_5 = shl i32 %j_assign_4, 2" [src/honeybee.c:80->src/honeybee.c:132]   --->   Operation 71 'shl' 'shl_ln80_5' <Predicate = (tmp_45_1)> <Delay = 0.00>
ST_10 : Operation 72 [1/1] (0.00ns)   --->   "%shl_ln80_6 = shl i32 %k_assign_1, 4" [src/honeybee.c:80->src/honeybee.c:132]   --->   Operation 72 'shl' 'shl_ln80_6' <Predicate = (tmp_45_1)> <Delay = 0.00>
ST_10 : Operation 73 [1/1] (0.00ns) (grouped into LUT with out node add_ln80_12)   --->   "%or_ln80 = or i32 %shl_ln80_5, 1" [src/honeybee.c:80->src/honeybee.c:132]   --->   Operation 73 'or' 'or_ln80' <Predicate = (tmp_45_1)> <Delay = 0.00>
ST_10 : Operation 74 [1/1] (1.89ns) (out node of the LUT)   --->   "%add_ln80_12 = add i32 %or_ln80, %shl_ln80_6" [src/honeybee.c:80->src/honeybee.c:132]   --->   Operation 74 'add' 'add_ln80_12' <Predicate = (tmp_45_1)> <Delay = 1.89> <Core = "AddSub">   --->   Core 14 'AddSub' <Latency = 0> <II = 1> <Delay = 0.76> <FuncUnit> <Opcode : 'add' 'sub'> <InPorts = 2> <OutPorts = 1>
ST_10 : Operation 75 [1/1] (0.00ns) (grouped into LUT with out node or_ln133_1)   --->   "%zext_ln132_1 = zext i32 %add_ln80_12 to i64" [src/honeybee.c:132]   --->   Operation 75 'zext' 'zext_ln132_1' <Predicate = (tmp_45_1)> <Delay = 0.00>
ST_10 : Operation 76 [1/1] (0.00ns) (grouped into LUT with out node or_ln133_1)   --->   "%shl_ln132_1 = shl i64 1, %zext_ln132_1" [src/honeybee.c:132]   --->   Operation 76 'shl' 'shl_ln132_1' <Predicate = (tmp_45_1)> <Delay = 0.00> <Core = "Shift">   --->   Core 28 'Shift' <Latency = 0> <II = 1> <Delay = 2.93> <FuncUnit> <Opcode : 'shl' 'lshr' 'ashr'> <InPorts = 2> <OutPorts = 1>
ST_10 : Operation 77 [1/1] (1.89ns)   --->   "%add_ln80_13 = add i32 %shl_ln80_5, %shl_ln80_6" [src/honeybee.c:80->src/honeybee.c:133]   --->   Operation 77 'add' 'add_ln80_13' <Predicate = (tmp_45_1)> <Delay = 1.89> <Core = "AddSub">   --->   Core 14 'AddSub' <Latency = 0> <II = 1> <Delay = 0.76> <FuncUnit> <Opcode : 'add' 'sub'> <InPorts = 2> <OutPorts = 1>
ST_10 : Operation 78 [1/1] (0.00ns) (grouped into LUT with out node or_ln133_1)   --->   "%zext_ln133_1 = zext i32 %add_ln80_13 to i64" [src/honeybee.c:133]   --->   Operation 78 'zext' 'zext_ln133_1' <Predicate = (tmp_45_1)> <Delay = 0.00>
ST_10 : Operation 79 [1/1] (0.00ns) (grouped into LUT with out node or_ln133_1)   --->   "%shl_ln133_1 = shl i64 1, %zext_ln133_1" [src/honeybee.c:133]   --->   Operation 79 'shl' 'shl_ln133_1' <Predicate = (tmp_45_1)> <Delay = 0.00> <Core = "Shift">   --->   Core 28 'Shift' <Latency = 0> <II = 1> <Delay = 2.93> <FuncUnit> <Opcode : 'shl' 'lshr' 'ashr'> <InPorts = 2> <OutPorts = 1>
ST_10 : Operation 80 [1/1] (2.93ns) (out node of the LUT)   --->   "%or_ln133_1 = or i64 %shl_ln133_1, %shl_ln132_1" [src/honeybee.c:133]   --->   Operation 80 'or' 'or_ln133_1' <Predicate = (tmp_45_1)> <Delay = 2.93> <Core = "LogicGate">   --->   Core 27 'LogicGate' <Latency = 0> <II = 1> <Delay = 0.80> <FuncUnit> <Opcode : 'and' 'or' 'xor'> <InPorts = 2> <OutPorts = 1>
ST_10 : Operation 81 [1/1] (0.00ns)   --->   "%collisions_addr_6 = getelementptr inbounds [4 x i64]* %collisions, i64 0, i64 1" [src/honeybee.c:133]   --->   Operation 81 'getelementptr' 'collisions_addr_6' <Predicate = (tmp_45_1)> <Delay = 0.00>
ST_10 : Operation 82 [1/1] (1.75ns)   --->   "store i64 %or_ln133_1, i64* %collisions_addr_6, align 8" [src/honeybee.c:133]   --->   Operation 82 'store' <Predicate = (tmp_45_1)> <Delay = 1.75> <Core = "RAM">   --->   Core 37 'RAM' <Latency = 1> <II = 1> <Delay = 1.75> <Storage> <Opcode : 'load' 'store'> <Ports = 2> <Width = 64> <Depth = 4> <RAM>
ST_10 : Operation 83 [1/1] (0.00ns)   --->   "br label %._crit_edge22.1" [src/honeybee.c:134]   --->   Operation 83 'br' <Predicate = (tmp_45_1)> <Delay = 0.00>
ST_10 : Operation 84 [2/2] (8.75ns)   --->   "%call_ret_2 = call fastcc { float, float, float } @lineIntersectsPlane(float %edge_p1_x_read, float %edge_p1_y_read, float %edge_p1_z_read, float %edge_p2_x_read, float %edge_p2_y_read, float %edge_p2_z_read, float 2.000000e+00)" [src/honeybee.c:127]   --->   Operation 84 'call' 'call_ret_2' <Predicate = true> <Delay = 8.75> <CoreType = "Generic">   --->   Core 0 '' <Latency = 0> <II = 1> <Delay = 1.00> <Generic> <Opcode : >

State 11 <SV = 10> <Delay = 8.58>
ST_11 : Operation 85 [1/2] (8.58ns)   --->   "%call_ret_2 = call fastcc { float, float, float } @lineIntersectsPlane(float %edge_p1_x_read, float %edge_p1_y_read, float %edge_p1_z_read, float %edge_p2_x_read, float %edge_p2_y_read, float %edge_p2_z_read, float 2.000000e+00)" [src/honeybee.c:127]   --->   Operation 85 'call' 'call_ret_2' <Predicate = true> <Delay = 8.58> <CoreType = "Generic">   --->   Core 0 '' <Latency = 0> <II = 1> <Delay = 1.00> <Generic> <Opcode : >
ST_11 : Operation 86 [1/1] (0.00ns)   --->   "%p_04_0_2 = extractvalue { float, float, float } %call_ret_2, 0" [src/honeybee.c:127]   --->   Operation 86 'extractvalue' 'p_04_0_2' <Predicate = true> <Delay = 0.00>
ST_11 : Operation 87 [1/1] (0.00ns)   --->   "%p_15_0_2 = extractvalue { float, float, float } %call_ret_2, 1" [src/honeybee.c:127]   --->   Operation 87 'extractvalue' 'p_15_0_2' <Predicate = true> <Delay = 0.00>
ST_11 : Operation 88 [1/1] (0.00ns)   --->   "%p_26_0_2 = extractvalue { float, float, float } %call_ret_2, 2" [src/honeybee.c:127]   --->   Operation 88 'extractvalue' 'p_26_0_2' <Predicate = true> <Delay = 0.00>

State 12 <SV = 11> <Delay = 5.28>
ST_12 : Operation 89 [2/2] (5.28ns)   --->   "%tmp_45_2 = call fastcc i1 @pointOnSegment(float %p_26_0_2, float %p_15_0_2, float %p_04_0_2, float %edge_p1_z_read, float %edge_p1_y_read, float %edge_p1_x_read, float %edge_p2_z_read, float %edge_p2_y_read, float %edge_p2_x_read)" [src/honeybee.c:130]   --->   Operation 89 'call' 'tmp_45_2' <Predicate = true> <Delay = 5.28> <CoreType = "Generic">   --->   Core 0 '' <Latency = 0> <II = 1> <Delay = 1.00> <Generic> <Opcode : >

State 13 <SV = 12> <Delay = 8.58>
ST_13 : Operation 90 [1/2] (7.39ns)   --->   "%tmp_45_2 = call fastcc i1 @pointOnSegment(float %p_26_0_2, float %p_15_0_2, float %p_04_0_2, float %edge_p1_z_read, float %edge_p1_y_read, float %edge_p1_x_read, float %edge_p2_z_read, float %edge_p2_y_read, float %edge_p2_x_read)" [src/honeybee.c:130]   --->   Operation 90 'call' 'tmp_45_2' <Predicate = true> <Delay = 7.39> <CoreType = "Generic">   --->   Core 0 '' <Latency = 0> <II = 1> <Delay = 1.00> <Generic> <Opcode : >
ST_13 : Operation 91 [1/1] (0.00ns)   --->   "br i1 %tmp_45_2, label %3, label %._crit_edge22.2" [src/honeybee.c:130]   --->   Operation 91 'br' <Predicate = true> <Delay = 0.00>
ST_13 : Operation 92 [1/1] (8.58ns)   --->   "%j_assign_5 = call fastcc i32 @__hls_fptosi_float_i(float %p_15_0_2)" [src/honeybee.c:132]   --->   Operation 92 'call' 'j_assign_5' <Predicate = (tmp_45_2)> <Delay = 8.58> <CoreType = "Generic">   --->   Core 0 '' <Latency = 0> <II = 1> <Delay = 1.00> <Generic> <Opcode : >
ST_13 : Operation 93 [1/1] (8.58ns)   --->   "%k_assign_2 = call fastcc i32 @__hls_fptosi_float_i(float %p_04_0_2)" [src/honeybee.c:132]   --->   Operation 93 'call' 'k_assign_2' <Predicate = (tmp_45_2)> <Delay = 8.58> <CoreType = "Generic">   --->   Core 0 '' <Latency = 0> <II = 1> <Delay = 1.00> <Generic> <Opcode : >

State 14 <SV = 13> <Delay = 8.75>
ST_14 : Operation 94 [1/1] (0.00ns)   --->   "%shl_ln80_7 = shl i32 %j_assign_5, 2" [src/honeybee.c:80->src/honeybee.c:132]   --->   Operation 94 'shl' 'shl_ln80_7' <Predicate = (tmp_45_2)> <Delay = 0.00>
ST_14 : Operation 95 [1/1] (0.00ns)   --->   "%shl_ln80_8 = shl i32 %k_assign_2, 4" [src/honeybee.c:80->src/honeybee.c:132]   --->   Operation 95 'shl' 'shl_ln80_8' <Predicate = (tmp_45_2)> <Delay = 0.00>
ST_14 : Operation 96 [1/1] (0.00ns) (grouped into LUT with out node add_ln80_14)   --->   "%or_ln80_1 = or i32 %shl_ln80_7, 2" [src/honeybee.c:80->src/honeybee.c:132]   --->   Operation 96 'or' 'or_ln80_1' <Predicate = (tmp_45_2)> <Delay = 0.00>
ST_14 : Operation 97 [1/1] (1.89ns) (out node of the LUT)   --->   "%add_ln80_14 = add i32 %or_ln80_1, %shl_ln80_8" [src/honeybee.c:80->src/honeybee.c:132]   --->   Operation 97 'add' 'add_ln80_14' <Predicate = (tmp_45_2)> <Delay = 1.89> <Core = "AddSub">   --->   Core 14 'AddSub' <Latency = 0> <II = 1> <Delay = 0.76> <FuncUnit> <Opcode : 'add' 'sub'> <InPorts = 2> <OutPorts = 1>
ST_14 : Operation 98 [1/1] (0.00ns) (grouped into LUT with out node or_ln133_2)   --->   "%zext_ln132_2 = zext i32 %add_ln80_14 to i64" [src/honeybee.c:132]   --->   Operation 98 'zext' 'zext_ln132_2' <Predicate = (tmp_45_2)> <Delay = 0.00>
ST_14 : Operation 99 [1/1] (0.00ns) (grouped into LUT with out node or_ln133_2)   --->   "%shl_ln132_2 = shl i64 1, %zext_ln132_2" [src/honeybee.c:132]   --->   Operation 99 'shl' 'shl_ln132_2' <Predicate = (tmp_45_2)> <Delay = 0.00> <Core = "Shift">   --->   Core 28 'Shift' <Latency = 0> <II = 1> <Delay = 2.93> <FuncUnit> <Opcode : 'shl' 'lshr' 'ashr'> <InPorts = 2> <OutPorts = 1>
ST_14 : Operation 100 [1/1] (0.00ns) (grouped into LUT with out node add_ln80_15)   --->   "%or_ln80_2 = or i32 %shl_ln80_7, 1" [src/honeybee.c:80->src/honeybee.c:133]   --->   Operation 100 'or' 'or_ln80_2' <Predicate = (tmp_45_2)> <Delay = 0.00>
ST_14 : Operation 101 [1/1] (1.89ns) (out node of the LUT)   --->   "%add_ln80_15 = add i32 %or_ln80_2, %shl_ln80_8" [src/honeybee.c:80->src/honeybee.c:133]   --->   Operation 101 'add' 'add_ln80_15' <Predicate = (tmp_45_2)> <Delay = 1.89> <Core = "AddSub">   --->   Core 14 'AddSub' <Latency = 0> <II = 1> <Delay = 0.76> <FuncUnit> <Opcode : 'add' 'sub'> <InPorts = 2> <OutPorts = 1>
ST_14 : Operation 102 [1/1] (0.00ns) (grouped into LUT with out node or_ln133_2)   --->   "%zext_ln133_2 = zext i32 %add_ln80_15 to i64" [src/honeybee.c:133]   --->   Operation 102 'zext' 'zext_ln133_2' <Predicate = (tmp_45_2)> <Delay = 0.00>
ST_14 : Operation 103 [1/1] (0.00ns) (grouped into LUT with out node or_ln133_2)   --->   "%shl_ln133_2 = shl i64 1, %zext_ln133_2" [src/honeybee.c:133]   --->   Operation 103 'shl' 'shl_ln133_2' <Predicate = (tmp_45_2)> <Delay = 0.00> <Core = "Shift">   --->   Core 28 'Shift' <Latency = 0> <II = 1> <Delay = 2.93> <FuncUnit> <Opcode : 'shl' 'lshr' 'ashr'> <InPorts = 2> <OutPorts = 1>
ST_14 : Operation 104 [1/1] (2.93ns) (out node of the LUT)   --->   "%or_ln133_2 = or i64 %shl_ln133_2, %shl_ln132_2" [src/honeybee.c:133]   --->   Operation 104 'or' 'or_ln133_2' <Predicate = (tmp_45_2)> <Delay = 2.93> <Core = "LogicGate">   --->   Core 27 'LogicGate' <Latency = 0> <II = 1> <Delay = 0.80> <FuncUnit> <Opcode : 'and' 'or' 'xor'> <InPorts = 2> <OutPorts = 1>
ST_14 : Operation 105 [1/1] (0.00ns)   --->   "%collisions_addr_7 = getelementptr inbounds [4 x i64]* %collisions, i64 0, i64 2" [src/honeybee.c:133]   --->   Operation 105 'getelementptr' 'collisions_addr_7' <Predicate = (tmp_45_2)> <Delay = 0.00>
ST_14 : Operation 106 [1/1] (1.75ns)   --->   "store i64 %or_ln133_2, i64* %collisions_addr_7, align 16" [src/honeybee.c:133]   --->   Operation 106 'store' <Predicate = (tmp_45_2)> <Delay = 1.75> <Core = "RAM">   --->   Core 37 'RAM' <Latency = 1> <II = 1> <Delay = 1.75> <Storage> <Opcode : 'load' 'store'> <Ports = 2> <Width = 64> <Depth = 4> <RAM>
ST_14 : Operation 107 [1/1] (0.00ns)   --->   "br label %._crit_edge22.2" [src/honeybee.c:134]   --->   Operation 107 'br' <Predicate = (tmp_45_2)> <Delay = 0.00>
ST_14 : Operation 108 [2/2] (8.75ns)   --->   "%call_ret_3 = call fastcc { float, float, float } @lineIntersectsPlane(float %edge_p1_x_read, float %edge_p1_y_read, float %edge_p1_z_read, float %edge_p2_x_read, float %edge_p2_y_read, float %edge_p2_z_read, float 3.000000e+00)" [src/honeybee.c:127]   --->   Operation 108 'call' 'call_ret_3' <Predicate = true> <Delay = 8.75> <CoreType = "Generic">   --->   Core 0 '' <Latency = 0> <II = 1> <Delay = 1.00> <Generic> <Opcode : >

State 15 <SV = 14> <Delay = 8.58>
ST_15 : Operation 109 [1/2] (8.58ns)   --->   "%call_ret_3 = call fastcc { float, float, float } @lineIntersectsPlane(float %edge_p1_x_read, float %edge_p1_y_read, float %edge_p1_z_read, float %edge_p2_x_read, float %edge_p2_y_read, float %edge_p2_z_read, float 3.000000e+00)" [src/honeybee.c:127]   --->   Operation 109 'call' 'call_ret_3' <Predicate = true> <Delay = 8.58> <CoreType = "Generic">   --->   Core 0 '' <Latency = 0> <II = 1> <Delay = 1.00> <Generic> <Opcode : >
ST_15 : Operation 110 [1/1] (0.00ns)   --->   "%p_04_0_3 = extractvalue { float, float, float } %call_ret_3, 0" [src/honeybee.c:127]   --->   Operation 110 'extractvalue' 'p_04_0_3' <Predicate = true> <Delay = 0.00>
ST_15 : Operation 111 [1/1] (0.00ns)   --->   "%p_15_0_3 = extractvalue { float, float, float } %call_ret_3, 1" [src/honeybee.c:127]   --->   Operation 111 'extractvalue' 'p_15_0_3' <Predicate = true> <Delay = 0.00>
ST_15 : Operation 112 [1/1] (0.00ns)   --->   "%p_26_0_3 = extractvalue { float, float, float } %call_ret_3, 2" [src/honeybee.c:127]   --->   Operation 112 'extractvalue' 'p_26_0_3' <Predicate = true> <Delay = 0.00>

State 16 <SV = 15> <Delay = 5.28>
ST_16 : Operation 113 [2/2] (5.28ns)   --->   "%tmp_45_3 = call fastcc i1 @pointOnSegment(float %p_26_0_3, float %p_15_0_3, float %p_04_0_3, float %edge_p1_z_read, float %edge_p1_y_read, float %edge_p1_x_read, float %edge_p2_z_read, float %edge_p2_y_read, float %edge_p2_x_read)" [src/honeybee.c:130]   --->   Operation 113 'call' 'tmp_45_3' <Predicate = true> <Delay = 5.28> <CoreType = "Generic">   --->   Core 0 '' <Latency = 0> <II = 1> <Delay = 1.00> <Generic> <Opcode : >

State 17 <SV = 16> <Delay = 8.58>
ST_17 : Operation 114 [1/2] (7.39ns)   --->   "%tmp_45_3 = call fastcc i1 @pointOnSegment(float %p_26_0_3, float %p_15_0_3, float %p_04_0_3, float %edge_p1_z_read, float %edge_p1_y_read, float %edge_p1_x_read, float %edge_p2_z_read, float %edge_p2_y_read, float %edge_p2_x_read)" [src/honeybee.c:130]   --->   Operation 114 'call' 'tmp_45_3' <Predicate = true> <Delay = 7.39> <CoreType = "Generic">   --->   Core 0 '' <Latency = 0> <II = 1> <Delay = 1.00> <Generic> <Opcode : >
ST_17 : Operation 115 [1/1] (0.00ns)   --->   "br i1 %tmp_45_3, label %4, label %._crit_edge22.3" [src/honeybee.c:130]   --->   Operation 115 'br' <Predicate = true> <Delay = 0.00>
ST_17 : Operation 116 [1/1] (8.58ns)   --->   "%j_assign_6 = call fastcc i32 @__hls_fptosi_float_i(float %p_15_0_3)" [src/honeybee.c:132]   --->   Operation 116 'call' 'j_assign_6' <Predicate = (tmp_45_3)> <Delay = 8.58> <CoreType = "Generic">   --->   Core 0 '' <Latency = 0> <II = 1> <Delay = 1.00> <Generic> <Opcode : >
ST_17 : Operation 117 [1/1] (8.58ns)   --->   "%k_assign_3 = call fastcc i32 @__hls_fptosi_float_i(float %p_04_0_3)" [src/honeybee.c:132]   --->   Operation 117 'call' 'k_assign_3' <Predicate = (tmp_45_3)> <Delay = 8.58> <CoreType = "Generic">   --->   Core 0 '' <Latency = 0> <II = 1> <Delay = 1.00> <Generic> <Opcode : >

State 18 <SV = 17> <Delay = 6.58>
ST_18 : Operation 118 [1/1] (0.00ns)   --->   "%shl_ln80_9 = shl i32 %j_assign_6, 2" [src/honeybee.c:80->src/honeybee.c:132]   --->   Operation 118 'shl' 'shl_ln80_9' <Predicate = (tmp_45_3)> <Delay = 0.00>
ST_18 : Operation 119 [1/1] (0.00ns)   --->   "%shl_ln80_10 = shl i32 %k_assign_3, 4" [src/honeybee.c:80->src/honeybee.c:132]   --->   Operation 119 'shl' 'shl_ln80_10' <Predicate = (tmp_45_3)> <Delay = 0.00>
ST_18 : Operation 120 [1/1] (0.00ns) (grouped into LUT with out node add_ln80_16)   --->   "%or_ln80_3 = or i32 %shl_ln80_9, 3" [src/honeybee.c:80->src/honeybee.c:132]   --->   Operation 120 'or' 'or_ln80_3' <Predicate = (tmp_45_3)> <Delay = 0.00>
ST_18 : Operation 121 [1/1] (1.89ns) (out node of the LUT)   --->   "%add_ln80_16 = add i32 %or_ln80_3, %shl_ln80_10" [src/honeybee.c:80->src/honeybee.c:132]   --->   Operation 121 'add' 'add_ln80_16' <Predicate = (tmp_45_3)> <Delay = 1.89> <Core = "AddSub">   --->   Core 14 'AddSub' <Latency = 0> <II = 1> <Delay = 0.76> <FuncUnit> <Opcode : 'add' 'sub'> <InPorts = 2> <OutPorts = 1>
ST_18 : Operation 122 [1/1] (0.00ns) (grouped into LUT with out node or_ln133_3)   --->   "%zext_ln132_3 = zext i32 %add_ln80_16 to i64" [src/honeybee.c:132]   --->   Operation 122 'zext' 'zext_ln132_3' <Predicate = (tmp_45_3)> <Delay = 0.00>
ST_18 : Operation 123 [1/1] (0.00ns) (grouped into LUT with out node or_ln133_3)   --->   "%shl_ln132_3 = shl i64 1, %zext_ln132_3" [src/honeybee.c:132]   --->   Operation 123 'shl' 'shl_ln132_3' <Predicate = (tmp_45_3)> <Delay = 0.00> <Core = "Shift">   --->   Core 28 'Shift' <Latency = 0> <II = 1> <Delay = 2.93> <FuncUnit> <Opcode : 'shl' 'lshr' 'ashr'> <InPorts = 2> <OutPorts = 1>
ST_18 : Operation 124 [1/1] (0.00ns) (grouped into LUT with out node add_ln80_17)   --->   "%or_ln80_4 = or i32 %shl_ln80_9, 2" [src/honeybee.c:80->src/honeybee.c:133]   --->   Operation 124 'or' 'or_ln80_4' <Predicate = (tmp_45_3)> <Delay = 0.00>
ST_18 : Operation 125 [1/1] (1.89ns) (out node of the LUT)   --->   "%add_ln80_17 = add i32 %or_ln80_4, %shl_ln80_10" [src/honeybee.c:80->src/honeybee.c:133]   --->   Operation 125 'add' 'add_ln80_17' <Predicate = (tmp_45_3)> <Delay = 1.89> <Core = "AddSub">   --->   Core 14 'AddSub' <Latency = 0> <II = 1> <Delay = 0.76> <FuncUnit> <Opcode : 'add' 'sub'> <InPorts = 2> <OutPorts = 1>
ST_18 : Operation 126 [1/1] (0.00ns) (grouped into LUT with out node or_ln133_3)   --->   "%zext_ln133_3 = zext i32 %add_ln80_17 to i64" [src/honeybee.c:133]   --->   Operation 126 'zext' 'zext_ln133_3' <Predicate = (tmp_45_3)> <Delay = 0.00>
ST_18 : Operation 127 [1/1] (0.00ns) (grouped into LUT with out node or_ln133_3)   --->   "%shl_ln133_3 = shl i64 1, %zext_ln133_3" [src/honeybee.c:133]   --->   Operation 127 'shl' 'shl_ln133_3' <Predicate = (tmp_45_3)> <Delay = 0.00> <Core = "Shift">   --->   Core 28 'Shift' <Latency = 0> <II = 1> <Delay = 2.93> <FuncUnit> <Opcode : 'shl' 'lshr' 'ashr'> <InPorts = 2> <OutPorts = 1>
ST_18 : Operation 128 [1/1] (2.93ns) (out node of the LUT)   --->   "%or_ln133_3 = or i64 %shl_ln133_3, %shl_ln132_3" [src/honeybee.c:133]   --->   Operation 128 'or' 'or_ln133_3' <Predicate = (tmp_45_3)> <Delay = 2.93> <Core = "LogicGate">   --->   Core 27 'LogicGate' <Latency = 0> <II = 1> <Delay = 0.80> <FuncUnit> <Opcode : 'and' 'or' 'xor'> <InPorts = 2> <OutPorts = 1>
ST_18 : Operation 129 [1/1] (0.00ns)   --->   "%collisions_addr_8 = getelementptr inbounds [4 x i64]* %collisions, i64 0, i64 3" [src/honeybee.c:133]   --->   Operation 129 'getelementptr' 'collisions_addr_8' <Predicate = (tmp_45_3)> <Delay = 0.00>
ST_18 : Operation 130 [1/1] (1.75ns)   --->   "store i64 %or_ln133_3, i64* %collisions_addr_8, align 8" [src/honeybee.c:133]   --->   Operation 130 'store' <Predicate = (tmp_45_3)> <Delay = 1.75> <Core = "RAM">   --->   Core 37 'RAM' <Latency = 1> <II = 1> <Delay = 1.75> <Storage> <Opcode : 'load' 'store'> <Ports = 2> <Width = 64> <Depth = 4> <RAM>
ST_18 : Operation 131 [1/1] (0.00ns)   --->   "br label %._crit_edge22.3" [src/honeybee.c:134]   --->   Operation 131 'br' <Predicate = (tmp_45_3)> <Delay = 0.00>
ST_18 : Operation 132 [1/1] (0.46ns)   --->   "br label %.preheader" [src/honeybee.c:138]   --->   Operation 132 'br' <Predicate = true> <Delay = 0.46>

State 19 <SV = 18> <Delay = 1.75>
ST_19 : Operation 133 [1/1] (0.00ns)   --->   "%returnCollisions_0 = phi i64 [ %returnCollisions, %5 ], [ 0, %._crit_edge22.3 ]"   --->   Operation 133 'phi' 'returnCollisions_0' <Predicate = true> <Delay = 0.00>
ST_19 : Operation 134 [1/1] (0.00ns)   --->   "%i_1 = phi i3 [ %i, %5 ], [ 0, %._crit_edge22.3 ]"   --->   Operation 134 'phi' 'i_1' <Predicate = true> <Delay = 0.00>
ST_19 : Operation 135 [1/1] (0.98ns)   --->   "%icmp_ln138 = icmp eq i3 %i_1, -4" [src/honeybee.c:138]   --->   Operation 135 'icmp' 'icmp_ln138' <Predicate = true> <Delay = 0.98> <Core = "Cmp">   --->   Core 25 'Cmp' <Latency = 0> <II = 1> <Delay = 0.98> <FuncUnit> <Opcode : 'icmp'> <InPorts = 2> <OutPorts = 1>
ST_19 : Operation 136 [1/1] (0.00ns)   --->   "%empty_9 = call i32 (...)* @_ssdm_op_SpecLoopTripCount(i64 4, i64 4, i64 4)"   --->   Operation 136 'speclooptripcount' 'empty_9' <Predicate = true> <Delay = 0.00>
ST_19 : Operation 137 [1/1] (0.76ns)   --->   "%i = add i3 %i_1, 1" [src/honeybee.c:138]   --->   Operation 137 'add' 'i' <Predicate = true> <Delay = 0.76> <Core = "AddSub">   --->   Core 14 'AddSub' <Latency = 0> <II = 1> <Delay = 0.76> <FuncUnit> <Opcode : 'add' 'sub'> <InPorts = 2> <OutPorts = 1>
ST_19 : Operation 138 [1/1] (0.00ns)   --->   "br i1 %icmp_ln138, label %6, label %5" [src/honeybee.c:138]   --->   Operation 138 'br' <Predicate = true> <Delay = 0.00>
ST_19 : Operation 139 [1/1] (0.00ns)   --->   "%zext_ln139 = zext i3 %i_1 to i64" [src/honeybee.c:139]   --->   Operation 139 'zext' 'zext_ln139' <Predicate = (!icmp_ln138)> <Delay = 0.00>
ST_19 : Operation 140 [1/1] (0.00ns)   --->   "%collisions_addr_2 = getelementptr inbounds [4 x i64]* %collisions, i64 0, i64 %zext_ln139" [src/honeybee.c:139]   --->   Operation 140 'getelementptr' 'collisions_addr_2' <Predicate = (!icmp_ln138)> <Delay = 0.00>
ST_19 : Operation 141 [2/2] (1.75ns)   --->   "%collisions_load = load i64* %collisions_addr_2, align 8" [src/honeybee.c:139]   --->   Operation 141 'load' 'collisions_load' <Predicate = (!icmp_ln138)> <Delay = 1.75> <Core = "RAM">   --->   Core 37 'RAM' <Latency = 1> <II = 1> <Delay = 1.75> <Storage> <Opcode : 'load' 'store'> <Ports = 2> <Width = 64> <Depth = 4> <RAM>
ST_19 : Operation 142 [1/1] (0.00ns)   --->   "ret i64 %returnCollisions_0" [src/honeybee.c:141]   --->   Operation 142 'ret' <Predicate = (icmp_ln138)> <Delay = 0.00>

State 20 <SV = 19> <Delay = 2.56>
ST_20 : Operation 143 [1/2] (1.75ns)   --->   "%collisions_load = load i64* %collisions_addr_2, align 8" [src/honeybee.c:139]   --->   Operation 143 'load' 'collisions_load' <Predicate = true> <Delay = 1.75> <Core = "RAM">   --->   Core 37 'RAM' <Latency = 1> <II = 1> <Delay = 1.75> <Storage> <Opcode : 'load' 'store'> <Ports = 2> <Width = 64> <Depth = 4> <RAM>
ST_20 : Operation 144 [1/1] (0.80ns)   --->   "%returnCollisions = or i64 %collisions_load, %returnCollisions_0" [src/honeybee.c:139]   --->   Operation 144 'or' 'returnCollisions' <Predicate = true> <Delay = 0.80> <Core = "LogicGate">   --->   Core 27 'LogicGate' <Latency = 0> <II = 1> <Delay = 0.80> <FuncUnit> <Opcode : 'and' 'or' 'xor'> <InPorts = 2> <OutPorts = 1>
ST_20 : Operation 145 [1/1] (0.00ns)   --->   "br label %.preheader" [src/honeybee.c:138]   --->   Operation 145 'br' <Predicate = true> <Delay = 0.00>


============================================================
+ Verbose Summary: Timing violations
============================================================
Target clock period: 10ns, clock uncertainty: 1.25ns.

 <State 1>: 0.466ns
The critical path consists of the following:
	multiplexor before 'phi' operation ('phi_ln84', src/honeybee.c:84) with incoming values : ('add_ln84', src/honeybee.c:84) [16]  (0.466 ns)

 <State 2>: 8.75ns
The critical path consists of the following:
	'call' operation ('call_ret', src/honeybee.c:127) to 'lineIntersectsPlane' [26]  (8.75 ns)

 <State 3>: 8.59ns
The critical path consists of the following:
	'call' operation ('call_ret', src/honeybee.c:127) to 'lineIntersectsPlane' [26]  (8.59 ns)

 <State 4>: 5.28ns
The critical path consists of the following:
	'call' operation ('tmp_s', src/honeybee.c:130) to 'pointOnSegment' [30]  (5.28 ns)

 <State 5>: 8.58ns
The critical path consists of the following:
	'call' operation ('j', src/honeybee.c:132) to '__hls_fptosi_float_i' [33]  (8.58 ns)

 <State 6>: 8.75ns
The critical path consists of the following:
	'call' operation ('call_ret_1', src/honeybee.c:127) to 'lineIntersectsPlane' [49]  (8.75 ns)

 <State 7>: 8.59ns
The critical path consists of the following:
	'call' operation ('call_ret_1', src/honeybee.c:127) to 'lineIntersectsPlane' [49]  (8.59 ns)

 <State 8>: 5.28ns
The critical path consists of the following:
	'call' operation ('tmp_45_1', src/honeybee.c:130) to 'pointOnSegment' [53]  (5.28 ns)

 <State 9>: 8.58ns
The critical path consists of the following:
	'call' operation ('j', src/honeybee.c:132) to '__hls_fptosi_float_i' [56]  (8.58 ns)

 <State 10>: 8.75ns
The critical path consists of the following:
	'call' operation ('call_ret_2', src/honeybee.c:127) to 'lineIntersectsPlane' [72]  (8.75 ns)

 <State 11>: 8.59ns
The critical path consists of the following:
	'call' operation ('call_ret_2', src/honeybee.c:127) to 'lineIntersectsPlane' [72]  (8.59 ns)

 <State 12>: 5.28ns
The critical path consists of the following:
	'call' operation ('tmp_45_2', src/honeybee.c:130) to 'pointOnSegment' [76]  (5.28 ns)

 <State 13>: 8.58ns
The critical path consists of the following:
	'call' operation ('j', src/honeybee.c:132) to '__hls_fptosi_float_i' [79]  (8.58 ns)

 <State 14>: 8.75ns
The critical path consists of the following:
	'call' operation ('call_ret_3', src/honeybee.c:127) to 'lineIntersectsPlane' [96]  (8.75 ns)

 <State 15>: 8.59ns
The critical path consists of the following:
	'call' operation ('call_ret_3', src/honeybee.c:127) to 'lineIntersectsPlane' [96]  (8.59 ns)

 <State 16>: 5.28ns
The critical path consists of the following:
	'call' operation ('tmp_45_3', src/honeybee.c:130) to 'pointOnSegment' [100]  (5.28 ns)

 <State 17>: 8.58ns
The critical path consists of the following:
	'call' operation ('j', src/honeybee.c:132) to '__hls_fptosi_float_i' [103]  (8.58 ns)

 <State 18>: 6.59ns
The critical path consists of the following:
	'shl' operation ('shl_ln80_9', src/honeybee.c:80->src/honeybee.c:132) [105]  (0 ns)
	'or' operation ('or_ln80_3', src/honeybee.c:80->src/honeybee.c:132) [107]  (0 ns)
	'add' operation ('add_ln80_16', src/honeybee.c:80->src/honeybee.c:132) [108]  (1.9 ns)
	'shl' operation ('shl_ln132_3', src/honeybee.c:132) [110]  (0 ns)
	'or' operation ('or_ln133_3', src/honeybee.c:133) [115]  (2.94 ns)
	'store' operation ('store_ln133', src/honeybee.c:133) of variable 'or_ln133_3', src/honeybee.c:133 on array 'collisions', src/honeybee.c:84 [117]  (1.75 ns)

 <State 19>: 1.75ns
The critical path consists of the following:
	'phi' operation ('i') with incoming values : ('i', src/honeybee.c:138) [123]  (0 ns)
	'getelementptr' operation ('collisions_addr_2', src/honeybee.c:139) [130]  (0 ns)
	'load' operation ('collisions_load', src/honeybee.c:139) on array 'collisions', src/honeybee.c:84 [131]  (1.75 ns)

 <State 20>: 2.56ns
The critical path consists of the following:
	'load' operation ('collisions_load', src/honeybee.c:139) on array 'collisions', src/honeybee.c:84 [131]  (1.75 ns)
	'or' operation ('returnCollisions', src/honeybee.c:139) [132]  (0.806 ns)


============================================================
+ Verbose Summary: Binding
============================================================
N/A
* FSMD analyzer results:
  - Output states:
 - Input state : 
  - Chain level:
	State 1
	State 2
	State 3
	State 4
	State 5
	State 6
	State 7
	State 8
	State 9
	State 10
	State 11
	State 12
	State 13
	State 14
	State 15
	State 16
	State 17
	State 18
	State 19
	State 20


============================================================
+ Verbose Summary: Datapath Resource usage 
============================================================
N/A
