

================================================================
== Vivado HLS Report for 'checkAxis_2'
================================================================
* Date:           Sun Mar 29 21:05:04 2020

* Version:        2019.2 (Build 2704478 on Wed Nov 06 22:10:23 MST 2019)
* Project:        honeybee_proj
* Solution:       HBF
* Product family: zynq
* Target device:  xc7z030i-fbg484-2L


================================================================
== Performance Estimates
================================================================
+ Timing: 
    * Summary: 
    +--------+----------+----------+------------+
    |  Clock |  Target  | Estimated| Uncertainty|
    +--------+----------+----------+------------+
    |ap_clk  | 10.00 ns | 9.478 ns |   1.25 ns  |
    +--------+----------+----------+------------+

+ Latency: 
    * Summary: 
    +---------+---------+----------+----------+-----+-----+---------+
    |  Latency (cycles) |  Latency (absolute) |  Interval | Pipeline|
    |   min   |   max   |    min   |    max   | min | max |   Type  |
    +---------+---------+----------+----------+-----+-----+---------+
    |      213|      213| 2.130 us | 2.130 us |  213|  213|   none  |
    +---------+---------+----------+----------+-----+-----+---------+

    + Detail: 
        * Instance: 
        N/A

        * Loop: 
        +---------------------+---------+---------+----------+-----------+-----------+------+----------+
        |                     |  Latency (cycles) | Iteration|  Initiation Interval  | Trip |          |
        |      Loop Name      |   min   |   max   |  Latency |  achieved |   target  | Count| Pipelined|
        +---------------------+---------+---------+----------+-----------+-----------+------+----------+
        |- memset_collisions  |        3|        3|         1|          -|          -|     4|    no    |
        |- Loop 2             |        4|        4|         1|          -|          -|     4|    no    |
        +---------------------+---------+---------+----------+-----------+-----------+------+----------+

============================================================
+ Verbose Summary: Synthesis Manager
============================================================
InlineROM: 1
ExposeGlobal: 0
============================================================
+ Verbose Summary: CDFG Model
============================================================
IsTopModel: 0
ResetActiveHigh: 1
IsCombinational: 0
IsDatapathOnly: 0
HasWiredReturn: 1
HasMFsm: 0
HasVarLatency: 1
IsPipeline: 0
IsRtlPipelined: 0
IsInstanceOverlapped: 0
IsDontTouch: 0
HasImplIP: 0
IsGatedGlobalClock: 0


============================================================
+ Verbose Summary: Schedule
============================================================
* Number of FSM states : 19
* Pipeline : 0
* Dataflow Pipeline: 0

* FSM state transitions: 
1 --> 2 
2 --> 2 3 
3 --> 4 
4 --> 5 
5 --> 6 
6 --> 7 
7 --> 8 
8 --> 9 
9 --> 10 
10 --> 11 
11 --> 12 
12 --> 13 
13 --> 14 
14 --> 15 
15 --> 16 
16 --> 17 
17 --> 18 
18 --> 19 
19 --> 19 

* FSM state operations: 

State 1 <SV = 0> <Delay = 0.46>
ST_1 : Operation 20 [1/1] (0.00ns)   --->   "%collisions_load_1_075 = alloca i64"   --->   Operation 20 'alloca' 'collisions_load_1_075' <Predicate = true> <Delay = 0.00>
ST_1 : Operation 21 [1/1] (0.00ns)   --->   "%collisions_load_1_177 = alloca i64"   --->   Operation 21 'alloca' 'collisions_load_1_177' <Predicate = true> <Delay = 0.00>
ST_1 : Operation 22 [1/1] (0.00ns)   --->   "%collisions_load_1_279 = alloca i64"   --->   Operation 22 'alloca' 'collisions_load_1_279' <Predicate = true> <Delay = 0.00>
ST_1 : Operation 23 [1/1] (0.00ns)   --->   "%collisions_load_1_381 = alloca i64"   --->   Operation 23 'alloca' 'collisions_load_1_381' <Predicate = true> <Delay = 0.00>
ST_1 : Operation 24 [1/1] (0.00ns)   --->   "%collisions_0_0 = alloca i64"   --->   Operation 24 'alloca' 'collisions_0_0' <Predicate = true> <Delay = 0.00>
ST_1 : Operation 25 [1/1] (0.00ns)   --->   "%collisions_1_0 = alloca i64"   --->   Operation 25 'alloca' 'collisions_1_0' <Predicate = true> <Delay = 0.00>
ST_1 : Operation 26 [1/1] (0.00ns)   --->   "%collisions_2_0 = alloca i64"   --->   Operation 26 'alloca' 'collisions_2_0' <Predicate = true> <Delay = 0.00>
ST_1 : Operation 27 [1/1] (0.00ns)   --->   "%collisions_3_0 = alloca i64"   --->   Operation 27 'alloca' 'collisions_3_0' <Predicate = true> <Delay = 0.00>
ST_1 : Operation 28 [1/1] (0.00ns)   --->   "%edge_p2_z_read = call float @_ssdm_op_Read.ap_auto.float(float %edge_p2_z)"   --->   Operation 28 'read' 'edge_p2_z_read' <Predicate = true> <Delay = 0.00>
ST_1 : Operation 29 [1/1] (0.00ns)   --->   "%edge_p2_y_read = call float @_ssdm_op_Read.ap_auto.float(float %edge_p2_y)"   --->   Operation 29 'read' 'edge_p2_y_read' <Predicate = true> <Delay = 0.00>
ST_1 : Operation 30 [1/1] (0.00ns)   --->   "%edge_p2_x_read = call float @_ssdm_op_Read.ap_auto.float(float %edge_p2_x)"   --->   Operation 30 'read' 'edge_p2_x_read' <Predicate = true> <Delay = 0.00>
ST_1 : Operation 31 [1/1] (0.00ns)   --->   "%edge_p1_z_read = call float @_ssdm_op_Read.ap_auto.float(float %edge_p1_z)"   --->   Operation 31 'read' 'edge_p1_z_read' <Predicate = true> <Delay = 0.00>
ST_1 : Operation 32 [1/1] (0.00ns)   --->   "%edge_p1_y_read = call float @_ssdm_op_Read.ap_auto.float(float %edge_p1_y)"   --->   Operation 32 'read' 'edge_p1_y_read' <Predicate = true> <Delay = 0.00>
ST_1 : Operation 33 [1/1] (0.00ns)   --->   "%edge_p1_x_read = call float @_ssdm_op_Read.ap_auto.float(float %edge_p1_x)"   --->   Operation 33 'read' 'edge_p1_x_read' <Predicate = true> <Delay = 0.00>
ST_1 : Operation 34 [1/1] (0.46ns)   --->   "br label %meminst_ifconv"   --->   Operation 34 'br' <Predicate = true> <Delay = 0.46>

State 2 <SV = 1> <Delay = 8.75>
ST_2 : Operation 35 [1/1] (0.00ns)   --->   "%phi_ln84 = phi i2 [ 0, %0 ], [ %add_ln84, %meminst_ifconv ]" [src/honeybee.c:84]   --->   Operation 35 'phi' 'phi_ln84' <Predicate = true> <Delay = 0.00>
ST_2 : Operation 36 [1/1] (0.00ns)   --->   "%collisions_load = load i64* %collisions_load_1_075" [src/honeybee.c:84]   --->   Operation 36 'load' 'collisions_load' <Predicate = true> <Delay = 0.00>
ST_2 : Operation 37 [1/1] (0.00ns)   --->   "%collisions_load_1 = load i64* %collisions_load_1_177" [src/honeybee.c:84]   --->   Operation 37 'load' 'collisions_load_1' <Predicate = true> <Delay = 0.00>
ST_2 : Operation 38 [1/1] (0.00ns)   --->   "%collisions_load_2 = load i64* %collisions_load_1_279" [src/honeybee.c:84]   --->   Operation 38 'load' 'collisions_load_2' <Predicate = true> <Delay = 0.00>
ST_2 : Operation 39 [1/1] (0.00ns)   --->   "%collisions_load_3 = load i64* %collisions_load_1_381" [src/honeybee.c:84]   --->   Operation 39 'load' 'collisions_load_3' <Predicate = true> <Delay = 0.00>
ST_2 : Operation 40 [1/1] (0.00ns)   --->   "%collisions_0_0_load = load i64* %collisions_0_0" [src/honeybee.c:84]   --->   Operation 40 'load' 'collisions_0_0_load' <Predicate = true> <Delay = 0.00>
ST_2 : Operation 41 [1/1] (0.00ns)   --->   "%collisions_1_0_load = load i64* %collisions_1_0" [src/honeybee.c:84]   --->   Operation 41 'load' 'collisions_1_0_load' <Predicate = true> <Delay = 0.00>
ST_2 : Operation 42 [1/1] (0.00ns)   --->   "%collisions_2_0_load = load i64* %collisions_2_0" [src/honeybee.c:84]   --->   Operation 42 'load' 'collisions_2_0_load' <Predicate = true> <Delay = 0.00>
ST_2 : Operation 43 [1/1] (0.00ns)   --->   "%collisions_3_0_load = load i64* %collisions_3_0" [src/honeybee.c:84]   --->   Operation 43 'load' 'collisions_3_0_load' <Predicate = true> <Delay = 0.00>
ST_2 : Operation 44 [1/1] (0.63ns)   --->   "%add_ln84 = add i2 %phi_ln84, 1" [src/honeybee.c:84]   --->   Operation 44 'add' 'add_ln84' <Predicate = true> <Delay = 0.63> <Core = "AddSub">   --->   Core 14 'AddSub' <Latency = 0> <II = 1> <Delay = 0.76> <FuncUnit> <Opcode : 'add' 'sub'> <InPorts = 2> <OutPorts = 1>
ST_2 : Operation 45 [1/1] (0.50ns)   --->   "%icmp_ln84_1 = icmp eq i2 %phi_ln84, -2" [src/honeybee.c:84]   --->   Operation 45 'icmp' 'icmp_ln84_1' <Predicate = true> <Delay = 0.50> <Core = "Cmp">   --->   Core 25 'Cmp' <Latency = 0> <II = 1> <Delay = 0.98> <FuncUnit> <Opcode : 'icmp'> <InPorts = 2> <OutPorts = 1>
ST_2 : Operation 46 [1/1] (0.00ns) (grouped into LUT with out node select_ln84_2)   --->   "%select_ln84 = select i1 %icmp_ln84_1, i64 %collisions_3_0_load, i64 0" [src/honeybee.c:84]   --->   Operation 46 'select' 'select_ln84' <Predicate = true> <Delay = 0.00> <Core = "Sel">   --->   Core 26 'Sel' <Latency = 0> <II = 1> <Delay = 1.17> <FuncUnit> <Opcode : 'select'> <InPorts = 3> <OutPorts = 1>
ST_2 : Operation 47 [1/1] (0.50ns)   --->   "%icmp_ln84_2 = icmp eq i2 %phi_ln84, 1" [src/honeybee.c:84]   --->   Operation 47 'icmp' 'icmp_ln84_2' <Predicate = true> <Delay = 0.50> <Core = "Cmp">   --->   Core 25 'Cmp' <Latency = 0> <II = 1> <Delay = 0.98> <FuncUnit> <Opcode : 'icmp'> <InPorts = 2> <OutPorts = 1>
ST_2 : Operation 48 [1/1] (0.00ns) (grouped into LUT with out node select_ln84_2)   --->   "%select_ln84_1 = select i1 %icmp_ln84_2, i64 %collisions_3_0_load, i64 %select_ln84" [src/honeybee.c:84]   --->   Operation 48 'select' 'select_ln84_1' <Predicate = true> <Delay = 0.00> <Core = "Sel">   --->   Core 26 'Sel' <Latency = 0> <II = 1> <Delay = 1.17> <FuncUnit> <Opcode : 'select'> <InPorts = 3> <OutPorts = 1>
ST_2 : Operation 49 [1/1] (0.50ns)   --->   "%icmp_ln84_3 = icmp eq i2 %phi_ln84, 0" [src/honeybee.c:84]   --->   Operation 49 'icmp' 'icmp_ln84_3' <Predicate = true> <Delay = 0.50> <Core = "Cmp">   --->   Core 25 'Cmp' <Latency = 0> <II = 1> <Delay = 0.98> <FuncUnit> <Opcode : 'icmp'> <InPorts = 2> <OutPorts = 1>
ST_2 : Operation 50 [1/1] (1.17ns) (out node of the LUT)   --->   "%select_ln84_2 = select i1 %icmp_ln84_3, i64 %collisions_3_0_load, i64 %select_ln84_1" [src/honeybee.c:84]   --->   Operation 50 'select' 'select_ln84_2' <Predicate = true> <Delay = 1.17> <Core = "Sel">   --->   Core 26 'Sel' <Latency = 0> <II = 1> <Delay = 1.17> <FuncUnit> <Opcode : 'select'> <InPorts = 3> <OutPorts = 1>
ST_2 : Operation 51 [1/1] (0.00ns) (grouped into LUT with out node select_ln84_5)   --->   "%select_ln84_3 = select i1 %icmp_ln84_1, i64 0, i64 %collisions_2_0_load" [src/honeybee.c:84]   --->   Operation 51 'select' 'select_ln84_3' <Predicate = true> <Delay = 0.00> <Core = "Sel">   --->   Core 26 'Sel' <Latency = 0> <II = 1> <Delay = 1.17> <FuncUnit> <Opcode : 'select'> <InPorts = 3> <OutPorts = 1>
ST_2 : Operation 52 [1/1] (0.00ns) (grouped into LUT with out node select_ln84_5)   --->   "%select_ln84_4 = select i1 %icmp_ln84_2, i64 %collisions_2_0_load, i64 %select_ln84_3" [src/honeybee.c:84]   --->   Operation 52 'select' 'select_ln84_4' <Predicate = true> <Delay = 0.00> <Core = "Sel">   --->   Core 26 'Sel' <Latency = 0> <II = 1> <Delay = 1.17> <FuncUnit> <Opcode : 'select'> <InPorts = 3> <OutPorts = 1>
ST_2 : Operation 53 [1/1] (1.17ns) (out node of the LUT)   --->   "%select_ln84_5 = select i1 %icmp_ln84_3, i64 %collisions_2_0_load, i64 %select_ln84_4" [src/honeybee.c:84]   --->   Operation 53 'select' 'select_ln84_5' <Predicate = true> <Delay = 1.17> <Core = "Sel">   --->   Core 26 'Sel' <Latency = 0> <II = 1> <Delay = 1.17> <FuncUnit> <Opcode : 'select'> <InPorts = 3> <OutPorts = 1>
ST_2 : Operation 54 [1/1] (0.00ns) (grouped into LUT with out node select_ln84_7)   --->   "%select_ln84_6 = select i1 %icmp_ln84_2, i64 0, i64 %collisions_1_0_load" [src/honeybee.c:84]   --->   Operation 54 'select' 'select_ln84_6' <Predicate = true> <Delay = 0.00> <Core = "Sel">   --->   Core 26 'Sel' <Latency = 0> <II = 1> <Delay = 1.17> <FuncUnit> <Opcode : 'select'> <InPorts = 3> <OutPorts = 1>
ST_2 : Operation 55 [1/1] (1.17ns) (out node of the LUT)   --->   "%select_ln84_7 = select i1 %icmp_ln84_3, i64 %collisions_1_0_load, i64 %select_ln84_6" [src/honeybee.c:84]   --->   Operation 55 'select' 'select_ln84_7' <Predicate = true> <Delay = 1.17> <Core = "Sel">   --->   Core 26 'Sel' <Latency = 0> <II = 1> <Delay = 1.17> <FuncUnit> <Opcode : 'select'> <InPorts = 3> <OutPorts = 1>
ST_2 : Operation 56 [1/1] (1.17ns)   --->   "%select_ln84_8 = select i1 %icmp_ln84_3, i64 0, i64 %collisions_0_0_load" [src/honeybee.c:84]   --->   Operation 56 'select' 'select_ln84_8' <Predicate = true> <Delay = 1.17> <Core = "Sel">   --->   Core 26 'Sel' <Latency = 0> <II = 1> <Delay = 1.17> <FuncUnit> <Opcode : 'select'> <InPorts = 3> <OutPorts = 1>
ST_2 : Operation 57 [1/1] (0.00ns) (grouped into LUT with out node select_ln84_11)   --->   "%select_ln84_9 = select i1 %icmp_ln84_1, i64 %collisions_load_3, i64 0" [src/honeybee.c:84]   --->   Operation 57 'select' 'select_ln84_9' <Predicate = true> <Delay = 0.00> <Core = "Sel">   --->   Core 26 'Sel' <Latency = 0> <II = 1> <Delay = 1.17> <FuncUnit> <Opcode : 'select'> <InPorts = 3> <OutPorts = 1>
ST_2 : Operation 58 [1/1] (0.00ns) (grouped into LUT with out node select_ln84_11)   --->   "%select_ln84_10 = select i1 %icmp_ln84_2, i64 %collisions_load_3, i64 %select_ln84_9" [src/honeybee.c:84]   --->   Operation 58 'select' 'select_ln84_10' <Predicate = true> <Delay = 0.00> <Core = "Sel">   --->   Core 26 'Sel' <Latency = 0> <II = 1> <Delay = 1.17> <FuncUnit> <Opcode : 'select'> <InPorts = 3> <OutPorts = 1>
ST_2 : Operation 59 [1/1] (1.17ns) (out node of the LUT)   --->   "%select_ln84_11 = select i1 %icmp_ln84_3, i64 %collisions_load_3, i64 %select_ln84_10" [src/honeybee.c:84]   --->   Operation 59 'select' 'select_ln84_11' <Predicate = true> <Delay = 1.17> <Core = "Sel">   --->   Core 26 'Sel' <Latency = 0> <II = 1> <Delay = 1.17> <FuncUnit> <Opcode : 'select'> <InPorts = 3> <OutPorts = 1>
ST_2 : Operation 60 [1/1] (0.00ns) (grouped into LUT with out node select_ln84_14)   --->   "%select_ln84_12 = select i1 %icmp_ln84_1, i64 0, i64 %collisions_load_2" [src/honeybee.c:84]   --->   Operation 60 'select' 'select_ln84_12' <Predicate = true> <Delay = 0.00> <Core = "Sel">   --->   Core 26 'Sel' <Latency = 0> <II = 1> <Delay = 1.17> <FuncUnit> <Opcode : 'select'> <InPorts = 3> <OutPorts = 1>
ST_2 : Operation 61 [1/1] (0.00ns) (grouped into LUT with out node select_ln84_14)   --->   "%select_ln84_13 = select i1 %icmp_ln84_2, i64 %collisions_load_2, i64 %select_ln84_12" [src/honeybee.c:84]   --->   Operation 61 'select' 'select_ln84_13' <Predicate = true> <Delay = 0.00> <Core = "Sel">   --->   Core 26 'Sel' <Latency = 0> <II = 1> <Delay = 1.17> <FuncUnit> <Opcode : 'select'> <InPorts = 3> <OutPorts = 1>
ST_2 : Operation 62 [1/1] (1.17ns) (out node of the LUT)   --->   "%select_ln84_14 = select i1 %icmp_ln84_3, i64 %collisions_load_2, i64 %select_ln84_13" [src/honeybee.c:84]   --->   Operation 62 'select' 'select_ln84_14' <Predicate = true> <Delay = 1.17> <Core = "Sel">   --->   Core 26 'Sel' <Latency = 0> <II = 1> <Delay = 1.17> <FuncUnit> <Opcode : 'select'> <InPorts = 3> <OutPorts = 1>
ST_2 : Operation 63 [1/1] (0.00ns) (grouped into LUT with out node select_ln84_16)   --->   "%select_ln84_15 = select i1 %icmp_ln84_2, i64 0, i64 %collisions_load_1" [src/honeybee.c:84]   --->   Operation 63 'select' 'select_ln84_15' <Predicate = true> <Delay = 0.00> <Core = "Sel">   --->   Core 26 'Sel' <Latency = 0> <II = 1> <Delay = 1.17> <FuncUnit> <Opcode : 'select'> <InPorts = 3> <OutPorts = 1>
ST_2 : Operation 64 [1/1] (1.17ns) (out node of the LUT)   --->   "%select_ln84_16 = select i1 %icmp_ln84_3, i64 %collisions_load_1, i64 %select_ln84_15" [src/honeybee.c:84]   --->   Operation 64 'select' 'select_ln84_16' <Predicate = true> <Delay = 1.17> <Core = "Sel">   --->   Core 26 'Sel' <Latency = 0> <II = 1> <Delay = 1.17> <FuncUnit> <Opcode : 'select'> <InPorts = 3> <OutPorts = 1>
ST_2 : Operation 65 [1/1] (1.17ns)   --->   "%select_ln84_17 = select i1 %icmp_ln84_3, i64 0, i64 %collisions_load" [src/honeybee.c:84]   --->   Operation 65 'select' 'select_ln84_17' <Predicate = true> <Delay = 1.17> <Core = "Sel">   --->   Core 26 'Sel' <Latency = 0> <II = 1> <Delay = 1.17> <FuncUnit> <Opcode : 'select'> <InPorts = 3> <OutPorts = 1>
ST_2 : Operation 66 [1/1] (0.50ns)   --->   "%icmp_ln84 = icmp eq i2 %phi_ln84, -1" [src/honeybee.c:84]   --->   Operation 66 'icmp' 'icmp_ln84' <Predicate = true> <Delay = 0.50> <Core = "Cmp">   --->   Core 25 'Cmp' <Latency = 0> <II = 1> <Delay = 0.98> <FuncUnit> <Opcode : 'icmp'> <InPorts = 2> <OutPorts = 1>
ST_2 : Operation 67 [1/1] (0.00ns)   --->   "call void (...)* @_ssdm_op_SpecLoopName([18 x i8]* @memset_collisions_st)"   --->   Operation 67 'specloopname' <Predicate = true> <Delay = 0.00>
ST_2 : Operation 68 [1/1] (0.00ns)   --->   "%empty = call i32 (...)* @_ssdm_op_SpecLoopTripCount(i64 4, i64 4, i64 4)"   --->   Operation 68 'speclooptripcount' 'empty' <Predicate = true> <Delay = 0.00>
ST_2 : Operation 69 [1/1] (0.00ns)   --->   "store i64 %select_ln84_2, i64* %collisions_3_0" [src/honeybee.c:84]   --->   Operation 69 'store' <Predicate = true> <Delay = 0.00>
ST_2 : Operation 70 [1/1] (0.00ns)   --->   "store i64 %select_ln84_5, i64* %collisions_2_0" [src/honeybee.c:84]   --->   Operation 70 'store' <Predicate = true> <Delay = 0.00>
ST_2 : Operation 71 [1/1] (0.00ns)   --->   "store i64 %select_ln84_7, i64* %collisions_1_0" [src/honeybee.c:84]   --->   Operation 71 'store' <Predicate = true> <Delay = 0.00>
ST_2 : Operation 72 [1/1] (0.00ns)   --->   "store i64 %select_ln84_8, i64* %collisions_0_0" [src/honeybee.c:84]   --->   Operation 72 'store' <Predicate = true> <Delay = 0.00>
ST_2 : Operation 73 [1/1] (0.00ns)   --->   "store i64 %select_ln84_11, i64* %collisions_load_1_381" [src/honeybee.c:84]   --->   Operation 73 'store' <Predicate = true> <Delay = 0.00>
ST_2 : Operation 74 [1/1] (0.00ns)   --->   "store i64 %select_ln84_14, i64* %collisions_load_1_279" [src/honeybee.c:84]   --->   Operation 74 'store' <Predicate = true> <Delay = 0.00>
ST_2 : Operation 75 [1/1] (0.00ns)   --->   "store i64 %select_ln84_16, i64* %collisions_load_1_177" [src/honeybee.c:84]   --->   Operation 75 'store' <Predicate = true> <Delay = 0.00>
ST_2 : Operation 76 [1/1] (0.00ns)   --->   "store i64 %select_ln84_17, i64* %collisions_load_1_075" [src/honeybee.c:84]   --->   Operation 76 'store' <Predicate = true> <Delay = 0.00>
ST_2 : Operation 77 [1/1] (0.00ns)   --->   "br i1 %icmp_ln84, label %._crit_edge, label %meminst_ifconv" [src/honeybee.c:84]   --->   Operation 77 'br' <Predicate = true> <Delay = 0.00>
ST_2 : Operation 78 [2/2] (8.75ns)   --->   "%call_ret = call fastcc { float, float, float } @lineIntersectsPlane(float %edge_p1_x_read, float %edge_p1_y_read, float %edge_p1_z_read, float %edge_p2_x_read, float %edge_p2_y_read, float %edge_p2_z_read, float 0.000000e+00)" [src/honeybee.c:105]   --->   Operation 78 'call' 'call_ret' <Predicate = (icmp_ln84)> <Delay = 8.75> <CoreType = "Generic">   --->   Core 0 '' <Latency = 0> <II = 1> <Delay = 1.00> <Generic> <Opcode : >

State 3 <SV = 2> <Delay = 8.58>
ST_3 : Operation 79 [1/2] (8.58ns)   --->   "%call_ret = call fastcc { float, float, float } @lineIntersectsPlane(float %edge_p1_x_read, float %edge_p1_y_read, float %edge_p1_z_read, float %edge_p2_x_read, float %edge_p2_y_read, float %edge_p2_z_read, float 0.000000e+00)" [src/honeybee.c:105]   --->   Operation 79 'call' 'call_ret' <Predicate = true> <Delay = 8.58> <CoreType = "Generic">   --->   Core 0 '' <Latency = 0> <II = 1> <Delay = 1.00> <Generic> <Opcode : >
ST_3 : Operation 80 [1/1] (0.00ns)   --->   "%p_0 = extractvalue { float, float, float } %call_ret, 0" [src/honeybee.c:105]   --->   Operation 80 'extractvalue' 'p_0' <Predicate = true> <Delay = 0.00>
ST_3 : Operation 81 [1/1] (0.00ns)   --->   "%p_1 = extractvalue { float, float, float } %call_ret, 1" [src/honeybee.c:105]   --->   Operation 81 'extractvalue' 'p_1' <Predicate = true> <Delay = 0.00>
ST_3 : Operation 82 [1/1] (0.00ns)   --->   "%p_2 = extractvalue { float, float, float } %call_ret, 2" [src/honeybee.c:105]   --->   Operation 82 'extractvalue' 'p_2' <Predicate = true> <Delay = 0.00>

State 4 <SV = 3> <Delay = 5.28>
ST_4 : Operation 83 [2/2] (5.28ns)   --->   "%tmp_s = call fastcc i1 @pointOnSegment(float %p_0, float %p_1, float %p_2, float %edge_p1_x_read, float %edge_p1_y_read, float %edge_p1_z_read, float %edge_p2_x_read, float %edge_p2_y_read, float %edge_p2_z_read)" [src/honeybee.c:108]   --->   Operation 83 'call' 'tmp_s' <Predicate = true> <Delay = 5.28> <CoreType = "Generic">   --->   Core 0 '' <Latency = 0> <II = 1> <Delay = 1.00> <Generic> <Opcode : >

State 5 <SV = 4> <Delay = 8.58>
ST_5 : Operation 84 [1/2] (7.39ns)   --->   "%tmp_s = call fastcc i1 @pointOnSegment(float %p_0, float %p_1, float %p_2, float %edge_p1_x_read, float %edge_p1_y_read, float %edge_p1_z_read, float %edge_p2_x_read, float %edge_p2_y_read, float %edge_p2_z_read)" [src/honeybee.c:108]   --->   Operation 84 'call' 'tmp_s' <Predicate = true> <Delay = 7.39> <CoreType = "Generic">   --->   Core 0 '' <Latency = 0> <II = 1> <Delay = 1.00> <Generic> <Opcode : >
ST_5 : Operation 85 [1/1] (0.46ns)   --->   "br i1 %tmp_s, label %1, label %._crit_edge20.0" [src/honeybee.c:108]   --->   Operation 85 'br' <Predicate = true> <Delay = 0.46>
ST_5 : Operation 86 [1/1] (8.58ns)   --->   "%i_assign = call fastcc i32 @__hls_fptosi_float_i(float %p_0)" [src/honeybee.c:109]   --->   Operation 86 'call' 'i_assign' <Predicate = (tmp_s)> <Delay = 8.58> <CoreType = "Generic">   --->   Core 0 '' <Latency = 0> <II = 1> <Delay = 1.00> <Generic> <Opcode : >
ST_5 : Operation 87 [1/1] (8.58ns)   --->   "%j_assign = call fastcc i32 @__hls_fptosi_float_i(float %p_1)" [src/honeybee.c:109]   --->   Operation 87 'call' 'j_assign' <Predicate = (tmp_s)> <Delay = 8.58> <CoreType = "Generic">   --->   Core 0 '' <Latency = 0> <II = 1> <Delay = 1.00> <Generic> <Opcode : >

State 6 <SV = 5> <Delay = 8.75>
ST_6 : Operation 88 [1/1] (0.00ns) (grouped into LUT with out node add_ln80)   --->   "%shl_ln80 = shl i32 %j_assign, 2" [src/honeybee.c:80->src/honeybee.c:109]   --->   Operation 88 'shl' 'shl_ln80' <Predicate = (tmp_s)> <Delay = 0.00>
ST_6 : Operation 89 [1/1] (1.89ns) (out node of the LUT)   --->   "%add_ln80 = add i32 %shl_ln80, %i_assign" [src/honeybee.c:80->src/honeybee.c:109]   --->   Operation 89 'add' 'add_ln80' <Predicate = (tmp_s)> <Delay = 1.89> <Core = "AddSub">   --->   Core 14 'AddSub' <Latency = 0> <II = 1> <Delay = 0.76> <FuncUnit> <Opcode : 'add' 'sub'> <InPorts = 2> <OutPorts = 1>
ST_6 : Operation 90 [1/1] (0.00ns) (grouped into LUT with out node collisions_0)   --->   "%zext_ln109 = zext i32 %add_ln80 to i64" [src/honeybee.c:109]   --->   Operation 90 'zext' 'zext_ln109' <Predicate = (tmp_s)> <Delay = 0.00>
ST_6 : Operation 91 [1/1] (0.00ns) (grouped into LUT with out node collisions_0)   --->   "%shl_ln109 = shl i64 1, %zext_ln109" [src/honeybee.c:109]   --->   Operation 91 'shl' 'shl_ln109' <Predicate = (tmp_s)> <Delay = 0.00> <Core = "Shift">   --->   Core 28 'Shift' <Latency = 0> <II = 1> <Delay = 2.93> <FuncUnit> <Opcode : 'shl' 'lshr' 'ashr'> <InPorts = 2> <OutPorts = 1>
ST_6 : Operation 92 [1/1] (1.89ns)   --->   "%add_ln80_1 = add i32 -16, %add_ln80" [src/honeybee.c:80->src/honeybee.c:110]   --->   Operation 92 'add' 'add_ln80_1' <Predicate = (tmp_s)> <Delay = 1.89> <Core = "AddSub">   --->   Core 14 'AddSub' <Latency = 0> <II = 1> <Delay = 0.76> <FuncUnit> <Opcode : 'add' 'sub'> <InPorts = 2> <OutPorts = 1>
ST_6 : Operation 93 [1/1] (0.00ns) (grouped into LUT with out node collisions_0)   --->   "%zext_ln110 = zext i32 %add_ln80_1 to i64" [src/honeybee.c:110]   --->   Operation 93 'zext' 'zext_ln110' <Predicate = (tmp_s)> <Delay = 0.00>
ST_6 : Operation 94 [1/1] (0.00ns) (grouped into LUT with out node collisions_0)   --->   "%shl_ln110 = shl i64 1, %zext_ln110" [src/honeybee.c:110]   --->   Operation 94 'shl' 'shl_ln110' <Predicate = (tmp_s)> <Delay = 0.00> <Core = "Shift">   --->   Core 28 'Shift' <Latency = 0> <II = 1> <Delay = 2.93> <FuncUnit> <Opcode : 'shl' 'lshr' 'ashr'> <InPorts = 2> <OutPorts = 1>
ST_6 : Operation 95 [1/1] (0.00ns) (grouped into LUT with out node collisions_0)   --->   "%or_ln110 = or i64 %select_ln84_17, %shl_ln110" [src/honeybee.c:110]   --->   Operation 95 'or' 'or_ln110' <Predicate = (tmp_s)> <Delay = 0.00> <Core = "LogicGate">   --->   Core 27 'LogicGate' <Latency = 0> <II = 1> <Delay = 0.80> <FuncUnit> <Opcode : 'and' 'or' 'xor'> <InPorts = 2> <OutPorts = 1>
ST_6 : Operation 96 [1/1] (2.93ns) (out node of the LUT)   --->   "%collisions_0 = or i64 %or_ln110, %shl_ln109" [src/honeybee.c:110]   --->   Operation 96 'or' 'collisions_0' <Predicate = (tmp_s)> <Delay = 2.93> <Core = "LogicGate">   --->   Core 27 'LogicGate' <Latency = 0> <II = 1> <Delay = 0.80> <FuncUnit> <Opcode : 'and' 'or' 'xor'> <InPorts = 2> <OutPorts = 1>
ST_6 : Operation 97 [1/1] (0.46ns)   --->   "br label %._crit_edge20.0" [src/honeybee.c:111]   --->   Operation 97 'br' <Predicate = (tmp_s)> <Delay = 0.46>
ST_6 : Operation 98 [2/2] (8.75ns)   --->   "%call_ret_1 = call fastcc { float, float, float } @lineIntersectsPlane(float %edge_p1_x_read, float %edge_p1_y_read, float %edge_p1_z_read, float %edge_p2_x_read, float %edge_p2_y_read, float %edge_p2_z_read, float 1.000000e+00)" [src/honeybee.c:105]   --->   Operation 98 'call' 'call_ret_1' <Predicate = true> <Delay = 8.75> <CoreType = "Generic">   --->   Core 0 '' <Latency = 0> <II = 1> <Delay = 1.00> <Generic> <Opcode : >

State 7 <SV = 6> <Delay = 8.58>
ST_7 : Operation 99 [1/1] (0.00ns)   --->   "%collisions_0_2 = phi i64 [ %collisions_0, %1 ], [ %select_ln84_8, %._crit_edge ]"   --->   Operation 99 'phi' 'collisions_0_2' <Predicate = true> <Delay = 0.00>
ST_7 : Operation 100 [1/2] (8.58ns)   --->   "%call_ret_1 = call fastcc { float, float, float } @lineIntersectsPlane(float %edge_p1_x_read, float %edge_p1_y_read, float %edge_p1_z_read, float %edge_p2_x_read, float %edge_p2_y_read, float %edge_p2_z_read, float 1.000000e+00)" [src/honeybee.c:105]   --->   Operation 100 'call' 'call_ret_1' <Predicate = true> <Delay = 8.58> <CoreType = "Generic">   --->   Core 0 '' <Latency = 0> <II = 1> <Delay = 1.00> <Generic> <Opcode : >
ST_7 : Operation 101 [1/1] (0.00ns)   --->   "%p_0_0_1 = extractvalue { float, float, float } %call_ret_1, 0" [src/honeybee.c:105]   --->   Operation 101 'extractvalue' 'p_0_0_1' <Predicate = true> <Delay = 0.00>
ST_7 : Operation 102 [1/1] (0.00ns)   --->   "%p_1_0_1 = extractvalue { float, float, float } %call_ret_1, 1" [src/honeybee.c:105]   --->   Operation 102 'extractvalue' 'p_1_0_1' <Predicate = true> <Delay = 0.00>
ST_7 : Operation 103 [1/1] (0.00ns)   --->   "%p_2_0_1 = extractvalue { float, float, float } %call_ret_1, 2" [src/honeybee.c:105]   --->   Operation 103 'extractvalue' 'p_2_0_1' <Predicate = true> <Delay = 0.00>

State 8 <SV = 7> <Delay = 5.28>
ST_8 : Operation 104 [2/2] (5.28ns)   --->   "%tmp_1 = call fastcc i1 @pointOnSegment(float %p_0_0_1, float %p_1_0_1, float %p_2_0_1, float %edge_p1_x_read, float %edge_p1_y_read, float %edge_p1_z_read, float %edge_p2_x_read, float %edge_p2_y_read, float %edge_p2_z_read)" [src/honeybee.c:108]   --->   Operation 104 'call' 'tmp_1' <Predicate = true> <Delay = 5.28> <CoreType = "Generic">   --->   Core 0 '' <Latency = 0> <II = 1> <Delay = 1.00> <Generic> <Opcode : >

State 9 <SV = 8> <Delay = 8.58>
ST_9 : Operation 105 [1/2] (7.39ns)   --->   "%tmp_1 = call fastcc i1 @pointOnSegment(float %p_0_0_1, float %p_1_0_1, float %p_2_0_1, float %edge_p1_x_read, float %edge_p1_y_read, float %edge_p1_z_read, float %edge_p2_x_read, float %edge_p2_y_read, float %edge_p2_z_read)" [src/honeybee.c:108]   --->   Operation 105 'call' 'tmp_1' <Predicate = true> <Delay = 7.39> <CoreType = "Generic">   --->   Core 0 '' <Latency = 0> <II = 1> <Delay = 1.00> <Generic> <Opcode : >
ST_9 : Operation 106 [1/1] (0.46ns)   --->   "br i1 %tmp_1, label %2, label %._crit_edge20.1" [src/honeybee.c:108]   --->   Operation 106 'br' <Predicate = true> <Delay = 0.46>
ST_9 : Operation 107 [1/1] (8.58ns)   --->   "%i_assign_1 = call fastcc i32 @__hls_fptosi_float_i(float %p_0_0_1)" [src/honeybee.c:109]   --->   Operation 107 'call' 'i_assign_1' <Predicate = (tmp_1)> <Delay = 8.58> <CoreType = "Generic">   --->   Core 0 '' <Latency = 0> <II = 1> <Delay = 1.00> <Generic> <Opcode : >
ST_9 : Operation 108 [1/1] (8.58ns)   --->   "%j_assign_1 = call fastcc i32 @__hls_fptosi_float_i(float %p_1_0_1)" [src/honeybee.c:109]   --->   Operation 108 'call' 'j_assign_1' <Predicate = (tmp_1)> <Delay = 8.58> <CoreType = "Generic">   --->   Core 0 '' <Latency = 0> <II = 1> <Delay = 1.00> <Generic> <Opcode : >

State 10 <SV = 9> <Delay = 8.75>
ST_10 : Operation 109 [1/1] (0.00ns) (grouped into LUT with out node add_ln80_2)   --->   "%shl_ln80_1 = shl i32 %j_assign_1, 2" [src/honeybee.c:80->src/honeybee.c:109]   --->   Operation 109 'shl' 'shl_ln80_1' <Predicate = (tmp_1)> <Delay = 0.00>
ST_10 : Operation 110 [1/1] (1.89ns) (out node of the LUT)   --->   "%add_ln80_2 = add i32 %shl_ln80_1, %i_assign_1" [src/honeybee.c:80->src/honeybee.c:109]   --->   Operation 110 'add' 'add_ln80_2' <Predicate = (tmp_1)> <Delay = 1.89> <Core = "AddSub">   --->   Core 14 'AddSub' <Latency = 0> <II = 1> <Delay = 0.76> <FuncUnit> <Opcode : 'add' 'sub'> <InPorts = 2> <OutPorts = 1>
ST_10 : Operation 111 [1/1] (1.89ns)   --->   "%add_ln80_3 = add i32 16, %add_ln80_2" [src/honeybee.c:80->src/honeybee.c:109]   --->   Operation 111 'add' 'add_ln80_3' <Predicate = (tmp_1)> <Delay = 1.89> <Core = "AddSub">   --->   Core 14 'AddSub' <Latency = 0> <II = 1> <Delay = 0.76> <FuncUnit> <Opcode : 'add' 'sub'> <InPorts = 2> <OutPorts = 1>
ST_10 : Operation 112 [1/1] (0.00ns) (grouped into LUT with out node collisions_1)   --->   "%zext_ln109_1 = zext i32 %add_ln80_3 to i64" [src/honeybee.c:109]   --->   Operation 112 'zext' 'zext_ln109_1' <Predicate = (tmp_1)> <Delay = 0.00>
ST_10 : Operation 113 [1/1] (0.00ns) (grouped into LUT with out node collisions_1)   --->   "%shl_ln109_1 = shl i64 1, %zext_ln109_1" [src/honeybee.c:109]   --->   Operation 113 'shl' 'shl_ln109_1' <Predicate = (tmp_1)> <Delay = 0.00> <Core = "Shift">   --->   Core 28 'Shift' <Latency = 0> <II = 1> <Delay = 2.93> <FuncUnit> <Opcode : 'shl' 'lshr' 'ashr'> <InPorts = 2> <OutPorts = 1>
ST_10 : Operation 114 [1/1] (0.00ns) (grouped into LUT with out node collisions_1)   --->   "%zext_ln110_1 = zext i32 %add_ln80_2 to i64" [src/honeybee.c:110]   --->   Operation 114 'zext' 'zext_ln110_1' <Predicate = (tmp_1)> <Delay = 0.00>
ST_10 : Operation 115 [1/1] (0.00ns) (grouped into LUT with out node collisions_1)   --->   "%shl_ln110_1 = shl i64 1, %zext_ln110_1" [src/honeybee.c:110]   --->   Operation 115 'shl' 'shl_ln110_1' <Predicate = (tmp_1)> <Delay = 0.00> <Core = "Shift">   --->   Core 28 'Shift' <Latency = 0> <II = 1> <Delay = 2.93> <FuncUnit> <Opcode : 'shl' 'lshr' 'ashr'> <InPorts = 2> <OutPorts = 1>
ST_10 : Operation 116 [1/1] (0.00ns) (grouped into LUT with out node collisions_1)   --->   "%or_ln110_2 = or i64 %select_ln84_16, %shl_ln110_1" [src/honeybee.c:110]   --->   Operation 116 'or' 'or_ln110_2' <Predicate = (tmp_1)> <Delay = 0.00> <Core = "LogicGate">   --->   Core 27 'LogicGate' <Latency = 0> <II = 1> <Delay = 0.80> <FuncUnit> <Opcode : 'and' 'or' 'xor'> <InPorts = 2> <OutPorts = 1>
ST_10 : Operation 117 [1/1] (2.93ns) (out node of the LUT)   --->   "%collisions_1 = or i64 %or_ln110_2, %shl_ln109_1" [src/honeybee.c:110]   --->   Operation 117 'or' 'collisions_1' <Predicate = (tmp_1)> <Delay = 2.93> <Core = "LogicGate">   --->   Core 27 'LogicGate' <Latency = 0> <II = 1> <Delay = 0.80> <FuncUnit> <Opcode : 'and' 'or' 'xor'> <InPorts = 2> <OutPorts = 1>
ST_10 : Operation 118 [1/1] (0.46ns)   --->   "br label %._crit_edge20.1" [src/honeybee.c:111]   --->   Operation 118 'br' <Predicate = (tmp_1)> <Delay = 0.46>
ST_10 : Operation 119 [2/2] (8.75ns)   --->   "%call_ret_2 = call fastcc { float, float, float } @lineIntersectsPlane(float %edge_p1_x_read, float %edge_p1_y_read, float %edge_p1_z_read, float %edge_p2_x_read, float %edge_p2_y_read, float %edge_p2_z_read, float 2.000000e+00)" [src/honeybee.c:105]   --->   Operation 119 'call' 'call_ret_2' <Predicate = true> <Delay = 8.75> <CoreType = "Generic">   --->   Core 0 '' <Latency = 0> <II = 1> <Delay = 1.00> <Generic> <Opcode : >

State 11 <SV = 10> <Delay = 8.58>
ST_11 : Operation 120 [1/1] (0.00ns)   --->   "%collisions_1_2 = phi i64 [ %collisions_1, %2 ], [ %select_ln84_7, %._crit_edge20.0 ]"   --->   Operation 120 'phi' 'collisions_1_2' <Predicate = true> <Delay = 0.00>
ST_11 : Operation 121 [1/2] (8.58ns)   --->   "%call_ret_2 = call fastcc { float, float, float } @lineIntersectsPlane(float %edge_p1_x_read, float %edge_p1_y_read, float %edge_p1_z_read, float %edge_p2_x_read, float %edge_p2_y_read, float %edge_p2_z_read, float 2.000000e+00)" [src/honeybee.c:105]   --->   Operation 121 'call' 'call_ret_2' <Predicate = true> <Delay = 8.58> <CoreType = "Generic">   --->   Core 0 '' <Latency = 0> <II = 1> <Delay = 1.00> <Generic> <Opcode : >
ST_11 : Operation 122 [1/1] (0.00ns)   --->   "%p_0_0_2 = extractvalue { float, float, float } %call_ret_2, 0" [src/honeybee.c:105]   --->   Operation 122 'extractvalue' 'p_0_0_2' <Predicate = true> <Delay = 0.00>
ST_11 : Operation 123 [1/1] (0.00ns)   --->   "%p_1_0_2 = extractvalue { float, float, float } %call_ret_2, 1" [src/honeybee.c:105]   --->   Operation 123 'extractvalue' 'p_1_0_2' <Predicate = true> <Delay = 0.00>
ST_11 : Operation 124 [1/1] (0.00ns)   --->   "%p_2_0_2 = extractvalue { float, float, float } %call_ret_2, 2" [src/honeybee.c:105]   --->   Operation 124 'extractvalue' 'p_2_0_2' <Predicate = true> <Delay = 0.00>

State 12 <SV = 11> <Delay = 5.28>
ST_12 : Operation 125 [2/2] (5.28ns)   --->   "%tmp_2 = call fastcc i1 @pointOnSegment(float %p_0_0_2, float %p_1_0_2, float %p_2_0_2, float %edge_p1_x_read, float %edge_p1_y_read, float %edge_p1_z_read, float %edge_p2_x_read, float %edge_p2_y_read, float %edge_p2_z_read)" [src/honeybee.c:108]   --->   Operation 125 'call' 'tmp_2' <Predicate = true> <Delay = 5.28> <CoreType = "Generic">   --->   Core 0 '' <Latency = 0> <II = 1> <Delay = 1.00> <Generic> <Opcode : >

State 13 <SV = 12> <Delay = 8.58>
ST_13 : Operation 126 [1/2] (7.39ns)   --->   "%tmp_2 = call fastcc i1 @pointOnSegment(float %p_0_0_2, float %p_1_0_2, float %p_2_0_2, float %edge_p1_x_read, float %edge_p1_y_read, float %edge_p1_z_read, float %edge_p2_x_read, float %edge_p2_y_read, float %edge_p2_z_read)" [src/honeybee.c:108]   --->   Operation 126 'call' 'tmp_2' <Predicate = true> <Delay = 7.39> <CoreType = "Generic">   --->   Core 0 '' <Latency = 0> <II = 1> <Delay = 1.00> <Generic> <Opcode : >
ST_13 : Operation 127 [1/1] (0.46ns)   --->   "br i1 %tmp_2, label %3, label %._crit_edge20.2" [src/honeybee.c:108]   --->   Operation 127 'br' <Predicate = true> <Delay = 0.46>
ST_13 : Operation 128 [1/1] (8.58ns)   --->   "%i_assign_2 = call fastcc i32 @__hls_fptosi_float_i(float %p_0_0_2)" [src/honeybee.c:109]   --->   Operation 128 'call' 'i_assign_2' <Predicate = (tmp_2)> <Delay = 8.58> <CoreType = "Generic">   --->   Core 0 '' <Latency = 0> <II = 1> <Delay = 1.00> <Generic> <Opcode : >
ST_13 : Operation 129 [1/1] (8.58ns)   --->   "%j_assign_2 = call fastcc i32 @__hls_fptosi_float_i(float %p_1_0_2)" [src/honeybee.c:109]   --->   Operation 129 'call' 'j_assign_2' <Predicate = (tmp_2)> <Delay = 8.58> <CoreType = "Generic">   --->   Core 0 '' <Latency = 0> <II = 1> <Delay = 1.00> <Generic> <Opcode : >

State 14 <SV = 13> <Delay = 8.75>
ST_14 : Operation 130 [1/1] (0.00ns) (grouped into LUT with out node add_ln80_4)   --->   "%shl_ln80_2 = shl i32 %j_assign_2, 2" [src/honeybee.c:80->src/honeybee.c:109]   --->   Operation 130 'shl' 'shl_ln80_2' <Predicate = (tmp_2)> <Delay = 0.00>
ST_14 : Operation 131 [1/1] (1.89ns) (out node of the LUT)   --->   "%add_ln80_4 = add i32 %shl_ln80_2, %i_assign_2" [src/honeybee.c:80->src/honeybee.c:109]   --->   Operation 131 'add' 'add_ln80_4' <Predicate = (tmp_2)> <Delay = 1.89> <Core = "AddSub">   --->   Core 14 'AddSub' <Latency = 0> <II = 1> <Delay = 0.76> <FuncUnit> <Opcode : 'add' 'sub'> <InPorts = 2> <OutPorts = 1>
ST_14 : Operation 132 [1/1] (1.89ns)   --->   "%add_ln80_5 = add i32 32, %add_ln80_4" [src/honeybee.c:80->src/honeybee.c:109]   --->   Operation 132 'add' 'add_ln80_5' <Predicate = (tmp_2)> <Delay = 1.89> <Core = "AddSub">   --->   Core 14 'AddSub' <Latency = 0> <II = 1> <Delay = 0.76> <FuncUnit> <Opcode : 'add' 'sub'> <InPorts = 2> <OutPorts = 1>
ST_14 : Operation 133 [1/1] (0.00ns) (grouped into LUT with out node collisions_2)   --->   "%zext_ln109_2 = zext i32 %add_ln80_5 to i64" [src/honeybee.c:109]   --->   Operation 133 'zext' 'zext_ln109_2' <Predicate = (tmp_2)> <Delay = 0.00>
ST_14 : Operation 134 [1/1] (0.00ns) (grouped into LUT with out node collisions_2)   --->   "%shl_ln109_2 = shl i64 1, %zext_ln109_2" [src/honeybee.c:109]   --->   Operation 134 'shl' 'shl_ln109_2' <Predicate = (tmp_2)> <Delay = 0.00> <Core = "Shift">   --->   Core 28 'Shift' <Latency = 0> <II = 1> <Delay = 2.93> <FuncUnit> <Opcode : 'shl' 'lshr' 'ashr'> <InPorts = 2> <OutPorts = 1>
ST_14 : Operation 135 [1/1] (1.89ns)   --->   "%add_ln80_6 = add i32 16, %add_ln80_4" [src/honeybee.c:80->src/honeybee.c:110]   --->   Operation 135 'add' 'add_ln80_6' <Predicate = (tmp_2)> <Delay = 1.89> <Core = "AddSub">   --->   Core 14 'AddSub' <Latency = 0> <II = 1> <Delay = 0.76> <FuncUnit> <Opcode : 'add' 'sub'> <InPorts = 2> <OutPorts = 1>
ST_14 : Operation 136 [1/1] (0.00ns) (grouped into LUT with out node collisions_2)   --->   "%zext_ln110_2 = zext i32 %add_ln80_6 to i64" [src/honeybee.c:110]   --->   Operation 136 'zext' 'zext_ln110_2' <Predicate = (tmp_2)> <Delay = 0.00>
ST_14 : Operation 137 [1/1] (0.00ns) (grouped into LUT with out node collisions_2)   --->   "%shl_ln110_2 = shl i64 1, %zext_ln110_2" [src/honeybee.c:110]   --->   Operation 137 'shl' 'shl_ln110_2' <Predicate = (tmp_2)> <Delay = 0.00> <Core = "Shift">   --->   Core 28 'Shift' <Latency = 0> <II = 1> <Delay = 2.93> <FuncUnit> <Opcode : 'shl' 'lshr' 'ashr'> <InPorts = 2> <OutPorts = 1>
ST_14 : Operation 138 [1/1] (0.00ns) (grouped into LUT with out node collisions_2)   --->   "%or_ln110_4 = or i64 %select_ln84_14, %shl_ln110_2" [src/honeybee.c:110]   --->   Operation 138 'or' 'or_ln110_4' <Predicate = (tmp_2)> <Delay = 0.00> <Core = "LogicGate">   --->   Core 27 'LogicGate' <Latency = 0> <II = 1> <Delay = 0.80> <FuncUnit> <Opcode : 'and' 'or' 'xor'> <InPorts = 2> <OutPorts = 1>
ST_14 : Operation 139 [1/1] (2.93ns) (out node of the LUT)   --->   "%collisions_2 = or i64 %or_ln110_4, %shl_ln109_2" [src/honeybee.c:110]   --->   Operation 139 'or' 'collisions_2' <Predicate = (tmp_2)> <Delay = 2.93> <Core = "LogicGate">   --->   Core 27 'LogicGate' <Latency = 0> <II = 1> <Delay = 0.80> <FuncUnit> <Opcode : 'and' 'or' 'xor'> <InPorts = 2> <OutPorts = 1>
ST_14 : Operation 140 [1/1] (0.46ns)   --->   "br label %._crit_edge20.2" [src/honeybee.c:111]   --->   Operation 140 'br' <Predicate = (tmp_2)> <Delay = 0.46>
ST_14 : Operation 141 [2/2] (8.75ns)   --->   "%call_ret_3 = call fastcc { float, float, float } @lineIntersectsPlane(float %edge_p1_x_read, float %edge_p1_y_read, float %edge_p1_z_read, float %edge_p2_x_read, float %edge_p2_y_read, float %edge_p2_z_read, float 3.000000e+00)" [src/honeybee.c:105]   --->   Operation 141 'call' 'call_ret_3' <Predicate = true> <Delay = 8.75> <CoreType = "Generic">   --->   Core 0 '' <Latency = 0> <II = 1> <Delay = 1.00> <Generic> <Opcode : >

State 15 <SV = 14> <Delay = 8.58>
ST_15 : Operation 142 [1/1] (0.00ns)   --->   "%collisions_2_2 = phi i64 [ %collisions_2, %3 ], [ %select_ln84_5, %._crit_edge20.1 ]"   --->   Operation 142 'phi' 'collisions_2_2' <Predicate = true> <Delay = 0.00>
ST_15 : Operation 143 [1/2] (8.58ns)   --->   "%call_ret_3 = call fastcc { float, float, float } @lineIntersectsPlane(float %edge_p1_x_read, float %edge_p1_y_read, float %edge_p1_z_read, float %edge_p2_x_read, float %edge_p2_y_read, float %edge_p2_z_read, float 3.000000e+00)" [src/honeybee.c:105]   --->   Operation 143 'call' 'call_ret_3' <Predicate = true> <Delay = 8.58> <CoreType = "Generic">   --->   Core 0 '' <Latency = 0> <II = 1> <Delay = 1.00> <Generic> <Opcode : >
ST_15 : Operation 144 [1/1] (0.00ns)   --->   "%p_0_0_3 = extractvalue { float, float, float } %call_ret_3, 0" [src/honeybee.c:105]   --->   Operation 144 'extractvalue' 'p_0_0_3' <Predicate = true> <Delay = 0.00>
ST_15 : Operation 145 [1/1] (0.00ns)   --->   "%p_1_0_3 = extractvalue { float, float, float } %call_ret_3, 1" [src/honeybee.c:105]   --->   Operation 145 'extractvalue' 'p_1_0_3' <Predicate = true> <Delay = 0.00>
ST_15 : Operation 146 [1/1] (0.00ns)   --->   "%p_2_0_3 = extractvalue { float, float, float } %call_ret_3, 2" [src/honeybee.c:105]   --->   Operation 146 'extractvalue' 'p_2_0_3' <Predicate = true> <Delay = 0.00>

State 16 <SV = 15> <Delay = 5.28>
ST_16 : Operation 147 [2/2] (5.28ns)   --->   "%tmp_3 = call fastcc i1 @pointOnSegment(float %p_0_0_3, float %p_1_0_3, float %p_2_0_3, float %edge_p1_x_read, float %edge_p1_y_read, float %edge_p1_z_read, float %edge_p2_x_read, float %edge_p2_y_read, float %edge_p2_z_read)" [src/honeybee.c:108]   --->   Operation 147 'call' 'tmp_3' <Predicate = true> <Delay = 5.28> <CoreType = "Generic">   --->   Core 0 '' <Latency = 0> <II = 1> <Delay = 1.00> <Generic> <Opcode : >

State 17 <SV = 16> <Delay = 8.58>
ST_17 : Operation 148 [1/2] (7.39ns)   --->   "%tmp_3 = call fastcc i1 @pointOnSegment(float %p_0_0_3, float %p_1_0_3, float %p_2_0_3, float %edge_p1_x_read, float %edge_p1_y_read, float %edge_p1_z_read, float %edge_p2_x_read, float %edge_p2_y_read, float %edge_p2_z_read)" [src/honeybee.c:108]   --->   Operation 148 'call' 'tmp_3' <Predicate = true> <Delay = 7.39> <CoreType = "Generic">   --->   Core 0 '' <Latency = 0> <II = 1> <Delay = 1.00> <Generic> <Opcode : >
ST_17 : Operation 149 [1/1] (0.46ns)   --->   "br i1 %tmp_3, label %4, label %._crit_edge20.3" [src/honeybee.c:108]   --->   Operation 149 'br' <Predicate = true> <Delay = 0.46>
ST_17 : Operation 150 [1/1] (8.58ns)   --->   "%i_assign_3 = call fastcc i32 @__hls_fptosi_float_i(float %p_0_0_3)" [src/honeybee.c:109]   --->   Operation 150 'call' 'i_assign_3' <Predicate = (tmp_3)> <Delay = 8.58> <CoreType = "Generic">   --->   Core 0 '' <Latency = 0> <II = 1> <Delay = 1.00> <Generic> <Opcode : >
ST_17 : Operation 151 [1/1] (8.58ns)   --->   "%j_assign_3 = call fastcc i32 @__hls_fptosi_float_i(float %p_1_0_3)" [src/honeybee.c:109]   --->   Operation 151 'call' 'j_assign_3' <Predicate = (tmp_3)> <Delay = 8.58> <CoreType = "Generic">   --->   Core 0 '' <Latency = 0> <II = 1> <Delay = 1.00> <Generic> <Opcode : >

State 18 <SV = 17> <Delay = 7.19>
ST_18 : Operation 152 [1/1] (0.00ns) (grouped into LUT with out node add_ln80_7)   --->   "%shl_ln80_3 = shl i32 %j_assign_3, 2" [src/honeybee.c:80->src/honeybee.c:109]   --->   Operation 152 'shl' 'shl_ln80_3' <Predicate = (tmp_3)> <Delay = 0.00>
ST_18 : Operation 153 [1/1] (1.89ns) (out node of the LUT)   --->   "%add_ln80_7 = add i32 %shl_ln80_3, %i_assign_3" [src/honeybee.c:80->src/honeybee.c:109]   --->   Operation 153 'add' 'add_ln80_7' <Predicate = (tmp_3)> <Delay = 1.89> <Core = "AddSub">   --->   Core 14 'AddSub' <Latency = 0> <II = 1> <Delay = 0.76> <FuncUnit> <Opcode : 'add' 'sub'> <InPorts = 2> <OutPorts = 1>
ST_18 : Operation 154 [1/1] (1.89ns)   --->   "%add_ln80_8 = add i32 48, %add_ln80_7" [src/honeybee.c:80->src/honeybee.c:109]   --->   Operation 154 'add' 'add_ln80_8' <Predicate = (tmp_3)> <Delay = 1.89> <Core = "AddSub">   --->   Core 14 'AddSub' <Latency = 0> <II = 1> <Delay = 0.76> <FuncUnit> <Opcode : 'add' 'sub'> <InPorts = 2> <OutPorts = 1>
ST_18 : Operation 155 [1/1] (0.00ns) (grouped into LUT with out node collisions_3)   --->   "%zext_ln109_3 = zext i32 %add_ln80_8 to i64" [src/honeybee.c:109]   --->   Operation 155 'zext' 'zext_ln109_3' <Predicate = (tmp_3)> <Delay = 0.00>
ST_18 : Operation 156 [1/1] (0.00ns) (grouped into LUT with out node collisions_3)   --->   "%shl_ln109_3 = shl i64 1, %zext_ln109_3" [src/honeybee.c:109]   --->   Operation 156 'shl' 'shl_ln109_3' <Predicate = (tmp_3)> <Delay = 0.00> <Core = "Shift">   --->   Core 28 'Shift' <Latency = 0> <II = 1> <Delay = 2.93> <FuncUnit> <Opcode : 'shl' 'lshr' 'ashr'> <InPorts = 2> <OutPorts = 1>
ST_18 : Operation 157 [1/1] (1.89ns)   --->   "%add_ln80_9 = add i32 32, %add_ln80_7" [src/honeybee.c:80->src/honeybee.c:110]   --->   Operation 157 'add' 'add_ln80_9' <Predicate = (tmp_3)> <Delay = 1.89> <Core = "AddSub">   --->   Core 14 'AddSub' <Latency = 0> <II = 1> <Delay = 0.76> <FuncUnit> <Opcode : 'add' 'sub'> <InPorts = 2> <OutPorts = 1>
ST_18 : Operation 158 [1/1] (0.00ns) (grouped into LUT with out node collisions_3)   --->   "%zext_ln110_3 = zext i32 %add_ln80_9 to i64" [src/honeybee.c:110]   --->   Operation 158 'zext' 'zext_ln110_3' <Predicate = (tmp_3)> <Delay = 0.00>
ST_18 : Operation 159 [1/1] (0.00ns) (grouped into LUT with out node collisions_3)   --->   "%shl_ln110_3 = shl i64 1, %zext_ln110_3" [src/honeybee.c:110]   --->   Operation 159 'shl' 'shl_ln110_3' <Predicate = (tmp_3)> <Delay = 0.00> <Core = "Shift">   --->   Core 28 'Shift' <Latency = 0> <II = 1> <Delay = 2.93> <FuncUnit> <Opcode : 'shl' 'lshr' 'ashr'> <InPorts = 2> <OutPorts = 1>
ST_18 : Operation 160 [1/1] (0.00ns) (grouped into LUT with out node collisions_3)   --->   "%or_ln110_6 = or i64 %select_ln84_11, %shl_ln110_3" [src/honeybee.c:110]   --->   Operation 160 'or' 'or_ln110_6' <Predicate = (tmp_3)> <Delay = 0.00> <Core = "LogicGate">   --->   Core 27 'LogicGate' <Latency = 0> <II = 1> <Delay = 0.80> <FuncUnit> <Opcode : 'and' 'or' 'xor'> <InPorts = 2> <OutPorts = 1>
ST_18 : Operation 161 [1/1] (2.93ns) (out node of the LUT)   --->   "%collisions_3 = or i64 %or_ln110_6, %shl_ln109_3" [src/honeybee.c:110]   --->   Operation 161 'or' 'collisions_3' <Predicate = (tmp_3)> <Delay = 2.93> <Core = "LogicGate">   --->   Core 27 'LogicGate' <Latency = 0> <II = 1> <Delay = 0.80> <FuncUnit> <Opcode : 'and' 'or' 'xor'> <InPorts = 2> <OutPorts = 1>
ST_18 : Operation 162 [1/1] (0.46ns)   --->   "br label %._crit_edge20.3" [src/honeybee.c:111]   --->   Operation 162 'br' <Predicate = (tmp_3)> <Delay = 0.46>
ST_18 : Operation 163 [1/1] (0.00ns)   --->   "%collisions_3_2 = phi i64 [ %collisions_3, %4 ], [ %select_ln84_2, %._crit_edge20.2 ]"   --->   Operation 163 'phi' 'collisions_3_2' <Predicate = true> <Delay = 0.00>
ST_18 : Operation 164 [1/1] (0.46ns)   --->   "br label %.preheader" [src/honeybee.c:132]   --->   Operation 164 'br' <Predicate = true> <Delay = 0.46>

State 19 <SV = 18> <Delay = 2.22>
ST_19 : Operation 165 [1/1] (0.00ns)   --->   "%returnCollisions_0 = phi i64 [ %returnCollisions, %5 ], [ 0, %._crit_edge20.3 ]"   --->   Operation 165 'phi' 'returnCollisions_0' <Predicate = true> <Delay = 0.00>
ST_19 : Operation 166 [1/1] (0.00ns)   --->   "%i_1 = phi i3 [ %i, %5 ], [ 0, %._crit_edge20.3 ]"   --->   Operation 166 'phi' 'i_1' <Predicate = true> <Delay = 0.00>
ST_19 : Operation 167 [1/1] (0.98ns)   --->   "%icmp_ln132 = icmp eq i3 %i_1, -4" [src/honeybee.c:132]   --->   Operation 167 'icmp' 'icmp_ln132' <Predicate = true> <Delay = 0.98> <Core = "Cmp">   --->   Core 25 'Cmp' <Latency = 0> <II = 1> <Delay = 0.98> <FuncUnit> <Opcode : 'icmp'> <InPorts = 2> <OutPorts = 1>
ST_19 : Operation 168 [1/1] (0.00ns)   --->   "%empty_7 = call i32 (...)* @_ssdm_op_SpecLoopTripCount(i64 4, i64 4, i64 4)"   --->   Operation 168 'speclooptripcount' 'empty_7' <Predicate = true> <Delay = 0.00>
ST_19 : Operation 169 [1/1] (0.76ns)   --->   "%i = add i3 %i_1, 1" [src/honeybee.c:132]   --->   Operation 169 'add' 'i' <Predicate = true> <Delay = 0.76> <Core = "AddSub">   --->   Core 14 'AddSub' <Latency = 0> <II = 1> <Delay = 0.76> <FuncUnit> <Opcode : 'add' 'sub'> <InPorts = 2> <OutPorts = 1>
ST_19 : Operation 170 [1/1] (0.00ns)   --->   "br i1 %icmp_ln132, label %6, label %5" [src/honeybee.c:132]   --->   Operation 170 'br' <Predicate = true> <Delay = 0.00>
ST_19 : Operation 171 [1/1] (0.00ns)   --->   "%trunc_ln133 = trunc i3 %i_1 to i2" [src/honeybee.c:133]   --->   Operation 171 'trunc' 'trunc_ln133' <Predicate = (!icmp_ln132)> <Delay = 0.00>
ST_19 : Operation 172 [1/1] (1.42ns)   --->   "%tmp = call i64 @_ssdm_op_Mux.ap_auto.4i64.i2(i64 %collisions_0_2, i64 %collisions_1_2, i64 %collisions_2_2, i64 %collisions_3_2, i2 %trunc_ln133)" [src/honeybee.c:133]   --->   Operation 172 'mux' 'tmp' <Predicate = (!icmp_ln132)> <Delay = 1.42> <Core = "MuxnS">   --->   Core 31 'MuxnS' <Latency = 0> <II = 1> <Delay = 1.42> <FuncUnit> <Opcode : 'mux'> <InPorts = 2> <OutPorts = 1>
ST_19 : Operation 173 [1/1] (0.80ns)   --->   "%returnCollisions = or i64 %tmp, %returnCollisions_0" [src/honeybee.c:133]   --->   Operation 173 'or' 'returnCollisions' <Predicate = (!icmp_ln132)> <Delay = 0.80> <Core = "LogicGate">   --->   Core 27 'LogicGate' <Latency = 0> <II = 1> <Delay = 0.80> <FuncUnit> <Opcode : 'and' 'or' 'xor'> <InPorts = 2> <OutPorts = 1>
ST_19 : Operation 174 [1/1] (0.00ns)   --->   "br label %.preheader" [src/honeybee.c:132]   --->   Operation 174 'br' <Predicate = (!icmp_ln132)> <Delay = 0.00>
ST_19 : Operation 175 [1/1] (0.00ns)   --->   "ret i64 %returnCollisions_0" [src/honeybee.c:135]   --->   Operation 175 'ret' <Predicate = (icmp_ln132)> <Delay = 0.00>


============================================================
+ Verbose Summary: Timing violations
============================================================
Target clock period: 10ns, clock uncertainty: 1.25ns.

 <State 1>: 0.466ns
The critical path consists of the following:
	multiplexor before 'phi' operation ('phi_ln84', src/honeybee.c:84) with incoming values : ('add_ln84', src/honeybee.c:84) [23]  (0.466 ns)

 <State 2>: 8.75ns
The critical path consists of the following:
	'call' operation ('call_ret', src/honeybee.c:105) to 'lineIntersectsPlane' [67]  (8.75 ns)

 <State 3>: 8.59ns
The critical path consists of the following:
	'call' operation ('call_ret', src/honeybee.c:105) to 'lineIntersectsPlane' [67]  (8.59 ns)

 <State 4>: 5.28ns
The critical path consists of the following:
	'call' operation ('tmp_s', src/honeybee.c:108) to 'pointOnSegment' [71]  (5.28 ns)

 <State 5>: 8.58ns
The critical path consists of the following:
	'call' operation ('i', src/honeybee.c:109) to '__hls_fptosi_float_i' [74]  (8.58 ns)

 <State 6>: 8.75ns
The critical path consists of the following:
	'call' operation ('call_ret_1', src/honeybee.c:105) to 'lineIntersectsPlane' [88]  (8.75 ns)

 <State 7>: 8.59ns
The critical path consists of the following:
	'call' operation ('call_ret_1', src/honeybee.c:105) to 'lineIntersectsPlane' [88]  (8.59 ns)

 <State 8>: 5.28ns
The critical path consists of the following:
	'call' operation ('tmp_1', src/honeybee.c:108) to 'pointOnSegment' [92]  (5.28 ns)

 <State 9>: 8.58ns
The critical path consists of the following:
	'call' operation ('i', src/honeybee.c:109) to '__hls_fptosi_float_i' [95]  (8.58 ns)

 <State 10>: 8.75ns
The critical path consists of the following:
	'call' operation ('call_ret_2', src/honeybee.c:105) to 'lineIntersectsPlane' [109]  (8.75 ns)

 <State 11>: 8.59ns
The critical path consists of the following:
	'call' operation ('call_ret_2', src/honeybee.c:105) to 'lineIntersectsPlane' [109]  (8.59 ns)

 <State 12>: 5.28ns
The critical path consists of the following:
	'call' operation ('tmp_2', src/honeybee.c:108) to 'pointOnSegment' [113]  (5.28 ns)

 <State 13>: 8.58ns
The critical path consists of the following:
	'call' operation ('i', src/honeybee.c:109) to '__hls_fptosi_float_i' [116]  (8.58 ns)

 <State 14>: 8.75ns
The critical path consists of the following:
	'call' operation ('call_ret_3', src/honeybee.c:105) to 'lineIntersectsPlane' [131]  (8.75 ns)

 <State 15>: 8.59ns
The critical path consists of the following:
	'call' operation ('call_ret_3', src/honeybee.c:105) to 'lineIntersectsPlane' [131]  (8.59 ns)

 <State 16>: 5.28ns
The critical path consists of the following:
	'call' operation ('tmp_3', src/honeybee.c:108) to 'pointOnSegment' [135]  (5.28 ns)

 <State 17>: 8.58ns
The critical path consists of the following:
	'call' operation ('i', src/honeybee.c:109) to '__hls_fptosi_float_i' [138]  (8.58 ns)

 <State 18>: 7.19ns
The critical path consists of the following:
	'shl' operation ('shl_ln80_3', src/honeybee.c:80->src/honeybee.c:109) [140]  (0 ns)
	'add' operation ('add_ln80_7', src/honeybee.c:80->src/honeybee.c:109) [141]  (1.9 ns)
	'add' operation ('add_ln80_8', src/honeybee.c:80->src/honeybee.c:109) [142]  (1.9 ns)
	'shl' operation ('shl_ln109_3', src/honeybee.c:109) [144]  (0 ns)
	'or' operation ('collisions[3]', src/honeybee.c:110) [149]  (2.94 ns)
	multiplexor before 'phi' operation ('collisions[3]') with incoming values : ('select_ln84_2', src/honeybee.c:84) ('collisions[3]', src/honeybee.c:110) [152]  (0.466 ns)
	'phi' operation ('collisions[3]') with incoming values : ('select_ln84_2', src/honeybee.c:84) ('collisions[3]', src/honeybee.c:110) [152]  (0 ns)

 <State 19>: 2.23ns
The critical path consists of the following:
	'phi' operation ('i') with incoming values : ('i', src/honeybee.c:132) [156]  (0 ns)
	'mux' operation ('tmp', src/honeybee.c:133) [163]  (1.42 ns)
	'or' operation ('returnCollisions', src/honeybee.c:133) [164]  (0.806 ns)


============================================================
+ Verbose Summary: Binding
============================================================
N/A
* FSMD analyzer results:
  - Output states:
 - Input state : 
  - Chain level:
	State 1
	State 2
	State 3
	State 4
	State 5
	State 6
	State 7
	State 8
	State 9
	State 10
	State 11
	State 12
	State 13
	State 14
	State 15
	State 16
	State 17
	State 18
	State 19


============================================================
+ Verbose Summary: Datapath Resource usage 
============================================================
N/A
