

================================================================
== Vivado HLS Report for 'checkAxis_2'
================================================================
* Date:           Sun Mar 29 20:26:56 2020

* Version:        2019.2 (Build 2704478 on Wed Nov 06 22:10:23 MST 2019)
* Project:        honeybee_proj
* Solution:       HBD
* Product family: zynq
* Target device:  xc7z030i-fbg484-2L


================================================================
== Performance Estimates
================================================================
+ Timing: 
    * Summary: 
    +--------+----------+----------+------------+
    |  Clock |  Target  | Estimated| Uncertainty|
    +--------+----------+----------+------------+
    |ap_clk  | 10.00 ns | 9.478 ns |   1.25 ns  |
    +--------+----------+----------+------------+

+ Latency: 
    * Summary: 
    +---------+---------+----------+----------+-----+-----+---------+
    |  Latency (cycles) |  Latency (absolute) |  Interval | Pipeline|
    |   min   |   max   |    min   |    max   | min | max |   Type  |
    +---------+---------+----------+----------+-----+-----+---------+
    |      212|      212| 2.120 us | 2.120 us |  212|  212|   none  |
    +---------+---------+----------+----------+-----+-----+---------+

    + Detail: 
        * Instance: 
        N/A

        * Loop: 
        +----------+---------+---------+----------+-----------+-----------+------+----------+
        |          |  Latency (cycles) | Iteration|  Initiation Interval  | Trip |          |
        | Loop Name|   min   |   max   |  Latency |  achieved |   target  | Count| Pipelined|
        +----------+---------+---------+----------+-----------+-----------+------+----------+
        |- Loop 1  |      208|      208|        52|          -|          -|     4|    no    |
        +----------+---------+---------+----------+-----------+-----------+------+----------+



================================================================
== Utilization Estimates
================================================================
* Summary: 
+-----------------+---------+-------+--------+-------+-----+
|       Name      | BRAM_18K| DSP48E|   FF   |  LUT  | URAM|
+-----------------+---------+-------+--------+-------+-----+
|DSP              |        -|      -|       -|      -|    -|
|Expression       |        -|      -|       0|   2011|    -|
|FIFO             |        -|      -|       -|      -|    -|
|Instance         |        -|     15|    2192|   5131|    -|
|Memory           |        -|      -|       -|      -|    -|
|Multiplexer      |        -|      -|       -|    123|    -|
|Register         |        -|      -|    1085|      -|    -|
+-----------------+---------+-------+--------+-------+-----+
|Total            |        0|     15|    3277|   7265|    0|
+-----------------+---------+-------+--------+-------+-----+
|Available        |      530|    400|  157200|  78600|    0|
+-----------------+---------+-------+--------+-------+-----+
|Utilization (%)  |        0|      3|       2|      9|    0|
+-----------------+---------+-------+--------+-------+-----+

+ Detail: 
    * Instance: 
    +--------------------------+----------------------+---------+-------+-----+-----+-----+
    |         Instance         |        Module        | BRAM_18K| DSP48E|  FF | LUT | URAM|
    +--------------------------+----------------------+---------+-------+-----+-----+-----+
    |honeybee_faddfsubbkb_U1   |honeybee_faddfsubbkb  |        0|      2|  227|  404|    0|
    |honeybee_faddfsubbkb_U2   |honeybee_faddfsubbkb  |        0|      2|  227|  404|    0|
    |honeybee_faddfsubbkb_U3   |honeybee_faddfsubbkb  |        0|      2|  227|  404|    0|
    |honeybee_fcmp_32nfYi_U9   |honeybee_fcmp_32nfYi  |        0|      0|   66|  239|    0|
    |honeybee_fcmp_32nfYi_U10  |honeybee_fcmp_32nfYi  |        0|      0|   66|  239|    0|
    |honeybee_fcmp_32nfYi_U11  |honeybee_fcmp_32nfYi  |        0|      0|   66|  239|    0|
    |honeybee_fcmp_32nfYi_U12  |honeybee_fcmp_32nfYi  |        0|      0|   66|  239|    0|
    |honeybee_fcmp_32nfYi_U13  |honeybee_fcmp_32nfYi  |        0|      0|   66|  239|    0|
    |honeybee_fcmp_32nfYi_U14  |honeybee_fcmp_32nfYi  |        0|      0|   66|  239|    0|
    |honeybee_fdiv_32ndEe_U7   |honeybee_fdiv_32ndEe  |        0|      0|  563|  991|    0|
    |honeybee_fmul_32ncud_U4   |honeybee_fmul_32ncud  |        0|      3|  128|  320|    0|
    |honeybee_fmul_32ncud_U5   |honeybee_fmul_32ncud  |        0|      3|  128|  320|    0|
    |honeybee_fmul_32ncud_U6   |honeybee_fmul_32ncud  |        0|      3|  128|  320|    0|
    |honeybee_sitofp_3eOg_U8   |honeybee_sitofp_3eOg  |        0|      0|  168|  534|    0|
    +--------------------------+----------------------+---------+-------+-----+-----+-----+
    |Total                     |                      |        0|     15| 2192| 5131|    0|
    +--------------------------+----------------------+---------+-------+-----+-----+-----+

    * DSP48E: 
    N/A

    * Memory: 
    N/A

    * FIFO: 
    N/A

    * Expression: 
    +--------------------------+----------+-------+---+-----+------------+------------+
    |       Variable Name      | Operation| DSP48E| FF| LUT | Bitwidth P0| Bitwidth P1|
    +--------------------------+----------+-------+---+-----+------------+------------+
    |add_ln339_1_fu_1146_p2    |     +    |      0|  0|    9|           8|           9|
    |add_ln339_fu_803_p2       |     +    |      0|  0|    9|           8|           9|
    |add_ln82_1_fu_1284_p2     |     +    |      0|  0|   32|          32|          32|
    |add_ln82_2_fu_1299_p2     |     +    |      0|  0|    4|           2|           3|
    |add_ln82_3_fu_1317_p2     |     +    |      0|  0|   32|          32|          32|
    |add_ln82_fu_1262_p2       |     +    |      0|  0|   32|          32|          32|
    |i_fu_347_p2               |     +    |      0|  0|    4|           3|           1|
    |result_V_1_fu_1106_p2     |     -    |      0|  0|   32|           1|          32|
    |sub_ln1311_1_fu_1160_p2   |     -    |      0|  0|    8|           7|           8|
    |sub_ln1311_fu_817_p2      |     -    |      0|  0|    8|           7|           8|
    |sub_ln82_fu_1236_p2       |     -    |      0|  0|   30|           1|          30|
    |and_ln49_1_fu_505_p2      |    and   |      0|  0|    1|           1|           1|
    |and_ln49_2_fu_849_p2      |    and   |      0|  0|    1|           1|           1|
    |and_ln49_3_fu_855_p2      |    and   |      0|  0|    1|           1|           1|
    |and_ln49_4_fu_515_p2      |    and   |      0|  0|    1|           1|           1|
    |and_ln49_5_fu_865_p2      |    and   |      0|  0|    1|           1|           1|
    |and_ln49_6_fu_871_p2      |    and   |      0|  0|    1|           1|           1|
    |and_ln49_7_fu_950_p2      |    and   |      0|  0|    1|           1|           1|
    |and_ln49_fu_393_p2        |    and   |      0|  0|    1|           1|           1|
    |and_ln50_1_fu_525_p2      |    and   |      0|  0|    1|           1|           1|
    |and_ln50_2_fu_917_p2      |    and   |      0|  0|    1|           1|           1|
    |and_ln50_3_fu_923_p2      |    and   |      0|  0|    1|           1|           1|
    |and_ln50_4_fu_535_p2      |    and   |      0|  0|    1|           1|           1|
    |and_ln50_fu_439_p2        |    and   |      0|  0|    1|           1|           1|
    |and_ln51_10_fu_1011_p2    |    and   |      0|  0|    1|           1|           1|
    |and_ln51_11_fu_1023_p2    |    and   |      0|  0|    1|           1|           1|
    |and_ln51_12_fu_1029_p2    |    and   |      0|  0|    1|           1|           1|
    |and_ln51_1_fu_545_p2      |    and   |      0|  0|    1|           1|           1|
    |and_ln51_2_fu_555_p2      |    and   |      0|  0|    1|           1|           1|
    |and_ln51_3_fu_939_p2      |    and   |      0|  0|    1|           1|           1|
    |and_ln51_4_fu_944_p2      |    and   |      0|  0|    1|           1|           1|
    |and_ln51_5_fu_978_p2      |    and   |      0|  0|    1|           1|           1|
    |and_ln51_6_fu_983_p2      |    and   |      0|  0|    1|           1|           1|
    |and_ln51_7_fu_989_p2      |    and   |      0|  0|    1|           1|           1|
    |and_ln51_8_fu_999_p2      |    and   |      0|  0|    1|           1|           1|
    |and_ln51_9_fu_1005_p2     |    and   |      0|  0|    1|           1|           1|
    |and_ln51_fu_485_p2        |    and   |      0|  0|    1|           1|           1|
    |icmp_ln49_1_fu_272_p2     |   icmp   |      0|  0|    9|          23|           1|
    |icmp_ln49_2_fu_382_p2     |   icmp   |      0|  0|    4|           8|           2|
    |icmp_ln49_3_fu_278_p2     |   icmp   |      0|  0|    9|          23|           1|
    |icmp_ln49_4_fu_600_p2     |   icmp   |      0|  0|    4|           8|           2|
    |icmp_ln49_5_fu_606_p2     |   icmp   |      0|  0|    9|          23|           1|
    |icmp_ln49_6_fu_612_p2     |   icmp   |      0|  0|    4|           8|           2|
    |icmp_ln49_7_fu_839_p2     |   icmp   |      0|  0|    9|          23|           1|
    |icmp_ln49_8_fu_635_p2     |   icmp   |      0|  0|    4|           8|           2|
    |icmp_ln49_9_fu_641_p2     |   icmp   |      0|  0|    9|          23|           1|
    |icmp_ln49_fu_371_p2       |   icmp   |      0|  0|    4|           8|           2|
    |icmp_ln50_1_fu_298_p2     |   icmp   |      0|  0|    9|          23|           1|
    |icmp_ln50_2_fu_428_p2     |   icmp   |      0|  0|    4|           8|           2|
    |icmp_ln50_3_fu_304_p2     |   icmp   |      0|  0|    9|          23|           1|
    |icmp_ln50_4_fu_664_p2     |   icmp   |      0|  0|    4|           8|           2|
    |icmp_ln50_5_fu_670_p2     |   icmp   |      0|  0|    9|          23|           1|
    |icmp_ln50_6_fu_899_p2     |   icmp   |      0|  0|    4|           8|           2|
    |icmp_ln50_7_fu_905_p2     |   icmp   |      0|  0|    9|          23|           1|
    |icmp_ln50_fu_417_p2       |   icmp   |      0|  0|    4|           8|           2|
    |icmp_ln51_10_fu_787_p2    |   icmp   |      0|  0|    4|           8|           2|
    |icmp_ln51_11_fu_793_p2    |   icmp   |      0|  0|    9|          23|           1|
    |icmp_ln51_1_fu_324_p2     |   icmp   |      0|  0|    9|          23|           1|
    |icmp_ln51_2_fu_474_p2     |   icmp   |      0|  0|    4|           8|           2|
    |icmp_ln51_3_fu_330_p2     |   icmp   |      0|  0|    9|          23|           1|
    |icmp_ln51_4_fu_711_p2     |   icmp   |      0|  0|    4|           8|           2|
    |icmp_ln51_5_fu_717_p2     |   icmp   |      0|  0|    9|          23|           1|
    |icmp_ln51_6_fu_723_p2     |   icmp   |      0|  0|    4|           8|           2|
    |icmp_ln51_7_fu_729_p2     |   icmp   |      0|  0|    9|          23|           1|
    |icmp_ln51_8_fu_758_p2     |   icmp   |      0|  0|    4|           8|           2|
    |icmp_ln51_9_fu_764_p2     |   icmp   |      0|  0|    9|          23|           1|
    |icmp_ln51_fu_463_p2       |   icmp   |      0|  0|    4|           8|           2|
    |icmp_ln92_fu_341_p2       |   icmp   |      0|  0|    2|           3|           4|
    |r_V_2_fu_1190_p2          |   lshr   |      0|  0|   66|          25|          25|
    |r_V_fu_1065_p2            |   lshr   |      0|  0|   66|          25|          25|
    |collisions_fu_1338_p2     |    or    |      0|  0|   64|          64|          64|
    |or_ln49_1_fu_388_p2       |    or    |      0|  0|    1|           1|           1|
    |or_ln49_2_fu_835_p2       |    or    |      0|  0|    1|           1|           1|
    |or_ln49_3_fu_844_p2       |    or    |      0|  0|    1|           1|           1|
    |or_ln49_4_fu_861_p2       |    or    |      0|  0|    1|           1|           1|
    |or_ln49_fu_377_p2         |    or    |      0|  0|    1|           1|           1|
    |or_ln50_1_fu_434_p2       |    or    |      0|  0|    1|           1|           1|
    |or_ln50_2_fu_895_p2       |    or    |      0|  0|    1|           1|           1|
    |or_ln50_3_fu_911_p2       |    or    |      0|  0|    1|           1|           1|
    |or_ln50_4_fu_962_p2       |    or    |      0|  0|    1|           1|           1|
    |or_ln50_5_fu_968_p2       |    or    |      0|  0|    1|           1|           1|
    |or_ln50_fu_423_p2         |    or    |      0|  0|    1|           1|           1|
    |or_ln51_1_fu_480_p2       |    or    |      0|  0|    1|           1|           1|
    |or_ln51_2_fu_935_p2       |    or    |      0|  0|    1|           1|           1|
    |or_ln51_3_fu_735_p2       |    or    |      0|  0|    1|           1|           1|
    |or_ln51_4_fu_974_p2       |    or    |      0|  0|    1|           1|           1|
    |or_ln51_5_fu_995_p2       |    or    |      0|  0|    1|           1|           1|
    |or_ln51_6_fu_1017_p2      |    or    |      0|  0|    1|           1|           1|
    |or_ln51_fu_469_p2         |    or    |      0|  0|    1|           1|           1|
    |or_ln98_fu_1332_p2        |    or    |      0|  0|   64|          64|          64|
    |collisions_1_fu_1344_p3   |  select  |      0|  0|   64|           1|          64|
    |p_Val2_4_fu_1099_p3       |  select  |      0|  0|   32|           1|          32|
    |p_Val2_5_fu_1112_p3       |  select  |      0|  0|   32|           1|          32|
    |p_a_1_fu_519_p3           |  select  |      0|  0|   32|           1|          32|
    |p_a_2_fu_529_p3           |  select  |      0|  0|   32|           1|          32|
    |p_a_3_fu_539_p3           |  select  |      0|  0|   32|           1|          32|
    |p_a_4_fu_549_p3           |  select  |      0|  0|   32|           1|          32|
    |p_a_5_fu_559_p3           |  select  |      0|  0|   32|           1|          32|
    |p_a_fu_509_p3             |  select  |      0|  0|   32|           1|          32|
    |select_ln1312_fu_1224_p3  |  select  |      0|  0|   55|           1|          55|
    |select_ln59_fu_1246_p3    |  select  |      0|  0|   30|           1|          30|
    |ush_1_fu_1170_p3          |  select  |      0|  0|    9|           1|           9|
    |ush_fu_827_p3             |  select  |      0|  0|    9|           1|           9|
    |r_V_1_fu_1071_p2          |    shl   |      0|  0|  243|          79|          79|
    |r_V_3_fu_1196_p2          |    shl   |      0|  0|  243|          79|          79|
    |shl_ln97_fu_1293_p2       |    shl   |      0|  0|  182|           1|          64|
    |shl_ln98_fu_1326_p2       |    shl   |      0|  0|  182|           1|          64|
    |xor_ln22_fu_495_p2        |    xor   |      0|  0|   33|          32|          33|
    |xor_ln49_fu_956_p2        |    xor   |      0|  0|    2|           2|           1|
    |xor_ln50_fu_929_p2        |    xor   |      0|  0|    2|           2|           1|
    +--------------------------+----------+-------+---+-----+------------+------------+
    |Total                     |          |      0|  0| 2011|        1032|        1211|
    +--------------------------+----------+-------+---+-----+------------+------------+

    * Multiplexer: 
    +----------------------+----+-----------+-----+-----------+
    |         Name         | LUT| Input Size| Bits| Total Bits|
    +----------------------+----+-----------+-----+-----------+
    |ap_NS_fsm             |  11|         57|    1|         57|
    |ap_return             |   3|          2|   64|        128|
    |collisions_0_reg_124  |   3|          2|   64|        128|
    |grp_fu_148_opcode     |   3|          3|    2|          6|
    |grp_fu_148_p0         |   4|          5|   32|        160|
    |grp_fu_148_p1         |   4|          6|   32|        192|
    |grp_fu_154_opcode     |   3|          3|    2|          6|
    |grp_fu_154_p0         |   4|          5|   32|        160|
    |grp_fu_154_p1         |   4|          5|   32|        160|
    |grp_fu_160_opcode     |   3|          3|    2|          6|
    |grp_fu_160_p0         |   3|          4|   32|        128|
    |grp_fu_160_p1         |   3|          3|   32|         96|
    |grp_fu_166_p0         |   3|          3|   32|         96|
    |grp_fu_166_p1         |   3|          4|   32|        128|
    |grp_fu_171_p0         |   3|          3|   32|         96|
    |grp_fu_171_p1         |   3|          4|   32|        128|
    |grp_fu_175_p0         |   3|          3|   32|         96|
    |grp_fu_175_p1         |   3|          3|   32|         96|
    |grp_fu_186_opcode     |   3|          3|    5|         15|
    |grp_fu_186_p0         |   3|          3|   32|         96|
    |grp_fu_186_p1         |   3|          3|   32|         96|
    |grp_fu_190_opcode     |   3|          3|    5|         15|
    |grp_fu_190_p0         |   3|          3|   32|         96|
    |grp_fu_190_p1         |   3|          3|   32|         96|
    |grp_fu_194_opcode     |   3|          3|    5|         15|
    |grp_fu_194_p0         |   3|          3|   32|         96|
    |grp_fu_194_p1         |   3|          3|   32|         96|
    |grp_fu_198_opcode     |   3|          3|    5|         15|
    |grp_fu_198_p0         |   3|          3|   32|         96|
    |grp_fu_198_p1         |   3|          3|   32|         96|
    |grp_fu_202_opcode     |   3|          3|    5|         15|
    |grp_fu_202_p0         |   3|          3|   32|         96|
    |grp_fu_202_p1         |   3|          3|   32|         96|
    |grp_fu_206_opcode     |   3|          3|    5|         15|
    |grp_fu_206_p0         |   3|          3|   32|         96|
    |grp_fu_206_p1         |   3|          3|   32|         96|
    |k_assign_reg_136      |   3|          2|    3|          6|
    +----------------------+----+-----------+-----+-----------+
    |Total                 | 123|        174|  936|       3115|
    +----------------------+----+-----------+-----+-----------+

    * Register: 
    +-------------------------+----+----+-----+-----------+
    |           Name          | FF | LUT| Bits| Const Bits|
    +-------------------------+----+----+-----+-----------+
    |R_z_reg_1551             |  32|   0|   32|          0|
    |T_reg_1567               |  32|   0|   32|          0|
    |add_ln82_reg_1708        |  32|   0|   32|          0|
    |and_ln49_reg_1533        |   1|   0|    1|          0|
    |and_ln50_reg_1539        |   1|   0|    1|          0|
    |and_ln51_12_reg_1703     |   1|   0|    1|          0|
    |and_ln51_reg_1545        |   1|   0|    1|          0|
    |ap_CS_fsm                |  56|   0|   56|          0|
    |ap_return_preg           |  64|   0|   64|          0|
    |bitcast_ln49_1_reg_1435  |  32|   0|   32|          0|
    |bitcast_ln49_reg_1430    |  32|   0|   32|          0|
    |bitcast_ln50_1_reg_1465  |  32|   0|   32|          0|
    |bitcast_ln50_reg_1460    |  32|   0|   32|          0|
    |bitcast_ln51_1_reg_1495  |  32|   0|   32|          0|
    |bitcast_ln51_reg_1490    |  32|   0|   32|          0|
    |collisions_0_reg_124     |  64|   0|   64|          0|
    |i_reg_1528               |   3|   0|    3|          0|
    |icmp_ln49_1_reg_1440     |   1|   0|    1|          0|
    |icmp_ln49_3_reg_1445     |   1|   0|    1|          0|
    |icmp_ln49_4_reg_1621     |   1|   0|    1|          0|
    |icmp_ln49_5_reg_1626     |   1|   0|    1|          0|
    |icmp_ln49_6_reg_1631     |   1|   0|    1|          0|
    |icmp_ln49_8_reg_1636     |   1|   0|    1|          0|
    |icmp_ln49_9_reg_1641     |   1|   0|    1|          0|
    |icmp_ln50_1_reg_1470     |   1|   0|    1|          0|
    |icmp_ln50_3_reg_1475     |   1|   0|    1|          0|
    |icmp_ln50_4_reg_1646     |   1|   0|    1|          0|
    |icmp_ln50_5_reg_1651     |   1|   0|    1|          0|
    |icmp_ln51_10_reg_1682    |   1|   0|    1|          0|
    |icmp_ln51_11_reg_1687    |   1|   0|    1|          0|
    |icmp_ln51_1_reg_1500     |   1|   0|    1|          0|
    |icmp_ln51_3_reg_1505     |   1|   0|    1|          0|
    |icmp_ln51_4_reg_1656     |   1|   0|    1|          0|
    |icmp_ln51_5_reg_1661     |   1|   0|    1|          0|
    |icmp_ln51_8_reg_1672     |   1|   0|    1|          0|
    |icmp_ln51_9_reg_1677     |   1|   0|    1|          0|
    |isNeg_reg_1692           |   1|   0|    1|          0|
    |k_assign_reg_136         |   3|   0|    3|          0|
    |or_ln51_3_reg_1666       |   1|   0|    1|          0|
    |p_Val2_1_reg_1610        |  32|   0|   32|          0|
    |p_a_1_reg_1580           |  32|   0|   32|          0|
    |p_a_2_reg_1586           |  32|   0|   32|          0|
    |p_a_3_reg_1592           |  32|   0|   32|          0|
    |p_a_4_reg_1598           |  32|   0|   32|          0|
    |p_a_5_reg_1604           |  32|   0|   32|          0|
    |p_a_reg_1574             |  32|   0|   32|          0|
    |reg_210                  |  32|   0|   32|          0|
    |reg_223                  |  32|   0|   32|          0|
    |reg_230                  |  32|   0|   32|          0|
    |reg_236                  |  32|   0|   32|          0|
    |reg_242                  |  32|   0|   32|          0|
    |reg_251                  |  32|   0|   32|          0|
    |tmp_19_i_i_reg_1414      |  32|   0|   32|          0|
    |tmp_21_i_i_reg_1419      |  32|   0|   32|          0|
    |tmp_24_i_i_reg_1424      |  32|   0|   32|          0|
    |tmp_2_reg_1450           |   1|   0|    1|          0|
    |tmp_4_reg_1515           |   1|   0|    1|          0|
    |tmp_6_reg_1485           |   1|   0|    1|          0|
    |tmp_7_reg_1510           |   1|   0|    1|          0|
    |tmp_8_reg_1455           |   1|   0|    1|          0|
    |tmp_V_1_reg_1615         |  23|   0|   23|          0|
    |tmp_s_reg_1480           |   1|   0|    1|          0|
    |ush_reg_1697             |   9|   0|    9|          0|
    |xor_ln22_reg_1557        |  32|   0|   32|          0|
    +-------------------------+----+----+-----+-----------+
    |Total                    |1085|   0| 1085|          0|
    +-------------------------+----+----+-----+-----------+



================================================================
== Interface
================================================================
* Summary: 
+-----------+-----+-----+------------+--------------+--------------+
| RTL Ports | Dir | Bits|  Protocol  | Source Object|    C Type    |
+-----------+-----+-----+------------+--------------+--------------+
|ap_clk     |  in |    1| ap_ctrl_hs |  checkAxis.2 | return value |
|ap_rst     |  in |    1| ap_ctrl_hs |  checkAxis.2 | return value |
|ap_start   |  in |    1| ap_ctrl_hs |  checkAxis.2 | return value |
|ap_done    | out |    1| ap_ctrl_hs |  checkAxis.2 | return value |
|ap_idle    | out |    1| ap_ctrl_hs |  checkAxis.2 | return value |
|ap_ready   | out |    1| ap_ctrl_hs |  checkAxis.2 | return value |
|ap_return  | out |   64| ap_ctrl_hs |  checkAxis.2 | return value |
|edge_p1_x  |  in |   32|   ap_none  |   edge_p1_x  |    scalar    |
|edge_p1_y  |  in |   32|   ap_none  |   edge_p1_y  |    scalar    |
|edge_p1_z  |  in |   32|   ap_none  |   edge_p1_z  |    scalar    |
|edge_p2_x  |  in |   32|   ap_none  |   edge_p2_x  |    scalar    |
|edge_p2_y  |  in |   32|   ap_none  |   edge_p2_y  |    scalar    |
|edge_p2_z  |  in |   32|   ap_none  |   edge_p2_z  |    scalar    |
+-----------+-----+-----+------------+--------------+--------------+

