

================================================================
== Vivado HLS Report for 'checkAxis_1'
================================================================
* Date:           Sun Mar 29 20:26:59 2020

* Version:        2019.2 (Build 2704478 on Wed Nov 06 22:10:23 MST 2019)
* Project:        honeybee_proj
* Solution:       HBD
* Product family: zynq
* Target device:  xc7z030i-fbg484-2L


================================================================
== Performance Estimates
================================================================
+ Timing: 
    * Summary: 
    +--------+----------+----------+------------+
    |  Clock |  Target  | Estimated| Uncertainty|
    +--------+----------+----------+------------+
    |ap_clk  | 10.00 ns | 9.478 ns |   1.25 ns  |
    +--------+----------+----------+------------+

+ Latency: 
    * Summary: 
    +---------+---------+----------+----------+-----+-----+---------+
    |  Latency (cycles) |  Latency (absolute) |  Interval | Pipeline|
    |   min   |   max   |    min   |    max   | min | max |   Type  |
    +---------+---------+----------+----------+-----+-----+---------+
    |      212|      212| 2.120 us | 2.120 us |  212|  212|   none  |
    +---------+---------+----------+----------+-----+-----+---------+

    + Detail: 
        * Instance: 
        N/A

        * Loop: 
        +----------+---------+---------+----------+-----------+-----------+------+----------+
        |          |  Latency (cycles) | Iteration|  Initiation Interval  | Trip |          |
        | Loop Name|   min   |   max   |  Latency |  achieved |   target  | Count| Pipelined|
        +----------+---------+---------+----------+-----------+-----------+------+----------+
        |- Loop 1  |      208|      208|        52|          -|          -|     4|    no    |
        +----------+---------+---------+----------+-----------+-----------+------+----------+



================================================================
== Utilization Estimates
================================================================
* Summary: 
+-----------------+---------+-------+--------+-------+-----+
|       Name      | BRAM_18K| DSP48E|   FF   |  LUT  | URAM|
+-----------------+---------+-------+--------+-------+-----+
|DSP              |        -|      -|       -|      -|    -|
|Expression       |        -|      -|       0|   2031|    -|
|FIFO             |        -|      -|       -|      -|    -|
|Instance         |        -|     15|    2192|   5131|    -|
|Memory           |        -|      -|       -|      -|    -|
|Multiplexer      |        -|      -|       -|    123|    -|
|Register         |        -|      -|    1114|      -|    -|
+-----------------+---------+-------+--------+-------+-----+
|Total            |        0|     15|    3306|   7285|    0|
+-----------------+---------+-------+--------+-------+-----+
|Available        |      530|    400|  157200|  78600|    0|
+-----------------+---------+-------+--------+-------+-----+
|Utilization (%)  |        0|      3|       2|      9|    0|
+-----------------+---------+-------+--------+-------+-----+

+ Detail: 
    * Instance: 
    +--------------------------+----------------------+---------+-------+-----+-----+-----+
    |         Instance         |        Module        | BRAM_18K| DSP48E|  FF | LUT | URAM|
    +--------------------------+----------------------+---------+-------+-----+-----+-----+
    |honeybee_faddfsubbkb_U46  |honeybee_faddfsubbkb  |        0|      2|  227|  404|    0|
    |honeybee_faddfsubbkb_U47  |honeybee_faddfsubbkb  |        0|      2|  227|  404|    0|
    |honeybee_faddfsubbkb_U48  |honeybee_faddfsubbkb  |        0|      2|  227|  404|    0|
    |honeybee_fcmp_32nfYi_U54  |honeybee_fcmp_32nfYi  |        0|      0|   66|  239|    0|
    |honeybee_fcmp_32nfYi_U55  |honeybee_fcmp_32nfYi  |        0|      0|   66|  239|    0|
    |honeybee_fcmp_32nfYi_U56  |honeybee_fcmp_32nfYi  |        0|      0|   66|  239|    0|
    |honeybee_fcmp_32nfYi_U57  |honeybee_fcmp_32nfYi  |        0|      0|   66|  239|    0|
    |honeybee_fcmp_32nfYi_U58  |honeybee_fcmp_32nfYi  |        0|      0|   66|  239|    0|
    |honeybee_fcmp_32nfYi_U59  |honeybee_fcmp_32nfYi  |        0|      0|   66|  239|    0|
    |honeybee_fdiv_32ndEe_U52  |honeybee_fdiv_32ndEe  |        0|      0|  563|  991|    0|
    |honeybee_fmul_32ncud_U49  |honeybee_fmul_32ncud  |        0|      3|  128|  320|    0|
    |honeybee_fmul_32ncud_U50  |honeybee_fmul_32ncud  |        0|      3|  128|  320|    0|
    |honeybee_fmul_32ncud_U51  |honeybee_fmul_32ncud  |        0|      3|  128|  320|    0|
    |honeybee_sitofp_3eOg_U53  |honeybee_sitofp_3eOg  |        0|      0|  168|  534|    0|
    +--------------------------+----------------------+---------+-------+-----+-----+-----+
    |Total                     |                      |        0|     15| 2192| 5131|    0|
    +--------------------------+----------------------+---------+-------+-----+-----+-----+

    * DSP48E: 
    N/A

    * Memory: 
    N/A

    * FIFO: 
    N/A

    * Expression: 
    +--------------------------+----------+-------+---+-----+------------+------------+
    |       Variable Name      | Operation| DSP48E| FF| LUT | Bitwidth P0| Bitwidth P1|
    +--------------------------+----------+-------+---+-----+------------+------------+
    |add_ln339_2_fu_995_p2     |     +    |      0|  0|    9|           8|           9|
    |add_ln339_fu_873_p2       |     +    |      0|  0|    9|           8|           9|
    |add_ln82_4_fu_1294_p2     |     +    |      0|  0|   32|          32|          32|
    |add_ln82_5_fu_1299_p2     |     +    |      0|  0|   32|           2|          32|
    |add_ln82_6_fu_1305_p2     |     +    |      0|  0|   32|          32|          32|
    |add_ln82_fu_1288_p2       |     +    |      0|  0|   32|          32|          32|
    |i_fu_347_p2               |     +    |      0|  0|    4|           3|           1|
    |sub_ln1311_2_fu_1009_p2   |     -    |      0|  0|    8|           7|           8|
    |sub_ln1311_fu_887_p2      |     -    |      0|  0|    8|           7|           8|
    |sub_ln82_1_fu_1097_p2     |     -    |      0|  0|   28|           1|          28|
    |sub_ln82_fu_963_p2        |     -    |      0|  0|   30|           1|          30|
    |and_ln49_10_fu_1124_p2    |    and   |      0|  0|    1|           1|           1|
    |and_ln49_11_fu_515_p2     |    and   |      0|  0|    1|           1|           1|
    |and_ln49_12_fu_1134_p2    |    and   |      0|  0|    1|           1|           1|
    |and_ln49_13_fu_1139_p2    |    and   |      0|  0|    1|           1|           1|
    |and_ln49_14_fu_1181_p2    |    and   |      0|  0|    1|           1|           1|
    |and_ln49_8_fu_505_p2      |    and   |      0|  0|    1|           1|           1|
    |and_ln49_9_fu_1119_p2     |    and   |      0|  0|    1|           1|           1|
    |and_ln49_fu_393_p2        |    and   |      0|  0|    1|           1|           1|
    |and_ln50_5_fu_525_p2      |    and   |      0|  0|    1|           1|           1|
    |and_ln50_6_fu_1149_p2     |    and   |      0|  0|    1|           1|           1|
    |and_ln50_7_fu_1154_p2     |    and   |      0|  0|    1|           1|           1|
    |and_ln50_8_fu_535_p2      |    and   |      0|  0|    1|           1|           1|
    |and_ln50_fu_439_p2        |    and   |      0|  0|    1|           1|           1|
    |and_ln51_13_fu_545_p2     |    and   |      0|  0|    1|           1|           1|
    |and_ln51_14_fu_555_p2     |    and   |      0|  0|    1|           1|           1|
    |and_ln51_15_fu_1170_p2    |    and   |      0|  0|    1|           1|           1|
    |and_ln51_16_fu_1175_p2    |    and   |      0|  0|    1|           1|           1|
    |and_ln51_17_fu_1209_p2    |    and   |      0|  0|    1|           1|           1|
    |and_ln51_18_fu_1214_p2    |    and   |      0|  0|    1|           1|           1|
    |and_ln51_19_fu_1220_p2    |    and   |      0|  0|    1|           1|           1|
    |and_ln51_20_fu_1230_p2    |    and   |      0|  0|    1|           1|           1|
    |and_ln51_21_fu_1235_p2    |    and   |      0|  0|    1|           1|           1|
    |and_ln51_22_fu_1241_p2    |    and   |      0|  0|    1|           1|           1|
    |and_ln51_23_fu_1253_p2    |    and   |      0|  0|    1|           1|           1|
    |and_ln51_24_fu_1259_p2    |    and   |      0|  0|    1|           1|           1|
    |and_ln51_fu_485_p2        |    and   |      0|  0|    1|           1|           1|
    |icmp_ln49_10_fu_272_p2    |   icmp   |      0|  0|    9|          23|           1|
    |icmp_ln49_11_fu_278_p2    |   icmp   |      0|  0|    9|          23|           1|
    |icmp_ln49_12_fu_382_p2    |   icmp   |      0|  0|    4|           8|           2|
    |icmp_ln49_13_fu_600_p2    |   icmp   |      0|  0|    4|           8|           2|
    |icmp_ln49_14_fu_606_p2    |   icmp   |      0|  0|    9|          23|           1|
    |icmp_ln49_15_fu_612_p2    |   icmp   |      0|  0|    4|           8|           2|
    |icmp_ln49_16_fu_618_p2    |   icmp   |      0|  0|    9|          23|           1|
    |icmp_ln49_17_fu_647_p2    |   icmp   |      0|  0|    4|           8|           2|
    |icmp_ln49_18_fu_653_p2    |   icmp   |      0|  0|    9|          23|           1|
    |icmp_ln49_fu_371_p2       |   icmp   |      0|  0|    4|           8|           2|
    |icmp_ln50_10_fu_428_p2    |   icmp   |      0|  0|    4|           8|           2|
    |icmp_ln50_11_fu_694_p2    |   icmp   |      0|  0|    4|           8|           2|
    |icmp_ln50_12_fu_700_p2    |   icmp   |      0|  0|    9|          23|           1|
    |icmp_ln50_13_fu_706_p2    |   icmp   |      0|  0|    4|           8|           2|
    |icmp_ln50_14_fu_712_p2    |   icmp   |      0|  0|    9|          23|           1|
    |icmp_ln50_8_fu_298_p2     |   icmp   |      0|  0|    9|          23|           1|
    |icmp_ln50_9_fu_304_p2     |   icmp   |      0|  0|    9|          23|           1|
    |icmp_ln50_fu_417_p2       |   icmp   |      0|  0|    4|           8|           2|
    |icmp_ln51_12_fu_324_p2    |   icmp   |      0|  0|    9|          23|           1|
    |icmp_ln51_13_fu_330_p2    |   icmp   |      0|  0|    9|          23|           1|
    |icmp_ln51_14_fu_474_p2    |   icmp   |      0|  0|    4|           8|           2|
    |icmp_ln51_15_fu_759_p2    |   icmp   |      0|  0|    4|           8|           2|
    |icmp_ln51_16_fu_765_p2    |   icmp   |      0|  0|    9|          23|           1|
    |icmp_ln51_17_fu_771_p2    |   icmp   |      0|  0|    4|           8|           2|
    |icmp_ln51_18_fu_777_p2    |   icmp   |      0|  0|    9|          23|           1|
    |icmp_ln51_19_fu_806_p2    |   icmp   |      0|  0|    4|           8|           2|
    |icmp_ln51_20_fu_812_p2    |   icmp   |      0|  0|    9|          23|           1|
    |icmp_ln51_21_fu_835_p2    |   icmp   |      0|  0|    4|           8|           2|
    |icmp_ln51_22_fu_841_p2    |   icmp   |      0|  0|    9|          23|           1|
    |icmp_ln51_fu_463_p2       |   icmp   |      0|  0|    4|           8|           2|
    |icmp_ln92_fu_341_p2       |   icmp   |      0|  0|    2|           3|           4|
    |r_V_5_fu_1039_p2          |   lshr   |      0|  0|   66|          25|          25|
    |r_V_fu_917_p2             |   lshr   |      0|  0|   66|          25|          25|
    |collisions_fu_1335_p2     |    or    |      0|  0|   64|          64|          64|
    |or_ln122_fu_1329_p2       |    or    |      0|  0|   64|          64|          64|
    |or_ln49_5_fu_388_p2       |    or    |      0|  0|    1|           1|           1|
    |or_ln49_6_fu_1115_p2      |    or    |      0|  0|    1|           1|           1|
    |or_ln49_7_fu_624_p2       |    or    |      0|  0|    1|           1|           1|
    |or_ln49_8_fu_1130_p2      |    or    |      0|  0|    1|           1|           1|
    |or_ln49_fu_377_p2         |    or    |      0|  0|    1|           1|           1|
    |or_ln50_10_fu_1199_p2     |    or    |      0|  0|    1|           1|           1|
    |or_ln50_6_fu_434_p2       |    or    |      0|  0|    1|           1|           1|
    |or_ln50_7_fu_1145_p2      |    or    |      0|  0|    1|           1|           1|
    |or_ln50_8_fu_718_p2       |    or    |      0|  0|    1|           1|           1|
    |or_ln50_9_fu_1193_p2      |    or    |      0|  0|    1|           1|           1|
    |or_ln50_fu_423_p2         |    or    |      0|  0|    1|           1|           1|
    |or_ln51_10_fu_1205_p2     |    or    |      0|  0|    1|           1|           1|
    |or_ln51_11_fu_1226_p2     |    or    |      0|  0|    1|           1|           1|
    |or_ln51_12_fu_1247_p2     |    or    |      0|  0|    1|           1|           1|
    |or_ln51_7_fu_480_p2       |    or    |      0|  0|    1|           1|           1|
    |or_ln51_8_fu_1166_p2      |    or    |      0|  0|    1|           1|           1|
    |or_ln51_9_fu_783_p2       |    or    |      0|  0|    1|           1|           1|
    |or_ln51_fu_469_p2         |    or    |      0|  0|    1|           1|           1|
    |collisions_2_fu_1341_p3   |  select  |      0|  0|   64|           1|          64|
    |p_Val2_11_fu_1073_p3      |  select  |      0|  0|   32|           1|          32|
    |p_a_10_fu_559_p3          |  select  |      0|  0|   32|           1|          32|
    |p_a_6_fu_519_p3           |  select  |      0|  0|   32|           1|          32|
    |p_a_7_fu_529_p3           |  select  |      0|  0|   32|           1|          32|
    |p_a_8_fu_539_p3           |  select  |      0|  0|   32|           1|          32|
    |p_a_9_fu_549_p3           |  select  |      0|  0|   32|           1|          32|
    |p_a_fu_509_p3             |  select  |      0|  0|   32|           1|          32|
    |select_ln1312_fu_951_p3   |  select  |      0|  0|   55|           1|          55|
    |select_ln59_2_fu_1107_p3  |  select  |      0|  0|   28|           1|          28|
    |select_ln59_fu_1089_p3    |  select  |      0|  0|   30|           1|          30|
    |ush_2_fu_1019_p3          |  select  |      0|  0|    9|           1|           9|
    |ush_fu_897_p3             |  select  |      0|  0|    9|           1|           9|
    |r_V_4_fu_923_p2           |    shl   |      0|  0|  243|          79|          79|
    |r_V_6_fu_1045_p2          |    shl   |      0|  0|  243|          79|          79|
    |shl_ln121_fu_1314_p2      |    shl   |      0|  0|  182|           1|          64|
    |shl_ln122_fu_1323_p2      |    shl   |      0|  0|  182|           1|          64|
    |xor_ln22_fu_495_p2        |    xor   |      0|  0|   33|          32|          33|
    |xor_ln49_fu_1187_p2       |    xor   |      0|  0|    2|           2|           1|
    |xor_ln50_fu_1160_p2       |    xor   |      0|  0|    2|           2|           1|
    +--------------------------+----------+-------+---+-----+------------+------------+
    |Total                     |          |      0|  0| 2031|        1032|        1232|
    +--------------------------+----------+-------+---+-----+------------+------------+

    * Multiplexer: 
    +----------------------+----+-----------+-----+-----------+
    |         Name         | LUT| Input Size| Bits| Total Bits|
    +----------------------+----+-----------+-----+-----------+
    |ap_NS_fsm             |  11|         57|    1|         57|
    |ap_return             |   3|          2|   64|        128|
    |collisions_0_reg_124  |   3|          2|   64|        128|
    |grp_fu_148_opcode     |   3|          3|    2|          6|
    |grp_fu_148_p0         |   4|          5|   32|        160|
    |grp_fu_148_p1         |   4|          6|   32|        192|
    |grp_fu_154_opcode     |   3|          3|    2|          6|
    |grp_fu_154_p0         |   4|          5|   32|        160|
    |grp_fu_154_p1         |   4|          5|   32|        160|
    |grp_fu_160_opcode     |   3|          3|    2|          6|
    |grp_fu_160_p0         |   3|          4|   32|        128|
    |grp_fu_160_p1         |   3|          3|   32|         96|
    |grp_fu_166_p0         |   3|          3|   32|         96|
    |grp_fu_166_p1         |   3|          4|   32|        128|
    |grp_fu_171_p0         |   3|          3|   32|         96|
    |grp_fu_171_p1         |   3|          4|   32|        128|
    |grp_fu_175_p0         |   3|          3|   32|         96|
    |grp_fu_175_p1         |   3|          3|   32|         96|
    |grp_fu_186_opcode     |   3|          3|    5|         15|
    |grp_fu_186_p0         |   3|          3|   32|         96|
    |grp_fu_186_p1         |   3|          3|   32|         96|
    |grp_fu_190_opcode     |   3|          3|    5|         15|
    |grp_fu_190_p0         |   3|          3|   32|         96|
    |grp_fu_190_p1         |   3|          3|   32|         96|
    |grp_fu_194_opcode     |   3|          3|    5|         15|
    |grp_fu_194_p0         |   3|          3|   32|         96|
    |grp_fu_194_p1         |   3|          3|   32|         96|
    |grp_fu_198_opcode     |   3|          3|    5|         15|
    |grp_fu_198_p0         |   3|          3|   32|         96|
    |grp_fu_198_p1         |   3|          3|   32|         96|
    |grp_fu_202_opcode     |   3|          3|    5|         15|
    |grp_fu_202_p0         |   3|          3|   32|         96|
    |grp_fu_202_p1         |   3|          3|   32|         96|
    |grp_fu_206_opcode     |   3|          3|    5|         15|
    |grp_fu_206_p0         |   3|          3|   32|         96|
    |grp_fu_206_p1         |   3|          3|   32|         96|
    |i_assign_reg_136      |   3|          2|    3|          6|
    +----------------------+----+-----------+-----+-----------+
    |Total                 | 123|        174|  936|       3115|
    +----------------------+----+-----------+-----+-----------+

    * Register: 
    +-------------------------+----+----+-----+-----------+
    |           Name          | FF | LUT| Bits| Const Bits|
    +-------------------------+----+----+-----+-----------+
    |R_z_reg_1549             |  32|   0|   32|          0|
    |T_reg_1565               |  32|   0|   32|          0|
    |add_ln82_6_reg_1707      |  32|   0|   32|          0|
    |add_ln82_reg_1702        |  32|   0|   32|          0|
    |and_ln49_reg_1531        |   1|   0|    1|          0|
    |and_ln50_reg_1537        |   1|   0|    1|          0|
    |and_ln51_24_reg_1697     |   1|   0|    1|          0|
    |and_ln51_reg_1543        |   1|   0|    1|          0|
    |ap_CS_fsm                |  56|   0|   56|          0|
    |ap_return_preg           |  64|   0|   64|          0|
    |bitcast_ln49_5_reg_1432  |  32|   0|   32|          0|
    |bitcast_ln49_reg_1427    |  32|   0|   32|          0|
    |bitcast_ln50_4_reg_1462  |  32|   0|   32|          0|
    |bitcast_ln50_reg_1457    |  32|   0|   32|          0|
    |bitcast_ln51_6_reg_1492  |  32|   0|   32|          0|
    |bitcast_ln51_reg_1487    |  32|   0|   32|          0|
    |collisions_0_reg_124     |  64|   0|   64|          0|
    |i_assign_reg_136         |   3|   0|    3|          0|
    |i_reg_1526               |   3|   0|    3|          0|
    |icmp_ln49_10_reg_1437    |   1|   0|    1|          0|
    |icmp_ln49_11_reg_1442    |   1|   0|    1|          0|
    |icmp_ln49_13_reg_1608    |   1|   0|    1|          0|
    |icmp_ln49_14_reg_1613    |   1|   0|    1|          0|
    |icmp_ln49_17_reg_1624    |   1|   0|    1|          0|
    |icmp_ln49_18_reg_1629    |   1|   0|    1|          0|
    |icmp_ln50_11_reg_1634    |   1|   0|    1|          0|
    |icmp_ln50_12_reg_1639    |   1|   0|    1|          0|
    |icmp_ln50_8_reg_1467     |   1|   0|    1|          0|
    |icmp_ln50_9_reg_1472     |   1|   0|    1|          0|
    |icmp_ln51_12_reg_1497    |   1|   0|    1|          0|
    |icmp_ln51_13_reg_1502    |   1|   0|    1|          0|
    |icmp_ln51_15_reg_1650    |   1|   0|    1|          0|
    |icmp_ln51_16_reg_1655    |   1|   0|    1|          0|
    |icmp_ln51_19_reg_1666    |   1|   0|    1|          0|
    |icmp_ln51_20_reg_1671    |   1|   0|    1|          0|
    |icmp_ln51_21_reg_1676    |   1|   0|    1|          0|
    |icmp_ln51_22_reg_1681    |   1|   0|    1|          0|
    |or_ln49_7_reg_1618       |   1|   0|    1|          0|
    |or_ln50_8_reg_1644       |   1|   0|    1|          0|
    |or_ln51_9_reg_1660       |   1|   0|    1|          0|
    |p_a_10_reg_1602          |  32|   0|   32|          0|
    |p_a_6_reg_1578           |  32|   0|   32|          0|
    |p_a_7_reg_1584           |  32|   0|   32|          0|
    |p_a_8_reg_1590           |  32|   0|   32|          0|
    |p_a_9_reg_1596           |  32|   0|   32|          0|
    |p_a_reg_1572             |  32|   0|   32|          0|
    |reg_210                  |  32|   0|   32|          0|
    |reg_223                  |  32|   0|   32|          0|
    |reg_230                  |  32|   0|   32|          0|
    |reg_236                  |  32|   0|   32|          0|
    |reg_242                  |  32|   0|   32|          0|
    |reg_251                  |  32|   0|   32|          0|
    |select_ln59_2_reg_1691   |  28|   0|   28|          0|
    |select_ln59_reg_1686     |  30|   0|   30|          0|
    |tmp_19_i_i_reg_1411      |  32|   0|   32|          0|
    |tmp_21_i_i_reg_1416      |  32|   0|   32|          0|
    |tmp_24_i_i_reg_1421      |  32|   0|   32|          0|
    |tmp_26_reg_1452          |   1|   0|    1|          0|
    |tmp_27_reg_1477          |   1|   0|    1|          0|
    |tmp_28_reg_1482          |   1|   0|    1|          0|
    |tmp_29_reg_1507          |   1|   0|    1|          0|
    |tmp_30_reg_1512          |   1|   0|    1|          0|
    |tmp_s_reg_1447           |   1|   0|    1|          0|
    |xor_ln22_reg_1555        |  32|   0|   32|          0|
    |zext_ln92_reg_1517       |   3|   0|   32|         29|
    +-------------------------+----+----+-----+-----------+
    |Total                    |1114|   0| 1143|         29|
    +-------------------------+----+----+-----+-----------+



================================================================
== Interface
================================================================
* Summary: 
+-----------+-----+-----+------------+--------------+--------------+
| RTL Ports | Dir | Bits|  Protocol  | Source Object|    C Type    |
+-----------+-----+-----+------------+--------------+--------------+
|ap_clk     |  in |    1| ap_ctrl_hs |  checkAxis.1 | return value |
|ap_rst     |  in |    1| ap_ctrl_hs |  checkAxis.1 | return value |
|ap_start   |  in |    1| ap_ctrl_hs |  checkAxis.1 | return value |
|ap_done    | out |    1| ap_ctrl_hs |  checkAxis.1 | return value |
|ap_idle    | out |    1| ap_ctrl_hs |  checkAxis.1 | return value |
|ap_ready   | out |    1| ap_ctrl_hs |  checkAxis.1 | return value |
|ap_return  | out |   64| ap_ctrl_hs |  checkAxis.1 | return value |
|edge_p1_x  |  in |   32|   ap_none  |   edge_p1_x  |    scalar    |
|edge_p1_y  |  in |   32|   ap_none  |   edge_p1_y  |    scalar    |
|edge_p1_z  |  in |   32|   ap_none  |   edge_p1_z  |    scalar    |
|edge_p2_x  |  in |   32|   ap_none  |   edge_p2_x  |    scalar    |
|edge_p2_y  |  in |   32|   ap_none  |   edge_p2_y  |    scalar    |
|edge_p2_z  |  in |   32|   ap_none  |   edge_p2_z  |    scalar    |
+-----------+-----+-----+------------+--------------+--------------+

