

================================================================
== Vivado HLS Report for 'checkAxis_1'
================================================================
* Date:           Mon Mar 30 02:48:13 2020

* Version:        2019.2 (Build 2704478 on Wed Nov 06 22:10:23 MST 2019)
* Project:        honeybee_proj
* Solution:       HBH
* Product family: zynq
* Target device:  xc7z030i-fbg484-2L


================================================================
== Performance Estimates
================================================================
+ Timing: 
    * Summary: 
    +--------+----------+----------+------------+
    |  Clock |  Target  | Estimated| Uncertainty|
    +--------+----------+----------+------------+
    |ap_clk  | 10.00 ns | 8.588 ns |   1.25 ns  |
    +--------+----------+----------+------------+

+ Latency: 
    * Summary: 
    +---------+---------+----------+----------+-----+-----+----------+
    |  Latency (cycles) |  Latency (absolute) |  Interval | Pipeline |
    |   min   |   max   |    min   |    max   | min | max |   Type   |
    +---------+---------+----------+----------+-----+-----+----------+
    |       51|       51| 0.510 us | 0.510 us |    1|    1| function |
    +---------+---------+----------+----------+-----+-----+----------+

    + Detail: 
        * Instance: 
        +----------------------------------------+----------------------+---------+---------+-----------+-----------+-----+-----+----------+
        |                                        |                      |  Latency (cycles) |   Latency (absolute)  |  Interval | Pipeline |
        |                Instance                |        Module        |   min   |   max   |    min    |    max    | min | max |   Type   |
        +----------------------------------------+----------------------+---------+---------+-----------+-----------+-----+-----+----------+
        |grp_lineIntersectsPlane_fu_128          |lineIntersectsPlane   |       44|       44|  0.440 us |  0.440 us |    1|    1| function |
        |grp_lineIntersectsPlane_fu_146          |lineIntersectsPlane   |       44|       44|  0.440 us |  0.440 us |    1|    1| function |
        |grp_lineIntersectsPlane_fu_164          |lineIntersectsPlane   |       44|       44|  0.440 us |  0.440 us |    1|    1| function |
        |grp_lineIntersectsPlane_fu_182          |lineIntersectsPlane   |       44|       44|  0.440 us |  0.440 us |    1|    1| function |
        |grp_pointOnSegment_fu_200               |pointOnSegment        |        3|        3| 30.000 ns | 30.000 ns |    1|    1| function |
        |grp_pointOnSegment_fu_213               |pointOnSegment        |        3|        3| 30.000 ns | 30.000 ns |    1|    1| function |
        |grp_pointOnSegment_fu_226               |pointOnSegment        |        3|        3| 30.000 ns | 30.000 ns |    1|    1| function |
        |grp_pointOnSegment_fu_239               |pointOnSegment        |        3|        3| 30.000 ns | 30.000 ns |    1|    1| function |
        |j_assign_p_hls_fptosi_float_i_fu_252    |p_hls_fptosi_float_i  |        0|        0|    0 ns   |    0 ns   |    1|    1| function |
        |k_assign_p_hls_fptosi_float_i_fu_257    |p_hls_fptosi_float_i  |        0|        0|    0 ns   |    0 ns   |    1|    1| function |
        |j_assign_4_p_hls_fptosi_float_i_fu_262  |p_hls_fptosi_float_i  |        0|        0|    0 ns   |    0 ns   |    1|    1| function |
        |k_assign_1_p_hls_fptosi_float_i_fu_267  |p_hls_fptosi_float_i  |        0|        0|    0 ns   |    0 ns   |    1|    1| function |
        |j_assign_5_p_hls_fptosi_float_i_fu_272  |p_hls_fptosi_float_i  |        0|        0|    0 ns   |    0 ns   |    1|    1| function |
        |k_assign_2_p_hls_fptosi_float_i_fu_277  |p_hls_fptosi_float_i  |        0|        0|    0 ns   |    0 ns   |    1|    1| function |
        |j_assign_6_p_hls_fptosi_float_i_fu_282  |p_hls_fptosi_float_i  |        0|        0|    0 ns   |    0 ns   |    1|    1| function |
        |k_assign_3_p_hls_fptosi_float_i_fu_287  |p_hls_fptosi_float_i  |        0|        0|    0 ns   |    0 ns   |    1|    1| function |
        +----------------------------------------+----------------------+---------+---------+-----------+-----------+-----+-----+----------+

        * Loop: 
        N/A



================================================================
== Utilization Estimates
================================================================
* Summary: 
+-----------------+---------+-------+--------+-------+-----+
|       Name      | BRAM_18K| DSP48E|   FF   |  LUT  | URAM|
+-----------------+---------+-------+--------+-------+-----+
|DSP              |        -|      -|       -|      -|    -|
|Expression       |        -|      -|       0|   2352|    -|
|FIFO             |        -|      -|       -|      -|    -|
|Instance         |        0|    228|   35752|  58868|    -|
|Memory           |        -|      -|       -|      -|    -|
|Multiplexer      |        -|      -|       -|     24|    -|
|Register         |        0|      -|   14980|    640|    -|
+-----------------+---------+-------+--------+-------+-----+
|Total            |        0|    228|   50732|  61884|    0|
+-----------------+---------+-------+--------+-------+-----+
|Available        |      530|    400|  157200|  78600|    0|
+-----------------+---------+-------+--------+-------+-----+
|Utilization (%)  |        0|     57|      32|     78|    0|
+-----------------+---------+-------+--------+-------+-----+

+ Detail: 
    * Instance: 
    +----------------------------------------+----------------------+---------+-------+------+-------+-----+
    |                Instance                |        Module        | BRAM_18K| DSP48E|  FF  |  LUT  | URAM|
    +----------------------------------------+----------------------+---------+-------+------+-------+-----+
    |grp_lineIntersectsPlane_fu_128          |lineIntersectsPlane   |        0|     57|  7169|  10453|    0|
    |grp_lineIntersectsPlane_fu_146          |lineIntersectsPlane   |        0|     57|  7169|  10453|    0|
    |grp_lineIntersectsPlane_fu_164          |lineIntersectsPlane   |        0|     57|  7169|  10453|    0|
    |grp_lineIntersectsPlane_fu_182          |lineIntersectsPlane   |        0|     57|  7169|  10453|    0|
    |j_assign_p_hls_fptosi_float_i_fu_252    |p_hls_fptosi_float_i  |        0|      0|     0|    431|    0|
    |k_assign_p_hls_fptosi_float_i_fu_257    |p_hls_fptosi_float_i  |        0|      0|     0|    431|    0|
    |j_assign_4_p_hls_fptosi_float_i_fu_262  |p_hls_fptosi_float_i  |        0|      0|     0|    431|    0|
    |k_assign_1_p_hls_fptosi_float_i_fu_267  |p_hls_fptosi_float_i  |        0|      0|     0|    431|    0|
    |j_assign_5_p_hls_fptosi_float_i_fu_272  |p_hls_fptosi_float_i  |        0|      0|     0|    431|    0|
    |k_assign_2_p_hls_fptosi_float_i_fu_277  |p_hls_fptosi_float_i  |        0|      0|     0|    431|    0|
    |j_assign_6_p_hls_fptosi_float_i_fu_282  |p_hls_fptosi_float_i  |        0|      0|     0|    431|    0|
    |k_assign_3_p_hls_fptosi_float_i_fu_287  |p_hls_fptosi_float_i  |        0|      0|     0|    431|    0|
    |grp_pointOnSegment_fu_200               |pointOnSegment        |        0|      0|  1769|   3402|    0|
    |grp_pointOnSegment_fu_213               |pointOnSegment        |        0|      0|  1769|   3402|    0|
    |grp_pointOnSegment_fu_226               |pointOnSegment        |        0|      0|  1769|   3402|    0|
    |grp_pointOnSegment_fu_239               |pointOnSegment        |        0|      0|  1769|   3402|    0|
    +----------------------------------------+----------------------+---------+-------+------+-------+-----+
    |Total                                   |                      |        0|    228| 35752|  58868|    0|
    +----------------------------------------+----------------------+---------+-------+------+-------+-----+

    * DSP48E: 
    N/A

    * Memory: 
    N/A

    * FIFO: 
    N/A

    * Expression: 
    +-----------------------+----------+-------+---+-----+------------+------------+
    |     Variable Name     | Operation| DSP48E| FF| LUT | Bitwidth P0| Bitwidth P1|
    +-----------------------+----------+-------+---+-----+------------+------------+
    |add_ln80_10_fu_366_p2  |     +    |      0|  0|   32|           2|          32|
    |add_ln80_11_fu_372_p2  |     +    |      0|  0|   32|          32|          32|
    |add_ln80_12_fu_411_p2  |     +    |      0|  0|   32|          32|          32|
    |add_ln80_13_fu_427_p2  |     +    |      0|  0|   32|          32|          32|
    |add_ln80_14_fu_466_p2  |     +    |      0|  0|   32|          32|          32|
    |add_ln80_15_fu_488_p2  |     +    |      0|  0|   32|          32|          32|
    |add_ln80_16_fu_527_p2  |     +    |      0|  0|   32|          32|          32|
    |add_ln80_17_fu_549_p2  |     +    |      0|  0|   32|          32|          32|
    |add_ln80_fu_350_p2     |     +    |      0|  0|   32|          32|          32|
    |ap_return              |    or    |      0|  0|   64|          64|          64|
    |or_ln133_1_fu_443_p2   |    or    |      0|  0|   64|          64|          64|
    |or_ln133_2_fu_504_p2   |    or    |      0|  0|   64|          64|          64|
    |or_ln133_3_fu_565_p2   |    or    |      0|  0|   64|          64|          64|
    |or_ln133_fu_388_p2     |    or    |      0|  0|   64|          64|          64|
    |or_ln139_3_fu_578_p2   |    or    |      0|  0|   64|          64|          64|
    |or_ln139_fu_572_p2     |    or    |      0|  0|   64|          64|          64|
    |or_ln80_1_fu_460_p2    |    or    |      0|  0|   32|          32|           2|
    |or_ln80_2_fu_482_p2    |    or    |      0|  0|   32|          32|           1|
    |or_ln80_3_fu_521_p2    |    or    |      0|  0|   32|          32|           2|
    |or_ln80_4_fu_543_p2    |    or    |      0|  0|   32|          32|           2|
    |or_ln80_fu_405_p2      |    or    |      0|  0|   32|          32|           1|
    |shl_ln132_1_fu_421_p2  |    shl   |      0|  0|  182|           1|          64|
    |shl_ln132_2_fu_476_p2  |    shl   |      0|  0|  182|           1|          64|
    |shl_ln132_3_fu_537_p2  |    shl   |      0|  0|  182|           1|          64|
    |shl_ln132_fu_360_p2    |    shl   |      0|  0|  182|           1|          64|
    |shl_ln133_1_fu_437_p2  |    shl   |      0|  0|  182|           1|          64|
    |shl_ln133_2_fu_498_p2  |    shl   |      0|  0|  182|           1|          64|
    |shl_ln133_3_fu_559_p2  |    shl   |      0|  0|  182|           1|          64|
    |shl_ln133_fu_382_p2    |    shl   |      0|  0|  182|           1|          64|
    +-----------------------+----------+-------+---+-----+------------+------------+
    |Total                  |          |      0|  0| 2352|         874|        1256|
    +-----------------------+----------+-------+---+-----+------------+------------+

    * Multiplexer: 
    +-------------------------------------------------+----+-----------+-----+-----------+
    |                       Name                      | LUT| Input Size| Bits| Total Bits|
    +-------------------------------------------------+----+-----------+-----+-----------+
    |ap_phi_mux_collisions_load_0_phi_fu_88_p4        |   3|          2|   64|        128|
    |ap_phi_mux_collisions_load_1_phi_fu_99_p4        |   3|          2|   64|        128|
    |ap_phi_mux_collisions_load_2_phi_fu_110_p4       |   3|          2|   64|        128|
    |ap_phi_mux_collisions_load_3_phi_fu_121_p4       |   3|          2|   64|        128|
    |ap_phi_reg_pp0_iter51_collisions_load_0_reg_84   |   3|          2|   64|        128|
    |ap_phi_reg_pp0_iter51_collisions_load_1_reg_95   |   3|          2|   64|        128|
    |ap_phi_reg_pp0_iter51_collisions_load_2_reg_106  |   3|          2|   64|        128|
    |ap_phi_reg_pp0_iter51_collisions_load_3_reg_117  |   3|          2|   64|        128|
    +-------------------------------------------------+----+-----------+-----+-----------+
    |Total                                            |  24|         16|  512|       1024|
    +-------------------------------------------------+----+-----------+-----+-----------+

    * Register: 
    +-------------------------------------------------+-----+----+-----+-----------+
    |                       Name                      |  FF | LUT| Bits| Const Bits|
    +-------------------------------------------------+-----+----+-----+-----------+
    |ap_phi_reg_pp0_iter10_collisions_load_0_reg_84   |   64|   0|   64|          0|
    |ap_phi_reg_pp0_iter10_collisions_load_1_reg_95   |   64|   0|   64|          0|
    |ap_phi_reg_pp0_iter10_collisions_load_2_reg_106  |   64|   0|   64|          0|
    |ap_phi_reg_pp0_iter10_collisions_load_3_reg_117  |   64|   0|   64|          0|
    |ap_phi_reg_pp0_iter11_collisions_load_0_reg_84   |   64|   0|   64|          0|
    |ap_phi_reg_pp0_iter11_collisions_load_1_reg_95   |   64|   0|   64|          0|
    |ap_phi_reg_pp0_iter11_collisions_load_2_reg_106  |   64|   0|   64|          0|
    |ap_phi_reg_pp0_iter11_collisions_load_3_reg_117  |   64|   0|   64|          0|
    |ap_phi_reg_pp0_iter12_collisions_load_0_reg_84   |   64|   0|   64|          0|
    |ap_phi_reg_pp0_iter12_collisions_load_1_reg_95   |   64|   0|   64|          0|
    |ap_phi_reg_pp0_iter12_collisions_load_2_reg_106  |   64|   0|   64|          0|
    |ap_phi_reg_pp0_iter12_collisions_load_3_reg_117  |   64|   0|   64|          0|
    |ap_phi_reg_pp0_iter13_collisions_load_0_reg_84   |   64|   0|   64|          0|
    |ap_phi_reg_pp0_iter13_collisions_load_1_reg_95   |   64|   0|   64|          0|
    |ap_phi_reg_pp0_iter13_collisions_load_2_reg_106  |   64|   0|   64|          0|
    |ap_phi_reg_pp0_iter13_collisions_load_3_reg_117  |   64|   0|   64|          0|
    |ap_phi_reg_pp0_iter14_collisions_load_0_reg_84   |   64|   0|   64|          0|
    |ap_phi_reg_pp0_iter14_collisions_load_1_reg_95   |   64|   0|   64|          0|
    |ap_phi_reg_pp0_iter14_collisions_load_2_reg_106  |   64|   0|   64|          0|
    |ap_phi_reg_pp0_iter14_collisions_load_3_reg_117  |   64|   0|   64|          0|
    |ap_phi_reg_pp0_iter15_collisions_load_0_reg_84   |   64|   0|   64|          0|
    |ap_phi_reg_pp0_iter15_collisions_load_1_reg_95   |   64|   0|   64|          0|
    |ap_phi_reg_pp0_iter15_collisions_load_2_reg_106  |   64|   0|   64|          0|
    |ap_phi_reg_pp0_iter15_collisions_load_3_reg_117  |   64|   0|   64|          0|
    |ap_phi_reg_pp0_iter16_collisions_load_0_reg_84   |   64|   0|   64|          0|
    |ap_phi_reg_pp0_iter16_collisions_load_1_reg_95   |   64|   0|   64|          0|
    |ap_phi_reg_pp0_iter16_collisions_load_2_reg_106  |   64|   0|   64|          0|
    |ap_phi_reg_pp0_iter16_collisions_load_3_reg_117  |   64|   0|   64|          0|
    |ap_phi_reg_pp0_iter17_collisions_load_0_reg_84   |   64|   0|   64|          0|
    |ap_phi_reg_pp0_iter17_collisions_load_1_reg_95   |   64|   0|   64|          0|
    |ap_phi_reg_pp0_iter17_collisions_load_2_reg_106  |   64|   0|   64|          0|
    |ap_phi_reg_pp0_iter17_collisions_load_3_reg_117  |   64|   0|   64|          0|
    |ap_phi_reg_pp0_iter18_collisions_load_0_reg_84   |   64|   0|   64|          0|
    |ap_phi_reg_pp0_iter18_collisions_load_1_reg_95   |   64|   0|   64|          0|
    |ap_phi_reg_pp0_iter18_collisions_load_2_reg_106  |   64|   0|   64|          0|
    |ap_phi_reg_pp0_iter18_collisions_load_3_reg_117  |   64|   0|   64|          0|
    |ap_phi_reg_pp0_iter19_collisions_load_0_reg_84   |   64|   0|   64|          0|
    |ap_phi_reg_pp0_iter19_collisions_load_1_reg_95   |   64|   0|   64|          0|
    |ap_phi_reg_pp0_iter19_collisions_load_2_reg_106  |   64|   0|   64|          0|
    |ap_phi_reg_pp0_iter19_collisions_load_3_reg_117  |   64|   0|   64|          0|
    |ap_phi_reg_pp0_iter1_collisions_load_0_reg_84    |   64|   0|   64|          0|
    |ap_phi_reg_pp0_iter1_collisions_load_1_reg_95    |   64|   0|   64|          0|
    |ap_phi_reg_pp0_iter1_collisions_load_2_reg_106   |   64|   0|   64|          0|
    |ap_phi_reg_pp0_iter1_collisions_load_3_reg_117   |   64|   0|   64|          0|
    |ap_phi_reg_pp0_iter20_collisions_load_0_reg_84   |   64|   0|   64|          0|
    |ap_phi_reg_pp0_iter20_collisions_load_1_reg_95   |   64|   0|   64|          0|
    |ap_phi_reg_pp0_iter20_collisions_load_2_reg_106  |   64|   0|   64|          0|
    |ap_phi_reg_pp0_iter20_collisions_load_3_reg_117  |   64|   0|   64|          0|
    |ap_phi_reg_pp0_iter21_collisions_load_0_reg_84   |   64|   0|   64|          0|
    |ap_phi_reg_pp0_iter21_collisions_load_1_reg_95   |   64|   0|   64|          0|
    |ap_phi_reg_pp0_iter21_collisions_load_2_reg_106  |   64|   0|   64|          0|
    |ap_phi_reg_pp0_iter21_collisions_load_3_reg_117  |   64|   0|   64|          0|
    |ap_phi_reg_pp0_iter22_collisions_load_0_reg_84   |   64|   0|   64|          0|
    |ap_phi_reg_pp0_iter22_collisions_load_1_reg_95   |   64|   0|   64|          0|
    |ap_phi_reg_pp0_iter22_collisions_load_2_reg_106  |   64|   0|   64|          0|
    |ap_phi_reg_pp0_iter22_collisions_load_3_reg_117  |   64|   0|   64|          0|
    |ap_phi_reg_pp0_iter23_collisions_load_0_reg_84   |   64|   0|   64|          0|
    |ap_phi_reg_pp0_iter23_collisions_load_1_reg_95   |   64|   0|   64|          0|
    |ap_phi_reg_pp0_iter23_collisions_load_2_reg_106  |   64|   0|   64|          0|
    |ap_phi_reg_pp0_iter23_collisions_load_3_reg_117  |   64|   0|   64|          0|
    |ap_phi_reg_pp0_iter24_collisions_load_0_reg_84   |   64|   0|   64|          0|
    |ap_phi_reg_pp0_iter24_collisions_load_1_reg_95   |   64|   0|   64|          0|
    |ap_phi_reg_pp0_iter24_collisions_load_2_reg_106  |   64|   0|   64|          0|
    |ap_phi_reg_pp0_iter24_collisions_load_3_reg_117  |   64|   0|   64|          0|
    |ap_phi_reg_pp0_iter25_collisions_load_0_reg_84   |   64|   0|   64|          0|
    |ap_phi_reg_pp0_iter25_collisions_load_1_reg_95   |   64|   0|   64|          0|
    |ap_phi_reg_pp0_iter25_collisions_load_2_reg_106  |   64|   0|   64|          0|
    |ap_phi_reg_pp0_iter25_collisions_load_3_reg_117  |   64|   0|   64|          0|
    |ap_phi_reg_pp0_iter26_collisions_load_0_reg_84   |   64|   0|   64|          0|
    |ap_phi_reg_pp0_iter26_collisions_load_1_reg_95   |   64|   0|   64|          0|
    |ap_phi_reg_pp0_iter26_collisions_load_2_reg_106  |   64|   0|   64|          0|
    |ap_phi_reg_pp0_iter26_collisions_load_3_reg_117  |   64|   0|   64|          0|
    |ap_phi_reg_pp0_iter27_collisions_load_0_reg_84   |   64|   0|   64|          0|
    |ap_phi_reg_pp0_iter27_collisions_load_1_reg_95   |   64|   0|   64|          0|
    |ap_phi_reg_pp0_iter27_collisions_load_2_reg_106  |   64|   0|   64|          0|
    |ap_phi_reg_pp0_iter27_collisions_load_3_reg_117  |   64|   0|   64|          0|
    |ap_phi_reg_pp0_iter28_collisions_load_0_reg_84   |   64|   0|   64|          0|
    |ap_phi_reg_pp0_iter28_collisions_load_1_reg_95   |   64|   0|   64|          0|
    |ap_phi_reg_pp0_iter28_collisions_load_2_reg_106  |   64|   0|   64|          0|
    |ap_phi_reg_pp0_iter28_collisions_load_3_reg_117  |   64|   0|   64|          0|
    |ap_phi_reg_pp0_iter29_collisions_load_0_reg_84   |   64|   0|   64|          0|
    |ap_phi_reg_pp0_iter29_collisions_load_1_reg_95   |   64|   0|   64|          0|
    |ap_phi_reg_pp0_iter29_collisions_load_2_reg_106  |   64|   0|   64|          0|
    |ap_phi_reg_pp0_iter29_collisions_load_3_reg_117  |   64|   0|   64|          0|
    |ap_phi_reg_pp0_iter2_collisions_load_0_reg_84    |   64|   0|   64|          0|
    |ap_phi_reg_pp0_iter2_collisions_load_1_reg_95    |   64|   0|   64|          0|
    |ap_phi_reg_pp0_iter2_collisions_load_2_reg_106   |   64|   0|   64|          0|
    |ap_phi_reg_pp0_iter2_collisions_load_3_reg_117   |   64|   0|   64|          0|
    |ap_phi_reg_pp0_iter30_collisions_load_0_reg_84   |   64|   0|   64|          0|
    |ap_phi_reg_pp0_iter30_collisions_load_1_reg_95   |   64|   0|   64|          0|
    |ap_phi_reg_pp0_iter30_collisions_load_2_reg_106  |   64|   0|   64|          0|
    |ap_phi_reg_pp0_iter30_collisions_load_3_reg_117  |   64|   0|   64|          0|
    |ap_phi_reg_pp0_iter31_collisions_load_0_reg_84   |   64|   0|   64|          0|
    |ap_phi_reg_pp0_iter31_collisions_load_1_reg_95   |   64|   0|   64|          0|
    |ap_phi_reg_pp0_iter31_collisions_load_2_reg_106  |   64|   0|   64|          0|
    |ap_phi_reg_pp0_iter31_collisions_load_3_reg_117  |   64|   0|   64|          0|
    |ap_phi_reg_pp0_iter32_collisions_load_0_reg_84   |   64|   0|   64|          0|
    |ap_phi_reg_pp0_iter32_collisions_load_1_reg_95   |   64|   0|   64|          0|
    |ap_phi_reg_pp0_iter32_collisions_load_2_reg_106  |   64|   0|   64|          0|
    |ap_phi_reg_pp0_iter32_collisions_load_3_reg_117  |   64|   0|   64|          0|
    |ap_phi_reg_pp0_iter33_collisions_load_0_reg_84   |   64|   0|   64|          0|
    |ap_phi_reg_pp0_iter33_collisions_load_1_reg_95   |   64|   0|   64|          0|
    |ap_phi_reg_pp0_iter33_collisions_load_2_reg_106  |   64|   0|   64|          0|
    |ap_phi_reg_pp0_iter33_collisions_load_3_reg_117  |   64|   0|   64|          0|
    |ap_phi_reg_pp0_iter34_collisions_load_0_reg_84   |   64|   0|   64|          0|
    |ap_phi_reg_pp0_iter34_collisions_load_1_reg_95   |   64|   0|   64|          0|
    |ap_phi_reg_pp0_iter34_collisions_load_2_reg_106  |   64|   0|   64|          0|
    |ap_phi_reg_pp0_iter34_collisions_load_3_reg_117  |   64|   0|   64|          0|
    |ap_phi_reg_pp0_iter35_collisions_load_0_reg_84   |   64|   0|   64|          0|
    |ap_phi_reg_pp0_iter35_collisions_load_1_reg_95   |   64|   0|   64|          0|
    |ap_phi_reg_pp0_iter35_collisions_load_2_reg_106  |   64|   0|   64|          0|
    |ap_phi_reg_pp0_iter35_collisions_load_3_reg_117  |   64|   0|   64|          0|
    |ap_phi_reg_pp0_iter36_collisions_load_0_reg_84   |   64|   0|   64|          0|
    |ap_phi_reg_pp0_iter36_collisions_load_1_reg_95   |   64|   0|   64|          0|
    |ap_phi_reg_pp0_iter36_collisions_load_2_reg_106  |   64|   0|   64|          0|
    |ap_phi_reg_pp0_iter36_collisions_load_3_reg_117  |   64|   0|   64|          0|
    |ap_phi_reg_pp0_iter37_collisions_load_0_reg_84   |   64|   0|   64|          0|
    |ap_phi_reg_pp0_iter37_collisions_load_1_reg_95   |   64|   0|   64|          0|
    |ap_phi_reg_pp0_iter37_collisions_load_2_reg_106  |   64|   0|   64|          0|
    |ap_phi_reg_pp0_iter37_collisions_load_3_reg_117  |   64|   0|   64|          0|
    |ap_phi_reg_pp0_iter38_collisions_load_0_reg_84   |   64|   0|   64|          0|
    |ap_phi_reg_pp0_iter38_collisions_load_1_reg_95   |   64|   0|   64|          0|
    |ap_phi_reg_pp0_iter38_collisions_load_2_reg_106  |   64|   0|   64|          0|
    |ap_phi_reg_pp0_iter38_collisions_load_3_reg_117  |   64|   0|   64|          0|
    |ap_phi_reg_pp0_iter39_collisions_load_0_reg_84   |   64|   0|   64|          0|
    |ap_phi_reg_pp0_iter39_collisions_load_1_reg_95   |   64|   0|   64|          0|
    |ap_phi_reg_pp0_iter39_collisions_load_2_reg_106  |   64|   0|   64|          0|
    |ap_phi_reg_pp0_iter39_collisions_load_3_reg_117  |   64|   0|   64|          0|
    |ap_phi_reg_pp0_iter3_collisions_load_0_reg_84    |   64|   0|   64|          0|
    |ap_phi_reg_pp0_iter3_collisions_load_1_reg_95    |   64|   0|   64|          0|
    |ap_phi_reg_pp0_iter3_collisions_load_2_reg_106   |   64|   0|   64|          0|
    |ap_phi_reg_pp0_iter3_collisions_load_3_reg_117   |   64|   0|   64|          0|
    |ap_phi_reg_pp0_iter40_collisions_load_0_reg_84   |   64|   0|   64|          0|
    |ap_phi_reg_pp0_iter40_collisions_load_1_reg_95   |   64|   0|   64|          0|
    |ap_phi_reg_pp0_iter40_collisions_load_2_reg_106  |   64|   0|   64|          0|
    |ap_phi_reg_pp0_iter40_collisions_load_3_reg_117  |   64|   0|   64|          0|
    |ap_phi_reg_pp0_iter41_collisions_load_0_reg_84   |   64|   0|   64|          0|
    |ap_phi_reg_pp0_iter41_collisions_load_1_reg_95   |   64|   0|   64|          0|
    |ap_phi_reg_pp0_iter41_collisions_load_2_reg_106  |   64|   0|   64|          0|
    |ap_phi_reg_pp0_iter41_collisions_load_3_reg_117  |   64|   0|   64|          0|
    |ap_phi_reg_pp0_iter42_collisions_load_0_reg_84   |   64|   0|   64|          0|
    |ap_phi_reg_pp0_iter42_collisions_load_1_reg_95   |   64|   0|   64|          0|
    |ap_phi_reg_pp0_iter42_collisions_load_2_reg_106  |   64|   0|   64|          0|
    |ap_phi_reg_pp0_iter42_collisions_load_3_reg_117  |   64|   0|   64|          0|
    |ap_phi_reg_pp0_iter43_collisions_load_0_reg_84   |   64|   0|   64|          0|
    |ap_phi_reg_pp0_iter43_collisions_load_1_reg_95   |   64|   0|   64|          0|
    |ap_phi_reg_pp0_iter43_collisions_load_2_reg_106  |   64|   0|   64|          0|
    |ap_phi_reg_pp0_iter43_collisions_load_3_reg_117  |   64|   0|   64|          0|
    |ap_phi_reg_pp0_iter44_collisions_load_0_reg_84   |   64|   0|   64|          0|
    |ap_phi_reg_pp0_iter44_collisions_load_1_reg_95   |   64|   0|   64|          0|
    |ap_phi_reg_pp0_iter44_collisions_load_2_reg_106  |   64|   0|   64|          0|
    |ap_phi_reg_pp0_iter44_collisions_load_3_reg_117  |   64|   0|   64|          0|
    |ap_phi_reg_pp0_iter45_collisions_load_0_reg_84   |   64|   0|   64|          0|
    |ap_phi_reg_pp0_iter45_collisions_load_1_reg_95   |   64|   0|   64|          0|
    |ap_phi_reg_pp0_iter45_collisions_load_2_reg_106  |   64|   0|   64|          0|
    |ap_phi_reg_pp0_iter45_collisions_load_3_reg_117  |   64|   0|   64|          0|
    |ap_phi_reg_pp0_iter46_collisions_load_0_reg_84   |   64|   0|   64|          0|
    |ap_phi_reg_pp0_iter46_collisions_load_1_reg_95   |   64|   0|   64|          0|
    |ap_phi_reg_pp0_iter46_collisions_load_2_reg_106  |   64|   0|   64|          0|
    |ap_phi_reg_pp0_iter46_collisions_load_3_reg_117  |   64|   0|   64|          0|
    |ap_phi_reg_pp0_iter47_collisions_load_0_reg_84   |   64|   0|   64|          0|
    |ap_phi_reg_pp0_iter47_collisions_load_1_reg_95   |   64|   0|   64|          0|
    |ap_phi_reg_pp0_iter47_collisions_load_2_reg_106  |   64|   0|   64|          0|
    |ap_phi_reg_pp0_iter47_collisions_load_3_reg_117  |   64|   0|   64|          0|
    |ap_phi_reg_pp0_iter48_collisions_load_0_reg_84   |   64|   0|   64|          0|
    |ap_phi_reg_pp0_iter48_collisions_load_1_reg_95   |   64|   0|   64|          0|
    |ap_phi_reg_pp0_iter48_collisions_load_2_reg_106  |   64|   0|   64|          0|
    |ap_phi_reg_pp0_iter48_collisions_load_3_reg_117  |   64|   0|   64|          0|
    |ap_phi_reg_pp0_iter49_collisions_load_0_reg_84   |   64|   0|   64|          0|
    |ap_phi_reg_pp0_iter49_collisions_load_1_reg_95   |   64|   0|   64|          0|
    |ap_phi_reg_pp0_iter49_collisions_load_2_reg_106  |   64|   0|   64|          0|
    |ap_phi_reg_pp0_iter49_collisions_load_3_reg_117  |   64|   0|   64|          0|
    |ap_phi_reg_pp0_iter4_collisions_load_0_reg_84    |   64|   0|   64|          0|
    |ap_phi_reg_pp0_iter4_collisions_load_1_reg_95    |   64|   0|   64|          0|
    |ap_phi_reg_pp0_iter4_collisions_load_2_reg_106   |   64|   0|   64|          0|
    |ap_phi_reg_pp0_iter4_collisions_load_3_reg_117   |   64|   0|   64|          0|
    |ap_phi_reg_pp0_iter50_collisions_load_0_reg_84   |   64|   0|   64|          0|
    |ap_phi_reg_pp0_iter50_collisions_load_1_reg_95   |   64|   0|   64|          0|
    |ap_phi_reg_pp0_iter50_collisions_load_2_reg_106  |   64|   0|   64|          0|
    |ap_phi_reg_pp0_iter50_collisions_load_3_reg_117  |   64|   0|   64|          0|
    |ap_phi_reg_pp0_iter51_collisions_load_0_reg_84   |   64|   0|   64|          0|
    |ap_phi_reg_pp0_iter51_collisions_load_1_reg_95   |   64|   0|   64|          0|
    |ap_phi_reg_pp0_iter51_collisions_load_2_reg_106  |   64|   0|   64|          0|
    |ap_phi_reg_pp0_iter51_collisions_load_3_reg_117  |   64|   0|   64|          0|
    |ap_phi_reg_pp0_iter5_collisions_load_0_reg_84    |   64|   0|   64|          0|
    |ap_phi_reg_pp0_iter5_collisions_load_1_reg_95    |   64|   0|   64|          0|
    |ap_phi_reg_pp0_iter5_collisions_load_2_reg_106   |   64|   0|   64|          0|
    |ap_phi_reg_pp0_iter5_collisions_load_3_reg_117   |   64|   0|   64|          0|
    |ap_phi_reg_pp0_iter6_collisions_load_0_reg_84    |   64|   0|   64|          0|
    |ap_phi_reg_pp0_iter6_collisions_load_1_reg_95    |   64|   0|   64|          0|
    |ap_phi_reg_pp0_iter6_collisions_load_2_reg_106   |   64|   0|   64|          0|
    |ap_phi_reg_pp0_iter6_collisions_load_3_reg_117   |   64|   0|   64|          0|
    |ap_phi_reg_pp0_iter7_collisions_load_0_reg_84    |   64|   0|   64|          0|
    |ap_phi_reg_pp0_iter7_collisions_load_1_reg_95    |   64|   0|   64|          0|
    |ap_phi_reg_pp0_iter7_collisions_load_2_reg_106   |   64|   0|   64|          0|
    |ap_phi_reg_pp0_iter7_collisions_load_3_reg_117   |   64|   0|   64|          0|
    |ap_phi_reg_pp0_iter8_collisions_load_0_reg_84    |   64|   0|   64|          0|
    |ap_phi_reg_pp0_iter8_collisions_load_1_reg_95    |   64|   0|   64|          0|
    |ap_phi_reg_pp0_iter8_collisions_load_2_reg_106   |   64|   0|   64|          0|
    |ap_phi_reg_pp0_iter8_collisions_load_3_reg_117   |   64|   0|   64|          0|
    |ap_phi_reg_pp0_iter9_collisions_load_0_reg_84    |   64|   0|   64|          0|
    |ap_phi_reg_pp0_iter9_collisions_load_1_reg_95    |   64|   0|   64|          0|
    |ap_phi_reg_pp0_iter9_collisions_load_2_reg_106   |   64|   0|   64|          0|
    |ap_phi_reg_pp0_iter9_collisions_load_3_reg_117   |   64|   0|   64|          0|
    |edge_p1_x_int_reg                                |   32|   0|   32|          0|
    |edge_p1_x_read_reg_650                           |   32|   0|   32|          0|
    |edge_p1_y_int_reg                                |   32|   0|   32|          0|
    |edge_p1_y_read_reg_638                           |   32|   0|   32|          0|
    |edge_p1_z_int_reg                                |   32|   0|   32|          0|
    |edge_p1_z_read_reg_626                           |   32|   0|   32|          0|
    |edge_p2_x_int_reg                                |   32|   0|   32|          0|
    |edge_p2_x_read_reg_614                           |   32|   0|   32|          0|
    |edge_p2_y_int_reg                                |   32|   0|   32|          0|
    |edge_p2_y_read_reg_602                           |   32|   0|   32|          0|
    |edge_p2_z_int_reg                                |   32|   0|   32|          0|
    |edge_p2_z_read_reg_590                           |   32|   0|   32|          0|
    |j_assign_4_reg_748                               |   32|   0|   32|          0|
    |j_assign_5_reg_762                               |   32|   0|   32|          0|
    |j_assign_6_reg_776                               |   32|   0|   32|          0|
    |j_assign_reg_734                                 |   32|   0|   32|          0|
    |k_assign_1_reg_753                               |   32|   0|   32|          0|
    |k_assign_2_reg_767                               |   32|   0|   32|          0|
    |k_assign_3_reg_781                               |   32|   0|   32|          0|
    |k_assign_reg_739                                 |   32|   0|   32|          0|
    |p_04_0_1_reg_679                                 |   32|   0|   32|          0|
    |p_04_0_2_reg_696                                 |   32|   0|   32|          0|
    |p_04_0_3_reg_713                                 |   32|   0|   32|          0|
    |p_15_0_1_reg_685                                 |   32|   0|   32|          0|
    |p_15_0_2_reg_702                                 |   32|   0|   32|          0|
    |p_15_0_3_reg_719                                 |   32|   0|   32|          0|
    |p_1_reg_668                                      |   32|   0|   32|          0|
    |p_26_0_1_reg_691                                 |   32|   0|   32|          0|
    |p_26_0_2_reg_708                                 |   32|   0|   32|          0|
    |p_26_0_3_reg_725                                 |   32|   0|   32|          0|
    |p_2_reg_674                                      |   32|   0|   32|          0|
    |p_s_reg_662                                      |   32|   0|   32|          0|
    |tmp_45_1_reg_744                                 |    1|   0|    1|          0|
    |tmp_45_2_reg_758                                 |    1|   0|    1|          0|
    |tmp_45_3_reg_772                                 |    1|   0|    1|          0|
    |tmp_s_reg_730                                    |    1|   0|    1|          0|
    |edge_p1_x_read_reg_650                           |   64|  64|   32|          0|
    |edge_p1_y_read_reg_638                           |   64|  64|   32|          0|
    |edge_p1_z_read_reg_626                           |   64|  64|   32|          0|
    |edge_p2_x_read_reg_614                           |   64|  64|   32|          0|
    |edge_p2_y_read_reg_602                           |   64|  64|   32|          0|
    |edge_p2_z_read_reg_590                           |   64|  64|   32|          0|
    |p_04_0_1_reg_679                                 |   64|  32|   32|          0|
    |p_04_0_2_reg_696                                 |   64|  32|   32|          0|
    |p_04_0_3_reg_713                                 |   64|  32|   32|          0|
    |p_15_0_1_reg_685                                 |   64|  32|   32|          0|
    |p_15_0_2_reg_702                                 |   64|  32|   32|          0|
    |p_15_0_3_reg_719                                 |   64|  32|   32|          0|
    |p_1_reg_668                                      |   64|  32|   32|          0|
    |p_s_reg_662                                      |   64|  32|   32|          0|
    +-------------------------------------------------+-----+----+-----+-----------+
    |Total                                            |14980| 640|14532|          0|
    +-------------------------------------------------+-----+----+-----+-----------+



================================================================
== Interface
================================================================
* Summary: 
+-----------+-----+-----+------------+--------------+--------------+
| RTL Ports | Dir | Bits|  Protocol  | Source Object|    C Type    |
+-----------+-----+-----+------------+--------------+--------------+
|ap_clk     |  in |    1| ap_ctrl_hs |  checkAxis.1 | return value |
|ap_rst     |  in |    1| ap_ctrl_hs |  checkAxis.1 | return value |
|ap_return  | out |   64| ap_ctrl_hs |  checkAxis.1 | return value |
|edge_p1_x  |  in |   32|   ap_none  |   edge_p1_x  |    scalar    |
|edge_p1_y  |  in |   32|   ap_none  |   edge_p1_y  |    scalar    |
|edge_p1_z  |  in |   32|   ap_none  |   edge_p1_z  |    scalar    |
|edge_p2_x  |  in |   32|   ap_none  |   edge_p2_x  |    scalar    |
|edge_p2_y  |  in |   32|   ap_none  |   edge_p2_y  |    scalar    |
|edge_p2_z  |  in |   32|   ap_none  |   edge_p2_z  |    scalar    |
+-----------+-----+-----+------------+--------------+--------------+

