

================================================================
== Vivado HLS Report for 'checkAxis_0'
================================================================
* Date:           Mon Mar 30 02:48:09 2020

* Version:        2019.2 (Build 2704478 on Wed Nov 06 22:10:23 MST 2019)
* Project:        honeybee_proj
* Solution:       HBH
* Product family: zynq
* Target device:  xc7z030i-fbg484-2L


================================================================
== Performance Estimates
================================================================
+ Timing: 
    * Summary: 
    +--------+----------+----------+------------+
    |  Clock |  Target  | Estimated| Uncertainty|
    +--------+----------+----------+------------+
    |ap_clk  | 10.00 ns | 8.588 ns |   1.25 ns  |
    +--------+----------+----------+------------+

+ Latency: 
    * Summary: 
    +---------+---------+----------+----------+-----+-----+----------+
    |  Latency (cycles) |  Latency (absolute) |  Interval | Pipeline |
    |   min   |   max   |    min   |    max   | min | max |   Type   |
    +---------+---------+----------+----------+-----+-----+----------+
    |       51|       51| 0.510 us | 0.510 us |    1|    1| function |
    +---------+---------+----------+----------+-----+-----+----------+

    + Detail: 
        * Instance: 
        +----------------------------------------+----------------------+---------+---------+-----------+-----------+-----+-----+----------+
        |                                        |                      |  Latency (cycles) |   Latency (absolute)  |  Interval | Pipeline |
        |                Instance                |        Module        |   min   |   max   |    min    |    max    | min | max |   Type   |
        +----------------------------------------+----------------------+---------+---------+-----------+-----------+-----+-----+----------+
        |grp_lineIntersectsPlane_fu_130          |lineIntersectsPlane   |       44|       44|  0.440 us |  0.440 us |    1|    1| function |
        |grp_lineIntersectsPlane_fu_148          |lineIntersectsPlane   |       44|       44|  0.440 us |  0.440 us |    1|    1| function |
        |grp_lineIntersectsPlane_fu_166          |lineIntersectsPlane   |       44|       44|  0.440 us |  0.440 us |    1|    1| function |
        |grp_lineIntersectsPlane_fu_184          |lineIntersectsPlane   |       44|       44|  0.440 us |  0.440 us |    1|    1| function |
        |grp_pointOnSegment_fu_202               |pointOnSegment        |        3|        3| 30.000 ns | 30.000 ns |    1|    1| function |
        |grp_pointOnSegment_fu_215               |pointOnSegment        |        3|        3| 30.000 ns | 30.000 ns |    1|    1| function |
        |grp_pointOnSegment_fu_228               |pointOnSegment        |        3|        3| 30.000 ns | 30.000 ns |    1|    1| function |
        |grp_pointOnSegment_fu_241               |pointOnSegment        |        3|        3| 30.000 ns | 30.000 ns |    1|    1| function |
        |i_assign_p_hls_fptosi_float_i_fu_254    |p_hls_fptosi_float_i  |        0|        0|    0 ns   |    0 ns   |    1|    1| function |
        |k_assign_p_hls_fptosi_float_i_fu_259    |p_hls_fptosi_float_i  |        0|        0|    0 ns   |    0 ns   |    1|    1| function |
        |i_assign_4_p_hls_fptosi_float_i_fu_264  |p_hls_fptosi_float_i  |        0|        0|    0 ns   |    0 ns   |    1|    1| function |
        |k_assign_4_p_hls_fptosi_float_i_fu_269  |p_hls_fptosi_float_i  |        0|        0|    0 ns   |    0 ns   |    1|    1| function |
        |i_assign_5_p_hls_fptosi_float_i_fu_274  |p_hls_fptosi_float_i  |        0|        0|    0 ns   |    0 ns   |    1|    1| function |
        |k_assign_5_p_hls_fptosi_float_i_fu_279  |p_hls_fptosi_float_i  |        0|        0|    0 ns   |    0 ns   |    1|    1| function |
        |i_assign_6_p_hls_fptosi_float_i_fu_284  |p_hls_fptosi_float_i  |        0|        0|    0 ns   |    0 ns   |    1|    1| function |
        |k_assign_6_p_hls_fptosi_float_i_fu_289  |p_hls_fptosi_float_i  |        0|        0|    0 ns   |    0 ns   |    1|    1| function |
        +----------------------------------------+----------------------+---------+---------+-----------+-----------+-----+-----+----------+

        * Loop: 
        N/A



================================================================
== Utilization Estimates
================================================================
* Summary: 
+-----------------+---------+-------+--------+-------+-----+
|       Name      | BRAM_18K| DSP48E|   FF   |  LUT  | URAM|
+-----------------+---------+-------+--------+-------+-----+
|DSP              |        -|      -|       -|      -|    -|
|Expression       |        -|      -|       0|   2352|    -|
|FIFO             |        -|      -|       -|      -|    -|
|Instance         |        0|    228|   35752|  58868|    -|
|Memory           |        -|      -|       -|      -|    -|
|Multiplexer      |        -|      -|       -|     24|    -|
|Register         |        0|      -|   14980|    640|    -|
+-----------------+---------+-------+--------+-------+-----+
|Total            |        0|    228|   50732|  61884|    0|
+-----------------+---------+-------+--------+-------+-----+
|Available        |      530|    400|  157200|  78600|    0|
+-----------------+---------+-------+--------+-------+-----+
|Utilization (%)  |        0|     57|      32|     78|    0|
+-----------------+---------+-------+--------+-------+-----+

+ Detail: 
    * Instance: 
    +----------------------------------------+----------------------+---------+-------+------+-------+-----+
    |                Instance                |        Module        | BRAM_18K| DSP48E|  FF  |  LUT  | URAM|
    +----------------------------------------+----------------------+---------+-------+------+-------+-----+
    |grp_lineIntersectsPlane_fu_130          |lineIntersectsPlane   |        0|     57|  7169|  10453|    0|
    |grp_lineIntersectsPlane_fu_148          |lineIntersectsPlane   |        0|     57|  7169|  10453|    0|
    |grp_lineIntersectsPlane_fu_166          |lineIntersectsPlane   |        0|     57|  7169|  10453|    0|
    |grp_lineIntersectsPlane_fu_184          |lineIntersectsPlane   |        0|     57|  7169|  10453|    0|
    |i_assign_p_hls_fptosi_float_i_fu_254    |p_hls_fptosi_float_i  |        0|      0|     0|    431|    0|
    |k_assign_p_hls_fptosi_float_i_fu_259    |p_hls_fptosi_float_i  |        0|      0|     0|    431|    0|
    |i_assign_4_p_hls_fptosi_float_i_fu_264  |p_hls_fptosi_float_i  |        0|      0|     0|    431|    0|
    |k_assign_4_p_hls_fptosi_float_i_fu_269  |p_hls_fptosi_float_i  |        0|      0|     0|    431|    0|
    |i_assign_5_p_hls_fptosi_float_i_fu_274  |p_hls_fptosi_float_i  |        0|      0|     0|    431|    0|
    |k_assign_5_p_hls_fptosi_float_i_fu_279  |p_hls_fptosi_float_i  |        0|      0|     0|    431|    0|
    |i_assign_6_p_hls_fptosi_float_i_fu_284  |p_hls_fptosi_float_i  |        0|      0|     0|    431|    0|
    |k_assign_6_p_hls_fptosi_float_i_fu_289  |p_hls_fptosi_float_i  |        0|      0|     0|    431|    0|
    |grp_pointOnSegment_fu_202               |pointOnSegment        |        0|      0|  1769|   3402|    0|
    |grp_pointOnSegment_fu_215               |pointOnSegment        |        0|      0|  1769|   3402|    0|
    |grp_pointOnSegment_fu_228               |pointOnSegment        |        0|      0|  1769|   3402|    0|
    |grp_pointOnSegment_fu_241               |pointOnSegment        |        0|      0|  1769|   3402|    0|
    +----------------------------------------+----------------------+---------+-------+------+-------+-----+
    |Total                                   |                      |        0|    228| 35752|  58868|    0|
    +----------------------------------------+----------------------+---------+-------+------+-------+-----+

    * DSP48E: 
    N/A

    * Memory: 
    N/A

    * FIFO: 
    N/A

    * Expression: 
    +-----------------------+----------+-------+---+-----+------------+------------+
    |     Variable Name     | Operation| DSP48E| FF| LUT | Bitwidth P0| Bitwidth P1|
    +-----------------------+----------+-------+---+-----+------------+------------+
    |add_ln80_18_fu_362_p2  |     +    |      0|  0|   32|           4|          32|
    |add_ln80_19_fu_368_p2  |     +    |      0|  0|   32|          32|          32|
    |add_ln80_20_fu_401_p2  |     +    |      0|  0|   32|          32|          32|
    |add_ln80_21_fu_416_p2  |     +    |      0|  0|   32|          32|          32|
    |add_ln80_22_fu_449_p2  |     +    |      0|  0|   32|          32|          32|
    |add_ln80_23_fu_470_p2  |     +    |      0|  0|   32|          32|          32|
    |add_ln80_24_fu_503_p2  |     +    |      0|  0|   32|          32|          32|
    |add_ln80_25_fu_524_p2  |     +    |      0|  0|   32|          32|          32|
    |add_ln80_fu_347_p2     |     +    |      0|  0|   32|          32|          32|
    |ap_return              |    or    |      0|  0|   64|          64|          64|
    |or_ln122_1_fu_431_p2   |    or    |      0|  0|   64|          64|          64|
    |or_ln122_2_fu_485_p2   |    or    |      0|  0|   64|          64|          64|
    |or_ln122_3_fu_539_p2   |    or    |      0|  0|   64|          64|          64|
    |or_ln122_fu_383_p2     |    or    |      0|  0|   64|          64|          64|
    |or_ln139_4_fu_552_p2   |    or    |      0|  0|   64|          64|          64|
    |or_ln139_fu_546_p2     |    or    |      0|  0|   64|          64|          64|
    |or_ln80_5_fu_443_p2    |    or    |      0|  0|   32|          32|           4|
    |or_ln80_6_fu_464_p2    |    or    |      0|  0|   32|          32|           3|
    |or_ln80_7_fu_497_p2    |    or    |      0|  0|   32|          32|           4|
    |or_ln80_8_fu_518_p2    |    or    |      0|  0|   32|          32|           4|
    |or_ln80_fu_395_p2      |    or    |      0|  0|   32|          32|           3|
    |shl_ln121_1_fu_410_p2  |    shl   |      0|  0|  182|           1|          64|
    |shl_ln121_2_fu_458_p2  |    shl   |      0|  0|  182|           1|          64|
    |shl_ln121_3_fu_512_p2  |    shl   |      0|  0|  182|           1|          64|
    |shl_ln121_fu_356_p2    |    shl   |      0|  0|  182|           1|          64|
    |shl_ln122_1_fu_425_p2  |    shl   |      0|  0|  182|           1|          64|
    |shl_ln122_2_fu_479_p2  |    shl   |      0|  0|  182|           1|          64|
    |shl_ln122_3_fu_533_p2  |    shl   |      0|  0|  182|           1|          64|
    |shl_ln122_fu_377_p2    |    shl   |      0|  0|  182|           1|          64|
    +-----------------------+----------+-------+---+-----+------------+------------+
    |Total                  |          |      0|  0| 2352|         876|        1266|
    +-----------------------+----------+-------+---+-----+------------+------------+

    * Multiplexer: 
    +-------------------------------------------------+----+-----------+-----+-----------+
    |                       Name                      | LUT| Input Size| Bits| Total Bits|
    +-------------------------------------------------+----+-----------+-----+-----------+
    |ap_phi_mux_collisions_load_0_phi_fu_90_p4        |   3|          2|   64|        128|
    |ap_phi_mux_collisions_load_1_phi_fu_101_p4       |   3|          2|   64|        128|
    |ap_phi_mux_collisions_load_2_phi_fu_112_p4       |   3|          2|   64|        128|
    |ap_phi_mux_collisions_load_3_phi_fu_123_p4       |   3|          2|   64|        128|
    |ap_phi_reg_pp0_iter51_collisions_load_0_reg_86   |   3|          2|   64|        128|
    |ap_phi_reg_pp0_iter51_collisions_load_1_reg_97   |   3|          2|   64|        128|
    |ap_phi_reg_pp0_iter51_collisions_load_2_reg_108  |   3|          2|   64|        128|
    |ap_phi_reg_pp0_iter51_collisions_load_3_reg_119  |   3|          2|   64|        128|
    +-------------------------------------------------+----+-----------+-----+-----------+
    |Total                                            |  24|         16|  512|       1024|
    +-------------------------------------------------+----+-----------+-----+-----------+

    * Register: 
    +-------------------------------------------------+-----+----+-----+-----------+
    |                       Name                      |  FF | LUT| Bits| Const Bits|
    +-------------------------------------------------+-----+----+-----+-----------+
    |ap_phi_reg_pp0_iter10_collisions_load_0_reg_86   |   64|   0|   64|          0|
    |ap_phi_reg_pp0_iter10_collisions_load_1_reg_97   |   64|   0|   64|          0|
    |ap_phi_reg_pp0_iter10_collisions_load_2_reg_108  |   64|   0|   64|          0|
    |ap_phi_reg_pp0_iter10_collisions_load_3_reg_119  |   64|   0|   64|          0|
    |ap_phi_reg_pp0_iter11_collisions_load_0_reg_86   |   64|   0|   64|          0|
    |ap_phi_reg_pp0_iter11_collisions_load_1_reg_97   |   64|   0|   64|          0|
    |ap_phi_reg_pp0_iter11_collisions_load_2_reg_108  |   64|   0|   64|          0|
    |ap_phi_reg_pp0_iter11_collisions_load_3_reg_119  |   64|   0|   64|          0|
    |ap_phi_reg_pp0_iter12_collisions_load_0_reg_86   |   64|   0|   64|          0|
    |ap_phi_reg_pp0_iter12_collisions_load_1_reg_97   |   64|   0|   64|          0|
    |ap_phi_reg_pp0_iter12_collisions_load_2_reg_108  |   64|   0|   64|          0|
    |ap_phi_reg_pp0_iter12_collisions_load_3_reg_119  |   64|   0|   64|          0|
    |ap_phi_reg_pp0_iter13_collisions_load_0_reg_86   |   64|   0|   64|          0|
    |ap_phi_reg_pp0_iter13_collisions_load_1_reg_97   |   64|   0|   64|          0|
    |ap_phi_reg_pp0_iter13_collisions_load_2_reg_108  |   64|   0|   64|          0|
    |ap_phi_reg_pp0_iter13_collisions_load_3_reg_119  |   64|   0|   64|          0|
    |ap_phi_reg_pp0_iter14_collisions_load_0_reg_86   |   64|   0|   64|          0|
    |ap_phi_reg_pp0_iter14_collisions_load_1_reg_97   |   64|   0|   64|          0|
    |ap_phi_reg_pp0_iter14_collisions_load_2_reg_108  |   64|   0|   64|          0|
    |ap_phi_reg_pp0_iter14_collisions_load_3_reg_119  |   64|   0|   64|          0|
    |ap_phi_reg_pp0_iter15_collisions_load_0_reg_86   |   64|   0|   64|          0|
    |ap_phi_reg_pp0_iter15_collisions_load_1_reg_97   |   64|   0|   64|          0|
    |ap_phi_reg_pp0_iter15_collisions_load_2_reg_108  |   64|   0|   64|          0|
    |ap_phi_reg_pp0_iter15_collisions_load_3_reg_119  |   64|   0|   64|          0|
    |ap_phi_reg_pp0_iter16_collisions_load_0_reg_86   |   64|   0|   64|          0|
    |ap_phi_reg_pp0_iter16_collisions_load_1_reg_97   |   64|   0|   64|          0|
    |ap_phi_reg_pp0_iter16_collisions_load_2_reg_108  |   64|   0|   64|          0|
    |ap_phi_reg_pp0_iter16_collisions_load_3_reg_119  |   64|   0|   64|          0|
    |ap_phi_reg_pp0_iter17_collisions_load_0_reg_86   |   64|   0|   64|          0|
    |ap_phi_reg_pp0_iter17_collisions_load_1_reg_97   |   64|   0|   64|          0|
    |ap_phi_reg_pp0_iter17_collisions_load_2_reg_108  |   64|   0|   64|          0|
    |ap_phi_reg_pp0_iter17_collisions_load_3_reg_119  |   64|   0|   64|          0|
    |ap_phi_reg_pp0_iter18_collisions_load_0_reg_86   |   64|   0|   64|          0|
    |ap_phi_reg_pp0_iter18_collisions_load_1_reg_97   |   64|   0|   64|          0|
    |ap_phi_reg_pp0_iter18_collisions_load_2_reg_108  |   64|   0|   64|          0|
    |ap_phi_reg_pp0_iter18_collisions_load_3_reg_119  |   64|   0|   64|          0|
    |ap_phi_reg_pp0_iter19_collisions_load_0_reg_86   |   64|   0|   64|          0|
    |ap_phi_reg_pp0_iter19_collisions_load_1_reg_97   |   64|   0|   64|          0|
    |ap_phi_reg_pp0_iter19_collisions_load_2_reg_108  |   64|   0|   64|          0|
    |ap_phi_reg_pp0_iter19_collisions_load_3_reg_119  |   64|   0|   64|          0|
    |ap_phi_reg_pp0_iter1_collisions_load_0_reg_86    |   64|   0|   64|          0|
    |ap_phi_reg_pp0_iter1_collisions_load_1_reg_97    |   64|   0|   64|          0|
    |ap_phi_reg_pp0_iter1_collisions_load_2_reg_108   |   64|   0|   64|          0|
    |ap_phi_reg_pp0_iter1_collisions_load_3_reg_119   |   64|   0|   64|          0|
    |ap_phi_reg_pp0_iter20_collisions_load_0_reg_86   |   64|   0|   64|          0|
    |ap_phi_reg_pp0_iter20_collisions_load_1_reg_97   |   64|   0|   64|          0|
    |ap_phi_reg_pp0_iter20_collisions_load_2_reg_108  |   64|   0|   64|          0|
    |ap_phi_reg_pp0_iter20_collisions_load_3_reg_119  |   64|   0|   64|          0|
    |ap_phi_reg_pp0_iter21_collisions_load_0_reg_86   |   64|   0|   64|          0|
    |ap_phi_reg_pp0_iter21_collisions_load_1_reg_97   |   64|   0|   64|          0|
    |ap_phi_reg_pp0_iter21_collisions_load_2_reg_108  |   64|   0|   64|          0|
    |ap_phi_reg_pp0_iter21_collisions_load_3_reg_119  |   64|   0|   64|          0|
    |ap_phi_reg_pp0_iter22_collisions_load_0_reg_86   |   64|   0|   64|          0|
    |ap_phi_reg_pp0_iter22_collisions_load_1_reg_97   |   64|   0|   64|          0|
    |ap_phi_reg_pp0_iter22_collisions_load_2_reg_108  |   64|   0|   64|          0|
    |ap_phi_reg_pp0_iter22_collisions_load_3_reg_119  |   64|   0|   64|          0|
    |ap_phi_reg_pp0_iter23_collisions_load_0_reg_86   |   64|   0|   64|          0|
    |ap_phi_reg_pp0_iter23_collisions_load_1_reg_97   |   64|   0|   64|          0|
    |ap_phi_reg_pp0_iter23_collisions_load_2_reg_108  |   64|   0|   64|          0|
    |ap_phi_reg_pp0_iter23_collisions_load_3_reg_119  |   64|   0|   64|          0|
    |ap_phi_reg_pp0_iter24_collisions_load_0_reg_86   |   64|   0|   64|          0|
    |ap_phi_reg_pp0_iter24_collisions_load_1_reg_97   |   64|   0|   64|          0|
    |ap_phi_reg_pp0_iter24_collisions_load_2_reg_108  |   64|   0|   64|          0|
    |ap_phi_reg_pp0_iter24_collisions_load_3_reg_119  |   64|   0|   64|          0|
    |ap_phi_reg_pp0_iter25_collisions_load_0_reg_86   |   64|   0|   64|          0|
    |ap_phi_reg_pp0_iter25_collisions_load_1_reg_97   |   64|   0|   64|          0|
    |ap_phi_reg_pp0_iter25_collisions_load_2_reg_108  |   64|   0|   64|          0|
    |ap_phi_reg_pp0_iter25_collisions_load_3_reg_119  |   64|   0|   64|          0|
    |ap_phi_reg_pp0_iter26_collisions_load_0_reg_86   |   64|   0|   64|          0|
    |ap_phi_reg_pp0_iter26_collisions_load_1_reg_97   |   64|   0|   64|          0|
    |ap_phi_reg_pp0_iter26_collisions_load_2_reg_108  |   64|   0|   64|          0|
    |ap_phi_reg_pp0_iter26_collisions_load_3_reg_119  |   64|   0|   64|          0|
    |ap_phi_reg_pp0_iter27_collisions_load_0_reg_86   |   64|   0|   64|          0|
    |ap_phi_reg_pp0_iter27_collisions_load_1_reg_97   |   64|   0|   64|          0|
    |ap_phi_reg_pp0_iter27_collisions_load_2_reg_108  |   64|   0|   64|          0|
    |ap_phi_reg_pp0_iter27_collisions_load_3_reg_119  |   64|   0|   64|          0|
    |ap_phi_reg_pp0_iter28_collisions_load_0_reg_86   |   64|   0|   64|          0|
    |ap_phi_reg_pp0_iter28_collisions_load_1_reg_97   |   64|   0|   64|          0|
    |ap_phi_reg_pp0_iter28_collisions_load_2_reg_108  |   64|   0|   64|          0|
    |ap_phi_reg_pp0_iter28_collisions_load_3_reg_119  |   64|   0|   64|          0|
    |ap_phi_reg_pp0_iter29_collisions_load_0_reg_86   |   64|   0|   64|          0|
    |ap_phi_reg_pp0_iter29_collisions_load_1_reg_97   |   64|   0|   64|          0|
    |ap_phi_reg_pp0_iter29_collisions_load_2_reg_108  |   64|   0|   64|          0|
    |ap_phi_reg_pp0_iter29_collisions_load_3_reg_119  |   64|   0|   64|          0|
    |ap_phi_reg_pp0_iter2_collisions_load_0_reg_86    |   64|   0|   64|          0|
    |ap_phi_reg_pp0_iter2_collisions_load_1_reg_97    |   64|   0|   64|          0|
    |ap_phi_reg_pp0_iter2_collisions_load_2_reg_108   |   64|   0|   64|          0|
    |ap_phi_reg_pp0_iter2_collisions_load_3_reg_119   |   64|   0|   64|          0|
    |ap_phi_reg_pp0_iter30_collisions_load_0_reg_86   |   64|   0|   64|          0|
    |ap_phi_reg_pp0_iter30_collisions_load_1_reg_97   |   64|   0|   64|          0|
    |ap_phi_reg_pp0_iter30_collisions_load_2_reg_108  |   64|   0|   64|          0|
    |ap_phi_reg_pp0_iter30_collisions_load_3_reg_119  |   64|   0|   64|          0|
    |ap_phi_reg_pp0_iter31_collisions_load_0_reg_86   |   64|   0|   64|          0|
    |ap_phi_reg_pp0_iter31_collisions_load_1_reg_97   |   64|   0|   64|          0|
    |ap_phi_reg_pp0_iter31_collisions_load_2_reg_108  |   64|   0|   64|          0|
    |ap_phi_reg_pp0_iter31_collisions_load_3_reg_119  |   64|   0|   64|          0|
    |ap_phi_reg_pp0_iter32_collisions_load_0_reg_86   |   64|   0|   64|          0|
    |ap_phi_reg_pp0_iter32_collisions_load_1_reg_97   |   64|   0|   64|          0|
    |ap_phi_reg_pp0_iter32_collisions_load_2_reg_108  |   64|   0|   64|          0|
    |ap_phi_reg_pp0_iter32_collisions_load_3_reg_119  |   64|   0|   64|          0|
    |ap_phi_reg_pp0_iter33_collisions_load_0_reg_86   |   64|   0|   64|          0|
    |ap_phi_reg_pp0_iter33_collisions_load_1_reg_97   |   64|   0|   64|          0|
    |ap_phi_reg_pp0_iter33_collisions_load_2_reg_108  |   64|   0|   64|          0|
    |ap_phi_reg_pp0_iter33_collisions_load_3_reg_119  |   64|   0|   64|          0|
    |ap_phi_reg_pp0_iter34_collisions_load_0_reg_86   |   64|   0|   64|          0|
    |ap_phi_reg_pp0_iter34_collisions_load_1_reg_97   |   64|   0|   64|          0|
    |ap_phi_reg_pp0_iter34_collisions_load_2_reg_108  |   64|   0|   64|          0|
    |ap_phi_reg_pp0_iter34_collisions_load_3_reg_119  |   64|   0|   64|          0|
    |ap_phi_reg_pp0_iter35_collisions_load_0_reg_86   |   64|   0|   64|          0|
    |ap_phi_reg_pp0_iter35_collisions_load_1_reg_97   |   64|   0|   64|          0|
    |ap_phi_reg_pp0_iter35_collisions_load_2_reg_108  |   64|   0|   64|          0|
    |ap_phi_reg_pp0_iter35_collisions_load_3_reg_119  |   64|   0|   64|          0|
    |ap_phi_reg_pp0_iter36_collisions_load_0_reg_86   |   64|   0|   64|          0|
    |ap_phi_reg_pp0_iter36_collisions_load_1_reg_97   |   64|   0|   64|          0|
    |ap_phi_reg_pp0_iter36_collisions_load_2_reg_108  |   64|   0|   64|          0|
    |ap_phi_reg_pp0_iter36_collisions_load_3_reg_119  |   64|   0|   64|          0|
    |ap_phi_reg_pp0_iter37_collisions_load_0_reg_86   |   64|   0|   64|          0|
    |ap_phi_reg_pp0_iter37_collisions_load_1_reg_97   |   64|   0|   64|          0|
    |ap_phi_reg_pp0_iter37_collisions_load_2_reg_108  |   64|   0|   64|          0|
    |ap_phi_reg_pp0_iter37_collisions_load_3_reg_119  |   64|   0|   64|          0|
    |ap_phi_reg_pp0_iter38_collisions_load_0_reg_86   |   64|   0|   64|          0|
    |ap_phi_reg_pp0_iter38_collisions_load_1_reg_97   |   64|   0|   64|          0|
    |ap_phi_reg_pp0_iter38_collisions_load_2_reg_108  |   64|   0|   64|          0|
    |ap_phi_reg_pp0_iter38_collisions_load_3_reg_119  |   64|   0|   64|          0|
    |ap_phi_reg_pp0_iter39_collisions_load_0_reg_86   |   64|   0|   64|          0|
    |ap_phi_reg_pp0_iter39_collisions_load_1_reg_97   |   64|   0|   64|          0|
    |ap_phi_reg_pp0_iter39_collisions_load_2_reg_108  |   64|   0|   64|          0|
    |ap_phi_reg_pp0_iter39_collisions_load_3_reg_119  |   64|   0|   64|          0|
    |ap_phi_reg_pp0_iter3_collisions_load_0_reg_86    |   64|   0|   64|          0|
    |ap_phi_reg_pp0_iter3_collisions_load_1_reg_97    |   64|   0|   64|          0|
    |ap_phi_reg_pp0_iter3_collisions_load_2_reg_108   |   64|   0|   64|          0|
    |ap_phi_reg_pp0_iter3_collisions_load_3_reg_119   |   64|   0|   64|          0|
    |ap_phi_reg_pp0_iter40_collisions_load_0_reg_86   |   64|   0|   64|          0|
    |ap_phi_reg_pp0_iter40_collisions_load_1_reg_97   |   64|   0|   64|          0|
    |ap_phi_reg_pp0_iter40_collisions_load_2_reg_108  |   64|   0|   64|          0|
    |ap_phi_reg_pp0_iter40_collisions_load_3_reg_119  |   64|   0|   64|          0|
    |ap_phi_reg_pp0_iter41_collisions_load_0_reg_86   |   64|   0|   64|          0|
    |ap_phi_reg_pp0_iter41_collisions_load_1_reg_97   |   64|   0|   64|          0|
    |ap_phi_reg_pp0_iter41_collisions_load_2_reg_108  |   64|   0|   64|          0|
    |ap_phi_reg_pp0_iter41_collisions_load_3_reg_119  |   64|   0|   64|          0|
    |ap_phi_reg_pp0_iter42_collisions_load_0_reg_86   |   64|   0|   64|          0|
    |ap_phi_reg_pp0_iter42_collisions_load_1_reg_97   |   64|   0|   64|          0|
    |ap_phi_reg_pp0_iter42_collisions_load_2_reg_108  |   64|   0|   64|          0|
    |ap_phi_reg_pp0_iter42_collisions_load_3_reg_119  |   64|   0|   64|          0|
    |ap_phi_reg_pp0_iter43_collisions_load_0_reg_86   |   64|   0|   64|          0|
    |ap_phi_reg_pp0_iter43_collisions_load_1_reg_97   |   64|   0|   64|          0|
    |ap_phi_reg_pp0_iter43_collisions_load_2_reg_108  |   64|   0|   64|          0|
    |ap_phi_reg_pp0_iter43_collisions_load_3_reg_119  |   64|   0|   64|          0|
    |ap_phi_reg_pp0_iter44_collisions_load_0_reg_86   |   64|   0|   64|          0|
    |ap_phi_reg_pp0_iter44_collisions_load_1_reg_97   |   64|   0|   64|          0|
    |ap_phi_reg_pp0_iter44_collisions_load_2_reg_108  |   64|   0|   64|          0|
    |ap_phi_reg_pp0_iter44_collisions_load_3_reg_119  |   64|   0|   64|          0|
    |ap_phi_reg_pp0_iter45_collisions_load_0_reg_86   |   64|   0|   64|          0|
    |ap_phi_reg_pp0_iter45_collisions_load_1_reg_97   |   64|   0|   64|          0|
    |ap_phi_reg_pp0_iter45_collisions_load_2_reg_108  |   64|   0|   64|          0|
    |ap_phi_reg_pp0_iter45_collisions_load_3_reg_119  |   64|   0|   64|          0|
    |ap_phi_reg_pp0_iter46_collisions_load_0_reg_86   |   64|   0|   64|          0|
    |ap_phi_reg_pp0_iter46_collisions_load_1_reg_97   |   64|   0|   64|          0|
    |ap_phi_reg_pp0_iter46_collisions_load_2_reg_108  |   64|   0|   64|          0|
    |ap_phi_reg_pp0_iter46_collisions_load_3_reg_119  |   64|   0|   64|          0|
    |ap_phi_reg_pp0_iter47_collisions_load_0_reg_86   |   64|   0|   64|          0|
    |ap_phi_reg_pp0_iter47_collisions_load_1_reg_97   |   64|   0|   64|          0|
    |ap_phi_reg_pp0_iter47_collisions_load_2_reg_108  |   64|   0|   64|          0|
    |ap_phi_reg_pp0_iter47_collisions_load_3_reg_119  |   64|   0|   64|          0|
    |ap_phi_reg_pp0_iter48_collisions_load_0_reg_86   |   64|   0|   64|          0|
    |ap_phi_reg_pp0_iter48_collisions_load_1_reg_97   |   64|   0|   64|          0|
    |ap_phi_reg_pp0_iter48_collisions_load_2_reg_108  |   64|   0|   64|          0|
    |ap_phi_reg_pp0_iter48_collisions_load_3_reg_119  |   64|   0|   64|          0|
    |ap_phi_reg_pp0_iter49_collisions_load_0_reg_86   |   64|   0|   64|          0|
    |ap_phi_reg_pp0_iter49_collisions_load_1_reg_97   |   64|   0|   64|          0|
    |ap_phi_reg_pp0_iter49_collisions_load_2_reg_108  |   64|   0|   64|          0|
    |ap_phi_reg_pp0_iter49_collisions_load_3_reg_119  |   64|   0|   64|          0|
    |ap_phi_reg_pp0_iter4_collisions_load_0_reg_86    |   64|   0|   64|          0|
    |ap_phi_reg_pp0_iter4_collisions_load_1_reg_97    |   64|   0|   64|          0|
    |ap_phi_reg_pp0_iter4_collisions_load_2_reg_108   |   64|   0|   64|          0|
    |ap_phi_reg_pp0_iter4_collisions_load_3_reg_119   |   64|   0|   64|          0|
    |ap_phi_reg_pp0_iter50_collisions_load_0_reg_86   |   64|   0|   64|          0|
    |ap_phi_reg_pp0_iter50_collisions_load_1_reg_97   |   64|   0|   64|          0|
    |ap_phi_reg_pp0_iter50_collisions_load_2_reg_108  |   64|   0|   64|          0|
    |ap_phi_reg_pp0_iter50_collisions_load_3_reg_119  |   64|   0|   64|          0|
    |ap_phi_reg_pp0_iter51_collisions_load_0_reg_86   |   64|   0|   64|          0|
    |ap_phi_reg_pp0_iter51_collisions_load_1_reg_97   |   64|   0|   64|          0|
    |ap_phi_reg_pp0_iter51_collisions_load_2_reg_108  |   64|   0|   64|          0|
    |ap_phi_reg_pp0_iter51_collisions_load_3_reg_119  |   64|   0|   64|          0|
    |ap_phi_reg_pp0_iter5_collisions_load_0_reg_86    |   64|   0|   64|          0|
    |ap_phi_reg_pp0_iter5_collisions_load_1_reg_97    |   64|   0|   64|          0|
    |ap_phi_reg_pp0_iter5_collisions_load_2_reg_108   |   64|   0|   64|          0|
    |ap_phi_reg_pp0_iter5_collisions_load_3_reg_119   |   64|   0|   64|          0|
    |ap_phi_reg_pp0_iter6_collisions_load_0_reg_86    |   64|   0|   64|          0|
    |ap_phi_reg_pp0_iter6_collisions_load_1_reg_97    |   64|   0|   64|          0|
    |ap_phi_reg_pp0_iter6_collisions_load_2_reg_108   |   64|   0|   64|          0|
    |ap_phi_reg_pp0_iter6_collisions_load_3_reg_119   |   64|   0|   64|          0|
    |ap_phi_reg_pp0_iter7_collisions_load_0_reg_86    |   64|   0|   64|          0|
    |ap_phi_reg_pp0_iter7_collisions_load_1_reg_97    |   64|   0|   64|          0|
    |ap_phi_reg_pp0_iter7_collisions_load_2_reg_108   |   64|   0|   64|          0|
    |ap_phi_reg_pp0_iter7_collisions_load_3_reg_119   |   64|   0|   64|          0|
    |ap_phi_reg_pp0_iter8_collisions_load_0_reg_86    |   64|   0|   64|          0|
    |ap_phi_reg_pp0_iter8_collisions_load_1_reg_97    |   64|   0|   64|          0|
    |ap_phi_reg_pp0_iter8_collisions_load_2_reg_108   |   64|   0|   64|          0|
    |ap_phi_reg_pp0_iter8_collisions_load_3_reg_119   |   64|   0|   64|          0|
    |ap_phi_reg_pp0_iter9_collisions_load_0_reg_86    |   64|   0|   64|          0|
    |ap_phi_reg_pp0_iter9_collisions_load_1_reg_97    |   64|   0|   64|          0|
    |ap_phi_reg_pp0_iter9_collisions_load_2_reg_108   |   64|   0|   64|          0|
    |ap_phi_reg_pp0_iter9_collisions_load_3_reg_119   |   64|   0|   64|          0|
    |edge_p1_x_int_reg                                |   32|   0|   32|          0|
    |edge_p1_x_read_reg_624                           |   32|   0|   32|          0|
    |edge_p1_y_int_reg                                |   32|   0|   32|          0|
    |edge_p1_y_read_reg_612                           |   32|   0|   32|          0|
    |edge_p1_z_int_reg                                |   32|   0|   32|          0|
    |edge_p1_z_read_reg_600                           |   32|   0|   32|          0|
    |edge_p2_x_int_reg                                |   32|   0|   32|          0|
    |edge_p2_x_read_reg_588                           |   32|   0|   32|          0|
    |edge_p2_y_int_reg                                |   32|   0|   32|          0|
    |edge_p2_y_read_reg_576                           |   32|   0|   32|          0|
    |edge_p2_z_int_reg                                |   32|   0|   32|          0|
    |edge_p2_z_read_reg_564                           |   32|   0|   32|          0|
    |i_assign_4_reg_723                               |   32|   0|   32|          0|
    |i_assign_5_reg_738                               |   32|   0|   32|          0|
    |i_assign_6_reg_753                               |   32|   0|   32|          0|
    |i_assign_reg_708                                 |   32|   0|   32|          0|
    |k_assign_4_reg_729                               |   32|   0|   32|          0|
    |k_assign_5_reg_744                               |   32|   0|   32|          0|
    |k_assign_6_reg_759                               |   32|   0|   32|          0|
    |k_assign_reg_714                                 |   32|   0|   32|          0|
    |p_01_0_1_reg_653                                 |   32|   0|   32|          0|
    |p_01_0_2_reg_670                                 |   32|   0|   32|          0|
    |p_01_0_3_reg_687                                 |   32|   0|   32|          0|
    |p_12_0_1_reg_659                                 |   32|   0|   32|          0|
    |p_12_0_2_reg_676                                 |   32|   0|   32|          0|
    |p_12_0_3_reg_693                                 |   32|   0|   32|          0|
    |p_1_reg_636                                      |   32|   0|   32|          0|
    |p_23_0_1_reg_665                                 |   32|   0|   32|          0|
    |p_23_0_2_reg_682                                 |   32|   0|   32|          0|
    |p_23_0_3_reg_699                                 |   32|   0|   32|          0|
    |p_3_reg_648                                      |   32|   0|   32|          0|
    |p_s_reg_642                                      |   32|   0|   32|          0|
    |tmp_43_1_reg_719                                 |    1|   0|    1|          0|
    |tmp_43_2_reg_734                                 |    1|   0|    1|          0|
    |tmp_43_3_reg_749                                 |    1|   0|    1|          0|
    |tmp_s_reg_704                                    |    1|   0|    1|          0|
    |edge_p1_x_read_reg_624                           |   64|  64|   32|          0|
    |edge_p1_y_read_reg_612                           |   64|  64|   32|          0|
    |edge_p1_z_read_reg_600                           |   64|  64|   32|          0|
    |edge_p2_x_read_reg_588                           |   64|  64|   32|          0|
    |edge_p2_y_read_reg_576                           |   64|  64|   32|          0|
    |edge_p2_z_read_reg_564                           |   64|  64|   32|          0|
    |p_01_0_1_reg_653                                 |   64|  32|   32|          0|
    |p_01_0_2_reg_670                                 |   64|  32|   32|          0|
    |p_01_0_3_reg_687                                 |   64|  32|   32|          0|
    |p_12_0_1_reg_659                                 |   64|  32|   32|          0|
    |p_12_0_2_reg_676                                 |   64|  32|   32|          0|
    |p_12_0_3_reg_693                                 |   64|  32|   32|          0|
    |p_1_reg_636                                      |   64|  32|   32|          0|
    |p_s_reg_642                                      |   64|  32|   32|          0|
    +-------------------------------------------------+-----+----+-----+-----------+
    |Total                                            |14980| 640|14532|          0|
    +-------------------------------------------------+-----+----+-----+-----------+



================================================================
== Interface
================================================================
* Summary: 
+-----------+-----+-----+------------+--------------+--------------+
| RTL Ports | Dir | Bits|  Protocol  | Source Object|    C Type    |
+-----------+-----+-----+------------+--------------+--------------+
|ap_clk     |  in |    1| ap_ctrl_hs |  checkAxis.0 | return value |
|ap_rst     |  in |    1| ap_ctrl_hs |  checkAxis.0 | return value |
|ap_return  | out |   64| ap_ctrl_hs |  checkAxis.0 | return value |
|edge_p1_x  |  in |   32|   ap_none  |   edge_p1_x  |    scalar    |
|edge_p1_y  |  in |   32|   ap_none  |   edge_p1_y  |    scalar    |
|edge_p1_z  |  in |   32|   ap_none  |   edge_p1_z  |    scalar    |
|edge_p2_x  |  in |   32|   ap_none  |   edge_p2_x  |    scalar    |
|edge_p2_y  |  in |   32|   ap_none  |   edge_p2_y  |    scalar    |
|edge_p2_z  |  in |   32|   ap_none  |   edge_p2_z  |    scalar    |
+-----------+-----+-----+------------+--------------+--------------+

