

================================================================
== Vivado HLS Report for 'checkAxis_2'
================================================================
* Date:           Mon Mar 30 02:48:06 2020

* Version:        2019.2 (Build 2704478 on Wed Nov 06 22:10:23 MST 2019)
* Project:        honeybee_proj
* Solution:       HBH
* Product family: zynq
* Target device:  xc7z030i-fbg484-2L


================================================================
== Performance Estimates
================================================================
+ Timing: 
    * Summary: 
    +--------+----------+----------+------------+
    |  Clock |  Target  | Estimated| Uncertainty|
    +--------+----------+----------+------------+
    |ap_clk  | 10.00 ns | 8.588 ns |   1.25 ns  |
    +--------+----------+----------+------------+

+ Latency: 
    * Summary: 
    +---------+---------+----------+----------+-----+-----+----------+
    |  Latency (cycles) |  Latency (absolute) |  Interval | Pipeline |
    |   min   |   max   |    min   |    max   | min | max |   Type   |
    +---------+---------+----------+----------+-----+-----+----------+
    |       51|       51| 0.510 us | 0.510 us |    1|    1| function |
    +---------+---------+----------+----------+-----+-----+----------+

    + Detail: 
        * Instance: 
        +----------------------------------------+----------------------+---------+---------+-----------+-----------+-----+-----+----------+
        |                                        |                      |  Latency (cycles) |   Latency (absolute)  |  Interval | Pipeline |
        |                Instance                |        Module        |   min   |   max   |    min    |    max    | min | max |   Type   |
        +----------------------------------------+----------------------+---------+---------+-----------+-----------+-----+-----+----------+
        |grp_lineIntersectsPlane_fu_132          |lineIntersectsPlane   |       44|       44|  0.440 us |  0.440 us |    1|    1| function |
        |grp_lineIntersectsPlane_fu_150          |lineIntersectsPlane   |       44|       44|  0.440 us |  0.440 us |    1|    1| function |
        |grp_lineIntersectsPlane_fu_168          |lineIntersectsPlane   |       44|       44|  0.440 us |  0.440 us |    1|    1| function |
        |grp_lineIntersectsPlane_fu_186          |lineIntersectsPlane   |       44|       44|  0.440 us |  0.440 us |    1|    1| function |
        |grp_pointOnSegment_fu_204               |pointOnSegment        |        3|        3| 30.000 ns | 30.000 ns |    1|    1| function |
        |grp_pointOnSegment_fu_217               |pointOnSegment        |        3|        3| 30.000 ns | 30.000 ns |    1|    1| function |
        |grp_pointOnSegment_fu_230               |pointOnSegment        |        3|        3| 30.000 ns | 30.000 ns |    1|    1| function |
        |grp_pointOnSegment_fu_243               |pointOnSegment        |        3|        3| 30.000 ns | 30.000 ns |    1|    1| function |
        |i_assign_p_hls_fptosi_float_i_fu_256    |p_hls_fptosi_float_i  |        0|        0|    0 ns   |    0 ns   |    1|    1| function |
        |j_assign_p_hls_fptosi_float_i_fu_261    |p_hls_fptosi_float_i  |        0|        0|    0 ns   |    0 ns   |    1|    1| function |
        |i_assign_1_p_hls_fptosi_float_i_fu_266  |p_hls_fptosi_float_i  |        0|        0|    0 ns   |    0 ns   |    1|    1| function |
        |j_assign_1_p_hls_fptosi_float_i_fu_271  |p_hls_fptosi_float_i  |        0|        0|    0 ns   |    0 ns   |    1|    1| function |
        |i_assign_2_p_hls_fptosi_float_i_fu_276  |p_hls_fptosi_float_i  |        0|        0|    0 ns   |    0 ns   |    1|    1| function |
        |j_assign_2_p_hls_fptosi_float_i_fu_281  |p_hls_fptosi_float_i  |        0|        0|    0 ns   |    0 ns   |    1|    1| function |
        |i_assign_3_p_hls_fptosi_float_i_fu_286  |p_hls_fptosi_float_i  |        0|        0|    0 ns   |    0 ns   |    1|    1| function |
        |j_assign_3_p_hls_fptosi_float_i_fu_291  |p_hls_fptosi_float_i  |        0|        0|    0 ns   |    0 ns   |    1|    1| function |
        +----------------------------------------+----------------------+---------+---------+-----------+-----------+-----+-----+----------+

        * Loop: 
        N/A



================================================================
== Utilization Estimates
================================================================
* Summary: 
+-----------------+---------+-------+--------+-------+-----+
|       Name      | BRAM_18K| DSP48E|   FF   |  LUT  | URAM|
+-----------------+---------+-------+--------+-------+-----+
|DSP              |        -|      -|       -|      -|    -|
|Expression       |        -|      -|       0|   2224|    -|
|FIFO             |        -|      -|       -|      -|    -|
|Instance         |        0|    228|   35752|  58868|    -|
|Memory           |        -|      -|       -|      -|    -|
|Multiplexer      |        -|      -|       -|     24|    -|
|Register         |        0|      -|   14980|    640|    -|
+-----------------+---------+-------+--------+-------+-----+
|Total            |        0|    228|   50732|  61756|    0|
+-----------------+---------+-------+--------+-------+-----+
|Available        |      530|    400|  157200|  78600|    0|
+-----------------+---------+-------+--------+-------+-----+
|Utilization (%)  |        0|     57|      32|     78|    0|
+-----------------+---------+-------+--------+-------+-----+

+ Detail: 
    * Instance: 
    +----------------------------------------+----------------------+---------+-------+------+-------+-----+
    |                Instance                |        Module        | BRAM_18K| DSP48E|  FF  |  LUT  | URAM|
    +----------------------------------------+----------------------+---------+-------+------+-------+-----+
    |grp_lineIntersectsPlane_fu_132          |lineIntersectsPlane   |        0|     57|  7169|  10453|    0|
    |grp_lineIntersectsPlane_fu_150          |lineIntersectsPlane   |        0|     57|  7169|  10453|    0|
    |grp_lineIntersectsPlane_fu_168          |lineIntersectsPlane   |        0|     57|  7169|  10453|    0|
    |grp_lineIntersectsPlane_fu_186          |lineIntersectsPlane   |        0|     57|  7169|  10453|    0|
    |i_assign_p_hls_fptosi_float_i_fu_256    |p_hls_fptosi_float_i  |        0|      0|     0|    431|    0|
    |j_assign_p_hls_fptosi_float_i_fu_261    |p_hls_fptosi_float_i  |        0|      0|     0|    431|    0|
    |i_assign_1_p_hls_fptosi_float_i_fu_266  |p_hls_fptosi_float_i  |        0|      0|     0|    431|    0|
    |j_assign_1_p_hls_fptosi_float_i_fu_271  |p_hls_fptosi_float_i  |        0|      0|     0|    431|    0|
    |i_assign_2_p_hls_fptosi_float_i_fu_276  |p_hls_fptosi_float_i  |        0|      0|     0|    431|    0|
    |j_assign_2_p_hls_fptosi_float_i_fu_281  |p_hls_fptosi_float_i  |        0|      0|     0|    431|    0|
    |i_assign_3_p_hls_fptosi_float_i_fu_286  |p_hls_fptosi_float_i  |        0|      0|     0|    431|    0|
    |j_assign_3_p_hls_fptosi_float_i_fu_291  |p_hls_fptosi_float_i  |        0|      0|     0|    431|    0|
    |grp_pointOnSegment_fu_204               |pointOnSegment        |        0|      0|  1769|   3402|    0|
    |grp_pointOnSegment_fu_217               |pointOnSegment        |        0|      0|  1769|   3402|    0|
    |grp_pointOnSegment_fu_230               |pointOnSegment        |        0|      0|  1769|   3402|    0|
    |grp_pointOnSegment_fu_243               |pointOnSegment        |        0|      0|  1769|   3402|    0|
    +----------------------------------------+----------------------+---------+-------+------+-------+-----+
    |Total                                   |                      |        0|    228| 35752|  58868|    0|
    +----------------------------------------+----------------------+---------+-------+------+-------+-----+

    * DSP48E: 
    N/A

    * Memory: 
    N/A

    * FIFO: 
    N/A

    * Expression: 
    +-----------------------+----------+-------+---+-----+------------+------------+
    |     Variable Name     | Operation| DSP48E| FF| LUT | Bitwidth P0| Bitwidth P1|
    +-----------------------+----------+-------+---+-----+------------+------------+
    |add_ln80_1_fu_364_p2   |     +    |      0|  0|   32|           6|          32|
    |add_ln80_2_fu_392_p2   |     +    |      0|  0|   32|          32|          32|
    |add_ln80_3_fu_397_p2   |     +    |      0|  0|   32|           5|          32|
    |add_ln80_4_fu_435_p2   |     +    |      0|  0|   32|          32|          32|
    |add_ln80_5_fu_440_p2   |     +    |      0|  0|   32|           6|          32|
    |add_ln80_6_fu_456_p2   |     +    |      0|  0|   32|           5|          32|
    |add_ln80_7_fu_484_p2   |     +    |      0|  0|   32|          32|          32|
    |add_ln80_8_fu_489_p2   |     +    |      0|  0|   32|           6|          32|
    |add_ln80_9_fu_505_p2   |     +    |      0|  0|   32|           6|          32|
    |add_ln80_fu_349_p2     |     +    |      0|  0|   32|          32|          32|
    |ap_return              |    or    |      0|  0|   64|          64|          64|
    |or_ln112_1_fu_423_p2   |    or    |      0|  0|   64|          64|          64|
    |or_ln112_2_fu_472_p2   |    or    |      0|  0|   64|          64|          64|
    |or_ln112_3_fu_521_p2   |    or    |      0|  0|   64|          64|          64|
    |or_ln112_fu_380_p2     |    or    |      0|  0|   64|          64|          64|
    |or_ln139_1_fu_534_p2   |    or    |      0|  0|   64|          64|          64|
    |or_ln139_fu_528_p2     |    or    |      0|  0|   64|          64|          64|
    |shl_ln111_1_fu_407_p2  |    shl   |      0|  0|  182|           1|          64|
    |shl_ln111_2_fu_450_p2  |    shl   |      0|  0|  182|           1|          64|
    |shl_ln111_3_fu_499_p2  |    shl   |      0|  0|  182|           1|          64|
    |shl_ln111_fu_358_p2    |    shl   |      0|  0|  182|           1|          64|
    |shl_ln112_1_fu_417_p2  |    shl   |      0|  0|  182|           1|          64|
    |shl_ln112_2_fu_466_p2  |    shl   |      0|  0|  182|           1|          64|
    |shl_ln112_3_fu_515_p2  |    shl   |      0|  0|  182|           1|          64|
    |shl_ln112_fu_374_p2    |    shl   |      0|  0|  182|           1|          64|
    +-----------------------+----------+-------+---+-----+------------+------------+
    |Total                  |          |      0|  0| 2224|         618|        1280|
    +-----------------------+----------+-------+---+-----+------------+------------+

    * Multiplexer: 
    +-------------------------------------------------+----+-----------+-----+-----------+
    |                       Name                      | LUT| Input Size| Bits| Total Bits|
    +-------------------------------------------------+----+-----------+-----+-----------+
    |ap_phi_mux_collisions_load_0_phi_fu_92_p4        |   3|          2|   64|        128|
    |ap_phi_mux_collisions_load_1_phi_fu_103_p4       |   3|          2|   64|        128|
    |ap_phi_mux_collisions_load_2_phi_fu_114_p4       |   3|          2|   64|        128|
    |ap_phi_mux_collisions_load_3_phi_fu_125_p4       |   3|          2|   64|        128|
    |ap_phi_reg_pp0_iter51_collisions_load_0_reg_88   |   3|          2|   64|        128|
    |ap_phi_reg_pp0_iter51_collisions_load_1_reg_99   |   3|          2|   64|        128|
    |ap_phi_reg_pp0_iter51_collisions_load_2_reg_110  |   3|          2|   64|        128|
    |ap_phi_reg_pp0_iter51_collisions_load_3_reg_121  |   3|          2|   64|        128|
    +-------------------------------------------------+----+-----------+-----+-----------+
    |Total                                            |  24|         16|  512|       1024|
    +-------------------------------------------------+----+-----------+-----+-----------+

    * Register: 
    +-------------------------------------------------+-----+----+-----+-----------+
    |                       Name                      |  FF | LUT| Bits| Const Bits|
    +-------------------------------------------------+-----+----+-----+-----------+
    |ap_phi_reg_pp0_iter10_collisions_load_0_reg_88   |   64|   0|   64|          0|
    |ap_phi_reg_pp0_iter10_collisions_load_1_reg_99   |   64|   0|   64|          0|
    |ap_phi_reg_pp0_iter10_collisions_load_2_reg_110  |   64|   0|   64|          0|
    |ap_phi_reg_pp0_iter10_collisions_load_3_reg_121  |   64|   0|   64|          0|
    |ap_phi_reg_pp0_iter11_collisions_load_0_reg_88   |   64|   0|   64|          0|
    |ap_phi_reg_pp0_iter11_collisions_load_1_reg_99   |   64|   0|   64|          0|
    |ap_phi_reg_pp0_iter11_collisions_load_2_reg_110  |   64|   0|   64|          0|
    |ap_phi_reg_pp0_iter11_collisions_load_3_reg_121  |   64|   0|   64|          0|
    |ap_phi_reg_pp0_iter12_collisions_load_0_reg_88   |   64|   0|   64|          0|
    |ap_phi_reg_pp0_iter12_collisions_load_1_reg_99   |   64|   0|   64|          0|
    |ap_phi_reg_pp0_iter12_collisions_load_2_reg_110  |   64|   0|   64|          0|
    |ap_phi_reg_pp0_iter12_collisions_load_3_reg_121  |   64|   0|   64|          0|
    |ap_phi_reg_pp0_iter13_collisions_load_0_reg_88   |   64|   0|   64|          0|
    |ap_phi_reg_pp0_iter13_collisions_load_1_reg_99   |   64|   0|   64|          0|
    |ap_phi_reg_pp0_iter13_collisions_load_2_reg_110  |   64|   0|   64|          0|
    |ap_phi_reg_pp0_iter13_collisions_load_3_reg_121  |   64|   0|   64|          0|
    |ap_phi_reg_pp0_iter14_collisions_load_0_reg_88   |   64|   0|   64|          0|
    |ap_phi_reg_pp0_iter14_collisions_load_1_reg_99   |   64|   0|   64|          0|
    |ap_phi_reg_pp0_iter14_collisions_load_2_reg_110  |   64|   0|   64|          0|
    |ap_phi_reg_pp0_iter14_collisions_load_3_reg_121  |   64|   0|   64|          0|
    |ap_phi_reg_pp0_iter15_collisions_load_0_reg_88   |   64|   0|   64|          0|
    |ap_phi_reg_pp0_iter15_collisions_load_1_reg_99   |   64|   0|   64|          0|
    |ap_phi_reg_pp0_iter15_collisions_load_2_reg_110  |   64|   0|   64|          0|
    |ap_phi_reg_pp0_iter15_collisions_load_3_reg_121  |   64|   0|   64|          0|
    |ap_phi_reg_pp0_iter16_collisions_load_0_reg_88   |   64|   0|   64|          0|
    |ap_phi_reg_pp0_iter16_collisions_load_1_reg_99   |   64|   0|   64|          0|
    |ap_phi_reg_pp0_iter16_collisions_load_2_reg_110  |   64|   0|   64|          0|
    |ap_phi_reg_pp0_iter16_collisions_load_3_reg_121  |   64|   0|   64|          0|
    |ap_phi_reg_pp0_iter17_collisions_load_0_reg_88   |   64|   0|   64|          0|
    |ap_phi_reg_pp0_iter17_collisions_load_1_reg_99   |   64|   0|   64|          0|
    |ap_phi_reg_pp0_iter17_collisions_load_2_reg_110  |   64|   0|   64|          0|
    |ap_phi_reg_pp0_iter17_collisions_load_3_reg_121  |   64|   0|   64|          0|
    |ap_phi_reg_pp0_iter18_collisions_load_0_reg_88   |   64|   0|   64|          0|
    |ap_phi_reg_pp0_iter18_collisions_load_1_reg_99   |   64|   0|   64|          0|
    |ap_phi_reg_pp0_iter18_collisions_load_2_reg_110  |   64|   0|   64|          0|
    |ap_phi_reg_pp0_iter18_collisions_load_3_reg_121  |   64|   0|   64|          0|
    |ap_phi_reg_pp0_iter19_collisions_load_0_reg_88   |   64|   0|   64|          0|
    |ap_phi_reg_pp0_iter19_collisions_load_1_reg_99   |   64|   0|   64|          0|
    |ap_phi_reg_pp0_iter19_collisions_load_2_reg_110  |   64|   0|   64|          0|
    |ap_phi_reg_pp0_iter19_collisions_load_3_reg_121  |   64|   0|   64|          0|
    |ap_phi_reg_pp0_iter1_collisions_load_0_reg_88    |   64|   0|   64|          0|
    |ap_phi_reg_pp0_iter1_collisions_load_1_reg_99    |   64|   0|   64|          0|
    |ap_phi_reg_pp0_iter1_collisions_load_2_reg_110   |   64|   0|   64|          0|
    |ap_phi_reg_pp0_iter1_collisions_load_3_reg_121   |   64|   0|   64|          0|
    |ap_phi_reg_pp0_iter20_collisions_load_0_reg_88   |   64|   0|   64|          0|
    |ap_phi_reg_pp0_iter20_collisions_load_1_reg_99   |   64|   0|   64|          0|
    |ap_phi_reg_pp0_iter20_collisions_load_2_reg_110  |   64|   0|   64|          0|
    |ap_phi_reg_pp0_iter20_collisions_load_3_reg_121  |   64|   0|   64|          0|
    |ap_phi_reg_pp0_iter21_collisions_load_0_reg_88   |   64|   0|   64|          0|
    |ap_phi_reg_pp0_iter21_collisions_load_1_reg_99   |   64|   0|   64|          0|
    |ap_phi_reg_pp0_iter21_collisions_load_2_reg_110  |   64|   0|   64|          0|
    |ap_phi_reg_pp0_iter21_collisions_load_3_reg_121  |   64|   0|   64|          0|
    |ap_phi_reg_pp0_iter22_collisions_load_0_reg_88   |   64|   0|   64|          0|
    |ap_phi_reg_pp0_iter22_collisions_load_1_reg_99   |   64|   0|   64|          0|
    |ap_phi_reg_pp0_iter22_collisions_load_2_reg_110  |   64|   0|   64|          0|
    |ap_phi_reg_pp0_iter22_collisions_load_3_reg_121  |   64|   0|   64|          0|
    |ap_phi_reg_pp0_iter23_collisions_load_0_reg_88   |   64|   0|   64|          0|
    |ap_phi_reg_pp0_iter23_collisions_load_1_reg_99   |   64|   0|   64|          0|
    |ap_phi_reg_pp0_iter23_collisions_load_2_reg_110  |   64|   0|   64|          0|
    |ap_phi_reg_pp0_iter23_collisions_load_3_reg_121  |   64|   0|   64|          0|
    |ap_phi_reg_pp0_iter24_collisions_load_0_reg_88   |   64|   0|   64|          0|
    |ap_phi_reg_pp0_iter24_collisions_load_1_reg_99   |   64|   0|   64|          0|
    |ap_phi_reg_pp0_iter24_collisions_load_2_reg_110  |   64|   0|   64|          0|
    |ap_phi_reg_pp0_iter24_collisions_load_3_reg_121  |   64|   0|   64|          0|
    |ap_phi_reg_pp0_iter25_collisions_load_0_reg_88   |   64|   0|   64|          0|
    |ap_phi_reg_pp0_iter25_collisions_load_1_reg_99   |   64|   0|   64|          0|
    |ap_phi_reg_pp0_iter25_collisions_load_2_reg_110  |   64|   0|   64|          0|
    |ap_phi_reg_pp0_iter25_collisions_load_3_reg_121  |   64|   0|   64|          0|
    |ap_phi_reg_pp0_iter26_collisions_load_0_reg_88   |   64|   0|   64|          0|
    |ap_phi_reg_pp0_iter26_collisions_load_1_reg_99   |   64|   0|   64|          0|
    |ap_phi_reg_pp0_iter26_collisions_load_2_reg_110  |   64|   0|   64|          0|
    |ap_phi_reg_pp0_iter26_collisions_load_3_reg_121  |   64|   0|   64|          0|
    |ap_phi_reg_pp0_iter27_collisions_load_0_reg_88   |   64|   0|   64|          0|
    |ap_phi_reg_pp0_iter27_collisions_load_1_reg_99   |   64|   0|   64|          0|
    |ap_phi_reg_pp0_iter27_collisions_load_2_reg_110  |   64|   0|   64|          0|
    |ap_phi_reg_pp0_iter27_collisions_load_3_reg_121  |   64|   0|   64|          0|
    |ap_phi_reg_pp0_iter28_collisions_load_0_reg_88   |   64|   0|   64|          0|
    |ap_phi_reg_pp0_iter28_collisions_load_1_reg_99   |   64|   0|   64|          0|
    |ap_phi_reg_pp0_iter28_collisions_load_2_reg_110  |   64|   0|   64|          0|
    |ap_phi_reg_pp0_iter28_collisions_load_3_reg_121  |   64|   0|   64|          0|
    |ap_phi_reg_pp0_iter29_collisions_load_0_reg_88   |   64|   0|   64|          0|
    |ap_phi_reg_pp0_iter29_collisions_load_1_reg_99   |   64|   0|   64|          0|
    |ap_phi_reg_pp0_iter29_collisions_load_2_reg_110  |   64|   0|   64|          0|
    |ap_phi_reg_pp0_iter29_collisions_load_3_reg_121  |   64|   0|   64|          0|
    |ap_phi_reg_pp0_iter2_collisions_load_0_reg_88    |   64|   0|   64|          0|
    |ap_phi_reg_pp0_iter2_collisions_load_1_reg_99    |   64|   0|   64|          0|
    |ap_phi_reg_pp0_iter2_collisions_load_2_reg_110   |   64|   0|   64|          0|
    |ap_phi_reg_pp0_iter2_collisions_load_3_reg_121   |   64|   0|   64|          0|
    |ap_phi_reg_pp0_iter30_collisions_load_0_reg_88   |   64|   0|   64|          0|
    |ap_phi_reg_pp0_iter30_collisions_load_1_reg_99   |   64|   0|   64|          0|
    |ap_phi_reg_pp0_iter30_collisions_load_2_reg_110  |   64|   0|   64|          0|
    |ap_phi_reg_pp0_iter30_collisions_load_3_reg_121  |   64|   0|   64|          0|
    |ap_phi_reg_pp0_iter31_collisions_load_0_reg_88   |   64|   0|   64|          0|
    |ap_phi_reg_pp0_iter31_collisions_load_1_reg_99   |   64|   0|   64|          0|
    |ap_phi_reg_pp0_iter31_collisions_load_2_reg_110  |   64|   0|   64|          0|
    |ap_phi_reg_pp0_iter31_collisions_load_3_reg_121  |   64|   0|   64|          0|
    |ap_phi_reg_pp0_iter32_collisions_load_0_reg_88   |   64|   0|   64|          0|
    |ap_phi_reg_pp0_iter32_collisions_load_1_reg_99   |   64|   0|   64|          0|
    |ap_phi_reg_pp0_iter32_collisions_load_2_reg_110  |   64|   0|   64|          0|
    |ap_phi_reg_pp0_iter32_collisions_load_3_reg_121  |   64|   0|   64|          0|
    |ap_phi_reg_pp0_iter33_collisions_load_0_reg_88   |   64|   0|   64|          0|
    |ap_phi_reg_pp0_iter33_collisions_load_1_reg_99   |   64|   0|   64|          0|
    |ap_phi_reg_pp0_iter33_collisions_load_2_reg_110  |   64|   0|   64|          0|
    |ap_phi_reg_pp0_iter33_collisions_load_3_reg_121  |   64|   0|   64|          0|
    |ap_phi_reg_pp0_iter34_collisions_load_0_reg_88   |   64|   0|   64|          0|
    |ap_phi_reg_pp0_iter34_collisions_load_1_reg_99   |   64|   0|   64|          0|
    |ap_phi_reg_pp0_iter34_collisions_load_2_reg_110  |   64|   0|   64|          0|
    |ap_phi_reg_pp0_iter34_collisions_load_3_reg_121  |   64|   0|   64|          0|
    |ap_phi_reg_pp0_iter35_collisions_load_0_reg_88   |   64|   0|   64|          0|
    |ap_phi_reg_pp0_iter35_collisions_load_1_reg_99   |   64|   0|   64|          0|
    |ap_phi_reg_pp0_iter35_collisions_load_2_reg_110  |   64|   0|   64|          0|
    |ap_phi_reg_pp0_iter35_collisions_load_3_reg_121  |   64|   0|   64|          0|
    |ap_phi_reg_pp0_iter36_collisions_load_0_reg_88   |   64|   0|   64|          0|
    |ap_phi_reg_pp0_iter36_collisions_load_1_reg_99   |   64|   0|   64|          0|
    |ap_phi_reg_pp0_iter36_collisions_load_2_reg_110  |   64|   0|   64|          0|
    |ap_phi_reg_pp0_iter36_collisions_load_3_reg_121  |   64|   0|   64|          0|
    |ap_phi_reg_pp0_iter37_collisions_load_0_reg_88   |   64|   0|   64|          0|
    |ap_phi_reg_pp0_iter37_collisions_load_1_reg_99   |   64|   0|   64|          0|
    |ap_phi_reg_pp0_iter37_collisions_load_2_reg_110  |   64|   0|   64|          0|
    |ap_phi_reg_pp0_iter37_collisions_load_3_reg_121  |   64|   0|   64|          0|
    |ap_phi_reg_pp0_iter38_collisions_load_0_reg_88   |   64|   0|   64|          0|
    |ap_phi_reg_pp0_iter38_collisions_load_1_reg_99   |   64|   0|   64|          0|
    |ap_phi_reg_pp0_iter38_collisions_load_2_reg_110  |   64|   0|   64|          0|
    |ap_phi_reg_pp0_iter38_collisions_load_3_reg_121  |   64|   0|   64|          0|
    |ap_phi_reg_pp0_iter39_collisions_load_0_reg_88   |   64|   0|   64|          0|
    |ap_phi_reg_pp0_iter39_collisions_load_1_reg_99   |   64|   0|   64|          0|
    |ap_phi_reg_pp0_iter39_collisions_load_2_reg_110  |   64|   0|   64|          0|
    |ap_phi_reg_pp0_iter39_collisions_load_3_reg_121  |   64|   0|   64|          0|
    |ap_phi_reg_pp0_iter3_collisions_load_0_reg_88    |   64|   0|   64|          0|
    |ap_phi_reg_pp0_iter3_collisions_load_1_reg_99    |   64|   0|   64|          0|
    |ap_phi_reg_pp0_iter3_collisions_load_2_reg_110   |   64|   0|   64|          0|
    |ap_phi_reg_pp0_iter3_collisions_load_3_reg_121   |   64|   0|   64|          0|
    |ap_phi_reg_pp0_iter40_collisions_load_0_reg_88   |   64|   0|   64|          0|
    |ap_phi_reg_pp0_iter40_collisions_load_1_reg_99   |   64|   0|   64|          0|
    |ap_phi_reg_pp0_iter40_collisions_load_2_reg_110  |   64|   0|   64|          0|
    |ap_phi_reg_pp0_iter40_collisions_load_3_reg_121  |   64|   0|   64|          0|
    |ap_phi_reg_pp0_iter41_collisions_load_0_reg_88   |   64|   0|   64|          0|
    |ap_phi_reg_pp0_iter41_collisions_load_1_reg_99   |   64|   0|   64|          0|
    |ap_phi_reg_pp0_iter41_collisions_load_2_reg_110  |   64|   0|   64|          0|
    |ap_phi_reg_pp0_iter41_collisions_load_3_reg_121  |   64|   0|   64|          0|
    |ap_phi_reg_pp0_iter42_collisions_load_0_reg_88   |   64|   0|   64|          0|
    |ap_phi_reg_pp0_iter42_collisions_load_1_reg_99   |   64|   0|   64|          0|
    |ap_phi_reg_pp0_iter42_collisions_load_2_reg_110  |   64|   0|   64|          0|
    |ap_phi_reg_pp0_iter42_collisions_load_3_reg_121  |   64|   0|   64|          0|
    |ap_phi_reg_pp0_iter43_collisions_load_0_reg_88   |   64|   0|   64|          0|
    |ap_phi_reg_pp0_iter43_collisions_load_1_reg_99   |   64|   0|   64|          0|
    |ap_phi_reg_pp0_iter43_collisions_load_2_reg_110  |   64|   0|   64|          0|
    |ap_phi_reg_pp0_iter43_collisions_load_3_reg_121  |   64|   0|   64|          0|
    |ap_phi_reg_pp0_iter44_collisions_load_0_reg_88   |   64|   0|   64|          0|
    |ap_phi_reg_pp0_iter44_collisions_load_1_reg_99   |   64|   0|   64|          0|
    |ap_phi_reg_pp0_iter44_collisions_load_2_reg_110  |   64|   0|   64|          0|
    |ap_phi_reg_pp0_iter44_collisions_load_3_reg_121  |   64|   0|   64|          0|
    |ap_phi_reg_pp0_iter45_collisions_load_0_reg_88   |   64|   0|   64|          0|
    |ap_phi_reg_pp0_iter45_collisions_load_1_reg_99   |   64|   0|   64|          0|
    |ap_phi_reg_pp0_iter45_collisions_load_2_reg_110  |   64|   0|   64|          0|
    |ap_phi_reg_pp0_iter45_collisions_load_3_reg_121  |   64|   0|   64|          0|
    |ap_phi_reg_pp0_iter46_collisions_load_0_reg_88   |   64|   0|   64|          0|
    |ap_phi_reg_pp0_iter46_collisions_load_1_reg_99   |   64|   0|   64|          0|
    |ap_phi_reg_pp0_iter46_collisions_load_2_reg_110  |   64|   0|   64|          0|
    |ap_phi_reg_pp0_iter46_collisions_load_3_reg_121  |   64|   0|   64|          0|
    |ap_phi_reg_pp0_iter47_collisions_load_0_reg_88   |   64|   0|   64|          0|
    |ap_phi_reg_pp0_iter47_collisions_load_1_reg_99   |   64|   0|   64|          0|
    |ap_phi_reg_pp0_iter47_collisions_load_2_reg_110  |   64|   0|   64|          0|
    |ap_phi_reg_pp0_iter47_collisions_load_3_reg_121  |   64|   0|   64|          0|
    |ap_phi_reg_pp0_iter48_collisions_load_0_reg_88   |   64|   0|   64|          0|
    |ap_phi_reg_pp0_iter48_collisions_load_1_reg_99   |   64|   0|   64|          0|
    |ap_phi_reg_pp0_iter48_collisions_load_2_reg_110  |   64|   0|   64|          0|
    |ap_phi_reg_pp0_iter48_collisions_load_3_reg_121  |   64|   0|   64|          0|
    |ap_phi_reg_pp0_iter49_collisions_load_0_reg_88   |   64|   0|   64|          0|
    |ap_phi_reg_pp0_iter49_collisions_load_1_reg_99   |   64|   0|   64|          0|
    |ap_phi_reg_pp0_iter49_collisions_load_2_reg_110  |   64|   0|   64|          0|
    |ap_phi_reg_pp0_iter49_collisions_load_3_reg_121  |   64|   0|   64|          0|
    |ap_phi_reg_pp0_iter4_collisions_load_0_reg_88    |   64|   0|   64|          0|
    |ap_phi_reg_pp0_iter4_collisions_load_1_reg_99    |   64|   0|   64|          0|
    |ap_phi_reg_pp0_iter4_collisions_load_2_reg_110   |   64|   0|   64|          0|
    |ap_phi_reg_pp0_iter4_collisions_load_3_reg_121   |   64|   0|   64|          0|
    |ap_phi_reg_pp0_iter50_collisions_load_0_reg_88   |   64|   0|   64|          0|
    |ap_phi_reg_pp0_iter50_collisions_load_1_reg_99   |   64|   0|   64|          0|
    |ap_phi_reg_pp0_iter50_collisions_load_2_reg_110  |   64|   0|   64|          0|
    |ap_phi_reg_pp0_iter50_collisions_load_3_reg_121  |   64|   0|   64|          0|
    |ap_phi_reg_pp0_iter51_collisions_load_0_reg_88   |   64|   0|   64|          0|
    |ap_phi_reg_pp0_iter51_collisions_load_1_reg_99   |   64|   0|   64|          0|
    |ap_phi_reg_pp0_iter51_collisions_load_2_reg_110  |   64|   0|   64|          0|
    |ap_phi_reg_pp0_iter51_collisions_load_3_reg_121  |   64|   0|   64|          0|
    |ap_phi_reg_pp0_iter5_collisions_load_0_reg_88    |   64|   0|   64|          0|
    |ap_phi_reg_pp0_iter5_collisions_load_1_reg_99    |   64|   0|   64|          0|
    |ap_phi_reg_pp0_iter5_collisions_load_2_reg_110   |   64|   0|   64|          0|
    |ap_phi_reg_pp0_iter5_collisions_load_3_reg_121   |   64|   0|   64|          0|
    |ap_phi_reg_pp0_iter6_collisions_load_0_reg_88    |   64|   0|   64|          0|
    |ap_phi_reg_pp0_iter6_collisions_load_1_reg_99    |   64|   0|   64|          0|
    |ap_phi_reg_pp0_iter6_collisions_load_2_reg_110   |   64|   0|   64|          0|
    |ap_phi_reg_pp0_iter6_collisions_load_3_reg_121   |   64|   0|   64|          0|
    |ap_phi_reg_pp0_iter7_collisions_load_0_reg_88    |   64|   0|   64|          0|
    |ap_phi_reg_pp0_iter7_collisions_load_1_reg_99    |   64|   0|   64|          0|
    |ap_phi_reg_pp0_iter7_collisions_load_2_reg_110   |   64|   0|   64|          0|
    |ap_phi_reg_pp0_iter7_collisions_load_3_reg_121   |   64|   0|   64|          0|
    |ap_phi_reg_pp0_iter8_collisions_load_0_reg_88    |   64|   0|   64|          0|
    |ap_phi_reg_pp0_iter8_collisions_load_1_reg_99    |   64|   0|   64|          0|
    |ap_phi_reg_pp0_iter8_collisions_load_2_reg_110   |   64|   0|   64|          0|
    |ap_phi_reg_pp0_iter8_collisions_load_3_reg_121   |   64|   0|   64|          0|
    |ap_phi_reg_pp0_iter9_collisions_load_0_reg_88    |   64|   0|   64|          0|
    |ap_phi_reg_pp0_iter9_collisions_load_1_reg_99    |   64|   0|   64|          0|
    |ap_phi_reg_pp0_iter9_collisions_load_2_reg_110   |   64|   0|   64|          0|
    |ap_phi_reg_pp0_iter9_collisions_load_3_reg_121   |   64|   0|   64|          0|
    |edge_p1_x_int_reg                                |   32|   0|   32|          0|
    |edge_p1_x_read_reg_606                           |   32|   0|   32|          0|
    |edge_p1_y_int_reg                                |   32|   0|   32|          0|
    |edge_p1_y_read_reg_594                           |   32|   0|   32|          0|
    |edge_p1_z_int_reg                                |   32|   0|   32|          0|
    |edge_p1_z_read_reg_582                           |   32|   0|   32|          0|
    |edge_p2_x_int_reg                                |   32|   0|   32|          0|
    |edge_p2_x_read_reg_570                           |   32|   0|   32|          0|
    |edge_p2_y_int_reg                                |   32|   0|   32|          0|
    |edge_p2_y_read_reg_558                           |   32|   0|   32|          0|
    |edge_p2_z_int_reg                                |   32|   0|   32|          0|
    |edge_p2_z_read_reg_546                           |   32|   0|   32|          0|
    |i_assign_1_reg_704                               |   32|   0|   32|          0|
    |i_assign_2_reg_718                               |   32|   0|   32|          0|
    |i_assign_3_reg_732                               |   32|   0|   32|          0|
    |i_assign_reg_690                                 |   32|   0|   32|          0|
    |j_assign_1_reg_709                               |   32|   0|   32|          0|
    |j_assign_2_reg_723                               |   32|   0|   32|          0|
    |j_assign_3_reg_737                               |   32|   0|   32|          0|
    |j_assign_reg_695                                 |   32|   0|   32|          0|
    |p_0_0_1_reg_635                                  |   32|   0|   32|          0|
    |p_0_0_2_reg_652                                  |   32|   0|   32|          0|
    |p_0_0_3_reg_669                                  |   32|   0|   32|          0|
    |p_0_reg_618                                      |   32|   0|   32|          0|
    |p_1_0_1_reg_641                                  |   32|   0|   32|          0|
    |p_1_0_2_reg_658                                  |   32|   0|   32|          0|
    |p_1_0_3_reg_675                                  |   32|   0|   32|          0|
    |p_1_reg_624                                      |   32|   0|   32|          0|
    |p_2_0_1_reg_647                                  |   32|   0|   32|          0|
    |p_2_0_2_reg_664                                  |   32|   0|   32|          0|
    |p_2_0_3_reg_681                                  |   32|   0|   32|          0|
    |p_2_reg_630                                      |   32|   0|   32|          0|
    |tmp_1_reg_700                                    |    1|   0|    1|          0|
    |tmp_2_reg_714                                    |    1|   0|    1|          0|
    |tmp_3_reg_728                                    |    1|   0|    1|          0|
    |tmp_s_reg_686                                    |    1|   0|    1|          0|
    |edge_p1_x_read_reg_606                           |   64|  64|   32|          0|
    |edge_p1_y_read_reg_594                           |   64|  64|   32|          0|
    |edge_p1_z_read_reg_582                           |   64|  64|   32|          0|
    |edge_p2_x_read_reg_570                           |   64|  64|   32|          0|
    |edge_p2_y_read_reg_558                           |   64|  64|   32|          0|
    |edge_p2_z_read_reg_546                           |   64|  64|   32|          0|
    |p_0_0_1_reg_635                                  |   64|  32|   32|          0|
    |p_0_0_2_reg_652                                  |   64|  32|   32|          0|
    |p_0_0_3_reg_669                                  |   64|  32|   32|          0|
    |p_0_reg_618                                      |   64|  32|   32|          0|
    |p_1_0_1_reg_641                                  |   64|  32|   32|          0|
    |p_1_0_2_reg_658                                  |   64|  32|   32|          0|
    |p_1_0_3_reg_675                                  |   64|  32|   32|          0|
    |p_1_reg_624                                      |   64|  32|   32|          0|
    +-------------------------------------------------+-----+----+-----+-----------+
    |Total                                            |14980| 640|14532|          0|
    +-------------------------------------------------+-----+----+-----+-----------+



================================================================
== Interface
================================================================
* Summary: 
+-----------+-----+-----+------------+--------------+--------------+
| RTL Ports | Dir | Bits|  Protocol  | Source Object|    C Type    |
+-----------+-----+-----+------------+--------------+--------------+
|ap_clk     |  in |    1| ap_ctrl_hs |  checkAxis.2 | return value |
|ap_rst     |  in |    1| ap_ctrl_hs |  checkAxis.2 | return value |
|ap_return  | out |   64| ap_ctrl_hs |  checkAxis.2 | return value |
|edge_p1_x  |  in |   32|   ap_none  |   edge_p1_x  |    scalar    |
|edge_p1_y  |  in |   32|   ap_none  |   edge_p1_y  |    scalar    |
|edge_p1_z  |  in |   32|   ap_none  |   edge_p1_z  |    scalar    |
|edge_p2_x  |  in |   32|   ap_none  |   edge_p2_x  |    scalar    |
|edge_p2_y  |  in |   32|   ap_none  |   edge_p2_y  |    scalar    |
|edge_p2_z  |  in |   32|   ap_none  |   edge_p2_z  |    scalar    |
+-----------+-----+-----+------------+--------------+--------------+

