

================================================================
== Vivado HLS Report for 'pointOnSegment'
================================================================
* Date:           Mon Mar 30 02:48:04 2020

* Version:        2019.2 (Build 2704478 on Wed Nov 06 22:10:23 MST 2019)
* Project:        honeybee_proj
* Solution:       HBH
* Product family: zynq
* Target device:  xc7z030i-fbg484-2L


================================================================
== Performance Estimates
================================================================
+ Timing: 
    * Summary: 
    +--------+----------+----------+------------+
    |  Clock |  Target  | Estimated| Uncertainty|
    +--------+----------+----------+------------+
    |ap_clk  | 10.00 ns | 7.398 ns |   1.25 ns  |
    +--------+----------+----------+------------+

+ Latency: 
    * Summary: 
    +---------+---------+-----------+-----------+-----+-----+----------+
    |  Latency (cycles) |   Latency (absolute)  |  Interval | Pipeline |
    |   min   |   max   |    min    |    max    | min | max |   Type   |
    +---------+---------+-----------+-----------+-----+-----+----------+
    |        3|        3| 30.000 ns | 30.000 ns |    1|    1| function |
    +---------+---------+-----------+-----------+-----+-----+----------+

    + Detail: 
        * Instance: 
        N/A

        * Loop: 
        N/A



================================================================
== Utilization Estimates
================================================================
* Summary: 
+-----------------+---------+-------+--------+-------+-----+
|       Name      | BRAM_18K| DSP48E|   FF   |  LUT  | URAM|
+-----------------+---------+-------+--------+-------+-----+
|DSP              |        -|      -|       -|      -|    -|
|Expression       |        -|      -|       0|    435|    -|
|FIFO             |        -|      -|       -|      -|    -|
|Instance         |        -|      0|     792|   2868|    -|
|Memory           |        -|      -|       -|      -|    -|
|Multiplexer      |        -|      -|       -|      3|    -|
|Register         |        0|      -|     977|     96|    -|
+-----------------+---------+-------+--------+-------+-----+
|Total            |        0|      0|    1769|   3402|    0|
+-----------------+---------+-------+--------+-------+-----+
|Available        |      530|    400|  157200|  78600|    0|
+-----------------+---------+-------+--------+-------+-----+
|Utilization (%)  |        0|      0|       1|      4|    0|
+-----------------+---------+-------+--------+-------+-----+

+ Detail: 
    * Instance: 
    +--------------------------+----------------------+---------+-------+----+-----+-----+
    |         Instance         |        Module        | BRAM_18K| DSP48E| FF | LUT | URAM|
    +--------------------------+----------------------+---------+-------+----+-----+-----+
    |honeybee_fcmp_32nfYi_U37  |honeybee_fcmp_32nfYi  |        0|      0|  66|  239|    0|
    |honeybee_fcmp_32nfYi_U38  |honeybee_fcmp_32nfYi  |        0|      0|  66|  239|    0|
    |honeybee_fcmp_32nfYi_U39  |honeybee_fcmp_32nfYi  |        0|      0|  66|  239|    0|
    |honeybee_fcmp_32nfYi_U40  |honeybee_fcmp_32nfYi  |        0|      0|  66|  239|    0|
    |honeybee_fcmp_32nfYi_U41  |honeybee_fcmp_32nfYi  |        0|      0|  66|  239|    0|
    |honeybee_fcmp_32nfYi_U42  |honeybee_fcmp_32nfYi  |        0|      0|  66|  239|    0|
    |honeybee_fcmp_32nfYi_U43  |honeybee_fcmp_32nfYi  |        0|      0|  66|  239|    0|
    |honeybee_fcmp_32nfYi_U44  |honeybee_fcmp_32nfYi  |        0|      0|  66|  239|    0|
    |honeybee_fcmp_32nfYi_U45  |honeybee_fcmp_32nfYi  |        0|      0|  66|  239|    0|
    |honeybee_fcmp_32nfYi_U46  |honeybee_fcmp_32nfYi  |        0|      0|  66|  239|    0|
    |honeybee_fcmp_32nfYi_U47  |honeybee_fcmp_32nfYi  |        0|      0|  66|  239|    0|
    |honeybee_fcmp_32nfYi_U48  |honeybee_fcmp_32nfYi  |        0|      0|  66|  239|    0|
    +--------------------------+----------------------+---------+-------+----+-----+-----+
    |Total                     |                      |        0|      0| 792| 2868|    0|
    +--------------------------+----------------------+---------+-------+----+-----+-----+

    * DSP48E: 
    N/A

    * Memory: 
    N/A

    * FIFO: 
    N/A

    * Expression: 
    +------------------------+----------+-------+---+----+------------+------------+
    |      Variable Name     | Operation| DSP48E| FF| LUT| Bitwidth P0| Bitwidth P1|
    +------------------------+----------+-------+---+----+------------+------------+
    |and_ln47_1_fu_222_p2    |    and   |      0|  0|   1|           1|           1|
    |and_ln47_2_fu_729_p2    |    and   |      0|  0|   1|           1|           1|
    |and_ln47_3_fu_734_p2    |    and   |      0|  0|   1|           1|           1|
    |and_ln47_4_fu_234_p2    |    and   |      0|  0|   1|           1|           1|
    |and_ln47_5_fu_744_p2    |    and   |      0|  0|   1|           1|           1|
    |and_ln47_6_fu_749_p2    |    and   |      0|  0|   1|           1|           1|
    |and_ln47_7_fu_791_p2    |    and   |      0|  0|   1|           1|           1|
    |and_ln47_fu_216_p2      |    and   |      0|  0|   1|           1|           1|
    |and_ln48_1_fu_322_p2    |    and   |      0|  0|   1|           1|           1|
    |and_ln48_2_fu_759_p2    |    and   |      0|  0|   1|           1|           1|
    |and_ln48_3_fu_764_p2    |    and   |      0|  0|   1|           1|           1|
    |and_ln48_4_fu_334_p2    |    and   |      0|  0|   1|           1|           1|
    |and_ln48_fu_316_p2      |    and   |      0|  0|   1|           1|           1|
    |and_ln49_10_fu_851_p2   |    and   |      0|  0|   1|           1|           1|
    |and_ln49_11_fu_863_p2   |    and   |      0|  0|   1|           1|           1|
    |and_ln49_12_fu_869_p2   |    and   |      0|  0|   1|           1|           1|
    |and_ln49_1_fu_422_p2    |    and   |      0|  0|   1|           1|           1|
    |and_ln49_2_fu_434_p2    |    and   |      0|  0|   1|           1|           1|
    |and_ln49_3_fu_780_p2    |    and   |      0|  0|   1|           1|           1|
    |and_ln49_4_fu_785_p2    |    and   |      0|  0|   1|           1|           1|
    |and_ln49_5_fu_819_p2    |    and   |      0|  0|   1|           1|           1|
    |and_ln49_6_fu_824_p2    |    and   |      0|  0|   1|           1|           1|
    |and_ln49_7_fu_830_p2    |    and   |      0|  0|   1|           1|           1|
    |and_ln49_8_fu_840_p2    |    and   |      0|  0|   1|           1|           1|
    |and_ln49_9_fu_845_p2    |    and   |      0|  0|   1|           1|           1|
    |and_ln49_fu_416_p2      |    and   |      0|  0|   1|           1|           1|
    |icmp_ln47_1_fu_186_p2   |   icmp   |      0|  0|   9|          23|           1|
    |icmp_ln47_2_fu_198_p2   |   icmp   |      0|  0|   4|           8|           2|
    |icmp_ln47_3_fu_204_p2   |   icmp   |      0|  0|   9|          23|           1|
    |icmp_ln47_4_fu_480_p2   |   icmp   |      0|  0|   4|           8|           2|
    |icmp_ln47_5_fu_486_p2   |   icmp   |      0|  0|   9|          23|           1|
    |icmp_ln47_6_fu_492_p2   |   icmp   |      0|  0|   4|           8|           2|
    |icmp_ln47_7_fu_498_p2   |   icmp   |      0|  0|   9|          23|           1|
    |icmp_ln47_8_fu_527_p2   |   icmp   |      0|  0|   4|           8|           2|
    |icmp_ln47_9_fu_533_p2   |   icmp   |      0|  0|   9|          23|           1|
    |icmp_ln47_fu_180_p2     |   icmp   |      0|  0|   4|           8|           2|
    |icmp_ln48_1_fu_286_p2   |   icmp   |      0|  0|   9|          23|           1|
    |icmp_ln48_2_fu_298_p2   |   icmp   |      0|  0|   4|           8|           2|
    |icmp_ln48_3_fu_304_p2   |   icmp   |      0|  0|   9|          23|           1|
    |icmp_ln48_4_fu_573_p2   |   icmp   |      0|  0|   4|           8|           2|
    |icmp_ln48_5_fu_579_p2   |   icmp   |      0|  0|   9|          23|           1|
    |icmp_ln48_6_fu_585_p2   |   icmp   |      0|  0|   4|           8|           2|
    |icmp_ln48_7_fu_591_p2   |   icmp   |      0|  0|   9|          23|           1|
    |icmp_ln48_fu_280_p2     |   icmp   |      0|  0|   4|           8|           2|
    |icmp_ln49_10_fu_713_p2  |   icmp   |      0|  0|   4|           8|           2|
    |icmp_ln49_11_fu_719_p2  |   icmp   |      0|  0|   9|          23|           1|
    |icmp_ln49_1_fu_386_p2   |   icmp   |      0|  0|   9|          23|           1|
    |icmp_ln49_2_fu_398_p2   |   icmp   |      0|  0|   4|           8|           2|
    |icmp_ln49_3_fu_404_p2   |   icmp   |      0|  0|   9|          23|           1|
    |icmp_ln49_4_fu_637_p2   |   icmp   |      0|  0|   4|           8|           2|
    |icmp_ln49_5_fu_643_p2   |   icmp   |      0|  0|   9|          23|           1|
    |icmp_ln49_6_fu_649_p2   |   icmp   |      0|  0|   4|           8|           2|
    |icmp_ln49_7_fu_655_p2   |   icmp   |      0|  0|   9|          23|           1|
    |icmp_ln49_8_fu_684_p2   |   icmp   |      0|  0|   4|           8|           2|
    |icmp_ln49_9_fu_690_p2   |   icmp   |      0|  0|   9|          23|           1|
    |icmp_ln49_fu_380_p2     |   icmp   |      0|  0|   4|           8|           2|
    |or_ln47_1_fu_210_p2     |    or    |      0|  0|   1|           1|           1|
    |or_ln47_2_fu_725_p2     |    or    |      0|  0|   1|           1|           1|
    |or_ln47_3_fu_504_p2     |    or    |      0|  0|   1|           1|           1|
    |or_ln47_4_fu_740_p2     |    or    |      0|  0|   1|           1|           1|
    |or_ln47_fu_192_p2       |    or    |      0|  0|   1|           1|           1|
    |or_ln48_1_fu_310_p2     |    or    |      0|  0|   1|           1|           1|
    |or_ln48_2_fu_755_p2     |    or    |      0|  0|   1|           1|           1|
    |or_ln48_3_fu_597_p2     |    or    |      0|  0|   1|           1|           1|
    |or_ln48_4_fu_803_p2     |    or    |      0|  0|   1|           1|           1|
    |or_ln48_5_fu_809_p2     |    or    |      0|  0|   1|           1|           1|
    |or_ln48_fu_292_p2       |    or    |      0|  0|   1|           1|           1|
    |or_ln49_1_fu_410_p2     |    or    |      0|  0|   1|           1|           1|
    |or_ln49_2_fu_776_p2     |    or    |      0|  0|   1|           1|           1|
    |or_ln49_3_fu_661_p2     |    or    |      0|  0|   1|           1|           1|
    |or_ln49_4_fu_815_p2     |    or    |      0|  0|   1|           1|           1|
    |or_ln49_5_fu_836_p2     |    or    |      0|  0|   1|           1|           1|
    |or_ln49_6_fu_857_p2     |    or    |      0|  0|   1|           1|           1|
    |or_ln49_fu_392_p2       |    or    |      0|  0|   1|           1|           1|
    |p_a_1_fu_240_p3         |  select  |      0|  0|  32|           1|          32|
    |p_a_2_fu_328_p3         |  select  |      0|  0|  32|           1|          32|
    |p_a_3_fu_340_p3         |  select  |      0|  0|  32|           1|          32|
    |p_a_4_fu_428_p3         |  select  |      0|  0|  32|           1|          32|
    |p_a_5_fu_440_p3         |  select  |      0|  0|  32|           1|          32|
    |p_a_fu_228_p3           |  select  |      0|  0|  32|           1|          32|
    |xor_ln47_fu_797_p2      |    xor   |      0|  0|   2|           2|           1|
    |xor_ln48_fu_770_p2      |    xor   |      0|  0|   2|           2|           1|
    +------------------------+----------+-------+---+----+------------+------------+
    |Total                   |          |      0|  0| 435|         519|         283|
    +------------------------+----------+-------+---+----+------------+------------+

    * Multiplexer: 
    +-----------+----+-----------+-----+-----------+
    |    Name   | LUT| Input Size| Bits| Total Bits|
    +-----------+----+-----------+-----+-----------+
    |ap_return  |   3|          2|    1|          2|
    +-----------+----+-----------+-----+-----------+
    |Total      |   3|          2|    1|          2|
    +-----------+----+-----------+-----+-----------+

    * Register: 
    +-----------------------+----+----+-----+-----------+
    |          Name         | FF | LUT| Bits| Const Bits|
    +-----------------------+----+----+-----+-----------+
    |ap_ce_reg              |   1|   0|    1|          0|
    |ap_return_int_reg      |   1|   0|    1|          0|
    |e_p1_x_int_reg         |  32|   0|   32|          0|
    |e_p1_x_read_reg_920    |  32|   0|   32|          0|
    |e_p1_y_int_reg         |  32|   0|   32|          0|
    |e_p1_y_read_reg_911    |  32|   0|   32|          0|
    |e_p1_z_int_reg         |  32|   0|   32|          0|
    |e_p1_z_read_reg_902    |  32|   0|   32|          0|
    |e_p2_x_int_reg         |  32|   0|   32|          0|
    |e_p2_x_read_reg_893    |  32|   0|   32|          0|
    |e_p2_y_int_reg         |  32|   0|   32|          0|
    |e_p2_y_read_reg_884    |  32|   0|   32|          0|
    |e_p2_z_int_reg         |  32|   0|   32|          0|
    |e_p2_z_read_reg_875    |  32|   0|   32|          0|
    |icmp_ln47_4_reg_986    |   1|   0|    1|          0|
    |icmp_ln47_5_reg_991    |   1|   0|    1|          0|
    |icmp_ln47_8_reg_1002   |   1|   0|    1|          0|
    |icmp_ln47_9_reg_1007   |   1|   0|    1|          0|
    |icmp_ln48_4_reg_1012   |   1|   0|    1|          0|
    |icmp_ln48_5_reg_1017   |   1|   0|    1|          0|
    |icmp_ln49_10_reg_1054  |   1|   0|    1|          0|
    |icmp_ln49_11_reg_1059  |   1|   0|    1|          0|
    |icmp_ln49_4_reg_1028   |   1|   0|    1|          0|
    |icmp_ln49_5_reg_1033   |   1|   0|    1|          0|
    |icmp_ln49_8_reg_1044   |   1|   0|    1|          0|
    |icmp_ln49_9_reg_1049   |   1|   0|    1|          0|
    |or_ln47_3_reg_996      |   1|   0|    1|          0|
    |or_ln48_3_reg_1022     |   1|   0|    1|          0|
    |or_ln49_3_reg_1038     |   1|   0|    1|          0|
    |p_a_1_reg_956          |  32|   0|   32|          0|
    |p_a_2_reg_962          |  32|   0|   32|          0|
    |p_a_3_reg_968          |  32|   0|   32|          0|
    |p_a_4_reg_974          |  32|   0|   32|          0|
    |p_a_5_reg_980          |  32|   0|   32|          0|
    |p_a_reg_950            |  32|   0|   32|          0|
    |p_x_int_reg            |  32|   0|   32|          0|
    |p_x_read_reg_943       |  32|   0|   32|          0|
    |p_y_int_reg            |  32|   0|   32|          0|
    |p_y_read_reg_936       |  32|   0|   32|          0|
    |p_z_int_reg            |  32|   0|   32|          0|
    |p_z_read_reg_929       |  32|   0|   32|          0|
    |p_x_read_reg_943       |  64|  32|   32|          0|
    |p_y_read_reg_936       |  64|  32|   32|          0|
    |p_z_read_reg_929       |  64|  32|   32|          0|
    +-----------------------+----+----+-----+-----------+
    |Total                  | 977|  96|  881|          0|
    +-----------------------+----+----+-----+-----------+



================================================================
== Interface
================================================================
* Summary: 
+-----------+-----+-----+------------+----------------+--------------+
| RTL Ports | Dir | Bits|  Protocol  |  Source Object |    C Type    |
+-----------+-----+-----+------------+----------------+--------------+
|ap_clk     |  in |    1| ap_ctrl_hs | pointOnSegment | return value |
|ap_rst     |  in |    1| ap_ctrl_hs | pointOnSegment | return value |
|ap_return  | out |    1| ap_ctrl_hs | pointOnSegment | return value |
|ap_ce      |  in |    1| ap_ctrl_hs | pointOnSegment | return value |
|p_x        |  in |   32|   ap_none  |       p_x      |    scalar    |
|p_y        |  in |   32|   ap_none  |       p_y      |    scalar    |
|p_z        |  in |   32|   ap_none  |       p_z      |    scalar    |
|e_p1_x     |  in |   32|   ap_none  |     e_p1_x     |    scalar    |
|e_p1_y     |  in |   32|   ap_none  |     e_p1_y     |    scalar    |
|e_p1_z     |  in |   32|   ap_none  |     e_p1_z     |    scalar    |
|e_p2_x     |  in |   32|   ap_none  |     e_p2_x     |    scalar    |
|e_p2_y     |  in |   32|   ap_none  |     e_p2_y     |    scalar    |
|e_p2_z     |  in |   32|   ap_none  |     e_p2_z     |    scalar    |
+-----------+-----+-----+------------+----------------+--------------+

