

================================================================
== Vivado HLS Report for 'honeybee'
================================================================
* Date:           Wed Mar 25 00:23:49 2020

* Version:        2019.2 (Build 2704478 on Wed Nov 06 22:10:23 MST 2019)
* Project:        HoneyBee-B
* Solution:       solution3
* Product family: zynq
* Target device:  xc7z020-clg484-1


================================================================
== Performance Estimates
================================================================
+ Timing: 
    * Summary: 
    +--------+----------+----------+------------+
    |  Clock |  Target  | Estimated| Uncertainty|
    +--------+----------+----------+------------+
    |ap_clk  | 10.00 ns | 9.921 ns |   1.25 ns  |
    +--------+----------+----------+------------+

+ Latency: 
    * Summary: 
    +---------+---------+----------+----------+-----+-----+---------+
    |  Latency (cycles) |  Latency (absolute) |  Interval | Pipeline|
    |   min   |   max   |    min   |    max   | min | max |   Type  |
    +---------+---------+----------+----------+-----+-----+---------+
    |      167|      865| 1.670 us | 8.650 us |  167|  865|   none  |
    +---------+---------+----------+----------+-----+-----+---------+

    + Detail: 
        * Instance: 
        +---------------------------------+----------------------+---------+---------+----------+----------+-----+-----+---------+
        |                                 |                      |  Latency (cycles) |  Latency (absolute) |  Interval | Pipeline|
        |             Instance            |        Module        |   min   |   max   |    min   |    max   | min | max |   Type  |
        +---------------------------------+----------------------+---------+---------+----------+----------+-----+-----+---------+
        |grp_segmentIntersectsGri_fu_133  |segmentIntersectsGri  |       75|      424| 0.750 us | 4.240 us |   75|  424|   none  |
        |grp_segmentIntersectsGri_fu_148  |segmentIntersectsGri  |       75|      424| 0.750 us | 4.240 us |   75|  424|   none  |
        |grp_segmentIntersectsGri_fu_163  |segmentIntersectsGri  |       75|      424| 0.750 us | 4.240 us |   75|  424|   none  |
        |grp_segmentIntersectsGri_fu_178  |segmentIntersectsGri  |       75|      424| 0.750 us | 4.240 us |   75|  424|   none  |
        +---------------------------------+----------------------+---------+---------+----------+----------+-----+-----+---------+

        * Loop: 
        +----------+---------+---------+----------+-----------+-----------+------+----------+
        |          |  Latency (cycles) | Iteration|  Initiation Interval  | Trip |          |
        | Loop Name|   min   |   max   |  Latency |  achieved |   target  | Count| Pipelined|
        +----------+---------+---------+----------+-----------+-----------+------+----------+
        |- Loop 1  |      166|      864| 83 ~ 432 |          -|          -|     2|    no    |
        +----------+---------+---------+----------+-----------+-----------+------+----------+



================================================================
== Utilization Estimates
================================================================
* Summary: 
+-----------------+---------+-------+--------+-------+-----+
|       Name      | BRAM_18K| DSP48E|   FF   |  LUT  | URAM|
+-----------------+---------+-------+--------+-------+-----+
|DSP              |        -|      -|       -|      -|    -|
|Expression       |        -|      -|       0|    170|    -|
|FIFO             |        -|      -|       -|      -|    -|
|Instance         |        -|    136|   22692|  51482|    -|
|Memory           |        -|      -|       -|      -|    -|
|Multiplexer      |        -|      -|       -|     74|    -|
|Register         |        -|      -|      61|      -|    -|
+-----------------+---------+-------+--------+-------+-----+
|Total            |        0|    136|   22753|  51726|    0|
+-----------------+---------+-------+--------+-------+-----+
|Available        |      280|    220|  106400|  53200|    0|
+-----------------+---------+-------+--------+-------+-----+
|Utilization (%)  |        0|     61|      21|     97|    0|
+-----------------+---------+-------+--------+-------+-----+

+ Detail: 
    * Instance: 
    +---------------------------------+----------------------+---------+-------+------+-------+-----+
    |             Instance            |        Module        | BRAM_18K| DSP48E|  FF  |  LUT  | URAM|
    +---------------------------------+----------------------+---------+-------+------+-------+-----+
    |honeybee_sitofp_3hbi_U56         |honeybee_sitofp_3hbi  |        0|      0|   340|    554|    0|
    |grp_segmentIntersectsGri_fu_133  |segmentIntersectsGri  |        0|     34|  5588|  12732|    0|
    |grp_segmentIntersectsGri_fu_148  |segmentIntersectsGri  |        0|     34|  5588|  12732|    0|
    |grp_segmentIntersectsGri_fu_163  |segmentIntersectsGri  |        0|     34|  5588|  12732|    0|
    |grp_segmentIntersectsGri_fu_178  |segmentIntersectsGri  |        0|     34|  5588|  12732|    0|
    +---------------------------------+----------------------+---------+-------+------+-------+-----+
    |Total                            |                      |        0|    136| 22692|  51482|    0|
    +---------------------------------+----------------------+---------+-------+------+-------+-----+

    * DSP48E: 
    N/A

    * Memory: 
    N/A

    * FIFO: 
    N/A

    * Expression: 
    +---------------------------------+----------+-------+---+----+------------+------------+
    |          Variable Name          | Operation| DSP48E| FF| LUT| Bitwidth P0| Bitwidth P1|
    +---------------------------------+----------+-------+---+----+------------+------------+
    |b_fu_213_p2                      |     +    |      0|  0|  13|           3|           4|
    |k_fu_207_p2                      |     +    |      0|  0|  10|           2|           1|
    |icmp_ln152_fu_201_p2             |   icmp   |      0|  0|   9|           2|           3|
    |ap_block_state9_on_subcall_done  |    or    |      0|  0|   2|           1|           1|
    |or_ln158_1_fu_341_p2             |    or    |      0|  0|   8|           8|           8|
    |or_ln158_2_fu_347_p2             |    or    |      0|  0|   8|           8|           8|
    |or_ln158_3_fu_353_p2             |    or    |      0|  0|   8|           8|           8|
    |or_ln158_fu_317_p2               |    or    |      0|  0|   5|           5|           5|
    |or_ln161_1_fu_251_p2             |    or    |      0|  0|   3|           3|           1|
    |or_ln161_2_fu_289_p2             |    or    |      0|  0|   3|           3|           2|
    |or_ln161_fu_223_p2               |    or    |      0|  0|   3|           3|           2|
    |select_ln158_1_fu_267_p3         |  select  |      0|  0|   8|           1|           8|
    |select_ln158_2_fu_281_p3         |  select  |      0|  0|   8|           1|           8|
    |select_ln158_3_fu_305_p3         |  select  |      0|  0|   8|           1|           8|
    |select_ln158_fu_243_p3           |  select  |      0|  0|   5|           1|           5|
    |shl_ln159_1_fu_261_p2            |    shl   |      0|  0|  19|           1|           8|
    |shl_ln159_2_fu_275_p2            |    shl   |      0|  0|  19|           1|           8|
    |shl_ln159_3_fu_299_p2            |    shl   |      0|  0|  19|           1|           8|
    |shl_ln159_fu_237_p2              |    shl   |      0|  0|  12|           1|           5|
    +---------------------------------+----------+-------+---+----+------------+------------+
    |Total                            |          |      0|  0| 170|          54|         101|
    +---------------------------------+----------+-------+---+----+------------+------------+

    * Multiplexer: 
    +----------------------+----+-----------+-----+-----------+
    |         Name         | LUT| Input Size| Bits| Total Bits|
    +----------------------+----+-----------+-----+-----------+
    |ap_NS_fsm             |  47|         10|    1|         10|
    |b_0_reg_109           |   9|          2|    4|          8|
    |collisions_0_reg_121  |   9|          2|    8|         16|
    |k_0_reg_98            |   9|          2|    2|          4|
    +----------------------+----+-----------+-----+-----------+
    |Total                 |  74|         16|   15|         38|
    +----------------------+----+-----------+-----+-----------+

    * Register: 
    +----------------------------------------------+----+----+-----+-----------+
    |                     Name                     | FF | LUT| Bits| Const Bits|
    +----------------------------------------------+----+----+-----+-----------+
    |ap_CS_fsm                                     |   9|   0|    9|          0|
    |b_0_reg_109                                   |   4|   0|    4|          0|
    |collisions_0_reg_121                          |   8|   0|    8|          0|
    |grid_z_reg_420                                |  32|   0|   32|          0|
    |grp_segmentIntersectsGri_fu_133_ap_start_reg  |   1|   0|    1|          0|
    |grp_segmentIntersectsGri_fu_148_ap_start_reg  |   1|   0|    1|          0|
    |grp_segmentIntersectsGri_fu_163_ap_start_reg  |   1|   0|    1|          0|
    |grp_segmentIntersectsGri_fu_178_ap_start_reg  |   1|   0|    1|          0|
    |k_0_reg_98                                    |   2|   0|    2|          0|
    |k_reg_415                                     |   2|   0|    2|          0|
    +----------------------------------------------+----+----+-----+-----------+
    |Total                                         |  61|   0|   61|          0|
    +----------------------------------------------+----+----+-----+-----------+



================================================================
== Interface
================================================================
* Summary: 
+-----------+-----+-----+------------+--------------+--------------+
| RTL Ports | Dir | Bits|  Protocol  | Source Object|    C Type    |
+-----------+-----+-----+------------+--------------+--------------+
|ap_clk     |  in |    1| ap_ctrl_hs |   honeybee   | return value |
|ap_rst     |  in |    1| ap_ctrl_hs |   honeybee   | return value |
|ap_start   |  in |    1| ap_ctrl_hs |   honeybee   | return value |
|ap_done    | out |    1| ap_ctrl_hs |   honeybee   | return value |
|ap_idle    | out |    1| ap_ctrl_hs |   honeybee   | return value |
|ap_ready   | out |    1| ap_ctrl_hs |   honeybee   | return value |
|ap_return  | out |    8| ap_ctrl_hs |   honeybee   | return value |
|edge_p1_x  |  in |   32|   ap_none  |   edge_p1_x  |    scalar    |
|edge_p1_y  |  in |   32|   ap_none  |   edge_p1_y  |    scalar    |
|edge_p1_z  |  in |   32|   ap_none  |   edge_p1_z  |    scalar    |
|edge_p2_x  |  in |   32|   ap_none  |   edge_p2_x  |    scalar    |
|edge_p2_y  |  in |   32|   ap_none  |   edge_p2_y  |    scalar    |
|edge_p2_z  |  in |   32|   ap_none  |   edge_p2_z  |    scalar    |
+-----------+-----+-----+------------+--------------+--------------+

