

================================================================
== Vivado HLS Report for 'lineIntersectGrid'
================================================================
* Date:           Thu Mar 19 15:54:29 2020

* Version:        2019.2 (Build 2704478 on Wed Nov 06 22:10:23 MST 2019)
* Project:        HoneyBee-B
* Solution:       solution3
* Product family: zynq
* Target device:  xc7z020-clg484-1


================================================================
== Performance Estimates
================================================================
+ Timing: 
    * Summary: 
    +--------+----------+----------+------------+
    |  Clock |  Target  | Estimated| Uncertainty|
    +--------+----------+----------+------------+
    |ap_clk  | 10.00 ns | 7.387 ns |   1.25 ns  |
    +--------+----------+----------+------------+

+ Latency: 
    * Summary: 
    +---------+---------+----------+----------+-----+-----+---------+
    |  Latency (cycles) |  Latency (absolute) |  Interval | Pipeline|
    |   min   |   max   |    min   |    max   | min | max |   Type  |
    +---------+---------+----------+----------+-----+-----+---------+
    |       29|       29| 0.290 us | 0.290 us |   29|   29|   none  |
    +---------+---------+----------+----------+-----+-----+---------+

    + Detail: 
        * Instance: 
        N/A

        * Loop: 
        N/A



================================================================
== Utilization Estimates
================================================================
* Summary: 
+-----------------+---------+-------+--------+-------+-----+
|       Name      | BRAM_18K| DSP48E|   FF   |  LUT  | URAM|
+-----------------+---------+-------+--------+-------+-----+
|DSP              |        -|      -|       -|      -|    -|
|Expression       |        -|      -|       0|    468|    -|
|FIFO             |        -|      -|       -|      -|    -|
|Instance         |        -|     12|    3711|   6039|    -|
|Memory           |        -|      -|       -|      -|    -|
|Multiplexer      |        -|      -|       -|    405|    -|
|Register         |        -|      -|     483|      -|    -|
+-----------------+---------+-------+--------+-------+-----+
|Total            |        0|     12|    4194|   6912|    0|
+-----------------+---------+-------+--------+-------+-----+
|Available        |      280|    220|  106400|  53200|    0|
+-----------------+---------+-------+--------+-------+-----+
|Utilization (%)  |        0|      5|       3|     12|    0|
+-----------------+---------+-------+--------+-------+-----+

+ Detail: 
    * Instance: 
    +--------------------------+----------------------+---------+-------+-----+-----+-----+
    |         Instance         |        Module        | BRAM_18K| DSP48E|  FF | LUT | URAM|
    +--------------------------+----------------------+---------+-------+-----+-----+-----+
    |honeybee_faddfsubbkb_U1   |honeybee_faddfsubbkb  |        0|      2|  205|  390|    0|
    |honeybee_faddfsubbkb_U2   |honeybee_faddfsubbkb  |        0|      2|  205|  390|    0|
    |honeybee_faddfsubbkb_U3   |honeybee_faddfsubbkb  |        0|      2|  205|  390|    0|
    |honeybee_fcmp_32neOg_U10  |honeybee_fcmp_32neOg  |        0|      0|   66|  239|    0|
    |honeybee_fcmp_32neOg_U11  |honeybee_fcmp_32neOg  |        0|      0|   66|  239|    0|
    |honeybee_fcmp_32neOg_U12  |honeybee_fcmp_32neOg  |        0|      0|   66|  239|    0|
    |honeybee_fdiv_32ndEe_U7   |honeybee_fdiv_32ndEe  |        0|      0|  761|  994|    0|
    |honeybee_fdiv_32ndEe_U8   |honeybee_fdiv_32ndEe  |        0|      0|  761|  994|    0|
    |honeybee_fdiv_32ndEe_U9   |honeybee_fdiv_32ndEe  |        0|      0|  761|  994|    0|
    |honeybee_fsub_32ncud_U4   |honeybee_fsub_32ncud  |        0|      2|  205|  390|    0|
    |honeybee_fsub_32ncud_U5   |honeybee_fsub_32ncud  |        0|      2|  205|  390|    0|
    |honeybee_fsub_32ncud_U6   |honeybee_fsub_32ncud  |        0|      2|  205|  390|    0|
    +--------------------------+----------------------+---------+-------+-----+-----+-----+
    |Total                     |                      |        0|     12| 3711| 6039|    0|
    +--------------------------+----------------------+---------+-------+-----+-----+-----+

    * DSP48E: 
    N/A

    * Memory: 
    N/A

    * FIFO: 
    N/A

    * Expression: 
    +-----------------------+----------+-------+---+----+------------+------------+
    |     Variable Name     | Operation| DSP48E| FF| LUT| Bitwidth P0| Bitwidth P1|
    +-----------------------+----------+-------+---+----+------------+------------+
    |and_ln27_1_fu_245_p2   |    and   |      0|  0|   2|           1|           1|
    |and_ln27_fu_239_p2     |    and   |      0|  0|   2|           1|           1|
    |and_ln29_1_fu_293_p2   |    and   |      0|  0|   2|           1|           1|
    |and_ln29_fu_287_p2     |    and   |      0|  0|   2|           1|           1|
    |and_ln32_1_fu_313_p2   |    and   |      0|  0|   2|           1|           1|
    |and_ln32_fu_307_p2     |    and   |      0|  0|   2|           1|           1|
    |and_ln39_1_fu_413_p2   |    and   |      0|  0|   2|           1|           1|
    |and_ln39_fu_407_p2     |    and   |      0|  0|   2|           1|           1|
    |and_ln41_1_fu_461_p2   |    and   |      0|  0|   2|           1|           1|
    |and_ln41_fu_455_p2     |    and   |      0|  0|   2|           1|           1|
    |and_ln44_1_fu_481_p2   |    and   |      0|  0|   2|           1|           1|
    |and_ln44_fu_475_p2     |    and   |      0|  0|   2|           1|           1|
    |and_ln62_1_fu_575_p2   |    and   |      0|  0|   2|           1|           1|
    |and_ln62_fu_569_p2     |    and   |      0|  0|   2|           1|           1|
    |icmp_ln27_1_fu_209_p2  |   icmp   |      0|  0|  18|          23|           1|
    |icmp_ln27_2_fu_221_p2  |   icmp   |      0|  0|  11|           8|           2|
    |icmp_ln27_3_fu_227_p2  |   icmp   |      0|  0|  18|          23|           1|
    |icmp_ln27_fu_203_p2    |   icmp   |      0|  0|  11|           8|           2|
    |icmp_ln29_1_fu_275_p2  |   icmp   |      0|  0|  18|          23|           1|
    |icmp_ln29_fu_269_p2    |   icmp   |      0|  0|  11|           8|           2|
    |icmp_ln39_1_fu_377_p2  |   icmp   |      0|  0|  18|          23|           1|
    |icmp_ln39_2_fu_389_p2  |   icmp   |      0|  0|  11|           8|           2|
    |icmp_ln39_3_fu_395_p2  |   icmp   |      0|  0|  18|          23|           1|
    |icmp_ln39_fu_371_p2    |   icmp   |      0|  0|  11|           8|           2|
    |icmp_ln41_1_fu_443_p2  |   icmp   |      0|  0|  18|          23|           1|
    |icmp_ln41_fu_437_p2    |   icmp   |      0|  0|  11|           8|           2|
    |icmp_ln62_1_fu_543_p2  |   icmp   |      0|  0|  18|          23|           1|
    |icmp_ln62_2_fu_549_p2  |   icmp   |      0|  0|  11|           8|           2|
    |icmp_ln62_3_fu_555_p2  |   icmp   |      0|  0|  18|          23|           1|
    |icmp_ln62_fu_537_p2    |   icmp   |      0|  0|  11|           8|           2|
    |or_ln27_1_fu_233_p2    |    or    |      0|  0|   2|           1|           1|
    |or_ln27_fu_215_p2      |    or    |      0|  0|   2|           1|           1|
    |or_ln29_fu_281_p2      |    or    |      0|  0|   2|           1|           1|
    |or_ln39_1_fu_401_p2    |    or    |      0|  0|   2|           1|           1|
    |or_ln39_fu_383_p2      |    or    |      0|  0|   2|           1|           1|
    |or_ln41_fu_449_p2      |    or    |      0|  0|   2|           1|           1|
    |or_ln62_1_fu_565_p2    |    or    |      0|  0|   2|           1|           1|
    |or_ln62_fu_561_p2      |    or    |      0|  0|   2|           1|           1|
    |max_4_fu_299_p3        |  select  |      0|  0|  32|           1|          32|
    |max_6_fu_319_p3        |  select  |      0|  0|  32|           1|          32|
    |max_fu_327_p3          |  select  |      0|  0|  32|           1|          32|
    |min_2_fu_467_p3        |  select  |      0|  0|  32|           1|          32|
    |min_4_fu_487_p3        |  select  |      0|  0|  32|           1|          32|
    |min_7_fu_495_p3        |  select  |      0|  0|  32|           1|          32|
    +-----------------------+----------+-------+---+----+------------+------------+
    |Total                  |          |      0|  0| 468|         276|         238|
    +-----------------------+----------+-------+---+----+------------+------------+

    * Multiplexer: 
    +-------------------+-----+-----------+-----+-----------+
    |        Name       | LUT | Input Size| Bits| Total Bits|
    +-------------------+-----+-----------+-----+-----------+
    |ap_NS_fsm          |  141|         31|    1|         31|
    |ap_return          |    9|          2|    1|          2|
    |grp_fu_125_p0      |   15|          3|   32|         96|
    |grp_fu_129_p0      |   15|          3|   32|         96|
    |grp_fu_133_p0      |   15|          3|   32|         96|
    |grp_fu_137_opcode  |   15|          3|    5|         15|
    |grp_fu_137_p0      |   15|          3|   32|         96|
    |grp_fu_137_p1      |   15|          3|   32|         96|
    |grp_fu_141_opcode  |   15|          3|    5|         15|
    |grp_fu_145_opcode  |   15|          3|    5|         15|
    |grp_fu_86_opcode   |   15|          3|    2|          6|
    |grp_fu_86_p0       |   15|          3|   32|         96|
    |grp_fu_86_p1       |   15|          3|   32|         96|
    |grp_fu_92_opcode   |   15|          3|    2|          6|
    |grp_fu_92_p0       |   15|          3|   32|         96|
    |grp_fu_92_p1       |   15|          3|   32|         96|
    |grp_fu_98_opcode   |   15|          3|    2|          6|
    |grp_fu_98_p0       |   15|          3|   32|         96|
    |grp_fu_98_p1       |   15|          3|   32|         96|
    +-------------------+-----+-----------+-----+-----------+
    |Total              |  405|         84|  375|       1152|
    +-------------------+-----+-----------+-----+-----------+

    * Register: 
    +---------------------+----+----+-----+-----------+
    |         Name        | FF | LUT| Bits| Const Bits|
    +---------------------+----+----+-----+-----------+
    |ap_CS_fsm            |  30|   0|   30|          0|
    |ap_return_preg       |   1|   0|    1|          0|
    |icmp_ln62_1_reg_694  |   1|   0|    1|          0|
    |icmp_ln62_2_reg_699  |   1|   0|    1|          0|
    |icmp_ln62_3_reg_704  |   1|   0|    1|          0|
    |icmp_ln62_reg_689    |   1|   0|    1|          0|
    |max_reg_677          |  32|   0|   32|          0|
    |min_7_reg_683        |  32|   0|   32|          0|
    |reg_149              |  32|   0|   32|          0|
    |reg_155              |  32|   0|   32|          0|
    |reg_161              |  32|   0|   32|          0|
    |tmp_1_i3_reg_646     |  32|   0|   32|          0|
    |tmp_1_i7_reg_657     |  32|   0|   32|          0|
    |tmp_1_i_reg_635      |  32|   0|   32|          0|
    |tmp_i1_reg_640       |  32|   0|   32|          0|
    |tmp_i2_reg_667       |  32|   0|   32|          0|
    |tmp_i5_reg_651       |  32|   0|   32|          0|
    |tmp_i6_reg_672       |  32|   0|   32|          0|
    |tmp_i_4_reg_662      |  32|   0|   32|          0|
    |tmp_i_reg_629        |  32|   0|   32|          0|
    +---------------------+----+----+-----+-----------+
    |Total                | 483|   0|  483|          0|
    +---------------------+----+----+-----+-----------+



================================================================
== Interface
================================================================
* Summary: 
+-----------+-----+-----+------------+-------------------+--------------+
| RTL Ports | Dir | Bits|  Protocol  |   Source Object   |    C Type    |
+-----------+-----+-----+------------+-------------------+--------------+
|ap_clk     |  in |    1| ap_ctrl_hs | lineIntersectGrid | return value |
|ap_rst     |  in |    1| ap_ctrl_hs | lineIntersectGrid | return value |
|ap_start   |  in |    1| ap_ctrl_hs | lineIntersectGrid | return value |
|ap_done    | out |    1| ap_ctrl_hs | lineIntersectGrid | return value |
|ap_idle    | out |    1| ap_ctrl_hs | lineIntersectGrid | return value |
|ap_ready   | out |    1| ap_ctrl_hs | lineIntersectGrid | return value |
|ap_return  | out |    1| ap_ctrl_hs | lineIntersectGrid | return value |
|grid_x     |  in |   32|   ap_none  |       grid_x      |    scalar    |
|grid_y     |  in |   32|   ap_none  |       grid_y      |    scalar    |
|grid_z     |  in |   32|   ap_none  |       grid_z      |    scalar    |
|edge_p1_x  |  in |   32|   ap_none  |     edge_p1_x     |    scalar    |
|edge_p1_y  |  in |   32|   ap_none  |     edge_p1_y     |    scalar    |
|edge_p1_z  |  in |   32|   ap_none  |     edge_p1_z     |    scalar    |
|edge_p2_x  |  in |   32|   ap_none  |     edge_p2_x     |    scalar    |
|edge_p2_y  |  in |   32|   ap_none  |     edge_p2_y     |    scalar    |
|edge_p2_z  |  in |   32|   ap_none  |     edge_p2_z     |    scalar    |
+-----------+-----+-----+------------+-------------------+--------------+

